00:24:36,812 WARN  eu.stratosphere.nephele.configuration.GlobalConfiguration     - Cannot load configuration: unknown element plugins
00:24:36,849 INFO  eu.stratosphere.nephele.taskmanager.TaskManager               - Reading location of job manager from configuration
00:24:36,858 INFO  eu.stratosphere.nephele.taskmanager.TaskManager               - Determined address of job manager to be cloud-11.dima.tu-berlin.de/130.149.21.15:6002
00:24:36,866 INFO  eu.stratosphere.nephele.taskmanager.TaskManager               - Announcing connection information cloud-25 to job manager
00:24:36,931 INFO  eu.stratosphere.nephele.ipc.Server                            - IPC Server Responder: starting
00:24:36,931 INFO  eu.stratosphere.nephele.ipc.Server                            - IPC Server listener on 6122: starting
00:24:36,932 INFO  eu.stratosphere.nephele.ipc.Server                            - IPC Server handler 0 on 6122: starting
00:24:38,071 INFO  eu.stratosphere.nephele.taskmanager.bufferprovider.GlobalBufferPool  - Initialized global buffer pool with 32768 buffers with a size 32768 bytes each
00:24:38,091 INFO  eu.stratosphere.nephele.taskmanager.bytebuffered.ByteBufferedChannelManager  - Initialized byte buffered channel manager with sender-side spilling disabled
00:24:38,100 INFO  eu.stratosphere.nephele.instance.HardwareDescriptionFactory   - Found Tenured Gen pool (max: 24051843072, used: 0)
00:24:38,100 INFO  eu.stratosphere.nephele.taskmanager.TaskManager               - Initializing memory manager with 22528 megabytes of memory
00:25:07,413 INFO  eu.stratosphere.nephele.execution.ExecutionStateTransition    - TM: ExecutionState set from STARTING to RUNNING for task Orders (81/120)
00:25:07,415 INFO  eu.stratosphere.nephele.execution.ExecutionStateTransition    - TM: ExecutionState set from STARTING to RUNNING for task Customers (85/120)
00:25:07,415 INFO  eu.stratosphere.nephele.execution.ExecutionStateTransition    - TM: ExecutionState set from STARTING to RUNNING for task Customers (86/120)
00:25:07,417 INFO  eu.stratosphere.nephele.execution.ExecutionStateTransition    - TM: ExecutionState set from STARTING to RUNNING for task Customers (88/120)
00:25:07,418 INFO  eu.stratosphere.nephele.execution.ExecutionStateTransition    - TM: ExecutionState set from STARTING to RUNNING for task LineItems (82/120)
00:25:07,415 INFO  eu.stratosphere.nephele.execution.ExecutionStateTransition    - TM: ExecutionState set from STARTING to RUNNING for task Customers (84/120)
00:25:07,413 INFO  eu.stratosphere.nephele.execution.ExecutionStateTransition    - TM: ExecutionState set from STARTING to RUNNING for task Orders (88/120)
00:25:07,421 INFO  eu.stratosphere.nephele.execution.ExecutionStateTransition    - TM: ExecutionState set from STARTING to RUNNING for task LineItems (88/120)
00:25:07,413 INFO  eu.stratosphere.nephele.execution.ExecutionStateTransition    - TM: ExecutionState set from STARTING to RUNNING for task Orders (84/120)
00:25:07,413 INFO  eu.stratosphere.nephele.execution.ExecutionStateTransition    - TM: ExecutionState set from STARTING to RUNNING for task Orders (82/120)
00:25:07,413 INFO  eu.stratosphere.nephele.execution.ExecutionStateTransition    - TM: ExecutionState set from STARTING to RUNNING for task Customers (82/120)
00:25:07,414 INFO  eu.stratosphere.nephele.execution.ExecutionStateTransition    - TM: ExecutionState set from STARTING to RUNNING for task Customers (83/120)
00:25:07,413 INFO  eu.stratosphere.nephele.execution.ExecutionStateTransition    - TM: ExecutionState set from STARTING to RUNNING for task Customers (81/120)
00:25:07,413 INFO  eu.stratosphere.nephele.execution.ExecutionStateTransition    - TM: ExecutionState set from STARTING to RUNNING for task Orders (87/120)
00:25:07,413 INFO  eu.stratosphere.nephele.execution.ExecutionStateTransition    - TM: ExecutionState set from STARTING to RUNNING for task Orders (83/120)
00:25:07,413 INFO  eu.stratosphere.nephele.execution.ExecutionStateTransition    - TM: ExecutionState set from STARTING to RUNNING for task Orders (85/120)
00:25:07,413 INFO  eu.stratosphere.nephele.execution.ExecutionStateTransition    - TM: ExecutionState set from STARTING to RUNNING for task Orders (86/120)
00:25:07,425 INFO  eu.stratosphere.pact.runtime.task.DataSourceTask              - Start PACT code: Customers (82/120)
00:25:07,427 INFO  eu.stratosphere.pact.runtime.task.DataSourceTask              - Start PACT code: Orders (82/120)
00:25:07,424 INFO  eu.stratosphere.pact.runtime.task.DataSourceTask              - Start PACT code: Customers (86/120)
00:25:07,423 INFO  eu.stratosphere.pact.runtime.task.DataSourceTask              - Start PACT code: Customers (88/120)
00:25:07,420 INFO  eu.stratosphere.nephele.execution.ExecutionStateTransition    - TM: ExecutionState set from STARTING to RUNNING for task LineItems (87/120)
00:25:07,420 INFO  eu.stratosphere.nephele.execution.ExecutionStateTransition    - TM: ExecutionState set from STARTING to RUNNING for task LineItems (86/120)
00:25:07,420 INFO  eu.stratosphere.pact.runtime.task.DataSourceTask              - Start PACT code: LineItems (82/120)
00:25:07,430 INFO  eu.stratosphere.pact.runtime.task.RegularPactTask             - Start PACT code: FilterL (82/120)
00:25:07,420 INFO  eu.stratosphere.nephele.execution.ExecutionStateTransition    - TM: ExecutionState set from STARTING to RUNNING for task LineItems (85/120)
00:25:07,419 INFO  eu.stratosphere.nephele.execution.ExecutionStateTransition    - TM: ExecutionState set from STARTING to RUNNING for task LineItems (84/120)
00:25:07,419 INFO  eu.stratosphere.pact.runtime.task.DataSourceTask              - Start PACT code: Customers (85/120)
00:25:07,418 INFO  eu.stratosphere.nephele.execution.ExecutionStateTransition    - TM: ExecutionState set from STARTING to RUNNING for task LineItems (83/120)
00:25:07,418 INFO  eu.stratosphere.nephele.execution.ExecutionStateTransition    - TM: ExecutionState set from STARTING to RUNNING for task LineItems (81/120)
00:25:07,417 INFO  eu.stratosphere.pact.runtime.task.DataSourceTask              - Start PACT code: Orders (81/120)
00:25:07,416 INFO  eu.stratosphere.nephele.execution.ExecutionStateTransition    - TM: ExecutionState set from STARTING to RUNNING for task Customers (87/120)
00:25:07,434 INFO  eu.stratosphere.pact.runtime.task.RegularPactTask             - Start PACT code: FilterO (81/120)
00:25:07,433 INFO  eu.stratosphere.pact.runtime.task.DataSourceTask              - Start PACT code: Customers (84/120)
00:25:07,433 INFO  eu.stratosphere.pact.runtime.task.RegularPactTask             - Start PACT code: FilterC (85/120)
00:25:07,431 INFO  eu.stratosphere.pact.runtime.task.DataSourceTask              - Start PACT code: Orders (88/120)
00:25:07,436 INFO  eu.stratosphere.pact.runtime.task.RegularPactTask             - Start PACT code: FilterO (88/120)
00:25:07,430 INFO  eu.stratosphere.pact.runtime.task.DataSourceTask              - Start PACT code: LineItems (88/120)
00:25:07,429 INFO  eu.stratosphere.pact.runtime.task.RegularPactTask             - Start PACT code: FilterC (88/120)
00:25:07,428 INFO  eu.stratosphere.pact.runtime.task.DataSourceTask              - Start PACT code: Orders (84/120)
00:25:07,428 INFO  eu.stratosphere.pact.runtime.task.RegularPactTask             - Start PACT code: FilterC (86/120)
00:25:07,428 INFO  eu.stratosphere.pact.runtime.task.RegularPactTask             - Start PACT code: FilterO (82/120)
00:25:07,427 INFO  eu.stratosphere.pact.runtime.task.RegularPactTask             - Start PACT code: FilterC (82/120)
00:25:07,439 INFO  eu.stratosphere.pact.runtime.task.DataSourceTask              - Start PACT code: LineItems (85/120)
00:25:07,439 INFO  eu.stratosphere.pact.runtime.task.RegularPactTask             - Start PACT code: FilterO (84/120)
00:25:07,437 INFO  eu.stratosphere.pact.runtime.task.DataSourceTask              - Start PACT code: LineItems (84/120)
00:25:07,437 INFO  eu.stratosphere.pact.runtime.task.RegularPactTask             - Start PACT code: FilterL (88/120)
00:25:07,436 INFO  eu.stratosphere.pact.runtime.task.RegularPactTask             - Start PACT code: FilterC (84/120)
00:25:07,435 INFO  eu.stratosphere.pact.runtime.task.DataSourceTask              - Start PACT code: LineItems (83/120)
00:25:07,442 INFO  eu.stratosphere.pact.runtime.task.DataSourceTask              - Start PACT code: LineItems (87/120)
00:25:07,442 INFO  eu.stratosphere.pact.runtime.task.RegularPactTask             - Start PACT code: FilterL (84/120)
00:25:07,440 INFO  eu.stratosphere.pact.runtime.task.RegularPactTask             - Start PACT code: FilterL (85/120)
00:25:07,440 INFO  eu.stratosphere.pact.runtime.task.DataSourceTask              - Start PACT code: LineItems (86/120)
00:25:07,444 INFO  eu.stratosphere.pact.runtime.task.DataSourceTask              - Start PACT code: Orders (86/120)
00:25:07,444 INFO  eu.stratosphere.pact.runtime.task.RegularPactTask             - Start PACT code: FilterL (87/120)
00:25:07,443 INFO  eu.stratosphere.pact.runtime.task.RegularPactTask             - Start PACT code: FilterL (83/120)
00:25:07,446 INFO  eu.stratosphere.pact.runtime.task.RegularPactTask             - Start PACT code: FilterO (86/120)
00:25:07,446 INFO  eu.stratosphere.pact.runtime.task.DataSourceTask              - Start PACT code: Orders (85/120)
00:25:07,446 INFO  eu.stratosphere.pact.runtime.task.RegularPactTask             - Start PACT code: FilterL (86/120)
00:25:07,448 INFO  eu.stratosphere.pact.runtime.task.DataSourceTask              - Start PACT code: Orders (83/120)
00:25:07,448 INFO  eu.stratosphere.pact.runtime.task.RegularPactTask             - Start PACT code: FilterO (85/120)
00:25:07,449 INFO  eu.stratosphere.pact.runtime.task.RegularPactTask             - Start PACT code: FilterO (83/120)
00:25:07,450 INFO  eu.stratosphere.pact.runtime.task.DataSourceTask              - Start PACT code: Orders (87/120)
00:25:07,451 INFO  eu.stratosphere.pact.runtime.task.RegularPactTask             - Start PACT code: FilterO (87/120)
00:25:07,452 INFO  eu.stratosphere.pact.runtime.task.DataSourceTask              - Start PACT code: Customers (81/120)
00:25:07,452 INFO  eu.stratosphere.pact.runtime.task.RegularPactTask             - Start PACT code: FilterC (81/120)
00:25:07,455 INFO  eu.stratosphere.pact.runtime.task.DataSourceTask              - Start PACT code: Customers (83/120)
00:25:07,455 INFO  eu.stratosphere.pact.runtime.task.RegularPactTask             - Start PACT code: FilterC (83/120)
00:25:07,456 INFO  eu.stratosphere.pact.runtime.task.DataSourceTask              - Start PACT code: Customers (87/120)
00:25:07,457 INFO  eu.stratosphere.pact.runtime.task.RegularPactTask             - Start PACT code: FilterC (87/120)
00:25:07,458 INFO  eu.stratosphere.pact.runtime.task.DataSourceTask              - Start PACT code: LineItems (81/120)
00:25:07,458 INFO  eu.stratosphere.pact.runtime.task.RegularPactTask             - Start PACT code: FilterL (81/120)
