00:24:35,491 WARN  eu.stratosphere.nephele.configuration.GlobalConfiguration     - Cannot load configuration: unknown element plugins
00:24:35,528 INFO  eu.stratosphere.nephele.taskmanager.TaskManager               - Reading location of job manager from configuration
00:24:35,538 INFO  eu.stratosphere.nephele.taskmanager.TaskManager               - Determined address of job manager to be cloud-11.dima.tu-berlin.de/130.149.21.15:6002
00:24:35,546 INFO  eu.stratosphere.nephele.taskmanager.TaskManager               - Announcing connection information cloud-19 to job manager
00:24:35,610 INFO  eu.stratosphere.nephele.ipc.Server                            - IPC Server listener on 6122: starting
00:24:35,610 INFO  eu.stratosphere.nephele.ipc.Server                            - IPC Server Responder: starting
00:24:35,611 INFO  eu.stratosphere.nephele.ipc.Server                            - IPC Server handler 0 on 6122: starting
00:24:36,734 INFO  eu.stratosphere.nephele.taskmanager.bufferprovider.GlobalBufferPool  - Initialized global buffer pool with 32768 buffers with a size 32768 bytes each
00:24:36,754 INFO  eu.stratosphere.nephele.taskmanager.bytebuffered.ByteBufferedChannelManager  - Initialized byte buffered channel manager with sender-side spilling disabled
00:24:36,763 INFO  eu.stratosphere.nephele.instance.HardwareDescriptionFactory   - Found Tenured Gen pool (max: 24051843072, used: 0)
00:24:36,763 INFO  eu.stratosphere.nephele.taskmanager.TaskManager               - Initializing memory manager with 22528 megabytes of memory
00:25:07,359 INFO  eu.stratosphere.nephele.execution.ExecutionStateTransition    - TM: ExecutionState set from STARTING to RUNNING for task Customers (9/120)
00:25:07,362 INFO  eu.stratosphere.nephele.execution.ExecutionStateTransition    - TM: ExecutionState set from STARTING to RUNNING for task Customers (14/120)
00:25:07,362 INFO  eu.stratosphere.nephele.execution.ExecutionStateTransition    - TM: ExecutionState set from STARTING to RUNNING for task Customers (13/120)
00:25:07,359 INFO  eu.stratosphere.nephele.execution.ExecutionStateTransition    - TM: ExecutionState set from STARTING to RUNNING for task Orders (15/120)
00:25:07,366 INFO  eu.stratosphere.nephele.execution.ExecutionStateTransition    - TM: ExecutionState set from STARTING to RUNNING for task LineItems (15/120)
00:25:07,359 INFO  eu.stratosphere.nephele.execution.ExecutionStateTransition    - TM: ExecutionState set from STARTING to RUNNING for task Orders (13/120)
00:25:07,359 INFO  eu.stratosphere.nephele.execution.ExecutionStateTransition    - TM: ExecutionState set from STARTING to RUNNING for task Orders (10/120)
00:25:07,360 INFO  eu.stratosphere.nephele.execution.ExecutionStateTransition    - TM: ExecutionState set from STARTING to RUNNING for task Customers (11/120)
00:25:07,359 INFO  eu.stratosphere.nephele.execution.ExecutionStateTransition    - TM: ExecutionState set from STARTING to RUNNING for task Orders (12/120)
00:25:07,359 INFO  eu.stratosphere.nephele.execution.ExecutionStateTransition    - TM: ExecutionState set from STARTING to RUNNING for task Orders (16/120)
00:25:07,359 INFO  eu.stratosphere.nephele.execution.ExecutionStateTransition    - TM: ExecutionState set from STARTING to RUNNING for task Orders (11/120)
00:25:07,359 INFO  eu.stratosphere.nephele.execution.ExecutionStateTransition    - TM: ExecutionState set from STARTING to RUNNING for task Orders (9/120)
00:25:07,359 INFO  eu.stratosphere.nephele.execution.ExecutionStateTransition    - TM: ExecutionState set from STARTING to RUNNING for task Orders (14/120)
00:25:07,359 INFO  eu.stratosphere.nephele.execution.ExecutionStateTransition    - TM: ExecutionState set from STARTING to RUNNING for task Customers (10/120)
00:25:07,371 INFO  eu.stratosphere.pact.runtime.task.DataSourceTask              - Start PACT code: Customers (11/120)
00:25:07,370 INFO  eu.stratosphere.pact.runtime.task.DataSourceTask              - Start PACT code: LineItems (15/120)
00:25:07,368 INFO  eu.stratosphere.pact.runtime.task.DataSourceTask              - Start PACT code: Orders (15/120)
00:25:07,367 INFO  eu.stratosphere.pact.runtime.task.DataSourceTask              - Start PACT code: Customers (9/120)
00:25:07,375 INFO  eu.stratosphere.pact.runtime.task.DataSourceTask              - Start PACT code: Customers (14/120)
00:25:07,366 INFO  eu.stratosphere.nephele.execution.ExecutionStateTransition    - TM: ExecutionState set from STARTING to RUNNING for task LineItems (16/120)
00:25:07,366 INFO  eu.stratosphere.nephele.execution.ExecutionStateTransition    - TM: ExecutionState set from STARTING to RUNNING for task LineItems (14/120)
00:25:07,365 INFO  eu.stratosphere.nephele.execution.ExecutionStateTransition    - TM: ExecutionState set from STARTING to RUNNING for task LineItems (12/120)
00:25:07,365 INFO  eu.stratosphere.nephele.execution.ExecutionStateTransition    - TM: ExecutionState set from STARTING to RUNNING for task LineItems (13/120)
00:25:07,365 INFO  eu.stratosphere.nephele.execution.ExecutionStateTransition    - TM: ExecutionState set from STARTING to RUNNING for task LineItems (11/120)
00:25:07,364 INFO  eu.stratosphere.nephele.execution.ExecutionStateTransition    - TM: ExecutionState set from STARTING to RUNNING for task LineItems (10/120)
00:25:07,363 INFO  eu.stratosphere.nephele.execution.ExecutionStateTransition    - TM: ExecutionState set from STARTING to RUNNING for task Customers (16/120)
00:25:07,363 INFO  eu.stratosphere.nephele.execution.ExecutionStateTransition    - TM: ExecutionState set from STARTING to RUNNING for task LineItems (9/120)
00:25:07,363 INFO  eu.stratosphere.nephele.execution.ExecutionStateTransition    - TM: ExecutionState set from STARTING to RUNNING for task Customers (15/120)
00:25:07,361 INFO  eu.stratosphere.nephele.execution.ExecutionStateTransition    - TM: ExecutionState set from STARTING to RUNNING for task Customers (12/120)
00:25:07,380 INFO  eu.stratosphere.pact.runtime.task.DataSourceTask              - Start PACT code: Orders (9/120)
00:25:07,377 INFO  eu.stratosphere.pact.runtime.task.DataSourceTask              - Start PACT code: Orders (14/120)
00:25:07,376 INFO  eu.stratosphere.pact.runtime.task.DataSourceTask              - Start PACT code: Customers (10/120)
00:25:07,375 INFO  eu.stratosphere.pact.runtime.task.RegularPactTask             - Start PACT code: FilterC (14/120)
00:25:07,375 INFO  eu.stratosphere.pact.runtime.task.RegularPactTask             - Start PACT code: FilterC (9/120)
00:25:07,374 INFO  eu.stratosphere.pact.runtime.task.RegularPactTask             - Start PACT code: FilterO (15/120)
00:25:07,374 INFO  eu.stratosphere.pact.runtime.task.RegularPactTask             - Start PACT code: FilterL (15/120)
00:25:07,374 INFO  eu.stratosphere.pact.runtime.task.RegularPactTask             - Start PACT code: FilterC (11/120)
00:25:07,373 INFO  eu.stratosphere.pact.runtime.task.DataSourceTask              - Start PACT code: Customers (13/120)
00:25:07,386 INFO  eu.stratosphere.pact.runtime.task.DataSourceTask              - Start PACT code: Orders (10/120)
00:25:07,384 INFO  eu.stratosphere.pact.runtime.task.DataSourceTask              - Start PACT code: Orders (12/120)
00:25:07,383 INFO  eu.stratosphere.pact.runtime.task.DataSourceTask              - Start PACT code: Orders (16/120)
00:25:07,383 INFO  eu.stratosphere.pact.runtime.task.RegularPactTask             - Start PACT code: FilterC (10/120)
00:25:07,382 INFO  eu.stratosphere.pact.runtime.task.RegularPactTask             - Start PACT code: FilterO (14/120)
00:25:07,382 INFO  eu.stratosphere.pact.runtime.task.RegularPactTask             - Start PACT code: FilterO (9/120)
00:25:07,382 INFO  eu.stratosphere.pact.runtime.task.DataSourceTask              - Start PACT code: Orders (11/120)
00:25:07,390 INFO  eu.stratosphere.pact.runtime.task.DataSourceTask              - Start PACT code: Customers (12/120)
00:25:07,388 INFO  eu.stratosphere.pact.runtime.task.RegularPactTask             - Start PACT code: FilterO (16/120)
00:25:07,388 INFO  eu.stratosphere.pact.runtime.task.RegularPactTask             - Start PACT code: FilterO (12/120)
00:25:07,387 INFO  eu.stratosphere.pact.runtime.task.DataSourceTask              - Start PACT code: Orders (13/120)
00:25:07,387 INFO  eu.stratosphere.pact.runtime.task.RegularPactTask             - Start PACT code: FilterO (10/120)
00:25:07,386 INFO  eu.stratosphere.pact.runtime.task.RegularPactTask             - Start PACT code: FilterC (13/120)
00:25:07,393 INFO  eu.stratosphere.pact.runtime.task.DataSourceTask              - Start PACT code: LineItems (9/120)
00:25:07,392 INFO  eu.stratosphere.pact.runtime.task.RegularPactTask             - Start PACT code: FilterO (13/120)
00:25:07,392 INFO  eu.stratosphere.pact.runtime.task.DataSourceTask              - Start PACT code: Customers (15/120)
00:25:07,391 INFO  eu.stratosphere.pact.runtime.task.RegularPactTask             - Start PACT code: FilterC (12/120)
00:25:07,390 INFO  eu.stratosphere.pact.runtime.task.RegularPactTask             - Start PACT code: FilterO (11/120)
00:25:07,394 INFO  eu.stratosphere.pact.runtime.task.RegularPactTask             - Start PACT code: FilterC (15/120)
00:25:07,394 INFO  eu.stratosphere.pact.runtime.task.DataSourceTask              - Start PACT code: Customers (16/120)
00:25:07,393 INFO  eu.stratosphere.pact.runtime.task.RegularPactTask             - Start PACT code: FilterL (9/120)
00:25:07,396 INFO  eu.stratosphere.pact.runtime.task.DataSourceTask              - Start PACT code: LineItems (10/120)
00:25:07,396 INFO  eu.stratosphere.pact.runtime.task.RegularPactTask             - Start PACT code: FilterC (16/120)
00:25:07,397 INFO  eu.stratosphere.pact.runtime.task.RegularPactTask             - Start PACT code: FilterL (10/120)
00:25:07,399 INFO  eu.stratosphere.pact.runtime.task.DataSourceTask              - Start PACT code: LineItems (11/120)
00:25:07,400 INFO  eu.stratosphere.pact.runtime.task.RegularPactTask             - Start PACT code: FilterL (11/120)
00:25:07,401 INFO  eu.stratosphere.pact.runtime.task.DataSourceTask              - Start PACT code: LineItems (13/120)
00:25:07,402 INFO  eu.stratosphere.pact.runtime.task.RegularPactTask             - Start PACT code: FilterL (13/120)
00:25:07,403 INFO  eu.stratosphere.pact.runtime.task.DataSourceTask              - Start PACT code: LineItems (12/120)
00:25:07,403 INFO  eu.stratosphere.pact.runtime.task.RegularPactTask             - Start PACT code: FilterL (12/120)
00:25:07,405 INFO  eu.stratosphere.pact.runtime.task.DataSourceTask              - Start PACT code: LineItems (14/120)
00:25:07,405 INFO  eu.stratosphere.pact.runtime.task.RegularPactTask             - Start PACT code: FilterL (14/120)
00:25:07,406 INFO  eu.stratosphere.pact.runtime.task.DataSourceTask              - Start PACT code: LineItems (16/120)
00:25:07,406 INFO  eu.stratosphere.pact.runtime.task.RegularPactTask             - Start PACT code: FilterL (16/120)
