23:59:14,989 WARN  eu.stratosphere.nephele.configuration.GlobalConfiguration     - Cannot load configuration: unknown element plugins
23:59:15,026 INFO  eu.stratosphere.nephele.taskmanager.TaskManager               - Reading location of job manager from configuration
23:59:15,036 INFO  eu.stratosphere.nephele.taskmanager.TaskManager               - Determined address of job manager to be cloud-11.dima.tu-berlin.de/130.149.21.15:6002
23:59:15,045 INFO  eu.stratosphere.nephele.taskmanager.TaskManager               - Announcing connection information cloud-14 to job manager
23:59:15,110 INFO  eu.stratosphere.nephele.ipc.Server                            - IPC Server Responder: starting
23:59:15,110 INFO  eu.stratosphere.nephele.ipc.Server                            - IPC Server listener on 6122: starting
23:59:15,111 INFO  eu.stratosphere.nephele.ipc.Server                            - IPC Server handler 0 on 6122: starting
23:59:16,209 INFO  eu.stratosphere.nephele.taskmanager.bufferprovider.GlobalBufferPool  - Initialized global buffer pool with 32768 buffers with a size 32768 bytes each
23:59:16,228 INFO  eu.stratosphere.nephele.taskmanager.bytebuffered.ByteBufferedChannelManager  - Initialized byte buffered channel manager with sender-side spilling disabled
23:59:16,237 INFO  eu.stratosphere.nephele.instance.HardwareDescriptionFactory   - Found Tenured Gen pool (max: 24051843072, used: 0)
23:59:16,237 INFO  eu.stratosphere.nephele.taskmanager.TaskManager               - Initializing memory manager with 22528 megabytes of memory
23:59:46,331 INFO  eu.stratosphere.nephele.execution.ExecutionStateTransition    - TM: ExecutionState set from STARTING to RUNNING for task Orders (33/80)
23:59:46,331 INFO  eu.stratosphere.nephele.execution.ExecutionStateTransition    - TM: ExecutionState set from STARTING to RUNNING for task Orders (35/80)
23:59:46,331 INFO  eu.stratosphere.nephele.execution.ExecutionStateTransition    - TM: ExecutionState set from STARTING to RUNNING for task Orders (37/80)
23:59:46,331 INFO  eu.stratosphere.nephele.execution.ExecutionStateTransition    - TM: ExecutionState set from STARTING to RUNNING for task Orders (34/80)
23:59:46,332 INFO  eu.stratosphere.nephele.execution.ExecutionStateTransition    - TM: ExecutionState set from STARTING to RUNNING for task Customers (33/80)
23:59:46,331 INFO  eu.stratosphere.nephele.execution.ExecutionStateTransition    - TM: ExecutionState set from STARTING to RUNNING for task Orders (40/80)
23:59:46,331 INFO  eu.stratosphere.nephele.execution.ExecutionStateTransition    - TM: ExecutionState set from STARTING to RUNNING for task LineItems (33/80)
23:59:46,332 INFO  eu.stratosphere.nephele.execution.ExecutionStateTransition    - TM: ExecutionState set from STARTING to RUNNING for task LineItems (40/80)
23:59:46,331 INFO  eu.stratosphere.nephele.execution.ExecutionStateTransition    - TM: ExecutionState set from STARTING to RUNNING for task LineItems (36/80)
23:59:46,331 INFO  eu.stratosphere.nephele.execution.ExecutionStateTransition    - TM: ExecutionState set from STARTING to RUNNING for task Orders (39/80)
23:59:46,331 INFO  eu.stratosphere.nephele.execution.ExecutionStateTransition    - TM: ExecutionState set from STARTING to RUNNING for task Orders (36/80)
23:59:46,332 INFO  eu.stratosphere.nephele.execution.ExecutionStateTransition    - TM: ExecutionState set from STARTING to RUNNING for task LineItems (39/80)
23:59:46,331 INFO  eu.stratosphere.nephele.execution.ExecutionStateTransition    - TM: ExecutionState set from STARTING to RUNNING for task Orders (38/80)
23:59:46,332 INFO  eu.stratosphere.nephele.execution.ExecutionStateTransition    - TM: ExecutionState set from STARTING to RUNNING for task LineItems (38/80)
23:59:46,331 INFO  eu.stratosphere.nephele.execution.ExecutionStateTransition    - TM: ExecutionState set from STARTING to RUNNING for task LineItems (35/80)
23:59:46,331 INFO  eu.stratosphere.nephele.execution.ExecutionStateTransition    - TM: ExecutionState set from STARTING to RUNNING for task LineItems (37/80)
23:59:46,343 INFO  eu.stratosphere.pact.runtime.task.DataSourceTask              - Start PACT code: Orders (37/80)
23:59:46,341 INFO  eu.stratosphere.pact.runtime.task.DataSourceTask              - Start PACT code: Customers (33/80)
23:59:46,340 INFO  eu.stratosphere.pact.runtime.task.DataSourceTask              - Start PACT code: Orders (40/80)
23:59:46,338 INFO  eu.stratosphere.pact.runtime.task.DataSourceTask              - Start PACT code: Orders (34/80)
23:59:46,337 INFO  eu.stratosphere.pact.runtime.task.DataSourceTask              - Start PACT code: Orders (33/80)
23:59:46,336 INFO  eu.stratosphere.nephele.execution.ExecutionStateTransition    - TM: ExecutionState set from STARTING to RUNNING for task Customers (40/80)
23:59:46,335 INFO  eu.stratosphere.nephele.execution.ExecutionStateTransition    - TM: ExecutionState set from STARTING to RUNNING for task Customers (39/80)
23:59:46,335 INFO  eu.stratosphere.nephele.execution.ExecutionStateTransition    - TM: ExecutionState set from STARTING to RUNNING for task Customers (38/80)
23:59:46,334 INFO  eu.stratosphere.nephele.execution.ExecutionStateTransition    - TM: ExecutionState set from STARTING to RUNNING for task Customers (37/80)
23:59:46,334 INFO  eu.stratosphere.nephele.execution.ExecutionStateTransition    - TM: ExecutionState set from STARTING to RUNNING for task Customers (36/80)
23:59:46,333 INFO  eu.stratosphere.nephele.execution.ExecutionStateTransition    - TM: ExecutionState set from STARTING to RUNNING for task Customers (35/80)
23:59:46,333 INFO  eu.stratosphere.nephele.execution.ExecutionStateTransition    - TM: ExecutionState set from STARTING to RUNNING for task Customers (34/80)
23:59:46,331 INFO  eu.stratosphere.nephele.execution.ExecutionStateTransition    - TM: ExecutionState set from STARTING to RUNNING for task LineItems (34/80)
23:59:46,351 INFO  eu.stratosphere.pact.runtime.task.DataSourceTask              - Start PACT code: Orders (36/80)
23:59:46,350 INFO  eu.stratosphere.pact.runtime.task.DataSourceTask              - Start PACT code: LineItems (39/80)
23:59:46,348 INFO  eu.stratosphere.pact.runtime.task.DataSourceTask              - Start PACT code: Orders (38/80)
23:59:46,347 INFO  eu.stratosphere.pact.runtime.task.DataSourceTask              - Start PACT code: LineItems (38/80)
23:59:46,346 INFO  eu.stratosphere.pact.runtime.task.RegularPactTask             - Start PACT code: FilterO (33/80)
23:59:46,346 INFO  eu.stratosphere.pact.runtime.task.RegularPactTask             - Start PACT code: FilterO (34/80)
23:59:46,345 INFO  eu.stratosphere.pact.runtime.task.RegularPactTask             - Start PACT code: FilterO (40/80)
23:59:46,345 INFO  eu.stratosphere.pact.runtime.task.DataSourceTask              - Start PACT code: LineItems (35/80)
23:59:46,345 INFO  eu.stratosphere.pact.runtime.task.RegularPactTask             - Start PACT code: FilterC (33/80)
23:59:46,345 INFO  eu.stratosphere.pact.runtime.task.RegularPactTask             - Start PACT code: FilterO (37/80)
23:59:46,344 INFO  eu.stratosphere.pact.runtime.task.DataSourceTask              - Start PACT code: Orders (35/80)
23:59:46,355 INFO  eu.stratosphere.pact.runtime.task.DataSourceTask              - Start PACT code: LineItems (36/80)
23:59:46,355 INFO  eu.stratosphere.pact.runtime.task.RegularPactTask             - Start PACT code: FilterL (35/80)
23:59:46,353 INFO  eu.stratosphere.pact.runtime.task.DataSourceTask              - Start PACT code: Orders (39/80)
23:59:46,353 INFO  eu.stratosphere.pact.runtime.task.RegularPactTask             - Start PACT code: FilterL (38/80)
23:59:46,352 INFO  eu.stratosphere.pact.runtime.task.RegularPactTask             - Start PACT code: FilterO (38/80)
23:59:46,352 INFO  eu.stratosphere.pact.runtime.task.RegularPactTask             - Start PACT code: FilterL (39/80)
23:59:46,352 INFO  eu.stratosphere.pact.runtime.task.DataSourceTask              - Start PACT code: Customers (34/80)
23:59:46,352 INFO  eu.stratosphere.pact.runtime.task.RegularPactTask             - Start PACT code: FilterO (36/80)
23:59:46,361 INFO  eu.stratosphere.pact.runtime.task.RegularPactTask             - Start PACT code: FilterC (34/80)
23:59:46,361 INFO  eu.stratosphere.pact.runtime.task.DataSourceTask              - Start PACT code: LineItems (34/80)
23:59:46,362 INFO  eu.stratosphere.pact.runtime.task.DataSourceTask              - Start PACT code: Customers (35/80)
23:59:46,363 INFO  eu.stratosphere.pact.runtime.task.RegularPactTask             - Start PACT code: FilterC (35/80)
23:59:46,359 INFO  eu.stratosphere.pact.runtime.task.RegularPactTask             - Start PACT code: FilterO (39/80)
23:59:46,358 INFO  eu.stratosphere.pact.runtime.task.DataSourceTask              - Start PACT code: LineItems (33/80)
23:59:46,358 INFO  eu.stratosphere.pact.runtime.task.RegularPactTask             - Start PACT code: FilterL (36/80)
23:59:46,357 INFO  eu.stratosphere.pact.runtime.task.RegularPactTask             - Start PACT code: FilterO (35/80)
23:59:46,357 INFO  eu.stratosphere.pact.runtime.task.DataSourceTask              - Start PACT code: LineItems (40/80)
23:59:46,366 INFO  eu.stratosphere.pact.runtime.task.DataSourceTask              - Start PACT code: Customers (37/80)
23:59:46,364 INFO  eu.stratosphere.pact.runtime.task.RegularPactTask             - Start PACT code: FilterL (33/80)
23:59:46,364 INFO  eu.stratosphere.pact.runtime.task.DataSourceTask              - Start PACT code: Customers (36/80)
23:59:46,363 INFO  eu.stratosphere.pact.runtime.task.RegularPactTask             - Start PACT code: FilterL (34/80)
23:59:46,367 INFO  eu.stratosphere.pact.runtime.task.RegularPactTask             - Start PACT code: FilterC (36/80)
23:59:46,367 INFO  eu.stratosphere.pact.runtime.task.DataSourceTask              - Start PACT code: Customers (38/80)
23:59:46,366 INFO  eu.stratosphere.pact.runtime.task.RegularPactTask             - Start PACT code: FilterC (37/80)
23:59:46,366 INFO  eu.stratosphere.pact.runtime.task.RegularPactTask             - Start PACT code: FilterL (40/80)
23:59:46,370 INFO  eu.stratosphere.pact.runtime.task.DataSourceTask              - Start PACT code: Customers (40/80)
23:59:46,369 INFO  eu.stratosphere.pact.runtime.task.RegularPactTask             - Start PACT code: FilterC (38/80)
23:59:46,369 INFO  eu.stratosphere.pact.runtime.task.DataSourceTask              - Start PACT code: Customers (39/80)
23:59:46,371 INFO  eu.stratosphere.pact.runtime.task.RegularPactTask             - Start PACT code: FilterC (40/80)
23:59:46,372 INFO  eu.stratosphere.pact.runtime.task.RegularPactTask             - Start PACT code: FilterC (39/80)
23:59:46,372 INFO  eu.stratosphere.pact.runtime.task.DataSourceTask              - Start PACT code: LineItems (37/80)
23:59:46,375 INFO  eu.stratosphere.pact.runtime.task.RegularPactTask             - Start PACT code: FilterL (37/80)
