13/04/27 01:35:45 INFO util.NativeCodeLoader: Loaded the native-hadoop library
13/04/27 01:35:45 WARN snappy.LoadSnappy: Snappy native library not loaded
13/04/27 01:35:45 INFO mapred.FileInputFormat: Total input paths to process : 1
13/04/27 01:35:45 INFO mapred.JobClient: Running job: job_201304270116_0005
13/04/27 01:35:46 INFO mapred.JobClient:  map 0% reduce 0%
13/04/27 01:36:02 INFO mapred.JobClient:  map 47% reduce 0%
13/04/27 01:36:05 INFO mapred.JobClient:  map 55% reduce 0%
13/04/27 01:36:11 INFO mapred.JobClient:  map 63% reduce 0%
13/04/27 01:36:14 INFO mapred.JobClient:  map 73% reduce 0%
13/04/27 01:36:20 INFO mapred.JobClient:  map 77% reduce 0%
13/04/27 01:36:23 INFO mapred.JobClient:  map 88% reduce 0%
13/04/27 01:36:24 INFO mapred.JobClient:  map 88% reduce 1%
13/04/27 01:36:26 INFO mapred.JobClient:  map 92% reduce 1%
13/04/27 01:36:27 INFO mapred.JobClient:  map 92% reduce 2%
13/04/27 01:36:29 INFO mapred.JobClient:  map 93% reduce 3%
13/04/27 01:36:32 INFO mapred.JobClient:  map 100% reduce 4%
13/04/27 01:36:33 INFO mapred.JobClient:  map 100% reduce 5%
13/04/27 01:36:36 INFO mapred.JobClient:  map 100% reduce 6%
13/04/27 01:36:38 INFO mapred.JobClient:  map 100% reduce 7%
13/04/27 01:36:39 INFO mapred.JobClient:  map 100% reduce 8%
13/04/27 01:36:42 INFO mapred.JobClient:  map 100% reduce 9%
13/04/27 01:36:44 INFO mapred.JobClient:  map 100% reduce 10%
13/04/27 01:36:47 INFO mapred.JobClient:  map 100% reduce 11%
13/04/27 01:36:51 INFO mapred.JobClient:  map 100% reduce 13%
13/04/27 01:36:53 INFO mapred.JobClient:  map 100% reduce 16%
13/04/27 01:36:54 INFO mapred.JobClient:  map 100% reduce 23%
13/04/27 01:36:56 INFO mapred.JobClient:  map 100% reduce 36%
13/04/27 01:36:57 INFO mapred.JobClient:  map 100% reduce 59%
13/04/27 01:36:59 INFO mapred.JobClient:  map 100% reduce 65%
13/04/27 01:37:00 INFO mapred.JobClient:  map 100% reduce 77%
13/04/27 01:37:02 INFO mapred.JobClient:  map 100% reduce 78%
13/04/27 01:37:03 INFO mapred.JobClient:  map 100% reduce 80%
13/04/27 01:37:06 INFO mapred.JobClient:  map 100% reduce 82%
13/04/27 01:37:08 INFO mapred.JobClient:  map 100% reduce 83%
13/04/27 01:37:09 INFO mapred.JobClient:  map 100% reduce 86%
13/04/27 01:37:11 INFO mapred.JobClient:  map 100% reduce 87%
13/04/27 01:37:12 INFO mapred.JobClient:  map 100% reduce 89%
13/04/27 01:37:14 INFO mapred.JobClient:  map 100% reduce 90%
13/04/27 01:37:15 INFO mapred.JobClient:  map 100% reduce 92%
13/04/27 01:37:17 INFO mapred.JobClient:  map 100% reduce 93%
13/04/27 01:37:18 INFO mapred.JobClient:  map 100% reduce 94%
13/04/27 01:37:20 INFO mapred.JobClient:  map 100% reduce 95%
13/04/27 01:37:21 INFO mapred.JobClient:  map 100% reduce 96%
13/04/27 01:37:23 INFO mapred.JobClient:  map 100% reduce 97%
13/04/27 01:37:27 INFO mapred.JobClient:  map 100% reduce 98%
13/04/27 01:37:33 INFO mapred.JobClient:  map 100% reduce 99%
13/04/27 01:39:13 INFO mapred.JobClient:  map 100% reduce 100%
13/04/27 01:39:18 INFO mapred.JobClient: Job complete: job_201304270116_0005
13/04/27 01:39:18 INFO mapred.JobClient: Counters: 30
13/04/27 01:39:18 INFO mapred.JobClient:   Job Counters 
13/04/27 01:39:18 INFO mapred.JobClient:     Launched reduce tasks=120
13/04/27 01:39:18 INFO mapred.JobClient:     SLOTS_MILLIS_MAPS=137420
13/04/27 01:39:18 INFO mapred.JobClient:     Total time spent by all reduces waiting after reserving slots (ms)=0
13/04/27 01:39:18 INFO mapred.JobClient:     Total time spent by all maps waiting after reserving slots (ms)=0
13/04/27 01:39:18 INFO mapred.JobClient:     Rack-local map tasks=3
13/04/27 01:39:18 INFO mapred.JobClient:     Launched map tasks=3
13/04/27 01:39:18 INFO mapred.JobClient:     SLOTS_MILLIS_REDUCES=6689555
13/04/27 01:39:18 INFO mapred.JobClient:   File Input Format Counters 
13/04/27 01:39:18 INFO mapred.JobClient:     Bytes Read=310108633
13/04/27 01:39:18 INFO mapred.JobClient:   File Output Format Counters 
13/04/27 01:39:18 INFO mapred.JobClient:     Bytes Written=21493700680
13/04/27 01:39:18 INFO mapred.JobClient:   FileSystemCounters
13/04/27 01:39:18 INFO mapred.JobClient:     FILE_BYTES_READ=815240104
13/04/27 01:39:18 INFO mapred.JobClient:     HDFS_BYTES_READ=310109068
13/04/27 01:39:18 INFO mapred.JobClient:     FILE_BYTES_WRITTEN=671903036
13/04/27 01:39:18 INFO mapred.JobClient:     HDFS_BYTES_WRITTEN=21493700680
13/04/27 01:39:18 INFO mapred.JobClient:   Map-Reduce Framework
13/04/27 01:39:18 INFO mapred.JobClient:     Map output materialized bytes=223021800
13/04/27 01:39:18 INFO mapred.JobClient:     Map input records=22301964
13/04/27 01:39:18 INFO mapred.JobClient:     Reduce shuffle bytes=139046522
13/04/27 01:39:18 INFO mapred.JobClient:     Spilled Records=66905892
13/04/27 01:39:18 INFO mapred.JobClient:     Map output bytes=178415712
13/04/27 01:39:18 INFO mapred.JobClient:     Total committed heap usage (bytes)=189906354176
13/04/27 01:39:18 INFO mapred.JobClient:     CPU time spent (ms)=2537920
13/04/27 01:39:18 INFO mapred.JobClient:     Map input bytes=309060055
13/04/27 01:39:18 INFO mapred.JobClient:     SPLIT_RAW_BYTES=435
13/04/27 01:39:18 INFO mapred.JobClient:     Combine input records=0
13/04/27 01:39:18 INFO mapred.JobClient:     Reduce input records=22301964
13/04/27 01:39:18 INFO mapred.JobClient:     Reduce input groups=1151281
13/04/27 01:39:18 INFO mapred.JobClient:     Combine output records=0
13/04/27 01:39:18 INFO mapred.JobClient:     Physical memory (bytes) snapshot=42555748352
13/04/27 01:39:18 INFO mapred.JobClient:     Reduce output records=1064043912
13/04/27 01:39:18 INFO mapred.JobClient:     Virtual memory (bytes) snapshot=311021613056
13/04/27 01:39:18 INFO mapred.JobClient:     Map output records=22301964
13/04/27 01:39:18 INFO mapred.FileInputFormat: Total input paths to process : 120
13/04/27 01:39:18 INFO mapred.FileInputFormat: Total input paths to process : 1
13/04/27 01:39:18 INFO mapred.JobClient: Running job: job_201304270116_0006
13/04/27 01:39:19 INFO mapred.JobClient:  map 0% reduce 0%
13/04/27 01:39:36 INFO mapred.JobClient:  map 8% reduce 0%
13/04/27 01:39:39 INFO mapred.JobClient:  map 14% reduce 0%
13/04/27 01:39:42 INFO mapred.JobClient:  map 20% reduce 0%
13/04/27 01:39:45 INFO mapred.JobClient:  map 26% reduce 0%
13/04/27 01:39:48 INFO mapred.JobClient:  map 31% reduce 0%
13/04/27 01:39:51 INFO mapred.JobClient:  map 32% reduce 0%
13/04/27 01:39:54 INFO mapred.JobClient:  map 33% reduce 0%
13/04/27 01:40:36 INFO mapred.JobClient:  map 35% reduce 0%
13/04/27 01:40:39 INFO mapred.JobClient:  map 38% reduce 0%
13/04/27 01:40:42 INFO mapred.JobClient:  map 41% reduce 0%
13/04/27 01:40:45 INFO mapred.JobClient:  map 46% reduce 0%
13/04/27 01:40:48 INFO mapred.JobClient:  map 51% reduce 0%
13/04/27 01:40:51 INFO mapred.JobClient:  map 54% reduce 0%
13/04/27 01:40:54 INFO mapred.JobClient:  map 57% reduce 0%
13/04/27 01:40:57 INFO mapred.JobClient:  map 59% reduce 0%
13/04/27 01:41:31 INFO mapred.JobClient:  map 60% reduce 0%
13/04/27 01:41:34 INFO mapred.JobClient:  map 61% reduce 0%
13/04/27 01:41:37 INFO mapred.JobClient:  map 62% reduce 0%
13/04/27 01:41:49 INFO mapred.JobClient:  map 64% reduce 0%
13/04/27 01:41:52 INFO mapred.JobClient:  map 66% reduce 0%
13/04/27 01:42:04 INFO mapred.JobClient:  map 67% reduce 0%
13/04/27 01:42:13 INFO mapred.JobClient:  map 69% reduce 0%
13/04/27 01:42:16 INFO mapred.JobClient:  map 71% reduce 0%
13/04/27 01:42:19 INFO mapred.JobClient:  map 79% reduce 1%
13/04/27 01:42:22 INFO mapred.JobClient:  map 82% reduce 2%
13/04/27 01:42:25 INFO mapred.JobClient:  map 84% reduce 3%
13/04/27 01:42:28 INFO mapred.JobClient:  map 84% reduce 4%
13/04/27 01:42:31 INFO mapred.JobClient:  map 86% reduce 7%
13/04/27 01:42:34 INFO mapred.JobClient:  map 89% reduce 11%
13/04/27 01:42:37 INFO mapred.JobClient:  map 90% reduce 15%
13/04/27 01:42:40 INFO mapred.JobClient:  map 90% reduce 18%
13/04/27 01:42:43 INFO mapred.JobClient:  map 90% reduce 21%
13/04/27 01:42:46 INFO mapred.JobClient:  map 91% reduce 22%
13/04/27 01:42:49 INFO mapred.JobClient:  map 92% reduce 23%
13/04/27 01:42:52 INFO mapred.JobClient:  map 94% reduce 24%
13/04/27 01:42:55 INFO mapred.JobClient:  map 95% reduce 24%
13/04/27 01:42:58 INFO mapred.JobClient:  map 96% reduce 25%
13/04/27 01:43:01 INFO mapred.JobClient:  map 97% reduce 25%
13/04/27 01:43:07 INFO mapred.JobClient:  map 98% reduce 25%
13/04/27 01:43:13 INFO mapred.JobClient:  map 99% reduce 25%
13/04/27 01:43:19 INFO mapred.JobClient:  map 99% reduce 26%
13/04/27 01:43:49 INFO mapred.JobClient:  map 100% reduce 27%
13/04/27 01:43:55 INFO mapred.JobClient:  map 100% reduce 28%
13/04/27 01:43:58 INFO mapred.JobClient:  map 100% reduce 29%
13/04/27 01:44:01 INFO mapred.JobClient:  map 100% reduce 30%
13/04/27 01:44:04 INFO mapred.JobClient:  map 100% reduce 31%
13/04/27 01:44:10 INFO mapred.JobClient:  map 100% reduce 32%
13/04/27 01:44:16 INFO mapred.JobClient:  map 100% reduce 33%
13/04/27 01:45:07 INFO mapred.JobClient:  map 100% reduce 59%
13/04/27 01:45:10 INFO mapred.JobClient:  map 100% reduce 70%
13/04/27 01:45:13 INFO mapred.JobClient:  map 100% reduce 81%
13/04/27 01:45:16 INFO mapred.JobClient:  map 100% reduce 97%
13/04/27 01:45:19 INFO mapred.JobClient:  map 100% reduce 100%
13/04/27 01:45:24 INFO mapred.JobClient: Job complete: job_201304270116_0006
13/04/27 01:45:24 INFO mapred.JobClient: Counters: 31
13/04/27 01:45:24 INFO mapred.JobClient:   Job Counters 
13/04/27 01:45:24 INFO mapred.JobClient:     Launched reduce tasks=120
13/04/27 01:45:24 INFO mapred.JobClient:     SLOTS_MILLIS_MAPS=25182222
13/04/27 01:45:24 INFO mapred.JobClient:     Total time spent by all reduces waiting after reserving slots (ms)=0
13/04/27 01:45:24 INFO mapred.JobClient:     Total time spent by all maps waiting after reserving slots (ms)=0
13/04/27 01:45:24 INFO mapred.JobClient:     Rack-local map tasks=12
13/04/27 01:45:24 INFO mapred.JobClient:     Launched map tasks=180
13/04/27 01:45:24 INFO mapred.JobClient:     Data-local map tasks=168
13/04/27 01:45:24 INFO mapred.JobClient:     SLOTS_MILLIS_REDUCES=20842207
13/04/27 01:45:24 INFO mapred.JobClient:   File Input Format Counters 
13/04/27 01:45:24 INFO mapred.JobClient:     Bytes Read=0
13/04/27 01:45:24 INFO mapred.JobClient:   File Output Format Counters 
13/04/27 01:45:24 INFO mapred.JobClient:     Bytes Written=669859806
13/04/27 01:45:24 INFO mapred.JobClient:   FileSystemCounters
13/04/27 01:45:24 INFO mapred.JobClient:     FILE_BYTES_READ=49717322462
13/04/27 01:45:24 INFO mapred.JobClient:     HDFS_BYTES_READ=21803930831
13/04/27 01:45:24 INFO mapred.JobClient:     FILE_BYTES_WRITTEN=58178409173
13/04/27 01:45:24 INFO mapred.JobClient:     HDFS_BYTES_WRITTEN=669859806
13/04/27 01:45:24 INFO mapred.JobClient:   Map-Reduce Framework
13/04/27 01:45:24 INFO mapred.JobClient:     Map output materialized bytes=19554355368
13/04/27 01:45:24 INFO mapred.JobClient:     Map input records=1086345876
13/04/27 01:45:24 INFO mapred.JobClient:     Reduce shuffle bytes=19392357510
13/04/27 01:45:24 INFO mapred.JobClient:     Spilled Records=3231681279
13/04/27 01:45:24 INFO mapred.JobClient:     Map output bytes=17381534016
13/04/27 01:45:24 INFO mapred.JobClient:     Total committed heap usage (bytes)=459005362176
13/04/27 01:45:24 INFO mapred.JobClient:     CPU time spent (ms)=33610900
13/04/27 01:45:24 INFO mapred.JobClient:     Map input bytes=21802746095
13/04/27 01:45:24 INFO mapred.JobClient:     SPLIT_RAW_BYTES=52470
13/04/27 01:45:24 INFO mapred.JobClient:     Combine input records=0
13/04/27 01:45:24 INFO mapred.JobClient:     Reduce input records=947438041
13/04/27 01:45:24 INFO mapred.JobClient:     Reduce input groups=914880583
13/04/27 01:45:24 INFO mapred.JobClient:     Combine output records=0
13/04/27 01:45:24 INFO mapred.JobClient:     Physical memory (bytes) snapshot=380370395136
13/04/27 01:45:24 INFO mapred.JobClient:     Reduce output records=32557458
13/04/27 01:45:24 INFO mapred.JobClient:     Virtual memory (bytes) snapshot=753768251392
13/04/27 01:45:24 INFO mapred.JobClient:     Map output records=1086345876
