03:52:51,646 WARN  eu.stratosphere.nephele.configuration.GlobalConfiguration     - Cannot load configuration: unknown element plugins
03:52:51,683 INFO  eu.stratosphere.nephele.taskmanager.TaskManager               - Reading location of job manager from configuration
03:52:51,693 INFO  eu.stratosphere.nephele.taskmanager.TaskManager               - Determined address of job manager to be cloud-11.dima.tu-berlin.de/130.149.21.15:6002
03:52:51,701 INFO  eu.stratosphere.nephele.taskmanager.TaskManager               - Announcing connection information cloud-21 to job manager
03:52:51,765 INFO  eu.stratosphere.nephele.ipc.Server                            - IPC Server Responder: starting
03:52:51,765 INFO  eu.stratosphere.nephele.ipc.Server                            - IPC Server listener on 6122: starting
03:52:51,766 INFO  eu.stratosphere.nephele.ipc.Server                            - IPC Server handler 0 on 6122: starting
03:52:52,888 INFO  eu.stratosphere.nephele.taskmanager.bufferprovider.GlobalBufferPool  - Initialized global buffer pool with 32768 buffers with a size 32768 bytes each
03:52:52,908 INFO  eu.stratosphere.nephele.taskmanager.bytebuffered.ByteBufferedChannelManager  - Initialized byte buffered channel manager with sender-side spilling disabled
03:52:52,917 INFO  eu.stratosphere.nephele.instance.HardwareDescriptionFactory   - Found Tenured Gen pool (max: 24051843072, used: 0)
03:52:52,917 INFO  eu.stratosphere.nephele.taskmanager.TaskManager               - Initializing memory manager with 22528 megabytes of memory
03:53:20,398 INFO  eu.stratosphere.nephele.execution.ExecutionStateTransition    - TM: ExecutionState set from STARTING to RUNNING for task Input Edges (80/80)
03:53:20,398 INFO  eu.stratosphere.nephele.execution.ExecutionStateTransition    - TM: ExecutionState set from STARTING to RUNNING for task Input Edges (74/80)
03:53:20,398 INFO  eu.stratosphere.nephele.execution.ExecutionStateTransition    - TM: ExecutionState set from STARTING to RUNNING for task Input Edges (78/80)
03:53:20,398 INFO  eu.stratosphere.nephele.execution.ExecutionStateTransition    - TM: ExecutionState set from STARTING to RUNNING for task Input Edges (73/80)
03:53:20,398 INFO  eu.stratosphere.nephele.execution.ExecutionStateTransition    - TM: ExecutionState set from STARTING to RUNNING for task Input Edges (79/80)
03:53:20,398 INFO  eu.stratosphere.nephele.execution.ExecutionStateTransition    - TM: ExecutionState set from STARTING to RUNNING for task Input Edges (76/80)
03:53:20,398 INFO  eu.stratosphere.nephele.execution.ExecutionStateTransition    - TM: ExecutionState set from STARTING to RUNNING for task Input Edges (77/80)
03:53:20,398 INFO  eu.stratosphere.nephele.execution.ExecutionStateTransition    - TM: ExecutionState set from STARTING to RUNNING for task Input Edges (75/80)
03:53:20,402 INFO  eu.stratosphere.pact.runtime.task.DataSourceTask              - Start PACT code: Input Edges (80/80)
03:53:20,405 INFO  eu.stratosphere.pact.runtime.task.RegularPactTask             - Start PACT code: Project Edge (80/80)
03:53:20,406 INFO  eu.stratosphere.pact.runtime.task.DataSourceTask              - Start PACT code: Input Edges (73/80)
03:53:20,407 INFO  eu.stratosphere.pact.runtime.task.RegularPactTask             - Start PACT code: Project Edge (73/80)
03:53:20,409 INFO  eu.stratosphere.pact.runtime.task.DataSourceTask              - Start PACT code: Input Edges (78/80)
03:53:20,410 INFO  eu.stratosphere.pact.runtime.task.RegularPactTask             - Start PACT code: Project Edge (78/80)
03:53:20,412 INFO  eu.stratosphere.pact.runtime.task.DataSourceTask              - Start PACT code: Input Edges (74/80)
03:53:20,412 INFO  eu.stratosphere.pact.runtime.task.RegularPactTask             - Start PACT code: Project Edge (74/80)
03:53:20,413 INFO  eu.stratosphere.pact.runtime.task.DataSourceTask              - Start PACT code: Input Edges (75/80)
03:53:20,414 INFO  eu.stratosphere.pact.runtime.task.RegularPactTask             - Start PACT code: Project Edge (75/80)
03:53:20,414 INFO  eu.stratosphere.pact.runtime.task.DataSourceTask              - Start PACT code: Input Edges (77/80)
03:53:20,415 INFO  eu.stratosphere.pact.runtime.task.RegularPactTask             - Start PACT code: Project Edge (77/80)
03:53:20,416 INFO  eu.stratosphere.pact.runtime.task.DataSourceTask              - Start PACT code: Input Edges (76/80)
03:53:20,416 INFO  eu.stratosphere.pact.runtime.task.RegularPactTask             - Start PACT code: Project Edge (76/80)
03:53:20,418 INFO  eu.stratosphere.pact.runtime.task.DataSourceTask              - Start PACT code: Input Edges (79/80)
03:53:20,418 INFO  eu.stratosphere.pact.runtime.task.RegularPactTask             - Start PACT code: Project Edge (79/80)
03:53:21,495 INFO  eu.stratosphere.nephele.execution.ExecutionStateTransition    - TM: ExecutionState set from STARTING to RUNNING for task Count Edges for Vertex (79/80)
03:53:21,498 INFO  eu.stratosphere.pact.runtime.task.RegularPactTask             - Start PACT code.: Count Edges for Vertex (79/80)
03:53:21,528 INFO  eu.stratosphere.nephele.execution.ExecutionStateTransition    - TM: ExecutionState set from STARTING to RUNNING for task Count Edges for Vertex (74/80)
03:53:21,529 INFO  eu.stratosphere.pact.runtime.task.RegularPactTask             - Start PACT code.: Count Edges for Vertex (74/80)
03:53:21,549 INFO  eu.stratosphere.nephele.execution.ExecutionStateTransition    - TM: ExecutionState set from STARTING to RUNNING for task Count Edges for Vertex (78/80)
03:53:21,550 INFO  eu.stratosphere.pact.runtime.task.RegularPactTask             - Start PACT code.: Count Edges for Vertex (78/80)
03:53:21,577 INFO  eu.stratosphere.nephele.execution.ExecutionStateTransition    - TM: ExecutionState set from STARTING to RUNNING for task Count Edges for Vertex (80/80)
03:53:21,578 INFO  eu.stratosphere.pact.runtime.task.RegularPactTask             - Start PACT code.: Count Edges for Vertex (80/80)
03:53:21,599 INFO  eu.stratosphere.nephele.execution.ExecutionStateTransition    - TM: ExecutionState set from STARTING to RUNNING for task Count Edges for Vertex (73/80)
03:53:21,601 INFO  eu.stratosphere.pact.runtime.task.RegularPactTask             - Start PACT code.: Count Edges for Vertex (73/80)
03:53:21,624 INFO  eu.stratosphere.nephele.execution.ExecutionStateTransition    - TM: ExecutionState set from STARTING to RUNNING for task Count Edges for Vertex (75/80)
03:53:21,625 INFO  eu.stratosphere.pact.runtime.task.RegularPactTask             - Start PACT code.: Count Edges for Vertex (75/80)
03:53:22,024 INFO  eu.stratosphere.nephele.execution.ExecutionStateTransition    - TM: ExecutionState set from STARTING to RUNNING for task Count Edges for Vertex (76/80)
03:53:22,026 INFO  eu.stratosphere.pact.runtime.task.RegularPactTask             - Start PACT code.: Count Edges for Vertex (76/80)
03:53:22,074 INFO  eu.stratosphere.nephele.execution.ExecutionStateTransition    - TM: ExecutionState set from STARTING to RUNNING for task Count Edges for Vertex (77/80)
03:53:22,076 INFO  eu.stratosphere.pact.runtime.task.RegularPactTask             - Start PACT code.: Count Edges for Vertex (77/80)
03:53:25,166 INFO  eu.stratosphere.pact.runtime.task.RegularPactTask             - Finished PACT code: Project Edge (80/80)
03:53:25,166 INFO  eu.stratosphere.pact.runtime.task.DataSourceTask              - Finished PACT code: Input Edges (80/80)
03:53:25,166 INFO  eu.stratosphere.nephele.execution.ExecutionStateTransition    - TM: ExecutionState set from RUNNING to FINISHING for task Input Edges (80/80)
03:53:25,317 INFO  eu.stratosphere.pact.runtime.task.RegularPactTask             - Finished PACT code: Project Edge (76/80)
03:53:25,317 INFO  eu.stratosphere.pact.runtime.task.DataSourceTask              - Finished PACT code: Input Edges (76/80)
03:53:25,317 INFO  eu.stratosphere.nephele.execution.ExecutionStateTransition    - TM: ExecutionState set from RUNNING to FINISHING for task Input Edges (76/80)
03:53:25,342 INFO  eu.stratosphere.pact.runtime.task.RegularPactTask             - Finished PACT code: Project Edge (75/80)
03:53:25,342 INFO  eu.stratosphere.pact.runtime.task.DataSourceTask              - Finished PACT code: Input Edges (75/80)
03:53:25,342 INFO  eu.stratosphere.nephele.execution.ExecutionStateTransition    - TM: ExecutionState set from RUNNING to FINISHING for task Input Edges (75/80)
03:53:25,351 INFO  eu.stratosphere.pact.runtime.task.RegularPactTask             - Finished PACT code: Project Edge (79/80)
03:53:25,351 INFO  eu.stratosphere.pact.runtime.task.DataSourceTask              - Finished PACT code: Input Edges (79/80)
03:53:25,351 INFO  eu.stratosphere.nephele.execution.ExecutionStateTransition    - TM: ExecutionState set from RUNNING to FINISHING for task Input Edges (79/80)
03:53:25,361 INFO  eu.stratosphere.pact.runtime.task.RegularPactTask             - Finished PACT code: Project Edge (73/80)
03:53:25,361 INFO  eu.stratosphere.pact.runtime.task.DataSourceTask              - Finished PACT code: Input Edges (73/80)
03:53:25,361 INFO  eu.stratosphere.nephele.execution.ExecutionStateTransition    - TM: ExecutionState set from RUNNING to FINISHING for task Input Edges (73/80)
03:53:25,383 INFO  eu.stratosphere.pact.runtime.task.RegularPactTask             - Finished PACT code: Project Edge (78/80)
03:53:25,383 INFO  eu.stratosphere.pact.runtime.task.DataSourceTask              - Finished PACT code: Input Edges (78/80)
03:53:25,383 INFO  eu.stratosphere.nephele.execution.ExecutionStateTransition    - TM: ExecutionState set from RUNNING to FINISHING for task Input Edges (78/80)
03:53:25,416 INFO  eu.stratosphere.pact.runtime.task.RegularPactTask             - Finished PACT code: Project Edge (77/80)
03:53:25,417 INFO  eu.stratosphere.pact.runtime.task.DataSourceTask              - Finished PACT code: Input Edges (77/80)
03:53:25,417 INFO  eu.stratosphere.nephele.execution.ExecutionStateTransition    - TM: ExecutionState set from RUNNING to FINISHING for task Input Edges (77/80)
03:53:25,441 INFO  eu.stratosphere.pact.runtime.task.RegularPactTask             - Finished PACT code: Project Edge (74/80)
03:53:25,441 INFO  eu.stratosphere.pact.runtime.task.DataSourceTask              - Finished PACT code: Input Edges (74/80)
03:53:25,441 INFO  eu.stratosphere.nephele.execution.ExecutionStateTransition    - TM: ExecutionState set from RUNNING to FINISHING for task Input Edges (74/80)
03:53:29,235 INFO  eu.stratosphere.nephele.execution.ExecutionStateTransition    - TM: ExecutionState set from STARTING to RUNNING for task Select lower-degree Edge (77/80)
03:53:29,235 INFO  eu.stratosphere.nephele.execution.ExecutionStateTransition    - TM: ExecutionState set from STARTING to RUNNING for task Join Counts (77/80)
03:53:29,235 INFO  eu.stratosphere.nephele.execution.ExecutionStateTransition    - TM: ExecutionState set from STARTING to RUNNING for task Project out Counts (77/80)
03:53:29,237 INFO  eu.stratosphere.pact.runtime.task.RegularPactTask             - Start PACT code.: Select lower-degree Edge (77/80)
03:53:29,238 INFO  eu.stratosphere.pact.runtime.task.RegularPactTask             - Start PACT code.: Join Counts (77/80)
03:53:29,239 INFO  eu.stratosphere.pact.runtime.task.RegularPactTask             - Start PACT code.: Project out Counts (77/80)
03:53:29,483 INFO  eu.stratosphere.nephele.execution.ExecutionStateTransition    - TM: ExecutionState set from STARTING to RUNNING for task Select lower-degree Edge (80/80)
03:53:29,483 INFO  eu.stratosphere.nephele.execution.ExecutionStateTransition    - TM: ExecutionState set from STARTING to RUNNING for task Join Counts (80/80)
03:53:29,483 INFO  eu.stratosphere.nephele.execution.ExecutionStateTransition    - TM: ExecutionState set from STARTING to RUNNING for task Project out Counts (80/80)
03:53:29,484 INFO  eu.stratosphere.pact.runtime.task.RegularPactTask             - Start PACT code.: Select lower-degree Edge (80/80)
03:53:29,485 INFO  eu.stratosphere.pact.runtime.task.RegularPactTask             - Start PACT code.: Join Counts (80/80)
03:53:29,486 INFO  eu.stratosphere.pact.runtime.task.RegularPactTask             - Start PACT code.: Project out Counts (80/80)
03:53:29,560 INFO  eu.stratosphere.nephele.execution.ExecutionStateTransition    - TM: ExecutionState set from STARTING to RUNNING for task Join Counts (75/80)
03:53:29,560 INFO  eu.stratosphere.nephele.execution.ExecutionStateTransition    - TM: ExecutionState set from STARTING to RUNNING for task Select lower-degree Edge (75/80)
03:53:29,561 INFO  eu.stratosphere.nephele.execution.ExecutionStateTransition    - TM: ExecutionState set from STARTING to RUNNING for task Project out Counts (75/80)
03:53:29,563 INFO  eu.stratosphere.pact.runtime.task.RegularPactTask             - Start PACT code.: Select lower-degree Edge (75/80)
03:53:29,562 INFO  eu.stratosphere.pact.runtime.task.RegularPactTask             - Start PACT code.: Join Counts (75/80)
03:53:29,564 INFO  eu.stratosphere.pact.runtime.task.RegularPactTask             - Start PACT code.: Project out Counts (75/80)
03:53:29,746 INFO  eu.stratosphere.nephele.execution.ExecutionStateTransition    - TM: ExecutionState set from STARTING to RUNNING for task Join Counts (78/80)
03:53:29,747 INFO  eu.stratosphere.nephele.execution.ExecutionStateTransition    - TM: ExecutionState set from STARTING to RUNNING for task Project out Counts (78/80)
03:53:29,747 INFO  eu.stratosphere.nephele.execution.ExecutionStateTransition    - TM: ExecutionState set from STARTING to RUNNING for task Select lower-degree Edge (78/80)
03:53:29,748 INFO  eu.stratosphere.pact.runtime.task.RegularPactTask             - Start PACT code.: Join Counts (78/80)
03:53:29,749 INFO  eu.stratosphere.pact.runtime.task.RegularPactTask             - Start PACT code.: Project out Counts (78/80)
03:53:29,749 INFO  eu.stratosphere.pact.runtime.task.RegularPactTask             - Start PACT code.: Select lower-degree Edge (78/80)
03:53:29,840 INFO  eu.stratosphere.nephele.execution.ExecutionStateTransition    - TM: ExecutionState set from STARTING to RUNNING for task Join Counts (73/80)
03:53:29,840 INFO  eu.stratosphere.nephele.execution.ExecutionStateTransition    - TM: ExecutionState set from STARTING to RUNNING for task Select lower-degree Edge (73/80)
03:53:29,841 INFO  eu.stratosphere.nephele.execution.ExecutionStateTransition    - TM: ExecutionState set from STARTING to RUNNING for task Project out Counts (73/80)
03:53:29,842 INFO  eu.stratosphere.pact.runtime.task.RegularPactTask             - Start PACT code.: Join Counts (73/80)
03:53:29,843 INFO  eu.stratosphere.pact.runtime.task.RegularPactTask             - Start PACT code.: Select lower-degree Edge (73/80)
03:53:29,846 INFO  eu.stratosphere.pact.runtime.task.RegularPactTask             - Start PACT code.: Project out Counts (73/80)
03:53:29,875 INFO  eu.stratosphere.nephele.execution.ExecutionStateTransition    - TM: ExecutionState set from STARTING to RUNNING for task Join Counts (76/80)
03:53:29,876 INFO  eu.stratosphere.nephele.execution.ExecutionStateTransition    - TM: ExecutionState set from STARTING to RUNNING for task Select lower-degree Edge (76/80)
03:53:29,876 INFO  eu.stratosphere.nephele.execution.ExecutionStateTransition    - TM: ExecutionState set from STARTING to RUNNING for task Project out Counts (76/80)
03:53:29,878 INFO  eu.stratosphere.pact.runtime.task.RegularPactTask             - Start PACT code.: Join Counts (76/80)
03:53:29,879 INFO  eu.stratosphere.pact.runtime.task.RegularPactTask             - Start PACT code.: Select lower-degree Edge (76/80)
03:53:29,880 INFO  eu.stratosphere.pact.runtime.task.RegularPactTask             - Start PACT code.: Project out Counts (76/80)
03:53:29,912 INFO  eu.stratosphere.nephele.execution.ExecutionStateTransition    - TM: ExecutionState set from STARTING to RUNNING for task Select lower-degree Edge (79/80)
03:53:29,912 INFO  eu.stratosphere.nephele.execution.ExecutionStateTransition    - TM: ExecutionState set from STARTING to RUNNING for task Project out Counts (79/80)
03:53:29,912 INFO  eu.stratosphere.nephele.execution.ExecutionStateTransition    - TM: ExecutionState set from STARTING to RUNNING for task Join Counts (79/80)
03:53:29,914 INFO  eu.stratosphere.pact.runtime.task.RegularPactTask             - Start PACT code.: Project out Counts (79/80)
03:53:29,913 INFO  eu.stratosphere.pact.runtime.task.RegularPactTask             - Start PACT code.: Select lower-degree Edge (79/80)
03:53:29,914 INFO  eu.stratosphere.pact.runtime.task.RegularPactTask             - Start PACT code.: Join Counts (79/80)
03:53:29,994 INFO  eu.stratosphere.nephele.execution.ExecutionStateTransition    - TM: ExecutionState set from STARTING to RUNNING for task Join Counts (74/80)
03:53:29,995 INFO  eu.stratosphere.nephele.execution.ExecutionStateTransition    - TM: ExecutionState set from STARTING to RUNNING for task Select lower-degree Edge (74/80)
03:53:29,996 INFO  eu.stratosphere.nephele.execution.ExecutionStateTransition    - TM: ExecutionState set from STARTING to RUNNING for task Project out Counts (74/80)
03:53:29,996 INFO  eu.stratosphere.pact.runtime.task.RegularPactTask             - Start PACT code.: Join Counts (74/80)
03:53:29,997 INFO  eu.stratosphere.pact.runtime.task.RegularPactTask             - Start PACT code.: Select lower-degree Edge (74/80)
03:53:29,998 INFO  eu.stratosphere.pact.runtime.task.RegularPactTask             - Start PACT code.: Project out Counts (74/80)
03:53:31,034 INFO  eu.stratosphere.pact.runtime.task.RegularPactTask             - Finished PACT code.: Count Edges for Vertex (73/80)
03:53:31,034 INFO  eu.stratosphere.nephele.execution.ExecutionStateTransition    - TM: ExecutionState set from RUNNING to FINISHING for task Count Edges for Vertex (73/80)
03:53:31,044 INFO  eu.stratosphere.pact.runtime.task.RegularPactTask             - Finished PACT code.: Count Edges for Vertex (77/80)
03:53:31,044 INFO  eu.stratosphere.nephele.execution.ExecutionStateTransition    - TM: ExecutionState set from RUNNING to FINISHING for task Count Edges for Vertex (77/80)
03:53:31,054 INFO  eu.stratosphere.pact.runtime.task.RegularPactTask             - Finished PACT code.: Count Edges for Vertex (75/80)
03:53:31,054 INFO  eu.stratosphere.nephele.execution.ExecutionStateTransition    - TM: ExecutionState set from RUNNING to FINISHING for task Count Edges for Vertex (75/80)
03:53:31,061 INFO  eu.stratosphere.pact.runtime.task.RegularPactTask             - Finished PACT code.: Count Edges for Vertex (79/80)
03:53:31,061 INFO  eu.stratosphere.nephele.execution.ExecutionStateTransition    - TM: ExecutionState set from RUNNING to FINISHING for task Count Edges for Vertex (79/80)
03:53:31,134 INFO  eu.stratosphere.pact.runtime.task.RegularPactTask             - Finished PACT code.: Count Edges for Vertex (80/80)
03:53:31,134 INFO  eu.stratosphere.nephele.execution.ExecutionStateTransition    - TM: ExecutionState set from RUNNING to FINISHING for task Count Edges for Vertex (80/80)
03:53:31,140 INFO  eu.stratosphere.pact.runtime.task.RegularPactTask             - Finished PACT code.: Count Edges for Vertex (76/80)
03:53:31,140 INFO  eu.stratosphere.nephele.execution.ExecutionStateTransition    - TM: ExecutionState set from RUNNING to FINISHING for task Count Edges for Vertex (76/80)
03:53:31,265 INFO  eu.stratosphere.pact.runtime.task.RegularPactTask             - Finished PACT code.: Count Edges for Vertex (78/80)
03:53:31,265 INFO  eu.stratosphere.nephele.execution.ExecutionStateTransition    - TM: ExecutionState set from RUNNING to FINISHING for task Count Edges for Vertex (78/80)
03:53:31,362 INFO  eu.stratosphere.pact.runtime.task.RegularPactTask             - Finished PACT code.: Count Edges for Vertex (74/80)
03:53:31,363 INFO  eu.stratosphere.nephele.execution.ExecutionStateTransition    - TM: ExecutionState set from RUNNING to FINISHING for task Count Edges for Vertex (74/80)
03:53:32,015 INFO  eu.stratosphere.nephele.execution.ExecutionStateTransition    - TM: ExecutionState set from FINISHING to FINISHED for task Input Edges (78/80)
03:53:32,041 INFO  eu.stratosphere.nephele.execution.ExecutionStateTransition    - TM: ExecutionState set from FINISHING to FINISHED for task Input Edges (77/80)
03:53:32,042 INFO  eu.stratosphere.nephele.execution.ExecutionStateTransition    - TM: ExecutionState set from FINISHING to FINISHED for task Input Edges (76/80)
03:53:32,069 INFO  eu.stratosphere.nephele.execution.ExecutionStateTransition    - TM: ExecutionState set from FINISHING to FINISHED for task Input Edges (75/80)
03:53:32,069 INFO  eu.stratosphere.nephele.execution.ExecutionStateTransition    - TM: ExecutionState set from FINISHING to FINISHED for task Input Edges (74/80)
03:53:32,084 INFO  eu.stratosphere.nephele.execution.ExecutionStateTransition    - TM: ExecutionState set from FINISHING to FINISHED for task Input Edges (79/80)
03:53:32,089 INFO  eu.stratosphere.nephele.execution.ExecutionStateTransition    - TM: ExecutionState set from FINISHING to FINISHED for task Input Edges (73/80)
03:53:32,094 INFO  eu.stratosphere.nephele.execution.ExecutionStateTransition    - TM: ExecutionState set from FINISHING to FINISHED for task Input Edges (80/80)
03:53:33,291 INFO  eu.stratosphere.nephele.execution.ExecutionStateTransition    - TM: ExecutionState set from STARTING to RUNNING for task Close Triads (79/80)
03:53:33,291 INFO  eu.stratosphere.nephele.execution.ExecutionStateTransition    - TM: ExecutionState set from STARTING to RUNNING for task Triangles (79/80)
03:53:33,299 INFO  eu.stratosphere.pact.runtime.task.RegularPactTask             - Start PACT code.: Close Triads (79/80)
03:53:33,301 INFO  eu.stratosphere.pact.runtime.task.DataSinkTask                - Start PACT code: Triangles (79/80)
03:53:33,331 INFO  eu.stratosphere.nephele.execution.ExecutionStateTransition    - TM: ExecutionState set from STARTING to RUNNING for task Close Triads (76/80)
03:53:33,331 INFO  eu.stratosphere.nephele.execution.ExecutionStateTransition    - TM: ExecutionState set from STARTING to RUNNING for task Triangles (76/80)
03:53:33,332 INFO  eu.stratosphere.pact.runtime.task.RegularPactTask             - Start PACT code.: Close Triads (76/80)
03:53:33,335 INFO  eu.stratosphere.pact.runtime.task.DataSinkTask                - Start PACT code: Triangles (76/80)
03:53:33,358 INFO  eu.stratosphere.nephele.execution.ExecutionStateTransition    - TM: ExecutionState set from STARTING to RUNNING for task Close Triads (75/80)
03:53:33,360 INFO  eu.stratosphere.nephele.execution.ExecutionStateTransition    - TM: ExecutionState set from STARTING to RUNNING for task Triangles (75/80)
03:53:33,361 INFO  eu.stratosphere.pact.runtime.task.RegularPactTask             - Start PACT code.: Close Triads (75/80)
03:53:33,361 INFO  eu.stratosphere.pact.runtime.task.DataSinkTask                - Start PACT code: Triangles (75/80)
03:53:33,374 INFO  eu.stratosphere.nephele.execution.ExecutionStateTransition    - TM: ExecutionState set from STARTING to RUNNING for task Close Triads (78/80)
03:53:33,375 INFO  eu.stratosphere.pact.runtime.task.RegularPactTask             - Start PACT code.: Close Triads (78/80)
03:53:33,374 INFO  eu.stratosphere.nephele.execution.ExecutionStateTransition    - TM: ExecutionState set from STARTING to RUNNING for task Triangles (78/80)
03:53:33,379 INFO  eu.stratosphere.pact.runtime.task.DataSinkTask                - Start PACT code: Triangles (78/80)
03:53:33,386 INFO  eu.stratosphere.nephele.execution.ExecutionStateTransition    - TM: ExecutionState set from STARTING to RUNNING for task Close Triads (74/80)
03:53:33,387 INFO  eu.stratosphere.pact.runtime.task.RegularPactTask             - Start PACT code.: Close Triads (74/80)
03:53:33,386 INFO  eu.stratosphere.nephele.execution.ExecutionStateTransition    - TM: ExecutionState set from STARTING to RUNNING for task Triangles (74/80)
03:53:33,394 INFO  eu.stratosphere.pact.runtime.task.DataSinkTask                - Start PACT code: Triangles (74/80)
03:53:33,402 INFO  eu.stratosphere.nephele.execution.ExecutionStateTransition    - TM: ExecutionState set from STARTING to RUNNING for task Close Triads (80/80)
03:53:33,403 INFO  eu.stratosphere.pact.runtime.task.RegularPactTask             - Start PACT code.: Close Triads (80/80)
03:53:33,404 INFO  eu.stratosphere.nephele.execution.ExecutionStateTransition    - TM: ExecutionState set from STARTING to RUNNING for task Triangles (80/80)
03:53:33,405 INFO  eu.stratosphere.pact.runtime.task.DataSinkTask                - Start PACT code: Triangles (80/80)
03:53:33,442 INFO  eu.stratosphere.nephele.execution.ExecutionStateTransition    - TM: ExecutionState set from STARTING to RUNNING for task Close Triads (73/80)
03:53:33,442 INFO  eu.stratosphere.nephele.execution.ExecutionStateTransition    - TM: ExecutionState set from STARTING to RUNNING for task Triangles (73/80)
03:53:33,443 INFO  eu.stratosphere.pact.runtime.task.RegularPactTask             - Start PACT code.: Close Triads (73/80)
03:53:33,443 INFO  eu.stratosphere.pact.runtime.task.DataSinkTask                - Start PACT code: Triangles (73/80)
03:53:33,479 INFO  eu.stratosphere.nephele.execution.ExecutionStateTransition    - TM: ExecutionState set from STARTING to RUNNING for task Close Triads (77/80)
03:53:33,480 INFO  eu.stratosphere.pact.runtime.task.RegularPactTask             - Start PACT code.: Close Triads (77/80)
03:53:33,498 INFO  eu.stratosphere.nephele.execution.ExecutionStateTransition    - TM: ExecutionState set from STARTING to RUNNING for task Triangles (77/80)
03:53:33,499 INFO  eu.stratosphere.pact.runtime.task.DataSinkTask                - Start PACT code: Triangles (77/80)
03:53:34,082 INFO  eu.stratosphere.nephele.execution.ExecutionStateTransition    - TM: ExecutionState set from STARTING to RUNNING for task Build Triads (80/80)
03:53:34,084 INFO  eu.stratosphere.pact.runtime.task.RegularPactTask             - Start PACT code.: Build Triads (80/80)
03:53:34,359 INFO  eu.stratosphere.nephele.execution.ExecutionStateTransition    - TM: ExecutionState set from STARTING to RUNNING for task Build Triads (78/80)
03:53:34,360 INFO  eu.stratosphere.pact.runtime.task.RegularPactTask             - Start PACT code.: Build Triads (78/80)
03:53:34,375 INFO  eu.stratosphere.nephele.execution.ExecutionStateTransition    - TM: ExecutionState set from STARTING to RUNNING for task Build Triads (76/80)
03:53:34,376 INFO  eu.stratosphere.pact.runtime.task.RegularPactTask             - Start PACT code.: Build Triads (76/80)
03:53:34,411 INFO  eu.stratosphere.nephele.execution.ExecutionStateTransition    - TM: ExecutionState set from STARTING to RUNNING for task Build Triads (74/80)
03:53:34,412 INFO  eu.stratosphere.pact.runtime.task.RegularPactTask             - Start PACT code.: Build Triads (74/80)
03:53:34,534 INFO  eu.stratosphere.nephele.execution.ExecutionStateTransition    - TM: ExecutionState set from STARTING to RUNNING for task Build Triads (73/80)
03:53:34,535 INFO  eu.stratosphere.pact.runtime.task.RegularPactTask             - Start PACT code.: Build Triads (73/80)
03:53:34,654 INFO  eu.stratosphere.nephele.execution.ExecutionStateTransition    - TM: ExecutionState set from STARTING to RUNNING for task Build Triads (79/80)
03:53:34,655 INFO  eu.stratosphere.pact.runtime.task.RegularPactTask             - Start PACT code.: Build Triads (79/80)
03:53:34,723 INFO  eu.stratosphere.nephele.execution.ExecutionStateTransition    - TM: ExecutionState set from STARTING to RUNNING for task Build Triads (77/80)
03:53:34,723 INFO  eu.stratosphere.pact.runtime.task.RegularPactTask             - Start PACT code.: Build Triads (77/80)
03:53:34,818 INFO  eu.stratosphere.nephele.execution.ExecutionStateTransition    - TM: ExecutionState set from STARTING to RUNNING for task Build Triads (75/80)
03:53:34,818 INFO  eu.stratosphere.pact.runtime.task.RegularPactTask             - Start PACT code.: Build Triads (75/80)
03:53:35,837 INFO  eu.stratosphere.pact.runtime.task.RegularPactTask             - Finished PACT code.: Join Counts (73/80)
03:53:35,837 INFO  eu.stratosphere.nephele.execution.ExecutionStateTransition    - TM: ExecutionState set from RUNNING to FINISHING for task Join Counts (73/80)
03:53:35,842 INFO  eu.stratosphere.pact.runtime.task.RegularPactTask             - Finished PACT code.: Project out Counts (73/80)
03:53:35,842 INFO  eu.stratosphere.pact.runtime.task.RegularPactTask             - Finished PACT code.: Select lower-degree Edge (73/80)
03:53:35,851 INFO  eu.stratosphere.nephele.execution.ExecutionStateTransition    - TM: ExecutionState set from RUNNING to FINISHING for task Project out Counts (73/80)
03:53:35,851 INFO  eu.stratosphere.nephele.execution.ExecutionStateTransition    - TM: ExecutionState set from RUNNING to FINISHING for task Select lower-degree Edge (73/80)
03:53:35,877 INFO  eu.stratosphere.pact.runtime.task.RegularPactTask             - Finished PACT code.: Join Counts (80/80)
03:53:35,877 INFO  eu.stratosphere.nephele.execution.ExecutionStateTransition    - TM: ExecutionState set from RUNNING to FINISHING for task Join Counts (80/80)
03:53:35,879 INFO  eu.stratosphere.pact.runtime.task.RegularPactTask             - Finished PACT code.: Select lower-degree Edge (80/80)
03:53:35,879 INFO  eu.stratosphere.pact.runtime.task.RegularPactTask             - Finished PACT code.: Project out Counts (80/80)
03:53:35,880 INFO  eu.stratosphere.nephele.execution.ExecutionStateTransition    - TM: ExecutionState set from RUNNING to FINISHING for task Select lower-degree Edge (80/80)
03:53:35,880 INFO  eu.stratosphere.nephele.execution.ExecutionStateTransition    - TM: ExecutionState set from RUNNING to FINISHING for task Project out Counts (80/80)
03:53:35,934 INFO  eu.stratosphere.pact.runtime.task.RegularPactTask             - Finished PACT code.: Join Counts (79/80)
03:53:35,935 INFO  eu.stratosphere.nephele.execution.ExecutionStateTransition    - TM: ExecutionState set from RUNNING to FINISHING for task Join Counts (79/80)
03:53:35,937 INFO  eu.stratosphere.pact.runtime.task.RegularPactTask             - Finished PACT code.: Join Counts (76/80)
03:53:35,938 INFO  eu.stratosphere.nephele.execution.ExecutionStateTransition    - TM: ExecutionState set from RUNNING to FINISHING for task Join Counts (76/80)
03:53:35,938 INFO  eu.stratosphere.pact.runtime.task.RegularPactTask             - Finished PACT code.: Select lower-degree Edge (79/80)
03:53:35,938 INFO  eu.stratosphere.nephele.execution.ExecutionStateTransition    - TM: ExecutionState set from RUNNING to FINISHING for task Select lower-degree Edge (79/80)
03:53:35,938 INFO  eu.stratosphere.pact.runtime.task.RegularPactTask             - Finished PACT code.: Project out Counts (79/80)
03:53:35,940 INFO  eu.stratosphere.nephele.execution.ExecutionStateTransition    - TM: ExecutionState set from RUNNING to FINISHING for task Project out Counts (79/80)
03:53:35,941 INFO  eu.stratosphere.nephele.execution.ExecutionStateTransition    - TM: ExecutionState set from FINISHING to FINISHED for task Join Counts (73/80)
03:53:35,941 INFO  eu.stratosphere.pact.runtime.task.RegularPactTask             - Finished PACT code.: Select lower-degree Edge (76/80)
03:53:35,942 INFO  eu.stratosphere.pact.runtime.task.RegularPactTask             - Finished PACT code.: Project out Counts (76/80)
03:53:35,943 INFO  eu.stratosphere.nephele.execution.ExecutionStateTransition    - TM: ExecutionState set from RUNNING to FINISHING for task Select lower-degree Edge (76/80)
03:53:35,944 INFO  eu.stratosphere.nephele.execution.ExecutionStateTransition    - TM: ExecutionState set from RUNNING to FINISHING for task Project out Counts (76/80)
03:53:35,956 INFO  eu.stratosphere.pact.runtime.task.RegularPactTask             - Finished PACT code.: Join Counts (74/80)
03:53:35,956 INFO  eu.stratosphere.nephele.execution.ExecutionStateTransition    - TM: ExecutionState set from RUNNING to FINISHING for task Join Counts (74/80)
03:53:35,958 INFO  eu.stratosphere.pact.runtime.task.RegularPactTask             - Finished PACT code.: Select lower-degree Edge (74/80)
03:53:35,958 INFO  eu.stratosphere.pact.runtime.task.RegularPactTask             - Finished PACT code.: Project out Counts (74/80)
03:53:35,958 INFO  eu.stratosphere.nephele.execution.ExecutionStateTransition    - TM: ExecutionState set from RUNNING to FINISHING for task Select lower-degree Edge (74/80)
03:53:35,958 INFO  eu.stratosphere.nephele.execution.ExecutionStateTransition    - TM: ExecutionState set from RUNNING to FINISHING for task Project out Counts (74/80)
03:53:35,965 INFO  eu.stratosphere.pact.runtime.task.RegularPactTask             - Finished PACT code.: Join Counts (78/80)
03:53:35,965 INFO  eu.stratosphere.nephele.execution.ExecutionStateTransition    - TM: ExecutionState set from RUNNING to FINISHING for task Join Counts (78/80)
03:53:35,967 INFO  eu.stratosphere.pact.runtime.task.RegularPactTask             - Finished PACT code.: Select lower-degree Edge (78/80)
03:53:35,967 INFO  eu.stratosphere.pact.runtime.task.RegularPactTask             - Finished PACT code.: Project out Counts (78/80)
03:53:35,967 INFO  eu.stratosphere.nephele.execution.ExecutionStateTransition    - TM: ExecutionState set from RUNNING to FINISHING for task Select lower-degree Edge (78/80)
03:53:35,968 INFO  eu.stratosphere.nephele.execution.ExecutionStateTransition    - TM: ExecutionState set from RUNNING to FINISHING for task Project out Counts (78/80)
03:53:35,979 INFO  eu.stratosphere.nephele.execution.ExecutionStateTransition    - TM: ExecutionState set from FINISHING to FINISHED for task Join Counts (80/80)
03:53:35,989 INFO  eu.stratosphere.pact.runtime.task.RegularPactTask             - Finished PACT code.: Join Counts (75/80)
03:53:35,990 INFO  eu.stratosphere.nephele.execution.ExecutionStateTransition    - TM: ExecutionState set from RUNNING to FINISHING for task Join Counts (75/80)
03:53:35,992 INFO  eu.stratosphere.pact.runtime.task.RegularPactTask             - Finished PACT code.: Project out Counts (75/80)
03:53:35,992 INFO  eu.stratosphere.pact.runtime.task.RegularPactTask             - Finished PACT code.: Select lower-degree Edge (75/80)
03:53:35,993 INFO  eu.stratosphere.nephele.execution.ExecutionStateTransition    - TM: ExecutionState set from RUNNING to FINISHING for task Project out Counts (75/80)
03:53:35,993 INFO  eu.stratosphere.nephele.execution.ExecutionStateTransition    - TM: ExecutionState set from RUNNING to FINISHING for task Select lower-degree Edge (75/80)
03:53:36,011 INFO  eu.stratosphere.pact.runtime.task.RegularPactTask             - Finished PACT code.: Join Counts (77/80)
03:53:36,011 INFO  eu.stratosphere.nephele.execution.ExecutionStateTransition    - TM: ExecutionState set from RUNNING to FINISHING for task Join Counts (77/80)
03:53:36,013 INFO  eu.stratosphere.pact.runtime.task.RegularPactTask             - Finished PACT code.: Select lower-degree Edge (77/80)
03:53:36,013 INFO  eu.stratosphere.pact.runtime.task.RegularPactTask             - Finished PACT code.: Project out Counts (77/80)
03:53:36,013 INFO  eu.stratosphere.nephele.execution.ExecutionStateTransition    - TM: ExecutionState set from RUNNING to FINISHING for task Select lower-degree Edge (77/80)
03:53:36,013 INFO  eu.stratosphere.nephele.execution.ExecutionStateTransition    - TM: ExecutionState set from RUNNING to FINISHING for task Project out Counts (77/80)
03:53:36,037 INFO  eu.stratosphere.nephele.execution.ExecutionStateTransition    - TM: ExecutionState set from FINISHING to FINISHED for task Join Counts (79/80)
03:53:36,040 INFO  eu.stratosphere.nephele.execution.ExecutionStateTransition    - TM: ExecutionState set from FINISHING to FINISHED for task Join Counts (76/80)
03:53:36,058 INFO  eu.stratosphere.nephele.execution.ExecutionStateTransition    - TM: ExecutionState set from FINISHING to FINISHED for task Join Counts (74/80)
03:53:36,067 INFO  eu.stratosphere.nephele.execution.ExecutionStateTransition    - TM: ExecutionState set from FINISHING to FINISHED for task Join Counts (78/80)
03:53:36,091 INFO  eu.stratosphere.nephele.execution.ExecutionStateTransition    - TM: ExecutionState set from FINISHING to FINISHED for task Join Counts (75/80)
03:53:36,113 INFO  eu.stratosphere.nephele.execution.ExecutionStateTransition    - TM: ExecutionState set from FINISHING to FINISHED for task Join Counts (77/80)
03:53:36,855 INFO  eu.stratosphere.nephele.execution.ExecutionStateTransition    - TM: ExecutionState set from FINISHING to FINISHED for task Count Edges for Vertex (73/80)
03:53:36,855 INFO  eu.stratosphere.nephele.execution.ExecutionStateTransition    - TM: ExecutionState set from FINISHING to FINISHED for task Count Edges for Vertex (76/80)
03:53:36,857 INFO  eu.stratosphere.nephele.execution.ExecutionStateTransition    - TM: ExecutionState set from FINISHING to FINISHED for task Count Edges for Vertex (80/80)
03:53:36,861 INFO  eu.stratosphere.nephele.execution.ExecutionStateTransition    - TM: ExecutionState set from FINISHING to FINISHED for task Count Edges for Vertex (77/80)
03:53:36,878 INFO  eu.stratosphere.nephele.execution.ExecutionStateTransition    - TM: ExecutionState set from FINISHING to FINISHED for task Count Edges for Vertex (75/80)
03:53:36,879 INFO  eu.stratosphere.nephele.execution.ExecutionStateTransition    - TM: ExecutionState set from FINISHING to FINISHED for task Count Edges for Vertex (74/80)
03:53:36,883 INFO  eu.stratosphere.nephele.execution.ExecutionStateTransition    - TM: ExecutionState set from FINISHING to FINISHED for task Count Edges for Vertex (79/80)
03:53:36,887 INFO  eu.stratosphere.nephele.execution.ExecutionStateTransition    - TM: ExecutionState set from FINISHING to FINISHED for task Count Edges for Vertex (78/80)
03:53:58,193 INFO  eu.stratosphere.pact.runtime.task.RegularPactTask             - Finished PACT code.: Build Triads (79/80)
03:53:58,194 INFO  eu.stratosphere.nephele.execution.ExecutionStateTransition    - TM: ExecutionState set from RUNNING to FINISHING for task Build Triads (79/80)
03:54:01,493 INFO  eu.stratosphere.pact.runtime.task.RegularPactTask             - Finished PACT code.: Build Triads (78/80)
03:54:01,493 INFO  eu.stratosphere.nephele.execution.ExecutionStateTransition    - TM: ExecutionState set from RUNNING to FINISHING for task Build Triads (78/80)
03:54:05,645 INFO  eu.stratosphere.pact.runtime.task.RegularPactTask             - Finished PACT code.: Build Triads (80/80)
03:54:05,645 INFO  eu.stratosphere.nephele.execution.ExecutionStateTransition    - TM: ExecutionState set from RUNNING to FINISHING for task Build Triads (80/80)
03:54:06,269 INFO  eu.stratosphere.pact.runtime.task.RegularPactTask             - Finished PACT code.: Build Triads (77/80)
03:54:06,270 INFO  eu.stratosphere.nephele.execution.ExecutionStateTransition    - TM: ExecutionState set from RUNNING to FINISHING for task Build Triads (77/80)
03:54:07,058 INFO  eu.stratosphere.pact.runtime.task.RegularPactTask             - Finished PACT code.: Build Triads (74/80)
03:54:07,058 INFO  eu.stratosphere.nephele.execution.ExecutionStateTransition    - TM: ExecutionState set from RUNNING to FINISHING for task Build Triads (74/80)
03:54:07,065 INFO  eu.stratosphere.pact.runtime.task.RegularPactTask             - Finished PACT code.: Build Triads (76/80)
03:54:07,066 INFO  eu.stratosphere.nephele.execution.ExecutionStateTransition    - TM: ExecutionState set from RUNNING to FINISHING for task Build Triads (76/80)
03:54:07,799 INFO  eu.stratosphere.pact.runtime.task.RegularPactTask             - Finished PACT code.: Build Triads (75/80)
03:54:07,800 INFO  eu.stratosphere.nephele.execution.ExecutionStateTransition    - TM: ExecutionState set from RUNNING to FINISHING for task Build Triads (75/80)
03:54:13,309 INFO  eu.stratosphere.pact.runtime.task.RegularPactTask             - Finished PACT code.: Build Triads (73/80)
03:54:13,309 INFO  eu.stratosphere.nephele.execution.ExecutionStateTransition    - TM: ExecutionState set from RUNNING to FINISHING for task Build Triads (73/80)
03:54:30,030 INFO  eu.stratosphere.nephele.execution.ExecutionStateTransition    - TM: ExecutionState set from FINISHING to FINISHED for task Select lower-degree Edge (77/80)
03:54:30,037 INFO  eu.stratosphere.nephele.execution.ExecutionStateTransition    - TM: ExecutionState set from FINISHING to FINISHED for task Select lower-degree Edge (79/80)
03:54:30,047 INFO  eu.stratosphere.nephele.execution.ExecutionStateTransition    - TM: ExecutionState set from FINISHING to FINISHED for task Select lower-degree Edge (76/80)
03:54:30,055 INFO  eu.stratosphere.nephele.execution.ExecutionStateTransition    - TM: ExecutionState set from FINISHING to FINISHED for task Select lower-degree Edge (74/80)
03:54:30,064 INFO  eu.stratosphere.nephele.execution.ExecutionStateTransition    - TM: ExecutionState set from FINISHING to FINISHED for task Select lower-degree Edge (73/80)
03:54:30,070 INFO  eu.stratosphere.nephele.execution.ExecutionStateTransition    - TM: ExecutionState set from FINISHING to FINISHED for task Select lower-degree Edge (78/80)
03:54:30,093 INFO  eu.stratosphere.pact.runtime.task.RegularPactTask             - Finished PACT code.: Close Triads (78/80)
03:54:30,093 INFO  eu.stratosphere.nephele.execution.ExecutionStateTransition    - TM: ExecutionState set from RUNNING to FINISHING for task Close Triads (78/80)
03:54:30,094 INFO  eu.stratosphere.nephele.execution.ExecutionStateTransition    - TM: ExecutionState set from FINISHING to FINISHED for task Select lower-degree Edge (75/80)
03:54:30,095 INFO  eu.stratosphere.pact.runtime.task.RegularPactTask             - Finished PACT code.: Close Triads (74/80)
03:54:30,096 INFO  eu.stratosphere.nephele.execution.ExecutionStateTransition    - TM: ExecutionState set from RUNNING to FINISHING for task Close Triads (74/80)
03:54:30,099 INFO  eu.stratosphere.nephele.execution.ExecutionStateTransition    - TM: ExecutionState set from FINISHING to FINISHED for task Select lower-degree Edge (80/80)
03:54:30,100 INFO  eu.stratosphere.pact.runtime.task.RegularPactTask             - Finished PACT code.: Close Triads (80/80)
03:54:30,100 INFO  eu.stratosphere.nephele.execution.ExecutionStateTransition    - TM: ExecutionState set from RUNNING to FINISHING for task Close Triads (80/80)
03:54:30,103 INFO  eu.stratosphere.pact.runtime.task.RegularPactTask             - Finished PACT code.: Close Triads (73/80)
03:54:30,103 INFO  eu.stratosphere.nephele.execution.ExecutionStateTransition    - TM: ExecutionState set from RUNNING to FINISHING for task Close Triads (73/80)
03:54:30,124 INFO  eu.stratosphere.pact.runtime.task.RegularPactTask             - Finished PACT code.: Close Triads (79/80)
03:54:30,124 INFO  eu.stratosphere.nephele.execution.ExecutionStateTransition    - TM: ExecutionState set from RUNNING to FINISHING for task Close Triads (79/80)
03:54:30,127 INFO  eu.stratosphere.pact.runtime.task.DataSinkTask                - Finished PACT code: Triangles (78/80)
03:54:30,127 INFO  eu.stratosphere.nephele.execution.ExecutionStateTransition    - TM: ExecutionState set from RUNNING to FINISHING for task Triangles (78/80)
03:54:30,128 INFO  eu.stratosphere.nephele.execution.ExecutionStateTransition    - TM: ExecutionState set from FINISHING to FINISHED for task Triangles (78/80)
03:54:30,131 INFO  eu.stratosphere.pact.runtime.task.DataSinkTask                - Finished PACT code: Triangles (73/80)
03:54:30,131 INFO  eu.stratosphere.nephele.execution.ExecutionStateTransition    - TM: ExecutionState set from RUNNING to FINISHING for task Triangles (73/80)
03:54:30,131 INFO  eu.stratosphere.pact.runtime.task.DataSinkTask                - Finished PACT code: Triangles (74/80)
03:54:30,131 INFO  eu.stratosphere.pact.runtime.task.DataSinkTask                - Finished PACT code: Triangles (80/80)
03:54:30,131 INFO  eu.stratosphere.nephele.execution.ExecutionStateTransition    - TM: ExecutionState set from RUNNING to FINISHING for task Triangles (74/80)
03:54:30,132 INFO  eu.stratosphere.nephele.execution.ExecutionStateTransition    - TM: ExecutionState set from RUNNING to FINISHING for task Triangles (80/80)
03:54:30,132 INFO  eu.stratosphere.nephele.execution.ExecutionStateTransition    - TM: ExecutionState set from FINISHING to FINISHED for task Triangles (73/80)
03:54:30,133 INFO  eu.stratosphere.nephele.execution.ExecutionStateTransition    - TM: ExecutionState set from FINISHING to FINISHED for task Triangles (74/80)
03:54:30,134 INFO  eu.stratosphere.nephele.execution.ExecutionStateTransition    - TM: ExecutionState set from FINISHING to FINISHED for task Triangles (80/80)
03:54:30,147 INFO  eu.stratosphere.pact.runtime.task.RegularPactTask             - Finished PACT code.: Close Triads (76/80)
03:54:30,147 INFO  eu.stratosphere.nephele.execution.ExecutionStateTransition    - TM: ExecutionState set from RUNNING to FINISHING for task Close Triads (76/80)
03:54:30,147 INFO  eu.stratosphere.pact.runtime.task.DataSinkTask                - Finished PACT code: Triangles (79/80)
03:54:30,148 INFO  eu.stratosphere.nephele.execution.ExecutionStateTransition    - TM: ExecutionState set from RUNNING to FINISHING for task Triangles (79/80)
03:54:30,149 INFO  eu.stratosphere.nephele.execution.ExecutionStateTransition    - TM: ExecutionState set from FINISHING to FINISHED for task Triangles (79/80)
03:54:30,167 INFO  eu.stratosphere.pact.runtime.task.DataSinkTask                - Finished PACT code: Triangles (76/80)
03:54:30,168 INFO  eu.stratosphere.nephele.execution.ExecutionStateTransition    - TM: ExecutionState set from RUNNING to FINISHING for task Triangles (76/80)
03:54:30,169 INFO  eu.stratosphere.nephele.execution.ExecutionStateTransition    - TM: ExecutionState set from FINISHING to FINISHED for task Triangles (76/80)
03:54:30,195 INFO  eu.stratosphere.nephele.execution.ExecutionStateTransition    - TM: ExecutionState set from FINISHING to FINISHED for task Close Triads (78/80)
03:54:30,199 INFO  eu.stratosphere.pact.runtime.task.RegularPactTask             - Finished PACT code.: Close Triads (75/80)
03:54:30,199 INFO  eu.stratosphere.nephele.execution.ExecutionStateTransition    - TM: ExecutionState set from RUNNING to FINISHING for task Close Triads (75/80)
03:54:30,199 INFO  eu.stratosphere.nephele.execution.ExecutionStateTransition    - TM: ExecutionState set from FINISHING to FINISHED for task Close Triads (74/80)
03:54:30,203 INFO  eu.stratosphere.nephele.execution.ExecutionStateTransition    - TM: ExecutionState set from FINISHING to FINISHED for task Close Triads (80/80)
03:54:30,207 INFO  eu.stratosphere.nephele.execution.ExecutionStateTransition    - TM: ExecutionState set from FINISHING to FINISHED for task Close Triads (73/80)
03:54:30,217 INFO  eu.stratosphere.pact.runtime.task.DataSinkTask                - Finished PACT code: Triangles (75/80)
03:54:30,218 INFO  eu.stratosphere.nephele.execution.ExecutionStateTransition    - TM: ExecutionState set from RUNNING to FINISHING for task Triangles (75/80)
03:54:30,219 INFO  eu.stratosphere.nephele.execution.ExecutionStateTransition    - TM: ExecutionState set from FINISHING to FINISHED for task Triangles (75/80)
03:54:30,227 INFO  eu.stratosphere.nephele.execution.ExecutionStateTransition    - TM: ExecutionState set from FINISHING to FINISHED for task Close Triads (79/80)
03:54:30,249 INFO  eu.stratosphere.nephele.execution.ExecutionStateTransition    - TM: ExecutionState set from FINISHING to FINISHED for task Close Triads (76/80)
03:54:30,301 INFO  eu.stratosphere.nephele.execution.ExecutionStateTransition    - TM: ExecutionState set from FINISHING to FINISHED for task Close Triads (75/80)
03:54:49,340 INFO  eu.stratosphere.pact.runtime.task.RegularPactTask             - Finished PACT code.: Close Triads (77/80)
03:54:49,340 INFO  eu.stratosphere.nephele.execution.ExecutionStateTransition    - TM: ExecutionState set from RUNNING to FINISHING for task Close Triads (77/80)
03:54:49,374 INFO  eu.stratosphere.pact.runtime.task.DataSinkTask                - Finished PACT code: Triangles (77/80)
03:54:49,374 INFO  eu.stratosphere.nephele.execution.ExecutionStateTransition    - TM: ExecutionState set from RUNNING to FINISHING for task Triangles (77/80)
03:54:49,375 INFO  eu.stratosphere.nephele.execution.ExecutionStateTransition    - TM: ExecutionState set from FINISHING to FINISHED for task Triangles (77/80)
03:54:49,442 INFO  eu.stratosphere.nephele.execution.ExecutionStateTransition    - TM: ExecutionState set from FINISHING to FINISHED for task Close Triads (77/80)
