03:52:49,890 WARN  eu.stratosphere.nephele.configuration.GlobalConfiguration     - Cannot load configuration: unknown element plugins
03:52:49,927 INFO  eu.stratosphere.nephele.taskmanager.TaskManager               - Reading location of job manager from configuration
03:52:49,937 INFO  eu.stratosphere.nephele.taskmanager.TaskManager               - Determined address of job manager to be cloud-11.dima.tu-berlin.de/130.149.21.15:6002
03:52:49,946 INFO  eu.stratosphere.nephele.taskmanager.TaskManager               - Announcing connection information cloud-13 to job manager
03:52:50,011 INFO  eu.stratosphere.nephele.ipc.Server                            - IPC Server listener on 6122: starting
03:52:50,011 INFO  eu.stratosphere.nephele.ipc.Server                            - IPC Server Responder: starting
03:52:50,012 INFO  eu.stratosphere.nephele.ipc.Server                            - IPC Server handler 0 on 6122: starting
03:52:51,113 INFO  eu.stratosphere.nephele.taskmanager.bufferprovider.GlobalBufferPool  - Initialized global buffer pool with 32768 buffers with a size 32768 bytes each
03:52:51,133 INFO  eu.stratosphere.nephele.taskmanager.bytebuffered.ByteBufferedChannelManager  - Initialized byte buffered channel manager with sender-side spilling disabled
03:52:51,142 INFO  eu.stratosphere.nephele.instance.HardwareDescriptionFactory   - Found Tenured Gen pool (max: 24051843072, used: 0)
03:52:51,142 INFO  eu.stratosphere.nephele.taskmanager.TaskManager               - Initializing memory manager with 22528 megabytes of memory
03:53:20,424 INFO  eu.stratosphere.nephele.execution.ExecutionStateTransition    - TM: ExecutionState set from STARTING to RUNNING for task Input Edges (64/80)
03:53:20,425 INFO  eu.stratosphere.nephele.execution.ExecutionStateTransition    - TM: ExecutionState set from STARTING to RUNNING for task Input Edges (57/80)
03:53:20,425 INFO  eu.stratosphere.nephele.execution.ExecutionStateTransition    - TM: ExecutionState set from STARTING to RUNNING for task Input Edges (60/80)
03:53:20,424 INFO  eu.stratosphere.nephele.execution.ExecutionStateTransition    - TM: ExecutionState set from STARTING to RUNNING for task Input Edges (62/80)
03:53:20,424 INFO  eu.stratosphere.nephele.execution.ExecutionStateTransition    - TM: ExecutionState set from STARTING to RUNNING for task Input Edges (61/80)
03:53:20,424 INFO  eu.stratosphere.nephele.execution.ExecutionStateTransition    - TM: ExecutionState set from STARTING to RUNNING for task Input Edges (63/80)
03:53:20,424 INFO  eu.stratosphere.nephele.execution.ExecutionStateTransition    - TM: ExecutionState set from STARTING to RUNNING for task Input Edges (58/80)
03:53:20,424 INFO  eu.stratosphere.nephele.execution.ExecutionStateTransition    - TM: ExecutionState set from STARTING to RUNNING for task Input Edges (59/80)
03:53:20,432 INFO  eu.stratosphere.pact.runtime.task.DataSourceTask              - Start PACT code: Input Edges (64/80)
03:53:20,432 INFO  eu.stratosphere.pact.runtime.task.RegularPactTask             - Start PACT code: Project Edge (64/80)
03:53:20,434 INFO  eu.stratosphere.pact.runtime.task.DataSourceTask              - Start PACT code: Input Edges (58/80)
03:53:20,435 INFO  eu.stratosphere.pact.runtime.task.RegularPactTask             - Start PACT code: Project Edge (58/80)
03:53:20,438 INFO  eu.stratosphere.pact.runtime.task.DataSourceTask              - Start PACT code: Input Edges (63/80)
03:53:20,438 INFO  eu.stratosphere.pact.runtime.task.RegularPactTask             - Start PACT code: Project Edge (63/80)
03:53:20,439 INFO  eu.stratosphere.pact.runtime.task.DataSourceTask              - Start PACT code: Input Edges (61/80)
03:53:20,440 INFO  eu.stratosphere.pact.runtime.task.RegularPactTask             - Start PACT code: Project Edge (61/80)
03:53:20,441 INFO  eu.stratosphere.pact.runtime.task.DataSourceTask              - Start PACT code: Input Edges (62/80)
03:53:20,442 INFO  eu.stratosphere.pact.runtime.task.RegularPactTask             - Start PACT code: Project Edge (62/80)
03:53:20,443 INFO  eu.stratosphere.pact.runtime.task.DataSourceTask              - Start PACT code: Input Edges (60/80)
03:53:20,443 INFO  eu.stratosphere.pact.runtime.task.RegularPactTask             - Start PACT code: Project Edge (60/80)
03:53:20,445 INFO  eu.stratosphere.pact.runtime.task.DataSourceTask              - Start PACT code: Input Edges (57/80)
03:53:20,446 INFO  eu.stratosphere.pact.runtime.task.RegularPactTask             - Start PACT code: Project Edge (57/80)
03:53:20,448 INFO  eu.stratosphere.pact.runtime.task.DataSourceTask              - Start PACT code: Input Edges (59/80)
03:53:20,448 INFO  eu.stratosphere.pact.runtime.task.RegularPactTask             - Start PACT code: Project Edge (59/80)
03:53:21,527 INFO  eu.stratosphere.nephele.execution.ExecutionStateTransition    - TM: ExecutionState set from STARTING to RUNNING for task Count Edges for Vertex (57/80)
03:53:21,529 INFO  eu.stratosphere.pact.runtime.task.RegularPactTask             - Start PACT code.: Count Edges for Vertex (57/80)
03:53:21,562 INFO  eu.stratosphere.nephele.execution.ExecutionStateTransition    - TM: ExecutionState set from STARTING to RUNNING for task Count Edges for Vertex (62/80)
03:53:21,564 INFO  eu.stratosphere.pact.runtime.task.RegularPactTask             - Start PACT code.: Count Edges for Vertex (62/80)
03:53:21,588 INFO  eu.stratosphere.nephele.execution.ExecutionStateTransition    - TM: ExecutionState set from STARTING to RUNNING for task Count Edges for Vertex (59/80)
03:53:21,589 INFO  eu.stratosphere.pact.runtime.task.RegularPactTask             - Start PACT code.: Count Edges for Vertex (59/80)
03:53:21,611 INFO  eu.stratosphere.nephele.execution.ExecutionStateTransition    - TM: ExecutionState set from STARTING to RUNNING for task Count Edges for Vertex (61/80)
03:53:21,612 INFO  eu.stratosphere.pact.runtime.task.RegularPactTask             - Start PACT code.: Count Edges for Vertex (61/80)
03:53:22,015 INFO  eu.stratosphere.nephele.execution.ExecutionStateTransition    - TM: ExecutionState set from STARTING to RUNNING for task Count Edges for Vertex (64/80)
03:53:22,017 INFO  eu.stratosphere.pact.runtime.task.RegularPactTask             - Start PACT code.: Count Edges for Vertex (64/80)
03:53:22,032 INFO  eu.stratosphere.nephele.execution.ExecutionStateTransition    - TM: ExecutionState set from STARTING to RUNNING for task Count Edges for Vertex (63/80)
03:53:22,036 INFO  eu.stratosphere.pact.runtime.task.RegularPactTask             - Start PACT code.: Count Edges for Vertex (63/80)
03:53:22,054 INFO  eu.stratosphere.nephele.execution.ExecutionStateTransition    - TM: ExecutionState set from STARTING to RUNNING for task Count Edges for Vertex (60/80)
03:53:22,056 INFO  eu.stratosphere.pact.runtime.task.RegularPactTask             - Start PACT code.: Count Edges for Vertex (60/80)
03:53:22,152 INFO  eu.stratosphere.nephele.execution.ExecutionStateTransition    - TM: ExecutionState set from STARTING to RUNNING for task Count Edges for Vertex (58/80)
03:53:22,154 INFO  eu.stratosphere.pact.runtime.task.RegularPactTask             - Start PACT code.: Count Edges for Vertex (58/80)
03:53:25,537 INFO  eu.stratosphere.pact.runtime.task.RegularPactTask             - Finished PACT code: Project Edge (58/80)
03:53:25,537 INFO  eu.stratosphere.pact.runtime.task.DataSourceTask              - Finished PACT code: Input Edges (58/80)
03:53:25,537 INFO  eu.stratosphere.nephele.execution.ExecutionStateTransition    - TM: ExecutionState set from RUNNING to FINISHING for task Input Edges (58/80)
03:53:25,541 INFO  eu.stratosphere.pact.runtime.task.RegularPactTask             - Finished PACT code: Project Edge (64/80)
03:53:25,542 INFO  eu.stratosphere.pact.runtime.task.DataSourceTask              - Finished PACT code: Input Edges (64/80)
03:53:25,542 INFO  eu.stratosphere.nephele.execution.ExecutionStateTransition    - TM: ExecutionState set from RUNNING to FINISHING for task Input Edges (64/80)
03:53:25,556 INFO  eu.stratosphere.pact.runtime.task.RegularPactTask             - Finished PACT code: Project Edge (61/80)
03:53:25,556 INFO  eu.stratosphere.pact.runtime.task.DataSourceTask              - Finished PACT code: Input Edges (61/80)
03:53:25,556 INFO  eu.stratosphere.nephele.execution.ExecutionStateTransition    - TM: ExecutionState set from RUNNING to FINISHING for task Input Edges (61/80)
03:53:25,569 INFO  eu.stratosphere.pact.runtime.task.RegularPactTask             - Finished PACT code: Project Edge (60/80)
03:53:25,569 INFO  eu.stratosphere.pact.runtime.task.DataSourceTask              - Finished PACT code: Input Edges (60/80)
03:53:25,569 INFO  eu.stratosphere.nephele.execution.ExecutionStateTransition    - TM: ExecutionState set from RUNNING to FINISHING for task Input Edges (60/80)
03:53:25,571 INFO  eu.stratosphere.pact.runtime.task.RegularPactTask             - Finished PACT code: Project Edge (59/80)
03:53:25,572 INFO  eu.stratosphere.pact.runtime.task.DataSourceTask              - Finished PACT code: Input Edges (59/80)
03:53:25,572 INFO  eu.stratosphere.nephele.execution.ExecutionStateTransition    - TM: ExecutionState set from RUNNING to FINISHING for task Input Edges (59/80)
03:53:25,591 INFO  eu.stratosphere.pact.runtime.task.RegularPactTask             - Finished PACT code: Project Edge (63/80)
03:53:25,591 INFO  eu.stratosphere.pact.runtime.task.DataSourceTask              - Finished PACT code: Input Edges (63/80)
03:53:25,591 INFO  eu.stratosphere.nephele.execution.ExecutionStateTransition    - TM: ExecutionState set from RUNNING to FINISHING for task Input Edges (63/80)
03:53:25,640 INFO  eu.stratosphere.pact.runtime.task.RegularPactTask             - Finished PACT code: Project Edge (57/80)
03:53:25,641 INFO  eu.stratosphere.pact.runtime.task.DataSourceTask              - Finished PACT code: Input Edges (57/80)
03:53:25,641 INFO  eu.stratosphere.nephele.execution.ExecutionStateTransition    - TM: ExecutionState set from RUNNING to FINISHING for task Input Edges (57/80)
03:53:25,654 INFO  eu.stratosphere.pact.runtime.task.RegularPactTask             - Finished PACT code: Project Edge (62/80)
03:53:25,655 INFO  eu.stratosphere.pact.runtime.task.DataSourceTask              - Finished PACT code: Input Edges (62/80)
03:53:25,655 INFO  eu.stratosphere.nephele.execution.ExecutionStateTransition    - TM: ExecutionState set from RUNNING to FINISHING for task Input Edges (62/80)
03:53:29,496 INFO  eu.stratosphere.nephele.execution.ExecutionStateTransition    - TM: ExecutionState set from STARTING to RUNNING for task Select lower-degree Edge (57/80)
03:53:29,496 INFO  eu.stratosphere.nephele.execution.ExecutionStateTransition    - TM: ExecutionState set from STARTING to RUNNING for task Join Counts (57/80)
03:53:29,497 INFO  eu.stratosphere.nephele.execution.ExecutionStateTransition    - TM: ExecutionState set from STARTING to RUNNING for task Project out Counts (57/80)
03:53:29,501 INFO  eu.stratosphere.pact.runtime.task.RegularPactTask             - Start PACT code.: Select lower-degree Edge (57/80)
03:53:29,502 INFO  eu.stratosphere.pact.runtime.task.RegularPactTask             - Start PACT code.: Project out Counts (57/80)
03:53:29,503 INFO  eu.stratosphere.pact.runtime.task.RegularPactTask             - Start PACT code.: Join Counts (57/80)
03:53:29,536 INFO  eu.stratosphere.nephele.execution.ExecutionStateTransition    - TM: ExecutionState set from STARTING to RUNNING for task Join Counts (61/80)
03:53:29,537 INFO  eu.stratosphere.nephele.execution.ExecutionStateTransition    - TM: ExecutionState set from STARTING to RUNNING for task Project out Counts (61/80)
03:53:29,536 INFO  eu.stratosphere.nephele.execution.ExecutionStateTransition    - TM: ExecutionState set from STARTING to RUNNING for task Select lower-degree Edge (61/80)
03:53:29,538 INFO  eu.stratosphere.pact.runtime.task.RegularPactTask             - Start PACT code.: Join Counts (61/80)
03:53:29,539 INFO  eu.stratosphere.pact.runtime.task.RegularPactTask             - Start PACT code.: Select lower-degree Edge (61/80)
03:53:29,539 INFO  eu.stratosphere.pact.runtime.task.RegularPactTask             - Start PACT code.: Project out Counts (61/80)
03:53:29,571 INFO  eu.stratosphere.nephele.execution.ExecutionStateTransition    - TM: ExecutionState set from STARTING to RUNNING for task Join Counts (62/80)
03:53:29,571 INFO  eu.stratosphere.nephele.execution.ExecutionStateTransition    - TM: ExecutionState set from STARTING to RUNNING for task Select lower-degree Edge (62/80)
03:53:29,572 INFO  eu.stratosphere.nephele.execution.ExecutionStateTransition    - TM: ExecutionState set from STARTING to RUNNING for task Project out Counts (62/80)
03:53:29,573 INFO  eu.stratosphere.pact.runtime.task.RegularPactTask             - Start PACT code.: Join Counts (62/80)
03:53:29,573 INFO  eu.stratosphere.pact.runtime.task.RegularPactTask             - Start PACT code.: Select lower-degree Edge (62/80)
03:53:29,575 INFO  eu.stratosphere.pact.runtime.task.RegularPactTask             - Start PACT code.: Project out Counts (62/80)
03:53:29,696 INFO  eu.stratosphere.nephele.execution.ExecutionStateTransition    - TM: ExecutionState set from STARTING to RUNNING for task Join Counts (63/80)
03:53:29,696 INFO  eu.stratosphere.nephele.execution.ExecutionStateTransition    - TM: ExecutionState set from STARTING to RUNNING for task Select lower-degree Edge (63/80)
03:53:29,697 INFO  eu.stratosphere.pact.runtime.task.RegularPactTask             - Start PACT code.: Join Counts (63/80)
03:53:29,696 INFO  eu.stratosphere.nephele.execution.ExecutionStateTransition    - TM: ExecutionState set from STARTING to RUNNING for task Project out Counts (63/80)
03:53:29,698 INFO  eu.stratosphere.pact.runtime.task.RegularPactTask             - Start PACT code.: Select lower-degree Edge (63/80)
03:53:29,699 INFO  eu.stratosphere.pact.runtime.task.RegularPactTask             - Start PACT code.: Project out Counts (63/80)
03:53:29,724 INFO  eu.stratosphere.nephele.execution.ExecutionStateTransition    - TM: ExecutionState set from STARTING to RUNNING for task Join Counts (64/80)
03:53:29,725 INFO  eu.stratosphere.nephele.execution.ExecutionStateTransition    - TM: ExecutionState set from STARTING to RUNNING for task Project out Counts (64/80)
03:53:29,725 INFO  eu.stratosphere.nephele.execution.ExecutionStateTransition    - TM: ExecutionState set from STARTING to RUNNING for task Select lower-degree Edge (64/80)
03:53:29,726 INFO  eu.stratosphere.pact.runtime.task.RegularPactTask             - Start PACT code.: Join Counts (64/80)
03:53:29,727 INFO  eu.stratosphere.pact.runtime.task.RegularPactTask             - Start PACT code.: Project out Counts (64/80)
03:53:29,728 INFO  eu.stratosphere.pact.runtime.task.RegularPactTask             - Start PACT code.: Select lower-degree Edge (64/80)
03:53:29,764 INFO  eu.stratosphere.nephele.execution.ExecutionStateTransition    - TM: ExecutionState set from STARTING to RUNNING for task Join Counts (60/80)
03:53:29,766 INFO  eu.stratosphere.nephele.execution.ExecutionStateTransition    - TM: ExecutionState set from STARTING to RUNNING for task Select lower-degree Edge (60/80)
03:53:29,766 INFO  eu.stratosphere.pact.runtime.task.RegularPactTask             - Start PACT code.: Join Counts (60/80)
03:53:29,766 INFO  eu.stratosphere.nephele.execution.ExecutionStateTransition    - TM: ExecutionState set from STARTING to RUNNING for task Project out Counts (60/80)
03:53:29,767 INFO  eu.stratosphere.pact.runtime.task.RegularPactTask             - Start PACT code.: Select lower-degree Edge (60/80)
03:53:29,768 INFO  eu.stratosphere.pact.runtime.task.RegularPactTask             - Start PACT code.: Project out Counts (60/80)
03:53:29,876 INFO  eu.stratosphere.nephele.execution.ExecutionStateTransition    - TM: ExecutionState set from STARTING to RUNNING for task Join Counts (58/80)
03:53:29,877 INFO  eu.stratosphere.nephele.execution.ExecutionStateTransition    - TM: ExecutionState set from STARTING to RUNNING for task Select lower-degree Edge (58/80)
03:53:29,877 INFO  eu.stratosphere.nephele.execution.ExecutionStateTransition    - TM: ExecutionState set from STARTING to RUNNING for task Project out Counts (58/80)
03:53:29,878 INFO  eu.stratosphere.pact.runtime.task.RegularPactTask             - Start PACT code.: Join Counts (58/80)
03:53:29,879 INFO  eu.stratosphere.pact.runtime.task.RegularPactTask             - Start PACT code.: Select lower-degree Edge (58/80)
03:53:29,880 INFO  eu.stratosphere.pact.runtime.task.RegularPactTask             - Start PACT code.: Project out Counts (58/80)
03:53:30,006 INFO  eu.stratosphere.nephele.execution.ExecutionStateTransition    - TM: ExecutionState set from STARTING to RUNNING for task Join Counts (59/80)
03:53:30,007 INFO  eu.stratosphere.nephele.execution.ExecutionStateTransition    - TM: ExecutionState set from STARTING to RUNNING for task Select lower-degree Edge (59/80)
03:53:30,008 INFO  eu.stratosphere.pact.runtime.task.RegularPactTask             - Start PACT code.: Join Counts (59/80)
03:53:30,007 INFO  eu.stratosphere.nephele.execution.ExecutionStateTransition    - TM: ExecutionState set from STARTING to RUNNING for task Project out Counts (59/80)
03:53:30,009 INFO  eu.stratosphere.pact.runtime.task.RegularPactTask             - Start PACT code.: Select lower-degree Edge (59/80)
03:53:30,010 INFO  eu.stratosphere.pact.runtime.task.RegularPactTask             - Start PACT code.: Project out Counts (59/80)
03:53:30,895 INFO  eu.stratosphere.pact.runtime.task.RegularPactTask             - Finished PACT code.: Count Edges for Vertex (58/80)
03:53:30,895 INFO  eu.stratosphere.nephele.execution.ExecutionStateTransition    - TM: ExecutionState set from RUNNING to FINISHING for task Count Edges for Vertex (58/80)
03:53:30,909 INFO  eu.stratosphere.pact.runtime.task.RegularPactTask             - Finished PACT code.: Count Edges for Vertex (57/80)
03:53:30,909 INFO  eu.stratosphere.nephele.execution.ExecutionStateTransition    - TM: ExecutionState set from RUNNING to FINISHING for task Count Edges for Vertex (57/80)
03:53:31,136 INFO  eu.stratosphere.pact.runtime.task.RegularPactTask             - Finished PACT code.: Count Edges for Vertex (61/80)
03:53:31,136 INFO  eu.stratosphere.nephele.execution.ExecutionStateTransition    - TM: ExecutionState set from RUNNING to FINISHING for task Count Edges for Vertex (61/80)
03:53:31,193 INFO  eu.stratosphere.pact.runtime.task.RegularPactTask             - Finished PACT code.: Count Edges for Vertex (60/80)
03:53:31,193 INFO  eu.stratosphere.nephele.execution.ExecutionStateTransition    - TM: ExecutionState set from RUNNING to FINISHING for task Count Edges for Vertex (60/80)
03:53:31,622 INFO  eu.stratosphere.pact.runtime.task.RegularPactTask             - Finished PACT code.: Count Edges for Vertex (63/80)
03:53:31,622 INFO  eu.stratosphere.nephele.execution.ExecutionStateTransition    - TM: ExecutionState set from RUNNING to FINISHING for task Count Edges for Vertex (63/80)
03:53:31,653 INFO  eu.stratosphere.pact.runtime.task.RegularPactTask             - Finished PACT code.: Count Edges for Vertex (62/80)
03:53:31,653 INFO  eu.stratosphere.nephele.execution.ExecutionStateTransition    - TM: ExecutionState set from RUNNING to FINISHING for task Count Edges for Vertex (62/80)
03:53:31,668 INFO  eu.stratosphere.pact.runtime.task.RegularPactTask             - Finished PACT code.: Count Edges for Vertex (64/80)
03:53:31,668 INFO  eu.stratosphere.nephele.execution.ExecutionStateTransition    - TM: ExecutionState set from RUNNING to FINISHING for task Count Edges for Vertex (64/80)
03:53:31,675 INFO  eu.stratosphere.pact.runtime.task.RegularPactTask             - Finished PACT code.: Count Edges for Vertex (59/80)
03:53:31,675 INFO  eu.stratosphere.nephele.execution.ExecutionStateTransition    - TM: ExecutionState set from RUNNING to FINISHING for task Count Edges for Vertex (59/80)
03:53:32,664 INFO  eu.stratosphere.nephele.execution.ExecutionStateTransition    - TM: ExecutionState set from FINISHING to FINISHED for task Input Edges (57/80)
03:53:32,668 INFO  eu.stratosphere.nephele.execution.ExecutionStateTransition    - TM: ExecutionState set from FINISHING to FINISHED for task Input Edges (58/80)
03:53:32,669 INFO  eu.stratosphere.nephele.execution.ExecutionStateTransition    - TM: ExecutionState set from FINISHING to FINISHED for task Input Edges (64/80)
03:53:32,678 INFO  eu.stratosphere.nephele.execution.ExecutionStateTransition    - TM: ExecutionState set from FINISHING to FINISHED for task Input Edges (61/80)
03:53:32,681 INFO  eu.stratosphere.nephele.execution.ExecutionStateTransition    - TM: ExecutionState set from FINISHING to FINISHED for task Input Edges (62/80)
03:53:32,695 INFO  eu.stratosphere.nephele.execution.ExecutionStateTransition    - TM: ExecutionState set from FINISHING to FINISHED for task Input Edges (60/80)
03:53:32,700 INFO  eu.stratosphere.nephele.execution.ExecutionStateTransition    - TM: ExecutionState set from FINISHING to FINISHED for task Input Edges (59/80)
03:53:32,718 INFO  eu.stratosphere.nephele.execution.ExecutionStateTransition    - TM: ExecutionState set from FINISHING to FINISHED for task Input Edges (63/80)
03:53:33,891 INFO  eu.stratosphere.nephele.execution.ExecutionStateTransition    - TM: ExecutionState set from STARTING to RUNNING for task Close Triads (59/80)
03:53:33,892 INFO  eu.stratosphere.nephele.execution.ExecutionStateTransition    - TM: ExecutionState set from STARTING to RUNNING for task Triangles (59/80)
03:53:33,896 INFO  eu.stratosphere.pact.runtime.task.RegularPactTask             - Start PACT code.: Close Triads (59/80)
03:53:33,901 INFO  eu.stratosphere.pact.runtime.task.DataSinkTask                - Start PACT code: Triangles (59/80)
03:53:33,955 INFO  eu.stratosphere.nephele.execution.ExecutionStateTransition    - TM: ExecutionState set from STARTING to RUNNING for task Close Triads (60/80)
03:53:33,955 INFO  eu.stratosphere.nephele.execution.ExecutionStateTransition    - TM: ExecutionState set from STARTING to RUNNING for task Triangles (60/80)
03:53:33,956 INFO  eu.stratosphere.pact.runtime.task.RegularPactTask             - Start PACT code.: Close Triads (60/80)
03:53:33,957 INFO  eu.stratosphere.pact.runtime.task.DataSinkTask                - Start PACT code: Triangles (60/80)
03:53:33,970 INFO  eu.stratosphere.nephele.execution.ExecutionStateTransition    - TM: ExecutionState set from STARTING to RUNNING for task Close Triads (63/80)
03:53:33,970 INFO  eu.stratosphere.nephele.execution.ExecutionStateTransition    - TM: ExecutionState set from STARTING to RUNNING for task Triangles (63/80)
03:53:33,971 INFO  eu.stratosphere.pact.runtime.task.RegularPactTask             - Start PACT code.: Close Triads (63/80)
03:53:33,972 INFO  eu.stratosphere.pact.runtime.task.DataSinkTask                - Start PACT code: Triangles (63/80)
03:53:33,982 INFO  eu.stratosphere.nephele.execution.ExecutionStateTransition    - TM: ExecutionState set from STARTING to RUNNING for task Close Triads (58/80)
03:53:33,991 INFO  eu.stratosphere.nephele.execution.ExecutionStateTransition    - TM: ExecutionState set from STARTING to RUNNING for task Triangles (58/80)
03:53:33,992 INFO  eu.stratosphere.pact.runtime.task.RegularPactTask             - Start PACT code.: Close Triads (58/80)
03:53:33,993 INFO  eu.stratosphere.nephele.execution.ExecutionStateTransition    - TM: ExecutionState set from STARTING to RUNNING for task Close Triads (61/80)
03:53:33,994 INFO  eu.stratosphere.nephele.execution.ExecutionStateTransition    - TM: ExecutionState set from STARTING to RUNNING for task Triangles (61/80)
03:53:33,994 INFO  eu.stratosphere.pact.runtime.task.RegularPactTask             - Start PACT code.: Close Triads (61/80)
03:53:33,995 INFO  eu.stratosphere.pact.runtime.task.DataSinkTask                - Start PACT code: Triangles (61/80)
03:53:33,995 INFO  eu.stratosphere.pact.runtime.task.DataSinkTask                - Start PACT code: Triangles (58/80)
03:53:34,004 INFO  eu.stratosphere.nephele.execution.ExecutionStateTransition    - TM: ExecutionState set from STARTING to RUNNING for task Close Triads (64/80)
03:53:34,004 INFO  eu.stratosphere.pact.runtime.task.RegularPactTask             - Start PACT code.: Close Triads (64/80)
03:53:34,006 INFO  eu.stratosphere.nephele.execution.ExecutionStateTransition    - TM: ExecutionState set from STARTING to RUNNING for task Triangles (64/80)
03:53:34,007 INFO  eu.stratosphere.pact.runtime.task.DataSinkTask                - Start PACT code: Triangles (64/80)
03:53:34,049 INFO  eu.stratosphere.nephele.execution.ExecutionStateTransition    - TM: ExecutionState set from STARTING to RUNNING for task Triangles (62/80)
03:53:34,051 INFO  eu.stratosphere.nephele.execution.ExecutionStateTransition    - TM: ExecutionState set from STARTING to RUNNING for task Close Triads (62/80)
03:53:34,051 INFO  eu.stratosphere.pact.runtime.task.DataSinkTask                - Start PACT code: Triangles (62/80)
03:53:34,051 INFO  eu.stratosphere.pact.runtime.task.RegularPactTask             - Start PACT code.: Close Triads (62/80)
03:53:34,069 INFO  eu.stratosphere.nephele.execution.ExecutionStateTransition    - TM: ExecutionState set from STARTING to RUNNING for task Close Triads (57/80)
03:53:34,070 INFO  eu.stratosphere.nephele.execution.ExecutionStateTransition    - TM: ExecutionState set from STARTING to RUNNING for task Triangles (57/80)
03:53:34,070 INFO  eu.stratosphere.pact.runtime.task.RegularPactTask             - Start PACT code.: Close Triads (57/80)
03:53:34,070 INFO  eu.stratosphere.pact.runtime.task.DataSinkTask                - Start PACT code: Triangles (57/80)
03:53:34,152 INFO  eu.stratosphere.nephele.execution.ExecutionStateTransition    - TM: ExecutionState set from STARTING to RUNNING for task Build Triads (60/80)
03:53:34,153 INFO  eu.stratosphere.pact.runtime.task.RegularPactTask             - Start PACT code.: Build Triads (60/80)
03:53:34,169 INFO  eu.stratosphere.nephele.execution.ExecutionStateTransition    - TM: ExecutionState set from STARTING to RUNNING for task Build Triads (61/80)
03:53:34,170 INFO  eu.stratosphere.pact.runtime.task.RegularPactTask             - Start PACT code.: Build Triads (61/80)
03:53:34,320 INFO  eu.stratosphere.nephele.execution.ExecutionStateTransition    - TM: ExecutionState set from STARTING to RUNNING for task Build Triads (58/80)
03:53:34,321 INFO  eu.stratosphere.pact.runtime.task.RegularPactTask             - Start PACT code.: Build Triads (58/80)
03:53:34,336 INFO  eu.stratosphere.nephele.execution.ExecutionStateTransition    - TM: ExecutionState set from STARTING to RUNNING for task Build Triads (64/80)
03:53:34,337 INFO  eu.stratosphere.pact.runtime.task.RegularPactTask             - Start PACT code.: Build Triads (64/80)
03:53:34,364 INFO  eu.stratosphere.nephele.execution.ExecutionStateTransition    - TM: ExecutionState set from STARTING to RUNNING for task Build Triads (62/80)
03:53:34,365 INFO  eu.stratosphere.pact.runtime.task.RegularPactTask             - Start PACT code.: Build Triads (62/80)
03:53:34,540 INFO  eu.stratosphere.nephele.execution.ExecutionStateTransition    - TM: ExecutionState set from STARTING to RUNNING for task Build Triads (63/80)
03:53:34,542 INFO  eu.stratosphere.pact.runtime.task.RegularPactTask             - Start PACT code.: Build Triads (63/80)
03:53:34,658 INFO  eu.stratosphere.nephele.execution.ExecutionStateTransition    - TM: ExecutionState set from STARTING to RUNNING for task Build Triads (57/80)
03:53:34,658 INFO  eu.stratosphere.pact.runtime.task.RegularPactTask             - Start PACT code.: Build Triads (57/80)
03:53:34,720 INFO  eu.stratosphere.nephele.execution.ExecutionStateTransition    - TM: ExecutionState set from STARTING to RUNNING for task Build Triads (59/80)
03:53:34,721 INFO  eu.stratosphere.pact.runtime.task.RegularPactTask             - Start PACT code.: Build Triads (59/80)
03:53:35,588 INFO  eu.stratosphere.pact.runtime.task.RegularPactTask             - Finished PACT code.: Join Counts (59/80)
03:53:35,588 INFO  eu.stratosphere.nephele.execution.ExecutionStateTransition    - TM: ExecutionState set from RUNNING to FINISHING for task Join Counts (59/80)
03:53:35,590 INFO  eu.stratosphere.pact.runtime.task.RegularPactTask             - Finished PACT code.: Select lower-degree Edge (59/80)
03:53:35,591 INFO  eu.stratosphere.pact.runtime.task.RegularPactTask             - Finished PACT code.: Project out Counts (59/80)
03:53:35,591 INFO  eu.stratosphere.nephele.execution.ExecutionStateTransition    - TM: ExecutionState set from RUNNING to FINISHING for task Select lower-degree Edge (59/80)
03:53:35,591 INFO  eu.stratosphere.nephele.execution.ExecutionStateTransition    - TM: ExecutionState set from RUNNING to FINISHING for task Project out Counts (59/80)
03:53:35,690 INFO  eu.stratosphere.nephele.execution.ExecutionStateTransition    - TM: ExecutionState set from FINISHING to FINISHED for task Join Counts (59/80)
03:53:35,833 INFO  eu.stratosphere.pact.runtime.task.RegularPactTask             - Finished PACT code.: Join Counts (64/80)
03:53:35,833 INFO  eu.stratosphere.nephele.execution.ExecutionStateTransition    - TM: ExecutionState set from RUNNING to FINISHING for task Join Counts (64/80)
03:53:35,836 INFO  eu.stratosphere.pact.runtime.task.RegularPactTask             - Finished PACT code.: Project out Counts (64/80)
03:53:35,836 INFO  eu.stratosphere.pact.runtime.task.RegularPactTask             - Finished PACT code.: Select lower-degree Edge (64/80)
03:53:35,836 INFO  eu.stratosphere.nephele.execution.ExecutionStateTransition    - TM: ExecutionState set from RUNNING to FINISHING for task Project out Counts (64/80)
03:53:35,836 INFO  eu.stratosphere.nephele.execution.ExecutionStateTransition    - TM: ExecutionState set from RUNNING to FINISHING for task Select lower-degree Edge (64/80)
03:53:35,901 INFO  eu.stratosphere.pact.runtime.task.RegularPactTask             - Finished PACT code.: Join Counts (60/80)
03:53:35,901 INFO  eu.stratosphere.nephele.execution.ExecutionStateTransition    - TM: ExecutionState set from RUNNING to FINISHING for task Join Counts (60/80)
03:53:35,902 INFO  eu.stratosphere.pact.runtime.task.RegularPactTask             - Finished PACT code.: Select lower-degree Edge (60/80)
03:53:35,903 INFO  eu.stratosphere.nephele.execution.ExecutionStateTransition    - TM: ExecutionState set from RUNNING to FINISHING for task Select lower-degree Edge (60/80)
03:53:35,902 INFO  eu.stratosphere.pact.runtime.task.RegularPactTask             - Finished PACT code.: Project out Counts (60/80)
03:53:35,907 INFO  eu.stratosphere.nephele.execution.ExecutionStateTransition    - TM: ExecutionState set from RUNNING to FINISHING for task Project out Counts (60/80)
03:53:35,935 INFO  eu.stratosphere.nephele.execution.ExecutionStateTransition    - TM: ExecutionState set from FINISHING to FINISHED for task Join Counts (64/80)
03:53:35,940 INFO  eu.stratosphere.pact.runtime.task.RegularPactTask             - Finished PACT code.: Join Counts (61/80)
03:53:35,940 INFO  eu.stratosphere.nephele.execution.ExecutionStateTransition    - TM: ExecutionState set from RUNNING to FINISHING for task Join Counts (61/80)
03:53:35,942 INFO  eu.stratosphere.pact.runtime.task.RegularPactTask             - Finished PACT code.: Project out Counts (61/80)
03:53:35,942 INFO  eu.stratosphere.pact.runtime.task.RegularPactTask             - Finished PACT code.: Select lower-degree Edge (61/80)
03:53:35,942 INFO  eu.stratosphere.nephele.execution.ExecutionStateTransition    - TM: ExecutionState set from RUNNING to FINISHING for task Project out Counts (61/80)
03:53:35,942 INFO  eu.stratosphere.nephele.execution.ExecutionStateTransition    - TM: ExecutionState set from RUNNING to FINISHING for task Select lower-degree Edge (61/80)
03:53:36,002 INFO  eu.stratosphere.nephele.execution.ExecutionStateTransition    - TM: ExecutionState set from FINISHING to FINISHED for task Join Counts (60/80)
03:53:36,003 INFO  eu.stratosphere.pact.runtime.task.RegularPactTask             - Finished PACT code.: Join Counts (63/80)
03:53:36,003 INFO  eu.stratosphere.nephele.execution.ExecutionStateTransition    - TM: ExecutionState set from RUNNING to FINISHING for task Join Counts (63/80)
03:53:36,005 INFO  eu.stratosphere.pact.runtime.task.RegularPactTask             - Finished PACT code.: Project out Counts (63/80)
03:53:36,005 INFO  eu.stratosphere.nephele.execution.ExecutionStateTransition    - TM: ExecutionState set from RUNNING to FINISHING for task Project out Counts (63/80)
03:53:36,005 INFO  eu.stratosphere.pact.runtime.task.RegularPactTask             - Finished PACT code.: Select lower-degree Edge (63/80)
03:53:36,006 INFO  eu.stratosphere.nephele.execution.ExecutionStateTransition    - TM: ExecutionState set from RUNNING to FINISHING for task Select lower-degree Edge (63/80)
03:53:36,014 INFO  eu.stratosphere.pact.runtime.task.RegularPactTask             - Finished PACT code.: Join Counts (58/80)
03:53:36,014 INFO  eu.stratosphere.nephele.execution.ExecutionStateTransition    - TM: ExecutionState set from RUNNING to FINISHING for task Join Counts (58/80)
03:53:36,016 INFO  eu.stratosphere.pact.runtime.task.RegularPactTask             - Finished PACT code.: Project out Counts (58/80)
03:53:36,016 INFO  eu.stratosphere.pact.runtime.task.RegularPactTask             - Finished PACT code.: Select lower-degree Edge (58/80)
03:53:36,016 INFO  eu.stratosphere.nephele.execution.ExecutionStateTransition    - TM: ExecutionState set from RUNNING to FINISHING for task Project out Counts (58/80)
03:53:36,017 INFO  eu.stratosphere.nephele.execution.ExecutionStateTransition    - TM: ExecutionState set from RUNNING to FINISHING for task Select lower-degree Edge (58/80)
03:53:36,042 INFO  eu.stratosphere.nephele.execution.ExecutionStateTransition    - TM: ExecutionState set from FINISHING to FINISHED for task Join Counts (61/80)
03:53:36,042 INFO  eu.stratosphere.pact.runtime.task.RegularPactTask             - Finished PACT code.: Join Counts (62/80)
03:53:36,042 INFO  eu.stratosphere.nephele.execution.ExecutionStateTransition    - TM: ExecutionState set from RUNNING to FINISHING for task Join Counts (62/80)
03:53:36,044 INFO  eu.stratosphere.pact.runtime.task.RegularPactTask             - Finished PACT code.: Select lower-degree Edge (62/80)
03:53:36,044 INFO  eu.stratosphere.pact.runtime.task.RegularPactTask             - Finished PACT code.: Project out Counts (62/80)
03:53:36,044 INFO  eu.stratosphere.nephele.execution.ExecutionStateTransition    - TM: ExecutionState set from RUNNING to FINISHING for task Select lower-degree Edge (62/80)
03:53:36,045 INFO  eu.stratosphere.nephele.execution.ExecutionStateTransition    - TM: ExecutionState set from RUNNING to FINISHING for task Project out Counts (62/80)
03:53:36,081 INFO  eu.stratosphere.pact.runtime.task.RegularPactTask             - Finished PACT code.: Join Counts (57/80)
03:53:36,082 INFO  eu.stratosphere.nephele.execution.ExecutionStateTransition    - TM: ExecutionState set from RUNNING to FINISHING for task Join Counts (57/80)
03:53:36,083 INFO  eu.stratosphere.pact.runtime.task.RegularPactTask             - Finished PACT code.: Select lower-degree Edge (57/80)
03:53:36,083 INFO  eu.stratosphere.pact.runtime.task.RegularPactTask             - Finished PACT code.: Project out Counts (57/80)
03:53:36,084 INFO  eu.stratosphere.nephele.execution.ExecutionStateTransition    - TM: ExecutionState set from RUNNING to FINISHING for task Select lower-degree Edge (57/80)
03:53:36,084 INFO  eu.stratosphere.nephele.execution.ExecutionStateTransition    - TM: ExecutionState set from RUNNING to FINISHING for task Project out Counts (57/80)
03:53:36,105 INFO  eu.stratosphere.nephele.execution.ExecutionStateTransition    - TM: ExecutionState set from FINISHING to FINISHED for task Join Counts (63/80)
03:53:36,116 INFO  eu.stratosphere.nephele.execution.ExecutionStateTransition    - TM: ExecutionState set from FINISHING to FINISHED for task Join Counts (58/80)
03:53:36,144 INFO  eu.stratosphere.nephele.execution.ExecutionStateTransition    - TM: ExecutionState set from FINISHING to FINISHED for task Join Counts (62/80)
03:53:36,183 INFO  eu.stratosphere.nephele.execution.ExecutionStateTransition    - TM: ExecutionState set from FINISHING to FINISHED for task Join Counts (57/80)
03:53:36,830 INFO  eu.stratosphere.nephele.execution.ExecutionStateTransition    - TM: ExecutionState set from FINISHING to FINISHED for task Count Edges for Vertex (57/80)
03:53:36,861 INFO  eu.stratosphere.nephele.execution.ExecutionStateTransition    - TM: ExecutionState set from FINISHING to FINISHED for task Count Edges for Vertex (61/80)
03:53:36,866 INFO  eu.stratosphere.nephele.execution.ExecutionStateTransition    - TM: ExecutionState set from FINISHING to FINISHED for task Count Edges for Vertex (62/80)
03:53:36,882 INFO  eu.stratosphere.nephele.execution.ExecutionStateTransition    - TM: ExecutionState set from FINISHING to FINISHED for task Count Edges for Vertex (64/80)
03:53:36,888 INFO  eu.stratosphere.nephele.execution.ExecutionStateTransition    - TM: ExecutionState set from FINISHING to FINISHED for task Count Edges for Vertex (59/80)
03:53:36,910 INFO  eu.stratosphere.nephele.execution.ExecutionStateTransition    - TM: ExecutionState set from FINISHING to FINISHED for task Count Edges for Vertex (60/80)
03:53:36,918 INFO  eu.stratosphere.nephele.execution.ExecutionStateTransition    - TM: ExecutionState set from FINISHING to FINISHED for task Count Edges for Vertex (58/80)
03:53:36,938 INFO  eu.stratosphere.nephele.execution.ExecutionStateTransition    - TM: ExecutionState set from FINISHING to FINISHED for task Count Edges for Vertex (63/80)
03:54:01,396 INFO  eu.stratosphere.pact.runtime.task.RegularPactTask             - Finished PACT code.: Build Triads (57/80)
03:54:01,396 INFO  eu.stratosphere.nephele.execution.ExecutionStateTransition    - TM: ExecutionState set from RUNNING to FINISHING for task Build Triads (57/80)
03:54:05,600 INFO  eu.stratosphere.pact.runtime.task.RegularPactTask             - Finished PACT code.: Build Triads (60/80)
03:54:05,600 INFO  eu.stratosphere.nephele.execution.ExecutionStateTransition    - TM: ExecutionState set from RUNNING to FINISHING for task Build Triads (60/80)
03:54:05,667 INFO  eu.stratosphere.pact.runtime.task.RegularPactTask             - Finished PACT code.: Build Triads (59/80)
03:54:05,668 INFO  eu.stratosphere.nephele.execution.ExecutionStateTransition    - TM: ExecutionState set from RUNNING to FINISHING for task Build Triads (59/80)
03:54:07,216 INFO  eu.stratosphere.pact.runtime.task.RegularPactTask             - Finished PACT code.: Build Triads (58/80)
03:54:07,216 INFO  eu.stratosphere.nephele.execution.ExecutionStateTransition    - TM: ExecutionState set from RUNNING to FINISHING for task Build Triads (58/80)
03:54:08,423 INFO  eu.stratosphere.pact.runtime.task.RegularPactTask             - Finished PACT code.: Build Triads (63/80)
03:54:08,424 INFO  eu.stratosphere.nephele.execution.ExecutionStateTransition    - TM: ExecutionState set from RUNNING to FINISHING for task Build Triads (63/80)
03:54:09,524 INFO  eu.stratosphere.pact.runtime.task.RegularPactTask             - Finished PACT code.: Build Triads (64/80)
03:54:09,524 INFO  eu.stratosphere.nephele.execution.ExecutionStateTransition    - TM: ExecutionState set from RUNNING to FINISHING for task Build Triads (64/80)
03:54:09,525 INFO  eu.stratosphere.pact.runtime.task.RegularPactTask             - Finished PACT code.: Build Triads (61/80)
03:54:09,525 INFO  eu.stratosphere.nephele.execution.ExecutionStateTransition    - TM: ExecutionState set from RUNNING to FINISHING for task Build Triads (61/80)
03:54:17,312 INFO  eu.stratosphere.pact.runtime.task.RegularPactTask             - Finished PACT code.: Build Triads (62/80)
03:54:17,313 INFO  eu.stratosphere.nephele.execution.ExecutionStateTransition    - TM: ExecutionState set from RUNNING to FINISHING for task Build Triads (62/80)
03:54:34,016 INFO  eu.stratosphere.nephele.execution.ExecutionStateTransition    - TM: ExecutionState set from FINISHING to FINISHED for task Select lower-degree Edge (60/80)
03:54:34,020 INFO  eu.stratosphere.nephele.execution.ExecutionStateTransition    - TM: ExecutionState set from FINISHING to FINISHED for task Select lower-degree Edge (63/80)
03:54:34,025 INFO  eu.stratosphere.nephele.execution.ExecutionStateTransition    - TM: ExecutionState set from FINISHING to FINISHED for task Select lower-degree Edge (58/80)
03:54:34,047 INFO  eu.stratosphere.nephele.execution.ExecutionStateTransition    - TM: ExecutionState set from FINISHING to FINISHED for task Select lower-degree Edge (64/80)
03:54:34,059 INFO  eu.stratosphere.nephele.execution.ExecutionStateTransition    - TM: ExecutionState set from FINISHING to FINISHED for task Select lower-degree Edge (61/80)
03:54:34,060 INFO  eu.stratosphere.nephele.execution.ExecutionStateTransition    - TM: ExecutionState set from FINISHING to FINISHED for task Select lower-degree Edge (62/80)
03:54:34,068 INFO  eu.stratosphere.pact.runtime.task.RegularPactTask             - Finished PACT code.: Close Triads (62/80)
03:54:34,069 INFO  eu.stratosphere.nephele.execution.ExecutionStateTransition    - TM: ExecutionState set from RUNNING to FINISHING for task Close Triads (62/80)
03:54:34,070 INFO  eu.stratosphere.pact.runtime.task.RegularPactTask             - Finished PACT code.: Close Triads (59/80)
03:54:34,070 INFO  eu.stratosphere.nephele.execution.ExecutionStateTransition    - TM: ExecutionState set from RUNNING to FINISHING for task Close Triads (59/80)
03:54:34,074 INFO  eu.stratosphere.pact.runtime.task.RegularPactTask             - Finished PACT code.: Close Triads (58/80)
03:54:34,074 INFO  eu.stratosphere.nephele.execution.ExecutionStateTransition    - TM: ExecutionState set from RUNNING to FINISHING for task Close Triads (58/80)
03:54:34,086 INFO  eu.stratosphere.pact.runtime.task.RegularPactTask             - Finished PACT code.: Close Triads (61/80)
03:54:34,086 INFO  eu.stratosphere.nephele.execution.ExecutionStateTransition    - TM: ExecutionState set from RUNNING to FINISHING for task Close Triads (61/80)
03:54:34,089 INFO  eu.stratosphere.nephele.execution.ExecutionStateTransition    - TM: ExecutionState set from FINISHING to FINISHED for task Select lower-degree Edge (57/80)
03:54:34,099 INFO  eu.stratosphere.nephele.execution.ExecutionStateTransition    - TM: ExecutionState set from FINISHING to FINISHED for task Select lower-degree Edge (59/80)
03:54:34,107 INFO  eu.stratosphere.pact.runtime.task.RegularPactTask             - Finished PACT code.: Close Triads (63/80)
03:54:34,108 INFO  eu.stratosphere.nephele.execution.ExecutionStateTransition    - TM: ExecutionState set from RUNNING to FINISHING for task Close Triads (63/80)
03:54:34,132 INFO  eu.stratosphere.pact.runtime.task.RegularPactTask             - Finished PACT code.: Close Triads (60/80)
03:54:34,132 INFO  eu.stratosphere.nephele.execution.ExecutionStateTransition    - TM: ExecutionState set from RUNNING to FINISHING for task Close Triads (60/80)
03:54:34,142 INFO  eu.stratosphere.pact.runtime.task.RegularPactTask             - Finished PACT code.: Close Triads (64/80)
03:54:34,142 INFO  eu.stratosphere.nephele.execution.ExecutionStateTransition    - TM: ExecutionState set from RUNNING to FINISHING for task Close Triads (64/80)
03:54:34,199 INFO  eu.stratosphere.pact.runtime.task.DataSinkTask                - Finished PACT code: Triangles (62/80)
03:54:34,200 INFO  eu.stratosphere.nephele.execution.ExecutionStateTransition    - TM: ExecutionState set from RUNNING to FINISHING for task Triangles (62/80)
03:54:34,201 INFO  eu.stratosphere.nephele.execution.ExecutionStateTransition    - TM: ExecutionState set from FINISHING to FINISHED for task Triangles (62/80)
03:54:34,271 INFO  eu.stratosphere.nephele.execution.ExecutionStateTransition    - TM: ExecutionState set from FINISHING to FINISHED for task Close Triads (62/80)
03:54:34,563 INFO  eu.stratosphere.pact.runtime.task.DataSinkTask                - Finished PACT code: Triangles (60/80)
03:54:34,563 INFO  eu.stratosphere.nephele.execution.ExecutionStateTransition    - TM: ExecutionState set from RUNNING to FINISHING for task Triangles (60/80)
03:54:34,564 INFO  eu.stratosphere.pact.runtime.task.DataSinkTask                - Finished PACT code: Triangles (63/80)
03:54:34,564 INFO  eu.stratosphere.nephele.execution.ExecutionStateTransition    - TM: ExecutionState set from FINISHING to FINISHED for task Triangles (60/80)
03:54:34,564 INFO  eu.stratosphere.nephele.execution.ExecutionStateTransition    - TM: ExecutionState set from RUNNING to FINISHING for task Triangles (63/80)
03:54:34,566 INFO  eu.stratosphere.nephele.execution.ExecutionStateTransition    - TM: ExecutionState set from FINISHING to FINISHED for task Triangles (63/80)
03:54:34,603 INFO  eu.stratosphere.pact.runtime.task.DataSinkTask                - Finished PACT code: Triangles (64/80)
03:54:34,603 INFO  eu.stratosphere.pact.runtime.task.DataSinkTask                - Finished PACT code: Triangles (59/80)
03:54:34,604 INFO  eu.stratosphere.nephele.execution.ExecutionStateTransition    - TM: ExecutionState set from RUNNING to FINISHING for task Triangles (64/80)
03:54:34,603 INFO  eu.stratosphere.pact.runtime.task.DataSinkTask                - Finished PACT code: Triangles (61/80)
03:54:34,603 INFO  eu.stratosphere.pact.runtime.task.DataSinkTask                - Finished PACT code: Triangles (58/80)
03:54:34,605 INFO  eu.stratosphere.nephele.execution.ExecutionStateTransition    - TM: ExecutionState set from FINISHING to FINISHED for task Triangles (64/80)
03:54:34,605 INFO  eu.stratosphere.nephele.execution.ExecutionStateTransition    - TM: ExecutionState set from RUNNING to FINISHING for task Triangles (61/80)
03:54:34,604 INFO  eu.stratosphere.nephele.execution.ExecutionStateTransition    - TM: ExecutionState set from RUNNING to FINISHING for task Triangles (59/80)
03:54:34,605 INFO  eu.stratosphere.nephele.execution.ExecutionStateTransition    - TM: ExecutionState set from RUNNING to FINISHING for task Triangles (58/80)
03:54:34,607 INFO  eu.stratosphere.nephele.execution.ExecutionStateTransition    - TM: ExecutionState set from FINISHING to FINISHED for task Triangles (61/80)
03:54:34,607 INFO  eu.stratosphere.nephele.execution.ExecutionStateTransition    - TM: ExecutionState set from FINISHING to FINISHED for task Triangles (59/80)
03:54:34,608 INFO  eu.stratosphere.nephele.execution.ExecutionStateTransition    - TM: ExecutionState set from FINISHING to FINISHED for task Triangles (58/80)
03:54:34,611 INFO  eu.stratosphere.nephele.execution.ExecutionStateTransition    - TM: ExecutionState set from FINISHING to FINISHED for task Close Triads (63/80)
03:54:34,636 INFO  eu.stratosphere.nephele.execution.ExecutionStateTransition    - TM: ExecutionState set from FINISHING to FINISHED for task Close Triads (60/80)
03:54:34,646 INFO  eu.stratosphere.nephele.execution.ExecutionStateTransition    - TM: ExecutionState set from FINISHING to FINISHED for task Close Triads (64/80)
03:54:34,673 INFO  eu.stratosphere.nephele.execution.ExecutionStateTransition    - TM: ExecutionState set from FINISHING to FINISHED for task Close Triads (59/80)
03:54:34,676 INFO  eu.stratosphere.nephele.execution.ExecutionStateTransition    - TM: ExecutionState set from FINISHING to FINISHED for task Close Triads (58/80)
03:54:34,690 INFO  eu.stratosphere.nephele.execution.ExecutionStateTransition    - TM: ExecutionState set from FINISHING to FINISHED for task Close Triads (61/80)
03:54:53,725 INFO  eu.stratosphere.pact.runtime.task.RegularPactTask             - Finished PACT code.: Close Triads (57/80)
03:54:53,725 INFO  eu.stratosphere.nephele.execution.ExecutionStateTransition    - TM: ExecutionState set from RUNNING to FINISHING for task Close Triads (57/80)
03:54:53,749 INFO  eu.stratosphere.pact.runtime.task.DataSinkTask                - Finished PACT code: Triangles (57/80)
03:54:53,749 INFO  eu.stratosphere.nephele.execution.ExecutionStateTransition    - TM: ExecutionState set from RUNNING to FINISHING for task Triangles (57/80)
03:54:53,750 INFO  eu.stratosphere.nephele.execution.ExecutionStateTransition    - TM: ExecutionState set from FINISHING to FINISHED for task Triangles (57/80)
03:54:53,827 INFO  eu.stratosphere.nephele.execution.ExecutionStateTransition    - TM: ExecutionState set from FINISHING to FINISHED for task Close Triads (57/80)
