09:54:04,143 WARN  eu.stratosphere.nephele.configuration.GlobalConfiguration     - Cannot load configuration: unknown element plugins
09:54:04,180 INFO  eu.stratosphere.nephele.taskmanager.TaskManager               - Reading location of job manager from configuration
09:54:04,190 INFO  eu.stratosphere.nephele.taskmanager.TaskManager               - Determined address of job manager to be cloud-11.dima.tu-berlin.de/130.149.21.15:6002
09:54:04,200 INFO  eu.stratosphere.nephele.taskmanager.TaskManager               - Announcing connection information cloud-12 to job manager
09:54:04,269 INFO  eu.stratosphere.nephele.ipc.Server                            - IPC Server Responder: starting
09:54:04,269 INFO  eu.stratosphere.nephele.ipc.Server                            - IPC Server listener on 6122: starting
09:54:04,270 INFO  eu.stratosphere.nephele.ipc.Server                            - IPC Server handler 0 on 6122: starting
09:54:05,409 INFO  eu.stratosphere.nephele.taskmanager.bufferprovider.GlobalBufferPool  - Initialized global buffer pool with 32768 buffers with a size 32768 bytes each
09:54:05,430 INFO  eu.stratosphere.nephele.taskmanager.bytebuffered.ByteBufferedChannelManager  - Initialized byte buffered channel manager with sender-side spilling disabled
09:54:05,441 INFO  eu.stratosphere.nephele.instance.HardwareDescriptionFactory   - Found Tenured Gen pool (max: 24051843072, used: 0)
09:54:05,441 INFO  eu.stratosphere.nephele.taskmanager.TaskManager               - Initializing memory manager with 22528 megabytes of memory
09:54:39,585 INFO  eu.stratosphere.nephele.execution.ExecutionStateTransition    - TM: ExecutionState set from STARTING to RUNNING for task Input Lines (50/120)
09:54:39,585 INFO  eu.stratosphere.nephele.execution.ExecutionStateTransition    - TM: ExecutionState set from STARTING to RUNNING for task Input Lines (56/120)
09:54:39,586 INFO  eu.stratosphere.nephele.execution.ExecutionStateTransition    - TM: ExecutionState set from STARTING to RUNNING for task Input Lines (55/120)
09:54:39,586 INFO  eu.stratosphere.nephele.execution.ExecutionStateTransition    - TM: ExecutionState set from STARTING to RUNNING for task Input Lines (51/120)
09:54:39,586 INFO  eu.stratosphere.nephele.execution.ExecutionStateTransition    - TM: ExecutionState set from STARTING to RUNNING for task Input Lines (53/120)
09:54:39,586 INFO  eu.stratosphere.nephele.execution.ExecutionStateTransition    - TM: ExecutionState set from STARTING to RUNNING for task Input Lines (52/120)
09:54:39,586 INFO  eu.stratosphere.nephele.execution.ExecutionStateTransition    - TM: ExecutionState set from STARTING to RUNNING for task Input Lines (49/120)
09:54:39,591 INFO  eu.stratosphere.pact.runtime.task.DataSourceTask              - Start PACT code: Input Lines (53/120)
09:54:39,586 INFO  eu.stratosphere.nephele.execution.ExecutionStateTransition    - TM: ExecutionState set from STARTING to RUNNING for task Input Lines (54/120)
09:54:39,591 INFO  eu.stratosphere.pact.runtime.task.RegularPactTask             - Start PACT code: Tokenize Lines (53/120)
09:54:39,589 INFO  eu.stratosphere.pact.runtime.task.DataSourceTask              - Start PACT code: Input Lines (56/120)
09:54:39,588 INFO  eu.stratosphere.pact.runtime.task.DataSourceTask              - Start PACT code: Input Lines (50/120)
09:54:39,593 INFO  eu.stratosphere.pact.runtime.task.RegularPactTask             - Start PACT code: Tokenize Lines (56/120)
09:54:39,593 INFO  eu.stratosphere.pact.runtime.task.RegularPactTask             - Start PACT code: Combiner for Count Words (53/120)
09:54:39,592 INFO  eu.stratosphere.pact.runtime.task.DataSourceTask              - Start PACT code: Input Lines (51/120)
09:54:39,594 INFO  eu.stratosphere.pact.runtime.task.DataSourceTask              - Start PACT code: Input Lines (54/120)
09:54:39,594 INFO  eu.stratosphere.pact.runtime.task.RegularPactTask             - Start PACT code: Combiner for Count Words (56/120)
09:54:39,593 INFO  eu.stratosphere.pact.runtime.task.RegularPactTask             - Start PACT code: Tokenize Lines (50/120)
09:54:39,593 INFO  eu.stratosphere.pact.runtime.task.DataSourceTask              - Start PACT code: Input Lines (55/120)
09:54:39,597 INFO  eu.stratosphere.pact.runtime.task.RegularPactTask             - Start PACT code: Combiner for Count Words (50/120)
09:54:39,596 INFO  eu.stratosphere.pact.runtime.task.DataSourceTask              - Start PACT code: Input Lines (49/120)
09:54:39,595 INFO  eu.stratosphere.pact.runtime.task.RegularPactTask             - Start PACT code: Tokenize Lines (54/120)
09:54:39,595 INFO  eu.stratosphere.pact.runtime.task.RegularPactTask             - Start PACT code: Tokenize Lines (51/120)
09:54:39,599 INFO  eu.stratosphere.pact.runtime.task.RegularPactTask             - Start PACT code: Combiner for Count Words (54/120)
09:54:39,598 INFO  eu.stratosphere.pact.runtime.task.RegularPactTask             - Start PACT code: Tokenize Lines (49/120)
09:54:39,597 INFO  eu.stratosphere.pact.runtime.task.DataSourceTask              - Start PACT code: Input Lines (52/120)
09:54:39,597 INFO  eu.stratosphere.pact.runtime.task.RegularPactTask             - Start PACT code: Tokenize Lines (55/120)
09:54:39,601 INFO  eu.stratosphere.pact.runtime.task.RegularPactTask             - Start PACT code: Tokenize Lines (52/120)
09:54:39,601 INFO  eu.stratosphere.pact.runtime.task.RegularPactTask             - Start PACT code: Combiner for Count Words (49/120)
09:54:39,600 INFO  eu.stratosphere.pact.runtime.task.RegularPactTask             - Start PACT code: Combiner for Count Words (51/120)
09:54:39,602 INFO  eu.stratosphere.pact.runtime.task.RegularPactTask             - Start PACT code: Combiner for Count Words (52/120)
09:54:39,602 INFO  eu.stratosphere.pact.runtime.task.RegularPactTask             - Start PACT code: Combiner for Count Words (55/120)
09:54:46,402 INFO  eu.stratosphere.nephele.execution.ExecutionStateTransition    - TM: ExecutionState set from STARTING to RUNNING for task Count Words (56/120)
09:54:46,427 INFO  eu.stratosphere.pact.runtime.task.RegularPactTask             - Start PACT code.: Count Words (56/120)
09:54:46,442 INFO  eu.stratosphere.nephele.execution.ExecutionStateTransition    - TM: ExecutionState set from STARTING to RUNNING for task Word Counts (56/120)
09:54:46,453 INFO  eu.stratosphere.pact.runtime.task.DataSinkTask                - Start PACT code: Word Counts (56/120)
09:54:46,553 INFO  eu.stratosphere.nephele.execution.ExecutionStateTransition    - TM: ExecutionState set from STARTING to RUNNING for task Count Words (52/120)
09:54:46,554 INFO  eu.stratosphere.nephele.execution.ExecutionStateTransition    - TM: ExecutionState set from STARTING to RUNNING for task Word Counts (52/120)
09:54:46,556 INFO  eu.stratosphere.pact.runtime.task.RegularPactTask             - Start PACT code.: Count Words (52/120)
09:54:46,559 INFO  eu.stratosphere.pact.runtime.task.DataSinkTask                - Start PACT code: Word Counts (52/120)
09:54:46,617 INFO  eu.stratosphere.nephele.execution.ExecutionStateTransition    - TM: ExecutionState set from STARTING to RUNNING for task Count Words (50/120)
09:54:46,618 INFO  eu.stratosphere.nephele.execution.ExecutionStateTransition    - TM: ExecutionState set from STARTING to RUNNING for task Word Counts (50/120)
09:54:46,643 INFO  eu.stratosphere.pact.runtime.task.DataSinkTask                - Start PACT code: Word Counts (50/120)
09:54:46,662 INFO  eu.stratosphere.pact.runtime.task.RegularPactTask             - Start PACT code.: Count Words (50/120)
09:54:47,179 INFO  eu.stratosphere.nephele.execution.ExecutionStateTransition    - TM: ExecutionState set from STARTING to RUNNING for task Count Words (51/120)
09:54:47,190 INFO  eu.stratosphere.nephele.execution.ExecutionStateTransition    - TM: ExecutionState set from STARTING to RUNNING for task Word Counts (51/120)
09:54:47,206 INFO  eu.stratosphere.pact.runtime.task.RegularPactTask             - Start PACT code.: Count Words (51/120)
09:54:47,206 INFO  eu.stratosphere.pact.runtime.task.DataSinkTask                - Start PACT code: Word Counts (51/120)
09:54:47,447 INFO  eu.stratosphere.nephele.execution.ExecutionStateTransition    - TM: ExecutionState set from STARTING to RUNNING for task Count Words (55/120)
09:54:47,463 INFO  eu.stratosphere.nephele.execution.ExecutionStateTransition    - TM: ExecutionState set from STARTING to RUNNING for task Word Counts (55/120)
09:54:47,467 INFO  eu.stratosphere.pact.runtime.task.RegularPactTask             - Start PACT code.: Count Words (55/120)
09:54:47,468 INFO  eu.stratosphere.pact.runtime.task.DataSinkTask                - Start PACT code: Word Counts (55/120)
09:54:47,602 INFO  eu.stratosphere.nephele.execution.ExecutionStateTransition    - TM: ExecutionState set from STARTING to RUNNING for task Count Words (54/120)
09:54:47,627 INFO  eu.stratosphere.nephele.execution.ExecutionStateTransition    - TM: ExecutionState set from STARTING to RUNNING for task Word Counts (54/120)
09:54:47,631 INFO  eu.stratosphere.pact.runtime.task.RegularPactTask             - Start PACT code.: Count Words (54/120)
09:54:47,644 INFO  eu.stratosphere.pact.runtime.task.DataSinkTask                - Start PACT code: Word Counts (54/120)
09:54:48,189 INFO  eu.stratosphere.nephele.execution.ExecutionStateTransition    - TM: ExecutionState set from STARTING to RUNNING for task Count Words (49/120)
09:54:48,199 INFO  eu.stratosphere.pact.runtime.task.RegularPactTask             - Start PACT code.: Count Words (49/120)
09:54:48,201 INFO  eu.stratosphere.nephele.execution.ExecutionStateTransition    - TM: ExecutionState set from STARTING to RUNNING for task Word Counts (49/120)
09:54:48,219 INFO  eu.stratosphere.pact.runtime.task.DataSinkTask                - Start PACT code: Word Counts (49/120)
09:54:48,275 INFO  eu.stratosphere.nephele.execution.ExecutionStateTransition    - TM: ExecutionState set from STARTING to RUNNING for task Count Words (53/120)
09:54:48,277 INFO  eu.stratosphere.nephele.execution.ExecutionStateTransition    - TM: ExecutionState set from STARTING to RUNNING for task Word Counts (53/120)
09:54:48,314 INFO  eu.stratosphere.pact.runtime.task.RegularPactTask             - Start PACT code.: Count Words (53/120)
09:54:48,314 INFO  eu.stratosphere.pact.runtime.task.DataSinkTask                - Start PACT code: Word Counts (53/120)
09:56:17,895 INFO  eu.stratosphere.pact.runtime.task.RegularPactTask             - Finished PACT code: Tokenize Lines (52/120)
09:56:18,979 INFO  eu.stratosphere.pact.runtime.task.RegularPactTask             - Finished PACT code: Tokenize Lines (50/120)
09:56:21,259 INFO  eu.stratosphere.pact.runtime.task.RegularPactTask             - Finished PACT code: Combiner for Count Words (52/120)
09:56:21,259 INFO  eu.stratosphere.pact.runtime.task.DataSourceTask              - Finished PACT code: Input Lines (52/120)
09:56:21,259 INFO  eu.stratosphere.nephele.execution.ExecutionStateTransition    - TM: ExecutionState set from RUNNING to FINISHING for task Input Lines (52/120)
09:56:23,987 INFO  eu.stratosphere.pact.runtime.task.RegularPactTask             - Finished PACT code: Tokenize Lines (54/120)
09:56:24,494 INFO  eu.stratosphere.pact.runtime.task.RegularPactTask             - Finished PACT code: Combiner for Count Words (50/120)
09:56:24,494 INFO  eu.stratosphere.pact.runtime.task.DataSourceTask              - Finished PACT code: Input Lines (50/120)
09:56:24,494 INFO  eu.stratosphere.nephele.execution.ExecutionStateTransition    - TM: ExecutionState set from RUNNING to FINISHING for task Input Lines (50/120)
09:56:33,536 INFO  eu.stratosphere.pact.runtime.task.RegularPactTask             - Finished PACT code: Combiner for Count Words (54/120)
09:56:33,536 INFO  eu.stratosphere.pact.runtime.task.DataSourceTask              - Finished PACT code: Input Lines (54/120)
09:56:33,536 INFO  eu.stratosphere.nephele.execution.ExecutionStateTransition    - TM: ExecutionState set from RUNNING to FINISHING for task Input Lines (54/120)
09:56:35,163 INFO  eu.stratosphere.pact.runtime.task.RegularPactTask             - Finished PACT code: Tokenize Lines (49/120)
09:56:35,359 INFO  eu.stratosphere.pact.runtime.task.RegularPactTask             - Finished PACT code: Tokenize Lines (55/120)
09:56:36,068 INFO  eu.stratosphere.pact.runtime.task.RegularPactTask             - Finished PACT code: Tokenize Lines (53/120)
09:56:38,074 INFO  eu.stratosphere.pact.runtime.task.RegularPactTask             - Finished PACT code: Tokenize Lines (56/120)
09:56:41,408 INFO  eu.stratosphere.pact.runtime.task.RegularPactTask             - Finished PACT code: Tokenize Lines (51/120)
09:57:06,205 INFO  eu.stratosphere.pact.runtime.task.RegularPactTask             - Finished PACT code: Combiner for Count Words (56/120)
09:57:06,206 INFO  eu.stratosphere.pact.runtime.task.DataSourceTask              - Finished PACT code: Input Lines (56/120)
09:57:06,206 INFO  eu.stratosphere.nephele.execution.ExecutionStateTransition    - TM: ExecutionState set from RUNNING to FINISHING for task Input Lines (56/120)
09:57:08,957 INFO  eu.stratosphere.pact.runtime.task.RegularPactTask             - Finished PACT code: Combiner for Count Words (51/120)
09:57:08,958 INFO  eu.stratosphere.pact.runtime.task.DataSourceTask              - Finished PACT code: Input Lines (51/120)
09:57:08,958 INFO  eu.stratosphere.nephele.execution.ExecutionStateTransition    - TM: ExecutionState set from RUNNING to FINISHING for task Input Lines (51/120)
09:57:09,432 INFO  eu.stratosphere.pact.runtime.task.RegularPactTask             - Finished PACT code: Combiner for Count Words (49/120)
09:57:09,432 INFO  eu.stratosphere.pact.runtime.task.DataSourceTask              - Finished PACT code: Input Lines (49/120)
09:57:09,433 INFO  eu.stratosphere.nephele.execution.ExecutionStateTransition    - TM: ExecutionState set from RUNNING to FINISHING for task Input Lines (49/120)
09:57:09,573 INFO  eu.stratosphere.pact.runtime.task.RegularPactTask             - Finished PACT code: Combiner for Count Words (53/120)
09:57:09,573 INFO  eu.stratosphere.pact.runtime.task.DataSourceTask              - Finished PACT code: Input Lines (53/120)
09:57:09,573 INFO  eu.stratosphere.nephele.execution.ExecutionStateTransition    - TM: ExecutionState set from RUNNING to FINISHING for task Input Lines (53/120)
09:57:11,156 INFO  eu.stratosphere.pact.runtime.task.RegularPactTask             - Finished PACT code: Combiner for Count Words (55/120)
09:57:11,156 INFO  eu.stratosphere.pact.runtime.task.DataSourceTask              - Finished PACT code: Input Lines (55/120)
09:57:11,156 INFO  eu.stratosphere.nephele.execution.ExecutionStateTransition    - TM: ExecutionState set from RUNNING to FINISHING for task Input Lines (55/120)
