13/03/08 20:32:06 INFO input.FileInputFormat: Total input paths to process : 40
13/03/08 20:32:06 INFO util.NativeCodeLoader: Loaded the native-hadoop library
13/03/08 20:32:06 WARN snappy.LoadSnappy: Snappy native library not loaded
13/03/08 20:32:07 INFO mapred.JobClient: Running job: job_201303082027_0002
13/03/08 20:32:08 INFO mapred.JobClient:  map 0% reduce 0%
13/03/08 20:32:25 INFO mapred.JobClient:  map 4% reduce 0%
13/03/08 20:32:28 INFO mapred.JobClient:  map 6% reduce 0%
13/03/08 20:32:34 INFO mapred.JobClient:  map 7% reduce 0%
13/03/08 20:32:37 INFO mapred.JobClient:  map 9% reduce 0%
13/03/08 20:32:40 INFO mapred.JobClient:  map 11% reduce 0%
13/03/08 20:32:43 INFO mapred.JobClient:  map 12% reduce 0%
13/03/08 20:32:46 INFO mapred.JobClient:  map 13% reduce 0%
13/03/08 20:32:49 INFO mapred.JobClient:  map 15% reduce 0%
13/03/08 20:32:52 INFO mapred.JobClient:  map 17% reduce 0%
13/03/08 20:32:55 INFO mapred.JobClient:  map 18% reduce 0%
13/03/08 20:33:01 INFO mapred.JobClient:  map 21% reduce 0%
13/03/08 20:33:04 INFO mapred.JobClient:  map 23% reduce 0%
13/03/08 20:33:10 INFO mapred.JobClient:  map 24% reduce 0%
13/03/08 20:33:13 INFO mapred.JobClient:  map 27% reduce 0%
13/03/08 20:33:16 INFO mapred.JobClient:  map 28% reduce 0%
13/03/08 20:33:19 INFO mapred.JobClient:  map 29% reduce 0%
13/03/08 20:33:22 INFO mapred.JobClient:  map 31% reduce 0%
13/03/08 20:33:25 INFO mapred.JobClient:  map 33% reduce 0%
13/03/08 20:33:28 INFO mapred.JobClient:  map 34% reduce 0%
13/03/08 20:33:31 INFO mapred.JobClient:  map 35% reduce 0%
13/03/08 20:33:34 INFO mapred.JobClient:  map 37% reduce 0%
13/03/08 20:33:37 INFO mapred.JobClient:  map 39% reduce 0%
13/03/08 20:33:40 INFO mapred.JobClient:  map 40% reduce 0%
13/03/08 20:33:43 INFO mapred.JobClient:  map 41% reduce 0%
13/03/08 20:33:46 INFO mapred.JobClient:  map 44% reduce 0%
13/03/08 20:33:49 INFO mapred.JobClient:  map 45% reduce 0%
13/03/08 20:33:52 INFO mapred.JobClient:  map 46% reduce 0%
13/03/08 20:33:55 INFO mapred.JobClient:  map 48% reduce 0%
13/03/08 20:33:58 INFO mapred.JobClient:  map 49% reduce 0%
13/03/08 20:34:07 INFO mapred.JobClient:  map 50% reduce 0%
13/03/08 20:34:16 INFO mapred.JobClient:  map 52% reduce 2%
13/03/08 20:34:17 INFO mapred.JobClient:  map 53% reduce 2%
13/03/08 20:34:19 INFO mapred.JobClient:  map 56% reduce 4%
13/03/08 20:34:20 INFO mapred.JobClient:  map 56% reduce 5%
13/03/08 20:34:22 INFO mapred.JobClient:  map 57% reduce 7%
13/03/08 20:34:25 INFO mapred.JobClient:  map 58% reduce 8%
13/03/08 20:34:26 INFO mapred.JobClient:  map 58% reduce 9%
13/03/08 20:34:28 INFO mapred.JobClient:  map 59% reduce 10%
13/03/08 20:34:29 INFO mapred.JobClient:  map 60% reduce 10%
13/03/08 20:34:31 INFO mapred.JobClient:  map 61% reduce 13%
13/03/08 20:34:34 INFO mapred.JobClient:  map 63% reduce 15%
13/03/08 20:34:37 INFO mapred.JobClient:  map 63% reduce 16%
13/03/08 20:34:40 INFO mapred.JobClient:  map 65% reduce 16%
13/03/08 20:34:43 INFO mapred.JobClient:  map 68% reduce 16%
13/03/08 20:34:49 INFO mapred.JobClient:  map 70% reduce 16%
13/03/08 20:34:52 INFO mapred.JobClient:  map 72% reduce 16%
13/03/08 20:34:55 INFO mapred.JobClient:  map 74% reduce 16%
13/03/08 20:34:58 INFO mapred.JobClient:  map 75% reduce 16%
13/03/08 20:35:01 INFO mapred.JobClient:  map 77% reduce 16%
13/03/08 20:35:04 INFO mapred.JobClient:  map 79% reduce 16%
13/03/08 20:35:07 INFO mapred.JobClient:  map 80% reduce 16%
13/03/08 20:35:10 INFO mapred.JobClient:  map 81% reduce 16%
13/03/08 20:35:13 INFO mapred.JobClient:  map 83% reduce 16%
13/03/08 20:35:16 INFO mapred.JobClient:  map 85% reduce 16%
13/03/08 20:35:19 INFO mapred.JobClient:  map 86% reduce 16%
13/03/08 20:35:22 INFO mapred.JobClient:  map 87% reduce 16%
13/03/08 20:35:25 INFO mapred.JobClient:  map 89% reduce 16%
13/03/08 20:35:28 INFO mapred.JobClient:  map 91% reduce 16%
13/03/08 20:35:31 INFO mapred.JobClient:  map 92% reduce 16%
13/03/08 20:35:34 INFO mapred.JobClient:  map 94% reduce 16%
13/03/08 20:35:37 INFO mapred.JobClient:  map 96% reduce 16%
13/03/08 20:35:40 INFO mapred.JobClient:  map 97% reduce 16%
13/03/08 20:35:43 INFO mapred.JobClient:  map 98% reduce 16%
13/03/08 20:35:46 INFO mapred.JobClient:  map 99% reduce 16%
13/03/08 20:35:52 INFO mapred.JobClient:  map 99% reduce 17%
13/03/08 20:35:55 INFO mapred.JobClient:  map 99% reduce 18%
13/03/08 20:35:58 INFO mapred.JobClient:  map 100% reduce 19%
13/03/08 20:36:01 INFO mapred.JobClient:  map 100% reduce 25%
13/03/08 20:36:04 INFO mapred.JobClient:  map 100% reduce 28%
13/03/08 20:36:07 INFO mapred.JobClient:  map 100% reduce 43%
13/03/08 20:36:10 INFO mapred.JobClient:  map 100% reduce 81%
13/03/08 20:36:13 INFO mapred.JobClient:  map 100% reduce 100%
13/03/08 20:36:18 INFO mapred.JobClient: Job complete: job_201303082027_0002
13/03/08 20:36:18 INFO mapred.JobClient: Counters: 30
13/03/08 20:36:18 INFO mapred.JobClient:   Job Counters 
13/03/08 20:36:18 INFO mapred.JobClient:     Launched reduce tasks=40
13/03/08 20:36:18 INFO mapred.JobClient:     SLOTS_MILLIS_MAPS=8533150
13/03/08 20:36:18 INFO mapred.JobClient:     Total time spent by all reduces waiting after reserving slots (ms)=0
13/03/08 20:36:18 INFO mapred.JobClient:     Total time spent by all maps waiting after reserving slots (ms)=0
13/03/08 20:36:18 INFO mapred.JobClient:     Rack-local map tasks=1
13/03/08 20:36:18 INFO mapred.JobClient:     Launched map tasks=80
13/03/08 20:36:18 INFO mapred.JobClient:     Data-local map tasks=79
13/03/08 20:36:18 INFO mapred.JobClient:     SLOTS_MILLIS_REDUCES=4520910
13/03/08 20:36:18 INFO mapred.JobClient:   File Output Format Counters 
13/03/08 20:36:18 INFO mapred.JobClient:     Bytes Written=9626629
13/03/08 20:36:18 INFO mapred.JobClient:   FileSystemCounters
13/03/08 20:36:18 INFO mapred.JobClient:     FILE_BYTES_READ=14005274092
13/03/08 20:36:18 INFO mapred.JobClient:     HDFS_BYTES_READ=10616388894
13/03/08 20:36:18 INFO mapred.JobClient:     FILE_BYTES_WRITTEN=2237745279
13/03/08 20:36:18 INFO mapred.JobClient:     HDFS_BYTES_WRITTEN=9626629
13/03/08 20:36:18 INFO mapred.JobClient:   File Input Format Counters 
13/03/08 20:36:18 INFO mapred.JobClient:     Bytes Read=10616375854
13/03/08 20:36:18 INFO mapred.JobClient:   Map-Reduce Framework
13/03/08 20:36:18 INFO mapred.JobClient:     Map output materialized bytes=397357141
13/03/08 20:36:18 INFO mapred.JobClient:     Map input records=56990547
13/03/08 20:36:18 INFO mapred.JobClient:     Reduce shuffle bytes=393157994
13/03/08 20:36:18 INFO mapred.JobClient:     Spilled Records=152970192
13/03/08 20:36:18 INFO mapred.JobClient:     Map output bytes=18252408875
13/03/08 20:36:18 INFO mapred.JobClient:     Total committed heap usage (bytes)=185220464640
13/03/08 20:36:18 INFO mapred.JobClient:     CPU time spent (ms)=10499490
13/03/08 20:36:18 INFO mapred.JobClient:     Combine input records=2018315587
13/03/08 20:36:18 INFO mapred.JobClient:     SPLIT_RAW_BYTES=13040
13/03/08 20:36:18 INFO mapred.JobClient:     Reduce input records=26827149
13/03/08 20:36:18 INFO mapred.JobClient:     Reduce input groups=790689
13/03/08 20:36:18 INFO mapred.JobClient:     Combine output records=126143043
13/03/08 20:36:18 INFO mapred.JobClient:     Physical memory (bytes) snapshot=143668207616
13/03/08 20:36:18 INFO mapred.JobClient:     Reduce output records=790689
13/03/08 20:36:18 INFO mapred.JobClient:     Virtual memory (bytes) snapshot=301291843584
13/03/08 20:36:18 INFO mapred.JobClient:     Map output records=1918999693
