19:59:27,707 WARN  eu.stratosphere.nephele.configuration.GlobalConfiguration     - Cannot load configuration: unknown element plugins
19:59:27,747 INFO  eu.stratosphere.nephele.taskmanager.TaskManager               - Reading location of job manager from configuration
19:59:27,758 INFO  eu.stratosphere.nephele.taskmanager.TaskManager               - Determined address of job manager to be cloud-11.dima.tu-berlin.de/130.149.21.15:6002
19:59:27,768 INFO  eu.stratosphere.nephele.taskmanager.TaskManager               - Announcing connection information cloud-12 to job manager
19:59:27,834 INFO  eu.stratosphere.nephele.ipc.Server                            - IPC Server Responder: starting
19:59:27,834 INFO  eu.stratosphere.nephele.ipc.Server                            - IPC Server listener on 6122: starting
19:59:27,835 INFO  eu.stratosphere.nephele.ipc.Server                            - IPC Server handler 0 on 6122: starting
19:59:29,088 INFO  eu.stratosphere.nephele.taskmanager.bufferprovider.GlobalBufferPool  - Initialized global buffer pool with 32768 buffers with a size 32768 bytes each
19:59:29,109 INFO  eu.stratosphere.nephele.taskmanager.bytebuffered.ByteBufferedChannelManager  - Initialized byte buffered channel manager with sender-side spilling disabled
19:59:29,119 INFO  eu.stratosphere.nephele.instance.HardwareDescriptionFactory   - Found Tenured Gen pool (max: 27678736384, used: 0)
19:59:29,119 INFO  eu.stratosphere.nephele.taskmanager.TaskManager               - Initializing memory manager with 22528 megabytes of memory
19:59:57,889 INFO  eu.stratosphere.nephele.execution.ExecutionStateTransition    - TM: ExecutionState set from STARTING to RUNNING for task Input Edges (25/40)
19:59:57,889 INFO  eu.stratosphere.nephele.execution.ExecutionStateTransition    - TM: ExecutionState set from STARTING to RUNNING for task Input Edges (32/40)
19:59:57,889 INFO  eu.stratosphere.nephele.execution.ExecutionStateTransition    - TM: ExecutionState set from STARTING to RUNNING for task Input Edges (28/40)
19:59:57,889 INFO  eu.stratosphere.nephele.execution.ExecutionStateTransition    - TM: ExecutionState set from STARTING to RUNNING for task Input Edges (29/40)
19:59:57,889 INFO  eu.stratosphere.nephele.execution.ExecutionStateTransition    - TM: ExecutionState set from STARTING to RUNNING for task Input Edges (30/40)
19:59:57,889 INFO  eu.stratosphere.nephele.execution.ExecutionStateTransition    - TM: ExecutionState set from STARTING to RUNNING for task Input Edges (26/40)
19:59:57,889 INFO  eu.stratosphere.nephele.execution.ExecutionStateTransition    - TM: ExecutionState set from STARTING to RUNNING for task Input Edges (27/40)
19:59:57,889 INFO  eu.stratosphere.nephele.execution.ExecutionStateTransition    - TM: ExecutionState set from STARTING to RUNNING for task Input Edges (31/40)
19:59:57,893 INFO  eu.stratosphere.pact.runtime.task.DataSourceTask              - Start PACT code: Input Edges (25/40)
19:59:57,895 INFO  eu.stratosphere.pact.runtime.task.DataSourceTask              - Start PACT code: Input Edges (29/40)
19:59:57,896 INFO  eu.stratosphere.pact.runtime.task.RegularPactTask             - Start PACT code: Canonize edges (25/40)
19:59:57,896 INFO  eu.stratosphere.pact.runtime.task.RegularPactTask             - Start PACT code: Canonize edges (29/40)
19:59:57,900 INFO  eu.stratosphere.pact.runtime.task.DataSourceTask              - Start PACT code: Input Edges (28/40)
19:59:57,900 INFO  eu.stratosphere.pact.runtime.task.RegularPactTask             - Start PACT code: Canonize edges (28/40)
19:59:57,901 INFO  eu.stratosphere.pact.runtime.task.DataSourceTask              - Start PACT code: Input Edges (32/40)
19:59:57,902 INFO  eu.stratosphere.pact.runtime.task.RegularPactTask             - Start PACT code: Canonize edges (32/40)
19:59:57,903 INFO  eu.stratosphere.pact.runtime.task.DataSourceTask              - Start PACT code: Input Edges (31/40)
19:59:57,903 INFO  eu.stratosphere.pact.runtime.task.RegularPactTask             - Start PACT code: Canonize edges (31/40)
19:59:57,905 INFO  eu.stratosphere.pact.runtime.task.DataSourceTask              - Start PACT code: Input Edges (27/40)
19:59:57,905 INFO  eu.stratosphere.pact.runtime.task.RegularPactTask             - Start PACT code: Canonize edges (27/40)
19:59:57,906 INFO  eu.stratosphere.pact.runtime.task.DataSourceTask              - Start PACT code: Input Edges (26/40)
19:59:57,907 INFO  eu.stratosphere.pact.runtime.task.RegularPactTask             - Start PACT code: Canonize edges (26/40)
19:59:57,908 INFO  eu.stratosphere.pact.runtime.task.DataSourceTask              - Start PACT code: Input Edges (30/40)
19:59:57,908 INFO  eu.stratosphere.pact.runtime.task.RegularPactTask             - Start PACT code: Canonize edges (30/40)
20:00:00,233 INFO  eu.stratosphere.nephele.execution.ExecutionStateTransition    - TM: ExecutionState set from STARTING to RUNNING for task Build Triads (28/40)
20:00:00,236 INFO  eu.stratosphere.pact.runtime.task.RegularPactTask             - Start PACT code.: Build Triads (28/40)
20:00:00,249 INFO  eu.stratosphere.nephele.execution.ExecutionStateTransition    - TM: ExecutionState set from STARTING to RUNNING for task Build Triads (26/40)
20:00:00,252 INFO  eu.stratosphere.pact.runtime.task.RegularPactTask             - Start PACT code.: Build Triads (26/40)
20:00:00,262 INFO  eu.stratosphere.nephele.execution.ExecutionStateTransition    - TM: ExecutionState set from STARTING to RUNNING for task Build Triads (32/40)
20:00:00,265 INFO  eu.stratosphere.pact.runtime.task.RegularPactTask             - Start PACT code.: Build Triads (32/40)
20:00:00,330 INFO  eu.stratosphere.nephele.execution.ExecutionStateTransition    - TM: ExecutionState set from STARTING to RUNNING for task Build Triads (30/40)
20:00:00,332 INFO  eu.stratosphere.pact.runtime.task.RegularPactTask             - Start PACT code.: Build Triads (30/40)
20:00:00,356 INFO  eu.stratosphere.nephele.execution.ExecutionStateTransition    - TM: ExecutionState set from STARTING to RUNNING for task Build Triads (27/40)
20:00:00,358 INFO  eu.stratosphere.pact.runtime.task.RegularPactTask             - Start PACT code.: Build Triads (27/40)
20:00:00,603 INFO  eu.stratosphere.nephele.execution.ExecutionStateTransition    - TM: ExecutionState set from STARTING to RUNNING for task Build Triads (25/40)
20:00:00,605 INFO  eu.stratosphere.pact.runtime.task.RegularPactTask             - Start PACT code.: Build Triads (25/40)
20:00:00,631 INFO  eu.stratosphere.nephele.execution.ExecutionStateTransition    - TM: ExecutionState set from STARTING to RUNNING for task Build Triads (29/40)
20:00:00,632 INFO  eu.stratosphere.pact.runtime.task.RegularPactTask             - Start PACT code.: Build Triads (29/40)
20:00:00,836 INFO  eu.stratosphere.nephele.execution.ExecutionStateTransition    - TM: ExecutionState set from STARTING to RUNNING for task Close Triads (26/40)
20:00:00,838 INFO  eu.stratosphere.pact.runtime.task.RegularPactTask             - Start PACT code.: Close Triads (26/40)
20:00:00,867 INFO  eu.stratosphere.nephele.execution.ExecutionStateTransition    - TM: ExecutionState set from STARTING to RUNNING for task Build Triads (31/40)
20:00:00,871 INFO  eu.stratosphere.pact.runtime.task.RegularPactTask             - Start PACT code.: Build Triads (31/40)
20:00:00,954 INFO  eu.stratosphere.nephele.execution.ExecutionStateTransition    - TM: ExecutionState set from STARTING to RUNNING for task Close Triads (28/40)
20:00:00,956 INFO  eu.stratosphere.pact.runtime.task.RegularPactTask             - Start PACT code.: Close Triads (28/40)
20:00:00,981 INFO  eu.stratosphere.nephele.execution.ExecutionStateTransition    - TM: ExecutionState set from STARTING to RUNNING for task Close Triads (29/40)
20:00:00,983 INFO  eu.stratosphere.pact.runtime.task.RegularPactTask             - Start PACT code.: Close Triads (29/40)
20:00:01,105 INFO  eu.stratosphere.nephele.execution.ExecutionStateTransition    - TM: ExecutionState set from STARTING to RUNNING for task Close Triads (32/40)
20:00:01,109 INFO  eu.stratosphere.pact.runtime.task.RegularPactTask             - Start PACT code.: Close Triads (32/40)
20:00:01,209 INFO  eu.stratosphere.nephele.execution.ExecutionStateTransition    - TM: ExecutionState set from STARTING to RUNNING for task Close Triads (31/40)
20:00:01,211 INFO  eu.stratosphere.pact.runtime.task.RegularPactTask             - Start PACT code.: Close Triads (31/40)
20:00:01,422 INFO  eu.stratosphere.nephele.execution.ExecutionStateTransition    - TM: ExecutionState set from STARTING to RUNNING for task Close Triads (25/40)
20:00:01,423 INFO  eu.stratosphere.pact.runtime.task.RegularPactTask             - Start PACT code.: Close Triads (25/40)
20:00:01,459 INFO  eu.stratosphere.nephele.execution.ExecutionStateTransition    - TM: ExecutionState set from STARTING to RUNNING for task Close Triads (30/40)
20:00:01,461 INFO  eu.stratosphere.pact.runtime.task.RegularPactTask             - Start PACT code.: Close Triads (30/40)
20:00:01,643 INFO  eu.stratosphere.nephele.execution.ExecutionStateTransition    - TM: ExecutionState set from STARTING to RUNNING for task Close Triads (27/40)
20:00:01,645 INFO  eu.stratosphere.pact.runtime.task.RegularPactTask             - Start PACT code.: Close Triads (27/40)
20:00:03,483 INFO  eu.stratosphere.pact.runtime.task.RegularPactTask             - Finished PACT code: Canonize edges (30/40)
20:00:03,483 INFO  eu.stratosphere.pact.runtime.task.DataSourceTask              - Finished PACT code: Input Edges (30/40)
20:00:03,483 INFO  eu.stratosphere.nephele.execution.ExecutionStateTransition    - TM: ExecutionState set from RUNNING to FINISHING for task Input Edges (30/40)
20:00:03,560 INFO  eu.stratosphere.pact.runtime.task.RegularPactTask             - Finished PACT code: Canonize edges (29/40)
20:00:03,560 INFO  eu.stratosphere.pact.runtime.task.DataSourceTask              - Finished PACT code: Input Edges (29/40)
20:00:03,560 INFO  eu.stratosphere.nephele.execution.ExecutionStateTransition    - TM: ExecutionState set from RUNNING to FINISHING for task Input Edges (29/40)
20:00:03,643 INFO  eu.stratosphere.pact.runtime.task.RegularPactTask             - Finished PACT code: Canonize edges (28/40)
20:00:03,643 INFO  eu.stratosphere.pact.runtime.task.DataSourceTask              - Finished PACT code: Input Edges (28/40)
20:00:03,644 INFO  eu.stratosphere.nephele.execution.ExecutionStateTransition    - TM: ExecutionState set from RUNNING to FINISHING for task Input Edges (28/40)
20:00:03,802 INFO  eu.stratosphere.pact.runtime.task.RegularPactTask             - Finished PACT code: Canonize edges (26/40)
20:00:03,802 INFO  eu.stratosphere.pact.runtime.task.DataSourceTask              - Finished PACT code: Input Edges (26/40)
20:00:03,803 INFO  eu.stratosphere.nephele.execution.ExecutionStateTransition    - TM: ExecutionState set from RUNNING to FINISHING for task Input Edges (26/40)
20:00:03,895 INFO  eu.stratosphere.pact.runtime.task.RegularPactTask             - Finished PACT code: Canonize edges (31/40)
20:00:03,895 INFO  eu.stratosphere.pact.runtime.task.DataSourceTask              - Finished PACT code: Input Edges (31/40)
20:00:03,896 INFO  eu.stratosphere.nephele.execution.ExecutionStateTransition    - TM: ExecutionState set from RUNNING to FINISHING for task Input Edges (31/40)
20:00:03,941 INFO  eu.stratosphere.pact.runtime.task.RegularPactTask             - Finished PACT code: Canonize edges (32/40)
20:00:03,942 INFO  eu.stratosphere.pact.runtime.task.DataSourceTask              - Finished PACT code: Input Edges (32/40)
20:00:03,942 INFO  eu.stratosphere.nephele.execution.ExecutionStateTransition    - TM: ExecutionState set from RUNNING to FINISHING for task Input Edges (32/40)
20:00:04,139 INFO  eu.stratosphere.pact.runtime.task.RegularPactTask             - Finished PACT code: Canonize edges (27/40)
20:00:04,140 INFO  eu.stratosphere.pact.runtime.task.DataSourceTask              - Finished PACT code: Input Edges (27/40)
20:00:04,140 INFO  eu.stratosphere.nephele.execution.ExecutionStateTransition    - TM: ExecutionState set from RUNNING to FINISHING for task Input Edges (27/40)
20:00:04,368 INFO  eu.stratosphere.pact.runtime.task.RegularPactTask             - Finished PACT code: Canonize edges (25/40)
20:00:04,368 INFO  eu.stratosphere.pact.runtime.task.DataSourceTask              - Finished PACT code: Input Edges (25/40)
20:00:04,369 INFO  eu.stratosphere.nephele.execution.ExecutionStateTransition    - TM: ExecutionState set from RUNNING to FINISHING for task Input Edges (25/40)
20:00:06,153 INFO  eu.stratosphere.nephele.execution.ExecutionStateTransition    - TM: ExecutionState set from STARTING to RUNNING for task Triangles (25/40)
20:00:06,156 INFO  eu.stratosphere.pact.runtime.task.DataSinkTask                - Start PACT code: Triangles (25/40)
20:00:06,168 INFO  eu.stratosphere.nephele.execution.ExecutionStateTransition    - TM: ExecutionState set from STARTING to RUNNING for task Triangles (31/40)
20:00:06,170 INFO  eu.stratosphere.pact.runtime.task.DataSinkTask                - Start PACT code: Triangles (31/40)
20:00:06,185 INFO  eu.stratosphere.nephele.execution.ExecutionStateTransition    - TM: ExecutionState set from STARTING to RUNNING for task Triangles (32/40)
20:00:06,187 INFO  eu.stratosphere.pact.runtime.task.DataSinkTask                - Start PACT code: Triangles (32/40)
20:00:06,202 INFO  eu.stratosphere.nephele.execution.ExecutionStateTransition    - TM: ExecutionState set from STARTING to RUNNING for task Triangles (29/40)
20:00:06,204 INFO  eu.stratosphere.pact.runtime.task.DataSinkTask                - Start PACT code: Triangles (29/40)
20:00:06,221 INFO  eu.stratosphere.nephele.execution.ExecutionStateTransition    - TM: ExecutionState set from STARTING to RUNNING for task Triangles (26/40)
20:00:06,223 INFO  eu.stratosphere.pact.runtime.task.DataSinkTask                - Start PACT code: Triangles (26/40)
20:00:06,234 INFO  eu.stratosphere.nephele.execution.ExecutionStateTransition    - TM: ExecutionState set from STARTING to RUNNING for task Triangles (28/40)
20:00:06,236 INFO  eu.stratosphere.pact.runtime.task.DataSinkTask                - Start PACT code: Triangles (28/40)
20:00:06,244 INFO  eu.stratosphere.nephele.execution.ExecutionStateTransition    - TM: ExecutionState set from STARTING to RUNNING for task Triangles (30/40)
20:00:06,246 INFO  eu.stratosphere.pact.runtime.task.DataSinkTask                - Start PACT code: Triangles (30/40)
20:00:06,254 INFO  eu.stratosphere.nephele.execution.ExecutionStateTransition    - TM: ExecutionState set from STARTING to RUNNING for task Triangles (27/40)
20:00:06,256 INFO  eu.stratosphere.pact.runtime.task.DataSinkTask                - Start PACT code: Triangles (27/40)
20:00:35,699 INFO  eu.stratosphere.pact.runtime.task.RegularPactTask             - Finished PACT code.: Build Triads (26/40)
20:00:35,699 INFO  eu.stratosphere.nephele.execution.ExecutionStateTransition    - TM: ExecutionState set from RUNNING to FINISHING for task Build Triads (26/40)
20:00:35,789 INFO  eu.stratosphere.pact.runtime.task.RegularPactTask             - Finished PACT code.: Build Triads (28/40)
20:00:35,789 INFO  eu.stratosphere.nephele.execution.ExecutionStateTransition    - TM: ExecutionState set from RUNNING to FINISHING for task Build Triads (28/40)
20:00:36,198 INFO  eu.stratosphere.pact.runtime.task.RegularPactTask             - Finished PACT code.: Build Triads (30/40)
20:00:36,199 INFO  eu.stratosphere.nephele.execution.ExecutionStateTransition    - TM: ExecutionState set from RUNNING to FINISHING for task Build Triads (30/40)
20:00:36,408 INFO  eu.stratosphere.pact.runtime.task.RegularPactTask             - Finished PACT code.: Build Triads (27/40)
20:00:36,408 INFO  eu.stratosphere.nephele.execution.ExecutionStateTransition    - TM: ExecutionState set from RUNNING to FINISHING for task Build Triads (27/40)
20:00:36,428 INFO  eu.stratosphere.pact.runtime.task.RegularPactTask             - Finished PACT code.: Build Triads (25/40)
20:00:36,428 INFO  eu.stratosphere.nephele.execution.ExecutionStateTransition    - TM: ExecutionState set from RUNNING to FINISHING for task Build Triads (25/40)
20:00:37,966 INFO  eu.stratosphere.pact.runtime.task.RegularPactTask             - Finished PACT code.: Build Triads (32/40)
20:00:37,966 INFO  eu.stratosphere.nephele.execution.ExecutionStateTransition    - TM: ExecutionState set from RUNNING to FINISHING for task Build Triads (32/40)
20:00:37,987 INFO  eu.stratosphere.pact.runtime.task.RegularPactTask             - Finished PACT code.: Build Triads (29/40)
20:00:37,987 INFO  eu.stratosphere.nephele.execution.ExecutionStateTransition    - TM: ExecutionState set from RUNNING to FINISHING for task Build Triads (29/40)
20:00:37,990 INFO  eu.stratosphere.pact.runtime.task.RegularPactTask             - Finished PACT code.: Build Triads (31/40)
20:00:37,990 INFO  eu.stratosphere.nephele.execution.ExecutionStateTransition    - TM: ExecutionState set from RUNNING to FINISHING for task Build Triads (31/40)
