13/04/20 15:32:02 INFO utils.ConfigurationUtils: No vertex input format specified. Ensure your InputFormat does not require one.
13/04/20 15:32:02 WARN job.GiraphConfigurationValidator: Output format vertex index type is not known
13/04/20 15:32:02 WARN job.GiraphConfigurationValidator: Output format vertex value type is not known
13/04/20 15:32:02 WARN job.GiraphConfigurationValidator: Output format edge value type is not known
13/04/20 15:32:02 INFO job.GiraphJob: run: Since checkpointing is disabled (default), do not allow any task retries (setting mapred.map.max.attempts = 0, old value = 3)
13/04/20 15:32:05 INFO mapred.JobClient: Running job: job_201304201531_0001
13/04/20 15:32:06 INFO mapred.JobClient:  map 0% reduce 0%
13/04/20 15:32:28 INFO mapred.JobClient:  map 1% reduce 0%
13/04/20 15:32:31 INFO mapred.JobClient:  map 12% reduce 0%
13/04/20 15:32:34 INFO mapred.JobClient:  map 31% reduce 0%
13/04/20 15:32:37 INFO mapred.JobClient:  map 43% reduce 0%
13/04/20 15:32:40 INFO mapred.JobClient:  map 56% reduce 0%
13/04/20 15:32:43 INFO mapred.JobClient:  map 68% reduce 0%
13/04/20 15:32:46 INFO mapred.JobClient:  map 81% reduce 0%
13/04/20 15:32:49 INFO mapred.JobClient:  map 93% reduce 0%
13/04/20 15:32:52 INFO mapred.JobClient:  map 99% reduce 0%
13/04/20 15:34:46 INFO mapred.JobClient:  map 100% reduce 0%
13/04/20 15:34:52 INFO mapred.JobClient: Job complete: job_201304201531_0001
13/04/20 15:34:52 INFO mapred.JobClient: Counters: 31
13/04/20 15:34:52 INFO mapred.JobClient:   Job Counters 
13/04/20 15:34:52 INFO mapred.JobClient:     SLOTS_MILLIS_MAPS=10526935
13/04/20 15:34:52 INFO mapred.JobClient:     Total time spent by all reduces waiting after reserving slots (ms)=0
13/04/20 15:34:52 INFO mapred.JobClient:     Total time spent by all maps waiting after reserving slots (ms)=0
13/04/20 15:34:52 INFO mapred.JobClient:     Launched map tasks=80
13/04/20 15:34:52 INFO mapred.JobClient:     SLOTS_MILLIS_REDUCES=0
13/04/20 15:34:52 INFO mapred.JobClient:   Giraph Timers
13/04/20 15:34:52 INFO mapred.JobClient:     Total (milliseconds)=137560
13/04/20 15:34:52 INFO mapred.JobClient:     Setup (milliseconds)=24621
13/04/20 15:34:52 INFO mapred.JobClient:     Shutdown (milliseconds)=5595
13/04/20 15:34:52 INFO mapred.JobClient:     Superstep 0 (milliseconds)=10414
13/04/20 15:34:52 INFO mapred.JobClient:     Input superstep (milliseconds)=96924
13/04/20 15:34:52 INFO mapred.JobClient:   Giraph Stats
13/04/20 15:34:52 INFO mapred.JobClient:     Aggregate edges=3926527642
13/04/20 15:34:52 INFO mapred.JobClient:     Superstep=1
13/04/20 15:34:52 INFO mapred.JobClient:     Last checkpointed superstep=0
13/04/20 15:34:52 INFO mapred.JobClient:     Current workers=79
13/04/20 15:34:52 INFO mapred.JobClient:     Current master task partition=0
13/04/20 15:34:52 INFO mapred.JobClient:     Sent messages=0
13/04/20 15:34:52 INFO mapred.JobClient:     Aggregate finished vertices=51217936
13/04/20 15:34:52 INFO mapred.JobClient:     Aggregate vertices=51217936
13/04/20 15:34:52 INFO mapred.JobClient:   File Output Format Counters 
13/04/20 15:34:52 INFO mapred.JobClient:     Bytes Written=0
13/04/20 15:34:52 INFO mapred.JobClient:   FileSystemCounters
13/04/20 15:34:52 INFO mapred.JobClient:     HDFS_BYTES_READ=38975568038
13/04/20 15:34:52 INFO mapred.JobClient:     FILE_BYTES_WRITTEN=1860166
13/04/20 15:34:52 INFO mapred.JobClient:     HDFS_BYTES_WRITTEN=608923716
13/04/20 15:34:52 INFO mapred.JobClient:   File Input Format Counters 
13/04/20 15:34:52 INFO mapred.JobClient:     Bytes Read=0
13/04/20 15:34:52 INFO mapred.JobClient:   Map-Reduce Framework
13/04/20 15:34:52 INFO mapred.JobClient:     Map input records=80
13/04/20 15:34:52 INFO mapred.JobClient:     Physical memory (bytes) snapshot=136181227520
13/04/20 15:34:52 INFO mapred.JobClient:     Spilled Records=0
13/04/20 15:34:52 INFO mapred.JobClient:     CPU time spent (ms)=11933380
13/04/20 15:34:52 INFO mapred.JobClient:     Total committed heap usage (bytes)=123129102336
13/04/20 15:34:52 INFO mapred.JobClient:     Virtual memory (bytes) snapshot=203858624512
13/04/20 15:34:52 INFO mapred.JobClient:     Map output records=0
13/04/20 15:34:52 INFO mapred.JobClient:     SPLIT_RAW_BYTES=3520
