18:01:36,683 WARN  eu.stratosphere.nephele.configuration.GlobalConfiguration     - Cannot load configuration: unknown element plugins
18:01:36,723 INFO  eu.stratosphere.nephele.taskmanager.TaskManager               - Reading location of job manager from configuration
18:01:36,733 INFO  eu.stratosphere.nephele.taskmanager.TaskManager               - Determined address of job manager to be cloud-11.dima.tu-berlin.de/130.149.21.15:6002
18:01:36,740 INFO  eu.stratosphere.nephele.taskmanager.TaskManager               - Announcing connection information cloud-30 to job manager
18:01:36,803 INFO  eu.stratosphere.nephele.ipc.Server                            - IPC Server listener on 6122: starting
18:01:36,803 INFO  eu.stratosphere.nephele.ipc.Server                            - IPC Server Responder: starting
18:01:36,804 INFO  eu.stratosphere.nephele.ipc.Server                            - IPC Server handler 0 on 6122: starting
18:01:37,927 INFO  eu.stratosphere.nephele.taskmanager.bufferprovider.GlobalBufferPool  - Initialized global buffer pool with 32768 buffers with a size 32768 bytes each
18:01:37,945 INFO  eu.stratosphere.nephele.taskmanager.bytebuffered.ByteBufferedChannelManager  - Initialized byte buffered channel manager with sender-side spilling disabled
18:01:37,953 INFO  eu.stratosphere.nephele.instance.HardwareDescriptionFactory   - Found Tenured Gen pool (max: 27678736384, used: 0)
18:01:37,953 INFO  eu.stratosphere.nephele.taskmanager.TaskManager               - Initializing memory manager with 22528 megabytes of memory
18:02:06,799 INFO  eu.stratosphere.nephele.execution.ExecutionStateTransition    - TM: ExecutionState set from STARTING to RUNNING for task Input Edges (158/160)
18:02:06,799 INFO  eu.stratosphere.nephele.execution.ExecutionStateTransition    - TM: ExecutionState set from STARTING to RUNNING for task Input Edges (156/160)
18:02:06,799 INFO  eu.stratosphere.nephele.execution.ExecutionStateTransition    - TM: ExecutionState set from STARTING to RUNNING for task Input Edges (157/160)
18:02:06,799 INFO  eu.stratosphere.nephele.execution.ExecutionStateTransition    - TM: ExecutionState set from STARTING to RUNNING for task Input Edges (155/160)
18:02:06,799 INFO  eu.stratosphere.nephele.execution.ExecutionStateTransition    - TM: ExecutionState set from STARTING to RUNNING for task Input Edges (154/160)
18:02:06,799 INFO  eu.stratosphere.nephele.execution.ExecutionStateTransition    - TM: ExecutionState set from STARTING to RUNNING for task Input Edges (160/160)
18:02:06,799 INFO  eu.stratosphere.nephele.execution.ExecutionStateTransition    - TM: ExecutionState set from STARTING to RUNNING for task Input Edges (159/160)
18:02:06,799 INFO  eu.stratosphere.nephele.execution.ExecutionStateTransition    - TM: ExecutionState set from STARTING to RUNNING for task Input Edges (153/160)
18:02:06,804 INFO  eu.stratosphere.pact.runtime.task.DataSourceTask              - Start PACT code: Input Edges (158/160)
18:02:06,806 INFO  eu.stratosphere.pact.runtime.task.DataSourceTask              - Start PACT code: Input Edges (154/160)
18:02:06,806 INFO  eu.stratosphere.pact.runtime.task.RegularPactTask             - Start PACT code: Canonize edges (158/160)
18:02:06,807 INFO  eu.stratosphere.pact.runtime.task.RegularPactTask             - Start PACT code: Canonize edges (154/160)
18:02:06,807 INFO  eu.stratosphere.pact.runtime.task.DataSourceTask              - Start PACT code: Input Edges (153/160)
18:02:06,808 INFO  eu.stratosphere.pact.runtime.task.RegularPactTask             - Start PACT code: Canonize edges (153/160)
18:02:06,810 INFO  eu.stratosphere.pact.runtime.task.DataSourceTask              - Start PACT code: Input Edges (159/160)
18:02:06,811 INFO  eu.stratosphere.pact.runtime.task.RegularPactTask             - Start PACT code: Canonize edges (159/160)
18:02:06,813 INFO  eu.stratosphere.pact.runtime.task.DataSourceTask              - Start PACT code: Input Edges (160/160)
18:02:06,814 INFO  eu.stratosphere.pact.runtime.task.RegularPactTask             - Start PACT code: Canonize edges (160/160)
18:02:06,819 INFO  eu.stratosphere.pact.runtime.task.DataSourceTask              - Start PACT code: Input Edges (155/160)
18:02:06,819 INFO  eu.stratosphere.pact.runtime.task.RegularPactTask             - Start PACT code: Canonize edges (155/160)
18:02:06,823 INFO  eu.stratosphere.pact.runtime.task.DataSourceTask              - Start PACT code: Input Edges (157/160)
18:02:06,824 INFO  eu.stratosphere.pact.runtime.task.RegularPactTask             - Start PACT code: Canonize edges (157/160)
18:02:06,827 INFO  eu.stratosphere.pact.runtime.task.DataSourceTask              - Start PACT code: Input Edges (156/160)
18:02:06,827 INFO  eu.stratosphere.pact.runtime.task.RegularPactTask             - Start PACT code: Canonize edges (156/160)
18:02:09,411 INFO  eu.stratosphere.pact.runtime.task.RegularPactTask             - Finished PACT code: Canonize edges (159/160)
18:02:09,412 INFO  eu.stratosphere.pact.runtime.task.DataSourceTask              - Finished PACT code: Input Edges (159/160)
18:02:09,412 INFO  eu.stratosphere.nephele.execution.ExecutionStateTransition    - TM: ExecutionState set from RUNNING to FINISHING for task Input Edges (159/160)
18:02:09,418 INFO  eu.stratosphere.pact.runtime.task.RegularPactTask             - Finished PACT code: Canonize edges (153/160)
18:02:09,419 INFO  eu.stratosphere.pact.runtime.task.DataSourceTask              - Finished PACT code: Input Edges (153/160)
18:02:09,419 INFO  eu.stratosphere.nephele.execution.ExecutionStateTransition    - TM: ExecutionState set from RUNNING to FINISHING for task Input Edges (153/160)
18:02:09,426 INFO  eu.stratosphere.pact.runtime.task.RegularPactTask             - Finished PACT code: Canonize edges (156/160)
18:02:09,426 INFO  eu.stratosphere.pact.runtime.task.DataSourceTask              - Finished PACT code: Input Edges (156/160)
18:02:09,426 INFO  eu.stratosphere.nephele.execution.ExecutionStateTransition    - TM: ExecutionState set from RUNNING to FINISHING for task Input Edges (156/160)
18:02:09,611 INFO  eu.stratosphere.pact.runtime.task.RegularPactTask             - Finished PACT code: Canonize edges (155/160)
18:02:09,611 INFO  eu.stratosphere.pact.runtime.task.DataSourceTask              - Finished PACT code: Input Edges (155/160)
18:02:09,612 INFO  eu.stratosphere.nephele.execution.ExecutionStateTransition    - TM: ExecutionState set from RUNNING to FINISHING for task Input Edges (155/160)
18:02:09,623 INFO  eu.stratosphere.pact.runtime.task.RegularPactTask             - Finished PACT code: Canonize edges (158/160)
18:02:09,624 INFO  eu.stratosphere.pact.runtime.task.DataSourceTask              - Finished PACT code: Input Edges (158/160)
18:02:09,624 INFO  eu.stratosphere.nephele.execution.ExecutionStateTransition    - TM: ExecutionState set from RUNNING to FINISHING for task Input Edges (158/160)
18:02:09,830 INFO  eu.stratosphere.nephele.execution.ExecutionStateTransition    - TM: ExecutionState set from STARTING to RUNNING for task Build Triads (157/160)
18:02:09,831 INFO  eu.stratosphere.pact.runtime.task.RegularPactTask             - Start PACT code.: Build Triads (157/160)
18:02:09,923 INFO  eu.stratosphere.pact.runtime.task.RegularPactTask             - Finished PACT code: Canonize edges (160/160)
18:02:09,923 INFO  eu.stratosphere.pact.runtime.task.DataSourceTask              - Finished PACT code: Input Edges (160/160)
18:02:09,923 INFO  eu.stratosphere.nephele.execution.ExecutionStateTransition    - TM: ExecutionState set from RUNNING to FINISHING for task Input Edges (160/160)
18:02:09,951 INFO  eu.stratosphere.pact.runtime.task.RegularPactTask             - Finished PACT code: Canonize edges (157/160)
18:02:09,952 INFO  eu.stratosphere.pact.runtime.task.DataSourceTask              - Finished PACT code: Input Edges (157/160)
18:02:09,952 INFO  eu.stratosphere.nephele.execution.ExecutionStateTransition    - TM: ExecutionState set from RUNNING to FINISHING for task Input Edges (157/160)
18:02:10,420 INFO  eu.stratosphere.pact.runtime.task.RegularPactTask             - Finished PACT code: Canonize edges (154/160)
18:02:10,420 INFO  eu.stratosphere.pact.runtime.task.DataSourceTask              - Finished PACT code: Input Edges (154/160)
18:02:10,420 INFO  eu.stratosphere.nephele.execution.ExecutionStateTransition    - TM: ExecutionState set from RUNNING to FINISHING for task Input Edges (154/160)
18:02:13,087 INFO  eu.stratosphere.nephele.execution.ExecutionStateTransition    - TM: ExecutionState set from STARTING to RUNNING for task Close Triads (157/160)
18:02:13,089 INFO  eu.stratosphere.pact.runtime.task.RegularPactTask             - Start PACT code.: Close Triads (157/160)
18:02:13,619 INFO  eu.stratosphere.nephele.execution.ExecutionStateTransition    - TM: ExecutionState set from STARTING to RUNNING for task Build Triads (153/160)
18:02:13,621 INFO  eu.stratosphere.pact.runtime.task.RegularPactTask             - Start PACT code.: Build Triads (153/160)
18:02:13,639 INFO  eu.stratosphere.nephele.execution.ExecutionStateTransition    - TM: ExecutionState set from STARTING to RUNNING for task Close Triads (153/160)
18:02:13,642 INFO  eu.stratosphere.pact.runtime.task.RegularPactTask             - Start PACT code.: Close Triads (153/160)
18:02:13,661 INFO  eu.stratosphere.nephele.execution.ExecutionStateTransition    - TM: ExecutionState set from STARTING to RUNNING for task Build Triads (154/160)
18:02:13,663 INFO  eu.stratosphere.pact.runtime.task.RegularPactTask             - Start PACT code.: Build Triads (154/160)
18:02:13,688 INFO  eu.stratosphere.nephele.execution.ExecutionStateTransition    - TM: ExecutionState set from STARTING to RUNNING for task Build Triads (155/160)
18:02:13,690 INFO  eu.stratosphere.pact.runtime.task.RegularPactTask             - Start PACT code.: Build Triads (155/160)
18:02:13,722 INFO  eu.stratosphere.nephele.execution.ExecutionStateTransition    - TM: ExecutionState set from STARTING to RUNNING for task Build Triads (156/160)
18:02:13,724 INFO  eu.stratosphere.pact.runtime.task.RegularPactTask             - Start PACT code.: Build Triads (156/160)
18:02:13,758 INFO  eu.stratosphere.nephele.execution.ExecutionStateTransition    - TM: ExecutionState set from STARTING to RUNNING for task Build Triads (158/160)
18:02:13,759 INFO  eu.stratosphere.pact.runtime.task.RegularPactTask             - Start PACT code.: Build Triads (158/160)
18:02:13,784 INFO  eu.stratosphere.nephele.execution.ExecutionStateTransition    - TM: ExecutionState set from STARTING to RUNNING for task Build Triads (159/160)
18:02:13,786 INFO  eu.stratosphere.pact.runtime.task.RegularPactTask             - Start PACT code.: Build Triads (159/160)
18:02:13,805 INFO  eu.stratosphere.nephele.execution.ExecutionStateTransition    - TM: ExecutionState set from STARTING to RUNNING for task Build Triads (160/160)
18:02:13,806 INFO  eu.stratosphere.pact.runtime.task.RegularPactTask             - Start PACT code.: Build Triads (160/160)
18:02:14,190 INFO  eu.stratosphere.nephele.execution.ExecutionStateTransition    - TM: ExecutionState set from STARTING to RUNNING for task Close Triads (154/160)
18:02:14,191 INFO  eu.stratosphere.pact.runtime.task.RegularPactTask             - Start PACT code.: Close Triads (154/160)
18:02:14,439 INFO  eu.stratosphere.nephele.execution.ExecutionStateTransition    - TM: ExecutionState set from STARTING to RUNNING for task Close Triads (159/160)
18:02:14,442 INFO  eu.stratosphere.pact.runtime.task.RegularPactTask             - Start PACT code.: Close Triads (159/160)
18:02:14,479 INFO  eu.stratosphere.nephele.execution.ExecutionStateTransition    - TM: ExecutionState set from STARTING to RUNNING for task Close Triads (155/160)
18:02:14,568 INFO  eu.stratosphere.pact.runtime.task.RegularPactTask             - Start PACT code.: Close Triads (155/160)
18:02:14,586 INFO  eu.stratosphere.nephele.execution.ExecutionStateTransition    - TM: ExecutionState set from STARTING to RUNNING for task Close Triads (160/160)
18:02:14,587 INFO  eu.stratosphere.pact.runtime.task.RegularPactTask             - Start PACT code.: Close Triads (160/160)
18:02:14,741 INFO  eu.stratosphere.nephele.execution.ExecutionStateTransition    - TM: ExecutionState set from STARTING to RUNNING for task Close Triads (158/160)
18:02:14,743 INFO  eu.stratosphere.pact.runtime.task.RegularPactTask             - Start PACT code.: Close Triads (158/160)
18:02:14,851 INFO  eu.stratosphere.nephele.execution.ExecutionStateTransition    - TM: ExecutionState set from STARTING to RUNNING for task Close Triads (156/160)
18:02:14,853 INFO  eu.stratosphere.pact.runtime.task.RegularPactTask             - Start PACT code.: Close Triads (156/160)
18:02:20,638 INFO  eu.stratosphere.nephele.execution.ExecutionStateTransition    - TM: ExecutionState set from STARTING to RUNNING for task Triangles (153/160)
18:02:20,642 INFO  eu.stratosphere.pact.runtime.task.DataSinkTask                - Start PACT code: Triangles (153/160)
18:02:20,658 INFO  eu.stratosphere.nephele.execution.ExecutionStateTransition    - TM: ExecutionState set from STARTING to RUNNING for task Triangles (154/160)
18:02:20,661 INFO  eu.stratosphere.pact.runtime.task.DataSinkTask                - Start PACT code: Triangles (154/160)
18:02:20,677 INFO  eu.stratosphere.nephele.execution.ExecutionStateTransition    - TM: ExecutionState set from STARTING to RUNNING for task Triangles (155/160)
18:02:20,679 INFO  eu.stratosphere.pact.runtime.task.DataSinkTask                - Start PACT code: Triangles (155/160)
18:02:20,691 INFO  eu.stratosphere.nephele.execution.ExecutionStateTransition    - TM: ExecutionState set from STARTING to RUNNING for task Triangles (156/160)
18:02:20,693 INFO  eu.stratosphere.pact.runtime.task.DataSinkTask                - Start PACT code: Triangles (156/160)
18:02:20,697 INFO  eu.stratosphere.nephele.execution.ExecutionStateTransition    - TM: ExecutionState set from STARTING to RUNNING for task Triangles (157/160)
18:02:20,700 INFO  eu.stratosphere.pact.runtime.task.DataSinkTask                - Start PACT code: Triangles (157/160)
18:02:20,740 INFO  eu.stratosphere.nephele.execution.ExecutionStateTransition    - TM: ExecutionState set from STARTING to RUNNING for task Triangles (158/160)
18:02:20,743 INFO  eu.stratosphere.pact.runtime.task.DataSinkTask                - Start PACT code: Triangles (158/160)
18:02:20,773 INFO  eu.stratosphere.nephele.execution.ExecutionStateTransition    - TM: ExecutionState set from STARTING to RUNNING for task Triangles (159/160)
18:02:20,775 INFO  eu.stratosphere.pact.runtime.task.DataSinkTask                - Start PACT code: Triangles (159/160)
18:02:20,812 INFO  eu.stratosphere.nephele.execution.ExecutionStateTransition    - TM: ExecutionState set from STARTING to RUNNING for task Triangles (160/160)
18:02:20,814 INFO  eu.stratosphere.pact.runtime.task.DataSinkTask                - Start PACT code: Triangles (160/160)
18:02:25,099 INFO  eu.stratosphere.pact.runtime.task.RegularPactTask             - Finished PACT code.: Build Triads (155/160)
18:02:25,099 INFO  eu.stratosphere.nephele.execution.ExecutionStateTransition    - TM: ExecutionState set from RUNNING to FINISHING for task Build Triads (155/160)
18:02:25,196 INFO  eu.stratosphere.pact.runtime.task.RegularPactTask             - Finished PACT code.: Build Triads (157/160)
18:02:25,196 INFO  eu.stratosphere.nephele.execution.ExecutionStateTransition    - TM: ExecutionState set from RUNNING to FINISHING for task Build Triads (157/160)
18:02:25,748 INFO  eu.stratosphere.pact.runtime.task.RegularPactTask             - Finished PACT code.: Build Triads (154/160)
18:02:25,748 INFO  eu.stratosphere.nephele.execution.ExecutionStateTransition    - TM: ExecutionState set from RUNNING to FINISHING for task Build Triads (154/160)
18:02:25,832 INFO  eu.stratosphere.pact.runtime.task.RegularPactTask             - Finished PACT code.: Build Triads (156/160)
18:02:25,832 INFO  eu.stratosphere.nephele.execution.ExecutionStateTransition    - TM: ExecutionState set from RUNNING to FINISHING for task Build Triads (156/160)
18:02:25,834 INFO  eu.stratosphere.pact.runtime.task.RegularPactTask             - Finished PACT code.: Build Triads (158/160)
18:02:25,835 INFO  eu.stratosphere.nephele.execution.ExecutionStateTransition    - TM: ExecutionState set from RUNNING to FINISHING for task Build Triads (158/160)
18:02:26,539 INFO  eu.stratosphere.pact.runtime.task.RegularPactTask             - Finished PACT code.: Build Triads (159/160)
18:02:26,539 INFO  eu.stratosphere.nephele.execution.ExecutionStateTransition    - TM: ExecutionState set from RUNNING to FINISHING for task Build Triads (159/160)
18:02:26,811 INFO  eu.stratosphere.pact.runtime.task.RegularPactTask             - Finished PACT code.: Build Triads (153/160)
18:02:26,812 INFO  eu.stratosphere.nephele.execution.ExecutionStateTransition    - TM: ExecutionState set from RUNNING to FINISHING for task Build Triads (153/160)
18:02:26,953 INFO  eu.stratosphere.pact.runtime.task.RegularPactTask             - Finished PACT code.: Build Triads (160/160)
18:02:26,953 INFO  eu.stratosphere.nephele.execution.ExecutionStateTransition    - TM: ExecutionState set from RUNNING to FINISHING for task Build Triads (160/160)
