02:52:03,847 WARN  eu.stratosphere.nephele.configuration.GlobalConfiguration     - Cannot load configuration: unknown element plugins
02:52:03,886 INFO  eu.stratosphere.nephele.taskmanager.TaskManager               - Reading location of job manager from configuration
02:52:03,897 INFO  eu.stratosphere.nephele.taskmanager.TaskManager               - Determined address of job manager to be cloud-11.dima.tu-berlin.de/130.149.21.15:6002
02:52:03,912 INFO  eu.stratosphere.nephele.taskmanager.TaskManager               - Announcing connection information cloud-18 to job manager
02:52:03,998 INFO  eu.stratosphere.nephele.ipc.Server                            - IPC Server listener on 6122: starting
02:52:03,998 INFO  eu.stratosphere.nephele.ipc.Server                            - IPC Server Responder: starting
02:52:03,998 INFO  eu.stratosphere.nephele.ipc.Server                            - IPC Server handler 0 on 6122: starting
02:52:05,108 INFO  eu.stratosphere.nephele.taskmanager.bufferprovider.GlobalBufferPool  - Initialized global buffer pool with 32768 buffers with a size 32768 bytes each
02:52:05,128 INFO  eu.stratosphere.nephele.taskmanager.bytebuffered.ByteBufferedChannelManager  - Initialized byte buffered channel manager with sender-side spilling disabled
02:52:05,139 INFO  eu.stratosphere.nephele.instance.HardwareDescriptionFactory   - Found Tenured Gen pool (max: 24051843072, used: 0)
02:52:05,139 INFO  eu.stratosphere.nephele.taskmanager.TaskManager               - Initializing memory manager with 22528 megabytes of memory
02:52:33,206 INFO  eu.stratosphere.nephele.execution.ExecutionStateTransition    - TM: ExecutionState set from STARTING to RUNNING for task Input Edges (1/80)
02:52:33,207 INFO  eu.stratosphere.nephele.execution.ExecutionStateTransition    - TM: ExecutionState set from STARTING to RUNNING for task Input Edges (4/80)
02:52:33,207 INFO  eu.stratosphere.nephele.execution.ExecutionStateTransition    - TM: ExecutionState set from STARTING to RUNNING for task Input Edges (5/80)
02:52:33,206 INFO  eu.stratosphere.nephele.execution.ExecutionStateTransition    - TM: ExecutionState set from STARTING to RUNNING for task Input Edges (7/80)
02:52:33,206 INFO  eu.stratosphere.nephele.execution.ExecutionStateTransition    - TM: ExecutionState set from STARTING to RUNNING for task Input Edges (6/80)
02:52:33,207 INFO  eu.stratosphere.nephele.execution.ExecutionStateTransition    - TM: ExecutionState set from STARTING to RUNNING for task Input Edges (2/80)
02:52:33,207 INFO  eu.stratosphere.nephele.execution.ExecutionStateTransition    - TM: ExecutionState set from STARTING to RUNNING for task Input Edges (3/80)
02:52:33,206 INFO  eu.stratosphere.nephele.execution.ExecutionStateTransition    - TM: ExecutionState set from STARTING to RUNNING for task Input Edges (8/80)
02:52:33,210 INFO  eu.stratosphere.pact.runtime.task.DataSourceTask              - Start PACT code: Input Edges (1/80)
02:52:33,212 INFO  eu.stratosphere.pact.runtime.task.RegularPactTask             - Start PACT code: Canonize edges (1/80)
02:52:33,213 INFO  eu.stratosphere.pact.runtime.task.DataSourceTask              - Start PACT code: Input Edges (5/80)
02:52:33,214 INFO  eu.stratosphere.pact.runtime.task.RegularPactTask             - Start PACT code: Canonize edges (5/80)
02:52:33,214 INFO  eu.stratosphere.pact.runtime.task.DataSourceTask              - Start PACT code: Input Edges (4/80)
02:52:33,214 INFO  eu.stratosphere.pact.runtime.task.RegularPactTask             - Start PACT code: Canonize edges (4/80)
02:52:33,216 INFO  eu.stratosphere.pact.runtime.task.DataSourceTask              - Start PACT code: Input Edges (8/80)
02:52:33,216 INFO  eu.stratosphere.pact.runtime.task.RegularPactTask             - Start PACT code: Canonize edges (8/80)
02:52:33,217 INFO  eu.stratosphere.pact.runtime.task.DataSourceTask              - Start PACT code: Input Edges (3/80)
02:52:33,218 INFO  eu.stratosphere.pact.runtime.task.RegularPactTask             - Start PACT code: Canonize edges (3/80)
02:52:33,219 INFO  eu.stratosphere.pact.runtime.task.DataSourceTask              - Start PACT code: Input Edges (2/80)
02:52:33,219 INFO  eu.stratosphere.pact.runtime.task.RegularPactTask             - Start PACT code: Canonize edges (2/80)
02:52:33,220 INFO  eu.stratosphere.pact.runtime.task.DataSourceTask              - Start PACT code: Input Edges (6/80)
02:52:33,221 INFO  eu.stratosphere.pact.runtime.task.RegularPactTask             - Start PACT code: Canonize edges (6/80)
02:52:33,223 INFO  eu.stratosphere.pact.runtime.task.DataSourceTask              - Start PACT code: Input Edges (7/80)
02:52:33,223 INFO  eu.stratosphere.pact.runtime.task.RegularPactTask             - Start PACT code: Canonize edges (7/80)
02:52:34,385 INFO  eu.stratosphere.nephele.execution.ExecutionStateTransition    - TM: ExecutionState set from STARTING to RUNNING for task Build Triads (6/80)
02:52:34,387 INFO  eu.stratosphere.pact.runtime.task.RegularPactTask             - Start PACT code.: Build Triads (6/80)
02:52:34,483 INFO  eu.stratosphere.nephele.execution.ExecutionStateTransition    - TM: ExecutionState set from STARTING to RUNNING for task Build Triads (8/80)
02:52:34,485 INFO  eu.stratosphere.pact.runtime.task.RegularPactTask             - Start PACT code.: Build Triads (8/80)
02:52:34,758 INFO  eu.stratosphere.nephele.execution.ExecutionStateTransition    - TM: ExecutionState set from STARTING to RUNNING for task Build Triads (7/80)
02:52:34,760 INFO  eu.stratosphere.pact.runtime.task.RegularPactTask             - Start PACT code.: Build Triads (7/80)
02:52:34,815 INFO  eu.stratosphere.nephele.execution.ExecutionStateTransition    - TM: ExecutionState set from STARTING to RUNNING for task Build Triads (3/80)
02:52:34,817 INFO  eu.stratosphere.pact.runtime.task.RegularPactTask             - Start PACT code.: Build Triads (3/80)
02:52:34,838 INFO  eu.stratosphere.nephele.execution.ExecutionStateTransition    - TM: ExecutionState set from STARTING to RUNNING for task Build Triads (1/80)
02:52:34,840 INFO  eu.stratosphere.pact.runtime.task.RegularPactTask             - Start PACT code.: Build Triads (1/80)
02:52:34,861 INFO  eu.stratosphere.nephele.execution.ExecutionStateTransition    - TM: ExecutionState set from STARTING to RUNNING for task Build Triads (4/80)
02:52:34,862 INFO  eu.stratosphere.pact.runtime.task.RegularPactTask             - Start PACT code.: Build Triads (4/80)
02:52:34,882 INFO  eu.stratosphere.nephele.execution.ExecutionStateTransition    - TM: ExecutionState set from STARTING to RUNNING for task Build Triads (5/80)
02:52:34,884 INFO  eu.stratosphere.pact.runtime.task.RegularPactTask             - Start PACT code.: Build Triads (5/80)
02:52:35,036 INFO  eu.stratosphere.nephele.execution.ExecutionStateTransition    - TM: ExecutionState set from STARTING to RUNNING for task Build Triads (2/80)
02:52:35,038 INFO  eu.stratosphere.pact.runtime.task.RegularPactTask             - Start PACT code.: Build Triads (2/80)
02:52:37,165 INFO  eu.stratosphere.nephele.execution.ExecutionStateTransition    - TM: ExecutionState set from STARTING to RUNNING for task Close Triads (6/80)
02:52:37,165 INFO  eu.stratosphere.nephele.execution.ExecutionStateTransition    - TM: ExecutionState set from STARTING to RUNNING for task Triangles (6/80)
02:52:37,167 INFO  eu.stratosphere.pact.runtime.task.RegularPactTask             - Start PACT code.: Close Triads (6/80)
02:52:37,168 INFO  eu.stratosphere.pact.runtime.task.DataSinkTask                - Start PACT code: Triangles (6/80)
02:52:37,192 INFO  eu.stratosphere.nephele.execution.ExecutionStateTransition    - TM: ExecutionState set from STARTING to RUNNING for task Close Triads (7/80)
02:52:37,193 INFO  eu.stratosphere.nephele.execution.ExecutionStateTransition    - TM: ExecutionState set from STARTING to RUNNING for task Triangles (7/80)
02:52:37,194 INFO  eu.stratosphere.pact.runtime.task.RegularPactTask             - Start PACT code.: Close Triads (7/80)
02:52:37,195 INFO  eu.stratosphere.pact.runtime.task.DataSinkTask                - Start PACT code: Triangles (7/80)
02:52:37,278 INFO  eu.stratosphere.nephele.execution.ExecutionStateTransition    - TM: ExecutionState set from STARTING to RUNNING for task Close Triads (5/80)
02:52:37,278 INFO  eu.stratosphere.nephele.execution.ExecutionStateTransition    - TM: ExecutionState set from STARTING to RUNNING for task Triangles (5/80)
02:52:37,281 INFO  eu.stratosphere.pact.runtime.task.RegularPactTask             - Start PACT code.: Close Triads (5/80)
02:52:37,282 INFO  eu.stratosphere.pact.runtime.task.DataSinkTask                - Start PACT code: Triangles (5/80)
02:52:37,362 INFO  eu.stratosphere.nephele.execution.ExecutionStateTransition    - TM: ExecutionState set from STARTING to RUNNING for task Close Triads (4/80)
02:52:37,362 INFO  eu.stratosphere.nephele.execution.ExecutionStateTransition    - TM: ExecutionState set from STARTING to RUNNING for task Triangles (4/80)
02:52:37,364 INFO  eu.stratosphere.pact.runtime.task.RegularPactTask             - Start PACT code.: Close Triads (4/80)
02:52:37,365 INFO  eu.stratosphere.pact.runtime.task.DataSinkTask                - Start PACT code: Triangles (4/80)
02:52:37,471 INFO  eu.stratosphere.nephele.execution.ExecutionStateTransition    - TM: ExecutionState set from STARTING to RUNNING for task Close Triads (3/80)
02:52:37,472 INFO  eu.stratosphere.nephele.execution.ExecutionStateTransition    - TM: ExecutionState set from STARTING to RUNNING for task Triangles (3/80)
02:52:37,473 INFO  eu.stratosphere.pact.runtime.task.RegularPactTask             - Start PACT code.: Close Triads (3/80)
02:52:37,475 INFO  eu.stratosphere.pact.runtime.task.DataSinkTask                - Start PACT code: Triangles (3/80)
02:52:37,508 INFO  eu.stratosphere.nephele.execution.ExecutionStateTransition    - TM: ExecutionState set from STARTING to RUNNING for task Close Triads (2/80)
02:52:37,508 INFO  eu.stratosphere.nephele.execution.ExecutionStateTransition    - TM: ExecutionState set from STARTING to RUNNING for task Triangles (2/80)
02:52:37,510 INFO  eu.stratosphere.pact.runtime.task.RegularPactTask             - Start PACT code.: Close Triads (2/80)
02:52:37,511 INFO  eu.stratosphere.pact.runtime.task.DataSinkTask                - Start PACT code: Triangles (2/80)
02:52:37,540 INFO  eu.stratosphere.nephele.execution.ExecutionStateTransition    - TM: ExecutionState set from STARTING to RUNNING for task Close Triads (1/80)
02:52:37,541 INFO  eu.stratosphere.nephele.execution.ExecutionStateTransition    - TM: ExecutionState set from STARTING to RUNNING for task Triangles (1/80)
02:52:37,544 INFO  eu.stratosphere.pact.runtime.task.RegularPactTask             - Start PACT code.: Close Triads (1/80)
02:52:37,545 INFO  eu.stratosphere.pact.runtime.task.DataSinkTask                - Start PACT code: Triangles (1/80)
02:52:37,929 INFO  eu.stratosphere.nephele.execution.ExecutionStateTransition    - TM: ExecutionState set from STARTING to RUNNING for task Close Triads (8/80)
02:52:37,929 INFO  eu.stratosphere.nephele.execution.ExecutionStateTransition    - TM: ExecutionState set from STARTING to RUNNING for task Triangles (8/80)
02:52:37,931 INFO  eu.stratosphere.pact.runtime.task.RegularPactTask             - Start PACT code.: Close Triads (8/80)
02:52:37,932 INFO  eu.stratosphere.pact.runtime.task.DataSinkTask                - Start PACT code: Triangles (8/80)
02:52:39,223 INFO  eu.stratosphere.pact.runtime.task.RegularPactTask             - Finished PACT code: Canonize edges (6/80)
02:52:39,224 INFO  eu.stratosphere.pact.runtime.task.DataSourceTask              - Finished PACT code: Input Edges (6/80)
02:52:39,224 INFO  eu.stratosphere.nephele.execution.ExecutionStateTransition    - TM: ExecutionState set from RUNNING to FINISHING for task Input Edges (6/80)
02:52:39,300 INFO  eu.stratosphere.pact.runtime.task.RegularPactTask             - Finished PACT code: Canonize edges (1/80)
02:52:39,301 INFO  eu.stratosphere.pact.runtime.task.DataSourceTask              - Finished PACT code: Input Edges (1/80)
02:52:39,301 INFO  eu.stratosphere.nephele.execution.ExecutionStateTransition    - TM: ExecutionState set from RUNNING to FINISHING for task Input Edges (1/80)
02:52:39,309 INFO  eu.stratosphere.pact.runtime.task.RegularPactTask             - Finished PACT code: Canonize edges (2/80)
02:52:39,309 INFO  eu.stratosphere.pact.runtime.task.DataSourceTask              - Finished PACT code: Input Edges (2/80)
02:52:39,309 INFO  eu.stratosphere.nephele.execution.ExecutionStateTransition    - TM: ExecutionState set from RUNNING to FINISHING for task Input Edges (2/80)
02:52:39,333 INFO  eu.stratosphere.pact.runtime.task.RegularPactTask             - Finished PACT code: Canonize edges (4/80)
02:52:39,333 INFO  eu.stratosphere.pact.runtime.task.DataSourceTask              - Finished PACT code: Input Edges (4/80)
02:52:39,333 INFO  eu.stratosphere.nephele.execution.ExecutionStateTransition    - TM: ExecutionState set from RUNNING to FINISHING for task Input Edges (4/80)
02:52:39,333 INFO  eu.stratosphere.pact.runtime.task.RegularPactTask             - Finished PACT code: Canonize edges (7/80)
02:52:39,333 INFO  eu.stratosphere.pact.runtime.task.DataSourceTask              - Finished PACT code: Input Edges (7/80)
02:52:39,333 INFO  eu.stratosphere.nephele.execution.ExecutionStateTransition    - TM: ExecutionState set from RUNNING to FINISHING for task Input Edges (7/80)
02:52:39,337 INFO  eu.stratosphere.pact.runtime.task.RegularPactTask             - Finished PACT code: Canonize edges (8/80)
02:52:39,337 INFO  eu.stratosphere.pact.runtime.task.DataSourceTask              - Finished PACT code: Input Edges (8/80)
02:52:39,337 INFO  eu.stratosphere.nephele.execution.ExecutionStateTransition    - TM: ExecutionState set from RUNNING to FINISHING for task Input Edges (8/80)
02:52:39,589 INFO  eu.stratosphere.pact.runtime.task.RegularPactTask             - Finished PACT code: Canonize edges (3/80)
02:52:39,590 INFO  eu.stratosphere.pact.runtime.task.DataSourceTask              - Finished PACT code: Input Edges (3/80)
02:52:39,590 INFO  eu.stratosphere.nephele.execution.ExecutionStateTransition    - TM: ExecutionState set from RUNNING to FINISHING for task Input Edges (3/80)
02:52:39,605 INFO  eu.stratosphere.pact.runtime.task.RegularPactTask             - Finished PACT code: Canonize edges (5/80)
02:52:39,605 INFO  eu.stratosphere.pact.runtime.task.DataSourceTask              - Finished PACT code: Input Edges (5/80)
02:52:39,606 INFO  eu.stratosphere.nephele.execution.ExecutionStateTransition    - TM: ExecutionState set from RUNNING to FINISHING for task Input Edges (5/80)
03:06:42,634 INFO  eu.stratosphere.pact.runtime.task.RegularPactTask             - Finished PACT code.: Build Triads (2/80)
03:06:42,635 INFO  eu.stratosphere.nephele.execution.ExecutionStateTransition    - TM: ExecutionState set from RUNNING to FINISHING for task Build Triads (2/80)
03:07:39,696 INFO  eu.stratosphere.pact.runtime.task.RegularPactTask             - Finished PACT code.: Build Triads (3/80)
03:07:39,696 INFO  eu.stratosphere.nephele.execution.ExecutionStateTransition    - TM: ExecutionState set from RUNNING to FINISHING for task Build Triads (3/80)
03:07:42,814 INFO  eu.stratosphere.pact.runtime.task.RegularPactTask             - Finished PACT code.: Build Triads (5/80)
03:07:42,814 INFO  eu.stratosphere.nephele.execution.ExecutionStateTransition    - TM: ExecutionState set from RUNNING to FINISHING for task Build Triads (5/80)
03:07:46,555 INFO  eu.stratosphere.pact.runtime.task.RegularPactTask             - Finished PACT code.: Build Triads (1/80)
03:07:46,555 INFO  eu.stratosphere.nephele.execution.ExecutionStateTransition    - TM: ExecutionState set from RUNNING to FINISHING for task Build Triads (1/80)
03:07:48,397 INFO  eu.stratosphere.pact.runtime.task.RegularPactTask             - Finished PACT code.: Build Triads (7/80)
03:07:48,397 INFO  eu.stratosphere.nephele.execution.ExecutionStateTransition    - TM: ExecutionState set from RUNNING to FINISHING for task Build Triads (7/80)
03:08:10,819 INFO  eu.stratosphere.pact.runtime.task.RegularPactTask             - Finished PACT code.: Build Triads (8/80)
03:08:10,819 INFO  eu.stratosphere.nephele.execution.ExecutionStateTransition    - TM: ExecutionState set from RUNNING to FINISHING for task Build Triads (8/80)
03:08:10,920 INFO  eu.stratosphere.pact.runtime.task.RegularPactTask             - Finished PACT code.: Build Triads (6/80)
03:08:10,920 INFO  eu.stratosphere.nephele.execution.ExecutionStateTransition    - TM: ExecutionState set from RUNNING to FINISHING for task Build Triads (6/80)
03:11:34,435 INFO  eu.stratosphere.pact.runtime.task.RegularPactTask             - Finished PACT code.: Build Triads (4/80)
03:11:34,435 INFO  eu.stratosphere.nephele.execution.ExecutionStateTransition    - TM: ExecutionState set from RUNNING to FINISHING for task Build Triads (4/80)
03:12:42,431 WARN  org.apache.hadoop.hdfs.DFSClient                              - DFSOutputStream ResponseProcessor exception  for block blk_4195587415888967782_1081java.net.SocketTimeoutException: 69000 millis timeout while waiting for channel to be ready for read. ch : java.nio.channels.SocketChannel[connected local=/130.149.21.22:44222 remote=/130.149.21.22:45020]
	at org.apache.hadoop.net.SocketIOWithTimeout.doIO(SocketIOWithTimeout.java:164)
	at org.apache.hadoop.net.SocketInputStream.read(SocketInputStream.java:155)
	at org.apache.hadoop.net.SocketInputStream.read(SocketInputStream.java:128)
	at java.io.DataInputStream.readFully(DataInputStream.java:195)
	at java.io.DataInputStream.readLong(DataInputStream.java:416)
	at org.apache.hadoop.hdfs.protocol.DataTransferProtocol$PipelineAck.readFields(DataTransferProtocol.java:124)
	at org.apache.hadoop.hdfs.DFSClient$DFSOutputStream$ResponseProcessor.run(DFSClient.java:2582)

03:12:42,433 WARN  org.apache.hadoop.hdfs.DFSClient                              - Error Recovery for block blk_4195587415888967782_1081 bad datanode[0] 130.149.21.22:45020
03:12:42,434 WARN  org.apache.hadoop.hdfs.DFSClient                              - Error Recovery for block blk_4195587415888967782_1081 in pipeline 130.149.21.22:45020, 130.149.21.18:45020, 130.149.21.23:45020: bad datanode 130.149.21.22:45020
03:12:42,962 WARN  org.apache.hadoop.hdfs.DFSClient                              - DFSOutputStream ResponseProcessor exception  for block blk_4678216167151951656_1081java.net.SocketTimeoutException: 69000 millis timeout while waiting for channel to be ready for read. ch : java.nio.channels.SocketChannel[connected local=/130.149.21.22:44227 remote=/130.149.21.22:45020]
	at org.apache.hadoop.net.SocketIOWithTimeout.doIO(SocketIOWithTimeout.java:164)
	at org.apache.hadoop.net.SocketInputStream.read(SocketInputStream.java:155)
	at org.apache.hadoop.net.SocketInputStream.read(SocketInputStream.java:128)
	at java.io.DataInputStream.readFully(DataInputStream.java:195)
	at java.io.DataInputStream.readLong(DataInputStream.java:416)
	at org.apache.hadoop.hdfs.protocol.DataTransferProtocol$PipelineAck.readFields(DataTransferProtocol.java:124)
	at org.apache.hadoop.hdfs.DFSClient$DFSOutputStream$ResponseProcessor.run(DFSClient.java:2582)

03:12:42,963 WARN  org.apache.hadoop.hdfs.DFSClient                              - Error Recovery for block blk_4678216167151951656_1081 bad datanode[0] 130.149.21.22:45020
03:12:42,964 WARN  org.apache.hadoop.hdfs.DFSClient                              - Error Recovery for block blk_4678216167151951656_1081 in pipeline 130.149.21.22:45020, 130.149.21.21:45020, 130.149.21.18:45020: bad datanode 130.149.21.22:45020
03:12:44,250 WARN  org.apache.hadoop.hdfs.DFSClient                              - DFSOutputStream ResponseProcessor exception  for block blk_8426610875276237131_1081java.net.SocketTimeoutException: 69000 millis timeout while waiting for channel to be ready for read. ch : java.nio.channels.SocketChannel[connected local=/130.149.21.22:44233 remote=/130.149.21.22:45020]
	at org.apache.hadoop.net.SocketIOWithTimeout.doIO(SocketIOWithTimeout.java:164)
	at org.apache.hadoop.net.SocketInputStream.read(SocketInputStream.java:155)
	at org.apache.hadoop.net.SocketInputStream.read(SocketInputStream.java:128)
	at java.io.DataInputStream.readFully(DataInputStream.java:195)
	at java.io.DataInputStream.readLong(DataInputStream.java:416)
	at org.apache.hadoop.hdfs.protocol.DataTransferProtocol$PipelineAck.readFields(DataTransferProtocol.java:124)
	at org.apache.hadoop.hdfs.DFSClient$DFSOutputStream$ResponseProcessor.run(DFSClient.java:2582)

03:12:44,252 WARN  org.apache.hadoop.hdfs.DFSClient                              - Error Recovery for block blk_8426610875276237131_1081 bad datanode[0] 130.149.21.22:45020
03:12:44,253 WARN  org.apache.hadoop.hdfs.DFSClient                              - Error Recovery for block blk_8426610875276237131_1081 in pipeline 130.149.21.22:45020, 130.149.21.24:45020, 130.149.21.17:45020: bad datanode 130.149.21.22:45020
03:12:44,286 WARN  org.apache.hadoop.hdfs.DFSClient                              - DFSOutputStream ResponseProcessor exception  for block blk_6103412414127664353_1081java.net.SocketTimeoutException: 69000 millis timeout while waiting for channel to be ready for read. ch : java.nio.channels.SocketChannel[connected local=/130.149.21.22:44218 remote=/130.149.21.22:45020]
	at org.apache.hadoop.net.SocketIOWithTimeout.doIO(SocketIOWithTimeout.java:164)
	at org.apache.hadoop.net.SocketInputStream.read(SocketInputStream.java:155)
	at org.apache.hadoop.net.SocketInputStream.read(SocketInputStream.java:128)
	at java.io.DataInputStream.readFully(DataInputStream.java:195)
	at java.io.DataInputStream.readLong(DataInputStream.java:416)
	at org.apache.hadoop.hdfs.protocol.DataTransferProtocol$PipelineAck.readFields(DataTransferProtocol.java:124)
	at org.apache.hadoop.hdfs.DFSClient$DFSOutputStream$ResponseProcessor.run(DFSClient.java:2582)

03:12:44,288 WARN  org.apache.hadoop.hdfs.DFSClient                              - Error Recovery for block blk_6103412414127664353_1081 bad datanode[0] 130.149.21.22:45020
03:12:44,288 WARN  org.apache.hadoop.hdfs.DFSClient                              - Error Recovery for block blk_6103412414127664353_1081 in pipeline 130.149.21.22:45020, 130.149.21.18:45020, 130.149.21.25:45020: bad datanode 130.149.21.22:45020
03:12:44,751 WARN  org.apache.hadoop.hdfs.DFSClient                              - DFSOutputStream ResponseProcessor exception  for block blk_7886561702523963572_1081java.net.SocketTimeoutException: 69000 millis timeout while waiting for channel to be ready for read. ch : java.nio.channels.SocketChannel[connected local=/130.149.21.22:44239 remote=/130.149.21.22:45020]
	at org.apache.hadoop.net.SocketIOWithTimeout.doIO(SocketIOWithTimeout.java:164)
	at org.apache.hadoop.net.SocketInputStream.read(SocketInputStream.java:155)
	at org.apache.hadoop.net.SocketInputStream.read(SocketInputStream.java:128)
	at java.io.DataInputStream.readFully(DataInputStream.java:195)
	at java.io.DataInputStream.readLong(DataInputStream.java:416)
	at org.apache.hadoop.hdfs.protocol.DataTransferProtocol$PipelineAck.readFields(DataTransferProtocol.java:124)
	at org.apache.hadoop.hdfs.DFSClient$DFSOutputStream$ResponseProcessor.run(DFSClient.java:2582)

03:12:44,753 WARN  org.apache.hadoop.hdfs.DFSClient                              - Error Recovery for block blk_7886561702523963572_1081 bad datanode[0] 130.149.21.22:45020
03:12:44,754 WARN  org.apache.hadoop.hdfs.DFSClient                              - Error Recovery for block blk_7886561702523963572_1081 in pipeline 130.149.21.22:45020, 130.149.21.21:45020, 130.149.21.25:45020: bad datanode 130.149.21.22:45020
03:14:05,648 WARN  org.apache.hadoop.hdfs.DFSClient                              - DFSOutputStream ResponseProcessor exception  for block blk_7886561702523963572_1116java.net.SocketTimeoutException: 66000 millis timeout while waiting for channel to be ready for read. ch : java.nio.channels.SocketChannel[connected local=/130.149.21.22:52219 remote=/130.149.21.21:45020]
	at org.apache.hadoop.net.SocketIOWithTimeout.doIO(SocketIOWithTimeout.java:164)
	at org.apache.hadoop.net.SocketInputStream.read(SocketInputStream.java:155)
	at org.apache.hadoop.net.SocketInputStream.read(SocketInputStream.java:128)
	at java.io.DataInputStream.readFully(DataInputStream.java:195)
	at java.io.DataInputStream.readLong(DataInputStream.java:416)
	at org.apache.hadoop.hdfs.protocol.DataTransferProtocol$PipelineAck.readFields(DataTransferProtocol.java:124)
	at org.apache.hadoop.hdfs.DFSClient$DFSOutputStream$ResponseProcessor.run(DFSClient.java:2582)

03:14:05,649 WARN  org.apache.hadoop.hdfs.DFSClient                              - Error Recovery for block blk_7886561702523963572_1116 bad datanode[0] 130.149.21.21:45020
03:14:05,650 WARN  org.apache.hadoop.hdfs.DFSClient                              - Error Recovery for block blk_7886561702523963572_1116 in pipeline 130.149.21.21:45020, 130.149.21.25:45020: bad datanode 130.149.21.21:45020
03:14:06,140 WARN  org.apache.hadoop.hdfs.DFSClient                              - DFSOutputStream ResponseProcessor exception  for block blk_8426610875276237131_1105java.net.SocketTimeoutException: 66000 millis timeout while waiting for channel to be ready for read. ch : java.nio.channels.SocketChannel[connected local=/130.149.21.22:48614 remote=/130.149.21.24:45020]
	at org.apache.hadoop.net.SocketIOWithTimeout.doIO(SocketIOWithTimeout.java:164)
	at org.apache.hadoop.net.SocketInputStream.read(SocketInputStream.java:155)
	at org.apache.hadoop.net.SocketInputStream.read(SocketInputStream.java:128)
	at java.io.DataInputStream.readFully(DataInputStream.java:195)
	at java.io.DataInputStream.readLong(DataInputStream.java:416)
	at org.apache.hadoop.hdfs.protocol.DataTransferProtocol$PipelineAck.readFields(DataTransferProtocol.java:124)
	at org.apache.hadoop.hdfs.DFSClient$DFSOutputStream$ResponseProcessor.run(DFSClient.java:2582)

03:14:06,141 WARN  org.apache.hadoop.hdfs.DFSClient                              - Error Recovery for block blk_8426610875276237131_1105 bad datanode[0] 130.149.21.24:45020
03:14:06,142 WARN  org.apache.hadoop.hdfs.DFSClient                              - Error Recovery for block blk_8426610875276237131_1105 in pipeline 130.149.21.24:45020, 130.149.21.17:45020: bad datanode 130.149.21.24:45020
03:14:16,369 INFO  eu.stratosphere.pact.runtime.task.RegularPactTask             - Finished PACT code.: Close Triads (1/80)
03:14:16,370 INFO  eu.stratosphere.nephele.execution.ExecutionStateTransition    - TM: ExecutionState set from RUNNING to FINISHING for task Close Triads (1/80)
03:14:16,374 INFO  eu.stratosphere.pact.runtime.task.RegularPactTask             - Finished PACT code.: Close Triads (2/80)
03:14:16,375 INFO  eu.stratosphere.nephele.execution.ExecutionStateTransition    - TM: ExecutionState set from RUNNING to FINISHING for task Close Triads (2/80)
03:14:16,380 INFO  eu.stratosphere.pact.runtime.task.RegularPactTask             - Finished PACT code.: Close Triads (7/80)
03:14:16,380 INFO  eu.stratosphere.nephele.execution.ExecutionStateTransition    - TM: ExecutionState set from RUNNING to FINISHING for task Close Triads (7/80)
03:14:16,387 INFO  eu.stratosphere.pact.runtime.task.RegularPactTask             - Finished PACT code.: Close Triads (8/80)
03:14:16,387 INFO  eu.stratosphere.nephele.execution.ExecutionStateTransition    - TM: ExecutionState set from RUNNING to FINISHING for task Close Triads (8/80)
03:14:16,393 INFO  eu.stratosphere.pact.runtime.task.RegularPactTask             - Finished PACT code.: Close Triads (6/80)
03:14:16,393 INFO  eu.stratosphere.nephele.execution.ExecutionStateTransition    - TM: ExecutionState set from RUNNING to FINISHING for task Close Triads (6/80)
03:14:16,403 INFO  eu.stratosphere.pact.runtime.task.RegularPactTask             - Finished PACT code.: Close Triads (3/80)
03:14:16,403 INFO  eu.stratosphere.nephele.execution.ExecutionStateTransition    - TM: ExecutionState set from RUNNING to FINISHING for task Close Triads (3/80)
03:14:16,411 INFO  eu.stratosphere.pact.runtime.task.RegularPactTask             - Finished PACT code.: Close Triads (4/80)
03:14:16,412 INFO  eu.stratosphere.nephele.execution.ExecutionStateTransition    - TM: ExecutionState set from RUNNING to FINISHING for task Close Triads (4/80)
03:14:16,475 INFO  eu.stratosphere.pact.runtime.task.DataSinkTask                - Finished PACT code: Triangles (1/80)
03:14:16,475 INFO  eu.stratosphere.nephele.execution.ExecutionStateTransition    - TM: ExecutionState set from RUNNING to FINISHING for task Triangles (1/80)
03:14:16,476 INFO  eu.stratosphere.nephele.execution.ExecutionStateTransition    - TM: ExecutionState set from FINISHING to FINISHED for task Triangles (1/80)
03:14:16,481 INFO  eu.stratosphere.pact.runtime.task.DataSinkTask                - Finished PACT code: Triangles (4/80)
03:14:16,482 INFO  eu.stratosphere.nephele.execution.ExecutionStateTransition    - TM: ExecutionState set from RUNNING to FINISHING for task Triangles (4/80)
03:14:16,482 INFO  eu.stratosphere.nephele.execution.ExecutionStateTransition    - TM: ExecutionState set from FINISHING to FINISHED for task Triangles (4/80)
03:14:16,518 INFO  eu.stratosphere.nephele.execution.ExecutionStateTransition    - TM: ExecutionState set from FINISHING to FINISHED for task Close Triads (4/80)
03:14:16,573 INFO  eu.stratosphere.nephele.execution.ExecutionStateTransition    - TM: ExecutionState set from FINISHING to FINISHED for task Close Triads (1/80)
03:14:16,604 INFO  eu.stratosphere.pact.runtime.task.RegularPactTask             - Finished PACT code.: Close Triads (5/80)
03:14:16,604 INFO  eu.stratosphere.nephele.execution.ExecutionStateTransition    - TM: ExecutionState set from RUNNING to FINISHING for task Close Triads (5/80)
03:14:16,617 INFO  eu.stratosphere.pact.runtime.task.DataSinkTask                - Finished PACT code: Triangles (5/80)
03:14:16,618 INFO  eu.stratosphere.nephele.execution.ExecutionStateTransition    - TM: ExecutionState set from RUNNING to FINISHING for task Triangles (5/80)
03:14:16,619 INFO  eu.stratosphere.nephele.execution.ExecutionStateTransition    - TM: ExecutionState set from FINISHING to FINISHED for task Triangles (5/80)
03:14:16,707 INFO  eu.stratosphere.nephele.execution.ExecutionStateTransition    - TM: ExecutionState set from FINISHING to FINISHED for task Close Triads (5/80)
03:14:16,886 INFO  eu.stratosphere.pact.runtime.task.DataSinkTask                - Finished PACT code: Triangles (3/80)
03:14:16,886 INFO  eu.stratosphere.nephele.execution.ExecutionStateTransition    - TM: ExecutionState set from RUNNING to FINISHING for task Triangles (3/80)
03:14:16,888 INFO  eu.stratosphere.pact.runtime.task.DataSinkTask                - Finished PACT code: Triangles (8/80)
03:14:16,888 INFO  eu.stratosphere.nephele.execution.ExecutionStateTransition    - TM: ExecutionState set from FINISHING to FINISHED for task Triangles (3/80)
03:14:16,888 INFO  eu.stratosphere.nephele.execution.ExecutionStateTransition    - TM: ExecutionState set from RUNNING to FINISHING for task Triangles (8/80)
03:14:16,891 INFO  eu.stratosphere.nephele.execution.ExecutionStateTransition    - TM: ExecutionState set from FINISHING to FINISHED for task Triangles (8/80)
03:14:16,907 INFO  eu.stratosphere.nephele.execution.ExecutionStateTransition    - TM: ExecutionState set from FINISHING to FINISHED for task Close Triads (3/80)
03:14:16,927 INFO  eu.stratosphere.pact.runtime.task.DataSinkTask                - Finished PACT code: Triangles (6/80)
03:14:16,927 INFO  eu.stratosphere.pact.runtime.task.DataSinkTask                - Finished PACT code: Triangles (2/80)
03:14:16,928 INFO  eu.stratosphere.nephele.execution.ExecutionStateTransition    - TM: ExecutionState set from RUNNING to FINISHING for task Triangles (6/80)
03:14:16,927 INFO  eu.stratosphere.pact.runtime.task.DataSinkTask                - Finished PACT code: Triangles (7/80)
03:14:16,928 INFO  eu.stratosphere.nephele.execution.ExecutionStateTransition    - TM: ExecutionState set from RUNNING to FINISHING for task Triangles (2/80)
03:14:16,929 INFO  eu.stratosphere.nephele.execution.ExecutionStateTransition    - TM: ExecutionState set from RUNNING to FINISHING for task Triangles (7/80)
03:14:16,929 INFO  eu.stratosphere.nephele.execution.ExecutionStateTransition    - TM: ExecutionState set from FINISHING to FINISHED for task Triangles (6/80)
03:14:16,930 INFO  eu.stratosphere.nephele.execution.ExecutionStateTransition    - TM: ExecutionState set from FINISHING to FINISHED for task Triangles (2/80)
03:14:16,931 INFO  eu.stratosphere.nephele.execution.ExecutionStateTransition    - TM: ExecutionState set from FINISHING to FINISHED for task Triangles (7/80)
03:14:16,977 INFO  eu.stratosphere.nephele.execution.ExecutionStateTransition    - TM: ExecutionState set from FINISHING to FINISHED for task Close Triads (2/80)
03:14:16,983 INFO  eu.stratosphere.nephele.execution.ExecutionStateTransition    - TM: ExecutionState set from FINISHING to FINISHED for task Close Triads (7/80)
03:14:16,990 INFO  eu.stratosphere.nephele.execution.ExecutionStateTransition    - TM: ExecutionState set from FINISHING to FINISHED for task Close Triads (8/80)
03:14:16,999 INFO  eu.stratosphere.nephele.execution.ExecutionStateTransition    - TM: ExecutionState set from FINISHING to FINISHED for task Close Triads (6/80)
