06/07/2013 16:38:59:	Job execution switched to status SCHEDULED
06/07/2013 16:38:59:	Terasort generator (1/40) switched to SCHEDULED
06/07/2013 16:38:59:	Data Sink (1/40) switched to SCHEDULED
06/07/2013 16:38:59:	Data Sink (2/40) switched to SCHEDULED
06/07/2013 16:38:59:	Data Sink (3/40) switched to SCHEDULED
06/07/2013 16:38:59:	Data Sink (4/40) switched to SCHEDULED
06/07/2013 16:38:59:	Data Sink (5/40) switched to SCHEDULED
06/07/2013 16:38:59:	Data Sink (6/40) switched to SCHEDULED
06/07/2013 16:38:59:	Data Sink (7/40) switched to SCHEDULED
06/07/2013 16:38:59:	Data Sink (8/40) switched to SCHEDULED
06/07/2013 16:38:59:	Data Sink (9/40) switched to SCHEDULED
06/07/2013 16:38:59:	Data Sink (10/40) switched to SCHEDULED
06/07/2013 16:38:59:	Data Sink (11/40) switched to SCHEDULED
06/07/2013 16:38:59:	Data Sink (12/40) switched to SCHEDULED
06/07/2013 16:38:59:	Data Sink (13/40) switched to SCHEDULED
06/07/2013 16:38:59:	Data Sink (14/40) switched to SCHEDULED
06/07/2013 16:38:59:	Data Sink (15/40) switched to SCHEDULED
06/07/2013 16:38:59:	Data Sink (16/40) switched to SCHEDULED
06/07/2013 16:38:59:	Data Sink (17/40) switched to SCHEDULED
06/07/2013 16:38:59:	Data Sink (18/40) switched to SCHEDULED
06/07/2013 16:38:59:	Data Sink (19/40) switched to SCHEDULED
06/07/2013 16:38:59:	Data Sink (20/40) switched to SCHEDULED
06/07/2013 16:38:59:	Data Sink (21/40) switched to SCHEDULED
06/07/2013 16:38:59:	Data Sink (22/40) switched to SCHEDULED
06/07/2013 16:38:59:	Data Sink (23/40) switched to SCHEDULED
06/07/2013 16:38:59:	Data Sink (24/40) switched to SCHEDULED
06/07/2013 16:38:59:	Data Sink (25/40) switched to SCHEDULED
06/07/2013 16:38:59:	Data Sink (26/40) switched to SCHEDULED
06/07/2013 16:38:59:	Data Sink (27/40) switched to SCHEDULED
06/07/2013 16:38:59:	Data Sink (28/40) switched to SCHEDULED
06/07/2013 16:38:59:	Data Sink (29/40) switched to SCHEDULED
06/07/2013 16:38:59:	Data Sink (30/40) switched to SCHEDULED
06/07/2013 16:38:59:	Data Sink (31/40) switched to SCHEDULED
06/07/2013 16:38:59:	Data Sink (32/40) switched to SCHEDULED
06/07/2013 16:38:59:	Data Sink (33/40) switched to SCHEDULED
06/07/2013 16:38:59:	Data Sink (34/40) switched to SCHEDULED
06/07/2013 16:38:59:	Data Sink (35/40) switched to SCHEDULED
06/07/2013 16:38:59:	Data Sink (36/40) switched to SCHEDULED
06/07/2013 16:38:59:	Data Sink (37/40) switched to SCHEDULED
06/07/2013 16:38:59:	Data Sink (38/40) switched to SCHEDULED
06/07/2013 16:38:59:	Data Sink (39/40) switched to SCHEDULED
06/07/2013 16:38:59:	Data Sink (40/40) switched to SCHEDULED
06/07/2013 16:38:59:	Terasort generator (2/40) switched to SCHEDULED
06/07/2013 16:38:59:	Terasort generator (3/40) switched to SCHEDULED
06/07/2013 16:38:59:	Terasort generator (4/40) switched to SCHEDULED
06/07/2013 16:38:59:	Terasort generator (5/40) switched to SCHEDULED
06/07/2013 16:38:59:	Terasort generator (6/40) switched to SCHEDULED
06/07/2013 16:38:59:	Terasort generator (7/40) switched to SCHEDULED
06/07/2013 16:38:59:	Terasort generator (8/40) switched to SCHEDULED
06/07/2013 16:38:59:	Terasort generator (9/40) switched to SCHEDULED
06/07/2013 16:38:59:	Terasort generator (10/40) switched to SCHEDULED
06/07/2013 16:38:59:	Terasort generator (11/40) switched to SCHEDULED
06/07/2013 16:38:59:	Terasort generator (12/40) switched to SCHEDULED
06/07/2013 16:38:59:	Terasort generator (13/40) switched to SCHEDULED
06/07/2013 16:38:59:	Terasort generator (14/40) switched to SCHEDULED
06/07/2013 16:38:59:	Terasort generator (15/40) switched to SCHEDULED
06/07/2013 16:38:59:	Terasort generator (16/40) switched to SCHEDULED
06/07/2013 16:38:59:	Terasort generator (17/40) switched to SCHEDULED
06/07/2013 16:38:59:	Terasort generator (18/40) switched to SCHEDULED
06/07/2013 16:38:59:	Terasort generator (19/40) switched to SCHEDULED
06/07/2013 16:38:59:	Terasort generator (20/40) switched to SCHEDULED
06/07/2013 16:38:59:	Terasort generator (21/40) switched to SCHEDULED
06/07/2013 16:38:59:	Terasort generator (22/40) switched to SCHEDULED
06/07/2013 16:38:59:	Terasort generator (23/40) switched to SCHEDULED
06/07/2013 16:38:59:	Terasort generator (24/40) switched to SCHEDULED
06/07/2013 16:38:59:	Terasort generator (25/40) switched to SCHEDULED
06/07/2013 16:38:59:	Terasort generator (26/40) switched to SCHEDULED
06/07/2013 16:38:59:	Terasort generator (27/40) switched to SCHEDULED
06/07/2013 16:38:59:	Terasort generator (28/40) switched to SCHEDULED
06/07/2013 16:38:59:	Terasort generator (29/40) switched to SCHEDULED
06/07/2013 16:38:59:	Terasort generator (30/40) switched to SCHEDULED
06/07/2013 16:38:59:	Terasort generator (31/40) switched to SCHEDULED
06/07/2013 16:38:59:	Terasort generator (32/40) switched to SCHEDULED
06/07/2013 16:38:59:	Terasort generator (33/40) switched to SCHEDULED
06/07/2013 16:38:59:	Terasort generator (34/40) switched to SCHEDULED
06/07/2013 16:38:59:	Terasort generator (35/40) switched to SCHEDULED
06/07/2013 16:38:59:	Terasort generator (36/40) switched to SCHEDULED
06/07/2013 16:38:59:	Terasort generator (37/40) switched to SCHEDULED
06/07/2013 16:38:59:	Terasort generator (38/40) switched to SCHEDULED
06/07/2013 16:38:59:	Terasort generator (39/40) switched to SCHEDULED
06/07/2013 16:38:59:	Terasort generator (40/40) switched to SCHEDULED
06/07/2013 16:38:59:	Data Sink (3/40) switched to ASSIGNED
06/07/2013 16:38:59:	Data Sink (5/40) switched to ASSIGNED
06/07/2013 16:38:59:	Data Sink (7/40) switched to ASSIGNED
06/07/2013 16:38:59:	Data Sink (1/40) switched to ASSIGNED
06/07/2013 16:38:59:	Data Sink (6/40) switched to ASSIGNED
06/07/2013 16:38:59:	Terasort generator (3/40) switched to ASSIGNED
06/07/2013 16:38:59:	Terasort generator (1/40) switched to ASSIGNED
06/07/2013 16:38:59:	Terasort generator (4/40) switched to ASSIGNED
06/07/2013 16:38:59:	Terasort generator (5/40) switched to ASSIGNED
06/07/2013 16:38:59:	Terasort generator (2/40) switched to ASSIGNED
06/07/2013 16:38:59:	Data Sink (2/40) switched to ASSIGNED
06/07/2013 16:38:59:	Terasort generator (8/40) switched to ASSIGNED
06/07/2013 16:38:59:	Terasort generator (7/40) switched to ASSIGNED
06/07/2013 16:38:59:	Data Sink (4/40) switched to ASSIGNED
06/07/2013 16:38:59:	Terasort generator (6/40) switched to ASSIGNED
06/07/2013 16:38:59:	Data Sink (8/40) switched to ASSIGNED
06/07/2013 16:38:59:	Terasort generator (15/40) switched to ASSIGNED
06/07/2013 16:38:59:	Terasort generator (11/40) switched to ASSIGNED
06/07/2013 16:38:59:	Data Sink (9/40) switched to ASSIGNED
06/07/2013 16:38:59:	Terasort generator (12/40) switched to ASSIGNED
06/07/2013 16:38:59:	Terasort generator (10/40) switched to ASSIGNED
06/07/2013 16:38:59:	Data Sink (12/40) switched to ASSIGNED
06/07/2013 16:38:59:	Terasort generator (13/40) switched to ASSIGNED
06/07/2013 16:38:59:	Data Sink (10/40) switched to ASSIGNED
06/07/2013 16:38:59:	Terasort generator (14/40) switched to ASSIGNED
06/07/2013 16:38:59:	Data Sink (15/40) switched to ASSIGNED
06/07/2013 16:38:59:	Data Sink (16/40) switched to ASSIGNED
06/07/2013 16:38:59:	Terasort generator (16/40) switched to ASSIGNED
06/07/2013 16:38:59:	Data Sink (14/40) switched to ASSIGNED
06/07/2013 16:38:59:	Terasort generator (9/40) switched to ASSIGNED
06/07/2013 16:38:59:	Data Sink (11/40) switched to ASSIGNED
06/07/2013 16:38:59:	Data Sink (13/40) switched to ASSIGNED
06/07/2013 16:38:59:	Data Sink (18/40) switched to ASSIGNED
06/07/2013 16:38:59:	Data Sink (23/40) switched to ASSIGNED
06/07/2013 16:38:59:	Data Sink (20/40) switched to ASSIGNED
06/07/2013 16:38:59:	Terasort generator (20/40) switched to ASSIGNED
06/07/2013 16:38:59:	Terasort generator (24/40) switched to ASSIGNED
06/07/2013 16:38:59:	Terasort generator (22/40) switched to ASSIGNED
06/07/2013 16:38:59:	Data Sink (22/40) switched to ASSIGNED
06/07/2013 16:38:59:	Terasort generator (18/40) switched to ASSIGNED
06/07/2013 16:38:59:	Data Sink (21/40) switched to ASSIGNED
06/07/2013 16:38:59:	Terasort generator (23/40) switched to ASSIGNED
06/07/2013 16:38:59:	Terasort generator (21/40) switched to ASSIGNED
06/07/2013 16:38:59:	Data Sink (17/40) switched to ASSIGNED
06/07/2013 16:38:59:	Terasort generator (17/40) switched to ASSIGNED
06/07/2013 16:38:59:	Terasort generator (19/40) switched to ASSIGNED
06/07/2013 16:38:59:	Data Sink (19/40) switched to ASSIGNED
06/07/2013 16:38:59:	Data Sink (24/40) switched to ASSIGNED
06/07/2013 16:38:59:	Data Sink (29/40) switched to ASSIGNED
06/07/2013 16:38:59:	Terasort generator (29/40) switched to ASSIGNED
06/07/2013 16:38:59:	Data Sink (31/40) switched to ASSIGNED
06/07/2013 16:38:59:	Terasort generator (32/40) switched to ASSIGNED
06/07/2013 16:38:59:	Data Sink (32/40) switched to ASSIGNED
06/07/2013 16:38:59:	Terasort generator (30/40) switched to ASSIGNED
06/07/2013 16:38:59:	Data Sink (25/40) switched to ASSIGNED
06/07/2013 16:38:59:	Terasort generator (26/40) switched to ASSIGNED
06/07/2013 16:38:59:	Terasort generator (28/40) switched to ASSIGNED
06/07/2013 16:38:59:	Terasort generator (27/40) switched to ASSIGNED
06/07/2013 16:38:59:	Data Sink (26/40) switched to ASSIGNED
06/07/2013 16:38:59:	Data Sink (30/40) switched to ASSIGNED
06/07/2013 16:38:59:	Data Sink (27/40) switched to ASSIGNED
06/07/2013 16:38:59:	Terasort generator (25/40) switched to ASSIGNED
06/07/2013 16:38:59:	Data Sink (28/40) switched to ASSIGNED
06/07/2013 16:38:59:	Terasort generator (31/40) switched to ASSIGNED
06/07/2013 16:38:59:	Terasort generator (37/40) switched to ASSIGNED
06/07/2013 16:38:59:	Terasort generator (38/40) switched to ASSIGNED
06/07/2013 16:38:59:	Data Sink (33/40) switched to ASSIGNED
06/07/2013 16:38:59:	Terasort generator (33/40) switched to ASSIGNED
06/07/2013 16:38:59:	Data Sink (34/40) switched to ASSIGNED
06/07/2013 16:38:59:	Data Sink (36/40) switched to ASSIGNED
06/07/2013 16:38:59:	Data Sink (39/40) switched to ASSIGNED
06/07/2013 16:38:59:	Terasort generator (35/40) switched to ASSIGNED
06/07/2013 16:38:59:	Data Sink (35/40) switched to ASSIGNED
06/07/2013 16:38:59:	Data Sink (40/40) switched to ASSIGNED
06/07/2013 16:38:59:	Terasort generator (36/40) switched to ASSIGNED
06/07/2013 16:38:59:	Data Sink (38/40) switched to ASSIGNED
06/07/2013 16:38:59:	Terasort generator (39/40) switched to ASSIGNED
06/07/2013 16:38:59:	Terasort generator (40/40) switched to ASSIGNED
06/07/2013 16:38:59:	Terasort generator (34/40) switched to ASSIGNED
06/07/2013 16:38:59:	Data Sink (37/40) switched to ASSIGNED
06/07/2013 16:38:59:	Terasort generator (1/40) switched to READY
06/07/2013 16:38:59:	Terasort generator (2/40) switched to READY
06/07/2013 16:38:59:	Terasort generator (3/40) switched to READY
06/07/2013 16:38:59:	Terasort generator (4/40) switched to READY
06/07/2013 16:38:59:	Terasort generator (5/40) switched to READY
06/07/2013 16:38:59:	Terasort generator (6/40) switched to READY
06/07/2013 16:38:59:	Terasort generator (7/40) switched to READY
06/07/2013 16:38:59:	Terasort generator (8/40) switched to READY
06/07/2013 16:38:59:	Terasort generator (9/40) switched to READY
06/07/2013 16:38:59:	Terasort generator (10/40) switched to READY
06/07/2013 16:38:59:	Terasort generator (11/40) switched to READY
06/07/2013 16:38:59:	Terasort generator (12/40) switched to READY
06/07/2013 16:38:59:	Terasort generator (13/40) switched to READY
06/07/2013 16:38:59:	Terasort generator (14/40) switched to READY
06/07/2013 16:38:59:	Terasort generator (15/40) switched to READY
06/07/2013 16:38:59:	Terasort generator (16/40) switched to READY
06/07/2013 16:38:59:	Terasort generator (17/40) switched to READY
06/07/2013 16:38:59:	Terasort generator (18/40) switched to READY
06/07/2013 16:38:59:	Terasort generator (19/40) switched to READY
06/07/2013 16:38:59:	Terasort generator (20/40) switched to READY
06/07/2013 16:38:59:	Terasort generator (21/40) switched to READY
06/07/2013 16:38:59:	Terasort generator (22/40) switched to READY
06/07/2013 16:38:59:	Terasort generator (23/40) switched to READY
06/07/2013 16:38:59:	Terasort generator (24/40) switched to READY
06/07/2013 16:38:59:	Terasort generator (25/40) switched to READY
06/07/2013 16:38:59:	Terasort generator (26/40) switched to READY
06/07/2013 16:38:59:	Terasort generator (27/40) switched to READY
06/07/2013 16:38:59:	Terasort generator (28/40) switched to READY
06/07/2013 16:38:59:	Terasort generator (29/40) switched to READY
06/07/2013 16:38:59:	Terasort generator (30/40) switched to READY
06/07/2013 16:38:59:	Terasort generator (31/40) switched to READY
06/07/2013 16:38:59:	Terasort generator (32/40) switched to READY
06/07/2013 16:38:59:	Terasort generator (33/40) switched to READY
06/07/2013 16:38:59:	Terasort generator (34/40) switched to READY
06/07/2013 16:38:59:	Terasort generator (35/40) switched to READY
06/07/2013 16:38:59:	Terasort generator (36/40) switched to READY
06/07/2013 16:38:59:	Terasort generator (37/40) switched to READY
06/07/2013 16:38:59:	Terasort generator (38/40) switched to READY
06/07/2013 16:38:59:	Terasort generator (39/40) switched to READY
06/07/2013 16:38:59:	Terasort generator (40/40) switched to READY
06/07/2013 16:38:59:	Terasort generator (1/40) switched to STARTING
06/07/2013 16:38:59:	Terasort generator (2/40) switched to STARTING
06/07/2013 16:38:59:	Terasort generator (3/40) switched to STARTING
06/07/2013 16:38:59:	Terasort generator (4/40) switched to STARTING
06/07/2013 16:38:59:	Terasort generator (5/40) switched to STARTING
06/07/2013 16:38:59:	Terasort generator (6/40) switched to STARTING
06/07/2013 16:38:59:	Terasort generator (7/40) switched to STARTING
06/07/2013 16:38:59:	Terasort generator (8/40) switched to STARTING
06/07/2013 16:38:59:	Terasort generator (9/40) switched to STARTING
06/07/2013 16:38:59:	Terasort generator (10/40) switched to STARTING
06/07/2013 16:38:59:	Terasort generator (11/40) switched to STARTING
06/07/2013 16:38:59:	Terasort generator (12/40) switched to STARTING
06/07/2013 16:38:59:	Terasort generator (13/40) switched to STARTING
06/07/2013 16:38:59:	Terasort generator (14/40) switched to STARTING
06/07/2013 16:38:59:	Terasort generator (15/40) switched to STARTING
06/07/2013 16:38:59:	Terasort generator (16/40) switched to STARTING
06/07/2013 16:38:59:	Terasort generator (17/40) switched to STARTING
06/07/2013 16:38:59:	Terasort generator (18/40) switched to STARTING
06/07/2013 16:38:59:	Terasort generator (19/40) switched to STARTING
06/07/2013 16:38:59:	Terasort generator (20/40) switched to STARTING
06/07/2013 16:38:59:	Terasort generator (21/40) switched to STARTING
06/07/2013 16:38:59:	Terasort generator (22/40) switched to STARTING
06/07/2013 16:38:59:	Terasort generator (23/40) switched to STARTING
06/07/2013 16:38:59:	Terasort generator (24/40) switched to STARTING
06/07/2013 16:38:59:	Terasort generator (25/40) switched to STARTING
06/07/2013 16:38:59:	Terasort generator (26/40) switched to STARTING
06/07/2013 16:38:59:	Terasort generator (27/40) switched to STARTING
06/07/2013 16:38:59:	Terasort generator (28/40) switched to STARTING
06/07/2013 16:38:59:	Terasort generator (29/40) switched to STARTING
06/07/2013 16:38:59:	Terasort generator (30/40) switched to STARTING
06/07/2013 16:38:59:	Terasort generator (31/40) switched to STARTING
06/07/2013 16:38:59:	Terasort generator (32/40) switched to STARTING
06/07/2013 16:38:59:	Terasort generator (33/40) switched to STARTING
06/07/2013 16:38:59:	Terasort generator (34/40) switched to STARTING
06/07/2013 16:38:59:	Terasort generator (35/40) switched to STARTING
06/07/2013 16:38:59:	Terasort generator (36/40) switched to STARTING
06/07/2013 16:38:59:	Terasort generator (37/40) switched to STARTING
06/07/2013 16:38:59:	Terasort generator (38/40) switched to STARTING
06/07/2013 16:38:59:	Terasort generator (39/40) switched to STARTING
06/07/2013 16:38:59:	Terasort generator (40/40) switched to STARTING
06/07/2013 16:39:00:	Job execution switched to status RUNNING
06/07/2013 16:39:00:	Terasort generator (15/40) switched to RUNNING
06/07/2013 16:39:00:	Terasort generator (11/40) switched to RUNNING
06/07/2013 16:39:00:	Terasort generator (16/40) switched to RUNNING
06/07/2013 16:39:00:	Terasort generator (9/40) switched to RUNNING
06/07/2013 16:39:00:	Terasort generator (14/40) switched to RUNNING
06/07/2013 16:39:00:	Terasort generator (10/40) switched to RUNNING
06/07/2013 16:39:00:	Terasort generator (13/40) switched to RUNNING
06/07/2013 16:39:00:	Terasort generator (12/40) switched to RUNNING
06/07/2013 16:39:00:	Terasort generator (25/40) switched to RUNNING
06/07/2013 16:39:00:	Terasort generator (27/40) switched to RUNNING
06/07/2013 16:39:00:	Terasort generator (26/40) switched to RUNNING
06/07/2013 16:39:00:	Terasort generator (28/40) switched to RUNNING
06/07/2013 16:39:00:	Terasort generator (29/40) switched to RUNNING
06/07/2013 16:39:00:	Terasort generator (32/40) switched to RUNNING
06/07/2013 16:39:00:	Terasort generator (31/40) switched to RUNNING
06/07/2013 16:39:00:	Terasort generator (30/40) switched to RUNNING
06/07/2013 16:39:00:	Terasort generator (4/40) switched to RUNNING
06/07/2013 16:39:00:	Terasort generator (1/40) switched to RUNNING
06/07/2013 16:39:00:	Terasort generator (2/40) switched to RUNNING
06/07/2013 16:39:00:	Terasort generator (5/40) switched to RUNNING
06/07/2013 16:39:00:	Terasort generator (6/40) switched to RUNNING
06/07/2013 16:39:00:	Terasort generator (7/40) switched to RUNNING
06/07/2013 16:39:00:	Terasort generator (8/40) switched to RUNNING
06/07/2013 16:39:00:	Terasort generator (3/40) switched to RUNNING
06/07/2013 16:39:00:	Terasort generator (33/40) switched to RUNNING
06/07/2013 16:39:00:	Terasort generator (38/40) switched to RUNNING
06/07/2013 16:39:00:	Terasort generator (39/40) switched to RUNNING
06/07/2013 16:39:00:	Terasort generator (36/40) switched to RUNNING
06/07/2013 16:39:00:	Terasort generator (35/40) switched to RUNNING
06/07/2013 16:39:00:	Terasort generator (40/40) switched to RUNNING
06/07/2013 16:39:00:	Terasort generator (34/40) switched to RUNNING
06/07/2013 16:39:00:	Terasort generator (23/40) switched to RUNNING
06/07/2013 16:39:00:	Terasort generator (37/40) switched to RUNNING
06/07/2013 16:39:00:	Terasort generator (22/40) switched to RUNNING
06/07/2013 16:39:00:	Terasort generator (21/40) switched to RUNNING
06/07/2013 16:39:00:	Terasort generator (19/40) switched to RUNNING
06/07/2013 16:39:00:	Terasort generator (20/40) switched to RUNNING
06/07/2013 16:39:00:	Terasort generator (24/40) switched to RUNNING
06/07/2013 16:39:00:	Terasort generator (18/40) switched to RUNNING
06/07/2013 16:39:00:	Terasort generator (17/40) switched to RUNNING
06/07/2013 16:39:00:	Data Sink (40/40) switched to READY
06/07/2013 16:39:00:	Data Sink (40/40) switched to STARTING
06/07/2013 16:39:00:	Data Sink (40/40) switched to RUNNING
06/07/2013 16:39:00:	Data Sink (1/40) switched to READY
06/07/2013 16:39:00:	Data Sink (1/40) switched to STARTING
06/07/2013 16:39:00:	Data Sink (1/40) switched to RUNNING
06/07/2013 16:39:00:	Data Sink (38/40) switched to READY
06/07/2013 16:39:00:	Data Sink (38/40) switched to STARTING
06/07/2013 16:39:00:	Data Sink (24/40) switched to READY
06/07/2013 16:39:00:	Data Sink (24/40) switched to STARTING
06/07/2013 16:39:00:	Data Sink (14/40) switched to READY
06/07/2013 16:39:00:	Data Sink (14/40) switched to STARTING
06/07/2013 16:39:00:	Data Sink (30/40) switched to READY
06/07/2013 16:39:00:	Data Sink (30/40) switched to STARTING
06/07/2013 16:39:00:	Data Sink (2/40) switched to READY
06/07/2013 16:39:00:	Data Sink (2/40) switched to STARTING
06/07/2013 16:39:00:	Data Sink (33/40) switched to READY
06/07/2013 16:39:00:	Data Sink (33/40) switched to STARTING
06/07/2013 16:39:00:	Data Sink (39/40) switched to READY
06/07/2013 16:39:00:	Data Sink (39/40) switched to STARTING
06/07/2013 16:39:00:	Data Sink (37/40) switched to READY
06/07/2013 16:39:00:	Data Sink (37/40) switched to STARTING
06/07/2013 16:39:00:	Data Sink (29/40) switched to READY
06/07/2013 16:39:00:	Data Sink (29/40) switched to STARTING
06/07/2013 16:39:00:	Data Sink (31/40) switched to READY
06/07/2013 16:39:00:	Data Sink (31/40) switched to STARTING
06/07/2013 16:39:00:	Data Sink (24/40) switched to RUNNING
06/07/2013 16:39:00:	Data Sink (14/40) switched to RUNNING
06/07/2013 16:39:00:	Data Sink (30/40) switched to RUNNING
06/07/2013 16:39:00:	Data Sink (17/40) switched to READY
06/07/2013 16:39:00:	Data Sink (17/40) switched to STARTING
06/07/2013 16:39:00:	Data Sink (3/40) switched to READY
06/07/2013 16:39:00:	Data Sink (3/40) switched to STARTING
06/07/2013 16:39:00:	Data Sink (36/40) switched to READY
06/07/2013 16:39:00:	Data Sink (36/40) switched to STARTING
06/07/2013 16:39:00:	Data Sink (22/40) switched to READY
06/07/2013 16:39:00:	Data Sink (22/40) switched to STARTING
06/07/2013 16:39:02:	Data Sink (31/40) switched to RUNNING
06/07/2013 16:39:02:	Data Sink (16/40) switched to READY
06/07/2013 16:39:02:	Data Sink (16/40) switched to STARTING
06/07/2013 16:39:02:	Data Sink (2/40) switched to RUNNING
06/07/2013 16:39:02:	Data Sink (29/40) switched to RUNNING
06/07/2013 16:39:02:	Data Sink (32/40) switched to READY
06/07/2013 16:39:02:	Data Sink (32/40) switched to STARTING
06/07/2013 16:39:02:	Data Sink (19/40) switched to READY
06/07/2013 16:39:02:	Data Sink (19/40) switched to STARTING
06/07/2013 16:39:02:	Data Sink (10/40) switched to READY
06/07/2013 16:39:02:	Data Sink (10/40) switched to STARTING
06/07/2013 16:39:02:	Data Sink (3/40) switched to RUNNING
06/07/2013 16:39:02:	Data Sink (8/40) switched to READY
06/07/2013 16:39:02:	Data Sink (8/40) switched to STARTING
06/07/2013 16:39:02:	Data Sink (32/40) switched to RUNNING
06/07/2013 16:39:02:	Data Sink (8/40) switched to RUNNING
06/07/2013 16:39:02:	Data Sink (16/40) switched to RUNNING
06/07/2013 16:39:02:	Data Sink (38/40) switched to RUNNING
06/07/2013 16:39:02:	Data Sink (10/40) switched to RUNNING
06/07/2013 16:39:02:	Data Sink (37/40) switched to RUNNING
06/07/2013 16:39:02:	Data Sink (35/40) switched to READY
06/07/2013 16:39:02:	Data Sink (35/40) switched to STARTING
06/07/2013 16:39:02:	Data Sink (9/40) switched to READY
06/07/2013 16:39:02:	Data Sink (9/40) switched to STARTING
06/07/2013 16:39:02:	Data Sink (6/40) switched to READY
06/07/2013 16:39:02:	Data Sink (6/40) switched to STARTING
06/07/2013 16:39:02:	Data Sink (36/40) switched to RUNNING
06/07/2013 16:39:02:	Data Sink (9/40) switched to RUNNING
06/07/2013 16:39:02:	Data Sink (15/40) switched to READY
06/07/2013 16:39:02:	Data Sink (15/40) switched to STARTING
06/07/2013 16:39:02:	Data Sink (18/40) switched to READY
06/07/2013 16:39:02:	Data Sink (18/40) switched to STARTING
06/07/2013 16:39:02:	Data Sink (23/40) switched to READY
06/07/2013 16:39:02:	Data Sink (23/40) switched to STARTING
06/07/2013 16:39:02:	Data Sink (15/40) switched to RUNNING
06/07/2013 16:39:02:	Data Sink (17/40) switched to RUNNING
06/07/2013 16:39:02:	Data Sink (6/40) switched to RUNNING
06/07/2013 16:39:02:	Data Sink (33/40) switched to RUNNING
06/07/2013 16:39:02:	Data Sink (4/40) switched to READY
06/07/2013 16:39:02:	Data Sink (4/40) switched to STARTING
06/07/2013 16:39:02:	Data Sink (12/40) switched to READY
06/07/2013 16:39:02:	Data Sink (12/40) switched to STARTING
06/07/2013 16:39:02:	Data Sink (39/40) switched to RUNNING
06/07/2013 16:39:02:	Data Sink (27/40) switched to READY
06/07/2013 16:39:02:	Data Sink (27/40) switched to STARTING
06/07/2013 16:39:02:	Data Sink (21/40) switched to READY
06/07/2013 16:39:02:	Data Sink (21/40) switched to STARTING
06/07/2013 16:39:02:	Data Sink (12/40) switched to RUNNING
06/07/2013 16:39:02:	Data Sink (13/40) switched to READY
06/07/2013 16:39:02:	Data Sink (13/40) switched to STARTING
06/07/2013 16:39:02:	Data Sink (4/40) switched to RUNNING
06/07/2013 16:39:02:	Data Sink (18/40) switched to RUNNING
06/07/2013 16:39:02:	Data Sink (27/40) switched to RUNNING
06/07/2013 16:39:02:	Data Sink (13/40) switched to RUNNING
06/07/2013 16:39:02:	Data Sink (23/40) switched to RUNNING
06/07/2013 16:39:02:	Data Sink (35/40) switched to RUNNING
06/07/2013 16:39:02:	Data Sink (22/40) switched to RUNNING
06/07/2013 16:39:02:	Data Sink (19/40) switched to RUNNING
06/07/2013 16:39:02:	Data Sink (21/40) switched to RUNNING
06/07/2013 16:39:02:	Data Sink (25/40) switched to READY
06/07/2013 16:39:02:	Data Sink (25/40) switched to STARTING
06/07/2013 16:39:02:	Data Sink (34/40) switched to READY
06/07/2013 16:39:02:	Data Sink (34/40) switched to STARTING
06/07/2013 16:39:02:	Data Sink (11/40) switched to READY
06/07/2013 16:39:02:	Data Sink (11/40) switched to STARTING
06/07/2013 16:39:02:	Data Sink (28/40) switched to READY
06/07/2013 16:39:02:	Data Sink (28/40) switched to STARTING
06/07/2013 16:39:02:	Data Sink (7/40) switched to READY
06/07/2013 16:39:02:	Data Sink (7/40) switched to STARTING
06/07/2013 16:39:02:	Data Sink (25/40) switched to RUNNING
06/07/2013 16:39:02:	Data Sink (34/40) switched to RUNNING
06/07/2013 16:39:02:	Data Sink (5/40) switched to READY
06/07/2013 16:39:02:	Data Sink (5/40) switched to STARTING
06/07/2013 16:39:02:	Data Sink (11/40) switched to RUNNING
06/07/2013 16:39:02:	Data Sink (28/40) switched to RUNNING
06/07/2013 16:39:02:	Data Sink (7/40) switched to RUNNING
06/07/2013 16:39:02:	Data Sink (26/40) switched to READY
06/07/2013 16:39:02:	Data Sink (26/40) switched to STARTING
06/07/2013 16:39:02:	Data Sink (20/40) switched to READY
06/07/2013 16:39:02:	Data Sink (20/40) switched to STARTING
06/07/2013 16:39:02:	Data Sink (26/40) switched to RUNNING
06/07/2013 16:39:02:	Data Sink (5/40) switched to RUNNING
06/07/2013 16:39:02:	Data Sink (20/40) switched to RUNNING
06/07/2013 16:39:14:	Terasort generator (35/40) switched to FINISHING
06/07/2013 16:39:14:	Terasort generator (39/40) switched to FINISHING
06/07/2013 16:39:14:	Terasort generator (8/40) switched to FINISHING
06/07/2013 16:39:14:	Terasort generator (36/40) switched to FINISHING
06/07/2013 16:39:14:	Terasort generator (37/40) switched to FINISHING
06/07/2013 16:39:14:	Terasort generator (1/40) switched to FINISHING
06/07/2013 16:39:14:	Terasort generator (2/40) switched to FINISHING
06/07/2013 16:39:14:	Terasort generator (6/40) switched to FINISHING
06/07/2013 16:39:14:	Terasort generator (7/40) switched to FINISHING
06/07/2013 16:39:14:	Terasort generator (5/40) switched to FINISHING
06/07/2013 16:39:14:	Terasort generator (33/40) switched to FINISHING
06/07/2013 16:39:14:	Terasort generator (40/40) switched to FINISHING
06/07/2013 16:39:14:	Terasort generator (26/40) switched to FINISHING
06/07/2013 16:39:15:	Terasort generator (25/40) switched to FINISHING
06/07/2013 16:39:15:	Terasort generator (34/40) switched to FINISHING
06/07/2013 16:39:15:	Terasort generator (31/40) switched to FINISHING
06/07/2013 16:39:15:	Terasort generator (27/40) switched to FINISHING
06/07/2013 16:39:15:	Terasort generator (38/40) switched to FINISHING
06/07/2013 16:39:15:	Terasort generator (14/40) switched to FINISHING
06/07/2013 16:39:15:	Terasort generator (13/40) switched to FINISHING
06/07/2013 16:39:15:	Terasort generator (20/40) switched to FINISHING
06/07/2013 16:39:15:	Terasort generator (12/40) switched to FINISHING
06/07/2013 16:39:15:	Terasort generator (19/40) switched to FINISHING
06/07/2013 16:39:15:	Terasort generator (18/40) switched to FINISHING
06/07/2013 16:39:15:	Terasort generator (11/40) switched to FINISHING
06/07/2013 16:39:15:	Terasort generator (24/40) switched to FINISHING
06/07/2013 16:39:15:	Terasort generator (17/40) switched to FINISHING
06/07/2013 16:39:15:	Terasort generator (3/40) switched to FINISHING
06/07/2013 16:39:15:	Terasort generator (30/40) switched to FINISHING
06/07/2013 16:39:16:	Terasort generator (15/40) switched to FINISHING
06/07/2013 16:39:16:	Terasort generator (4/40) switched to FINISHING
06/07/2013 16:39:16:	Terasort generator (23/40) switched to FINISHING
06/07/2013 16:39:16:	Terasort generator (21/40) switched to FINISHING
06/07/2013 16:39:16:	Terasort generator (10/40) switched to FINISHING
06/07/2013 16:39:16:	Terasort generator (28/40) switched to FINISHING
06/07/2013 16:39:16:	Terasort generator (22/40) switched to FINISHING
06/07/2013 16:39:16:	Terasort generator (9/40) switched to FINISHING
06/07/2013 16:39:16:	Terasort generator (32/40) switched to FINISHING
06/07/2013 16:39:17:	Terasort generator (16/40) switched to FINISHING
06/07/2013 16:39:17:	Terasort generator (29/40) switched to FINISHING
06/07/2013 16:39:50:	Data Sink (14/40) switched to FINISHING
06/07/2013 16:39:50:	Data Sink (14/40) switched to FINISHED
06/07/2013 16:39:50:	Data Sink (16/40) switched to FINISHING
06/07/2013 16:39:50:	Data Sink (16/40) switched to FINISHED
06/07/2013 16:39:51:	Data Sink (24/40) switched to FINISHING
06/07/2013 16:39:51:	Data Sink (24/40) switched to FINISHED
06/07/2013 16:39:51:	Data Sink (30/40) switched to FINISHING
06/07/2013 16:39:51:	Data Sink (30/40) switched to FINISHED
06/07/2013 16:39:51:	Data Sink (20/40) switched to FINISHING
06/07/2013 16:39:51:	Data Sink (20/40) switched to FINISHED
06/07/2013 16:39:52:	Data Sink (19/40) switched to FINISHING
06/07/2013 16:39:52:	Data Sink (19/40) switched to FINISHED
06/07/2013 16:39:52:	Data Sink (18/40) switched to FINISHING
06/07/2013 16:39:52:	Data Sink (18/40) switched to FINISHED
06/07/2013 16:39:52:	Data Sink (23/40) switched to FINISHING
06/07/2013 16:39:52:	Data Sink (23/40) switched to FINISHED
06/07/2013 16:39:52:	Data Sink (13/40) switched to FINISHING
06/07/2013 16:39:52:	Data Sink (13/40) switched to FINISHED
06/07/2013 16:39:52:	Data Sink (12/40) switched to FINISHING
06/07/2013 16:39:52:	Data Sink (12/40) switched to FINISHED
06/07/2013 16:39:52:	Data Sink (26/40) switched to FINISHING
06/07/2013 16:39:52:	Data Sink (26/40) switched to FINISHED
06/07/2013 16:39:52:	Data Sink (3/40) switched to FINISHING
06/07/2013 16:39:52:	Data Sink (11/40) switched to FINISHING
06/07/2013 16:39:52:	Data Sink (11/40) switched to FINISHED
06/07/2013 16:39:52:	Data Sink (3/40) switched to FINISHED
06/07/2013 16:39:52:	Data Sink (21/40) switched to FINISHING
06/07/2013 16:39:52:	Data Sink (21/40) switched to FINISHED
06/07/2013 16:39:52:	Data Sink (10/40) switched to FINISHING
06/07/2013 16:39:52:	Data Sink (10/40) switched to FINISHED
06/07/2013 16:39:53:	Data Sink (6/40) switched to FINISHING
06/07/2013 16:39:53:	Data Sink (6/40) switched to FINISHED
06/07/2013 16:39:53:	Data Sink (37/40) switched to FINISHING
06/07/2013 16:39:53:	Data Sink (5/40) switched to FINISHING
06/07/2013 16:39:53:	Data Sink (37/40) switched to FINISHED
06/07/2013 16:39:53:	Data Sink (5/40) switched to FINISHED
06/07/2013 16:39:53:	Data Sink (4/40) switched to FINISHING
06/07/2013 16:39:53:	Data Sink (4/40) switched to FINISHED
06/07/2013 16:39:53:	Data Sink (2/40) switched to FINISHING
06/07/2013 16:39:53:	Data Sink (2/40) switched to FINISHED
06/07/2013 16:39:53:	Data Sink (7/40) switched to FINISHING
06/07/2013 16:39:53:	Data Sink (7/40) switched to FINISHED
06/07/2013 16:39:54:	Data Sink (36/40) switched to FINISHING
06/07/2013 16:39:54:	Data Sink (36/40) switched to FINISHED
06/07/2013 16:39:54:	Data Sink (34/40) switched to FINISHING
06/07/2013 16:39:54:	Data Sink (34/40) switched to FINISHED
06/07/2013 16:39:54:	Data Sink (38/40) switched to FINISHING
06/07/2013 16:39:54:	Data Sink (38/40) switched to FINISHED
06/07/2013 16:39:54:	Data Sink (15/40) switched to FINISHING
06/07/2013 16:39:54:	Data Sink (15/40) switched to FINISHED
06/07/2013 16:39:55:	Data Sink (32/40) switched to FINISHING
06/07/2013 16:39:55:	Data Sink (32/40) switched to FINISHED
06/07/2013 16:39:56:	Data Sink (28/40) switched to FINISHING
06/07/2013 16:39:56:	Data Sink (28/40) switched to FINISHED
06/07/2013 16:39:56:	Data Sink (17/40) switched to FINISHING
06/07/2013 16:39:56:	Data Sink (17/40) switched to FINISHED
06/07/2013 16:39:57:	Data Sink (22/40) switched to FINISHING
06/07/2013 16:39:57:	Data Sink (22/40) switched to FINISHED
06/07/2013 16:39:57:	Data Sink (8/40) switched to FINISHING
06/07/2013 16:39:57:	Data Sink (8/40) switched to FINISHED
06/07/2013 16:39:57:	Data Sink (9/40) switched to FINISHING
06/07/2013 16:39:57:	Data Sink (9/40) switched to FINISHED
06/07/2013 16:39:57:	Data Sink (33/40) switched to FINISHING
06/07/2013 16:39:57:	Data Sink (33/40) switched to FINISHED
06/07/2013 16:39:57:	Data Sink (31/40) switched to FINISHING
06/07/2013 16:39:57:	Data Sink (31/40) switched to FINISHED
06/07/2013 16:39:57:	Data Sink (39/40) switched to FINISHING
06/07/2013 16:39:57:	Data Sink (39/40) switched to FINISHED
06/07/2013 16:39:59:	Data Sink (27/40) switched to FINISHING
06/07/2013 16:39:59:	Data Sink (27/40) switched to FINISHED
06/07/2013 16:39:59:	Data Sink (25/40) switched to FINISHING
06/07/2013 16:39:59:	Data Sink (25/40) switched to FINISHED
06/07/2013 16:40:01:	Data Sink (29/40) switched to FINISHING
06/07/2013 16:40:01:	Data Sink (29/40) switched to FINISHED
06/07/2013 16:40:01:	Data Sink (35/40) switched to FINISHING
06/07/2013 16:40:01:	Data Sink (35/40) switched to FINISHED
06/07/2013 16:40:19:	Data Sink (1/40) switched to FINISHING
06/07/2013 16:40:19:	Data Sink (1/40) switched to FINISHED
06/07/2013 16:40:23:	Data Sink (40/40) switched to FINISHING
06/07/2013 16:40:23:	Terasort generator (20/40) switched to FINISHED
06/07/2013 16:40:23:	Terasort generator (18/40) switched to FINISHED
06/07/2013 16:40:23:	Data Sink (40/40) switched to FINISHED
06/07/2013 16:40:23:	Terasort generator (23/40) switched to FINISHED
06/07/2013 16:40:23:	Terasort generator (33/40) switched to FINISHED
06/07/2013 16:40:23:	Terasort generator (3/40) switched to FINISHED
06/07/2013 16:40:23:	Terasort generator (26/40) switched to FINISHED
06/07/2013 16:40:23:	Terasort generator (19/40) switched to FINISHED
06/07/2013 16:40:23:	Terasort generator (1/40) switched to FINISHED
06/07/2013 16:40:23:	Terasort generator (24/40) switched to FINISHED
06/07/2013 16:40:23:	Terasort generator (38/40) switched to FINISHED
06/07/2013 16:40:23:	Terasort generator (21/40) switched to FINISHED
06/07/2013 16:40:23:	Terasort generator (30/40) switched to FINISHED
06/07/2013 16:40:23:	Terasort generator (17/40) switched to FINISHED
06/07/2013 16:40:23:	Terasort generator (25/40) switched to FINISHED
06/07/2013 16:40:23:	Terasort generator (37/40) switched to FINISHED
06/07/2013 16:40:23:	Terasort generator (35/40) switched to FINISHED
06/07/2013 16:40:23:	Terasort generator (36/40) switched to FINISHED
06/07/2013 16:40:23:	Terasort generator (22/40) switched to FINISHED
06/07/2013 16:40:23:	Terasort generator (7/40) switched to FINISHED
06/07/2013 16:40:23:	Terasort generator (39/40) switched to FINISHED
06/07/2013 16:40:23:	Terasort generator (9/40) switched to FINISHED
06/07/2013 16:40:23:	Terasort generator (40/40) switched to FINISHED
06/07/2013 16:40:23:	Terasort generator (14/40) switched to FINISHED
06/07/2013 16:40:23:	Terasort generator (34/40) switched to FINISHED
06/07/2013 16:40:23:	Terasort generator (5/40) switched to FINISHED
06/07/2013 16:40:23:	Terasort generator (29/40) switched to FINISHED
06/07/2013 16:40:23:	Terasort generator (2/40) switched to FINISHED
06/07/2013 16:40:23:	Terasort generator (10/40) switched to FINISHED
06/07/2013 16:40:23:	Terasort generator (32/40) switched to FINISHED
06/07/2013 16:40:23:	Terasort generator (4/40) switched to FINISHED
06/07/2013 16:40:23:	Terasort generator (16/40) switched to FINISHED
06/07/2013 16:40:23:	Terasort generator (8/40) switched to FINISHED
06/07/2013 16:40:23:	Terasort generator (13/40) switched to FINISHED
06/07/2013 16:40:23:	Terasort generator (31/40) switched to FINISHED
06/07/2013 16:40:23:	Terasort generator (12/40) switched to FINISHED
06/07/2013 16:40:23:	Terasort generator (6/40) switched to FINISHED
06/07/2013 16:40:23:	Terasort generator (27/40) switched to FINISHED
06/07/2013 16:40:23:	Terasort generator (28/40) switched to FINISHED
06/07/2013 16:40:23:	Terasort generator (15/40) switched to FINISHED
06/07/2013 16:40:23:	Job execution switched to status FINISHED
Job duration (in ms): 84036
Job successfully submitted
