10:09:01,985 WARN  eu.stratosphere.nephele.configuration.GlobalConfiguration     - Cannot load configuration: unknown element plugins
10:09:02,021 INFO  eu.stratosphere.nephele.taskmanager.TaskManager               - Reading location of job manager from configuration
10:09:02,031 INFO  eu.stratosphere.nephele.taskmanager.TaskManager               - Determined address of job manager to be cloud-11.dima.tu-berlin.de/130.149.21.15:6002
10:09:02,038 INFO  eu.stratosphere.nephele.taskmanager.TaskManager               - Announcing connection information cloud-20 to job manager
10:09:02,103 INFO  eu.stratosphere.nephele.ipc.Server                            - IPC Server Responder: starting
10:09:02,103 INFO  eu.stratosphere.nephele.ipc.Server                            - IPC Server listener on 6122: starting
10:09:02,104 INFO  eu.stratosphere.nephele.ipc.Server                            - IPC Server handler 0 on 6122: starting
10:09:03,233 INFO  eu.stratosphere.nephele.taskmanager.bufferprovider.GlobalBufferPool  - Initialized global buffer pool with 32768 buffers with a size 32768 bytes each
10:09:03,252 INFO  eu.stratosphere.nephele.taskmanager.bytebuffered.ByteBufferedChannelManager  - Initialized byte buffered channel manager with sender-side spilling disabled
10:09:03,262 INFO  eu.stratosphere.nephele.instance.HardwareDescriptionFactory   - Found Tenured Gen pool (max: 24051843072, used: 0)
10:09:03,262 INFO  eu.stratosphere.nephele.taskmanager.TaskManager               - Initializing memory manager with 22528 megabytes of memory
10:09:30,592 INFO  eu.stratosphere.nephele.execution.ExecutionStateTransition    - TM: ExecutionState set from STARTING to RUNNING for task Input Lines (105/120)
10:09:30,593 INFO  eu.stratosphere.nephele.execution.ExecutionStateTransition    - TM: ExecutionState set from STARTING to RUNNING for task Input Lines (109/120)
10:09:30,593 INFO  eu.stratosphere.nephele.execution.ExecutionStateTransition    - TM: ExecutionState set from STARTING to RUNNING for task Input Lines (106/120)
10:09:30,593 INFO  eu.stratosphere.nephele.execution.ExecutionStateTransition    - TM: ExecutionState set from STARTING to RUNNING for task Input Lines (107/120)
10:09:30,593 INFO  eu.stratosphere.nephele.execution.ExecutionStateTransition    - TM: ExecutionState set from STARTING to RUNNING for task Input Lines (108/120)
10:09:30,593 INFO  eu.stratosphere.nephele.execution.ExecutionStateTransition    - TM: ExecutionState set from STARTING to RUNNING for task Input Lines (112/120)
10:09:30,593 INFO  eu.stratosphere.nephele.execution.ExecutionStateTransition    - TM: ExecutionState set from STARTING to RUNNING for task Input Lines (110/120)
10:09:30,592 INFO  eu.stratosphere.nephele.execution.ExecutionStateTransition    - TM: ExecutionState set from STARTING to RUNNING for task Input Lines (111/120)
10:09:30,598 INFO  eu.stratosphere.pact.runtime.task.DataSourceTask              - Start PACT code: Input Lines (108/120)
10:09:30,597 INFO  eu.stratosphere.pact.runtime.task.DataSourceTask              - Start PACT code: Input Lines (106/120)
10:09:30,595 INFO  eu.stratosphere.pact.runtime.task.DataSourceTask              - Start PACT code: Input Lines (105/120)
10:09:30,599 INFO  eu.stratosphere.pact.runtime.task.RegularPactTask             - Start PACT code: Tokenize Lines (106/120)
10:09:30,599 INFO  eu.stratosphere.pact.runtime.task.RegularPactTask             - Start PACT code: Tokenize Lines (108/120)
10:09:30,600 INFO  eu.stratosphere.pact.runtime.task.DataSourceTask              - Start PACT code: Input Lines (107/120)
10:09:30,600 INFO  eu.stratosphere.pact.runtime.task.RegularPactTask             - Start PACT code: Tokenize Lines (105/120)
10:09:30,601 INFO  eu.stratosphere.pact.runtime.task.RegularPactTask             - Start PACT code: Tokenize Lines (107/120)
10:09:30,601 INFO  eu.stratosphere.pact.runtime.task.DataSourceTask              - Start PACT code: Input Lines (109/120)
10:09:30,602 INFO  eu.stratosphere.pact.runtime.task.DataSourceTask              - Start PACT code: Input Lines (111/120)
10:09:30,601 INFO  eu.stratosphere.pact.runtime.task.RegularPactTask             - Start PACT code: Combiner for Count Words (108/120)
10:09:30,601 INFO  eu.stratosphere.pact.runtime.task.RegularPactTask             - Start PACT code: Combiner for Count Words (106/120)
10:09:30,603 INFO  eu.stratosphere.pact.runtime.task.DataSourceTask              - Start PACT code: Input Lines (110/120)
10:09:30,603 INFO  eu.stratosphere.pact.runtime.task.RegularPactTask             - Start PACT code: Tokenize Lines (111/120)
10:09:30,602 INFO  eu.stratosphere.pact.runtime.task.RegularPactTask             - Start PACT code: Tokenize Lines (109/120)
10:09:30,602 INFO  eu.stratosphere.pact.runtime.task.RegularPactTask             - Start PACT code: Combiner for Count Words (107/120)
10:09:30,602 INFO  eu.stratosphere.pact.runtime.task.RegularPactTask             - Start PACT code: Combiner for Count Words (105/120)
10:09:30,606 INFO  eu.stratosphere.pact.runtime.task.RegularPactTask             - Start PACT code: Combiner for Count Words (109/120)
10:09:30,605 INFO  eu.stratosphere.pact.runtime.task.RegularPactTask             - Start PACT code: Combiner for Count Words (111/120)
10:09:30,605 INFO  eu.stratosphere.pact.runtime.task.DataSourceTask              - Start PACT code: Input Lines (112/120)
10:09:30,605 INFO  eu.stratosphere.pact.runtime.task.RegularPactTask             - Start PACT code: Tokenize Lines (110/120)
10:09:30,608 INFO  eu.stratosphere.pact.runtime.task.RegularPactTask             - Start PACT code: Tokenize Lines (112/120)
10:09:30,609 INFO  eu.stratosphere.pact.runtime.task.RegularPactTask             - Start PACT code: Combiner for Count Words (110/120)
10:09:30,609 INFO  eu.stratosphere.pact.runtime.task.RegularPactTask             - Start PACT code: Combiner for Count Words (112/120)
10:09:37,526 INFO  eu.stratosphere.nephele.execution.ExecutionStateTransition    - TM: ExecutionState set from STARTING to RUNNING for task Count Words (110/120)
10:09:37,545 INFO  eu.stratosphere.pact.runtime.task.RegularPactTask             - Start PACT code.: Count Words (110/120)
10:09:37,550 INFO  eu.stratosphere.nephele.execution.ExecutionStateTransition    - TM: ExecutionState set from STARTING to RUNNING for task Word Counts (110/120)
10:09:37,587 INFO  eu.stratosphere.pact.runtime.task.DataSinkTask                - Start PACT code: Word Counts (110/120)
10:09:37,639 INFO  eu.stratosphere.nephele.execution.ExecutionStateTransition    - TM: ExecutionState set from STARTING to RUNNING for task Count Words (105/120)
10:09:37,640 INFO  eu.stratosphere.nephele.execution.ExecutionStateTransition    - TM: ExecutionState set from STARTING to RUNNING for task Word Counts (105/120)
10:09:37,659 INFO  eu.stratosphere.pact.runtime.task.RegularPactTask             - Start PACT code.: Count Words (105/120)
10:09:37,661 INFO  eu.stratosphere.pact.runtime.task.DataSinkTask                - Start PACT code: Word Counts (105/120)
10:09:37,777 INFO  eu.stratosphere.nephele.execution.ExecutionStateTransition    - TM: ExecutionState set from STARTING to RUNNING for task Count Words (108/120)
10:09:37,779 INFO  eu.stratosphere.nephele.execution.ExecutionStateTransition    - TM: ExecutionState set from STARTING to RUNNING for task Word Counts (108/120)
10:09:37,802 INFO  eu.stratosphere.pact.runtime.task.RegularPactTask             - Start PACT code.: Count Words (108/120)
10:09:37,803 INFO  eu.stratosphere.pact.runtime.task.DataSinkTask                - Start PACT code: Word Counts (108/120)
10:09:37,933 INFO  eu.stratosphere.nephele.execution.ExecutionStateTransition    - TM: ExecutionState set from STARTING to RUNNING for task Count Words (107/120)
10:09:37,936 INFO  eu.stratosphere.pact.runtime.task.RegularPactTask             - Start PACT code.: Count Words (107/120)
10:09:37,958 INFO  eu.stratosphere.nephele.execution.ExecutionStateTransition    - TM: ExecutionState set from STARTING to RUNNING for task Word Counts (107/120)
10:09:37,964 INFO  eu.stratosphere.pact.runtime.task.DataSinkTask                - Start PACT code: Word Counts (107/120)
10:09:38,223 INFO  eu.stratosphere.nephele.execution.ExecutionStateTransition    - TM: ExecutionState set from STARTING to RUNNING for task Count Words (111/120)
10:09:38,228 INFO  eu.stratosphere.nephele.execution.ExecutionStateTransition    - TM: ExecutionState set from STARTING to RUNNING for task Word Counts (111/120)
10:09:38,234 INFO  eu.stratosphere.pact.runtime.task.RegularPactTask             - Start PACT code.: Count Words (111/120)
10:09:38,259 INFO  eu.stratosphere.pact.runtime.task.DataSinkTask                - Start PACT code: Word Counts (111/120)
10:09:38,478 INFO  eu.stratosphere.nephele.execution.ExecutionStateTransition    - TM: ExecutionState set from STARTING to RUNNING for task Count Words (109/120)
10:09:38,478 INFO  eu.stratosphere.nephele.execution.ExecutionStateTransition    - TM: ExecutionState set from STARTING to RUNNING for task Word Counts (109/120)
10:09:38,489 INFO  eu.stratosphere.pact.runtime.task.RegularPactTask             - Start PACT code.: Count Words (109/120)
10:09:38,491 INFO  eu.stratosphere.pact.runtime.task.DataSinkTask                - Start PACT code: Word Counts (109/120)
10:09:38,764 INFO  eu.stratosphere.nephele.execution.ExecutionStateTransition    - TM: ExecutionState set from STARTING to RUNNING for task Count Words (106/120)
10:09:38,775 INFO  eu.stratosphere.pact.runtime.task.RegularPactTask             - Start PACT code.: Count Words (106/120)
10:09:38,784 INFO  eu.stratosphere.nephele.execution.ExecutionStateTransition    - TM: ExecutionState set from STARTING to RUNNING for task Word Counts (106/120)
10:09:38,788 INFO  eu.stratosphere.pact.runtime.task.DataSinkTask                - Start PACT code: Word Counts (106/120)
10:09:39,087 INFO  eu.stratosphere.nephele.execution.ExecutionStateTransition    - TM: ExecutionState set from STARTING to RUNNING for task Count Words (112/120)
10:09:39,100 INFO  eu.stratosphere.pact.runtime.task.RegularPactTask             - Start PACT code.: Count Words (112/120)
10:09:39,103 INFO  eu.stratosphere.nephele.execution.ExecutionStateTransition    - TM: ExecutionState set from STARTING to RUNNING for task Word Counts (112/120)
10:09:39,110 INFO  eu.stratosphere.pact.runtime.task.DataSinkTask                - Start PACT code: Word Counts (112/120)
10:10:40,778 INFO  eu.stratosphere.pact.runtime.task.RegularPactTask             - Finished PACT code: Tokenize Lines (108/120)
10:10:41,948 INFO  eu.stratosphere.pact.runtime.task.RegularPactTask             - Finished PACT code: Tokenize Lines (109/120)
10:10:42,904 INFO  eu.stratosphere.pact.runtime.task.RegularPactTask             - Finished PACT code: Tokenize Lines (107/120)
10:10:42,917 INFO  eu.stratosphere.pact.runtime.task.RegularPactTask             - Finished PACT code: Tokenize Lines (112/120)
10:10:43,562 INFO  eu.stratosphere.pact.runtime.task.RegularPactTask             - Finished PACT code: Tokenize Lines (105/120)
10:10:43,640 INFO  eu.stratosphere.pact.runtime.task.RegularPactTask             - Finished PACT code: Tokenize Lines (110/120)
10:10:44,229 INFO  eu.stratosphere.pact.runtime.task.RegularPactTask             - Finished PACT code: Tokenize Lines (111/120)
10:10:55,164 INFO  eu.stratosphere.pact.runtime.task.RegularPactTask             - Finished PACT code: Tokenize Lines (106/120)
10:11:32,614 INFO  eu.stratosphere.pact.runtime.task.RegularPactTask             - Finished PACT code: Combiner for Count Words (112/120)
10:11:32,614 INFO  eu.stratosphere.pact.runtime.task.DataSourceTask              - Finished PACT code: Input Lines (112/120)
10:11:32,614 INFO  eu.stratosphere.nephele.execution.ExecutionStateTransition    - TM: ExecutionState set from RUNNING to FINISHING for task Input Lines (112/120)
10:11:33,916 INFO  eu.stratosphere.pact.runtime.task.RegularPactTask             - Finished PACT code: Combiner for Count Words (109/120)
10:11:33,917 INFO  eu.stratosphere.pact.runtime.task.DataSourceTask              - Finished PACT code: Input Lines (109/120)
10:11:33,917 INFO  eu.stratosphere.nephele.execution.ExecutionStateTransition    - TM: ExecutionState set from RUNNING to FINISHING for task Input Lines (109/120)
10:11:34,118 INFO  eu.stratosphere.pact.runtime.task.RegularPactTask             - Finished PACT code: Combiner for Count Words (108/120)
10:11:34,118 INFO  eu.stratosphere.pact.runtime.task.DataSourceTask              - Finished PACT code: Input Lines (108/120)
10:11:34,118 INFO  eu.stratosphere.nephele.execution.ExecutionStateTransition    - TM: ExecutionState set from RUNNING to FINISHING for task Input Lines (108/120)
10:11:34,327 INFO  eu.stratosphere.pact.runtime.task.RegularPactTask             - Finished PACT code: Combiner for Count Words (105/120)
10:11:34,327 INFO  eu.stratosphere.pact.runtime.task.DataSourceTask              - Finished PACT code: Input Lines (105/120)
10:11:34,328 INFO  eu.stratosphere.nephele.execution.ExecutionStateTransition    - TM: ExecutionState set from RUNNING to FINISHING for task Input Lines (105/120)
10:11:34,510 INFO  eu.stratosphere.pact.runtime.task.RegularPactTask             - Finished PACT code: Combiner for Count Words (111/120)
10:11:34,510 INFO  eu.stratosphere.pact.runtime.task.DataSourceTask              - Finished PACT code: Input Lines (111/120)
10:11:34,511 INFO  eu.stratosphere.nephele.execution.ExecutionStateTransition    - TM: ExecutionState set from RUNNING to FINISHING for task Input Lines (111/120)
10:11:34,931 INFO  eu.stratosphere.pact.runtime.task.RegularPactTask             - Finished PACT code: Combiner for Count Words (106/120)
10:11:34,932 INFO  eu.stratosphere.pact.runtime.task.DataSourceTask              - Finished PACT code: Input Lines (106/120)
10:11:34,932 INFO  eu.stratosphere.nephele.execution.ExecutionStateTransition    - TM: ExecutionState set from RUNNING to FINISHING for task Input Lines (106/120)
10:11:35,401 INFO  eu.stratosphere.pact.runtime.task.RegularPactTask             - Finished PACT code: Combiner for Count Words (107/120)
10:11:35,402 INFO  eu.stratosphere.pact.runtime.task.DataSourceTask              - Finished PACT code: Input Lines (107/120)
10:11:35,402 INFO  eu.stratosphere.nephele.execution.ExecutionStateTransition    - TM: ExecutionState set from RUNNING to FINISHING for task Input Lines (107/120)
10:11:36,765 INFO  eu.stratosphere.pact.runtime.task.RegularPactTask             - Finished PACT code: Combiner for Count Words (110/120)
10:11:36,766 INFO  eu.stratosphere.pact.runtime.task.DataSourceTask              - Finished PACT code: Input Lines (110/120)
10:11:36,766 INFO  eu.stratosphere.nephele.execution.ExecutionStateTransition    - TM: ExecutionState set from RUNNING to FINISHING for task Input Lines (110/120)
