03/09/2013 09:27:19:	Job execution switched to status SCHEDULED
03/09/2013 09:27:19:	Input Lines (1/40) switched to SCHEDULED
03/09/2013 09:27:19:	Count Words (1/40) switched to SCHEDULED
03/09/2013 09:27:19:	Word Counts (1/40) switched to SCHEDULED
03/09/2013 09:27:19:	Count Words (2/40) switched to SCHEDULED
03/09/2013 09:27:19:	Word Counts (2/40) switched to SCHEDULED
03/09/2013 09:27:19:	Count Words (3/40) switched to SCHEDULED
03/09/2013 09:27:19:	Word Counts (3/40) switched to SCHEDULED
03/09/2013 09:27:19:	Count Words (4/40) switched to SCHEDULED
03/09/2013 09:27:19:	Word Counts (4/40) switched to SCHEDULED
03/09/2013 09:27:19:	Count Words (5/40) switched to SCHEDULED
03/09/2013 09:27:19:	Word Counts (5/40) switched to SCHEDULED
03/09/2013 09:27:19:	Count Words (6/40) switched to SCHEDULED
03/09/2013 09:27:19:	Word Counts (6/40) switched to SCHEDULED
03/09/2013 09:27:19:	Count Words (7/40) switched to SCHEDULED
03/09/2013 09:27:19:	Word Counts (7/40) switched to SCHEDULED
03/09/2013 09:27:19:	Count Words (8/40) switched to SCHEDULED
03/09/2013 09:27:19:	Word Counts (8/40) switched to SCHEDULED
03/09/2013 09:27:19:	Count Words (9/40) switched to SCHEDULED
03/09/2013 09:27:19:	Word Counts (9/40) switched to SCHEDULED
03/09/2013 09:27:19:	Count Words (10/40) switched to SCHEDULED
03/09/2013 09:27:19:	Word Counts (10/40) switched to SCHEDULED
03/09/2013 09:27:19:	Count Words (11/40) switched to SCHEDULED
03/09/2013 09:27:19:	Word Counts (11/40) switched to SCHEDULED
03/09/2013 09:27:19:	Count Words (12/40) switched to SCHEDULED
03/09/2013 09:27:19:	Word Counts (12/40) switched to SCHEDULED
03/09/2013 09:27:19:	Count Words (13/40) switched to SCHEDULED
03/09/2013 09:27:19:	Word Counts (13/40) switched to SCHEDULED
03/09/2013 09:27:19:	Count Words (14/40) switched to SCHEDULED
03/09/2013 09:27:19:	Word Counts (14/40) switched to SCHEDULED
03/09/2013 09:27:19:	Count Words (15/40) switched to SCHEDULED
03/09/2013 09:27:19:	Word Counts (15/40) switched to SCHEDULED
03/09/2013 09:27:19:	Count Words (16/40) switched to SCHEDULED
03/09/2013 09:27:19:	Word Counts (16/40) switched to SCHEDULED
03/09/2013 09:27:19:	Count Words (17/40) switched to SCHEDULED
03/09/2013 09:27:19:	Word Counts (17/40) switched to SCHEDULED
03/09/2013 09:27:19:	Count Words (18/40) switched to SCHEDULED
03/09/2013 09:27:19:	Word Counts (18/40) switched to SCHEDULED
03/09/2013 09:27:19:	Count Words (19/40) switched to SCHEDULED
03/09/2013 09:27:19:	Word Counts (19/40) switched to SCHEDULED
03/09/2013 09:27:19:	Count Words (20/40) switched to SCHEDULED
03/09/2013 09:27:19:	Word Counts (20/40) switched to SCHEDULED
03/09/2013 09:27:19:	Count Words (21/40) switched to SCHEDULED
03/09/2013 09:27:19:	Word Counts (21/40) switched to SCHEDULED
03/09/2013 09:27:19:	Count Words (22/40) switched to SCHEDULED
03/09/2013 09:27:19:	Word Counts (22/40) switched to SCHEDULED
03/09/2013 09:27:19:	Count Words (23/40) switched to SCHEDULED
03/09/2013 09:27:19:	Word Counts (23/40) switched to SCHEDULED
03/09/2013 09:27:19:	Count Words (24/40) switched to SCHEDULED
03/09/2013 09:27:19:	Word Counts (24/40) switched to SCHEDULED
03/09/2013 09:27:19:	Count Words (25/40) switched to SCHEDULED
03/09/2013 09:27:19:	Word Counts (25/40) switched to SCHEDULED
03/09/2013 09:27:19:	Count Words (26/40) switched to SCHEDULED
03/09/2013 09:27:19:	Word Counts (26/40) switched to SCHEDULED
03/09/2013 09:27:19:	Count Words (27/40) switched to SCHEDULED
03/09/2013 09:27:19:	Word Counts (27/40) switched to SCHEDULED
03/09/2013 09:27:19:	Count Words (28/40) switched to SCHEDULED
03/09/2013 09:27:19:	Word Counts (28/40) switched to SCHEDULED
03/09/2013 09:27:19:	Count Words (29/40) switched to SCHEDULED
03/09/2013 09:27:19:	Word Counts (29/40) switched to SCHEDULED
03/09/2013 09:27:19:	Count Words (30/40) switched to SCHEDULED
03/09/2013 09:27:19:	Word Counts (30/40) switched to SCHEDULED
03/09/2013 09:27:19:	Count Words (31/40) switched to SCHEDULED
03/09/2013 09:27:19:	Word Counts (31/40) switched to SCHEDULED
03/09/2013 09:27:19:	Count Words (32/40) switched to SCHEDULED
03/09/2013 09:27:19:	Word Counts (32/40) switched to SCHEDULED
03/09/2013 09:27:19:	Count Words (33/40) switched to SCHEDULED
03/09/2013 09:27:19:	Word Counts (33/40) switched to SCHEDULED
03/09/2013 09:27:19:	Count Words (34/40) switched to SCHEDULED
03/09/2013 09:27:19:	Word Counts (34/40) switched to SCHEDULED
03/09/2013 09:27:19:	Count Words (35/40) switched to SCHEDULED
03/09/2013 09:27:19:	Word Counts (35/40) switched to SCHEDULED
03/09/2013 09:27:19:	Count Words (36/40) switched to SCHEDULED
03/09/2013 09:27:19:	Word Counts (36/40) switched to SCHEDULED
03/09/2013 09:27:19:	Count Words (37/40) switched to SCHEDULED
03/09/2013 09:27:19:	Word Counts (37/40) switched to SCHEDULED
03/09/2013 09:27:19:	Count Words (38/40) switched to SCHEDULED
03/09/2013 09:27:19:	Word Counts (38/40) switched to SCHEDULED
03/09/2013 09:27:19:	Count Words (39/40) switched to SCHEDULED
03/09/2013 09:27:19:	Word Counts (39/40) switched to SCHEDULED
03/09/2013 09:27:19:	Count Words (40/40) switched to SCHEDULED
03/09/2013 09:27:19:	Word Counts (40/40) switched to SCHEDULED
03/09/2013 09:27:19:	Input Lines (2/40) switched to SCHEDULED
03/09/2013 09:27:19:	Input Lines (3/40) switched to SCHEDULED
03/09/2013 09:27:19:	Input Lines (4/40) switched to SCHEDULED
03/09/2013 09:27:19:	Input Lines (5/40) switched to SCHEDULED
03/09/2013 09:27:19:	Input Lines (6/40) switched to SCHEDULED
03/09/2013 09:27:19:	Input Lines (7/40) switched to SCHEDULED
03/09/2013 09:27:19:	Input Lines (8/40) switched to SCHEDULED
03/09/2013 09:27:19:	Input Lines (9/40) switched to SCHEDULED
03/09/2013 09:27:19:	Input Lines (10/40) switched to SCHEDULED
03/09/2013 09:27:19:	Input Lines (11/40) switched to SCHEDULED
03/09/2013 09:27:19:	Input Lines (12/40) switched to SCHEDULED
03/09/2013 09:27:19:	Input Lines (13/40) switched to SCHEDULED
03/09/2013 09:27:19:	Input Lines (14/40) switched to SCHEDULED
03/09/2013 09:27:19:	Input Lines (15/40) switched to SCHEDULED
03/09/2013 09:27:19:	Input Lines (16/40) switched to SCHEDULED
03/09/2013 09:27:19:	Input Lines (17/40) switched to SCHEDULED
03/09/2013 09:27:19:	Input Lines (18/40) switched to SCHEDULED
03/09/2013 09:27:19:	Input Lines (19/40) switched to SCHEDULED
03/09/2013 09:27:19:	Input Lines (20/40) switched to SCHEDULED
03/09/2013 09:27:19:	Input Lines (21/40) switched to SCHEDULED
03/09/2013 09:27:19:	Input Lines (22/40) switched to SCHEDULED
03/09/2013 09:27:19:	Input Lines (23/40) switched to SCHEDULED
03/09/2013 09:27:19:	Input Lines (24/40) switched to SCHEDULED
03/09/2013 09:27:19:	Input Lines (25/40) switched to SCHEDULED
03/09/2013 09:27:19:	Input Lines (26/40) switched to SCHEDULED
03/09/2013 09:27:19:	Input Lines (27/40) switched to SCHEDULED
03/09/2013 09:27:19:	Input Lines (28/40) switched to SCHEDULED
03/09/2013 09:27:19:	Input Lines (29/40) switched to SCHEDULED
03/09/2013 09:27:19:	Input Lines (30/40) switched to SCHEDULED
03/09/2013 09:27:19:	Input Lines (31/40) switched to SCHEDULED
03/09/2013 09:27:19:	Input Lines (32/40) switched to SCHEDULED
03/09/2013 09:27:19:	Input Lines (33/40) switched to SCHEDULED
03/09/2013 09:27:19:	Input Lines (34/40) switched to SCHEDULED
03/09/2013 09:27:19:	Input Lines (35/40) switched to SCHEDULED
03/09/2013 09:27:19:	Input Lines (36/40) switched to SCHEDULED
03/09/2013 09:27:19:	Input Lines (37/40) switched to SCHEDULED
03/09/2013 09:27:19:	Input Lines (38/40) switched to SCHEDULED
03/09/2013 09:27:19:	Input Lines (39/40) switched to SCHEDULED
03/09/2013 09:27:19:	Input Lines (40/40) switched to SCHEDULED
03/09/2013 09:27:19:	Input Lines (7/40) switched to ASSIGNED
03/09/2013 09:27:19:	Count Words (8/40) switched to ASSIGNED
03/09/2013 09:27:19:	Input Lines (5/40) switched to ASSIGNED
03/09/2013 09:27:19:	Input Lines (6/40) switched to ASSIGNED
03/09/2013 09:27:19:	Count Words (3/40) switched to ASSIGNED
03/09/2013 09:27:19:	Count Words (1/40) switched to ASSIGNED
03/09/2013 09:27:19:	Word Counts (1/40) switched to ASSIGNED
03/09/2013 09:27:19:	Word Counts (8/40) switched to ASSIGNED
03/09/2013 09:27:19:	Count Words (2/40) switched to ASSIGNED
03/09/2013 09:27:19:	Count Words (7/40) switched to ASSIGNED
03/09/2013 09:27:19:	Word Counts (4/40) switched to ASSIGNED
03/09/2013 09:27:19:	Input Lines (1/40) switched to ASSIGNED
03/09/2013 09:27:19:	Input Lines (8/40) switched to ASSIGNED
03/09/2013 09:27:19:	Word Counts (2/40) switched to ASSIGNED
03/09/2013 09:27:19:	Word Counts (6/40) switched to ASSIGNED
03/09/2013 09:27:19:	Input Lines (2/40) switched to ASSIGNED
03/09/2013 09:27:19:	Word Counts (7/40) switched to ASSIGNED
03/09/2013 09:27:19:	Count Words (5/40) switched to ASSIGNED
03/09/2013 09:27:19:	Word Counts (3/40) switched to ASSIGNED
03/09/2013 09:27:19:	Word Counts (5/40) switched to ASSIGNED
03/09/2013 09:27:19:	Input Lines (4/40) switched to ASSIGNED
03/09/2013 09:27:19:	Count Words (4/40) switched to ASSIGNED
03/09/2013 09:27:19:	Input Lines (3/40) switched to ASSIGNED
03/09/2013 09:27:19:	Count Words (6/40) switched to ASSIGNED
03/09/2013 09:27:19:	Count Words (9/40) switched to ASSIGNED
03/09/2013 09:27:19:	Input Lines (11/40) switched to ASSIGNED
03/09/2013 09:27:19:	Word Counts (15/40) switched to ASSIGNED
03/09/2013 09:27:19:	Count Words (14/40) switched to ASSIGNED
03/09/2013 09:27:19:	Count Words (10/40) switched to ASSIGNED
03/09/2013 09:27:19:	Word Counts (14/40) switched to ASSIGNED
03/09/2013 09:27:19:	Input Lines (14/40) switched to ASSIGNED
03/09/2013 09:27:19:	Count Words (16/40) switched to ASSIGNED
03/09/2013 09:27:19:	Count Words (15/40) switched to ASSIGNED
03/09/2013 09:27:19:	Word Counts (11/40) switched to ASSIGNED
03/09/2013 09:27:19:	Count Words (11/40) switched to ASSIGNED
03/09/2013 09:27:19:	Word Counts (12/40) switched to ASSIGNED
03/09/2013 09:27:19:	Word Counts (10/40) switched to ASSIGNED
03/09/2013 09:27:19:	Input Lines (10/40) switched to ASSIGNED
03/09/2013 09:27:19:	Word Counts (16/40) switched to ASSIGNED
03/09/2013 09:27:19:	Count Words (13/40) switched to ASSIGNED
03/09/2013 09:27:19:	Input Lines (15/40) switched to ASSIGNED
03/09/2013 09:27:19:	Input Lines (13/40) switched to ASSIGNED
03/09/2013 09:27:19:	Input Lines (9/40) switched to ASSIGNED
03/09/2013 09:27:19:	Input Lines (12/40) switched to ASSIGNED
03/09/2013 09:27:19:	Word Counts (13/40) switched to ASSIGNED
03/09/2013 09:27:19:	Input Lines (16/40) switched to ASSIGNED
03/09/2013 09:27:19:	Count Words (12/40) switched to ASSIGNED
03/09/2013 09:27:19:	Word Counts (9/40) switched to ASSIGNED
03/09/2013 09:27:19:	Input Lines (20/40) switched to ASSIGNED
03/09/2013 09:27:19:	Count Words (21/40) switched to ASSIGNED
03/09/2013 09:27:19:	Word Counts (20/40) switched to ASSIGNED
03/09/2013 09:27:19:	Input Lines (17/40) switched to ASSIGNED
03/09/2013 09:27:19:	Count Words (24/40) switched to ASSIGNED
03/09/2013 09:27:19:	Count Words (17/40) switched to ASSIGNED
03/09/2013 09:27:19:	Word Counts (23/40) switched to ASSIGNED
03/09/2013 09:27:19:	Input Lines (19/40) switched to ASSIGNED
03/09/2013 09:27:19:	Word Counts (22/40) switched to ASSIGNED
03/09/2013 09:27:19:	Count Words (19/40) switched to ASSIGNED
03/09/2013 09:27:19:	Input Lines (22/40) switched to ASSIGNED
03/09/2013 09:27:19:	Word Counts (24/40) switched to ASSIGNED
03/09/2013 09:27:19:	Word Counts (19/40) switched to ASSIGNED
03/09/2013 09:27:19:	Word Counts (18/40) switched to ASSIGNED
03/09/2013 09:27:19:	Input Lines (23/40) switched to ASSIGNED
03/09/2013 09:27:19:	Count Words (18/40) switched to ASSIGNED
03/09/2013 09:27:19:	Input Lines (24/40) switched to ASSIGNED
03/09/2013 09:27:19:	Input Lines (21/40) switched to ASSIGNED
03/09/2013 09:27:19:	Word Counts (17/40) switched to ASSIGNED
03/09/2013 09:27:19:	Count Words (22/40) switched to ASSIGNED
03/09/2013 09:27:19:	Word Counts (21/40) switched to ASSIGNED
03/09/2013 09:27:19:	Input Lines (18/40) switched to ASSIGNED
03/09/2013 09:27:19:	Count Words (20/40) switched to ASSIGNED
03/09/2013 09:27:19:	Count Words (23/40) switched to ASSIGNED
03/09/2013 09:27:19:	Count Words (27/40) switched to ASSIGNED
03/09/2013 09:27:19:	Count Words (26/40) switched to ASSIGNED
03/09/2013 09:27:19:	Word Counts (26/40) switched to ASSIGNED
03/09/2013 09:27:19:	Count Words (31/40) switched to ASSIGNED
03/09/2013 09:27:19:	Word Counts (31/40) switched to ASSIGNED
03/09/2013 09:27:19:	Input Lines (26/40) switched to ASSIGNED
03/09/2013 09:27:19:	Word Counts (28/40) switched to ASSIGNED
03/09/2013 09:27:19:	Word Counts (29/40) switched to ASSIGNED
03/09/2013 09:27:19:	Count Words (29/40) switched to ASSIGNED
03/09/2013 09:27:19:	Input Lines (32/40) switched to ASSIGNED
03/09/2013 09:27:19:	Count Words (30/40) switched to ASSIGNED
03/09/2013 09:27:19:	Count Words (28/40) switched to ASSIGNED
03/09/2013 09:27:19:	Count Words (25/40) switched to ASSIGNED
03/09/2013 09:27:19:	Count Words (32/40) switched to ASSIGNED
03/09/2013 09:27:19:	Input Lines (31/40) switched to ASSIGNED
03/09/2013 09:27:19:	Word Counts (27/40) switched to ASSIGNED
03/09/2013 09:27:19:	Input Lines (29/40) switched to ASSIGNED
03/09/2013 09:27:19:	Word Counts (32/40) switched to ASSIGNED
03/09/2013 09:27:19:	Input Lines (27/40) switched to ASSIGNED
03/09/2013 09:27:19:	Input Lines (25/40) switched to ASSIGNED
03/09/2013 09:27:19:	Input Lines (30/40) switched to ASSIGNED
03/09/2013 09:27:19:	Word Counts (25/40) switched to ASSIGNED
03/09/2013 09:27:19:	Word Counts (30/40) switched to ASSIGNED
03/09/2013 09:27:19:	Input Lines (28/40) switched to ASSIGNED
03/09/2013 09:27:19:	Input Lines (36/40) switched to ASSIGNED
03/09/2013 09:27:19:	Input Lines (34/40) switched to ASSIGNED
03/09/2013 09:27:19:	Count Words (40/40) switched to ASSIGNED
03/09/2013 09:27:19:	Count Words (34/40) switched to ASSIGNED
03/09/2013 09:27:19:	Input Lines (38/40) switched to ASSIGNED
03/09/2013 09:27:19:	Count Words (36/40) switched to ASSIGNED
03/09/2013 09:27:19:	Input Lines (33/40) switched to ASSIGNED
03/09/2013 09:27:19:	Input Lines (37/40) switched to ASSIGNED
03/09/2013 09:27:19:	Word Counts (34/40) switched to ASSIGNED
03/09/2013 09:27:19:	Count Words (35/40) switched to ASSIGNED
03/09/2013 09:27:19:	Word Counts (39/40) switched to ASSIGNED
03/09/2013 09:27:19:	Count Words (33/40) switched to ASSIGNED
03/09/2013 09:27:19:	Input Lines (40/40) switched to ASSIGNED
03/09/2013 09:27:19:	Input Lines (35/40) switched to ASSIGNED
03/09/2013 09:27:19:	Word Counts (33/40) switched to ASSIGNED
03/09/2013 09:27:19:	Count Words (39/40) switched to ASSIGNED
03/09/2013 09:27:19:	Word Counts (37/40) switched to ASSIGNED
03/09/2013 09:27:19:	Word Counts (35/40) switched to ASSIGNED
03/09/2013 09:27:19:	Word Counts (40/40) switched to ASSIGNED
03/09/2013 09:27:19:	Input Lines (39/40) switched to ASSIGNED
03/09/2013 09:27:19:	Count Words (37/40) switched to ASSIGNED
03/09/2013 09:27:19:	Word Counts (38/40) switched to ASSIGNED
03/09/2013 09:27:19:	Count Words (38/40) switched to ASSIGNED
03/09/2013 09:27:19:	Word Counts (36/40) switched to ASSIGNED
03/09/2013 09:27:19:	Input Lines (1/40) switched to READY
03/09/2013 09:27:19:	Input Lines (2/40) switched to READY
03/09/2013 09:27:19:	Input Lines (3/40) switched to READY
03/09/2013 09:27:19:	Input Lines (4/40) switched to READY
03/09/2013 09:27:19:	Input Lines (5/40) switched to READY
03/09/2013 09:27:19:	Input Lines (6/40) switched to READY
03/09/2013 09:27:19:	Input Lines (7/40) switched to READY
03/09/2013 09:27:19:	Input Lines (8/40) switched to READY
03/09/2013 09:27:19:	Input Lines (9/40) switched to READY
03/09/2013 09:27:19:	Input Lines (10/40) switched to READY
03/09/2013 09:27:19:	Input Lines (11/40) switched to READY
03/09/2013 09:27:19:	Input Lines (12/40) switched to READY
03/09/2013 09:27:19:	Input Lines (13/40) switched to READY
03/09/2013 09:27:19:	Input Lines (14/40) switched to READY
03/09/2013 09:27:19:	Input Lines (15/40) switched to READY
03/09/2013 09:27:19:	Input Lines (16/40) switched to READY
03/09/2013 09:27:19:	Input Lines (17/40) switched to READY
03/09/2013 09:27:19:	Input Lines (18/40) switched to READY
03/09/2013 09:27:19:	Input Lines (19/40) switched to READY
03/09/2013 09:27:19:	Input Lines (20/40) switched to READY
03/09/2013 09:27:19:	Input Lines (21/40) switched to READY
03/09/2013 09:27:19:	Input Lines (22/40) switched to READY
03/09/2013 09:27:19:	Input Lines (23/40) switched to READY
03/09/2013 09:27:19:	Input Lines (24/40) switched to READY
03/09/2013 09:27:19:	Input Lines (25/40) switched to READY
03/09/2013 09:27:19:	Input Lines (26/40) switched to READY
03/09/2013 09:27:19:	Input Lines (27/40) switched to READY
03/09/2013 09:27:19:	Input Lines (28/40) switched to READY
03/09/2013 09:27:19:	Input Lines (29/40) switched to READY
03/09/2013 09:27:19:	Input Lines (30/40) switched to READY
03/09/2013 09:27:19:	Input Lines (31/40) switched to READY
03/09/2013 09:27:19:	Input Lines (32/40) switched to READY
03/09/2013 09:27:19:	Input Lines (33/40) switched to READY
03/09/2013 09:27:19:	Input Lines (34/40) switched to READY
03/09/2013 09:27:19:	Input Lines (35/40) switched to READY
03/09/2013 09:27:19:	Input Lines (36/40) switched to READY
03/09/2013 09:27:19:	Input Lines (37/40) switched to READY
03/09/2013 09:27:19:	Input Lines (38/40) switched to READY
03/09/2013 09:27:19:	Input Lines (39/40) switched to READY
03/09/2013 09:27:19:	Input Lines (40/40) switched to READY
03/09/2013 09:27:19:	Input Lines (1/40) switched to STARTING
03/09/2013 09:27:19:	Input Lines (2/40) switched to STARTING
03/09/2013 09:27:19:	Input Lines (3/40) switched to STARTING
03/09/2013 09:27:19:	Input Lines (4/40) switched to STARTING
03/09/2013 09:27:19:	Input Lines (5/40) switched to STARTING
03/09/2013 09:27:19:	Input Lines (6/40) switched to STARTING
03/09/2013 09:27:19:	Input Lines (7/40) switched to STARTING
03/09/2013 09:27:19:	Input Lines (8/40) switched to STARTING
03/09/2013 09:27:19:	Input Lines (9/40) switched to STARTING
03/09/2013 09:27:19:	Input Lines (10/40) switched to STARTING
03/09/2013 09:27:19:	Input Lines (11/40) switched to STARTING
03/09/2013 09:27:19:	Input Lines (12/40) switched to STARTING
03/09/2013 09:27:19:	Input Lines (13/40) switched to STARTING
03/09/2013 09:27:19:	Input Lines (14/40) switched to STARTING
03/09/2013 09:27:19:	Input Lines (15/40) switched to STARTING
03/09/2013 09:27:19:	Input Lines (16/40) switched to STARTING
03/09/2013 09:27:19:	Input Lines (17/40) switched to STARTING
03/09/2013 09:27:19:	Input Lines (18/40) switched to STARTING
03/09/2013 09:27:19:	Input Lines (19/40) switched to STARTING
03/09/2013 09:27:19:	Input Lines (20/40) switched to STARTING
03/09/2013 09:27:19:	Input Lines (21/40) switched to STARTING
03/09/2013 09:27:19:	Input Lines (22/40) switched to STARTING
03/09/2013 09:27:19:	Input Lines (23/40) switched to STARTING
03/09/2013 09:27:19:	Input Lines (24/40) switched to STARTING
03/09/2013 09:27:19:	Input Lines (25/40) switched to STARTING
03/09/2013 09:27:19:	Input Lines (26/40) switched to STARTING
03/09/2013 09:27:19:	Input Lines (27/40) switched to STARTING
03/09/2013 09:27:19:	Input Lines (28/40) switched to STARTING
03/09/2013 09:27:19:	Input Lines (29/40) switched to STARTING
03/09/2013 09:27:19:	Input Lines (30/40) switched to STARTING
03/09/2013 09:27:19:	Input Lines (31/40) switched to STARTING
03/09/2013 09:27:19:	Input Lines (32/40) switched to STARTING
03/09/2013 09:27:19:	Input Lines (33/40) switched to STARTING
03/09/2013 09:27:19:	Input Lines (34/40) switched to STARTING
03/09/2013 09:27:19:	Input Lines (35/40) switched to STARTING
03/09/2013 09:27:19:	Input Lines (36/40) switched to STARTING
03/09/2013 09:27:19:	Input Lines (37/40) switched to STARTING
03/09/2013 09:27:19:	Input Lines (38/40) switched to STARTING
03/09/2013 09:27:19:	Input Lines (39/40) switched to STARTING
03/09/2013 09:27:19:	Input Lines (40/40) switched to STARTING
03/09/2013 09:27:19:	Job execution switched to status RUNNING
03/09/2013 09:27:19:	Input Lines (9/40) switched to RUNNING
03/09/2013 09:27:19:	Input Lines (38/40) switched to RUNNING
03/09/2013 09:27:19:	Input Lines (15/40) switched to RUNNING
03/09/2013 09:27:19:	Input Lines (35/40) switched to RUNNING
03/09/2013 09:27:19:	Input Lines (14/40) switched to RUNNING
03/09/2013 09:27:19:	Input Lines (16/40) switched to RUNNING
03/09/2013 09:27:19:	Input Lines (36/40) switched to RUNNING
03/09/2013 09:27:19:	Input Lines (12/40) switched to RUNNING
03/09/2013 09:27:19:	Input Lines (39/40) switched to RUNNING
03/09/2013 09:27:19:	Input Lines (11/40) switched to RUNNING
03/09/2013 09:27:19:	Input Lines (34/40) switched to RUNNING
03/09/2013 09:27:19:	Input Lines (13/40) switched to RUNNING
03/09/2013 09:27:19:	Input Lines (37/40) switched to RUNNING
03/09/2013 09:27:19:	Input Lines (10/40) switched to RUNNING
03/09/2013 09:27:19:	Input Lines (40/40) switched to RUNNING
03/09/2013 09:27:19:	Input Lines (33/40) switched to RUNNING
03/09/2013 09:27:19:	Input Lines (5/40) switched to RUNNING
03/09/2013 09:27:19:	Input Lines (32/40) switched to RUNNING
03/09/2013 09:27:19:	Input Lines (2/40) switched to RUNNING
03/09/2013 09:27:19:	Input Lines (28/40) switched to RUNNING
03/09/2013 09:27:19:	Input Lines (8/40) switched to RUNNING
03/09/2013 09:27:19:	Input Lines (29/40) switched to RUNNING
03/09/2013 09:27:19:	Input Lines (6/40) switched to RUNNING
03/09/2013 09:27:19:	Input Lines (27/40) switched to RUNNING
03/09/2013 09:27:19:	Input Lines (4/40) switched to RUNNING
03/09/2013 09:27:19:	Input Lines (30/40) switched to RUNNING
03/09/2013 09:27:19:	Input Lines (3/40) switched to RUNNING
03/09/2013 09:27:19:	Input Lines (25/40) switched to RUNNING
03/09/2013 09:27:19:	Input Lines (1/40) switched to RUNNING
03/09/2013 09:27:19:	Input Lines (31/40) switched to RUNNING
03/09/2013 09:27:19:	Input Lines (7/40) switched to RUNNING
03/09/2013 09:27:19:	Input Lines (26/40) switched to RUNNING
03/09/2013 09:27:19:	Input Lines (18/40) switched to RUNNING
03/09/2013 09:27:19:	Input Lines (17/40) switched to RUNNING
03/09/2013 09:27:19:	Input Lines (23/40) switched to RUNNING
03/09/2013 09:27:19:	Input Lines (20/40) switched to RUNNING
03/09/2013 09:27:19:	Input Lines (19/40) switched to RUNNING
03/09/2013 09:27:19:	Input Lines (22/40) switched to RUNNING
03/09/2013 09:27:19:	Input Lines (24/40) switched to RUNNING
03/09/2013 09:27:19:	Input Lines (21/40) switched to RUNNING
03/09/2013 09:27:22:	Count Words (37/40) switched to READY
03/09/2013 09:27:22:	Word Counts (37/40) switched to READY
03/09/2013 09:27:22:	Count Words (37/40) switched to STARTING
03/09/2013 09:27:22:	Word Counts (37/40) switched to STARTING
03/09/2013 09:27:22:	Count Words (20/40) switched to READY
03/09/2013 09:27:22:	Word Counts (20/40) switched to READY
03/09/2013 09:27:22:	Count Words (20/40) switched to STARTING
03/09/2013 09:27:22:	Word Counts (20/40) switched to STARTING
03/09/2013 09:27:22:	Count Words (16/40) switched to READY
03/09/2013 09:27:22:	Word Counts (16/40) switched to READY
03/09/2013 09:27:22:	Count Words (16/40) switched to STARTING
03/09/2013 09:27:22:	Word Counts (16/40) switched to STARTING
03/09/2013 09:27:22:	Count Words (36/40) switched to READY
03/09/2013 09:27:22:	Word Counts (36/40) switched to READY
03/09/2013 09:27:22:	Count Words (36/40) switched to STARTING
03/09/2013 09:27:22:	Word Counts (36/40) switched to STARTING
03/09/2013 09:27:22:	Count Words (25/40) switched to READY
03/09/2013 09:27:22:	Word Counts (25/40) switched to READY
03/09/2013 09:27:22:	Count Words (25/40) switched to STARTING
03/09/2013 09:27:22:	Word Counts (25/40) switched to STARTING
03/09/2013 09:27:22:	Count Words (37/40) switched to RUNNING
03/09/2013 09:27:22:	Word Counts (37/40) switched to RUNNING
03/09/2013 09:27:22:	Count Words (25/40) switched to RUNNING
03/09/2013 09:27:22:	Count Words (21/40) switched to READY
03/09/2013 09:27:22:	Word Counts (21/40) switched to READY
03/09/2013 09:27:22:	Count Words (21/40) switched to STARTING
03/09/2013 09:27:22:	Word Counts (21/40) switched to STARTING
03/09/2013 09:27:22:	Count Words (11/40) switched to READY
03/09/2013 09:27:22:	Word Counts (11/40) switched to READY
03/09/2013 09:27:22:	Count Words (11/40) switched to STARTING
03/09/2013 09:27:22:	Word Counts (11/40) switched to STARTING
03/09/2013 09:27:24:	Count Words (20/40) switched to RUNNING
03/09/2013 09:27:24:	Word Counts (20/40) switched to RUNNING
03/09/2013 09:27:24:	Count Words (21/40) switched to RUNNING
03/09/2013 09:27:24:	Count Words (3/40) switched to READY
03/09/2013 09:27:24:	Word Counts (3/40) switched to READY
03/09/2013 09:27:24:	Count Words (3/40) switched to STARTING
03/09/2013 09:27:24:	Word Counts (3/40) switched to STARTING
03/09/2013 09:27:24:	Word Counts (21/40) switched to RUNNING
03/09/2013 09:27:24:	Count Words (2/40) switched to READY
03/09/2013 09:27:24:	Word Counts (2/40) switched to READY
03/09/2013 09:27:24:	Count Words (2/40) switched to STARTING
03/09/2013 09:27:24:	Word Counts (2/40) switched to STARTING
03/09/2013 09:27:25:	Word Counts (25/40) switched to RUNNING
03/09/2013 09:27:25:	Count Words (19/40) switched to READY
03/09/2013 09:27:25:	Word Counts (19/40) switched to READY
03/09/2013 09:27:25:	Count Words (19/40) switched to STARTING
03/09/2013 09:27:25:	Word Counts (19/40) switched to STARTING
03/09/2013 09:27:25:	Count Words (19/40) switched to RUNNING
03/09/2013 09:27:25:	Word Counts (19/40) switched to RUNNING
03/09/2013 09:27:25:	Count Words (12/40) switched to READY
03/09/2013 09:27:25:	Word Counts (12/40) switched to READY
03/09/2013 09:27:25:	Count Words (12/40) switched to STARTING
03/09/2013 09:27:25:	Word Counts (12/40) switched to STARTING
03/09/2013 09:27:25:	Word Counts (16/40) switched to RUNNING
03/09/2013 09:27:25:	Count Words (28/40) switched to READY
03/09/2013 09:27:25:	Word Counts (28/40) switched to READY
03/09/2013 09:27:25:	Count Words (28/40) switched to STARTING
03/09/2013 09:27:25:	Word Counts (28/40) switched to STARTING
03/09/2013 09:27:25:	Count Words (16/40) switched to RUNNING
03/09/2013 09:27:25:	Count Words (28/40) switched to RUNNING
03/09/2013 09:27:25:	Count Words (12/40) switched to RUNNING
03/09/2013 09:27:25:	Word Counts (28/40) switched to RUNNING
03/09/2013 09:27:25:	Count Words (14/40) switched to READY
03/09/2013 09:27:25:	Word Counts (14/40) switched to READY
03/09/2013 09:27:25:	Count Words (14/40) switched to STARTING
03/09/2013 09:27:25:	Word Counts (14/40) switched to STARTING
03/09/2013 09:27:25:	Word Counts (12/40) switched to RUNNING
03/09/2013 09:27:25:	Count Words (24/40) switched to READY
03/09/2013 09:27:25:	Word Counts (24/40) switched to READY
03/09/2013 09:27:25:	Count Words (24/40) switched to STARTING
03/09/2013 09:27:25:	Word Counts (24/40) switched to STARTING
03/09/2013 09:27:25:	Count Words (11/40) switched to RUNNING
03/09/2013 09:27:25:	Word Counts (11/40) switched to RUNNING
03/09/2013 09:27:25:	Count Words (24/40) switched to RUNNING
03/09/2013 09:27:25:	Word Counts (24/40) switched to RUNNING
03/09/2013 09:27:25:	Count Words (36/40) switched to RUNNING
03/09/2013 09:27:25:	Count Words (14/40) switched to RUNNING
03/09/2013 09:27:25:	Word Counts (14/40) switched to RUNNING
03/09/2013 09:27:25:	Word Counts (36/40) switched to RUNNING
03/09/2013 09:27:25:	Count Words (31/40) switched to READY
03/09/2013 09:27:25:	Word Counts (31/40) switched to READY
03/09/2013 09:27:25:	Count Words (31/40) switched to STARTING
03/09/2013 09:27:25:	Word Counts (31/40) switched to STARTING
03/09/2013 09:27:25:	Count Words (31/40) switched to RUNNING
03/09/2013 09:27:25:	Count Words (4/40) switched to READY
03/09/2013 09:27:25:	Word Counts (4/40) switched to READY
03/09/2013 09:27:25:	Count Words (4/40) switched to STARTING
03/09/2013 09:27:25:	Word Counts (4/40) switched to STARTING
03/09/2013 09:27:25:	Word Counts (31/40) switched to RUNNING
03/09/2013 09:27:25:	Count Words (3/40) switched to RUNNING
03/09/2013 09:27:25:	Word Counts (3/40) switched to RUNNING
03/09/2013 09:27:25:	Count Words (10/40) switched to READY
03/09/2013 09:27:25:	Word Counts (10/40) switched to READY
03/09/2013 09:27:25:	Count Words (10/40) switched to STARTING
03/09/2013 09:27:25:	Word Counts (10/40) switched to STARTING
03/09/2013 09:27:25:	Count Words (23/40) switched to READY
03/09/2013 09:27:25:	Word Counts (23/40) switched to READY
03/09/2013 09:27:25:	Count Words (23/40) switched to STARTING
03/09/2013 09:27:25:	Word Counts (23/40) switched to STARTING
03/09/2013 09:27:25:	Word Counts (10/40) switched to RUNNING
03/09/2013 09:27:25:	Count Words (2/40) switched to RUNNING
03/09/2013 09:27:25:	Count Words (10/40) switched to RUNNING
03/09/2013 09:27:25:	Count Words (30/40) switched to READY
03/09/2013 09:27:25:	Word Counts (30/40) switched to READY
03/09/2013 09:27:25:	Count Words (30/40) switched to STARTING
03/09/2013 09:27:25:	Word Counts (30/40) switched to STARTING
03/09/2013 09:27:25:	Word Counts (2/40) switched to RUNNING
03/09/2013 09:27:25:	Count Words (29/40) switched to READY
03/09/2013 09:27:25:	Word Counts (29/40) switched to READY
03/09/2013 09:27:25:	Count Words (29/40) switched to STARTING
03/09/2013 09:27:25:	Word Counts (29/40) switched to STARTING
03/09/2013 09:27:25:	Count Words (23/40) switched to RUNNING
03/09/2013 09:27:25:	Count Words (4/40) switched to RUNNING
03/09/2013 09:27:25:	Word Counts (4/40) switched to RUNNING
03/09/2013 09:27:25:	Word Counts (23/40) switched to RUNNING
03/09/2013 09:27:25:	Count Words (13/40) switched to READY
03/09/2013 09:27:25:	Word Counts (13/40) switched to READY
03/09/2013 09:27:25:	Count Words (13/40) switched to STARTING
03/09/2013 09:27:25:	Word Counts (13/40) switched to STARTING
03/09/2013 09:27:25:	Count Words (34/40) switched to READY
03/09/2013 09:27:25:	Word Counts (34/40) switched to READY
03/09/2013 09:27:25:	Count Words (34/40) switched to STARTING
03/09/2013 09:27:25:	Word Counts (34/40) switched to STARTING
03/09/2013 09:27:25:	Count Words (13/40) switched to RUNNING
03/09/2013 09:27:25:	Count Words (30/40) switched to RUNNING
03/09/2013 09:27:25:	Word Counts (13/40) switched to RUNNING
03/09/2013 09:27:25:	Count Words (5/40) switched to READY
03/09/2013 09:27:25:	Word Counts (5/40) switched to READY
03/09/2013 09:27:25:	Count Words (5/40) switched to STARTING
03/09/2013 09:27:25:	Word Counts (5/40) switched to STARTING
03/09/2013 09:27:25:	Word Counts (30/40) switched to RUNNING
03/09/2013 09:27:25:	Count Words (7/40) switched to READY
03/09/2013 09:27:25:	Word Counts (7/40) switched to READY
03/09/2013 09:27:25:	Count Words (7/40) switched to STARTING
03/09/2013 09:27:25:	Word Counts (7/40) switched to STARTING
03/09/2013 09:27:25:	Count Words (29/40) switched to RUNNING
03/09/2013 09:27:25:	Word Counts (29/40) switched to RUNNING
03/09/2013 09:27:25:	Count Words (33/40) switched to READY
03/09/2013 09:27:25:	Word Counts (33/40) switched to READY
03/09/2013 09:27:25:	Count Words (33/40) switched to STARTING
03/09/2013 09:27:25:	Word Counts (33/40) switched to STARTING
03/09/2013 09:27:25:	Count Words (34/40) switched to RUNNING
03/09/2013 09:27:25:	Count Words (18/40) switched to READY
03/09/2013 09:27:25:	Word Counts (18/40) switched to READY
03/09/2013 09:27:25:	Count Words (18/40) switched to STARTING
03/09/2013 09:27:25:	Word Counts (18/40) switched to STARTING
03/09/2013 09:27:25:	Count Words (35/40) switched to READY
03/09/2013 09:27:25:	Word Counts (35/40) switched to READY
03/09/2013 09:27:25:	Count Words (35/40) switched to STARTING
03/09/2013 09:27:25:	Word Counts (35/40) switched to STARTING
03/09/2013 09:27:25:	Count Words (5/40) switched to RUNNING
03/09/2013 09:27:25:	Word Counts (5/40) switched to RUNNING
03/09/2013 09:27:25:	Word Counts (34/40) switched to RUNNING
03/09/2013 09:27:25:	Count Words (18/40) switched to RUNNING
03/09/2013 09:27:25:	Count Words (7/40) switched to RUNNING
03/09/2013 09:27:25:	Count Words (26/40) switched to READY
03/09/2013 09:27:25:	Word Counts (26/40) switched to READY
03/09/2013 09:27:25:	Count Words (26/40) switched to STARTING
03/09/2013 09:27:25:	Word Counts (26/40) switched to STARTING
03/09/2013 09:27:25:	Word Counts (7/40) switched to RUNNING
03/09/2013 09:27:25:	Word Counts (18/40) switched to RUNNING
03/09/2013 09:27:25:	Count Words (22/40) switched to READY
03/09/2013 09:27:25:	Word Counts (22/40) switched to READY
03/09/2013 09:27:25:	Count Words (22/40) switched to STARTING
03/09/2013 09:27:25:	Word Counts (22/40) switched to STARTING
03/09/2013 09:27:25:	Count Words (33/40) switched to RUNNING
03/09/2013 09:27:25:	Word Counts (22/40) switched to RUNNING
03/09/2013 09:27:25:	Word Counts (33/40) switched to RUNNING
03/09/2013 09:27:25:	Count Words (39/40) switched to READY
03/09/2013 09:27:25:	Word Counts (39/40) switched to READY
03/09/2013 09:27:25:	Count Words (39/40) switched to STARTING
03/09/2013 09:27:25:	Word Counts (39/40) switched to STARTING
03/09/2013 09:27:25:	Count Words (22/40) switched to RUNNING
03/09/2013 09:27:25:	Count Words (26/40) switched to RUNNING
03/09/2013 09:27:25:	Word Counts (26/40) switched to RUNNING
03/09/2013 09:27:26:	Count Words (1/40) switched to READY
03/09/2013 09:27:26:	Word Counts (1/40) switched to READY
03/09/2013 09:27:26:	Count Words (1/40) switched to STARTING
03/09/2013 09:27:26:	Word Counts (1/40) switched to STARTING
03/09/2013 09:27:26:	Count Words (35/40) switched to RUNNING
03/09/2013 09:27:26:	Count Words (1/40) switched to RUNNING
03/09/2013 09:27:26:	Word Counts (1/40) switched to RUNNING
03/09/2013 09:27:26:	Word Counts (35/40) switched to RUNNING
03/09/2013 09:27:26:	Count Words (27/40) switched to READY
03/09/2013 09:27:26:	Word Counts (27/40) switched to READY
03/09/2013 09:27:26:	Count Words (27/40) switched to STARTING
03/09/2013 09:27:26:	Word Counts (27/40) switched to STARTING
03/09/2013 09:27:26:	Count Words (27/40) switched to RUNNING
03/09/2013 09:27:26:	Count Words (39/40) switched to RUNNING
03/09/2013 09:27:26:	Word Counts (27/40) switched to RUNNING
03/09/2013 09:27:26:	Word Counts (39/40) switched to RUNNING
03/09/2013 09:27:26:	Count Words (8/40) switched to READY
03/09/2013 09:27:26:	Word Counts (8/40) switched to READY
03/09/2013 09:27:26:	Count Words (8/40) switched to STARTING
03/09/2013 09:27:26:	Word Counts (8/40) switched to STARTING
03/09/2013 09:27:26:	Count Words (6/40) switched to READY
03/09/2013 09:27:26:	Word Counts (6/40) switched to READY
03/09/2013 09:27:26:	Count Words (6/40) switched to STARTING
03/09/2013 09:27:26:	Word Counts (6/40) switched to STARTING
03/09/2013 09:27:26:	Count Words (8/40) switched to RUNNING
03/09/2013 09:27:26:	Word Counts (8/40) switched to RUNNING
03/09/2013 09:27:26:	Count Words (6/40) switched to RUNNING
03/09/2013 09:27:26:	Count Words (15/40) switched to READY
03/09/2013 09:27:26:	Word Counts (15/40) switched to READY
03/09/2013 09:27:26:	Count Words (15/40) switched to STARTING
03/09/2013 09:27:26:	Word Counts (15/40) switched to STARTING
03/09/2013 09:27:26:	Word Counts (6/40) switched to RUNNING
03/09/2013 09:27:26:	Count Words (38/40) switched to READY
03/09/2013 09:27:26:	Word Counts (38/40) switched to READY
03/09/2013 09:27:26:	Count Words (38/40) switched to STARTING
03/09/2013 09:27:26:	Word Counts (38/40) switched to STARTING
03/09/2013 09:27:26:	Word Counts (15/40) switched to RUNNING
03/09/2013 09:27:26:	Word Counts (38/40) switched to RUNNING
03/09/2013 09:27:26:	Count Words (15/40) switched to RUNNING
03/09/2013 09:27:26:	Count Words (17/40) switched to READY
03/09/2013 09:27:26:	Word Counts (17/40) switched to READY
03/09/2013 09:27:26:	Count Words (17/40) switched to STARTING
03/09/2013 09:27:26:	Word Counts (17/40) switched to STARTING
03/09/2013 09:27:26:	Count Words (38/40) switched to RUNNING
03/09/2013 09:27:26:	Count Words (40/40) switched to READY
03/09/2013 09:27:26:	Word Counts (40/40) switched to READY
03/09/2013 09:27:26:	Count Words (40/40) switched to STARTING
03/09/2013 09:27:26:	Word Counts (40/40) switched to STARTING
03/09/2013 09:27:26:	Count Words (32/40) switched to READY
03/09/2013 09:27:26:	Word Counts (32/40) switched to READY
03/09/2013 09:27:26:	Count Words (32/40) switched to STARTING
03/09/2013 09:27:26:	Word Counts (32/40) switched to STARTING
03/09/2013 09:27:26:	Word Counts (17/40) switched to RUNNING
03/09/2013 09:27:26:	Count Words (17/40) switched to RUNNING
03/09/2013 09:27:26:	Word Counts (32/40) switched to RUNNING
03/09/2013 09:27:26:	Count Words (32/40) switched to RUNNING
03/09/2013 09:27:26:	Count Words (40/40) switched to RUNNING
03/09/2013 09:27:26:	Count Words (9/40) switched to READY
03/09/2013 09:27:26:	Word Counts (9/40) switched to READY
03/09/2013 09:27:26:	Count Words (9/40) switched to STARTING
03/09/2013 09:27:26:	Word Counts (9/40) switched to STARTING
03/09/2013 09:27:26:	Word Counts (40/40) switched to RUNNING
03/09/2013 09:27:26:	Count Words (9/40) switched to RUNNING
03/09/2013 09:27:26:	Word Counts (9/40) switched to RUNNING
03/09/2013 09:28:43:	Input Lines (20/40) switched to FINISHING
03/09/2013 09:28:53:	Input Lines (11/40) switched to FINISHING
03/09/2013 09:29:02:	Input Lines (35/40) switched to FINISHING
03/09/2013 09:29:02:	Input Lines (34/40) switched to FINISHING
03/09/2013 09:29:02:	Input Lines (16/40) switched to FINISHING
03/09/2013 09:29:06:	Input Lines (13/40) switched to FINISHING
03/09/2013 09:29:07:	Input Lines (37/40) switched to FINISHING
03/09/2013 09:29:10:	Input Lines (38/40) switched to FINISHING
03/09/2013 09:29:26:	Input Lines (19/40) switched to FINISHING
03/09/2013 09:29:27:	Input Lines (18/40) switched to FINISHING
03/09/2013 09:29:27:	Input Lines (21/40) switched to FINISHING
03/09/2013 09:29:27:	Input Lines (31/40) switched to FINISHING
03/09/2013 09:29:27:	Input Lines (24/40) switched to FINISHING
03/09/2013 09:29:28:	Input Lines (28/40) switched to FINISHING
03/09/2013 09:29:28:	Input Lines (23/40) switched to FINISHING
03/09/2013 09:29:28:	Input Lines (17/40) switched to FINISHING
03/09/2013 09:29:29:	Input Lines (32/40) switched to FINISHING
03/09/2013 09:29:29:	Input Lines (22/40) switched to FINISHING
03/09/2013 09:29:30:	Input Lines (26/40) switched to FINISHING
03/09/2013 09:29:31:	Input Lines (14/40) switched to FINISHING
03/09/2013 09:29:31:	Input Lines (27/40) switched to FINISHING
03/09/2013 09:29:31:	Input Lines (9/40) switched to FINISHING
03/09/2013 09:29:32:	Input Lines (25/40) switched to FINISHING
03/09/2013 09:29:32:	Input Lines (15/40) switched to FINISHING
03/09/2013 09:29:33:	Input Lines (12/40) switched to FINISHING
03/09/2013 09:29:33:	Input Lines (10/40) switched to FINISHING
03/09/2013 09:29:34:	Input Lines (2/40) switched to FINISHING
03/09/2013 09:29:34:	Input Lines (7/40) switched to FINISHING
03/09/2013 09:29:37:	Input Lines (36/40) switched to FINISHING
03/09/2013 09:29:38:	Input Lines (40/40) switched to FINISHING
03/09/2013 09:29:40:	Input Lines (33/40) switched to FINISHING
03/09/2013 09:29:40:	Input Lines (39/40) switched to FINISHING
03/09/2013 09:30:09:	Input Lines (30/40) switched to FINISHING
03/09/2013 09:30:11:	Input Lines (29/40) switched to FINISHING
03/09/2013 09:30:15:	Input Lines (4/40) switched to FINISHING
03/09/2013 09:30:16:	Input Lines (1/40) switched to FINISHING
03/09/2013 09:30:16:	Input Lines (6/40) switched to FINISHING
03/09/2013 09:30:17:	Input Lines (5/40) switched to FINISHING
03/09/2013 09:30:17:	Input Lines (8/40) switched to FINISHING
03/09/2013 09:30:18:	Input Lines (3/40) switched to FINISHING
03/09/2013 09:30:35:	Count Words (6/40) switched to FINISHING
03/09/2013 09:30:35:	Word Counts (6/40) switched to FINISHING
03/09/2013 09:30:35:	Word Counts (6/40) switched to FINISHED
03/09/2013 09:30:35:	Count Words (6/40) switched to FINISHED
03/09/2013 09:30:36:	Count Words (40/40) switched to FINISHING
03/09/2013 09:30:36:	Word Counts (40/40) switched to FINISHING
03/09/2013 09:30:36:	Word Counts (40/40) switched to FINISHED
03/09/2013 09:30:36:	Count Words (40/40) switched to FINISHED
03/09/2013 09:30:36:	Count Words (9/40) switched to FINISHING
03/09/2013 09:30:36:	Word Counts (9/40) switched to FINISHING
03/09/2013 09:30:36:	Word Counts (9/40) switched to FINISHED
03/09/2013 09:30:36:	Count Words (9/40) switched to FINISHED
03/09/2013 09:30:36:	Count Words (8/40) switched to FINISHING
03/09/2013 09:30:36:	Word Counts (8/40) switched to FINISHING
03/09/2013 09:30:36:	Word Counts (8/40) switched to FINISHED
03/09/2013 09:30:36:	Count Words (8/40) switched to FINISHED
03/09/2013 09:30:36:	Count Words (38/40) switched to FINISHING
03/09/2013 09:30:36:	Count Words (17/40) switched to FINISHING
03/09/2013 09:30:36:	Word Counts (38/40) switched to FINISHING
03/09/2013 09:30:36:	Word Counts (38/40) switched to FINISHED
03/09/2013 09:30:36:	Word Counts (17/40) switched to FINISHING
03/09/2013 09:30:36:	Word Counts (17/40) switched to FINISHED
03/09/2013 09:30:36:	Count Words (38/40) switched to FINISHED
03/09/2013 09:30:36:	Count Words (17/40) switched to FINISHED
03/09/2013 09:30:37:	Count Words (35/40) switched to FINISHING
03/09/2013 09:30:37:	Word Counts (35/40) switched to FINISHING
03/09/2013 09:30:37:	Word Counts (35/40) switched to FINISHED
03/09/2013 09:30:37:	Count Words (35/40) switched to FINISHED
03/09/2013 09:30:37:	Count Words (10/40) switched to FINISHING
03/09/2013 09:30:37:	Word Counts (10/40) switched to FINISHING
03/09/2013 09:30:37:	Word Counts (10/40) switched to FINISHED
03/09/2013 09:30:37:	Count Words (15/40) switched to FINISHING
03/09/2013 09:30:37:	Count Words (36/40) switched to FINISHING
03/09/2013 09:30:37:	Word Counts (15/40) switched to FINISHING
03/09/2013 09:30:37:	Word Counts (36/40) switched to FINISHING
03/09/2013 09:30:37:	Word Counts (36/40) switched to FINISHED
03/09/2013 09:30:37:	Word Counts (15/40) switched to FINISHED
03/09/2013 09:30:37:	Count Words (10/40) switched to FINISHED
03/09/2013 09:30:37:	Count Words (5/40) switched to FINISHING
03/09/2013 09:30:37:	Word Counts (5/40) switched to FINISHING
03/09/2013 09:30:37:	Word Counts (5/40) switched to FINISHED
03/09/2013 09:30:37:	Count Words (39/40) switched to FINISHING
03/09/2013 09:30:37:	Count Words (7/40) switched to FINISHING
03/09/2013 09:30:37:	Word Counts (39/40) switched to FINISHING
03/09/2013 09:30:37:	Count Words (15/40) switched to FINISHED
03/09/2013 09:30:37:	Word Counts (7/40) switched to FINISHING
03/09/2013 09:30:37:	Word Counts (7/40) switched to FINISHED
03/09/2013 09:30:37:	Word Counts (39/40) switched to FINISHED
03/09/2013 09:30:37:	Count Words (36/40) switched to FINISHED
03/09/2013 09:30:37:	Count Words (34/40) switched to FINISHING
03/09/2013 09:30:37:	Word Counts (34/40) switched to FINISHING
03/09/2013 09:30:37:	Word Counts (34/40) switched to FINISHED
03/09/2013 09:30:37:	Count Words (32/40) switched to FINISHING
03/09/2013 09:30:37:	Count Words (5/40) switched to FINISHED
03/09/2013 09:30:37:	Word Counts (32/40) switched to FINISHING
03/09/2013 09:30:37:	Word Counts (32/40) switched to FINISHED
03/09/2013 09:30:37:	Count Words (39/40) switched to FINISHED
03/09/2013 09:30:37:	Count Words (7/40) switched to FINISHED
03/09/2013 09:30:37:	Count Words (34/40) switched to FINISHED
03/09/2013 09:30:37:	Count Words (13/40) switched to FINISHING
03/09/2013 09:30:37:	Count Words (1/40) switched to FINISHING
03/09/2013 09:30:37:	Count Words (32/40) switched to FINISHED
03/09/2013 09:30:37:	Word Counts (13/40) switched to FINISHING
03/09/2013 09:30:37:	Word Counts (13/40) switched to FINISHED
03/09/2013 09:30:37:	Word Counts (1/40) switched to FINISHING
03/09/2013 09:30:37:	Word Counts (1/40) switched to FINISHED
03/09/2013 09:30:37:	Count Words (27/40) switched to FINISHING
03/09/2013 09:30:37:	Word Counts (27/40) switched to FINISHING
03/09/2013 09:30:37:	Count Words (31/40) switched to FINISHING
03/09/2013 09:30:37:	Count Words (13/40) switched to FINISHED
03/09/2013 09:30:37:	Word Counts (27/40) switched to FINISHED
03/09/2013 09:30:37:	Word Counts (31/40) switched to FINISHING
03/09/2013 09:30:37:	Count Words (1/40) switched to FINISHED
03/09/2013 09:30:37:	Count Words (3/40) switched to FINISHING
03/09/2013 09:30:37:	Word Counts (31/40) switched to FINISHED
03/09/2013 09:30:37:	Count Words (33/40) switched to FINISHING
03/09/2013 09:30:37:	Word Counts (3/40) switched to FINISHING
03/09/2013 09:30:37:	Word Counts (3/40) switched to FINISHED
03/09/2013 09:30:37:	Word Counts (33/40) switched to FINISHING
03/09/2013 09:30:37:	Count Words (2/40) switched to FINISHING
03/09/2013 09:30:37:	Word Counts (33/40) switched to FINISHED
03/09/2013 09:30:37:	Count Words (27/40) switched to FINISHED
03/09/2013 09:30:37:	Word Counts (2/40) switched to FINISHING
03/09/2013 09:30:37:	Word Counts (2/40) switched to FINISHED
03/09/2013 09:30:37:	Count Words (31/40) switched to FINISHED
03/09/2013 09:30:37:	Count Words (12/40) switched to FINISHING
03/09/2013 09:30:37:	Count Words (3/40) switched to FINISHED
03/09/2013 09:30:37:	Count Words (29/40) switched to FINISHING
03/09/2013 09:30:37:	Word Counts (12/40) switched to FINISHING
03/09/2013 09:30:37:	Word Counts (29/40) switched to FINISHING
03/09/2013 09:30:37:	Count Words (33/40) switched to FINISHED
03/09/2013 09:30:37:	Word Counts (29/40) switched to FINISHED
03/09/2013 09:30:37:	Word Counts (12/40) switched to FINISHED
03/09/2013 09:30:37:	Count Words (2/40) switched to FINISHED
03/09/2013 09:30:38:	Count Words (28/40) switched to FINISHING
03/09/2013 09:30:38:	Word Counts (28/40) switched to FINISHING
03/09/2013 09:30:38:	Count Words (29/40) switched to FINISHED
03/09/2013 09:30:38:	Word Counts (28/40) switched to FINISHED
03/09/2013 09:30:38:	Count Words (12/40) switched to FINISHED
03/09/2013 09:30:38:	Count Words (18/40) switched to FINISHING
03/09/2013 09:30:38:	Count Words (28/40) switched to FINISHED
03/09/2013 09:30:38:	Word Counts (18/40) switched to FINISHING
03/09/2013 09:30:38:	Count Words (30/40) switched to FINISHING
03/09/2013 09:30:38:	Word Counts (18/40) switched to FINISHED
03/09/2013 09:30:38:	Word Counts (30/40) switched to FINISHING
03/09/2013 09:30:38:	Count Words (24/40) switched to FINISHING
03/09/2013 09:30:38:	Word Counts (30/40) switched to FINISHED
03/09/2013 09:30:38:	Word Counts (24/40) switched to FINISHING
03/09/2013 09:30:38:	Word Counts (24/40) switched to FINISHED
03/09/2013 09:30:38:	Count Words (22/40) switched to FINISHING
03/09/2013 09:30:38:	Word Counts (22/40) switched to FINISHING
03/09/2013 09:30:38:	Count Words (18/40) switched to FINISHED
03/09/2013 09:30:38:	Word Counts (22/40) switched to FINISHED
03/09/2013 09:30:38:	Count Words (30/40) switched to FINISHED
03/09/2013 09:30:38:	Count Words (23/40) switched to FINISHING
03/09/2013 09:30:38:	Count Words (24/40) switched to FINISHED
03/09/2013 09:30:38:	Count Words (14/40) switched to FINISHING
03/09/2013 09:30:38:	Word Counts (23/40) switched to FINISHING
03/09/2013 09:30:38:	Word Counts (23/40) switched to FINISHED
03/09/2013 09:30:38:	Word Counts (14/40) switched to FINISHING
03/09/2013 09:30:38:	Word Counts (14/40) switched to FINISHED
03/09/2013 09:30:38:	Count Words (22/40) switched to FINISHED
03/09/2013 09:30:38:	Count Words (23/40) switched to FINISHED
03/09/2013 09:30:38:	Count Words (14/40) switched to FINISHED
03/09/2013 09:30:38:	Count Words (11/40) switched to FINISHING
03/09/2013 09:30:38:	Count Words (4/40) switched to FINISHING
03/09/2013 09:30:38:	Word Counts (11/40) switched to FINISHING
03/09/2013 09:30:38:	Word Counts (4/40) switched to FINISHING
03/09/2013 09:30:38:	Word Counts (11/40) switched to FINISHED
03/09/2013 09:30:38:	Word Counts (4/40) switched to FINISHED
03/09/2013 09:30:38:	Count Words (19/40) switched to FINISHING
03/09/2013 09:30:38:	Word Counts (19/40) switched to FINISHING
03/09/2013 09:30:38:	Word Counts (19/40) switched to FINISHED
03/09/2013 09:30:38:	Count Words (4/40) switched to FINISHED
03/09/2013 09:30:38:	Count Words (11/40) switched to FINISHED
03/09/2013 09:30:38:	Count Words (19/40) switched to FINISHED
03/09/2013 09:30:38:	Count Words (26/40) switched to FINISHING
03/09/2013 09:30:38:	Word Counts (26/40) switched to FINISHING
03/09/2013 09:30:38:	Word Counts (26/40) switched to FINISHED
03/09/2013 09:30:38:	Count Words (26/40) switched to FINISHED
03/09/2013 09:30:38:	Count Words (37/40) switched to FINISHING
03/09/2013 09:30:38:	Word Counts (37/40) switched to FINISHING
03/09/2013 09:30:38:	Word Counts (37/40) switched to FINISHED
03/09/2013 09:30:38:	Count Words (37/40) switched to FINISHED
03/09/2013 09:30:39:	Count Words (16/40) switched to FINISHING
03/09/2013 09:30:39:	Word Counts (16/40) switched to FINISHING
03/09/2013 09:30:39:	Word Counts (16/40) switched to FINISHED
03/09/2013 09:30:39:	Count Words (21/40) switched to FINISHING
03/09/2013 09:30:39:	Word Counts (21/40) switched to FINISHING
03/09/2013 09:30:39:	Word Counts (21/40) switched to FINISHED
03/09/2013 09:30:39:	Count Words (16/40) switched to FINISHED
03/09/2013 09:30:39:	Count Words (21/40) switched to FINISHED
03/09/2013 09:30:39:	Count Words (25/40) switched to FINISHING
03/09/2013 09:30:39:	Word Counts (25/40) switched to FINISHING
03/09/2013 09:30:39:	Word Counts (25/40) switched to FINISHED
03/09/2013 09:30:39:	Count Words (25/40) switched to FINISHED
03/09/2013 09:30:39:	Count Words (20/40) switched to FINISHING
03/09/2013 09:30:39:	Input Lines (18/40) switched to FINISHED
03/09/2013 09:30:39:	Input Lines (5/40) switched to FINISHED
03/09/2013 09:30:39:	Input Lines (3/40) switched to FINISHED
03/09/2013 09:30:39:	Input Lines (7/40) switched to FINISHED
03/09/2013 09:30:39:	Input Lines (29/40) switched to FINISHED
03/09/2013 09:30:39:	Input Lines (25/40) switched to FINISHED
03/09/2013 09:30:39:	Input Lines (2/40) switched to FINISHED
03/09/2013 09:30:39:	Input Lines (21/40) switched to FINISHED
03/09/2013 09:30:39:	Word Counts (20/40) switched to FINISHING
03/09/2013 09:30:39:	Input Lines (4/40) switched to FINISHED
03/09/2013 09:30:39:	Word Counts (20/40) switched to FINISHED
03/09/2013 09:30:39:	Input Lines (10/40) switched to FINISHED
03/09/2013 09:30:39:	Input Lines (1/40) switched to FINISHED
03/09/2013 09:30:39:	Input Lines (8/40) switched to FINISHED
03/09/2013 09:30:39:	Input Lines (11/40) switched to FINISHED
03/09/2013 09:30:39:	Input Lines (31/40) switched to FINISHED
03/09/2013 09:30:39:	Input Lines (13/40) switched to FINISHED
03/09/2013 09:30:39:	Input Lines (16/40) switched to FINISHED
03/09/2013 09:30:39:	Input Lines (34/40) switched to FINISHED
03/09/2013 09:30:39:	Input Lines (36/40) switched to FINISHED
03/09/2013 09:30:39:	Input Lines (9/40) switched to FINISHED
03/09/2013 09:30:39:	Input Lines (35/40) switched to FINISHED
03/09/2013 09:30:39:	Input Lines (20/40) switched to FINISHED
03/09/2013 09:30:39:	Input Lines (33/40) switched to FINISHED
03/09/2013 09:30:39:	Input Lines (37/40) switched to FINISHED
03/09/2013 09:30:39:	Input Lines (24/40) switched to FINISHED
03/09/2013 09:30:39:	Input Lines (17/40) switched to FINISHED
03/09/2013 09:30:39:	Input Lines (38/40) switched to FINISHED
03/09/2013 09:30:39:	Input Lines (15/40) switched to FINISHED
03/09/2013 09:30:39:	Input Lines (30/40) switched to FINISHED
03/09/2013 09:30:39:	Input Lines (22/40) switched to FINISHED
03/09/2013 09:30:39:	Input Lines (28/40) switched to FINISHED
03/09/2013 09:30:39:	Input Lines (26/40) switched to FINISHED
03/09/2013 09:30:39:	Input Lines (12/40) switched to FINISHED
03/09/2013 09:30:39:	Input Lines (40/40) switched to FINISHED
03/09/2013 09:30:39:	Input Lines (32/40) switched to FINISHED
03/09/2013 09:30:39:	Input Lines (19/40) switched to FINISHED
03/09/2013 09:30:39:	Input Lines (27/40) switched to FINISHED
03/09/2013 09:30:39:	Input Lines (23/40) switched to FINISHED
03/09/2013 09:30:39:	Input Lines (6/40) switched to FINISHED
03/09/2013 09:30:39:	Input Lines (14/40) switched to FINISHED
03/09/2013 09:30:39:	Input Lines (39/40) switched to FINISHED
03/09/2013 09:30:39:	Job execution switched to status FINISHED
Job duration (in ms): 200409
Job successfully submitted
