13/04/27 04:29:09 INFO util.NativeCodeLoader: Loaded the native-hadoop library
13/04/27 04:29:09 WARN snappy.LoadSnappy: Snappy native library not loaded
13/04/27 04:29:09 INFO mapred.FileInputFormat: Total input paths to process : 1
13/04/27 04:29:10 INFO mapred.JobClient: Running job: job_201304270407_0005
13/04/27 04:29:11 INFO mapred.JobClient:  map 0% reduce 0%
13/04/27 04:29:27 INFO mapred.JobClient:  map 52% reduce 0%
13/04/27 04:29:30 INFO mapred.JobClient:  map 55% reduce 0%
13/04/27 04:29:33 INFO mapred.JobClient:  map 56% reduce 0%
13/04/27 04:29:36 INFO mapred.JobClient:  map 68% reduce 0%
13/04/27 04:29:39 INFO mapred.JobClient:  map 73% reduce 0%
13/04/27 04:29:42 INFO mapred.JobClient:  map 74% reduce 0%
13/04/27 04:29:45 INFO mapred.JobClient:  map 84% reduce 0%
13/04/27 04:29:48 INFO mapred.JobClient:  map 91% reduce 0%
13/04/27 04:29:50 INFO mapred.JobClient:  map 91% reduce 1%
13/04/27 04:29:51 INFO mapred.JobClient:  map 92% reduce 1%
13/04/27 04:29:53 INFO mapred.JobClient:  map 92% reduce 2%
13/04/27 04:29:54 INFO mapred.JobClient:  map 97% reduce 3%
13/04/27 04:29:57 INFO mapred.JobClient:  map 100% reduce 4%
13/04/27 04:29:59 INFO mapred.JobClient:  map 100% reduce 5%
13/04/27 04:30:02 INFO mapred.JobClient:  map 100% reduce 6%
13/04/27 04:30:03 INFO mapred.JobClient:  map 100% reduce 7%
13/04/27 04:30:05 INFO mapred.JobClient:  map 100% reduce 8%
13/04/27 04:30:07 INFO mapred.JobClient:  map 100% reduce 9%
13/04/27 04:30:09 INFO mapred.JobClient:  map 100% reduce 10%
13/04/27 04:30:11 INFO mapred.JobClient:  map 100% reduce 11%
13/04/27 04:30:13 INFO mapred.JobClient:  map 100% reduce 12%
13/04/27 04:30:15 INFO mapred.JobClient:  map 100% reduce 13%
13/04/27 04:30:16 INFO mapred.JobClient:  map 100% reduce 15%
13/04/27 04:30:17 INFO mapred.JobClient:  map 100% reduce 16%
13/04/27 04:30:18 INFO mapred.JobClient:  map 100% reduce 21%
13/04/27 04:30:19 INFO mapred.JobClient:  map 100% reduce 30%
13/04/27 04:30:20 INFO mapred.JobClient:  map 100% reduce 32%
13/04/27 04:30:21 INFO mapred.JobClient:  map 100% reduce 42%
13/04/27 04:30:22 INFO mapred.JobClient:  map 100% reduce 57%
13/04/27 04:30:23 INFO mapred.JobClient:  map 100% reduce 63%
13/04/27 04:30:24 INFO mapred.JobClient:  map 100% reduce 65%
13/04/27 04:30:25 INFO mapred.JobClient:  map 100% reduce 71%
13/04/27 04:30:26 INFO mapred.JobClient:  map 100% reduce 73%
13/04/27 04:30:27 INFO mapred.JobClient:  map 100% reduce 74%
13/04/27 04:30:28 INFO mapred.JobClient:  map 100% reduce 75%
13/04/27 04:30:31 INFO mapred.JobClient:  map 100% reduce 76%
13/04/27 04:30:33 INFO mapred.JobClient:  map 100% reduce 77%
13/04/27 04:30:34 INFO mapred.JobClient:  map 100% reduce 78%
13/04/27 04:30:35 INFO mapred.JobClient:  map 100% reduce 79%
13/04/27 04:30:37 INFO mapred.JobClient:  map 100% reduce 80%
13/04/27 04:30:39 INFO mapred.JobClient:  map 100% reduce 81%
13/04/27 04:30:40 INFO mapred.JobClient:  map 100% reduce 82%
13/04/27 04:30:42 INFO mapred.JobClient:  map 100% reduce 83%
13/04/27 04:30:43 INFO mapred.JobClient:  map 100% reduce 84%
13/04/27 04:30:44 INFO mapred.JobClient:  map 100% reduce 85%
13/04/27 04:30:46 INFO mapred.JobClient:  map 100% reduce 86%
13/04/27 04:30:47 INFO mapred.JobClient:  map 100% reduce 87%
13/04/27 04:30:49 INFO mapred.JobClient:  map 100% reduce 89%
13/04/27 04:30:51 INFO mapred.JobClient:  map 100% reduce 90%
13/04/27 04:30:52 INFO mapred.JobClient:  map 100% reduce 91%
13/04/27 04:30:53 INFO mapred.JobClient:  map 100% reduce 92%
13/04/27 04:30:54 INFO mapred.JobClient:  map 100% reduce 93%
13/04/27 04:30:56 INFO mapred.JobClient:  map 100% reduce 94%
13/04/27 04:30:58 INFO mapred.JobClient:  map 100% reduce 95%
13/04/27 04:30:59 INFO mapred.JobClient:  map 100% reduce 96%
13/04/27 04:31:02 INFO mapred.JobClient:  map 100% reduce 97%
13/04/27 04:31:05 INFO mapred.JobClient:  map 100% reduce 98%
13/04/27 04:31:30 INFO mapred.JobClient:  map 100% reduce 99%
13/04/27 04:32:49 INFO mapred.JobClient:  map 100% reduce 100%
13/04/27 04:32:54 INFO mapred.JobClient: Job complete: job_201304270407_0005
13/04/27 04:32:54 INFO mapred.JobClient: Counters: 30
13/04/27 04:32:54 INFO mapred.JobClient:   Job Counters 
13/04/27 04:32:54 INFO mapred.JobClient:     Launched reduce tasks=80
13/04/27 04:32:54 INFO mapred.JobClient:     SLOTS_MILLIS_MAPS=131930
13/04/27 04:32:54 INFO mapred.JobClient:     Total time spent by all reduces waiting after reserving slots (ms)=0
13/04/27 04:32:54 INFO mapred.JobClient:     Total time spent by all maps waiting after reserving slots (ms)=0
13/04/27 04:32:54 INFO mapred.JobClient:     Launched map tasks=3
13/04/27 04:32:54 INFO mapred.JobClient:     Data-local map tasks=3
13/04/27 04:32:54 INFO mapred.JobClient:     SLOTS_MILLIS_REDUCES=5504418
13/04/27 04:32:54 INFO mapred.JobClient:   File Input Format Counters 
13/04/27 04:32:54 INFO mapred.JobClient:     Bytes Read=310108633
13/04/27 04:32:54 INFO mapred.JobClient:   File Output Format Counters 
13/04/27 04:32:54 INFO mapred.JobClient:     Bytes Written=21493696020
13/04/27 04:32:54 INFO mapred.JobClient:   FileSystemCounters
13/04/27 04:32:54 INFO mapred.JobClient:     FILE_BYTES_READ=618515356
13/04/27 04:32:54 INFO mapred.JobClient:     HDFS_BYTES_READ=310109068
13/04/27 04:32:54 INFO mapred.JobClient:     FILE_BYTES_WRITTEN=670977950
13/04/27 04:32:54 INFO mapred.JobClient:     HDFS_BYTES_WRITTEN=21493696020
13/04/27 04:32:54 INFO mapred.JobClient:   Map-Reduce Framework
13/04/27 04:32:54 INFO mapred.JobClient:     Map output materialized bytes=223021080
13/04/27 04:32:54 INFO mapred.JobClient:     Map input records=22301964
13/04/27 04:32:54 INFO mapred.JobClient:     Reduce shuffle bytes=138218374
13/04/27 04:32:54 INFO mapred.JobClient:     Spilled Records=66905892
13/04/27 04:32:54 INFO mapred.JobClient:     Map output bytes=178415712
13/04/27 04:32:54 INFO mapred.JobClient:     Total committed heap usage (bytes)=128159055872
13/04/27 04:32:54 INFO mapred.JobClient:     CPU time spent (ms)=2301910
13/04/27 04:32:54 INFO mapred.JobClient:     Map input bytes=309060055
13/04/27 04:32:54 INFO mapred.JobClient:     SPLIT_RAW_BYTES=435
13/04/27 04:32:54 INFO mapred.JobClient:     Combine input records=0
13/04/27 04:32:54 INFO mapred.JobClient:     Reduce input records=22301964
13/04/27 04:32:54 INFO mapred.JobClient:     Reduce input groups=1151281
13/04/27 04:32:54 INFO mapred.JobClient:     Combine output records=0
13/04/27 04:32:54 INFO mapred.JobClient:     Physical memory (bytes) snapshot=37198958592
13/04/27 04:32:54 INFO mapred.JobClient:     Reduce output records=1064043912
13/04/27 04:32:54 INFO mapred.JobClient:     Virtual memory (bytes) snapshot=209853390848
13/04/27 04:32:54 INFO mapred.JobClient:     Map output records=22301964
13/04/27 04:32:54 INFO mapred.FileInputFormat: Total input paths to process : 1
13/04/27 04:32:54 INFO mapred.FileInputFormat: Total input paths to process : 80
13/04/27 04:32:55 INFO mapred.JobClient: Running job: job_201304270407_0006
13/04/27 04:32:56 INFO mapred.JobClient:  map 0% reduce 0%
13/04/27 04:33:12 INFO mapred.JobClient:  map 1% reduce 0%
13/04/27 04:33:14 INFO mapred.JobClient:  map 4% reduce 0%
13/04/27 04:33:15 INFO mapred.JobClient:  map 6% reduce 0%
13/04/27 04:33:17 INFO mapred.JobClient:  map 8% reduce 0%
13/04/27 04:33:18 INFO mapred.JobClient:  map 10% reduce 0%
13/04/27 04:33:20 INFO mapred.JobClient:  map 12% reduce 0%
13/04/27 04:33:21 INFO mapred.JobClient:  map 14% reduce 0%
13/04/27 04:33:23 INFO mapred.JobClient:  map 16% reduce 0%
13/04/27 04:33:24 INFO mapred.JobClient:  map 17% reduce 0%
13/04/27 04:33:26 INFO mapred.JobClient:  map 18% reduce 0%
13/04/27 04:33:27 INFO mapred.JobClient:  map 19% reduce 0%
13/04/27 04:33:32 INFO mapred.JobClient:  map 20% reduce 0%
13/04/27 04:34:15 INFO mapred.JobClient:  map 21% reduce 0%
13/04/27 04:34:17 INFO mapred.JobClient:  map 22% reduce 0%
13/04/27 04:34:18 INFO mapred.JobClient:  map 23% reduce 0%
13/04/27 04:34:20 INFO mapred.JobClient:  map 24% reduce 0%
13/04/27 04:34:21 INFO mapred.JobClient:  map 26% reduce 0%
13/04/27 04:34:23 INFO mapred.JobClient:  map 27% reduce 0%
13/04/27 04:34:24 INFO mapred.JobClient:  map 29% reduce 0%
13/04/27 04:34:26 INFO mapred.JobClient:  map 30% reduce 0%
13/04/27 04:34:27 INFO mapred.JobClient:  map 31% reduce 0%
13/04/27 04:34:29 INFO mapred.JobClient:  map 33% reduce 0%
13/04/27 04:34:32 INFO mapred.JobClient:  map 34% reduce 0%
13/04/27 04:34:35 INFO mapred.JobClient:  map 35% reduce 0%
13/04/27 04:34:38 INFO mapred.JobClient:  map 36% reduce 0%
13/04/27 04:35:12 INFO mapred.JobClient:  map 37% reduce 0%
13/04/27 04:35:15 INFO mapred.JobClient:  map 38% reduce 0%
13/04/27 04:35:29 INFO mapred.JobClient:  map 39% reduce 0%
13/04/27 04:35:32 INFO mapred.JobClient:  map 40% reduce 0%
13/04/27 04:35:56 INFO mapred.JobClient:  map 41% reduce 0%
13/04/27 04:35:57 INFO mapred.JobClient:  map 42% reduce 0%
13/04/27 04:35:59 INFO mapred.JobClient:  map 44% reduce 0%
13/04/27 04:36:00 INFO mapred.JobClient:  map 46% reduce 0%
13/04/27 04:36:02 INFO mapred.JobClient:  map 47% reduce 1%
13/04/27 04:36:03 INFO mapred.JobClient:  map 50% reduce 1%
13/04/27 04:36:05 INFO mapred.JobClient:  map 51% reduce 2%
13/04/27 04:36:06 INFO mapred.JobClient:  map 52% reduce 2%
13/04/27 04:36:08 INFO mapred.JobClient:  map 52% reduce 3%
13/04/27 04:36:11 INFO mapred.JobClient:  map 52% reduce 4%
13/04/27 04:36:14 INFO mapred.JobClient:  map 52% reduce 5%
13/04/27 04:36:17 INFO mapred.JobClient:  map 54% reduce 7%
13/04/27 04:36:18 INFO mapred.JobClient:  map 54% reduce 8%
13/04/27 04:36:20 INFO mapred.JobClient:  map 60% reduce 9%
13/04/27 04:36:21 INFO mapred.JobClient:  map 60% reduce 11%
13/04/27 04:36:23 INFO mapred.JobClient:  map 63% reduce 11%
13/04/27 04:36:24 INFO mapred.JobClient:  map 63% reduce 12%
13/04/27 04:36:26 INFO mapred.JobClient:  map 66% reduce 12%
13/04/27 04:36:29 INFO mapred.JobClient:  map 66% reduce 13%
13/04/27 04:36:30 INFO mapred.JobClient:  map 67% reduce 13%
13/04/27 04:36:33 INFO mapred.JobClient:  map 69% reduce 13%
13/04/27 04:36:35 INFO mapred.JobClient:  map 70% reduce 13%
13/04/27 04:36:36 INFO mapred.JobClient:  map 72% reduce 13%
13/04/27 04:36:38 INFO mapred.JobClient:  map 73% reduce 13%
13/04/27 04:36:39 INFO mapred.JobClient:  map 74% reduce 13%
13/04/27 04:36:41 INFO mapred.JobClient:  map 75% reduce 13%
13/04/27 04:36:50 INFO mapred.JobClient:  map 76% reduce 13%
13/04/27 04:36:53 INFO mapred.JobClient:  map 77% reduce 13%
13/04/27 04:36:54 INFO mapred.JobClient:  map 78% reduce 13%
13/04/27 04:37:03 INFO mapred.JobClient:  map 79% reduce 13%
13/04/27 04:37:09 INFO mapred.JobClient:  map 80% reduce 13%
13/04/27 04:37:17 INFO mapred.JobClient:  map 81% reduce 14%
13/04/27 04:37:20 INFO mapred.JobClient:  map 82% reduce 14%
13/04/27 04:37:23 INFO mapred.JobClient:  map 86% reduce 15%
13/04/27 04:37:26 INFO mapred.JobClient:  map 88% reduce 15%
13/04/27 04:37:27 INFO mapred.JobClient:  map 88% reduce 16%
13/04/27 04:37:29 INFO mapred.JobClient:  map 89% reduce 16%
13/04/27 04:37:32 INFO mapred.JobClient:  map 91% reduce 17%
13/04/27 04:37:33 INFO mapred.JobClient:  map 92% reduce 17%
13/04/27 04:37:35 INFO mapred.JobClient:  map 93% reduce 17%
13/04/27 04:37:38 INFO mapred.JobClient:  map 94% reduce 18%
13/04/27 04:37:43 INFO mapred.JobClient:  map 95% reduce 18%
13/04/27 04:37:46 INFO mapred.JobClient:  map 96% reduce 18%
13/04/27 04:37:48 INFO mapred.JobClient:  map 97% reduce 19%
13/04/27 04:37:49 INFO mapred.JobClient:  map 99% reduce 19%
13/04/27 04:37:51 INFO mapred.JobClient:  map 99% reduce 20%
13/04/27 04:37:52 INFO mapred.JobClient:  map 99% reduce 21%
13/04/27 04:37:54 INFO mapred.JobClient:  map 99% reduce 23%
13/04/27 04:37:55 INFO mapred.JobClient:  map 99% reduce 24%
13/04/27 04:37:57 INFO mapred.JobClient:  map 99% reduce 25%
13/04/27 04:37:58 INFO mapred.JobClient:  map 99% reduce 26%
13/04/27 04:38:12 INFO mapred.JobClient:  map 99% reduce 27%
13/04/27 04:38:15 INFO mapred.JobClient:  map 99% reduce 28%
13/04/27 04:38:16 INFO mapred.JobClient:  map 99% reduce 29%
13/04/27 04:38:21 INFO mapred.JobClient:  map 99% reduce 30%
13/04/27 04:38:25 INFO mapred.JobClient:  map 99% reduce 31%
13/04/27 04:38:31 INFO mapred.JobClient:  map 99% reduce 32%
13/04/27 04:38:34 INFO mapred.JobClient:  map 100% reduce 32%
13/04/27 04:38:40 INFO mapred.JobClient:  map 100% reduce 33%
13/04/27 04:39:24 INFO mapred.JobClient:  map 100% reduce 40%
13/04/27 04:39:25 INFO mapred.JobClient:  map 100% reduce 46%
13/04/27 04:39:27 INFO mapred.JobClient:  map 100% reduce 62%
13/04/27 04:39:28 INFO mapred.JobClient:  map 100% reduce 73%
13/04/27 04:39:30 INFO mapred.JobClient:  map 100% reduce 79%
13/04/27 04:39:31 INFO mapred.JobClient:  map 100% reduce 83%
13/04/27 04:39:33 INFO mapred.JobClient:  map 100% reduce 88%
13/04/27 04:39:34 INFO mapred.JobClient:  map 100% reduce 91%
13/04/27 04:39:36 INFO mapred.JobClient:  map 100% reduce 97%
13/04/27 04:39:37 INFO mapred.JobClient:  map 100% reduce 99%
13/04/27 04:39:40 INFO mapred.JobClient:  map 100% reduce 100%
13/04/27 04:39:45 INFO mapred.JobClient: Job complete: job_201304270407_0006
13/04/27 04:39:45 INFO mapred.JobClient: Counters: 31
13/04/27 04:39:45 INFO mapred.JobClient:   Job Counters 
13/04/27 04:39:45 INFO mapred.JobClient:     Launched reduce tasks=80
13/04/27 04:39:45 INFO mapred.JobClient:     SLOTS_MILLIS_MAPS=23185413
13/04/27 04:39:45 INFO mapred.JobClient:     Total time spent by all reduces waiting after reserving slots (ms)=0
13/04/27 04:39:45 INFO mapred.JobClient:     Total time spent by all maps waiting after reserving slots (ms)=0
13/04/27 04:39:45 INFO mapred.JobClient:     Rack-local map tasks=3
13/04/27 04:39:45 INFO mapred.JobClient:     Launched map tasks=199
13/04/27 04:39:45 INFO mapred.JobClient:     Data-local map tasks=196
13/04/27 04:39:45 INFO mapred.JobClient:     SLOTS_MILLIS_REDUCES=16956540
13/04/27 04:39:45 INFO mapred.JobClient:   File Input Format Counters 
13/04/27 04:39:45 INFO mapred.JobClient:     Bytes Read=0
13/04/27 04:39:45 INFO mapred.JobClient:   File Output Format Counters 
13/04/27 04:39:45 INFO mapred.JobClient:     Bytes Written=669859806
13/04/27 04:39:45 INFO mapred.JobClient:   FileSystemCounters
13/04/27 04:39:45 INFO mapred.JobClient:     FILE_BYTES_READ=53964899116
13/04/27 04:39:45 INFO mapred.JobClient:     HDFS_BYTES_READ=21804008516
13/04/27 04:39:45 INFO mapred.JobClient:     FILE_BYTES_WRITTEN=58307926542
13/04/27 04:39:45 INFO mapred.JobClient:     HDFS_BYTES_WRITTEN=669859806
13/04/27 04:39:45 INFO mapred.JobClient:   Map-Reduce Framework
13/04/27 04:39:45 INFO mapred.JobClient:     Map output materialized bytes=19554321288
13/04/27 04:39:45 INFO mapred.JobClient:     Map input records=1086345876
13/04/27 04:39:45 INFO mapred.JobClient:     Reduce shuffle bytes=19483680786
13/04/27 04:39:45 INFO mapred.JobClient:     Spilled Records=3238919696
13/04/27 04:39:45 INFO mapred.JobClient:     Map output bytes=17381534016
13/04/27 04:39:45 INFO mapred.JobClient:     Total committed heap usage (bytes)=424606105600
13/04/27 04:39:45 INFO mapred.JobClient:     CPU time spent (ms)=30254270
13/04/27 04:39:45 INFO mapred.JobClient:     Map input bytes=21802746315
13/04/27 04:39:45 INFO mapred.JobClient:     SPLIT_RAW_BYTES=57999
13/04/27 04:39:45 INFO mapred.JobClient:     Combine input records=0
13/04/27 04:39:45 INFO mapred.JobClient:     Reduce input records=947438041
13/04/27 04:39:45 INFO mapred.JobClient:     Reduce input groups=914880583
13/04/27 04:39:45 INFO mapred.JobClient:     Combine output records=0
13/04/27 04:39:45 INFO mapred.JobClient:     Physical memory (bytes) snapshot=387988082688
13/04/27 04:39:45 INFO mapred.JobClient:     Reduce output records=32557458
13/04/27 04:39:45 INFO mapred.JobClient:     Virtual memory (bytes) snapshot=700143955968
13/04/27 04:39:45 INFO mapred.JobClient:     Map output records=1086345876
