19:54:13,605 WARN  eu.stratosphere.nephele.configuration.GlobalConfiguration     - Cannot load configuration: unknown element plugins
19:54:13,645 INFO  eu.stratosphere.nephele.taskmanager.TaskManager               - Reading location of job manager from configuration
19:54:13,656 INFO  eu.stratosphere.nephele.taskmanager.TaskManager               - Determined address of job manager to be cloud-11.dima.tu-berlin.de/130.149.21.15:6002
19:54:13,666 INFO  eu.stratosphere.nephele.taskmanager.TaskManager               - Announcing connection information cloud-14 to job manager
19:54:13,732 INFO  eu.stratosphere.nephele.ipc.Server                            - IPC Server Responder: starting
19:54:13,732 INFO  eu.stratosphere.nephele.ipc.Server                            - IPC Server listener on 6122: starting
19:54:13,733 INFO  eu.stratosphere.nephele.ipc.Server                            - IPC Server handler 0 on 6122: starting
19:54:14,838 INFO  eu.stratosphere.nephele.taskmanager.bufferprovider.GlobalBufferPool  - Initialized global buffer pool with 32768 buffers with a size 32768 bytes each
19:54:14,857 INFO  eu.stratosphere.nephele.taskmanager.bytebuffered.ByteBufferedChannelManager  - Initialized byte buffered channel manager with sender-side spilling disabled
19:54:14,867 INFO  eu.stratosphere.nephele.instance.HardwareDescriptionFactory   - Found Tenured Gen pool (max: 27678736384, used: 0)
19:54:14,867 INFO  eu.stratosphere.nephele.taskmanager.TaskManager               - Initializing memory manager with 22528 megabytes of memory
19:54:42,506 INFO  eu.stratosphere.nephele.execution.ExecutionStateTransition    - TM: ExecutionState set from STARTING to RUNNING for task Input Edges (14/40)
19:54:42,507 INFO  eu.stratosphere.nephele.execution.ExecutionStateTransition    - TM: ExecutionState set from STARTING to RUNNING for task Input Edges (11/40)
19:54:42,507 INFO  eu.stratosphere.nephele.execution.ExecutionStateTransition    - TM: ExecutionState set from STARTING to RUNNING for task Input Edges (10/40)
19:54:42,506 INFO  eu.stratosphere.nephele.execution.ExecutionStateTransition    - TM: ExecutionState set from STARTING to RUNNING for task Input Edges (15/40)
19:54:42,506 INFO  eu.stratosphere.nephele.execution.ExecutionStateTransition    - TM: ExecutionState set from STARTING to RUNNING for task Input Edges (16/40)
19:54:42,506 INFO  eu.stratosphere.nephele.execution.ExecutionStateTransition    - TM: ExecutionState set from STARTING to RUNNING for task Input Edges (13/40)
19:54:42,506 INFO  eu.stratosphere.nephele.execution.ExecutionStateTransition    - TM: ExecutionState set from STARTING to RUNNING for task Input Edges (9/40)
19:54:42,506 INFO  eu.stratosphere.nephele.execution.ExecutionStateTransition    - TM: ExecutionState set from STARTING to RUNNING for task Input Edges (12/40)
19:54:42,511 INFO  eu.stratosphere.pact.runtime.task.DataSourceTask              - Start PACT code: Input Edges (10/40)
19:54:42,509 INFO  eu.stratosphere.pact.runtime.task.DataSourceTask              - Start PACT code: Input Edges (14/40)
19:54:42,514 INFO  eu.stratosphere.pact.runtime.task.RegularPactTask             - Start PACT code: Canonize edges (10/40)
19:54:42,513 INFO  eu.stratosphere.pact.runtime.task.DataSourceTask              - Start PACT code: Input Edges (16/40)
19:54:42,514 INFO  eu.stratosphere.pact.runtime.task.RegularPactTask             - Start PACT code: Canonize edges (14/40)
19:54:42,515 INFO  eu.stratosphere.pact.runtime.task.DataSourceTask              - Start PACT code: Input Edges (15/40)
19:54:42,515 INFO  eu.stratosphere.pact.runtime.task.RegularPactTask             - Start PACT code: Canonize edges (16/40)
19:54:42,516 INFO  eu.stratosphere.pact.runtime.task.RegularPactTask             - Start PACT code: Canonize edges (15/40)
19:54:42,516 INFO  eu.stratosphere.pact.runtime.task.DataSourceTask              - Start PACT code: Input Edges (11/40)
19:54:42,517 INFO  eu.stratosphere.pact.runtime.task.RegularPactTask             - Start PACT code: Canonize edges (11/40)
19:54:42,518 INFO  eu.stratosphere.pact.runtime.task.DataSourceTask              - Start PACT code: Input Edges (12/40)
19:54:42,519 INFO  eu.stratosphere.pact.runtime.task.RegularPactTask             - Start PACT code: Canonize edges (12/40)
19:54:42,520 INFO  eu.stratosphere.pact.runtime.task.DataSourceTask              - Start PACT code: Input Edges (9/40)
19:54:42,520 INFO  eu.stratosphere.pact.runtime.task.RegularPactTask             - Start PACT code: Canonize edges (9/40)
19:54:42,521 INFO  eu.stratosphere.pact.runtime.task.DataSourceTask              - Start PACT code: Input Edges (13/40)
19:54:42,521 INFO  eu.stratosphere.pact.runtime.task.RegularPactTask             - Start PACT code: Canonize edges (13/40)
19:54:44,902 INFO  eu.stratosphere.nephele.execution.ExecutionStateTransition    - TM: ExecutionState set from STARTING to RUNNING for task Build Triads (16/40)
19:54:44,921 INFO  eu.stratosphere.pact.runtime.task.RegularPactTask             - Start PACT code.: Build Triads (16/40)
19:54:45,081 INFO  eu.stratosphere.nephele.execution.ExecutionStateTransition    - TM: ExecutionState set from STARTING to RUNNING for task Build Triads (11/40)
19:54:45,084 INFO  eu.stratosphere.pact.runtime.task.RegularPactTask             - Start PACT code.: Build Triads (11/40)
19:54:45,103 INFO  eu.stratosphere.nephele.execution.ExecutionStateTransition    - TM: ExecutionState set from STARTING to RUNNING for task Build Triads (10/40)
19:54:45,105 INFO  eu.stratosphere.pact.runtime.task.RegularPactTask             - Start PACT code.: Build Triads (10/40)
19:54:45,130 INFO  eu.stratosphere.nephele.execution.ExecutionStateTransition    - TM: ExecutionState set from STARTING to RUNNING for task Build Triads (15/40)
19:54:45,131 INFO  eu.stratosphere.pact.runtime.task.RegularPactTask             - Start PACT code.: Build Triads (15/40)
19:54:45,393 INFO  eu.stratosphere.nephele.execution.ExecutionStateTransition    - TM: ExecutionState set from STARTING to RUNNING for task Build Triads (9/40)
19:54:45,395 INFO  eu.stratosphere.pact.runtime.task.RegularPactTask             - Start PACT code.: Build Triads (9/40)
19:54:45,418 INFO  eu.stratosphere.nephele.execution.ExecutionStateTransition    - TM: ExecutionState set from STARTING to RUNNING for task Build Triads (12/40)
19:54:45,420 INFO  eu.stratosphere.pact.runtime.task.RegularPactTask             - Start PACT code.: Build Triads (12/40)
19:54:45,522 INFO  eu.stratosphere.nephele.execution.ExecutionStateTransition    - TM: ExecutionState set from STARTING to RUNNING for task Build Triads (13/40)
19:54:45,525 INFO  eu.stratosphere.pact.runtime.task.RegularPactTask             - Start PACT code.: Build Triads (13/40)
19:54:45,551 INFO  eu.stratosphere.nephele.execution.ExecutionStateTransition    - TM: ExecutionState set from STARTING to RUNNING for task Build Triads (14/40)
19:54:45,554 INFO  eu.stratosphere.pact.runtime.task.RegularPactTask             - Start PACT code.: Build Triads (14/40)
19:54:45,972 INFO  eu.stratosphere.nephele.execution.ExecutionStateTransition    - TM: ExecutionState set from STARTING to RUNNING for task Close Triads (12/40)
19:54:45,974 INFO  eu.stratosphere.pact.runtime.task.RegularPactTask             - Start PACT code.: Close Triads (12/40)
19:54:46,017 INFO  eu.stratosphere.nephele.execution.ExecutionStateTransition    - TM: ExecutionState set from STARTING to RUNNING for task Close Triads (13/40)
19:54:46,019 INFO  eu.stratosphere.pact.runtime.task.RegularPactTask             - Start PACT code.: Close Triads (13/40)
19:54:46,039 INFO  eu.stratosphere.nephele.execution.ExecutionStateTransition    - TM: ExecutionState set from STARTING to RUNNING for task Close Triads (11/40)
19:54:46,042 INFO  eu.stratosphere.pact.runtime.task.RegularPactTask             - Start PACT code.: Close Triads (11/40)
19:54:46,064 INFO  eu.stratosphere.nephele.execution.ExecutionStateTransition    - TM: ExecutionState set from STARTING to RUNNING for task Close Triads (14/40)
19:54:46,067 INFO  eu.stratosphere.pact.runtime.task.RegularPactTask             - Start PACT code.: Close Triads (14/40)
19:54:46,085 INFO  eu.stratosphere.nephele.execution.ExecutionStateTransition    - TM: ExecutionState set from STARTING to RUNNING for task Close Triads (16/40)
19:54:46,087 INFO  eu.stratosphere.pact.runtime.task.RegularPactTask             - Start PACT code.: Close Triads (16/40)
19:54:46,103 INFO  eu.stratosphere.nephele.execution.ExecutionStateTransition    - TM: ExecutionState set from STARTING to RUNNING for task Close Triads (10/40)
19:54:46,105 INFO  eu.stratosphere.pact.runtime.task.RegularPactTask             - Start PACT code.: Close Triads (10/40)
19:54:46,223 INFO  eu.stratosphere.nephele.execution.ExecutionStateTransition    - TM: ExecutionState set from STARTING to RUNNING for task Close Triads (15/40)
19:54:46,226 INFO  eu.stratosphere.pact.runtime.task.RegularPactTask             - Start PACT code.: Close Triads (15/40)
19:54:46,279 INFO  eu.stratosphere.nephele.execution.ExecutionStateTransition    - TM: ExecutionState set from STARTING to RUNNING for task Close Triads (9/40)
19:54:46,282 INFO  eu.stratosphere.pact.runtime.task.RegularPactTask             - Start PACT code.: Close Triads (9/40)
19:54:47,265 INFO  eu.stratosphere.pact.runtime.task.RegularPactTask             - Finished PACT code: Canonize edges (16/40)
19:54:47,266 INFO  eu.stratosphere.pact.runtime.task.DataSourceTask              - Finished PACT code: Input Edges (16/40)
19:54:47,266 INFO  eu.stratosphere.nephele.execution.ExecutionStateTransition    - TM: ExecutionState set from RUNNING to FINISHING for task Input Edges (16/40)
19:54:47,270 INFO  eu.stratosphere.pact.runtime.task.RegularPactTask             - Finished PACT code: Canonize edges (14/40)
19:54:47,270 INFO  eu.stratosphere.pact.runtime.task.DataSourceTask              - Finished PACT code: Input Edges (14/40)
19:54:47,270 INFO  eu.stratosphere.nephele.execution.ExecutionStateTransition    - TM: ExecutionState set from RUNNING to FINISHING for task Input Edges (14/40)
19:54:47,271 INFO  eu.stratosphere.pact.runtime.task.RegularPactTask             - Finished PACT code: Canonize edges (11/40)
19:54:47,271 INFO  eu.stratosphere.pact.runtime.task.DataSourceTask              - Finished PACT code: Input Edges (11/40)
19:54:47,272 INFO  eu.stratosphere.nephele.execution.ExecutionStateTransition    - TM: ExecutionState set from RUNNING to FINISHING for task Input Edges (11/40)
19:54:47,441 INFO  eu.stratosphere.pact.runtime.task.RegularPactTask             - Finished PACT code: Canonize edges (9/40)
19:54:47,441 INFO  eu.stratosphere.pact.runtime.task.DataSourceTask              - Finished PACT code: Input Edges (9/40)
19:54:47,442 INFO  eu.stratosphere.nephele.execution.ExecutionStateTransition    - TM: ExecutionState set from RUNNING to FINISHING for task Input Edges (9/40)
19:54:47,651 INFO  eu.stratosphere.pact.runtime.task.RegularPactTask             - Finished PACT code: Canonize edges (10/40)
19:54:47,651 INFO  eu.stratosphere.pact.runtime.task.DataSourceTask              - Finished PACT code: Input Edges (10/40)
19:54:47,652 INFO  eu.stratosphere.nephele.execution.ExecutionStateTransition    - TM: ExecutionState set from RUNNING to FINISHING for task Input Edges (10/40)
19:54:47,708 INFO  eu.stratosphere.pact.runtime.task.RegularPactTask             - Finished PACT code: Canonize edges (12/40)
19:54:47,708 INFO  eu.stratosphere.pact.runtime.task.DataSourceTask              - Finished PACT code: Input Edges (12/40)
19:54:47,709 INFO  eu.stratosphere.nephele.execution.ExecutionStateTransition    - TM: ExecutionState set from RUNNING to FINISHING for task Input Edges (12/40)
19:54:47,810 INFO  eu.stratosphere.pact.runtime.task.RegularPactTask             - Finished PACT code: Canonize edges (13/40)
19:54:47,810 INFO  eu.stratosphere.pact.runtime.task.DataSourceTask              - Finished PACT code: Input Edges (13/40)
19:54:47,810 INFO  eu.stratosphere.nephele.execution.ExecutionStateTransition    - TM: ExecutionState set from RUNNING to FINISHING for task Input Edges (13/40)
19:54:47,853 INFO  eu.stratosphere.pact.runtime.task.RegularPactTask             - Finished PACT code: Canonize edges (15/40)
19:54:47,853 INFO  eu.stratosphere.pact.runtime.task.DataSourceTask              - Finished PACT code: Input Edges (15/40)
19:54:47,853 INFO  eu.stratosphere.nephele.execution.ExecutionStateTransition    - TM: ExecutionState set from RUNNING to FINISHING for task Input Edges (15/40)
19:54:50,580 INFO  eu.stratosphere.nephele.execution.ExecutionStateTransition    - TM: ExecutionState set from STARTING to RUNNING for task Triangles (13/40)
19:54:50,582 INFO  eu.stratosphere.pact.runtime.task.DataSinkTask                - Start PACT code: Triangles (13/40)
19:54:50,588 INFO  eu.stratosphere.nephele.execution.ExecutionStateTransition    - TM: ExecutionState set from STARTING to RUNNING for task Triangles (11/40)
19:54:50,589 INFO  eu.stratosphere.pact.runtime.task.DataSinkTask                - Start PACT code: Triangles (11/40)
19:54:50,598 INFO  eu.stratosphere.nephele.execution.ExecutionStateTransition    - TM: ExecutionState set from STARTING to RUNNING for task Triangles (16/40)
19:54:50,601 INFO  eu.stratosphere.pact.runtime.task.DataSinkTask                - Start PACT code: Triangles (16/40)
19:54:50,608 INFO  eu.stratosphere.nephele.execution.ExecutionStateTransition    - TM: ExecutionState set from STARTING to RUNNING for task Triangles (10/40)
19:54:50,610 INFO  eu.stratosphere.pact.runtime.task.DataSinkTask                - Start PACT code: Triangles (10/40)
19:54:50,622 INFO  eu.stratosphere.nephele.execution.ExecutionStateTransition    - TM: ExecutionState set from STARTING to RUNNING for task Triangles (9/40)
19:54:50,625 INFO  eu.stratosphere.pact.runtime.task.DataSinkTask                - Start PACT code: Triangles (9/40)
19:54:50,645 INFO  eu.stratosphere.nephele.execution.ExecutionStateTransition    - TM: ExecutionState set from STARTING to RUNNING for task Triangles (12/40)
19:54:50,647 INFO  eu.stratosphere.pact.runtime.task.DataSinkTask                - Start PACT code: Triangles (12/40)
19:54:50,658 INFO  eu.stratosphere.nephele.execution.ExecutionStateTransition    - TM: ExecutionState set from STARTING to RUNNING for task Triangles (15/40)
19:54:50,660 INFO  eu.stratosphere.pact.runtime.task.DataSinkTask                - Start PACT code: Triangles (15/40)
19:54:50,669 INFO  eu.stratosphere.nephele.execution.ExecutionStateTransition    - TM: ExecutionState set from STARTING to RUNNING for task Triangles (14/40)
19:54:50,671 INFO  eu.stratosphere.pact.runtime.task.DataSinkTask                - Start PACT code: Triangles (14/40)
19:55:19,972 INFO  eu.stratosphere.pact.runtime.task.RegularPactTask             - Finished PACT code.: Build Triads (13/40)
19:55:19,973 INFO  eu.stratosphere.nephele.execution.ExecutionStateTransition    - TM: ExecutionState set from RUNNING to FINISHING for task Build Triads (13/40)
19:55:20,587 INFO  eu.stratosphere.pact.runtime.task.RegularPactTask             - Finished PACT code.: Build Triads (10/40)
19:55:20,587 INFO  eu.stratosphere.nephele.execution.ExecutionStateTransition    - TM: ExecutionState set from RUNNING to FINISHING for task Build Triads (10/40)
19:55:21,085 INFO  eu.stratosphere.pact.runtime.task.RegularPactTask             - Finished PACT code.: Build Triads (11/40)
19:55:21,085 INFO  eu.stratosphere.nephele.execution.ExecutionStateTransition    - TM: ExecutionState set from RUNNING to FINISHING for task Build Triads (11/40)
19:55:21,889 INFO  eu.stratosphere.pact.runtime.task.RegularPactTask             - Finished PACT code.: Build Triads (9/40)
19:55:21,889 INFO  eu.stratosphere.nephele.execution.ExecutionStateTransition    - TM: ExecutionState set from RUNNING to FINISHING for task Build Triads (9/40)
19:55:23,077 INFO  eu.stratosphere.pact.runtime.task.RegularPactTask             - Finished PACT code.: Build Triads (12/40)
19:55:23,078 INFO  eu.stratosphere.nephele.execution.ExecutionStateTransition    - TM: ExecutionState set from RUNNING to FINISHING for task Build Triads (12/40)
19:55:23,884 INFO  eu.stratosphere.pact.runtime.task.RegularPactTask             - Finished PACT code.: Build Triads (16/40)
19:55:23,885 INFO  eu.stratosphere.nephele.execution.ExecutionStateTransition    - TM: ExecutionState set from RUNNING to FINISHING for task Build Triads (16/40)
19:55:24,389 INFO  eu.stratosphere.pact.runtime.task.RegularPactTask             - Finished PACT code.: Build Triads (15/40)
19:55:24,389 INFO  eu.stratosphere.nephele.execution.ExecutionStateTransition    - TM: ExecutionState set from RUNNING to FINISHING for task Build Triads (15/40)
19:55:34,533 INFO  eu.stratosphere.pact.runtime.task.RegularPactTask             - Finished PACT code.: Build Triads (14/40)
19:55:34,533 INFO  eu.stratosphere.nephele.execution.ExecutionStateTransition    - TM: ExecutionState set from RUNNING to FINISHING for task Build Triads (14/40)
