00:58:23,222 WARN  eu.stratosphere.nephele.configuration.GlobalConfiguration     - Cannot load configuration: unknown element plugins
00:58:23,259 INFO  eu.stratosphere.nephele.taskmanager.TaskManager               - Reading location of job manager from configuration
00:58:23,277 INFO  eu.stratosphere.nephele.taskmanager.TaskManager               - Determined address of job manager to be cloud-11.dima.tu-berlin.de/130.149.21.15:6002
00:58:23,294 INFO  eu.stratosphere.nephele.taskmanager.TaskManager               - Announcing connection information cloud-28 to job manager
00:58:23,359 INFO  eu.stratosphere.nephele.ipc.Server                            - IPC Server Responder: starting
00:58:23,359 INFO  eu.stratosphere.nephele.ipc.Server                            - IPC Server listener on 6122: starting
00:58:23,360 INFO  eu.stratosphere.nephele.ipc.Server                            - IPC Server handler 0 on 6122: starting
00:58:24,487 INFO  eu.stratosphere.nephele.taskmanager.bufferprovider.GlobalBufferPool  - Initialized global buffer pool with 32768 buffers with a size 32768 bytes each
00:58:24,512 INFO  eu.stratosphere.nephele.taskmanager.bytebuffered.ByteBufferedChannelManager  - Initialized byte buffered channel manager with sender-side spilling disabled
00:58:24,528 INFO  eu.stratosphere.nephele.instance.HardwareDescriptionFactory   - Found Tenured Gen pool (max: 24051843072, used: 0)
00:58:24,528 INFO  eu.stratosphere.nephele.taskmanager.TaskManager               - Initializing memory manager with 22528 megabytes of memory
00:58:56,610 INFO  eu.stratosphere.nephele.execution.ExecutionStateTransition    - TM: ExecutionState set from STARTING to RUNNING for task LineItems (84/200)
00:58:56,610 INFO  eu.stratosphere.nephele.execution.ExecutionStateTransition    - TM: ExecutionState set from STARTING to RUNNING for task Customers (81/200)
00:58:56,612 INFO  eu.stratosphere.nephele.execution.ExecutionStateTransition    - TM: ExecutionState set from STARTING to RUNNING for task Customers (87/200)
00:58:56,611 INFO  eu.stratosphere.nephele.execution.ExecutionStateTransition    - TM: ExecutionState set from STARTING to RUNNING for task Customers (86/200)
00:58:56,610 INFO  eu.stratosphere.nephele.execution.ExecutionStateTransition    - TM: ExecutionState set from STARTING to RUNNING for task LineItems (81/200)
00:58:56,610 INFO  eu.stratosphere.nephele.execution.ExecutionStateTransition    - TM: ExecutionState set from STARTING to RUNNING for task LineItems (85/200)
00:58:56,610 INFO  eu.stratosphere.nephele.execution.ExecutionStateTransition    - TM: ExecutionState set from STARTING to RUNNING for task LineItems (82/200)
00:58:56,610 INFO  eu.stratosphere.nephele.execution.ExecutionStateTransition    - TM: ExecutionState set from STARTING to RUNNING for task Customers (83/200)
00:58:56,610 INFO  eu.stratosphere.nephele.execution.ExecutionStateTransition    - TM: ExecutionState set from STARTING to RUNNING for task LineItems (86/200)
00:58:56,610 INFO  eu.stratosphere.nephele.execution.ExecutionStateTransition    - TM: ExecutionState set from STARTING to RUNNING for task LineItems (88/200)
00:58:56,610 INFO  eu.stratosphere.nephele.execution.ExecutionStateTransition    - TM: ExecutionState set from STARTING to RUNNING for task LineItems (87/200)
00:58:56,610 INFO  eu.stratosphere.nephele.execution.ExecutionStateTransition    - TM: ExecutionState set from STARTING to RUNNING for task Customers (82/200)
00:58:56,610 INFO  eu.stratosphere.nephele.execution.ExecutionStateTransition    - TM: ExecutionState set from STARTING to RUNNING for task LineItems (83/200)
00:58:56,610 INFO  eu.stratosphere.nephele.execution.ExecutionStateTransition    - TM: ExecutionState set from STARTING to RUNNING for task Customers (84/200)
00:58:56,610 INFO  eu.stratosphere.nephele.execution.ExecutionStateTransition    - TM: ExecutionState set from STARTING to RUNNING for task Customers (85/200)
00:58:56,622 INFO  eu.stratosphere.pact.runtime.task.DataSourceTask              - Start PACT code: LineItems (87/200)
00:58:56,620 INFO  eu.stratosphere.pact.runtime.task.DataSourceTask              - Start PACT code: Customers (81/200)
00:58:56,619 INFO  eu.stratosphere.pact.runtime.task.DataSourceTask              - Start PACT code: Customers (87/200)
00:58:56,617 INFO  eu.stratosphere.pact.runtime.task.DataSourceTask              - Start PACT code: Customers (86/200)
00:58:56,625 INFO  eu.stratosphere.pact.runtime.task.DataSourceTask              - Start PACT code: LineItems (86/200)
00:58:56,616 INFO  eu.stratosphere.nephele.execution.ExecutionStateTransition    - TM: ExecutionState set from STARTING to RUNNING for task Orders (88/200)
00:58:56,615 INFO  eu.stratosphere.pact.runtime.task.DataSourceTask              - Start PACT code: LineItems (84/200)
00:58:56,615 INFO  eu.stratosphere.nephele.execution.ExecutionStateTransition    - TM: ExecutionState set from STARTING to RUNNING for task Orders (86/200)
00:58:56,615 INFO  eu.stratosphere.nephele.execution.ExecutionStateTransition    - TM: ExecutionState set from STARTING to RUNNING for task Orders (87/200)
00:58:56,614 INFO  eu.stratosphere.nephele.execution.ExecutionStateTransition    - TM: ExecutionState set from STARTING to RUNNING for task Orders (84/200)
00:58:56,614 INFO  eu.stratosphere.nephele.execution.ExecutionStateTransition    - TM: ExecutionState set from STARTING to RUNNING for task Orders (85/200)
00:58:56,613 INFO  eu.stratosphere.nephele.execution.ExecutionStateTransition    - TM: ExecutionState set from STARTING to RUNNING for task Orders (83/200)
00:58:56,613 INFO  eu.stratosphere.nephele.execution.ExecutionStateTransition    - TM: ExecutionState set from STARTING to RUNNING for task Orders (82/200)
00:58:56,613 INFO  eu.stratosphere.nephele.execution.ExecutionStateTransition    - TM: ExecutionState set from STARTING to RUNNING for task Orders (81/200)
00:58:56,612 INFO  eu.stratosphere.nephele.execution.ExecutionStateTransition    - TM: ExecutionState set from STARTING to RUNNING for task Customers (88/200)
00:58:56,630 INFO  eu.stratosphere.pact.runtime.task.DataSourceTask              - Start PACT code: Orders (85/200)
00:58:56,629 INFO  eu.stratosphere.pact.runtime.task.DataSourceTask              - Start PACT code: LineItems (82/200)
00:58:56,627 INFO  eu.stratosphere.pact.runtime.task.DataSourceTask              - Start PACT code: Orders (88/200)
00:58:56,626 INFO  eu.stratosphere.pact.runtime.task.RegularPactTask             - Start PACT code: FilterL (84/200)
00:58:56,626 INFO  eu.stratosphere.pact.runtime.task.DataSourceTask              - Start PACT code: Customers (83/200)
00:58:56,625 INFO  eu.stratosphere.pact.runtime.task.RegularPactTask             - Start PACT code: FilterL (86/200)
00:58:56,634 INFO  eu.stratosphere.pact.runtime.task.DataSourceTask              - Start PACT code: Customers (88/200)
00:58:56,625 INFO  eu.stratosphere.pact.runtime.task.RegularPactTask             - Start PACT code: FilterC (86/200)
00:58:56,624 INFO  eu.stratosphere.pact.runtime.task.RegularPactTask             - Start PACT code: FilterC (87/200)
00:58:56,624 INFO  eu.stratosphere.pact.runtime.task.RegularPactTask             - Start PACT code: FilterC (81/200)
00:58:56,623 INFO  eu.stratosphere.pact.runtime.task.DataSourceTask              - Start PACT code: LineItems (88/200)
00:58:56,623 INFO  eu.stratosphere.pact.runtime.task.RegularPactTask             - Start PACT code: FilterL (87/200)
00:58:56,636 INFO  eu.stratosphere.pact.runtime.task.RegularPactTask             - Start PACT code: FilterL (88/200)
00:58:56,636 INFO  eu.stratosphere.pact.runtime.task.DataSourceTask              - Start PACT code: Orders (81/200)
00:58:56,634 INFO  eu.stratosphere.pact.runtime.task.RegularPactTask             - Start PACT code: FilterC (88/200)
00:58:56,634 INFO  eu.stratosphere.pact.runtime.task.RegularPactTask             - Start PACT code: FilterC (83/200)
00:58:56,633 INFO  eu.stratosphere.pact.runtime.task.DataSourceTask              - Start PACT code: LineItems (81/200)
00:58:56,632 INFO  eu.stratosphere.pact.runtime.task.RegularPactTask             - Start PACT code: FilterO (88/200)
00:58:56,631 INFO  eu.stratosphere.pact.runtime.task.RegularPactTask             - Start PACT code: FilterL (82/200)
00:58:56,631 INFO  eu.stratosphere.pact.runtime.task.DataSourceTask              - Start PACT code: LineItems (85/200)
00:58:56,631 INFO  eu.stratosphere.pact.runtime.task.RegularPactTask             - Start PACT code: FilterO (85/200)
00:58:56,642 INFO  eu.stratosphere.pact.runtime.task.DataSourceTask              - Start PACT code: Orders (87/200)
00:58:56,641 INFO  eu.stratosphere.pact.runtime.task.RegularPactTask             - Start PACT code: FilterL (85/200)
00:58:56,641 INFO  eu.stratosphere.pact.runtime.task.DataSourceTask              - Start PACT code: Orders (84/200)
00:58:56,640 INFO  eu.stratosphere.pact.runtime.task.RegularPactTask             - Start PACT code: FilterL (81/200)
00:58:56,639 INFO  eu.stratosphere.pact.runtime.task.DataSourceTask              - Start PACT code: Orders (83/200)
00:58:56,638 INFO  eu.stratosphere.pact.runtime.task.RegularPactTask             - Start PACT code: FilterO (81/200)
00:58:56,637 INFO  eu.stratosphere.pact.runtime.task.DataSourceTask              - Start PACT code: Orders (82/200)
00:58:56,645 INFO  eu.stratosphere.pact.runtime.task.DataSourceTask              - Start PACT code: Customers (85/200)
00:58:56,644 INFO  eu.stratosphere.pact.runtime.task.RegularPactTask             - Start PACT code: FilterO (83/200)
00:58:56,647 INFO  eu.stratosphere.pact.runtime.task.DataSourceTask              - Start PACT code: Customers (84/200)
00:58:56,643 INFO  eu.stratosphere.pact.runtime.task.RegularPactTask             - Start PACT code: FilterO (84/200)
00:58:56,643 INFO  eu.stratosphere.pact.runtime.task.DataSourceTask              - Start PACT code: Orders (86/200)
00:58:56,642 INFO  eu.stratosphere.pact.runtime.task.RegularPactTask             - Start PACT code: FilterO (87/200)
00:58:56,649 INFO  eu.stratosphere.pact.runtime.task.DataSourceTask              - Start PACT code: LineItems (83/200)
00:58:56,649 INFO  eu.stratosphere.pact.runtime.task.RegularPactTask             - Start PACT code: FilterO (86/200)
00:58:56,647 INFO  eu.stratosphere.pact.runtime.task.RegularPactTask             - Start PACT code: FilterC (84/200)
00:58:56,646 INFO  eu.stratosphere.pact.runtime.task.RegularPactTask             - Start PACT code: FilterC (85/200)
00:58:56,646 INFO  eu.stratosphere.pact.runtime.task.RegularPactTask             - Start PACT code: FilterO (82/200)
00:58:56,651 INFO  eu.stratosphere.pact.runtime.task.DataSourceTask              - Start PACT code: Customers (82/200)
00:58:56,650 INFO  eu.stratosphere.pact.runtime.task.RegularPactTask             - Start PACT code: FilterL (83/200)
00:58:56,653 INFO  eu.stratosphere.pact.runtime.task.RegularPactTask             - Start PACT code: FilterC (82/200)
