03/07/2013 19:15:28:	Job execution switched to status SCHEDULED
03/07/2013 19:15:28:	Input Lines (1/32) switched to SCHEDULED
03/07/2013 19:15:28:	Count Words (1/32) switched to SCHEDULED
03/07/2013 19:15:28:	Word Counts (1/32) switched to SCHEDULED
03/07/2013 19:15:28:	Count Words (2/32) switched to SCHEDULED
03/07/2013 19:15:28:	Word Counts (2/32) switched to SCHEDULED
03/07/2013 19:15:28:	Count Words (3/32) switched to SCHEDULED
03/07/2013 19:15:28:	Word Counts (3/32) switched to SCHEDULED
03/07/2013 19:15:28:	Count Words (4/32) switched to SCHEDULED
03/07/2013 19:15:28:	Word Counts (4/32) switched to SCHEDULED
03/07/2013 19:15:28:	Count Words (5/32) switched to SCHEDULED
03/07/2013 19:15:28:	Word Counts (5/32) switched to SCHEDULED
03/07/2013 19:15:28:	Count Words (6/32) switched to SCHEDULED
03/07/2013 19:15:28:	Word Counts (6/32) switched to SCHEDULED
03/07/2013 19:15:28:	Count Words (7/32) switched to SCHEDULED
03/07/2013 19:15:28:	Word Counts (7/32) switched to SCHEDULED
03/07/2013 19:15:28:	Count Words (8/32) switched to SCHEDULED
03/07/2013 19:15:28:	Word Counts (8/32) switched to SCHEDULED
03/07/2013 19:15:28:	Count Words (9/32) switched to SCHEDULED
03/07/2013 19:15:28:	Word Counts (9/32) switched to SCHEDULED
03/07/2013 19:15:28:	Count Words (10/32) switched to SCHEDULED
03/07/2013 19:15:28:	Word Counts (10/32) switched to SCHEDULED
03/07/2013 19:15:28:	Count Words (11/32) switched to SCHEDULED
03/07/2013 19:15:28:	Word Counts (11/32) switched to SCHEDULED
03/07/2013 19:15:28:	Count Words (12/32) switched to SCHEDULED
03/07/2013 19:15:28:	Word Counts (12/32) switched to SCHEDULED
03/07/2013 19:15:28:	Count Words (13/32) switched to SCHEDULED
03/07/2013 19:15:28:	Word Counts (13/32) switched to SCHEDULED
03/07/2013 19:15:28:	Count Words (14/32) switched to SCHEDULED
03/07/2013 19:15:28:	Word Counts (14/32) switched to SCHEDULED
03/07/2013 19:15:28:	Count Words (15/32) switched to SCHEDULED
03/07/2013 19:15:28:	Word Counts (15/32) switched to SCHEDULED
03/07/2013 19:15:28:	Count Words (16/32) switched to SCHEDULED
03/07/2013 19:15:28:	Word Counts (16/32) switched to SCHEDULED
03/07/2013 19:15:28:	Count Words (17/32) switched to SCHEDULED
03/07/2013 19:15:28:	Word Counts (17/32) switched to SCHEDULED
03/07/2013 19:15:28:	Count Words (18/32) switched to SCHEDULED
03/07/2013 19:15:28:	Word Counts (18/32) switched to SCHEDULED
03/07/2013 19:15:28:	Count Words (19/32) switched to SCHEDULED
03/07/2013 19:15:28:	Word Counts (19/32) switched to SCHEDULED
03/07/2013 19:15:28:	Count Words (20/32) switched to SCHEDULED
03/07/2013 19:15:28:	Word Counts (20/32) switched to SCHEDULED
03/07/2013 19:15:28:	Count Words (21/32) switched to SCHEDULED
03/07/2013 19:15:28:	Word Counts (21/32) switched to SCHEDULED
03/07/2013 19:15:28:	Count Words (22/32) switched to SCHEDULED
03/07/2013 19:15:28:	Word Counts (22/32) switched to SCHEDULED
03/07/2013 19:15:28:	Count Words (23/32) switched to SCHEDULED
03/07/2013 19:15:28:	Word Counts (23/32) switched to SCHEDULED
03/07/2013 19:15:28:	Count Words (24/32) switched to SCHEDULED
03/07/2013 19:15:28:	Word Counts (24/32) switched to SCHEDULED
03/07/2013 19:15:28:	Count Words (25/32) switched to SCHEDULED
03/07/2013 19:15:28:	Word Counts (25/32) switched to SCHEDULED
03/07/2013 19:15:28:	Count Words (26/32) switched to SCHEDULED
03/07/2013 19:15:28:	Word Counts (26/32) switched to SCHEDULED
03/07/2013 19:15:28:	Count Words (27/32) switched to SCHEDULED
03/07/2013 19:15:28:	Word Counts (27/32) switched to SCHEDULED
03/07/2013 19:15:28:	Count Words (28/32) switched to SCHEDULED
03/07/2013 19:15:28:	Word Counts (28/32) switched to SCHEDULED
03/07/2013 19:15:28:	Count Words (29/32) switched to SCHEDULED
03/07/2013 19:15:28:	Word Counts (29/32) switched to SCHEDULED
03/07/2013 19:15:28:	Count Words (30/32) switched to SCHEDULED
03/07/2013 19:15:28:	Word Counts (30/32) switched to SCHEDULED
03/07/2013 19:15:28:	Count Words (31/32) switched to SCHEDULED
03/07/2013 19:15:28:	Word Counts (31/32) switched to SCHEDULED
03/07/2013 19:15:28:	Count Words (32/32) switched to SCHEDULED
03/07/2013 19:15:28:	Word Counts (32/32) switched to SCHEDULED
03/07/2013 19:15:28:	Input Lines (2/32) switched to SCHEDULED
03/07/2013 19:15:28:	Input Lines (3/32) switched to SCHEDULED
03/07/2013 19:15:28:	Input Lines (4/32) switched to SCHEDULED
03/07/2013 19:15:28:	Input Lines (5/32) switched to SCHEDULED
03/07/2013 19:15:28:	Input Lines (6/32) switched to SCHEDULED
03/07/2013 19:15:28:	Input Lines (7/32) switched to SCHEDULED
03/07/2013 19:15:28:	Input Lines (8/32) switched to SCHEDULED
03/07/2013 19:15:28:	Input Lines (9/32) switched to SCHEDULED
03/07/2013 19:15:28:	Input Lines (10/32) switched to SCHEDULED
03/07/2013 19:15:28:	Input Lines (11/32) switched to SCHEDULED
03/07/2013 19:15:28:	Input Lines (12/32) switched to SCHEDULED
03/07/2013 19:15:28:	Input Lines (13/32) switched to SCHEDULED
03/07/2013 19:15:28:	Input Lines (14/32) switched to SCHEDULED
03/07/2013 19:15:28:	Input Lines (15/32) switched to SCHEDULED
03/07/2013 19:15:28:	Input Lines (16/32) switched to SCHEDULED
03/07/2013 19:15:28:	Input Lines (17/32) switched to SCHEDULED
03/07/2013 19:15:28:	Input Lines (18/32) switched to SCHEDULED
03/07/2013 19:15:28:	Input Lines (19/32) switched to SCHEDULED
03/07/2013 19:15:28:	Input Lines (20/32) switched to SCHEDULED
03/07/2013 19:15:28:	Input Lines (21/32) switched to SCHEDULED
03/07/2013 19:15:28:	Input Lines (22/32) switched to SCHEDULED
03/07/2013 19:15:28:	Input Lines (23/32) switched to SCHEDULED
03/07/2013 19:15:28:	Input Lines (24/32) switched to SCHEDULED
03/07/2013 19:15:28:	Input Lines (25/32) switched to SCHEDULED
03/07/2013 19:15:28:	Input Lines (26/32) switched to SCHEDULED
03/07/2013 19:15:28:	Input Lines (27/32) switched to SCHEDULED
03/07/2013 19:15:28:	Input Lines (28/32) switched to SCHEDULED
03/07/2013 19:15:28:	Input Lines (29/32) switched to SCHEDULED
03/07/2013 19:15:28:	Input Lines (30/32) switched to SCHEDULED
03/07/2013 19:15:28:	Input Lines (31/32) switched to SCHEDULED
03/07/2013 19:15:28:	Input Lines (32/32) switched to SCHEDULED
03/07/2013 19:15:28:	Input Lines (6/32) switched to ASSIGNED
03/07/2013 19:15:28:	Input Lines (1/32) switched to ASSIGNED
03/07/2013 19:15:28:	Word Counts (1/32) switched to ASSIGNED
03/07/2013 19:15:28:	Input Lines (3/32) switched to ASSIGNED
03/07/2013 19:15:28:	Word Counts (4/32) switched to ASSIGNED
03/07/2013 19:15:28:	Count Words (8/32) switched to ASSIGNED
03/07/2013 19:15:28:	Input Lines (7/32) switched to ASSIGNED
03/07/2013 19:15:28:	Word Counts (3/32) switched to ASSIGNED
03/07/2013 19:15:28:	Word Counts (5/32) switched to ASSIGNED
03/07/2013 19:15:28:	Count Words (2/32) switched to ASSIGNED
03/07/2013 19:15:28:	Word Counts (6/32) switched to ASSIGNED
03/07/2013 19:15:28:	Input Lines (8/32) switched to ASSIGNED
03/07/2013 19:15:28:	Count Words (1/32) switched to ASSIGNED
03/07/2013 19:15:28:	Word Counts (7/32) switched to ASSIGNED
03/07/2013 19:15:28:	Input Lines (4/32) switched to ASSIGNED
03/07/2013 19:15:28:	Input Lines (2/32) switched to ASSIGNED
03/07/2013 19:15:28:	Count Words (4/32) switched to ASSIGNED
03/07/2013 19:15:28:	Count Words (3/32) switched to ASSIGNED
03/07/2013 19:15:28:	Count Words (6/32) switched to ASSIGNED
03/07/2013 19:15:28:	Word Counts (2/32) switched to ASSIGNED
03/07/2013 19:15:28:	Input Lines (5/32) switched to ASSIGNED
03/07/2013 19:15:28:	Count Words (7/32) switched to ASSIGNED
03/07/2013 19:15:28:	Count Words (5/32) switched to ASSIGNED
03/07/2013 19:15:28:	Word Counts (8/32) switched to ASSIGNED
03/07/2013 19:15:28:	Input Lines (9/32) switched to ASSIGNED
03/07/2013 19:15:28:	Input Lines (11/32) switched to ASSIGNED
03/07/2013 19:15:28:	Count Words (9/32) switched to ASSIGNED
03/07/2013 19:15:28:	Word Counts (13/32) switched to ASSIGNED
03/07/2013 19:15:28:	Input Lines (16/32) switched to ASSIGNED
03/07/2013 19:15:28:	Word Counts (11/32) switched to ASSIGNED
03/07/2013 19:15:28:	Count Words (14/32) switched to ASSIGNED
03/07/2013 19:15:28:	Input Lines (12/32) switched to ASSIGNED
03/07/2013 19:15:28:	Input Lines (15/32) switched to ASSIGNED
03/07/2013 19:15:28:	Count Words (12/32) switched to ASSIGNED
03/07/2013 19:15:28:	Word Counts (9/32) switched to ASSIGNED
03/07/2013 19:15:28:	Count Words (11/32) switched to ASSIGNED
03/07/2013 19:15:28:	Word Counts (10/32) switched to ASSIGNED
03/07/2013 19:15:28:	Word Counts (15/32) switched to ASSIGNED
03/07/2013 19:15:28:	Count Words (10/32) switched to ASSIGNED
03/07/2013 19:15:28:	Word Counts (14/32) switched to ASSIGNED
03/07/2013 19:15:28:	Count Words (16/32) switched to ASSIGNED
03/07/2013 19:15:28:	Input Lines (10/32) switched to ASSIGNED
03/07/2013 19:15:28:	Count Words (15/32) switched to ASSIGNED
03/07/2013 19:15:28:	Count Words (13/32) switched to ASSIGNED
03/07/2013 19:15:28:	Word Counts (12/32) switched to ASSIGNED
03/07/2013 19:15:28:	Input Lines (14/32) switched to ASSIGNED
03/07/2013 19:15:28:	Input Lines (13/32) switched to ASSIGNED
03/07/2013 19:15:28:	Word Counts (16/32) switched to ASSIGNED
03/07/2013 19:15:28:	Word Counts (20/32) switched to ASSIGNED
03/07/2013 19:15:28:	Count Words (23/32) switched to ASSIGNED
03/07/2013 19:15:28:	Count Words (20/32) switched to ASSIGNED
03/07/2013 19:15:28:	Input Lines (21/32) switched to ASSIGNED
03/07/2013 19:15:28:	Input Lines (18/32) switched to ASSIGNED
03/07/2013 19:15:28:	Input Lines (23/32) switched to ASSIGNED
03/07/2013 19:15:28:	Count Words (24/32) switched to ASSIGNED
03/07/2013 19:15:28:	Word Counts (19/32) switched to ASSIGNED
03/07/2013 19:15:28:	Count Words (21/32) switched to ASSIGNED
03/07/2013 19:15:28:	Input Lines (17/32) switched to ASSIGNED
03/07/2013 19:15:28:	Word Counts (17/32) switched to ASSIGNED
03/07/2013 19:15:28:	Word Counts (18/32) switched to ASSIGNED
03/07/2013 19:15:28:	Input Lines (22/32) switched to ASSIGNED
03/07/2013 19:15:28:	Count Words (19/32) switched to ASSIGNED
03/07/2013 19:15:28:	Word Counts (21/32) switched to ASSIGNED
03/07/2013 19:15:28:	Word Counts (24/32) switched to ASSIGNED
03/07/2013 19:15:28:	Word Counts (22/32) switched to ASSIGNED
03/07/2013 19:15:28:	Input Lines (19/32) switched to ASSIGNED
03/07/2013 19:15:28:	Count Words (17/32) switched to ASSIGNED
03/07/2013 19:15:28:	Word Counts (23/32) switched to ASSIGNED
03/07/2013 19:15:28:	Count Words (18/32) switched to ASSIGNED
03/07/2013 19:15:28:	Input Lines (20/32) switched to ASSIGNED
03/07/2013 19:15:28:	Input Lines (24/32) switched to ASSIGNED
03/07/2013 19:15:28:	Count Words (22/32) switched to ASSIGNED
03/07/2013 19:15:28:	Count Words (27/32) switched to ASSIGNED
03/07/2013 19:15:28:	Input Lines (30/32) switched to ASSIGNED
03/07/2013 19:15:28:	Word Counts (31/32) switched to ASSIGNED
03/07/2013 19:15:28:	Input Lines (32/32) switched to ASSIGNED
03/07/2013 19:15:28:	Input Lines (31/32) switched to ASSIGNED
03/07/2013 19:15:28:	Count Words (31/32) switched to ASSIGNED
03/07/2013 19:15:28:	Input Lines (27/32) switched to ASSIGNED
03/07/2013 19:15:28:	Input Lines (26/32) switched to ASSIGNED
03/07/2013 19:15:28:	Word Counts (32/32) switched to ASSIGNED
03/07/2013 19:15:28:	Count Words (32/32) switched to ASSIGNED
03/07/2013 19:15:28:	Input Lines (25/32) switched to ASSIGNED
03/07/2013 19:15:28:	Word Counts (30/32) switched to ASSIGNED
03/07/2013 19:15:28:	Word Counts (26/32) switched to ASSIGNED
03/07/2013 19:15:28:	Input Lines (29/32) switched to ASSIGNED
03/07/2013 19:15:28:	Word Counts (28/32) switched to ASSIGNED
03/07/2013 19:15:28:	Count Words (25/32) switched to ASSIGNED
03/07/2013 19:15:28:	Count Words (29/32) switched to ASSIGNED
03/07/2013 19:15:28:	Word Counts (27/32) switched to ASSIGNED
03/07/2013 19:15:28:	Count Words (28/32) switched to ASSIGNED
03/07/2013 19:15:28:	Input Lines (28/32) switched to ASSIGNED
03/07/2013 19:15:28:	Count Words (30/32) switched to ASSIGNED
03/07/2013 19:15:28:	Word Counts (29/32) switched to ASSIGNED
03/07/2013 19:15:28:	Word Counts (25/32) switched to ASSIGNED
03/07/2013 19:15:28:	Count Words (26/32) switched to ASSIGNED
03/07/2013 19:15:28:	Input Lines (1/32) switched to READY
03/07/2013 19:15:28:	Input Lines (2/32) switched to READY
03/07/2013 19:15:28:	Input Lines (3/32) switched to READY
03/07/2013 19:15:28:	Input Lines (4/32) switched to READY
03/07/2013 19:15:28:	Input Lines (5/32) switched to READY
03/07/2013 19:15:28:	Input Lines (6/32) switched to READY
03/07/2013 19:15:28:	Input Lines (7/32) switched to READY
03/07/2013 19:15:28:	Input Lines (8/32) switched to READY
03/07/2013 19:15:28:	Input Lines (9/32) switched to READY
03/07/2013 19:15:28:	Input Lines (10/32) switched to READY
03/07/2013 19:15:28:	Input Lines (11/32) switched to READY
03/07/2013 19:15:28:	Input Lines (12/32) switched to READY
03/07/2013 19:15:28:	Input Lines (13/32) switched to READY
03/07/2013 19:15:28:	Input Lines (14/32) switched to READY
03/07/2013 19:15:28:	Input Lines (15/32) switched to READY
03/07/2013 19:15:28:	Input Lines (16/32) switched to READY
03/07/2013 19:15:28:	Input Lines (17/32) switched to READY
03/07/2013 19:15:28:	Input Lines (18/32) switched to READY
03/07/2013 19:15:28:	Input Lines (19/32) switched to READY
03/07/2013 19:15:28:	Input Lines (20/32) switched to READY
03/07/2013 19:15:28:	Input Lines (21/32) switched to READY
03/07/2013 19:15:28:	Input Lines (22/32) switched to READY
03/07/2013 19:15:28:	Input Lines (23/32) switched to READY
03/07/2013 19:15:28:	Input Lines (24/32) switched to READY
03/07/2013 19:15:28:	Input Lines (25/32) switched to READY
03/07/2013 19:15:28:	Input Lines (26/32) switched to READY
03/07/2013 19:15:28:	Input Lines (27/32) switched to READY
03/07/2013 19:15:28:	Input Lines (28/32) switched to READY
03/07/2013 19:15:28:	Input Lines (29/32) switched to READY
03/07/2013 19:15:28:	Input Lines (30/32) switched to READY
03/07/2013 19:15:28:	Input Lines (31/32) switched to READY
03/07/2013 19:15:28:	Input Lines (32/32) switched to READY
03/07/2013 19:15:28:	Input Lines (1/32) switched to STARTING
03/07/2013 19:15:28:	Input Lines (2/32) switched to STARTING
03/07/2013 19:15:28:	Input Lines (3/32) switched to STARTING
03/07/2013 19:15:28:	Input Lines (4/32) switched to STARTING
03/07/2013 19:15:28:	Input Lines (5/32) switched to STARTING
03/07/2013 19:15:28:	Input Lines (6/32) switched to STARTING
03/07/2013 19:15:28:	Input Lines (7/32) switched to STARTING
03/07/2013 19:15:28:	Input Lines (8/32) switched to STARTING
03/07/2013 19:15:28:	Input Lines (9/32) switched to STARTING
03/07/2013 19:15:28:	Input Lines (10/32) switched to STARTING
03/07/2013 19:15:28:	Input Lines (11/32) switched to STARTING
03/07/2013 19:15:28:	Input Lines (12/32) switched to STARTING
03/07/2013 19:15:28:	Input Lines (13/32) switched to STARTING
03/07/2013 19:15:28:	Input Lines (14/32) switched to STARTING
03/07/2013 19:15:28:	Input Lines (15/32) switched to STARTING
03/07/2013 19:15:28:	Input Lines (16/32) switched to STARTING
03/07/2013 19:15:28:	Input Lines (17/32) switched to STARTING
03/07/2013 19:15:28:	Input Lines (18/32) switched to STARTING
03/07/2013 19:15:28:	Input Lines (19/32) switched to STARTING
03/07/2013 19:15:28:	Input Lines (20/32) switched to STARTING
03/07/2013 19:15:28:	Input Lines (21/32) switched to STARTING
03/07/2013 19:15:28:	Input Lines (22/32) switched to STARTING
03/07/2013 19:15:28:	Input Lines (23/32) switched to STARTING
03/07/2013 19:15:28:	Input Lines (24/32) switched to STARTING
03/07/2013 19:15:28:	Input Lines (25/32) switched to STARTING
03/07/2013 19:15:28:	Input Lines (26/32) switched to STARTING
03/07/2013 19:15:28:	Input Lines (27/32) switched to STARTING
03/07/2013 19:15:28:	Input Lines (28/32) switched to STARTING
03/07/2013 19:15:28:	Input Lines (29/32) switched to STARTING
03/07/2013 19:15:28:	Input Lines (30/32) switched to STARTING
03/07/2013 19:15:28:	Input Lines (31/32) switched to STARTING
03/07/2013 19:15:28:	Input Lines (32/32) switched to STARTING
03/07/2013 19:15:29:	Job execution switched to status RUNNING
03/07/2013 19:15:29:	Input Lines (25/32) switched to RUNNING
03/07/2013 19:15:29:	Input Lines (32/32) switched to RUNNING
03/07/2013 19:15:29:	Input Lines (27/32) switched to RUNNING
03/07/2013 19:15:29:	Input Lines (31/32) switched to RUNNING
03/07/2013 19:15:29:	Input Lines (29/32) switched to RUNNING
03/07/2013 19:15:29:	Input Lines (30/32) switched to RUNNING
03/07/2013 19:15:29:	Input Lines (26/32) switched to RUNNING
03/07/2013 19:15:29:	Input Lines (28/32) switched to RUNNING
03/07/2013 19:15:29:	Input Lines (16/32) switched to RUNNING
03/07/2013 19:15:29:	Input Lines (8/32) switched to RUNNING
03/07/2013 19:15:29:	Input Lines (14/32) switched to RUNNING
03/07/2013 19:15:29:	Input Lines (6/32) switched to RUNNING
03/07/2013 19:15:29:	Input Lines (9/32) switched to RUNNING
03/07/2013 19:15:29:	Input Lines (3/32) switched to RUNNING
03/07/2013 19:15:29:	Input Lines (15/32) switched to RUNNING
03/07/2013 19:15:29:	Input Lines (7/32) switched to RUNNING
03/07/2013 19:15:29:	Input Lines (24/32) switched to RUNNING
03/07/2013 19:15:29:	Input Lines (11/32) switched to RUNNING
03/07/2013 19:15:29:	Input Lines (21/32) switched to RUNNING
03/07/2013 19:15:29:	Input Lines (1/32) switched to RUNNING
03/07/2013 19:15:29:	Input Lines (10/32) switched to RUNNING
03/07/2013 19:15:29:	Input Lines (2/32) switched to RUNNING
03/07/2013 19:15:29:	Input Lines (17/32) switched to RUNNING
03/07/2013 19:15:29:	Input Lines (13/32) switched to RUNNING
03/07/2013 19:15:29:	Input Lines (4/32) switched to RUNNING
03/07/2013 19:15:29:	Input Lines (19/32) switched to RUNNING
03/07/2013 19:15:29:	Input Lines (12/32) switched to RUNNING
03/07/2013 19:15:29:	Input Lines (5/32) switched to RUNNING
03/07/2013 19:15:29:	Input Lines (23/32) switched to RUNNING
03/07/2013 19:15:29:	Input Lines (18/32) switched to RUNNING
03/07/2013 19:15:29:	Input Lines (20/32) switched to RUNNING
03/07/2013 19:15:29:	Input Lines (22/32) switched to RUNNING
03/07/2013 19:15:31:	Count Words (29/32) switched to READY
03/07/2013 19:15:31:	Word Counts (29/32) switched to READY
03/07/2013 19:15:31:	Count Words (29/32) switched to STARTING
03/07/2013 19:15:31:	Word Counts (29/32) switched to STARTING
03/07/2013 19:15:31:	Count Words (29/32) switched to RUNNING
03/07/2013 19:15:31:	Word Counts (29/32) switched to RUNNING
03/07/2013 19:15:31:	Count Words (19/32) switched to READY
03/07/2013 19:15:31:	Word Counts (19/32) switched to READY
03/07/2013 19:15:31:	Count Words (19/32) switched to STARTING
03/07/2013 19:15:31:	Word Counts (19/32) switched to STARTING
03/07/2013 19:15:31:	Count Words (4/32) switched to READY
03/07/2013 19:15:31:	Word Counts (4/32) switched to READY
03/07/2013 19:15:31:	Count Words (4/32) switched to STARTING
03/07/2013 19:15:31:	Word Counts (4/32) switched to STARTING
03/07/2013 19:15:31:	Count Words (4/32) switched to RUNNING
03/07/2013 19:15:31:	Word Counts (4/32) switched to RUNNING
03/07/2013 19:15:31:	Count Words (19/32) switched to RUNNING
03/07/2013 19:15:31:	Word Counts (19/32) switched to RUNNING
03/07/2013 19:15:31:	Count Words (21/32) switched to READY
03/07/2013 19:15:31:	Word Counts (21/32) switched to READY
03/07/2013 19:15:31:	Count Words (21/32) switched to STARTING
03/07/2013 19:15:31:	Word Counts (21/32) switched to STARTING
03/07/2013 19:15:31:	Count Words (27/32) switched to READY
03/07/2013 19:15:31:	Word Counts (27/32) switched to READY
03/07/2013 19:15:31:	Count Words (27/32) switched to STARTING
03/07/2013 19:15:31:	Word Counts (27/32) switched to STARTING
03/07/2013 19:15:31:	Count Words (21/32) switched to RUNNING
03/07/2013 19:15:31:	Word Counts (21/32) switched to RUNNING
03/07/2013 19:15:31:	Count Words (27/32) switched to RUNNING
03/07/2013 19:15:31:	Word Counts (27/32) switched to RUNNING
03/07/2013 19:15:31:	Count Words (28/32) switched to READY
03/07/2013 19:15:31:	Word Counts (28/32) switched to READY
03/07/2013 19:15:31:	Count Words (28/32) switched to STARTING
03/07/2013 19:15:31:	Word Counts (28/32) switched to STARTING
03/07/2013 19:15:31:	Count Words (28/32) switched to RUNNING
03/07/2013 19:15:31:	Word Counts (28/32) switched to RUNNING
03/07/2013 19:15:31:	Count Words (22/32) switched to READY
03/07/2013 19:15:31:	Word Counts (22/32) switched to READY
03/07/2013 19:15:31:	Count Words (22/32) switched to STARTING
03/07/2013 19:15:31:	Word Counts (22/32) switched to STARTING
03/07/2013 19:15:31:	Count Words (31/32) switched to READY
03/07/2013 19:15:31:	Word Counts (31/32) switched to READY
03/07/2013 19:15:31:	Count Words (31/32) switched to STARTING
03/07/2013 19:15:31:	Word Counts (31/32) switched to STARTING
03/07/2013 19:15:31:	Count Words (20/32) switched to READY
03/07/2013 19:15:31:	Word Counts (20/32) switched to READY
03/07/2013 19:15:31:	Count Words (20/32) switched to STARTING
03/07/2013 19:15:31:	Word Counts (20/32) switched to STARTING
03/07/2013 19:15:32:	Count Words (22/32) switched to RUNNING
03/07/2013 19:15:32:	Count Words (2/32) switched to READY
03/07/2013 19:15:32:	Word Counts (2/32) switched to READY
03/07/2013 19:15:32:	Count Words (2/32) switched to STARTING
03/07/2013 19:15:32:	Word Counts (2/32) switched to STARTING
03/07/2013 19:15:32:	Count Words (26/32) switched to READY
03/07/2013 19:15:32:	Word Counts (26/32) switched to READY
03/07/2013 19:15:32:	Count Words (26/32) switched to STARTING
03/07/2013 19:15:32:	Word Counts (26/32) switched to STARTING
03/07/2013 19:15:32:	Word Counts (22/32) switched to RUNNING
03/07/2013 19:15:32:	Count Words (20/32) switched to RUNNING
03/07/2013 19:15:32:	Word Counts (20/32) switched to RUNNING
03/07/2013 19:15:32:	Count Words (2/32) switched to RUNNING
03/07/2013 19:15:32:	Word Counts (2/32) switched to RUNNING
03/07/2013 19:15:32:	Word Counts (31/32) switched to RUNNING
03/07/2013 19:15:32:	Count Words (31/32) switched to RUNNING
03/07/2013 19:15:32:	Count Words (24/32) switched to READY
03/07/2013 19:15:32:	Word Counts (24/32) switched to READY
03/07/2013 19:15:32:	Count Words (24/32) switched to STARTING
03/07/2013 19:15:32:	Word Counts (24/32) switched to STARTING
03/07/2013 19:15:32:	Count Words (26/32) switched to RUNNING
03/07/2013 19:15:32:	Count Words (12/32) switched to READY
03/07/2013 19:15:32:	Word Counts (12/32) switched to READY
03/07/2013 19:15:32:	Count Words (12/32) switched to STARTING
03/07/2013 19:15:32:	Word Counts (12/32) switched to STARTING
03/07/2013 19:15:32:	Word Counts (26/32) switched to RUNNING
03/07/2013 19:15:32:	Count Words (24/32) switched to RUNNING
03/07/2013 19:15:32:	Count Words (12/32) switched to RUNNING
03/07/2013 19:15:32:	Count Words (7/32) switched to READY
03/07/2013 19:15:32:	Word Counts (7/32) switched to READY
03/07/2013 19:15:32:	Count Words (7/32) switched to STARTING
03/07/2013 19:15:32:	Word Counts (7/32) switched to STARTING
03/07/2013 19:15:32:	Word Counts (24/32) switched to RUNNING
03/07/2013 19:15:32:	Word Counts (12/32) switched to RUNNING
03/07/2013 19:15:32:	Count Words (6/32) switched to READY
03/07/2013 19:15:32:	Word Counts (6/32) switched to READY
03/07/2013 19:15:32:	Count Words (6/32) switched to STARTING
03/07/2013 19:15:32:	Word Counts (6/32) switched to STARTING
03/07/2013 19:15:32:	Count Words (25/32) switched to READY
03/07/2013 19:15:32:	Word Counts (25/32) switched to READY
03/07/2013 19:15:32:	Count Words (25/32) switched to STARTING
03/07/2013 19:15:32:	Word Counts (25/32) switched to STARTING
03/07/2013 19:15:32:	Word Counts (25/32) switched to RUNNING
03/07/2013 19:15:32:	Count Words (25/32) switched to RUNNING
03/07/2013 19:15:32:	Count Words (1/32) switched to READY
03/07/2013 19:15:32:	Word Counts (1/32) switched to READY
03/07/2013 19:15:32:	Count Words (1/32) switched to STARTING
03/07/2013 19:15:32:	Word Counts (1/32) switched to STARTING
03/07/2013 19:15:32:	Count Words (13/32) switched to READY
03/07/2013 19:15:32:	Word Counts (13/32) switched to READY
03/07/2013 19:15:32:	Count Words (13/32) switched to STARTING
03/07/2013 19:15:32:	Word Counts (13/32) switched to STARTING
03/07/2013 19:15:32:	Count Words (18/32) switched to READY
03/07/2013 19:15:32:	Word Counts (18/32) switched to READY
03/07/2013 19:15:32:	Count Words (18/32) switched to STARTING
03/07/2013 19:15:32:	Word Counts (18/32) switched to STARTING
03/07/2013 19:15:32:	Count Words (13/32) switched to RUNNING
03/07/2013 19:15:32:	Count Words (18/32) switched to RUNNING
03/07/2013 19:15:32:	Word Counts (18/32) switched to RUNNING
03/07/2013 19:15:32:	Word Counts (13/32) switched to RUNNING
03/07/2013 19:15:32:	Count Words (7/32) switched to RUNNING
03/07/2013 19:15:32:	Word Counts (7/32) switched to RUNNING
03/07/2013 19:15:32:	Count Words (16/32) switched to READY
03/07/2013 19:15:32:	Word Counts (16/32) switched to READY
03/07/2013 19:15:32:	Count Words (16/32) switched to STARTING
03/07/2013 19:15:32:	Word Counts (16/32) switched to STARTING
03/07/2013 19:15:32:	Count Words (1/32) switched to RUNNING
03/07/2013 19:15:32:	Word Counts (1/32) switched to RUNNING
03/07/2013 19:15:32:	Count Words (16/32) switched to RUNNING
03/07/2013 19:15:32:	Word Counts (16/32) switched to RUNNING
03/07/2013 19:15:32:	Count Words (14/32) switched to READY
03/07/2013 19:15:32:	Word Counts (14/32) switched to READY
03/07/2013 19:15:32:	Count Words (14/32) switched to STARTING
03/07/2013 19:15:32:	Word Counts (14/32) switched to STARTING
03/07/2013 19:15:32:	Count Words (6/32) switched to RUNNING
03/07/2013 19:15:32:	Word Counts (6/32) switched to RUNNING
03/07/2013 19:15:32:	Count Words (8/32) switched to READY
03/07/2013 19:15:32:	Word Counts (8/32) switched to READY
03/07/2013 19:15:32:	Count Words (8/32) switched to STARTING
03/07/2013 19:15:32:	Word Counts (8/32) switched to STARTING
03/07/2013 19:15:32:	Count Words (3/32) switched to READY
03/07/2013 19:15:32:	Word Counts (3/32) switched to READY
03/07/2013 19:15:32:	Count Words (3/32) switched to STARTING
03/07/2013 19:15:32:	Word Counts (3/32) switched to STARTING
03/07/2013 19:15:32:	Count Words (8/32) switched to RUNNING
03/07/2013 19:15:32:	Count Words (3/32) switched to RUNNING
03/07/2013 19:15:32:	Word Counts (8/32) switched to RUNNING
03/07/2013 19:15:32:	Count Words (11/32) switched to READY
03/07/2013 19:15:32:	Word Counts (11/32) switched to READY
03/07/2013 19:15:32:	Count Words (11/32) switched to STARTING
03/07/2013 19:15:32:	Word Counts (11/32) switched to STARTING
03/07/2013 19:15:32:	Word Counts (3/32) switched to RUNNING
03/07/2013 19:15:32:	Count Words (14/32) switched to RUNNING
03/07/2013 19:15:32:	Word Counts (14/32) switched to RUNNING
03/07/2013 19:15:32:	Count Words (11/32) switched to RUNNING
03/07/2013 19:15:32:	Word Counts (11/32) switched to RUNNING
03/07/2013 19:15:33:	Count Words (10/32) switched to READY
03/07/2013 19:15:33:	Word Counts (10/32) switched to READY
03/07/2013 19:15:33:	Count Words (10/32) switched to STARTING
03/07/2013 19:15:33:	Word Counts (10/32) switched to STARTING
03/07/2013 19:15:33:	Count Words (32/32) switched to READY
03/07/2013 19:15:33:	Word Counts (32/32) switched to READY
03/07/2013 19:15:33:	Count Words (32/32) switched to STARTING
03/07/2013 19:15:33:	Word Counts (32/32) switched to STARTING
03/07/2013 19:15:33:	Count Words (10/32) switched to RUNNING
03/07/2013 19:15:33:	Word Counts (10/32) switched to RUNNING
03/07/2013 19:15:33:	Count Words (32/32) switched to RUNNING
03/07/2013 19:15:33:	Count Words (5/32) switched to READY
03/07/2013 19:15:33:	Word Counts (5/32) switched to READY
03/07/2013 19:15:33:	Count Words (5/32) switched to STARTING
03/07/2013 19:15:33:	Word Counts (5/32) switched to STARTING
03/07/2013 19:15:33:	Word Counts (32/32) switched to RUNNING
03/07/2013 19:15:33:	Count Words (15/32) switched to READY
03/07/2013 19:15:33:	Word Counts (15/32) switched to READY
03/07/2013 19:15:33:	Count Words (15/32) switched to STARTING
03/07/2013 19:15:33:	Word Counts (15/32) switched to STARTING
03/07/2013 19:15:33:	Count Words (23/32) switched to READY
03/07/2013 19:15:33:	Word Counts (23/32) switched to READY
03/07/2013 19:15:33:	Count Words (23/32) switched to STARTING
03/07/2013 19:15:33:	Word Counts (23/32) switched to STARTING
03/07/2013 19:15:33:	Count Words (15/32) switched to RUNNING
03/07/2013 19:15:33:	Count Words (23/32) switched to RUNNING
03/07/2013 19:15:33:	Word Counts (23/32) switched to RUNNING
03/07/2013 19:15:33:	Count Words (30/32) switched to READY
03/07/2013 19:15:33:	Word Counts (30/32) switched to READY
03/07/2013 19:15:33:	Count Words (30/32) switched to STARTING
03/07/2013 19:15:33:	Word Counts (30/32) switched to STARTING
03/07/2013 19:15:33:	Word Counts (15/32) switched to RUNNING
03/07/2013 19:15:33:	Count Words (17/32) switched to READY
03/07/2013 19:15:33:	Word Counts (17/32) switched to READY
03/07/2013 19:15:33:	Count Words (17/32) switched to STARTING
03/07/2013 19:15:33:	Word Counts (17/32) switched to STARTING
03/07/2013 19:15:33:	Count Words (17/32) switched to RUNNING
03/07/2013 19:15:33:	Word Counts (17/32) switched to RUNNING
03/07/2013 19:15:33:	Count Words (30/32) switched to RUNNING
03/07/2013 19:15:33:	Word Counts (30/32) switched to RUNNING
03/07/2013 19:15:33:	Count Words (9/32) switched to READY
03/07/2013 19:15:33:	Word Counts (9/32) switched to READY
03/07/2013 19:15:33:	Count Words (9/32) switched to STARTING
03/07/2013 19:15:33:	Word Counts (9/32) switched to STARTING
03/07/2013 19:15:33:	Count Words (9/32) switched to RUNNING
03/07/2013 19:15:33:	Word Counts (9/32) switched to RUNNING
03/07/2013 19:15:33:	Count Words (5/32) switched to RUNNING
03/07/2013 19:15:33:	Word Counts (5/32) switched to RUNNING
03/07/2013 19:16:27:	Input Lines (22/32) switched to FINISHING
03/07/2013 19:16:28:	Input Lines (9/32) switched to FINISHING
03/07/2013 19:16:28:	Input Lines (20/32) switched to FINISHING
03/07/2013 19:16:29:	Input Lines (27/32) switched to FINISHING
03/07/2013 19:16:30:	Input Lines (14/32) switched to FINISHING
03/07/2013 19:16:30:	Input Lines (17/32) switched to FINISHING
03/07/2013 19:16:30:	Input Lines (1/32) switched to FINISHING
03/07/2013 19:16:31:	Input Lines (3/32) switched to FINISHING
03/07/2013 19:16:31:	Input Lines (6/32) switched to FINISHING
03/07/2013 19:16:31:	Input Lines (4/32) switched to FINISHING
03/07/2013 19:16:31:	Input Lines (7/32) switched to FINISHING
03/07/2013 19:16:31:	Input Lines (15/32) switched to FINISHING
03/07/2013 19:16:31:	Input Lines (16/32) switched to FINISHING
03/07/2013 19:16:32:	Input Lines (25/32) switched to FINISHING
03/07/2013 19:16:32:	Input Lines (30/32) switched to FINISHING
03/07/2013 19:16:32:	Input Lines (13/32) switched to FINISHING
03/07/2013 19:16:32:	Input Lines (24/32) switched to FINISHING
03/07/2013 19:16:32:	Input Lines (12/32) switched to FINISHING
03/07/2013 19:16:32:	Input Lines (28/32) switched to FINISHING
03/07/2013 19:16:32:	Input Lines (21/32) switched to FINISHING
03/07/2013 19:16:33:	Input Lines (5/32) switched to FINISHING
03/07/2013 19:16:33:	Input Lines (18/32) switched to FINISHING
03/07/2013 19:16:33:	Input Lines (29/32) switched to FINISHING
03/07/2013 19:16:34:	Input Lines (11/32) switched to FINISHING
03/07/2013 19:16:34:	Input Lines (8/32) switched to FINISHING
03/07/2013 19:16:35:	Input Lines (2/32) switched to FINISHING
03/07/2013 19:16:35:	Input Lines (31/32) switched to FINISHING
03/07/2013 19:16:35:	Input Lines (23/32) switched to FINISHING
03/07/2013 19:16:35:	Input Lines (10/32) switched to FINISHING
03/07/2013 19:16:35:	Input Lines (19/32) switched to FINISHING
03/07/2013 19:16:36:	Input Lines (32/32) switched to FINISHING
03/07/2013 19:16:37:	Input Lines (26/32) switched to FINISHING
03/07/2013 19:16:43:	Count Words (10/32) switched to FINISHING
03/07/2013 19:16:43:	Word Counts (10/32) switched to FINISHING
03/07/2013 19:16:43:	Word Counts (10/32) switched to FINISHED
03/07/2013 19:16:43:	Count Words (10/32) switched to FINISHED
03/07/2013 19:16:43:	Count Words (30/32) switched to FINISHING
03/07/2013 19:16:43:	Count Words (11/32) switched to FINISHING
03/07/2013 19:16:43:	Word Counts (11/32) switched to FINISHING
03/07/2013 19:16:43:	Word Counts (11/32) switched to FINISHED
03/07/2013 19:16:43:	Word Counts (30/32) switched to FINISHING
03/07/2013 19:16:43:	Word Counts (30/32) switched to FINISHED
03/07/2013 19:16:43:	Count Words (30/32) switched to FINISHED
03/07/2013 19:16:43:	Count Words (11/32) switched to FINISHED
03/07/2013 19:16:43:	Count Words (15/32) switched to FINISHING
03/07/2013 19:16:43:	Word Counts (15/32) switched to FINISHING
03/07/2013 19:16:43:	Word Counts (15/32) switched to FINISHED
03/07/2013 19:16:43:	Count Words (9/32) switched to FINISHING
03/07/2013 19:16:43:	Word Counts (9/32) switched to FINISHING
03/07/2013 19:16:43:	Word Counts (9/32) switched to FINISHED
03/07/2013 19:16:43:	Count Words (15/32) switched to FINISHED
03/07/2013 19:16:43:	Count Words (9/32) switched to FINISHED
03/07/2013 19:16:43:	Count Words (1/32) switched to FINISHING
03/07/2013 19:16:43:	Word Counts (1/32) switched to FINISHING
03/07/2013 19:16:43:	Word Counts (1/32) switched to FINISHED
03/07/2013 19:16:43:	Count Words (1/32) switched to FINISHED
03/07/2013 19:16:43:	Count Words (28/32) switched to FINISHING
03/07/2013 19:16:43:	Word Counts (28/32) switched to FINISHING
03/07/2013 19:16:43:	Word Counts (28/32) switched to FINISHED
03/07/2013 19:16:44:	Count Words (28/32) switched to FINISHED
03/07/2013 19:16:44:	Count Words (23/32) switched to FINISHING
03/07/2013 19:16:44:	Word Counts (23/32) switched to FINISHING
03/07/2013 19:16:44:	Word Counts (23/32) switched to FINISHED
03/07/2013 19:16:44:	Count Words (17/32) switched to FINISHING
03/07/2013 19:16:44:	Word Counts (17/32) switched to FINISHING
03/07/2013 19:16:44:	Word Counts (17/32) switched to FINISHED
03/07/2013 19:16:44:	Count Words (5/32) switched to FINISHING
03/07/2013 19:16:44:	Word Counts (5/32) switched to FINISHING
03/07/2013 19:16:44:	Word Counts (5/32) switched to FINISHED
03/07/2013 19:16:44:	Count Words (23/32) switched to FINISHED
03/07/2013 19:16:44:	Count Words (17/32) switched to FINISHED
03/07/2013 19:16:44:	Count Words (5/32) switched to FINISHED
03/07/2013 19:16:44:	Count Words (3/32) switched to FINISHING
03/07/2013 19:16:44:	Word Counts (3/32) switched to FINISHING
03/07/2013 19:16:44:	Word Counts (3/32) switched to FINISHED
03/07/2013 19:16:44:	Count Words (3/32) switched to FINISHED
03/07/2013 19:16:44:	Count Words (8/32) switched to FINISHING
03/07/2013 19:16:44:	Word Counts (8/32) switched to FINISHING
03/07/2013 19:16:44:	Word Counts (8/32) switched to FINISHED
03/07/2013 19:16:44:	Count Words (27/32) switched to FINISHING
03/07/2013 19:16:44:	Word Counts (27/32) switched to FINISHING
03/07/2013 19:16:44:	Word Counts (27/32) switched to FINISHED
03/07/2013 19:16:44:	Count Words (22/32) switched to FINISHING
03/07/2013 19:16:44:	Word Counts (22/32) switched to FINISHING
03/07/2013 19:16:44:	Word Counts (22/32) switched to FINISHED
03/07/2013 19:16:44:	Count Words (8/32) switched to FINISHED
03/07/2013 19:16:44:	Count Words (27/32) switched to FINISHED
03/07/2013 19:16:44:	Count Words (22/32) switched to FINISHED
03/07/2013 19:16:44:	Count Words (20/32) switched to FINISHING
03/07/2013 19:16:44:	Word Counts (20/32) switched to FINISHING
03/07/2013 19:16:44:	Word Counts (20/32) switched to FINISHED
03/07/2013 19:16:44:	Count Words (25/32) switched to FINISHING
03/07/2013 19:16:44:	Word Counts (25/32) switched to FINISHING
03/07/2013 19:16:44:	Word Counts (25/32) switched to FINISHED
03/07/2013 19:16:44:	Count Words (20/32) switched to FINISHED
03/07/2013 19:16:45:	Count Words (31/32) switched to FINISHING
03/07/2013 19:16:45:	Word Counts (31/32) switched to FINISHING
03/07/2013 19:16:45:	Word Counts (31/32) switched to FINISHED
03/07/2013 19:16:45:	Count Words (2/32) switched to FINISHING
03/07/2013 19:16:45:	Count Words (25/32) switched to FINISHED
03/07/2013 19:16:45:	Count Words (7/32) switched to FINISHING
03/07/2013 19:16:45:	Word Counts (2/32) switched to FINISHING
03/07/2013 19:16:45:	Word Counts (7/32) switched to FINISHING
03/07/2013 19:16:45:	Word Counts (2/32) switched to FINISHED
03/07/2013 19:16:45:	Word Counts (7/32) switched to FINISHED
03/07/2013 19:16:45:	Count Words (31/32) switched to FINISHED
03/07/2013 19:16:45:	Count Words (4/32) switched to FINISHING
03/07/2013 19:16:45:	Word Counts (4/32) switched to FINISHING
03/07/2013 19:16:45:	Word Counts (4/32) switched to FINISHED
03/07/2013 19:16:45:	Count Words (2/32) switched to FINISHED
03/07/2013 19:16:45:	Count Words (7/32) switched to FINISHED
03/07/2013 19:16:45:	Count Words (26/32) switched to FINISHING
03/07/2013 19:16:45:	Word Counts (26/32) switched to FINISHING
03/07/2013 19:16:45:	Word Counts (26/32) switched to FINISHED
03/07/2013 19:16:45:	Count Words (4/32) switched to FINISHED
03/07/2013 19:16:45:	Count Words (26/32) switched to FINISHED
03/07/2013 19:16:45:	Count Words (18/32) switched to FINISHING
03/07/2013 19:16:45:	Word Counts (18/32) switched to FINISHING
03/07/2013 19:16:45:	Word Counts (18/32) switched to FINISHED
03/07/2013 19:16:45:	Count Words (13/32) switched to FINISHING
03/07/2013 19:16:45:	Word Counts (13/32) switched to FINISHING
03/07/2013 19:16:45:	Word Counts (13/32) switched to FINISHED
03/07/2013 19:16:45:	Count Words (14/32) switched to FINISHING
03/07/2013 19:16:45:	Count Words (18/32) switched to FINISHED
03/07/2013 19:16:45:	Word Counts (14/32) switched to FINISHING
03/07/2013 19:16:45:	Word Counts (14/32) switched to FINISHED
03/07/2013 19:16:45:	Count Words (13/32) switched to FINISHED
03/07/2013 19:16:45:	Count Words (6/32) switched to FINISHING
03/07/2013 19:16:45:	Count Words (14/32) switched to FINISHED
03/07/2013 19:16:45:	Word Counts (6/32) switched to FINISHING
03/07/2013 19:16:45:	Word Counts (6/32) switched to FINISHED
03/07/2013 19:16:45:	Count Words (12/32) switched to FINISHING
03/07/2013 19:16:45:	Word Counts (12/32) switched to FINISHING
03/07/2013 19:16:45:	Word Counts (12/32) switched to FINISHED
03/07/2013 19:16:45:	Count Words (6/32) switched to FINISHED
03/07/2013 19:16:45:	Count Words (12/32) switched to FINISHED
03/07/2013 19:16:45:	Count Words (24/32) switched to FINISHING
03/07/2013 19:16:45:	Word Counts (24/32) switched to FINISHING
03/07/2013 19:16:45:	Word Counts (24/32) switched to FINISHED
03/07/2013 19:16:46:	Count Words (32/32) switched to FINISHING
03/07/2013 19:16:46:	Word Counts (32/32) switched to FINISHING
03/07/2013 19:16:46:	Word Counts (32/32) switched to FINISHED
03/07/2013 19:16:46:	Count Words (24/32) switched to FINISHED
03/07/2013 19:16:46:	Count Words (32/32) switched to FINISHED
03/07/2013 19:16:46:	Count Words (16/32) switched to FINISHING
03/07/2013 19:16:46:	Word Counts (16/32) switched to FINISHING
03/07/2013 19:16:46:	Word Counts (16/32) switched to FINISHED
03/07/2013 19:16:46:	Count Words (16/32) switched to FINISHED
03/07/2013 19:16:46:	Count Words (29/32) switched to FINISHING
03/07/2013 19:16:46:	Word Counts (29/32) switched to FINISHING
03/07/2013 19:16:46:	Word Counts (29/32) switched to FINISHED
03/07/2013 19:16:46:	Count Words (21/32) switched to FINISHING
03/07/2013 19:16:46:	Count Words (29/32) switched to FINISHED
03/07/2013 19:16:46:	Word Counts (21/32) switched to FINISHING
03/07/2013 19:16:46:	Word Counts (21/32) switched to FINISHED
03/07/2013 19:16:46:	Count Words (19/32) switched to FINISHING
03/07/2013 19:16:46:	Input Lines (22/32) switched to FINISHED
03/07/2013 19:16:46:	Input Lines (9/32) switched to FINISHED
03/07/2013 19:16:46:	Input Lines (15/32) switched to FINISHED
03/07/2013 19:16:46:	Input Lines (14/32) switched to FINISHED
03/07/2013 19:16:46:	Word Counts (19/32) switched to FINISHING
03/07/2013 19:16:46:	Word Counts (19/32) switched to FINISHED
03/07/2013 19:16:46:	Input Lines (30/32) switched to FINISHED
03/07/2013 19:16:46:	Input Lines (16/32) switched to FINISHED
03/07/2013 19:16:46:	Input Lines (12/32) switched to FINISHED
03/07/2013 19:16:46:	Input Lines (13/32) switched to FINISHED
03/07/2013 19:16:46:	Input Lines (10/32) switched to FINISHED
03/07/2013 19:16:46:	Input Lines (26/32) switched to FINISHED
03/07/2013 19:16:46:	Input Lines (25/32) switched to FINISHED
03/07/2013 19:16:46:	Input Lines (28/32) switched to FINISHED
03/07/2013 19:16:46:	Input Lines (11/32) switched to FINISHED
03/07/2013 19:16:46:	Count Words (21/32) switched to FINISHED
03/07/2013 19:16:46:	Input Lines (32/32) switched to FINISHED
03/07/2013 19:16:46:	Input Lines (19/32) switched to FINISHED
03/07/2013 19:16:46:	Input Lines (31/32) switched to FINISHED
03/07/2013 19:16:46:	Input Lines (20/32) switched to FINISHED
03/07/2013 19:16:46:	Input Lines (18/32) switched to FINISHED
03/07/2013 19:16:46:	Input Lines (3/32) switched to FINISHED
03/07/2013 19:16:46:	Input Lines (24/32) switched to FINISHED
03/07/2013 19:16:46:	Input Lines (17/32) switched to FINISHED
03/07/2013 19:16:46:	Input Lines (1/32) switched to FINISHED
03/07/2013 19:16:46:	Input Lines (21/32) switched to FINISHED
03/07/2013 19:16:46:	Input Lines (5/32) switched to FINISHED
03/07/2013 19:16:46:	Input Lines (4/32) switched to FINISHED
03/07/2013 19:16:46:	Input Lines (7/32) switched to FINISHED
03/07/2013 19:16:46:	Input Lines (2/32) switched to FINISHED
03/07/2013 19:16:46:	Input Lines (23/32) switched to FINISHED
03/07/2013 19:16:46:	Input Lines (6/32) switched to FINISHED
03/07/2013 19:16:46:	Count Words (19/32) switched to FINISHED
03/07/2013 19:16:46:	Input Lines (27/32) switched to FINISHED
03/07/2013 19:16:46:	Input Lines (29/32) switched to FINISHED
03/07/2013 19:16:46:	Job execution switched to status FINISHED
Job duration (in ms): 77796
Job successfully submitted
