13/03/08 22:02:20 INFO mapred.FileInputFormat: Total input paths to process : 120
13/03/08 22:02:20 INFO util.NativeCodeLoader: Loaded the native-hadoop library
13/03/08 22:02:20 WARN snappy.LoadSnappy: Snappy native library not loaded
13/03/08 22:02:21 INFO zlib.ZlibFactory: Successfully loaded & initialized native-zlib library
13/03/08 22:02:21 INFO compress.CodecPool: Got brand-new compressor
13/03/08 22:02:22 INFO mapred.FileInputFormat: Total input paths to process : 120
13/03/08 22:02:22 INFO mapred.JobClient: Running job: job_201303082202_0001
13/03/08 22:02:23 INFO mapred.JobClient:  map 0% reduce 0%
13/03/08 22:02:40 INFO mapred.JobClient:  map 3% reduce 0%
13/03/08 22:02:43 INFO mapred.JobClient:  map 10% reduce 0%
13/03/08 22:02:46 INFO mapred.JobClient:  map 49% reduce 0%
13/03/08 22:02:55 INFO mapred.JobClient:  map 53% reduce 0%
13/03/08 22:03:01 INFO mapred.JobClient:  map 98% reduce 0%
13/03/08 22:03:04 INFO mapred.JobClient:  map 99% reduce 1%
13/03/08 22:03:07 INFO mapred.JobClient:  map 99% reduce 5%
13/03/08 22:03:10 INFO mapred.JobClient:  map 99% reduce 8%
13/03/08 22:03:13 INFO mapred.JobClient:  map 100% reduce 13%
13/03/08 22:03:16 INFO mapred.JobClient:  map 100% reduce 16%
13/03/08 22:03:19 INFO mapred.JobClient:  map 100% reduce 21%
13/03/08 22:03:22 INFO mapred.JobClient:  map 100% reduce 26%
13/03/08 22:03:25 INFO mapred.JobClient:  map 100% reduce 33%
13/03/08 22:03:28 INFO mapred.JobClient:  map 100% reduce 44%
13/03/08 22:03:31 INFO mapred.JobClient:  map 100% reduce 52%
13/03/08 22:03:34 INFO mapred.JobClient:  map 100% reduce 62%
13/03/08 22:03:37 INFO mapred.JobClient:  map 100% reduce 69%
13/03/08 22:03:40 INFO mapred.JobClient:  map 100% reduce 74%
13/03/08 22:03:43 INFO mapred.JobClient:  map 100% reduce 76%
13/03/08 22:03:46 INFO mapred.JobClient:  map 100% reduce 78%
13/03/08 22:03:49 INFO mapred.JobClient:  map 100% reduce 80%
13/03/08 22:03:52 INFO mapred.JobClient:  map 100% reduce 82%
13/03/08 22:03:55 INFO mapred.JobClient:  map 100% reduce 84%
13/03/08 22:03:58 INFO mapred.JobClient:  map 100% reduce 86%
13/03/08 22:04:01 INFO mapred.JobClient:  map 100% reduce 88%
13/03/08 22:04:04 INFO mapred.JobClient:  map 100% reduce 90%
13/03/08 22:04:07 INFO mapred.JobClient:  map 100% reduce 91%
13/03/08 22:04:10 INFO mapred.JobClient:  map 100% reduce 93%
13/03/08 22:04:13 INFO mapred.JobClient:  map 100% reduce 94%
13/03/08 22:04:16 INFO mapred.JobClient:  map 100% reduce 95%
13/03/08 22:04:19 INFO mapred.JobClient:  map 100% reduce 96%
13/03/08 22:04:22 INFO mapred.JobClient:  map 100% reduce 97%
13/03/08 22:04:25 INFO mapred.JobClient:  map 100% reduce 98%
13/03/08 22:04:28 INFO mapred.JobClient:  map 100% reduce 99%
13/03/08 22:06:53 INFO mapred.JobClient:  map 100% reduce 100%
13/03/08 22:06:58 INFO mapred.JobClient: Job complete: job_201303082202_0001
13/03/08 22:06:58 INFO mapred.JobClient: Counters: 31
13/03/08 22:06:58 INFO mapred.JobClient:   Job Counters 
13/03/08 22:06:58 INFO mapred.JobClient:     Launched reduce tasks=120
13/03/08 22:06:58 INFO mapred.JobClient:     SLOTS_MILLIS_MAPS=3236317
13/03/08 22:06:58 INFO mapred.JobClient:     Total time spent by all reduces waiting after reserving slots (ms)=0
13/03/08 22:06:58 INFO mapred.JobClient:     Total time spent by all maps waiting after reserving slots (ms)=0
13/03/08 22:06:58 INFO mapred.JobClient:     Rack-local map tasks=16
13/03/08 22:06:58 INFO mapred.JobClient:     Launched map tasks=240
13/03/08 22:06:58 INFO mapred.JobClient:     Data-local map tasks=224
13/03/08 22:06:58 INFO mapred.JobClient:     SLOTS_MILLIS_REDUCES=8863053
13/03/08 22:06:58 INFO mapred.JobClient:   File Input Format Counters 
13/03/08 22:06:58 INFO mapred.JobClient:     Bytes Read=30062914680
13/03/08 22:06:58 INFO mapred.JobClient:   File Output Format Counters 
13/03/08 22:06:58 INFO mapred.JobClient:     Bytes Written=30300000000
13/03/08 22:06:58 INFO mapred.JobClient:   FileSystemCounters
13/03/08 22:06:58 INFO mapred.JobClient:     FILE_BYTES_READ=30900807600
13/03/08 22:06:58 INFO mapred.JobClient:     HDFS_BYTES_READ=30062950440
13/03/08 22:06:58 INFO mapred.JobClient:     FILE_BYTES_WRITTEN=61809269492
13/03/08 22:06:58 INFO mapred.JobClient:     HDFS_BYTES_WRITTEN=30300000000
13/03/08 22:06:58 INFO mapred.JobClient:   Map-Reduce Framework
13/03/08 22:06:58 INFO mapred.JobClient:     Map output materialized bytes=30900172800
13/03/08 22:06:58 INFO mapred.JobClient:     Map input records=300000000
13/03/08 22:06:58 INFO mapred.JobClient:     Reduce shuffle bytes=30788586581
13/03/08 22:06:58 INFO mapred.JobClient:     Spilled Records=600000000
13/03/08 22:06:58 INFO mapred.JobClient:     Map output bytes=30300000000
13/03/08 22:06:58 INFO mapred.JobClient:     Total committed heap usage (bytes)=548379951104
13/03/08 22:06:58 INFO mapred.JobClient:     CPU time spent (ms)=8873820
13/03/08 22:06:58 INFO mapred.JobClient:     Map input bytes=30000000000
13/03/08 22:06:58 INFO mapred.JobClient:     SPLIT_RAW_BYTES=35760
13/03/08 22:06:58 INFO mapred.JobClient:     Combine input records=0
13/03/08 22:06:58 INFO mapred.JobClient:     Reduce input records=300000000
13/03/08 22:06:58 INFO mapred.JobClient:     Reduce input groups=300000000
13/03/08 22:06:58 INFO mapred.JobClient:     Combine output records=0
13/03/08 22:06:58 INFO mapred.JobClient:     Physical memory (bytes) snapshot=398964666368
13/03/08 22:06:58 INFO mapred.JobClient:     Reduce output records=300000000
13/03/08 22:06:58 INFO mapred.JobClient:     Virtual memory (bytes) snapshot=904393330688
13/03/08 22:06:58 INFO mapred.JobClient:     Map output records=300000000
