13/03/08 23:33:44 INFO input.FileInputFormat: Total input paths to process : 160
13/03/08 23:33:44 INFO util.NativeCodeLoader: Loaded the native-hadoop library
13/03/08 23:33:44 WARN snappy.LoadSnappy: Snappy native library not loaded
13/03/08 23:33:44 INFO mapred.JobClient: Running job: job_201303082329_0002
13/03/08 23:33:45 INFO mapred.JobClient:  map 0% reduce 0%
13/03/08 23:34:02 INFO mapred.JobClient:  map 4% reduce 0%
13/03/08 23:34:05 INFO mapred.JobClient:  map 6% reduce 0%
13/03/08 23:34:11 INFO mapred.JobClient:  map 7% reduce 0%
13/03/08 23:34:14 INFO mapred.JobClient:  map 10% reduce 0%
13/03/08 23:34:17 INFO mapred.JobClient:  map 12% reduce 0%
13/03/08 23:34:23 INFO mapred.JobClient:  map 13% reduce 0%
13/03/08 23:34:26 INFO mapred.JobClient:  map 16% reduce 0%
13/03/08 23:34:29 INFO mapred.JobClient:  map 17% reduce 0%
13/03/08 23:34:32 INFO mapred.JobClient:  map 18% reduce 0%
13/03/08 23:34:35 INFO mapred.JobClient:  map 19% reduce 0%
13/03/08 23:34:38 INFO mapred.JobClient:  map 22% reduce 0%
13/03/08 23:34:41 INFO mapred.JobClient:  map 23% reduce 0%
13/03/08 23:34:47 INFO mapred.JobClient:  map 26% reduce 0%
13/03/08 23:34:50 INFO mapred.JobClient:  map 28% reduce 0%
13/03/08 23:34:53 INFO mapred.JobClient:  map 29% reduce 0%
13/03/08 23:34:56 INFO mapred.JobClient:  map 30% reduce 0%
13/03/08 23:34:59 INFO mapred.JobClient:  map 33% reduce 0%
13/03/08 23:35:02 INFO mapred.JobClient:  map 34% reduce 0%
13/03/08 23:35:05 INFO mapred.JobClient:  map 35% reduce 0%
13/03/08 23:35:08 INFO mapred.JobClient:  map 37% reduce 0%
13/03/08 23:35:11 INFO mapred.JobClient:  map 39% reduce 0%
13/03/08 23:35:14 INFO mapred.JobClient:  map 40% reduce 0%
13/03/08 23:35:18 INFO mapred.JobClient:  map 41% reduce 0%
13/03/08 23:35:21 INFO mapred.JobClient:  map 44% reduce 0%
13/03/08 23:35:24 INFO mapred.JobClient:  map 45% reduce 0%
13/03/08 23:35:27 INFO mapred.JobClient:  map 46% reduce 0%
13/03/08 23:35:30 INFO mapred.JobClient:  map 48% reduce 0%
13/03/08 23:35:33 INFO mapred.JobClient:  map 49% reduce 0%
13/03/08 23:35:39 INFO mapred.JobClient:  map 50% reduce 0%
13/03/08 23:35:51 INFO mapred.JobClient:  map 52% reduce 1%
13/03/08 23:35:54 INFO mapred.JobClient:  map 55% reduce 3%
13/03/08 23:35:57 INFO mapred.JobClient:  map 57% reduce 6%
13/03/08 23:36:00 INFO mapred.JobClient:  map 58% reduce 7%
13/03/08 23:36:03 INFO mapred.JobClient:  map 60% reduce 10%
13/03/08 23:36:06 INFO mapred.JobClient:  map 61% reduce 12%
13/03/08 23:36:09 INFO mapred.JobClient:  map 63% reduce 14%
13/03/08 23:36:12 INFO mapred.JobClient:  map 64% reduce 16%
13/03/08 23:36:15 INFO mapred.JobClient:  map 66% reduce 16%
13/03/08 23:36:18 INFO mapred.JobClient:  map 68% reduce 16%
13/03/08 23:36:21 INFO mapred.JobClient:  map 69% reduce 16%
13/03/08 23:36:24 INFO mapred.JobClient:  map 71% reduce 16%
13/03/08 23:36:27 INFO mapred.JobClient:  map 73% reduce 16%
13/03/08 23:36:30 INFO mapred.JobClient:  map 74% reduce 16%
13/03/08 23:36:33 INFO mapred.JobClient:  map 76% reduce 16%
13/03/08 23:36:36 INFO mapred.JobClient:  map 78% reduce 16%
13/03/08 23:36:39 INFO mapred.JobClient:  map 79% reduce 16%
13/03/08 23:36:42 INFO mapred.JobClient:  map 81% reduce 16%
13/03/08 23:36:45 INFO mapred.JobClient:  map 82% reduce 16%
13/03/08 23:36:48 INFO mapred.JobClient:  map 84% reduce 16%
13/03/08 23:36:51 INFO mapred.JobClient:  map 86% reduce 16%
13/03/08 23:36:54 INFO mapred.JobClient:  map 87% reduce 16%
13/03/08 23:36:57 INFO mapred.JobClient:  map 89% reduce 16%
13/03/08 23:37:00 INFO mapred.JobClient:  map 91% reduce 16%
13/03/08 23:37:03 INFO mapred.JobClient:  map 92% reduce 16%
13/03/08 23:37:06 INFO mapred.JobClient:  map 94% reduce 16%
13/03/08 23:37:09 INFO mapred.JobClient:  map 96% reduce 16%
13/03/08 23:37:12 INFO mapred.JobClient:  map 97% reduce 16%
13/03/08 23:37:15 INFO mapred.JobClient:  map 98% reduce 16%
13/03/08 23:37:18 INFO mapred.JobClient:  map 99% reduce 16%
13/03/08 23:37:24 INFO mapred.JobClient:  map 99% reduce 17%
13/03/08 23:37:27 INFO mapred.JobClient:  map 100% reduce 18%
13/03/08 23:37:30 INFO mapred.JobClient:  map 100% reduce 20%
13/03/08 23:37:33 INFO mapred.JobClient:  map 100% reduce 23%
13/03/08 23:37:36 INFO mapred.JobClient:  map 100% reduce 27%
13/03/08 23:37:39 INFO mapred.JobClient:  map 100% reduce 31%
13/03/08 23:37:42 INFO mapred.JobClient:  map 100% reduce 32%
13/03/08 23:37:48 INFO mapred.JobClient:  map 100% reduce 48%
13/03/08 23:37:51 INFO mapred.JobClient:  map 100% reduce 82%
13/03/08 23:37:54 INFO mapred.JobClient:  map 100% reduce 99%
13/03/08 23:40:54 INFO mapred.JobClient:  map 100% reduce 100%
13/03/08 23:40:59 INFO mapred.JobClient: Job complete: job_201303082329_0002
13/03/08 23:40:59 INFO mapred.JobClient: Counters: 30
13/03/08 23:40:59 INFO mapred.JobClient:   Job Counters 
13/03/08 23:40:59 INFO mapred.JobClient:     Launched reduce tasks=160
13/03/08 23:40:59 INFO mapred.JobClient:     SLOTS_MILLIS_MAPS=33356118
13/03/08 23:40:59 INFO mapred.JobClient:     Total time spent by all reduces waiting after reserving slots (ms)=0
13/03/08 23:40:59 INFO mapred.JobClient:     Total time spent by all maps waiting after reserving slots (ms)=0
13/03/08 23:40:59 INFO mapred.JobClient:     Rack-local map tasks=11
13/03/08 23:40:59 INFO mapred.JobClient:     Launched map tasks=320
13/03/08 23:40:59 INFO mapred.JobClient:     Data-local map tasks=309
13/03/08 23:40:59 INFO mapred.JobClient:     SLOTS_MILLIS_REDUCES=18924515
13/03/08 23:40:59 INFO mapred.JobClient:   File Output Format Counters 
13/03/08 23:40:59 INFO mapred.JobClient:     Bytes Written=10215782
13/03/08 23:40:59 INFO mapred.JobClient:   FileSystemCounters
13/03/08 23:40:59 INFO mapred.JobClient:     FILE_BYTES_READ=216691084404
13/03/08 23:40:59 INFO mapred.JobClient:     HDFS_BYTES_READ=42464429502
13/03/08 23:40:59 INFO mapred.JobClient:     FILE_BYTES_WRITTEN=8954723206
13/03/08 23:40:59 INFO mapred.JobClient:     HDFS_BYTES_WRITTEN=10215782
13/03/08 23:40:59 INFO mapred.JobClient:   File Input Format Counters 
13/03/08 23:40:59 INFO mapred.JobClient:     Bytes Read=42464377342
13/03/08 23:40:59 INFO mapred.JobClient:   Map-Reduce Framework
13/03/08 23:40:59 INFO mapred.JobClient:     Map output materialized bytes=1589725802
13/03/08 23:40:59 INFO mapred.JobClient:     Map input records=227988561
13/03/08 23:40:59 INFO mapred.JobClient:     Reduce shuffle bytes=1585892538
13/03/08 23:40:59 INFO mapred.JobClient:     Spilled Records=611910389
13/03/08 23:40:59 INFO mapred.JobClient:     Map output bytes=73009071166
13/03/08 23:40:59 INFO mapred.JobClient:     Total committed heap usage (bytes)=743512342528
13/03/08 23:40:59 INFO mapred.JobClient:     CPU time spent (ms)=42071520
13/03/08 23:40:59 INFO mapred.JobClient:     Combine input records=8073297676
13/03/08 23:40:59 INFO mapred.JobClient:     SPLIT_RAW_BYTES=52160
13/03/08 23:40:59 INFO mapred.JobClient:     Reduce input records=107312369
13/03/08 23:40:59 INFO mapred.JobClient:     Reduce input groups=799990
13/03/08 23:40:59 INFO mapred.JobClient:     Combine output records=504598020
13/03/08 23:40:59 INFO mapred.JobClient:     Physical memory (bytes) snapshot=580197269504
13/03/08 23:40:59 INFO mapred.JobClient:     Reduce output records=799990
13/03/08 23:40:59 INFO mapred.JobClient:     Virtual memory (bytes) snapshot=1205221486592
13/03/08 23:40:59 INFO mapred.JobClient:     Map output records=7676012025
