00:09:55,637 WARN  eu.stratosphere.nephele.configuration.GlobalConfiguration     - Cannot load configuration: unknown element plugins
00:09:55,711 INFO  eu.stratosphere.nephele.taskmanager.TaskManager               - Reading location of job manager from configuration
00:09:55,736 INFO  eu.stratosphere.nephele.taskmanager.TaskManager               - Determined address of job manager to be cloud-11.dima.tu-berlin.de/130.149.21.15:6002
00:09:55,761 INFO  eu.stratosphere.nephele.taskmanager.TaskManager               - Announcing connection information cloud-27 to job manager
00:09:55,887 INFO  eu.stratosphere.nephele.ipc.Server                            - IPC Server Responder: starting
00:09:55,887 INFO  eu.stratosphere.nephele.ipc.Server                            - IPC Server listener on 6122: starting
00:09:55,888 INFO  eu.stratosphere.nephele.ipc.Server                            - IPC Server handler 0 on 6122: starting
00:09:57,042 INFO  eu.stratosphere.nephele.taskmanager.bufferprovider.GlobalBufferPool  - Initialized global buffer pool with 32768 buffers with a size 32768 bytes each
00:09:57,069 INFO  eu.stratosphere.nephele.taskmanager.bytebuffered.ByteBufferedChannelManager  - Initialized byte buffered channel manager with sender-side spilling disabled
00:09:57,095 INFO  eu.stratosphere.nephele.instance.HardwareDescriptionFactory   - Found Tenured Gen pool (max: 24051843072, used: 0)
00:09:57,096 INFO  eu.stratosphere.nephele.taskmanager.TaskManager               - Initializing memory manager with 22528 megabytes of memory
00:10:23,521 INFO  eu.stratosphere.nephele.execution.ExecutionStateTransition    - TM: ExecutionState set from STARTING to RUNNING for task Data Source (80/160)
00:10:23,521 INFO  eu.stratosphere.nephele.execution.ExecutionStateTransition    - TM: ExecutionState set from STARTING to RUNNING for task Data Source (78/160)
00:10:23,521 INFO  eu.stratosphere.nephele.execution.ExecutionStateTransition    - TM: ExecutionState set from STARTING to RUNNING for task Data Source (73/160)
00:10:23,521 INFO  eu.stratosphere.nephele.execution.ExecutionStateTransition    - TM: ExecutionState set from STARTING to RUNNING for task Data Source (79/160)
00:10:23,521 INFO  eu.stratosphere.nephele.execution.ExecutionStateTransition    - TM: ExecutionState set from STARTING to RUNNING for task Data Source (74/160)
00:10:23,521 INFO  eu.stratosphere.nephele.execution.ExecutionStateTransition    - TM: ExecutionState set from STARTING to RUNNING for task Data Source (75/160)
00:10:23,521 INFO  eu.stratosphere.nephele.execution.ExecutionStateTransition    - TM: ExecutionState set from STARTING to RUNNING for task Data Source (76/160)
00:10:23,521 INFO  eu.stratosphere.nephele.execution.ExecutionStateTransition    - TM: ExecutionState set from STARTING to RUNNING for task Data Source (77/160)
00:10:23,528 INFO  eu.stratosphere.pact.runtime.task.DataSourceTask              - Start PACT code: Data Source (74/160)
00:10:23,526 INFO  eu.stratosphere.pact.runtime.task.DataSourceTask              - Start PACT code: Data Source (79/160)
00:10:23,525 INFO  eu.stratosphere.pact.runtime.task.DataSourceTask              - Start PACT code: Data Source (80/160)
00:10:23,529 INFO  eu.stratosphere.pact.runtime.task.DataSourceTask              - Start PACT code: Data Source (73/160)
00:10:23,531 INFO  eu.stratosphere.pact.runtime.task.DataSourceTask              - Start PACT code: Data Source (78/160)
00:10:23,532 INFO  eu.stratosphere.pact.runtime.task.DataSourceTask              - Start PACT code: Data Source (77/160)
00:10:23,534 INFO  eu.stratosphere.pact.runtime.task.DataSourceTask              - Start PACT code: Data Source (76/160)
00:10:23,536 INFO  eu.stratosphere.pact.runtime.task.DataSourceTask              - Start PACT code: Data Source (75/160)
00:10:24,929 INFO  eu.stratosphere.nephele.execution.ExecutionStateTransition    - TM: ExecutionState set from STARTING to RUNNING for task Data Sink (75/160)
00:10:24,931 INFO  eu.stratosphere.pact.runtime.task.DataSinkTask                - Start PACT code: Data Sink (75/160)
00:10:24,962 INFO  eu.stratosphere.nephele.execution.ExecutionStateTransition    - TM: ExecutionState set from STARTING to RUNNING for task Data Sink (80/160)
00:10:24,964 INFO  eu.stratosphere.pact.runtime.task.DataSinkTask                - Start PACT code: Data Sink (80/160)
00:10:25,121 INFO  eu.stratosphere.nephele.execution.ExecutionStateTransition    - TM: ExecutionState set from STARTING to RUNNING for task Data Sink (77/160)
00:10:25,122 INFO  eu.stratosphere.pact.runtime.task.DataSinkTask                - Start PACT code: Data Sink (77/160)
00:10:25,147 INFO  eu.stratosphere.nephele.execution.ExecutionStateTransition    - TM: ExecutionState set from STARTING to RUNNING for task Data Sink (76/160)
00:10:25,149 INFO  eu.stratosphere.pact.runtime.task.DataSinkTask                - Start PACT code: Data Sink (76/160)
00:10:25,160 INFO  eu.stratosphere.nephele.execution.ExecutionStateTransition    - TM: ExecutionState set from STARTING to RUNNING for task Data Sink (74/160)
00:10:25,161 INFO  eu.stratosphere.pact.runtime.task.DataSinkTask                - Start PACT code: Data Sink (74/160)
00:10:25,198 INFO  eu.stratosphere.nephele.execution.ExecutionStateTransition    - TM: ExecutionState set from STARTING to RUNNING for task Data Sink (73/160)
00:10:25,199 INFO  eu.stratosphere.pact.runtime.task.DataSinkTask                - Start PACT code: Data Sink (73/160)
00:10:25,358 INFO  eu.stratosphere.nephele.execution.ExecutionStateTransition    - TM: ExecutionState set from STARTING to RUNNING for task Data Sink (79/160)
00:10:25,360 INFO  eu.stratosphere.pact.runtime.task.DataSinkTask                - Start PACT code: Data Sink (79/160)
00:10:25,450 INFO  eu.stratosphere.nephele.execution.ExecutionStateTransition    - TM: ExecutionState set from STARTING to RUNNING for task Data Sink (78/160)
00:10:25,451 INFO  eu.stratosphere.pact.runtime.task.DataSinkTask                - Start PACT code: Data Sink (78/160)
00:10:43,022 INFO  eu.stratosphere.pact.runtime.task.DataSourceTask              - Finished PACT code: Data Source (78/160)
00:10:43,023 INFO  eu.stratosphere.nephele.execution.ExecutionStateTransition    - TM: ExecutionState set from RUNNING to FINISHING for task Data Source (78/160)
00:10:43,075 INFO  eu.stratosphere.pact.runtime.task.DataSourceTask              - Finished PACT code: Data Source (73/160)
00:10:43,075 INFO  eu.stratosphere.nephele.execution.ExecutionStateTransition    - TM: ExecutionState set from RUNNING to FINISHING for task Data Source (73/160)
00:10:43,248 INFO  eu.stratosphere.pact.runtime.task.DataSourceTask              - Finished PACT code: Data Source (76/160)
00:10:43,248 INFO  eu.stratosphere.nephele.execution.ExecutionStateTransition    - TM: ExecutionState set from RUNNING to FINISHING for task Data Source (76/160)
00:10:43,624 INFO  eu.stratosphere.pact.runtime.task.DataSourceTask              - Finished PACT code: Data Source (79/160)
00:10:43,625 INFO  eu.stratosphere.nephele.execution.ExecutionStateTransition    - TM: ExecutionState set from RUNNING to FINISHING for task Data Source (79/160)
00:10:44,474 INFO  eu.stratosphere.pact.runtime.task.DataSourceTask              - Finished PACT code: Data Source (74/160)
00:10:44,475 INFO  eu.stratosphere.nephele.execution.ExecutionStateTransition    - TM: ExecutionState set from RUNNING to FINISHING for task Data Source (74/160)
00:10:44,848 INFO  eu.stratosphere.pact.runtime.task.DataSourceTask              - Finished PACT code: Data Source (80/160)
00:10:44,848 INFO  eu.stratosphere.nephele.execution.ExecutionStateTransition    - TM: ExecutionState set from RUNNING to FINISHING for task Data Source (80/160)
00:10:45,793 INFO  eu.stratosphere.pact.runtime.task.DataSourceTask              - Finished PACT code: Data Source (77/160)
00:10:45,794 INFO  eu.stratosphere.nephele.execution.ExecutionStateTransition    - TM: ExecutionState set from RUNNING to FINISHING for task Data Source (77/160)
00:10:47,707 INFO  eu.stratosphere.pact.runtime.task.DataSourceTask              - Finished PACT code: Data Source (75/160)
00:10:47,708 INFO  eu.stratosphere.nephele.execution.ExecutionStateTransition    - TM: ExecutionState set from RUNNING to FINISHING for task Data Source (75/160)
00:12:01,127 INFO  eu.stratosphere.pact.runtime.task.DataSinkTask                - Finished PACT code: Data Sink (79/160)
00:12:01,127 INFO  eu.stratosphere.nephele.execution.ExecutionStateTransition    - TM: ExecutionState set from RUNNING to FINISHING for task Data Sink (79/160)
00:12:01,134 INFO  eu.stratosphere.nephele.execution.ExecutionStateTransition    - TM: ExecutionState set from FINISHING to FINISHED for task Data Sink (79/160)
00:12:10,914 INFO  eu.stratosphere.pact.runtime.task.DataSinkTask                - Finished PACT code: Data Sink (77/160)
00:12:10,914 INFO  eu.stratosphere.nephele.execution.ExecutionStateTransition    - TM: ExecutionState set from RUNNING to FINISHING for task Data Sink (77/160)
00:12:10,920 INFO  eu.stratosphere.nephele.execution.ExecutionStateTransition    - TM: ExecutionState set from FINISHING to FINISHED for task Data Sink (77/160)
00:12:11,133 INFO  eu.stratosphere.pact.runtime.task.DataSinkTask                - Finished PACT code: Data Sink (74/160)
00:12:11,134 INFO  eu.stratosphere.nephele.execution.ExecutionStateTransition    - TM: ExecutionState set from RUNNING to FINISHING for task Data Sink (74/160)
00:12:11,140 INFO  eu.stratosphere.nephele.execution.ExecutionStateTransition    - TM: ExecutionState set from FINISHING to FINISHED for task Data Sink (74/160)
00:12:11,685 INFO  eu.stratosphere.pact.runtime.task.DataSinkTask                - Finished PACT code: Data Sink (80/160)
00:12:11,685 INFO  eu.stratosphere.nephele.execution.ExecutionStateTransition    - TM: ExecutionState set from RUNNING to FINISHING for task Data Sink (80/160)
00:12:11,692 INFO  eu.stratosphere.nephele.execution.ExecutionStateTransition    - TM: ExecutionState set from FINISHING to FINISHED for task Data Sink (80/160)
00:12:17,936 INFO  eu.stratosphere.pact.runtime.task.DataSinkTask                - Finished PACT code: Data Sink (78/160)
00:12:17,937 INFO  eu.stratosphere.nephele.execution.ExecutionStateTransition    - TM: ExecutionState set from RUNNING to FINISHING for task Data Sink (78/160)
00:12:17,943 INFO  eu.stratosphere.nephele.execution.ExecutionStateTransition    - TM: ExecutionState set from FINISHING to FINISHED for task Data Sink (78/160)
00:12:24,554 INFO  eu.stratosphere.pact.runtime.task.DataSinkTask                - Finished PACT code: Data Sink (75/160)
00:12:24,555 INFO  eu.stratosphere.nephele.execution.ExecutionStateTransition    - TM: ExecutionState set from RUNNING to FINISHING for task Data Sink (75/160)
00:12:24,561 INFO  eu.stratosphere.nephele.execution.ExecutionStateTransition    - TM: ExecutionState set from FINISHING to FINISHED for task Data Sink (75/160)
