11:52:10,737 WARN  eu.stratosphere.nephele.configuration.GlobalConfiguration     - Cannot load configuration: unknown element plugins
11:52:10,754 INFO  eu.stratosphere.nephele.taskmanager.TaskManager               - Reading location of job manager from configuration
11:52:10,773 INFO  eu.stratosphere.nephele.taskmanager.TaskManager               - Determined address of job manager to be cloud-7.dima.tu-berlin.de/130.149.21.11:6002
11:52:10,782 INFO  eu.stratosphere.nephele.taskmanager.TaskManager               - Announcing connection information cloud-8 to job manager
11:52:10,821 INFO  eu.stratosphere.nephele.ipc.Server                            - IPC Server Responder: starting
11:52:10,821 INFO  eu.stratosphere.nephele.ipc.Server                            - IPC Server listener on 6122: starting
11:52:10,821 INFO  eu.stratosphere.nephele.ipc.Server                            - IPC Server handler 0 on 6122: starting
11:52:11,546 INFO  eu.stratosphere.nephele.taskmanager.bufferprovider.GlobalBufferPool  - Initialized global buffer pool with 32768 buffers with a size 32768 bytes each
11:52:11,556 INFO  eu.stratosphere.nephele.taskmanager.bytebuffered.ByteBufferedChannelManager  - Initialized byte buffered channel manager with sender-side spilling disabled
11:52:11,566 INFO  eu.stratosphere.nephele.instance.HardwareDescriptionFactory   - Found Tenured Gen pool (max: 34404499456, used: 0)
11:52:11,567 INFO  eu.stratosphere.nephele.taskmanager.TaskManager               - Initializing memory manager with 22528 megabytes of memory
11:52:27,935 INFO  eu.stratosphere.nephele.execution.ExecutionStateTransition    - TM: ExecutionState set from STARTING to RUNNING for task Data Source (23/32)
11:52:27,936 INFO  eu.stratosphere.nephele.execution.ExecutionStateTransition    - TM: ExecutionState set from STARTING to RUNNING for task Data Source (24/32)
11:52:27,936 INFO  eu.stratosphere.nephele.execution.ExecutionStateTransition    - TM: ExecutionState set from STARTING to RUNNING for task Data Source (19/32)
11:52:27,935 INFO  eu.stratosphere.nephele.execution.ExecutionStateTransition    - TM: ExecutionState set from STARTING to RUNNING for task Data Source (22/32)
11:52:27,936 INFO  eu.stratosphere.nephele.execution.ExecutionStateTransition    - TM: ExecutionState set from STARTING to RUNNING for task Data Source (20/32)
11:52:27,935 INFO  eu.stratosphere.nephele.execution.ExecutionStateTransition    - TM: ExecutionState set from STARTING to RUNNING for task Data Source (21/32)
11:52:27,935 INFO  eu.stratosphere.nephele.execution.ExecutionStateTransition    - TM: ExecutionState set from STARTING to RUNNING for task Data Source (17/32)
11:52:27,935 INFO  eu.stratosphere.nephele.execution.ExecutionStateTransition    - TM: ExecutionState set from STARTING to RUNNING for task Data Source (18/32)
11:52:27,939 INFO  eu.stratosphere.pact.runtime.task.DataSourceTask              - Start PACT code: Data Source (23/32)
11:52:27,939 INFO  eu.stratosphere.pact.runtime.task.DataSourceTask              - Start PACT code: Data Source (18/32)
11:52:27,940 INFO  eu.stratosphere.pact.runtime.task.DataSourceTask              - Start PACT code: Data Source (17/32)
11:52:27,941 INFO  eu.stratosphere.pact.runtime.task.DataSourceTask              - Start PACT code: Data Source (21/32)
11:52:27,942 INFO  eu.stratosphere.pact.runtime.task.DataSourceTask              - Start PACT code: Data Source (20/32)
11:52:27,943 INFO  eu.stratosphere.pact.runtime.task.DataSourceTask              - Start PACT code: Data Source (22/32)
11:52:27,944 INFO  eu.stratosphere.pact.runtime.task.DataSourceTask              - Start PACT code: Data Source (19/32)
11:52:27,945 INFO  eu.stratosphere.pact.runtime.task.DataSourceTask              - Start PACT code: Data Source (24/32)
11:52:28,584 INFO  eu.stratosphere.nephele.execution.ExecutionStateTransition    - TM: ExecutionState set from STARTING to RUNNING for task Data Sink (19/32)
11:52:28,585 INFO  eu.stratosphere.pact.runtime.task.DataSinkTask                - Start PACT code: Data Sink (19/32)
11:52:28,590 INFO  eu.stratosphere.nephele.execution.ExecutionStateTransition    - TM: ExecutionState set from STARTING to RUNNING for task Data Sink (18/32)
11:52:28,591 INFO  eu.stratosphere.pact.runtime.task.DataSinkTask                - Start PACT code: Data Sink (18/32)
11:52:28,608 INFO  eu.stratosphere.nephele.execution.ExecutionStateTransition    - TM: ExecutionState set from STARTING to RUNNING for task Data Sink (22/32)
11:52:28,609 INFO  eu.stratosphere.pact.runtime.task.DataSinkTask                - Start PACT code: Data Sink (22/32)
11:52:28,985 INFO  eu.stratosphere.nephele.execution.ExecutionStateTransition    - TM: ExecutionState set from STARTING to RUNNING for task Data Sink (17/32)
11:52:28,986 INFO  eu.stratosphere.pact.runtime.task.DataSinkTask                - Start PACT code: Data Sink (17/32)
11:52:28,991 INFO  eu.stratosphere.nephele.execution.ExecutionStateTransition    - TM: ExecutionState set from STARTING to RUNNING for task Data Sink (23/32)
11:52:28,992 INFO  eu.stratosphere.pact.runtime.task.DataSinkTask                - Start PACT code: Data Sink (23/32)
11:52:28,997 INFO  eu.stratosphere.nephele.execution.ExecutionStateTransition    - TM: ExecutionState set from STARTING to RUNNING for task Data Sink (21/32)
11:52:28,998 INFO  eu.stratosphere.pact.runtime.task.DataSinkTask                - Start PACT code: Data Sink (21/32)
11:52:29,004 INFO  eu.stratosphere.nephele.execution.ExecutionStateTransition    - TM: ExecutionState set from STARTING to RUNNING for task Data Sink (24/32)
11:52:29,005 INFO  eu.stratosphere.pact.runtime.task.DataSinkTask                - Start PACT code: Data Sink (24/32)
11:52:29,053 INFO  eu.stratosphere.nephele.execution.ExecutionStateTransition    - TM: ExecutionState set from STARTING to RUNNING for task Data Sink (20/32)
11:52:29,054 INFO  eu.stratosphere.pact.runtime.task.DataSinkTask                - Start PACT code: Data Sink (20/32)
11:52:39,421 INFO  eu.stratosphere.pact.runtime.task.DataSourceTask              - Finished PACT code: Data Source (22/32)
11:52:39,421 INFO  eu.stratosphere.nephele.execution.ExecutionStateTransition    - TM: ExecutionState set from RUNNING to FINISHING for task Data Source (22/32)
11:52:39,780 INFO  eu.stratosphere.pact.runtime.task.DataSourceTask              - Finished PACT code: Data Source (24/32)
11:52:39,780 INFO  eu.stratosphere.nephele.execution.ExecutionStateTransition    - TM: ExecutionState set from RUNNING to FINISHING for task Data Source (24/32)
11:52:40,150 INFO  eu.stratosphere.pact.runtime.task.DataSourceTask              - Finished PACT code: Data Source (21/32)
11:52:40,151 INFO  eu.stratosphere.nephele.execution.ExecutionStateTransition    - TM: ExecutionState set from RUNNING to FINISHING for task Data Source (21/32)
11:52:40,337 INFO  eu.stratosphere.pact.runtime.task.DataSourceTask              - Finished PACT code: Data Source (19/32)
11:52:40,337 INFO  eu.stratosphere.nephele.execution.ExecutionStateTransition    - TM: ExecutionState set from RUNNING to FINISHING for task Data Source (19/32)
11:52:40,992 INFO  eu.stratosphere.pact.runtime.task.DataSourceTask              - Finished PACT code: Data Source (17/32)
11:52:40,992 INFO  eu.stratosphere.nephele.execution.ExecutionStateTransition    - TM: ExecutionState set from RUNNING to FINISHING for task Data Source (17/32)
11:52:41,285 INFO  eu.stratosphere.pact.runtime.task.DataSourceTask              - Finished PACT code: Data Source (18/32)
11:52:41,285 INFO  eu.stratosphere.nephele.execution.ExecutionStateTransition    - TM: ExecutionState set from RUNNING to FINISHING for task Data Source (18/32)
11:52:41,451 INFO  eu.stratosphere.pact.runtime.task.DataSourceTask              - Finished PACT code: Data Source (20/32)
11:52:41,451 INFO  eu.stratosphere.nephele.execution.ExecutionStateTransition    - TM: ExecutionState set from RUNNING to FINISHING for task Data Source (20/32)
11:52:42,081 INFO  eu.stratosphere.pact.runtime.task.DataSourceTask              - Finished PACT code: Data Source (23/32)
11:52:42,081 INFO  eu.stratosphere.nephele.execution.ExecutionStateTransition    - TM: ExecutionState set from RUNNING to FINISHING for task Data Source (23/32)
