00:37:33,710 WARN  eu.stratosphere.nephele.configuration.GlobalConfiguration     - Cannot load configuration: unknown element plugins
00:37:33,748 INFO  eu.stratosphere.nephele.taskmanager.TaskManager               - Reading location of job manager from configuration
00:37:33,758 INFO  eu.stratosphere.nephele.taskmanager.TaskManager               - Determined address of job manager to be cloud-11.dima.tu-berlin.de/130.149.21.15:6002
00:37:33,768 INFO  eu.stratosphere.nephele.taskmanager.TaskManager               - Announcing connection information cloud-12 to job manager
00:37:33,837 INFO  eu.stratosphere.nephele.ipc.Server                            - IPC Server Responder: starting
00:37:33,838 INFO  eu.stratosphere.nephele.ipc.Server                            - IPC Server listener on 6122: starting
00:37:33,839 INFO  eu.stratosphere.nephele.ipc.Server                            - IPC Server handler 0 on 6122: starting
00:37:34,951 INFO  eu.stratosphere.nephele.taskmanager.bufferprovider.GlobalBufferPool  - Initialized global buffer pool with 32768 buffers with a size 32768 bytes each
00:37:34,972 INFO  eu.stratosphere.nephele.taskmanager.bytebuffered.ByteBufferedChannelManager  - Initialized byte buffered channel manager with sender-side spilling disabled
00:37:34,982 INFO  eu.stratosphere.nephele.instance.HardwareDescriptionFactory   - Found Tenured Gen pool (max: 24051843072, used: 0)
00:37:34,983 INFO  eu.stratosphere.nephele.taskmanager.TaskManager               - Initializing memory manager with 22528 megabytes of memory
00:38:08,613 INFO  eu.stratosphere.nephele.execution.ExecutionStateTransition    - TM: ExecutionState set from STARTING to RUNNING for task Orders (55/160)
00:38:08,615 INFO  eu.stratosphere.nephele.execution.ExecutionStateTransition    - TM: ExecutionState set from STARTING to RUNNING for task Customers (56/160)
00:38:08,616 INFO  eu.stratosphere.nephele.execution.ExecutionStateTransition    - TM: ExecutionState set from STARTING to RUNNING for task Orders (53/160)
00:38:08,616 INFO  eu.stratosphere.nephele.execution.ExecutionStateTransition    - TM: ExecutionState set from STARTING to RUNNING for task LineItems (51/160)
00:38:08,616 INFO  eu.stratosphere.nephele.execution.ExecutionStateTransition    - TM: ExecutionState set from STARTING to RUNNING for task LineItems (53/160)
00:38:08,616 INFO  eu.stratosphere.nephele.execution.ExecutionStateTransition    - TM: ExecutionState set from STARTING to RUNNING for task LineItems (50/160)
00:38:08,619 INFO  eu.stratosphere.pact.runtime.task.DataSourceTask              - Start PACT code: Customers (56/160)
00:38:08,616 INFO  eu.stratosphere.nephele.execution.ExecutionStateTransition    - TM: ExecutionState set from STARTING to RUNNING for task Orders (52/160)
00:38:08,616 INFO  eu.stratosphere.nephele.execution.ExecutionStateTransition    - TM: ExecutionState set from STARTING to RUNNING for task Orders (54/160)
00:38:08,616 INFO  eu.stratosphere.nephele.execution.ExecutionStateTransition    - TM: ExecutionState set from STARTING to RUNNING for task Orders (51/160)
00:38:08,616 INFO  eu.stratosphere.nephele.execution.ExecutionStateTransition    - TM: ExecutionState set from STARTING to RUNNING for task Orders (56/160)
00:38:08,616 INFO  eu.stratosphere.nephele.execution.ExecutionStateTransition    - TM: ExecutionState set from STARTING to RUNNING for task Customers (50/160)
00:38:08,615 INFO  eu.stratosphere.nephele.execution.ExecutionStateTransition    - TM: ExecutionState set from STARTING to RUNNING for task LineItems (55/160)
00:38:08,615 INFO  eu.stratosphere.nephele.execution.ExecutionStateTransition    - TM: ExecutionState set from STARTING to RUNNING for task Customers (49/160)
00:38:08,615 INFO  eu.stratosphere.nephele.execution.ExecutionStateTransition    - TM: ExecutionState set from STARTING to RUNNING for task LineItems (52/160)
00:38:08,614 INFO  eu.stratosphere.nephele.execution.ExecutionStateTransition    - TM: ExecutionState set from STARTING to RUNNING for task Customers (55/160)
00:38:08,613 INFO  eu.stratosphere.nephele.execution.ExecutionStateTransition    - TM: ExecutionState set from STARTING to RUNNING for task Customers (54/160)
00:38:08,615 INFO  eu.stratosphere.nephele.execution.ExecutionStateTransition    - TM: ExecutionState set from STARTING to RUNNING for task LineItems (54/160)
00:38:08,613 INFO  eu.stratosphere.nephele.execution.ExecutionStateTransition    - TM: ExecutionState set from STARTING to RUNNING for task Customers (51/160)
00:38:08,628 INFO  eu.stratosphere.pact.runtime.task.DataSourceTask              - Start PACT code: Orders (51/160)
00:38:08,614 INFO  eu.stratosphere.nephele.execution.ExecutionStateTransition    - TM: ExecutionState set from STARTING to RUNNING for task Orders (50/160)
00:38:08,613 INFO  eu.stratosphere.nephele.execution.ExecutionStateTransition    - TM: ExecutionState set from STARTING to RUNNING for task LineItems (49/160)
00:38:08,613 INFO  eu.stratosphere.nephele.execution.ExecutionStateTransition    - TM: ExecutionState set from STARTING to RUNNING for task Customers (52/160)
00:38:08,613 INFO  eu.stratosphere.nephele.execution.ExecutionStateTransition    - TM: ExecutionState set from STARTING to RUNNING for task LineItems (56/160)
00:38:08,614 INFO  eu.stratosphere.nephele.execution.ExecutionStateTransition    - TM: ExecutionState set from STARTING to RUNNING for task Customers (53/160)
00:38:08,614 INFO  eu.stratosphere.nephele.execution.ExecutionStateTransition    - TM: ExecutionState set from STARTING to RUNNING for task Orders (49/160)
00:38:08,632 INFO  eu.stratosphere.pact.runtime.task.DataSourceTask              - Start PACT code: Orders (52/160)
00:38:08,631 INFO  eu.stratosphere.pact.runtime.task.DataSourceTask              - Start PACT code: Orders (54/160)
00:38:08,629 INFO  eu.stratosphere.pact.runtime.task.RegularPactTask             - Start PACT code: FilterO (51/160)
00:38:08,626 INFO  eu.stratosphere.pact.runtime.task.DataSourceTask              - Start PACT code: Orders (56/160)
00:38:08,634 INFO  eu.stratosphere.pact.runtime.task.RegularPactTask             - Start PACT code: FilterO (56/160)
00:38:08,626 INFO  eu.stratosphere.pact.runtime.task.DataSourceTask              - Start PACT code: Customers (50/160)
00:38:08,624 INFO  eu.stratosphere.pact.runtime.task.DataSourceTask              - Start PACT code: Orders (53/160)
00:38:08,622 INFO  eu.stratosphere.pact.runtime.task.DataSourceTask              - Start PACT code: Orders (55/160)
00:38:08,636 INFO  eu.stratosphere.pact.runtime.task.DataSourceTask              - Start PACT code: Orders (49/160)
00:38:08,620 INFO  eu.stratosphere.pact.runtime.task.DataSourceTask              - Start PACT code: LineItems (51/160)
00:38:08,620 INFO  eu.stratosphere.pact.runtime.task.RegularPactTask             - Start PACT code: FilterC (56/160)
00:38:08,638 INFO  eu.stratosphere.pact.runtime.task.DataSourceTask              - Start PACT code: Customers (53/160)
00:38:08,638 INFO  eu.stratosphere.pact.runtime.task.RegularPactTask             - Start PACT code: FilterL (51/160)
00:38:08,637 INFO  eu.stratosphere.pact.runtime.task.RegularPactTask             - Start PACT code: FilterO (49/160)
00:38:08,640 INFO  eu.stratosphere.pact.runtime.task.DataSourceTask              - Start PACT code: LineItems (56/160)
00:38:08,636 INFO  eu.stratosphere.pact.runtime.task.RegularPactTask             - Start PACT code: FilterO (55/160)
00:38:08,635 INFO  eu.stratosphere.pact.runtime.task.RegularPactTask             - Start PACT code: FilterO (53/160)
00:38:08,635 INFO  eu.stratosphere.pact.runtime.task.RegularPactTask             - Start PACT code: FilterC (50/160)
00:38:08,635 INFO  eu.stratosphere.pact.runtime.task.DataSourceTask              - Start PACT code: LineItems (53/160)
00:38:08,633 INFO  eu.stratosphere.pact.runtime.task.RegularPactTask             - Start PACT code: FilterO (54/160)
00:38:08,633 INFO  eu.stratosphere.pact.runtime.task.DataSourceTask              - Start PACT code: LineItems (50/160)
00:38:08,633 INFO  eu.stratosphere.pact.runtime.task.RegularPactTask             - Start PACT code: FilterO (52/160)
00:38:08,643 INFO  eu.stratosphere.pact.runtime.task.RegularPactTask             - Start PACT code: FilterL (50/160)
00:38:08,643 INFO  eu.stratosphere.pact.runtime.task.RegularPactTask             - Start PACT code: FilterL (53/160)
00:38:08,642 INFO  eu.stratosphere.pact.runtime.task.DataSourceTask              - Start PACT code: Customers (52/160)
00:38:08,641 INFO  eu.stratosphere.pact.runtime.task.RegularPactTask             - Start PACT code: FilterL (56/160)
00:38:08,640 INFO  eu.stratosphere.pact.runtime.task.RegularPactTask             - Start PACT code: FilterC (53/160)
00:38:08,646 INFO  eu.stratosphere.pact.runtime.task.DataSourceTask              - Start PACT code: Orders (50/160)
00:38:08,645 INFO  eu.stratosphere.pact.runtime.task.RegularPactTask             - Start PACT code: FilterC (52/160)
00:38:08,647 INFO  eu.stratosphere.pact.runtime.task.DataSourceTask              - Start PACT code: Customers (51/160)
00:38:08,644 INFO  eu.stratosphere.pact.runtime.task.DataSourceTask              - Start PACT code: LineItems (49/160)
00:38:08,648 INFO  eu.stratosphere.pact.runtime.task.RegularPactTask             - Start PACT code: FilterC (51/160)
00:38:08,649 INFO  eu.stratosphere.pact.runtime.task.DataSourceTask              - Start PACT code: LineItems (54/160)
00:38:08,647 INFO  eu.stratosphere.pact.runtime.task.RegularPactTask             - Start PACT code: FilterO (50/160)
00:38:08,650 INFO  eu.stratosphere.pact.runtime.task.RegularPactTask             - Start PACT code: FilterL (54/160)
00:38:08,649 INFO  eu.stratosphere.pact.runtime.task.RegularPactTask             - Start PACT code: FilterL (49/160)
00:38:08,651 INFO  eu.stratosphere.pact.runtime.task.DataSourceTask              - Start PACT code: Customers (54/160)
00:38:08,652 INFO  eu.stratosphere.pact.runtime.task.RegularPactTask             - Start PACT code: FilterC (54/160)
00:38:08,653 INFO  eu.stratosphere.pact.runtime.task.DataSourceTask              - Start PACT code: Customers (55/160)
00:38:08,653 INFO  eu.stratosphere.pact.runtime.task.RegularPactTask             - Start PACT code: FilterC (55/160)
00:38:08,654 INFO  eu.stratosphere.pact.runtime.task.DataSourceTask              - Start PACT code: LineItems (52/160)
00:38:08,655 INFO  eu.stratosphere.pact.runtime.task.RegularPactTask             - Start PACT code: FilterL (52/160)
00:38:08,656 INFO  eu.stratosphere.pact.runtime.task.DataSourceTask              - Start PACT code: Customers (49/160)
00:38:08,656 INFO  eu.stratosphere.pact.runtime.task.RegularPactTask             - Start PACT code: FilterC (49/160)
00:38:08,659 INFO  eu.stratosphere.pact.runtime.task.DataSourceTask              - Start PACT code: LineItems (55/160)
00:38:08,659 INFO  eu.stratosphere.pact.runtime.task.RegularPactTask             - Start PACT code: FilterL (55/160)
00:38:11,507 INFO  eu.stratosphere.pact.runtime.task.RegularPactTask             - Finished PACT code: FilterC (49/160)
00:38:11,508 INFO  eu.stratosphere.pact.runtime.task.DataSourceTask              - Finished PACT code: Customers (49/160)
00:38:11,508 INFO  eu.stratosphere.nephele.execution.ExecutionStateTransition    - TM: ExecutionState set from RUNNING to FINISHING for task Customers (49/160)
00:38:11,509 INFO  eu.stratosphere.pact.runtime.task.RegularPactTask             - Finished PACT code: FilterC (55/160)
00:38:11,509 INFO  eu.stratosphere.pact.runtime.task.DataSourceTask              - Finished PACT code: Customers (55/160)
00:38:11,509 INFO  eu.stratosphere.nephele.execution.ExecutionStateTransition    - TM: ExecutionState set from RUNNING to FINISHING for task Customers (55/160)
00:38:11,563 INFO  eu.stratosphere.pact.runtime.task.RegularPactTask             - Finished PACT code: FilterC (52/160)
00:38:11,563 INFO  eu.stratosphere.pact.runtime.task.DataSourceTask              - Finished PACT code: Customers (52/160)
00:38:11,563 INFO  eu.stratosphere.nephele.execution.ExecutionStateTransition    - TM: ExecutionState set from RUNNING to FINISHING for task Customers (52/160)
00:38:11,566 INFO  eu.stratosphere.pact.runtime.task.RegularPactTask             - Finished PACT code: FilterC (53/160)
00:38:11,566 INFO  eu.stratosphere.pact.runtime.task.DataSourceTask              - Finished PACT code: Customers (53/160)
00:38:11,566 INFO  eu.stratosphere.nephele.execution.ExecutionStateTransition    - TM: ExecutionState set from RUNNING to FINISHING for task Customers (53/160)
00:38:11,572 INFO  eu.stratosphere.pact.runtime.task.RegularPactTask             - Finished PACT code: FilterC (50/160)
00:38:11,572 INFO  eu.stratosphere.pact.runtime.task.DataSourceTask              - Finished PACT code: Customers (50/160)
00:38:11,573 INFO  eu.stratosphere.nephele.execution.ExecutionStateTransition    - TM: ExecutionState set from RUNNING to FINISHING for task Customers (50/160)
00:38:11,659 INFO  eu.stratosphere.pact.runtime.task.RegularPactTask             - Finished PACT code: FilterC (54/160)
00:38:11,659 INFO  eu.stratosphere.pact.runtime.task.DataSourceTask              - Finished PACT code: Customers (54/160)
00:38:11,659 INFO  eu.stratosphere.nephele.execution.ExecutionStateTransition    - TM: ExecutionState set from RUNNING to FINISHING for task Customers (54/160)
00:38:11,856 INFO  eu.stratosphere.pact.runtime.task.RegularPactTask             - Finished PACT code: FilterC (51/160)
00:38:11,856 INFO  eu.stratosphere.pact.runtime.task.DataSourceTask              - Finished PACT code: Customers (51/160)
00:38:11,856 INFO  eu.stratosphere.nephele.execution.ExecutionStateTransition    - TM: ExecutionState set from RUNNING to FINISHING for task Customers (51/160)
