23:21:25,742 WARN  eu.stratosphere.nephele.configuration.GlobalConfiguration     - Cannot load configuration: unknown element plugins
23:21:25,781 INFO  eu.stratosphere.nephele.taskmanager.TaskManager               - Reading location of job manager from configuration
23:21:25,792 INFO  eu.stratosphere.nephele.taskmanager.TaskManager               - Determined address of job manager to be cloud-11.dima.tu-berlin.de/130.149.21.15:6002
23:21:25,805 INFO  eu.stratosphere.nephele.taskmanager.TaskManager               - Announcing connection information cloud-15 to job manager
23:21:25,908 INFO  eu.stratosphere.nephele.ipc.Server                            - IPC Server listener on 6122: starting
23:21:25,908 INFO  eu.stratosphere.nephele.ipc.Server                            - IPC Server Responder: starting
23:21:25,909 INFO  eu.stratosphere.nephele.ipc.Server                            - IPC Server handler 0 on 6122: starting
23:21:27,022 INFO  eu.stratosphere.nephele.taskmanager.bufferprovider.GlobalBufferPool  - Initialized global buffer pool with 32768 buffers with a size 32768 bytes each
23:21:27,043 INFO  eu.stratosphere.nephele.taskmanager.bytebuffered.ByteBufferedChannelManager  - Initialized byte buffered channel manager with sender-side spilling disabled
23:21:27,055 INFO  eu.stratosphere.nephele.instance.HardwareDescriptionFactory   - Found Tenured Gen pool (max: 24051843072, used: 0)
23:21:27,055 INFO  eu.stratosphere.nephele.taskmanager.TaskManager               - Initializing memory manager with 22528 megabytes of memory
23:21:55,065 INFO  eu.stratosphere.nephele.execution.ExecutionStateTransition    - TM: ExecutionState set from STARTING to RUNNING for task Customers (20/40)
23:21:55,065 INFO  eu.stratosphere.nephele.execution.ExecutionStateTransition    - TM: ExecutionState set from STARTING to RUNNING for task Orders (17/40)
23:21:55,068 INFO  eu.stratosphere.nephele.execution.ExecutionStateTransition    - TM: ExecutionState set from STARTING to RUNNING for task Orders (24/40)
23:21:55,070 INFO  eu.stratosphere.nephele.execution.ExecutionStateTransition    - TM: ExecutionState set from STARTING to RUNNING for task LineItems (19/40)
23:21:55,071 INFO  eu.stratosphere.nephele.execution.ExecutionStateTransition    - TM: ExecutionState set from STARTING to RUNNING for task LineItems (22/40)
23:21:55,072 INFO  eu.stratosphere.nephele.execution.ExecutionStateTransition    - TM: ExecutionState set from STARTING to RUNNING for task LineItems (23/40)
23:21:55,067 INFO  eu.stratosphere.nephele.execution.ExecutionStateTransition    - TM: ExecutionState set from STARTING to RUNNING for task Orders (23/40)
23:21:55,065 INFO  eu.stratosphere.nephele.execution.ExecutionStateTransition    - TM: ExecutionState set from STARTING to RUNNING for task Customers (18/40)
23:21:55,065 INFO  eu.stratosphere.nephele.execution.ExecutionStateTransition    - TM: ExecutionState set from STARTING to RUNNING for task Customers (21/40)
23:21:55,066 INFO  eu.stratosphere.nephele.execution.ExecutionStateTransition    - TM: ExecutionState set from STARTING to RUNNING for task Orders (21/40)
23:21:55,065 INFO  eu.stratosphere.nephele.execution.ExecutionStateTransition    - TM: ExecutionState set from STARTING to RUNNING for task Customers (22/40)
23:21:55,065 INFO  eu.stratosphere.nephele.execution.ExecutionStateTransition    - TM: ExecutionState set from STARTING to RUNNING for task Orders (20/40)
23:21:55,065 INFO  eu.stratosphere.nephele.execution.ExecutionStateTransition    - TM: ExecutionState set from STARTING to RUNNING for task Customers (24/40)
23:21:55,065 INFO  eu.stratosphere.nephele.execution.ExecutionStateTransition    - TM: ExecutionState set from STARTING to RUNNING for task Customers (23/40)
23:21:55,065 INFO  eu.stratosphere.nephele.execution.ExecutionStateTransition    - TM: ExecutionState set from STARTING to RUNNING for task Customers (17/40)
23:21:55,065 INFO  eu.stratosphere.nephele.execution.ExecutionStateTransition    - TM: ExecutionState set from STARTING to RUNNING for task Orders (19/40)
23:21:55,065 INFO  eu.stratosphere.nephele.execution.ExecutionStateTransition    - TM: ExecutionState set from STARTING to RUNNING for task Customers (19/40)
23:21:55,066 INFO  eu.stratosphere.nephele.execution.ExecutionStateTransition    - TM: ExecutionState set from STARTING to RUNNING for task Orders (22/40)
23:21:55,065 INFO  eu.stratosphere.nephele.execution.ExecutionStateTransition    - TM: ExecutionState set from STARTING to RUNNING for task Orders (18/40)
23:21:55,080 INFO  eu.stratosphere.pact.runtime.task.DataSourceTask              - Start PACT code: Customers (23/40)
23:21:55,079 INFO  eu.stratosphere.pact.runtime.task.DataSourceTask              - Start PACT code: Orders (24/40)
23:21:55,077 INFO  eu.stratosphere.pact.runtime.task.DataSourceTask              - Start PACT code: LineItems (19/40)
23:21:55,075 INFO  eu.stratosphere.pact.runtime.task.DataSourceTask              - Start PACT code: LineItems (23/40)
23:21:55,073 INFO  eu.stratosphere.pact.runtime.task.DataSourceTask              - Start PACT code: LineItems (22/40)
23:21:55,072 INFO  eu.stratosphere.pact.runtime.task.DataSourceTask              - Start PACT code: Customers (20/40)
23:21:55,072 INFO  eu.stratosphere.nephele.execution.ExecutionStateTransition    - TM: ExecutionState set from STARTING to RUNNING for task LineItems (24/40)
23:21:55,085 INFO  eu.stratosphere.pact.runtime.task.DataSourceTask              - Start PACT code: Orders (22/40)
23:21:55,071 INFO  eu.stratosphere.nephele.execution.ExecutionStateTransition    - TM: ExecutionState set from STARTING to RUNNING for task LineItems (21/40)
23:21:55,070 INFO  eu.stratosphere.nephele.execution.ExecutionStateTransition    - TM: ExecutionState set from STARTING to RUNNING for task LineItems (20/40)
23:21:55,087 INFO  eu.stratosphere.pact.runtime.task.DataSourceTask              - Start PACT code: Customers (19/40)
23:21:55,069 INFO  eu.stratosphere.nephele.execution.ExecutionStateTransition    - TM: ExecutionState set from STARTING to RUNNING for task LineItems (18/40)
23:21:55,068 INFO  eu.stratosphere.nephele.execution.ExecutionStateTransition    - TM: ExecutionState set from STARTING to RUNNING for task LineItems (17/40)
23:21:55,087 INFO  eu.stratosphere.pact.runtime.task.RegularPactTask             - Start PACT code: FilterC (19/40)
23:21:55,086 INFO  eu.stratosphere.pact.runtime.task.RegularPactTask             - Start PACT code: FilterO (22/40)
23:21:55,084 INFO  eu.stratosphere.pact.runtime.task.RegularPactTask             - Start PACT code: FilterC (20/40)
23:21:55,090 INFO  eu.stratosphere.pact.runtime.task.DataSourceTask              - Start PACT code: Customers (17/40)
23:21:55,084 INFO  eu.stratosphere.pact.runtime.task.RegularPactTask             - Start PACT code: FilterL (22/40)
23:21:55,084 INFO  eu.stratosphere.pact.runtime.task.DataSourceTask              - Start PACT code: Orders (18/40)
23:21:55,083 INFO  eu.stratosphere.pact.runtime.task.RegularPactTask             - Start PACT code: FilterL (23/40)
23:21:55,083 INFO  eu.stratosphere.pact.runtime.task.RegularPactTask             - Start PACT code: FilterL (19/40)
23:21:55,082 INFO  eu.stratosphere.pact.runtime.task.RegularPactTask             - Start PACT code: FilterO (24/40)
23:21:55,082 INFO  eu.stratosphere.pact.runtime.task.DataSourceTask              - Start PACT code: Orders (17/40)
23:21:55,082 INFO  eu.stratosphere.pact.runtime.task.RegularPactTask             - Start PACT code: FilterC (23/40)
23:21:55,094 INFO  eu.stratosphere.pact.runtime.task.RegularPactTask             - Start PACT code: FilterO (17/40)
23:21:55,093 INFO  eu.stratosphere.pact.runtime.task.DataSourceTask              - Start PACT code: Orders (20/40)
23:21:55,091 INFO  eu.stratosphere.pact.runtime.task.DataSourceTask              - Start PACT code: Customers (24/40)
23:21:55,091 INFO  eu.stratosphere.pact.runtime.task.RegularPactTask             - Start PACT code: FilterO (18/40)
23:21:55,090 INFO  eu.stratosphere.pact.runtime.task.RegularPactTask             - Start PACT code: FilterC (17/40)
23:21:55,088 INFO  eu.stratosphere.pact.runtime.task.DataSourceTask              - Start PACT code: Orders (19/40)
23:21:55,097 INFO  eu.stratosphere.pact.runtime.task.RegularPactTask             - Start PACT code: FilterC (24/40)
23:21:55,096 INFO  eu.stratosphere.pact.runtime.task.DataSourceTask              - Start PACT code: Customers (22/40)
23:21:55,096 INFO  eu.stratosphere.pact.runtime.task.RegularPactTask             - Start PACT code: FilterO (20/40)
23:21:55,099 INFO  eu.stratosphere.pact.runtime.task.RegularPactTask             - Start PACT code: FilterC (22/40)
23:21:55,098 INFO  eu.stratosphere.pact.runtime.task.RegularPactTask             - Start PACT code: FilterO (19/40)
23:21:55,100 INFO  eu.stratosphere.pact.runtime.task.DataSourceTask              - Start PACT code: Orders (21/40)
23:21:55,101 INFO  eu.stratosphere.pact.runtime.task.RegularPactTask             - Start PACT code: FilterO (21/40)
23:21:55,101 INFO  eu.stratosphere.pact.runtime.task.DataSourceTask              - Start PACT code: Customers (21/40)
23:21:55,102 INFO  eu.stratosphere.pact.runtime.task.RegularPactTask             - Start PACT code: FilterC (21/40)
23:21:55,103 INFO  eu.stratosphere.pact.runtime.task.DataSourceTask              - Start PACT code: Customers (18/40)
23:21:55,103 INFO  eu.stratosphere.pact.runtime.task.RegularPactTask             - Start PACT code: FilterC (18/40)
23:21:55,104 INFO  eu.stratosphere.pact.runtime.task.DataSourceTask              - Start PACT code: Orders (23/40)
23:21:55,105 INFO  eu.stratosphere.pact.runtime.task.RegularPactTask             - Start PACT code: FilterO (23/40)
23:21:55,107 INFO  eu.stratosphere.pact.runtime.task.DataSourceTask              - Start PACT code: LineItems (17/40)
23:21:55,108 INFO  eu.stratosphere.pact.runtime.task.RegularPactTask             - Start PACT code: FilterL (17/40)
23:21:55,109 INFO  eu.stratosphere.pact.runtime.task.DataSourceTask              - Start PACT code: LineItems (18/40)
23:21:55,109 INFO  eu.stratosphere.pact.runtime.task.RegularPactTask             - Start PACT code: FilterL (18/40)
23:21:55,110 INFO  eu.stratosphere.pact.runtime.task.DataSourceTask              - Start PACT code: LineItems (20/40)
23:21:55,110 INFO  eu.stratosphere.pact.runtime.task.RegularPactTask             - Start PACT code: FilterL (20/40)
23:21:55,112 INFO  eu.stratosphere.pact.runtime.task.DataSourceTask              - Start PACT code: LineItems (21/40)
23:21:55,112 INFO  eu.stratosphere.pact.runtime.task.RegularPactTask             - Start PACT code: FilterL (21/40)
23:21:55,113 INFO  eu.stratosphere.pact.runtime.task.DataSourceTask              - Start PACT code: LineItems (24/40)
23:21:55,113 INFO  eu.stratosphere.pact.runtime.task.RegularPactTask             - Start PACT code: FilterL (24/40)
23:21:58,327 INFO  eu.stratosphere.pact.runtime.task.RegularPactTask             - Finished PACT code: FilterC (18/40)
23:21:58,328 INFO  eu.stratosphere.pact.runtime.task.DataSourceTask              - Finished PACT code: Customers (18/40)
23:21:58,328 INFO  eu.stratosphere.nephele.execution.ExecutionStateTransition    - TM: ExecutionState set from RUNNING to FINISHING for task Customers (18/40)
23:21:58,343 INFO  eu.stratosphere.pact.runtime.task.RegularPactTask             - Finished PACT code: FilterC (24/40)
23:21:58,343 INFO  eu.stratosphere.pact.runtime.task.DataSourceTask              - Finished PACT code: Customers (24/40)
23:21:58,343 INFO  eu.stratosphere.nephele.execution.ExecutionStateTransition    - TM: ExecutionState set from RUNNING to FINISHING for task Customers (24/40)
23:21:58,372 INFO  eu.stratosphere.pact.runtime.task.RegularPactTask             - Finished PACT code: FilterC (23/40)
23:21:58,372 INFO  eu.stratosphere.pact.runtime.task.DataSourceTask              - Finished PACT code: Customers (23/40)
23:21:58,372 INFO  eu.stratosphere.nephele.execution.ExecutionStateTransition    - TM: ExecutionState set from RUNNING to FINISHING for task Customers (23/40)
23:21:58,423 INFO  eu.stratosphere.pact.runtime.task.RegularPactTask             - Finished PACT code: FilterC (21/40)
23:21:58,423 INFO  eu.stratosphere.pact.runtime.task.DataSourceTask              - Finished PACT code: Customers (21/40)
23:21:58,423 INFO  eu.stratosphere.nephele.execution.ExecutionStateTransition    - TM: ExecutionState set from RUNNING to FINISHING for task Customers (21/40)
23:21:58,565 INFO  eu.stratosphere.nephele.execution.ExecutionStateTransition    - TM: ExecutionState set from STARTING to RUNNING for task JoinOC (18/40)
23:21:58,566 INFO  eu.stratosphere.pact.runtime.task.RegularPactTask             - Start PACT code.: JoinOC (18/40)
23:21:58,578 INFO  eu.stratosphere.pact.runtime.task.RegularPactTask             - Finished PACT code: FilterC (19/40)
23:21:58,579 INFO  eu.stratosphere.pact.runtime.task.DataSourceTask              - Finished PACT code: Customers (19/40)
23:21:58,579 INFO  eu.stratosphere.nephele.execution.ExecutionStateTransition    - TM: ExecutionState set from RUNNING to FINISHING for task Customers (19/40)
23:21:58,653 INFO  eu.stratosphere.pact.runtime.task.RegularPactTask             - Finished PACT code: FilterC (17/40)
23:21:58,653 INFO  eu.stratosphere.pact.runtime.task.DataSourceTask              - Finished PACT code: Customers (17/40)
23:21:58,653 INFO  eu.stratosphere.nephele.execution.ExecutionStateTransition    - TM: ExecutionState set from RUNNING to FINISHING for task Customers (17/40)
23:21:58,665 INFO  eu.stratosphere.nephele.execution.ExecutionStateTransition    - TM: ExecutionState set from STARTING to RUNNING for task JoinOLi (24/40)
23:21:58,666 INFO  eu.stratosphere.nephele.execution.ExecutionStateTransition    - TM: ExecutionState set from STARTING to RUNNING for task AggLio (24/40)
23:21:58,667 INFO  eu.stratosphere.pact.runtime.task.RegularPactTask             - Start PACT code.: JoinOLi (24/40)
23:21:58,666 INFO  eu.stratosphere.nephele.execution.ExecutionStateTransition    - TM: ExecutionState set from STARTING to RUNNING for task Output (24/40)
23:21:58,670 INFO  eu.stratosphere.pact.runtime.task.RegularPactTask             - Start PACT code.: AggLio (24/40)
23:21:58,672 INFO  eu.stratosphere.pact.runtime.task.DataSinkTask                - Start PACT code: Output (24/40)
23:21:58,701 INFO  eu.stratosphere.nephele.execution.ExecutionStateTransition    - TM: ExecutionState set from STARTING to RUNNING for task JoinOC (19/40)
23:21:58,703 INFO  eu.stratosphere.pact.runtime.task.RegularPactTask             - Start PACT code.: JoinOC (19/40)
23:21:58,764 INFO  eu.stratosphere.nephele.execution.ExecutionStateTransition    - TM: ExecutionState set from STARTING to RUNNING for task JoinOLi (23/40)
23:21:58,765 INFO  eu.stratosphere.nephele.execution.ExecutionStateTransition    - TM: ExecutionState set from STARTING to RUNNING for task AggLio (23/40)
23:21:58,765 INFO  eu.stratosphere.nephele.execution.ExecutionStateTransition    - TM: ExecutionState set from STARTING to RUNNING for task Output (23/40)
23:21:58,769 INFO  eu.stratosphere.pact.runtime.task.RegularPactTask             - Start PACT code.: JoinOLi (23/40)
23:21:58,770 INFO  eu.stratosphere.pact.runtime.task.DataSinkTask                - Start PACT code: Output (23/40)
23:21:58,771 INFO  eu.stratosphere.pact.runtime.task.RegularPactTask             - Start PACT code.: AggLio (23/40)
23:21:58,819 INFO  eu.stratosphere.pact.runtime.task.RegularPactTask             - Finished PACT code: FilterC (20/40)
23:21:58,819 INFO  eu.stratosphere.pact.runtime.task.DataSourceTask              - Finished PACT code: Customers (20/40)
23:21:58,819 INFO  eu.stratosphere.nephele.execution.ExecutionStateTransition    - TM: ExecutionState set from RUNNING to FINISHING for task Customers (20/40)
23:21:58,897 INFO  eu.stratosphere.nephele.execution.ExecutionStateTransition    - TM: ExecutionState set from STARTING to RUNNING for task JoinOLi (19/40)
23:21:58,899 INFO  eu.stratosphere.nephele.execution.ExecutionStateTransition    - TM: ExecutionState set from STARTING to RUNNING for task Output (19/40)
23:21:58,898 INFO  eu.stratosphere.nephele.execution.ExecutionStateTransition    - TM: ExecutionState set from STARTING to RUNNING for task AggLio (19/40)
23:21:58,900 INFO  eu.stratosphere.pact.runtime.task.RegularPactTask             - Start PACT code.: JoinOLi (19/40)
23:21:58,902 INFO  eu.stratosphere.pact.runtime.task.DataSinkTask                - Start PACT code: Output (19/40)
23:21:58,903 INFO  eu.stratosphere.pact.runtime.task.RegularPactTask             - Start PACT code.: AggLio (19/40)
23:21:58,986 INFO  eu.stratosphere.pact.runtime.task.RegularPactTask             - Finished PACT code: FilterC (22/40)
23:21:58,986 INFO  eu.stratosphere.pact.runtime.task.DataSourceTask              - Finished PACT code: Customers (22/40)
23:21:58,986 INFO  eu.stratosphere.nephele.execution.ExecutionStateTransition    - TM: ExecutionState set from RUNNING to FINISHING for task Customers (22/40)
23:21:59,049 INFO  eu.stratosphere.nephele.execution.ExecutionStateTransition    - TM: ExecutionState set from STARTING to RUNNING for task JoinOC (24/40)
23:21:59,051 INFO  eu.stratosphere.pact.runtime.task.RegularPactTask             - Start PACT code.: JoinOC (24/40)
23:21:59,082 INFO  eu.stratosphere.nephele.execution.ExecutionStateTransition    - TM: ExecutionState set from STARTING to RUNNING for task JoinOC (21/40)
23:21:59,084 INFO  eu.stratosphere.pact.runtime.task.RegularPactTask             - Start PACT code.: JoinOC (21/40)
23:21:59,102 INFO  eu.stratosphere.nephele.execution.ExecutionStateTransition    - TM: ExecutionState set from STARTING to RUNNING for task JoinOC (23/40)
23:21:59,104 INFO  eu.stratosphere.pact.runtime.task.RegularPactTask             - Start PACT code.: JoinOC (23/40)
23:21:59,121 INFO  eu.stratosphere.nephele.execution.ExecutionStateTransition    - TM: ExecutionState set from STARTING to RUNNING for task JoinOC (17/40)
23:21:59,123 INFO  eu.stratosphere.pact.runtime.task.RegularPactTask             - Start PACT code.: JoinOC (17/40)
