01:35:46,518 WARN  eu.stratosphere.nephele.configuration.GlobalConfiguration     - Cannot load configuration: unknown element plugins
01:35:46,580 INFO  eu.stratosphere.nephele.taskmanager.TaskManager               - Reading location of job manager from configuration
01:35:46,590 INFO  eu.stratosphere.nephele.taskmanager.TaskManager               - Determined address of job manager to be cloud-11.dima.tu-berlin.de/130.149.21.15:6002
01:35:46,605 INFO  eu.stratosphere.nephele.taskmanager.TaskManager               - Announcing connection information cloud-33 to job manager
01:35:46,714 INFO  eu.stratosphere.nephele.ipc.Server                            - IPC Server Responder: starting
01:35:46,714 INFO  eu.stratosphere.nephele.ipc.Server                            - IPC Server listener on 6122: starting
01:35:46,716 INFO  eu.stratosphere.nephele.ipc.Server                            - IPC Server handler 0 on 6122: starting
01:35:47,833 INFO  eu.stratosphere.nephele.taskmanager.bufferprovider.GlobalBufferPool  - Initialized global buffer pool with 32768 buffers with a size 32768 bytes each
01:35:47,852 INFO  eu.stratosphere.nephele.taskmanager.bytebuffered.ByteBufferedChannelManager  - Initialized byte buffered channel manager with sender-side spilling disabled
01:35:47,871 INFO  eu.stratosphere.nephele.instance.HardwareDescriptionFactory   - Found Tenured Gen pool (max: 24051843072, used: 0)
01:35:47,871 INFO  eu.stratosphere.nephele.taskmanager.TaskManager               - Initializing memory manager with 22528 megabytes of memory
01:36:14,730 INFO  eu.stratosphere.nephele.execution.ExecutionStateTransition    - TM: ExecutionState set from STARTING to RUNNING for task Data Source (108/200)
01:36:14,730 INFO  eu.stratosphere.nephele.execution.ExecutionStateTransition    - TM: ExecutionState set from STARTING to RUNNING for task Data Source (110/200)
01:36:14,730 INFO  eu.stratosphere.nephele.execution.ExecutionStateTransition    - TM: ExecutionState set from STARTING to RUNNING for task Data Source (106/200)
01:36:14,730 INFO  eu.stratosphere.nephele.execution.ExecutionStateTransition    - TM: ExecutionState set from STARTING to RUNNING for task Data Source (107/200)
01:36:14,730 INFO  eu.stratosphere.nephele.execution.ExecutionStateTransition    - TM: ExecutionState set from STARTING to RUNNING for task Data Source (109/200)
01:36:14,730 INFO  eu.stratosphere.nephele.execution.ExecutionStateTransition    - TM: ExecutionState set from STARTING to RUNNING for task Data Source (105/200)
01:36:14,730 INFO  eu.stratosphere.nephele.execution.ExecutionStateTransition    - TM: ExecutionState set from STARTING to RUNNING for task Data Source (111/200)
01:36:14,730 INFO  eu.stratosphere.nephele.execution.ExecutionStateTransition    - TM: ExecutionState set from STARTING to RUNNING for task Data Source (112/200)
01:36:14,735 INFO  eu.stratosphere.pact.runtime.task.DataSourceTask              - Start PACT code: Data Source (106/200)
01:36:14,733 INFO  eu.stratosphere.pact.runtime.task.DataSourceTask              - Start PACT code: Data Source (108/200)
01:36:14,737 INFO  eu.stratosphere.pact.runtime.task.DataSourceTask              - Start PACT code: Data Source (109/200)
01:36:14,741 INFO  eu.stratosphere.pact.runtime.task.DataSourceTask              - Start PACT code: Data Source (107/200)
01:36:14,744 INFO  eu.stratosphere.pact.runtime.task.DataSourceTask              - Start PACT code: Data Source (110/200)
01:36:14,746 INFO  eu.stratosphere.pact.runtime.task.DataSourceTask              - Start PACT code: Data Source (112/200)
01:36:14,749 INFO  eu.stratosphere.pact.runtime.task.DataSourceTask              - Start PACT code: Data Source (111/200)
01:36:14,753 INFO  eu.stratosphere.pact.runtime.task.DataSourceTask              - Start PACT code: Data Source (105/200)
01:36:16,188 INFO  eu.stratosphere.nephele.execution.ExecutionStateTransition    - TM: ExecutionState set from STARTING to RUNNING for task Data Sink (105/200)
01:36:16,190 INFO  eu.stratosphere.pact.runtime.task.DataSinkTask                - Start PACT code: Data Sink (105/200)
01:36:16,214 INFO  eu.stratosphere.nephele.execution.ExecutionStateTransition    - TM: ExecutionState set from STARTING to RUNNING for task Data Sink (111/200)
01:36:16,216 INFO  eu.stratosphere.pact.runtime.task.DataSinkTask                - Start PACT code: Data Sink (111/200)
01:36:16,342 INFO  eu.stratosphere.nephele.execution.ExecutionStateTransition    - TM: ExecutionState set from STARTING to RUNNING for task Data Sink (109/200)
01:36:16,344 INFO  eu.stratosphere.pact.runtime.task.DataSinkTask                - Start PACT code: Data Sink (109/200)
01:36:16,381 INFO  eu.stratosphere.nephele.execution.ExecutionStateTransition    - TM: ExecutionState set from STARTING to RUNNING for task Data Sink (112/200)
01:36:16,383 INFO  eu.stratosphere.pact.runtime.task.DataSinkTask                - Start PACT code: Data Sink (112/200)
01:36:16,563 INFO  eu.stratosphere.nephele.execution.ExecutionStateTransition    - TM: ExecutionState set from STARTING to RUNNING for task Data Sink (106/200)
01:36:16,564 INFO  eu.stratosphere.pact.runtime.task.DataSinkTask                - Start PACT code: Data Sink (106/200)
01:36:16,609 INFO  eu.stratosphere.nephele.execution.ExecutionStateTransition    - TM: ExecutionState set from STARTING to RUNNING for task Data Sink (110/200)
01:36:16,611 INFO  eu.stratosphere.pact.runtime.task.DataSinkTask                - Start PACT code: Data Sink (110/200)
01:36:16,633 INFO  eu.stratosphere.nephele.execution.ExecutionStateTransition    - TM: ExecutionState set from STARTING to RUNNING for task Data Sink (108/200)
01:36:16,635 INFO  eu.stratosphere.pact.runtime.task.DataSinkTask                - Start PACT code: Data Sink (108/200)
01:36:16,670 INFO  eu.stratosphere.nephele.execution.ExecutionStateTransition    - TM: ExecutionState set from STARTING to RUNNING for task Data Sink (107/200)
01:36:16,672 INFO  eu.stratosphere.pact.runtime.task.DataSinkTask                - Start PACT code: Data Sink (107/200)
01:36:33,087 INFO  eu.stratosphere.pact.runtime.task.DataSourceTask              - Finished PACT code: Data Source (107/200)
01:36:33,088 INFO  eu.stratosphere.nephele.execution.ExecutionStateTransition    - TM: ExecutionState set from RUNNING to FINISHING for task Data Source (107/200)
01:36:34,656 INFO  eu.stratosphere.pact.runtime.task.DataSourceTask              - Finished PACT code: Data Source (108/200)
01:36:34,657 INFO  eu.stratosphere.nephele.execution.ExecutionStateTransition    - TM: ExecutionState set from RUNNING to FINISHING for task Data Source (108/200)
01:36:35,944 INFO  eu.stratosphere.pact.runtime.task.DataSourceTask              - Finished PACT code: Data Source (106/200)
01:36:35,945 INFO  eu.stratosphere.nephele.execution.ExecutionStateTransition    - TM: ExecutionState set from RUNNING to FINISHING for task Data Source (106/200)
01:36:36,443 INFO  eu.stratosphere.pact.runtime.task.DataSourceTask              - Finished PACT code: Data Source (111/200)
01:36:36,443 INFO  eu.stratosphere.nephele.execution.ExecutionStateTransition    - TM: ExecutionState set from RUNNING to FINISHING for task Data Source (111/200)
01:36:38,682 INFO  eu.stratosphere.pact.runtime.task.DataSourceTask              - Finished PACT code: Data Source (109/200)
01:36:38,683 INFO  eu.stratosphere.nephele.execution.ExecutionStateTransition    - TM: ExecutionState set from RUNNING to FINISHING for task Data Source (109/200)
01:36:38,726 INFO  eu.stratosphere.pact.runtime.task.DataSourceTask              - Finished PACT code: Data Source (105/200)
01:36:38,727 INFO  eu.stratosphere.nephele.execution.ExecutionStateTransition    - TM: ExecutionState set from RUNNING to FINISHING for task Data Source (105/200)
01:36:38,869 INFO  eu.stratosphere.pact.runtime.task.DataSourceTask              - Finished PACT code: Data Source (112/200)
01:36:38,869 INFO  eu.stratosphere.nephele.execution.ExecutionStateTransition    - TM: ExecutionState set from RUNNING to FINISHING for task Data Source (112/200)
01:36:40,381 INFO  eu.stratosphere.pact.runtime.task.DataSourceTask              - Finished PACT code: Data Source (110/200)
01:36:40,381 INFO  eu.stratosphere.nephele.execution.ExecutionStateTransition    - TM: ExecutionState set from RUNNING to FINISHING for task Data Source (110/200)
01:37:42,435 INFO  eu.stratosphere.pact.runtime.task.DataSinkTask                - Finished PACT code: Data Sink (111/200)
01:37:42,435 INFO  eu.stratosphere.nephele.execution.ExecutionStateTransition    - TM: ExecutionState set from RUNNING to FINISHING for task Data Sink (111/200)
01:37:42,445 INFO  eu.stratosphere.nephele.execution.ExecutionStateTransition    - TM: ExecutionState set from FINISHING to FINISHED for task Data Sink (111/200)
01:37:55,635 INFO  eu.stratosphere.pact.runtime.task.DataSinkTask                - Finished PACT code: Data Sink (107/200)
01:37:55,636 INFO  eu.stratosphere.nephele.execution.ExecutionStateTransition    - TM: ExecutionState set from RUNNING to FINISHING for task Data Sink (107/200)
01:37:55,643 INFO  eu.stratosphere.nephele.execution.ExecutionStateTransition    - TM: ExecutionState set from FINISHING to FINISHED for task Data Sink (107/200)
01:37:57,044 INFO  eu.stratosphere.pact.runtime.task.DataSinkTask                - Finished PACT code: Data Sink (105/200)
01:37:57,044 INFO  eu.stratosphere.nephele.execution.ExecutionStateTransition    - TM: ExecutionState set from RUNNING to FINISHING for task Data Sink (105/200)
01:37:57,052 INFO  eu.stratosphere.nephele.execution.ExecutionStateTransition    - TM: ExecutionState set from FINISHING to FINISHED for task Data Sink (105/200)
