00:04:39,276 WARN  eu.stratosphere.nephele.configuration.GlobalConfiguration     - Cannot load configuration: unknown element plugins
00:04:39,312 INFO  eu.stratosphere.nephele.taskmanager.TaskManager               - Reading location of job manager from configuration
00:04:39,322 INFO  eu.stratosphere.nephele.taskmanager.TaskManager               - Determined address of job manager to be cloud-11.dima.tu-berlin.de/130.149.21.15:6002
00:04:39,329 INFO  eu.stratosphere.nephele.taskmanager.TaskManager               - Announcing connection information cloud-18 to job manager
00:04:39,394 INFO  eu.stratosphere.nephele.ipc.Server                            - IPC Server Responder: starting
00:04:39,394 INFO  eu.stratosphere.nephele.ipc.Server                            - IPC Server listener on 6122: starting
00:04:39,396 INFO  eu.stratosphere.nephele.ipc.Server                            - IPC Server handler 0 on 6122: starting
00:04:40,518 INFO  eu.stratosphere.nephele.taskmanager.bufferprovider.GlobalBufferPool  - Initialized global buffer pool with 32768 buffers with a size 32768 bytes each
00:04:40,537 INFO  eu.stratosphere.nephele.taskmanager.bytebuffered.ByteBufferedChannelManager  - Initialized byte buffered channel manager with sender-side spilling disabled
00:04:40,547 INFO  eu.stratosphere.nephele.instance.HardwareDescriptionFactory   - Found Tenured Gen pool (max: 24051843072, used: 0)
00:04:40,547 INFO  eu.stratosphere.nephele.taskmanager.TaskManager               - Initializing memory manager with 22528 megabytes of memory
00:05:09,937 INFO  eu.stratosphere.nephele.execution.ExecutionStateTransition    - TM: ExecutionState set from STARTING to RUNNING for task Customers (1/80)
00:05:09,940 INFO  eu.stratosphere.nephele.execution.ExecutionStateTransition    - TM: ExecutionState set from STARTING to RUNNING for task Orders (2/80)
00:05:09,940 INFO  eu.stratosphere.nephele.execution.ExecutionStateTransition    - TM: ExecutionState set from STARTING to RUNNING for task Orders (1/80)
00:05:09,937 INFO  eu.stratosphere.nephele.execution.ExecutionStateTransition    - TM: ExecutionState set from STARTING to RUNNING for task Customers (5/80)
00:05:09,937 INFO  eu.stratosphere.nephele.execution.ExecutionStateTransition    - TM: ExecutionState set from STARTING to RUNNING for task Customers (6/80)
00:05:09,937 INFO  eu.stratosphere.nephele.execution.ExecutionStateTransition    - TM: ExecutionState set from STARTING to RUNNING for task LineItems (2/80)
00:05:09,937 INFO  eu.stratosphere.nephele.execution.ExecutionStateTransition    - TM: ExecutionState set from STARTING to RUNNING for task Customers (8/80)
00:05:09,937 INFO  eu.stratosphere.nephele.execution.ExecutionStateTransition    - TM: ExecutionState set from STARTING to RUNNING for task LineItems (3/80)
00:05:09,938 INFO  eu.stratosphere.nephele.execution.ExecutionStateTransition    - TM: ExecutionState set from STARTING to RUNNING for task Customers (7/80)
00:05:09,939 INFO  eu.stratosphere.nephele.execution.ExecutionStateTransition    - TM: ExecutionState set from STARTING to RUNNING for task LineItems (8/80)
00:05:09,939 INFO  eu.stratosphere.nephele.execution.ExecutionStateTransition    - TM: ExecutionState set from STARTING to RUNNING for task LineItems (6/80)
00:05:09,937 INFO  eu.stratosphere.nephele.execution.ExecutionStateTransition    - TM: ExecutionState set from STARTING to RUNNING for task Customers (3/80)
00:05:09,939 INFO  eu.stratosphere.nephele.execution.ExecutionStateTransition    - TM: ExecutionState set from STARTING to RUNNING for task LineItems (7/80)
00:05:09,937 INFO  eu.stratosphere.nephele.execution.ExecutionStateTransition    - TM: ExecutionState set from STARTING to RUNNING for task Customers (4/80)
00:05:09,938 INFO  eu.stratosphere.nephele.execution.ExecutionStateTransition    - TM: ExecutionState set from STARTING to RUNNING for task LineItems (5/80)
00:05:09,952 INFO  eu.stratosphere.pact.runtime.task.DataSourceTask              - Start PACT code: Customers (8/80)
00:05:09,937 INFO  eu.stratosphere.nephele.execution.ExecutionStateTransition    - TM: ExecutionState set from STARTING to RUNNING for task Customers (2/80)
00:05:09,937 INFO  eu.stratosphere.nephele.execution.ExecutionStateTransition    - TM: ExecutionState set from STARTING to RUNNING for task LineItems (4/80)
00:05:09,938 INFO  eu.stratosphere.nephele.execution.ExecutionStateTransition    - TM: ExecutionState set from STARTING to RUNNING for task LineItems (1/80)
00:05:09,953 INFO  eu.stratosphere.pact.runtime.task.DataSourceTask              - Start PACT code: LineItems (2/80)
00:05:09,952 INFO  eu.stratosphere.pact.runtime.task.RegularPactTask             - Start PACT code: FilterC (8/80)
00:05:09,950 INFO  eu.stratosphere.pact.runtime.task.DataSourceTask              - Start PACT code: LineItems (6/80)
00:05:09,949 INFO  eu.stratosphere.pact.runtime.task.DataSourceTask              - Start PACT code: LineItems (3/80)
00:05:09,947 INFO  eu.stratosphere.pact.runtime.task.DataSourceTask              - Start PACT code: Orders (2/80)
00:05:09,945 INFO  eu.stratosphere.pact.runtime.task.DataSourceTask              - Start PACT code: Orders (1/80)
00:05:09,944 INFO  eu.stratosphere.pact.runtime.task.DataSourceTask              - Start PACT code: Customers (1/80)
00:05:09,943 INFO  eu.stratosphere.nephele.execution.ExecutionStateTransition    - TM: ExecutionState set from STARTING to RUNNING for task Orders (8/80)
00:05:09,943 INFO  eu.stratosphere.nephele.execution.ExecutionStateTransition    - TM: ExecutionState set from STARTING to RUNNING for task Orders (7/80)
00:05:09,942 INFO  eu.stratosphere.nephele.execution.ExecutionStateTransition    - TM: ExecutionState set from STARTING to RUNNING for task Orders (6/80)
00:05:09,942 INFO  eu.stratosphere.nephele.execution.ExecutionStateTransition    - TM: ExecutionState set from STARTING to RUNNING for task Orders (5/80)
00:05:09,941 INFO  eu.stratosphere.nephele.execution.ExecutionStateTransition    - TM: ExecutionState set from STARTING to RUNNING for task Orders (3/80)
00:05:09,941 INFO  eu.stratosphere.nephele.execution.ExecutionStateTransition    - TM: ExecutionState set from STARTING to RUNNING for task Orders (4/80)
00:05:09,962 INFO  eu.stratosphere.pact.runtime.task.DataSourceTask              - Start PACT code: Customers (2/80)
00:05:09,959 INFO  eu.stratosphere.pact.runtime.task.DataSourceTask              - Start PACT code: LineItems (4/80)
00:05:09,959 INFO  eu.stratosphere.pact.runtime.task.RegularPactTask             - Start PACT code: FilterC (1/80)
00:05:09,958 INFO  eu.stratosphere.pact.runtime.task.RegularPactTask             - Start PACT code: FilterO (1/80)
00:05:09,958 INFO  eu.stratosphere.pact.runtime.task.DataSourceTask              - Start PACT code: LineItems (1/80)
00:05:09,958 INFO  eu.stratosphere.pact.runtime.task.RegularPactTask             - Start PACT code: FilterO (2/80)
00:05:09,957 INFO  eu.stratosphere.pact.runtime.task.RegularPactTask             - Start PACT code: FilterL (3/80)
00:05:09,956 INFO  eu.stratosphere.pact.runtime.task.RegularPactTask             - Start PACT code: FilterL (6/80)
00:05:09,956 INFO  eu.stratosphere.pact.runtime.task.DataSourceTask              - Start PACT code: Customers (5/80)
00:05:09,955 INFO  eu.stratosphere.pact.runtime.task.RegularPactTask             - Start PACT code: FilterL (2/80)
00:05:09,955 INFO  eu.stratosphere.pact.runtime.task.DataSourceTask              - Start PACT code: Customers (6/80)
00:05:09,968 INFO  eu.stratosphere.pact.runtime.task.DataSourceTask              - Start PACT code: Customers (3/80)
00:05:09,968 INFO  eu.stratosphere.pact.runtime.task.RegularPactTask             - Start PACT code: FilterC (5/80)
00:05:09,967 INFO  eu.stratosphere.pact.runtime.task.DataSourceTask              - Start PACT code: LineItems (7/80)
00:05:09,966 INFO  eu.stratosphere.pact.runtime.task.RegularPactTask             - Start PACT code: FilterL (1/80)
00:05:09,966 INFO  eu.stratosphere.pact.runtime.task.DataSourceTask              - Start PACT code: Customers (4/80)
00:05:09,964 INFO  eu.stratosphere.pact.runtime.task.RegularPactTask             - Start PACT code: FilterL (4/80)
00:05:09,964 INFO  eu.stratosphere.pact.runtime.task.DataSourceTask              - Start PACT code: LineItems (5/80)
00:05:09,964 INFO  eu.stratosphere.pact.runtime.task.RegularPactTask             - Start PACT code: FilterC (2/80)
00:05:09,973 INFO  eu.stratosphere.pact.runtime.task.RegularPactTask             - Start PACT code: FilterL (5/80)
00:05:09,972 INFO  eu.stratosphere.pact.runtime.task.DataSourceTask              - Start PACT code: Orders (4/80)
00:05:09,972 INFO  eu.stratosphere.pact.runtime.task.RegularPactTask             - Start PACT code: FilterC (4/80)
00:05:09,975 INFO  eu.stratosphere.pact.runtime.task.DataSourceTask              - Start PACT code: Orders (5/80)
00:05:09,971 INFO  eu.stratosphere.pact.runtime.task.DataSourceTask              - Start PACT code: Customers (7/80)
00:05:09,971 INFO  eu.stratosphere.pact.runtime.task.RegularPactTask             - Start PACT code: FilterL (7/80)
00:05:09,970 INFO  eu.stratosphere.pact.runtime.task.RegularPactTask             - Start PACT code: FilterC (3/80)
00:05:09,969 INFO  eu.stratosphere.pact.runtime.task.DataSourceTask              - Start PACT code: LineItems (8/80)
00:05:09,969 INFO  eu.stratosphere.pact.runtime.task.RegularPactTask             - Start PACT code: FilterC (6/80)
00:05:09,977 INFO  eu.stratosphere.pact.runtime.task.DataSourceTask              - Start PACT code: Orders (7/80)
00:05:09,977 INFO  eu.stratosphere.pact.runtime.task.RegularPactTask             - Start PACT code: FilterL (8/80)
00:05:09,976 INFO  eu.stratosphere.pact.runtime.task.DataSourceTask              - Start PACT code: Orders (6/80)
00:05:09,976 INFO  eu.stratosphere.pact.runtime.task.RegularPactTask             - Start PACT code: FilterC (7/80)
00:05:09,975 INFO  eu.stratosphere.pact.runtime.task.RegularPactTask             - Start PACT code: FilterO (5/80)
00:05:09,974 INFO  eu.stratosphere.pact.runtime.task.RegularPactTask             - Start PACT code: FilterO (4/80)
00:05:09,973 INFO  eu.stratosphere.pact.runtime.task.DataSourceTask              - Start PACT code: Orders (3/80)
00:05:09,979 INFO  eu.stratosphere.pact.runtime.task.RegularPactTask             - Start PACT code: FilterO (6/80)
00:05:09,979 INFO  eu.stratosphere.pact.runtime.task.DataSourceTask              - Start PACT code: Orders (8/80)
00:05:09,978 INFO  eu.stratosphere.pact.runtime.task.RegularPactTask             - Start PACT code: FilterO (7/80)
00:05:09,983 INFO  eu.stratosphere.pact.runtime.task.RegularPactTask             - Start PACT code: FilterO (8/80)
00:05:09,981 INFO  eu.stratosphere.pact.runtime.task.RegularPactTask             - Start PACT code: FilterO (3/80)
