00:04:39,474 WARN  eu.stratosphere.nephele.configuration.GlobalConfiguration     - Cannot load configuration: unknown element plugins
00:04:39,511 INFO  eu.stratosphere.nephele.taskmanager.TaskManager               - Reading location of job manager from configuration
00:04:39,521 INFO  eu.stratosphere.nephele.taskmanager.TaskManager               - Determined address of job manager to be cloud-11.dima.tu-berlin.de/130.149.21.15:6002
00:04:39,529 INFO  eu.stratosphere.nephele.taskmanager.TaskManager               - Announcing connection information cloud-19 to job manager
00:04:39,595 INFO  eu.stratosphere.nephele.ipc.Server                            - IPC Server listener on 6122: starting
00:04:39,595 INFO  eu.stratosphere.nephele.ipc.Server                            - IPC Server Responder: starting
00:04:39,596 INFO  eu.stratosphere.nephele.ipc.Server                            - IPC Server handler 0 on 6122: starting
00:04:40,716 INFO  eu.stratosphere.nephele.taskmanager.bufferprovider.GlobalBufferPool  - Initialized global buffer pool with 32768 buffers with a size 32768 bytes each
00:04:40,736 INFO  eu.stratosphere.nephele.taskmanager.bytebuffered.ByteBufferedChannelManager  - Initialized byte buffered channel manager with sender-side spilling disabled
00:04:40,745 INFO  eu.stratosphere.nephele.instance.HardwareDescriptionFactory   - Found Tenured Gen pool (max: 24051843072, used: 0)
00:04:40,746 INFO  eu.stratosphere.nephele.taskmanager.TaskManager               - Initializing memory manager with 22528 megabytes of memory
00:05:09,799 INFO  eu.stratosphere.nephele.execution.ExecutionStateTransition    - TM: ExecutionState set from STARTING to RUNNING for task Customers (9/80)
00:05:09,799 INFO  eu.stratosphere.nephele.execution.ExecutionStateTransition    - TM: ExecutionState set from STARTING to RUNNING for task Customers (16/80)
00:05:09,802 INFO  eu.stratosphere.nephele.execution.ExecutionStateTransition    - TM: ExecutionState set from STARTING to RUNNING for task LineItems (14/80)
00:05:09,804 INFO  eu.stratosphere.nephele.execution.ExecutionStateTransition    - TM: ExecutionState set from STARTING to RUNNING for task Orders (9/80)
00:05:09,801 INFO  eu.stratosphere.nephele.execution.ExecutionStateTransition    - TM: ExecutionState set from STARTING to RUNNING for task LineItems (12/80)
00:05:09,802 INFO  eu.stratosphere.nephele.execution.ExecutionStateTransition    - TM: ExecutionState set from STARTING to RUNNING for task LineItems (13/80)
00:05:09,801 INFO  eu.stratosphere.nephele.execution.ExecutionStateTransition    - TM: ExecutionState set from STARTING to RUNNING for task LineItems (11/80)
00:05:09,801 INFO  eu.stratosphere.nephele.execution.ExecutionStateTransition    - TM: ExecutionState set from STARTING to RUNNING for task LineItems (10/80)
00:05:09,799 INFO  eu.stratosphere.nephele.execution.ExecutionStateTransition    - TM: ExecutionState set from STARTING to RUNNING for task Customers (15/80)
00:05:09,799 INFO  eu.stratosphere.nephele.execution.ExecutionStateTransition    - TM: ExecutionState set from STARTING to RUNNING for task Customers (14/80)
00:05:09,799 INFO  eu.stratosphere.nephele.execution.ExecutionStateTransition    - TM: ExecutionState set from STARTING to RUNNING for task Customers (10/80)
00:05:09,799 INFO  eu.stratosphere.nephele.execution.ExecutionStateTransition    - TM: ExecutionState set from STARTING to RUNNING for task Customers (11/80)
00:05:09,799 INFO  eu.stratosphere.nephele.execution.ExecutionStateTransition    - TM: ExecutionState set from STARTING to RUNNING for task LineItems (9/80)
00:05:09,799 INFO  eu.stratosphere.nephele.execution.ExecutionStateTransition    - TM: ExecutionState set from STARTING to RUNNING for task Customers (13/80)
00:05:09,799 INFO  eu.stratosphere.nephele.execution.ExecutionStateTransition    - TM: ExecutionState set from STARTING to RUNNING for task Customers (12/80)
00:05:09,813 INFO  eu.stratosphere.pact.runtime.task.DataSourceTask              - Start PACT code: LineItems (10/80)
00:05:09,811 INFO  eu.stratosphere.pact.runtime.task.DataSourceTask              - Start PACT code: Customers (15/80)
00:05:09,810 INFO  eu.stratosphere.pact.runtime.task.DataSourceTask              - Start PACT code: LineItems (14/80)
00:05:09,808 INFO  eu.stratosphere.pact.runtime.task.DataSourceTask              - Start PACT code: Orders (9/80)
00:05:09,807 INFO  eu.stratosphere.nephele.execution.ExecutionStateTransition    - TM: ExecutionState set from STARTING to RUNNING for task Orders (16/80)
00:05:09,807 INFO  eu.stratosphere.nephele.execution.ExecutionStateTransition    - TM: ExecutionState set from STARTING to RUNNING for task Orders (15/80)
00:05:09,807 INFO  eu.stratosphere.nephele.execution.ExecutionStateTransition    - TM: ExecutionState set from STARTING to RUNNING for task Orders (14/80)
00:05:09,806 INFO  eu.stratosphere.pact.runtime.task.DataSourceTask              - Start PACT code: Customers (16/80)
00:05:09,806 INFO  eu.stratosphere.nephele.execution.ExecutionStateTransition    - TM: ExecutionState set from STARTING to RUNNING for task Orders (13/80)
00:05:09,805 INFO  eu.stratosphere.nephele.execution.ExecutionStateTransition    - TM: ExecutionState set from STARTING to RUNNING for task Orders (12/80)
00:05:09,805 INFO  eu.stratosphere.nephele.execution.ExecutionStateTransition    - TM: ExecutionState set from STARTING to RUNNING for task Orders (11/80)
00:05:09,804 INFO  eu.stratosphere.nephele.execution.ExecutionStateTransition    - TM: ExecutionState set from STARTING to RUNNING for task Orders (10/80)
00:05:09,804 INFO  eu.stratosphere.pact.runtime.task.DataSourceTask              - Start PACT code: Customers (9/80)
00:05:09,803 INFO  eu.stratosphere.nephele.execution.ExecutionStateTransition    - TM: ExecutionState set from STARTING to RUNNING for task LineItems (16/80)
00:05:09,802 INFO  eu.stratosphere.nephele.execution.ExecutionStateTransition    - TM: ExecutionState set from STARTING to RUNNING for task LineItems (15/80)
00:05:09,821 INFO  eu.stratosphere.pact.runtime.task.RegularPactTask             - Start PACT code: FilterC (9/80)
00:05:09,820 INFO  eu.stratosphere.pact.runtime.task.DataSourceTask              - Start PACT code: Orders (13/80)
00:05:09,819 INFO  eu.stratosphere.pact.runtime.task.DataSourceTask              - Start PACT code: Orders (14/80)
00:05:09,818 INFO  eu.stratosphere.pact.runtime.task.RegularPactTask             - Start PACT code: FilterC (16/80)
00:05:09,817 INFO  eu.stratosphere.pact.runtime.task.DataSourceTask              - Start PACT code: LineItems (12/80)
00:05:09,816 INFO  eu.stratosphere.pact.runtime.task.DataSourceTask              - Start PACT code: LineItems (13/80)
00:05:09,815 INFO  eu.stratosphere.pact.runtime.task.RegularPactTask             - Start PACT code: FilterO (9/80)
00:05:09,815 INFO  eu.stratosphere.pact.runtime.task.RegularPactTask             - Start PACT code: FilterL (14/80)
00:05:09,814 INFO  eu.stratosphere.pact.runtime.task.DataSourceTask              - Start PACT code: LineItems (11/80)
00:05:09,814 INFO  eu.stratosphere.pact.runtime.task.RegularPactTask             - Start PACT code: FilterC (15/80)
00:05:09,814 INFO  eu.stratosphere.pact.runtime.task.RegularPactTask             - Start PACT code: FilterL (10/80)
00:05:09,828 INFO  eu.stratosphere.pact.runtime.task.DataSourceTask              - Start PACT code: Customers (13/80)
00:05:09,827 INFO  eu.stratosphere.pact.runtime.task.RegularPactTask             - Start PACT code: FilterL (11/80)
00:05:09,825 INFO  eu.stratosphere.pact.runtime.task.DataSourceTask              - Start PACT code: Customers (12/80)
00:05:09,825 INFO  eu.stratosphere.pact.runtime.task.RegularPactTask             - Start PACT code: FilterL (13/80)
00:05:09,824 INFO  eu.stratosphere.pact.runtime.task.RegularPactTask             - Start PACT code: FilterL (12/80)
00:05:09,824 INFO  eu.stratosphere.pact.runtime.task.DataSourceTask              - Start PACT code: Orders (16/80)
00:05:09,823 INFO  eu.stratosphere.pact.runtime.task.RegularPactTask             - Start PACT code: FilterO (14/80)
00:05:09,823 INFO  eu.stratosphere.pact.runtime.task.RegularPactTask             - Start PACT code: FilterO (13/80)
00:05:09,822 INFO  eu.stratosphere.pact.runtime.task.DataSourceTask              - Start PACT code: Orders (15/80)
00:05:09,831 INFO  eu.stratosphere.pact.runtime.task.RegularPactTask             - Start PACT code: FilterO (16/80)
00:05:09,830 INFO  eu.stratosphere.pact.runtime.task.RegularPactTask             - Start PACT code: FilterC (12/80)
00:05:09,829 INFO  eu.stratosphere.pact.runtime.task.DataSourceTask              - Start PACT code: LineItems (9/80)
00:05:09,829 INFO  eu.stratosphere.pact.runtime.task.RegularPactTask             - Start PACT code: FilterC (13/80)
00:05:09,834 INFO  eu.stratosphere.pact.runtime.task.RegularPactTask             - Start PACT code: FilterL (9/80)
00:05:09,833 INFO  eu.stratosphere.pact.runtime.task.DataSourceTask              - Start PACT code: Customers (11/80)
00:05:09,833 INFO  eu.stratosphere.pact.runtime.task.RegularPactTask             - Start PACT code: FilterO (15/80)
00:05:09,836 INFO  eu.stratosphere.pact.runtime.task.RegularPactTask             - Start PACT code: FilterC (11/80)
00:05:09,837 INFO  eu.stratosphere.pact.runtime.task.DataSourceTask              - Start PACT code: Customers (14/80)
00:05:09,835 INFO  eu.stratosphere.pact.runtime.task.DataSourceTask              - Start PACT code: Customers (10/80)
00:05:09,837 INFO  eu.stratosphere.pact.runtime.task.RegularPactTask             - Start PACT code: FilterC (14/80)
00:05:09,838 INFO  eu.stratosphere.pact.runtime.task.RegularPactTask             - Start PACT code: FilterC (10/80)
00:05:09,839 INFO  eu.stratosphere.pact.runtime.task.DataSourceTask              - Start PACT code: LineItems (15/80)
00:05:09,840 INFO  eu.stratosphere.pact.runtime.task.RegularPactTask             - Start PACT code: FilterL (15/80)
00:05:09,840 INFO  eu.stratosphere.pact.runtime.task.DataSourceTask              - Start PACT code: LineItems (16/80)
00:05:09,841 INFO  eu.stratosphere.pact.runtime.task.RegularPactTask             - Start PACT code: FilterL (16/80)
00:05:09,842 INFO  eu.stratosphere.pact.runtime.task.DataSourceTask              - Start PACT code: Orders (10/80)
00:05:09,842 INFO  eu.stratosphere.pact.runtime.task.RegularPactTask             - Start PACT code: FilterO (10/80)
00:05:09,843 INFO  eu.stratosphere.pact.runtime.task.DataSourceTask              - Start PACT code: Orders (11/80)
00:05:09,844 INFO  eu.stratosphere.pact.runtime.task.RegularPactTask             - Start PACT code: FilterO (11/80)
00:05:09,845 INFO  eu.stratosphere.pact.runtime.task.DataSourceTask              - Start PACT code: Orders (12/80)
00:05:09,845 INFO  eu.stratosphere.pact.runtime.task.RegularPactTask             - Start PACT code: FilterO (12/80)
00:05:12,549 INFO  eu.stratosphere.pact.runtime.task.RegularPactTask             - Finished PACT code: FilterC (15/80)
00:05:12,550 INFO  eu.stratosphere.pact.runtime.task.DataSourceTask              - Finished PACT code: Customers (15/80)
00:05:12,550 INFO  eu.stratosphere.nephele.execution.ExecutionStateTransition    - TM: ExecutionState set from RUNNING to FINISHING for task Customers (15/80)
00:05:12,550 INFO  eu.stratosphere.pact.runtime.task.RegularPactTask             - Finished PACT code: FilterC (11/80)
00:05:12,551 INFO  eu.stratosphere.pact.runtime.task.DataSourceTask              - Finished PACT code: Customers (11/80)
00:05:12,551 INFO  eu.stratosphere.nephele.execution.ExecutionStateTransition    - TM: ExecutionState set from RUNNING to FINISHING for task Customers (11/80)
00:05:12,579 INFO  eu.stratosphere.pact.runtime.task.RegularPactTask             - Finished PACT code: FilterC (9/80)
00:05:12,579 INFO  eu.stratosphere.pact.runtime.task.DataSourceTask              - Finished PACT code: Customers (9/80)
00:05:12,579 INFO  eu.stratosphere.nephele.execution.ExecutionStateTransition    - TM: ExecutionState set from RUNNING to FINISHING for task Customers (9/80)
00:05:12,696 INFO  eu.stratosphere.pact.runtime.task.RegularPactTask             - Finished PACT code: FilterC (16/80)
00:05:12,696 INFO  eu.stratosphere.pact.runtime.task.DataSourceTask              - Finished PACT code: Customers (16/80)
00:05:12,696 INFO  eu.stratosphere.nephele.execution.ExecutionStateTransition    - TM: ExecutionState set from RUNNING to FINISHING for task Customers (16/80)
00:05:12,697 INFO  eu.stratosphere.pact.runtime.task.RegularPactTask             - Finished PACT code: FilterC (12/80)
00:05:12,697 INFO  eu.stratosphere.pact.runtime.task.DataSourceTask              - Finished PACT code: Customers (12/80)
00:05:12,697 INFO  eu.stratosphere.nephele.execution.ExecutionStateTransition    - TM: ExecutionState set from RUNNING to FINISHING for task Customers (12/80)
00:05:12,707 INFO  eu.stratosphere.pact.runtime.task.RegularPactTask             - Finished PACT code: FilterC (10/80)
00:05:12,707 INFO  eu.stratosphere.pact.runtime.task.DataSourceTask              - Finished PACT code: Customers (10/80)
00:05:12,707 INFO  eu.stratosphere.nephele.execution.ExecutionStateTransition    - TM: ExecutionState set from RUNNING to FINISHING for task Customers (10/80)
00:05:12,709 INFO  eu.stratosphere.pact.runtime.task.RegularPactTask             - Finished PACT code: FilterC (14/80)
00:05:12,709 INFO  eu.stratosphere.pact.runtime.task.DataSourceTask              - Finished PACT code: Customers (14/80)
00:05:12,709 INFO  eu.stratosphere.nephele.execution.ExecutionStateTransition    - TM: ExecutionState set from RUNNING to FINISHING for task Customers (14/80)
00:05:12,727 INFO  eu.stratosphere.pact.runtime.task.RegularPactTask             - Finished PACT code: FilterC (13/80)
00:05:12,728 INFO  eu.stratosphere.pact.runtime.task.DataSourceTask              - Finished PACT code: Customers (13/80)
00:05:12,728 INFO  eu.stratosphere.nephele.execution.ExecutionStateTransition    - TM: ExecutionState set from RUNNING to FINISHING for task Customers (13/80)
00:05:13,202 INFO  eu.stratosphere.nephele.execution.ExecutionStateTransition    - TM: ExecutionState set from STARTING to RUNNING for task JoinOC (9/80)
00:05:13,204 INFO  eu.stratosphere.pact.runtime.task.RegularPactTask             - Start PACT code.: JoinOC (9/80)
00:05:13,254 INFO  eu.stratosphere.nephele.execution.ExecutionStateTransition    - TM: ExecutionState set from STARTING to RUNNING for task JoinOC (12/80)
00:05:13,258 INFO  eu.stratosphere.pact.runtime.task.RegularPactTask             - Start PACT code.: JoinOC (12/80)
