13/06/12 18:52:15 INFO util.NativeCodeLoader: Loaded the native-hadoop library
13/06/12 18:52:15 WARN snappy.LoadSnappy: Snappy native library not loaded
13/06/12 18:52:15 INFO mapred.FileInputFormat: Total input paths to process : 1
13/06/12 18:52:16 INFO mapred.JobClient: Running job: job_201306121842_0003
13/06/12 18:52:17 INFO mapred.JobClient:  map 0% reduce 0%
13/06/12 18:52:33 INFO mapred.JobClient:  map 47% reduce 0%
13/06/12 18:52:36 INFO mapred.JobClient:  map 55% reduce 0%
13/06/12 18:52:42 INFO mapred.JobClient:  map 63% reduce 0%
13/06/12 18:52:45 INFO mapred.JobClient:  map 72% reduce 0%
13/06/12 18:52:48 INFO mapred.JobClient:  map 73% reduce 0%
13/06/12 18:52:51 INFO mapred.JobClient:  map 76% reduce 0%
13/06/12 18:52:54 INFO mapred.JobClient:  map 87% reduce 1%
13/06/12 18:52:57 INFO mapred.JobClient:  map 92% reduce 2%
13/06/12 18:53:00 INFO mapred.JobClient:  map 92% reduce 3%
13/06/12 18:53:03 INFO mapred.JobClient:  map 99% reduce 5%
13/06/12 18:53:06 INFO mapred.JobClient:  map 100% reduce 6%
13/06/12 18:53:09 INFO mapred.JobClient:  map 100% reduce 7%
13/06/12 18:53:12 INFO mapred.JobClient:  map 100% reduce 9%
13/06/12 18:53:15 INFO mapred.JobClient:  map 100% reduce 10%
13/06/12 18:53:18 INFO mapred.JobClient:  map 100% reduce 11%
13/06/12 18:53:21 INFO mapred.JobClient:  map 100% reduce 13%
13/06/12 18:53:24 INFO mapred.JobClient:  map 100% reduce 23%
13/06/12 18:53:27 INFO mapred.JobClient:  map 100% reduce 59%
13/06/12 18:53:30 INFO mapred.JobClient:  map 100% reduce 76%
13/06/12 18:53:33 INFO mapred.JobClient:  map 100% reduce 78%
13/06/12 18:53:36 INFO mapred.JobClient:  map 100% reduce 80%
13/06/12 18:53:39 INFO mapred.JobClient:  map 100% reduce 83%
13/06/12 18:53:42 INFO mapred.JobClient:  map 100% reduce 86%
13/06/12 18:53:45 INFO mapred.JobClient:  map 100% reduce 89%
13/06/12 18:53:48 INFO mapred.JobClient:  map 100% reduce 91%
13/06/12 18:53:51 INFO mapred.JobClient:  map 100% reduce 93%
13/06/12 18:53:54 INFO mapred.JobClient:  map 100% reduce 95%
13/06/12 18:53:57 INFO mapred.JobClient:  map 100% reduce 96%
13/06/12 18:54:00 INFO mapred.JobClient:  map 100% reduce 97%
13/06/12 18:54:03 INFO mapred.JobClient:  map 100% reduce 98%
13/06/12 18:54:12 INFO mapred.JobClient:  map 100% reduce 99%
13/06/12 18:55:36 INFO mapred.JobClient:  map 100% reduce 100%
13/06/12 18:55:41 INFO mapred.JobClient: Job complete: job_201306121842_0003
13/06/12 18:55:41 INFO mapred.JobClient: Counters: 31
13/06/12 18:55:41 INFO mapred.JobClient:   Job Counters 
13/06/12 18:55:41 INFO mapred.JobClient:     Launched reduce tasks=120
13/06/12 18:55:41 INFO mapred.JobClient:     SLOTS_MILLIS_MAPS=137380
13/06/12 18:55:41 INFO mapred.JobClient:     Total time spent by all reduces waiting after reserving slots (ms)=0
13/06/12 18:55:41 INFO mapred.JobClient:     Total time spent by all maps waiting after reserving slots (ms)=0
13/06/12 18:55:41 INFO mapred.JobClient:     Rack-local map tasks=2
13/06/12 18:55:41 INFO mapred.JobClient:     Launched map tasks=3
13/06/12 18:55:41 INFO mapred.JobClient:     Data-local map tasks=1
13/06/12 18:55:41 INFO mapred.JobClient:     SLOTS_MILLIS_REDUCES=7241583
13/06/12 18:55:41 INFO mapred.JobClient:   File Input Format Counters 
13/06/12 18:55:41 INFO mapred.JobClient:     Bytes Read=310108633
13/06/12 18:55:41 INFO mapred.JobClient:   File Output Format Counters 
13/06/12 18:55:41 INFO mapred.JobClient:     Bytes Written=21493700680
13/06/12 18:55:41 INFO mapred.JobClient:   FileSystemCounters
13/06/12 18:55:41 INFO mapred.JobClient:     FILE_BYTES_READ=815240104
13/06/12 18:55:41 INFO mapred.JobClient:     HDFS_BYTES_READ=310109068
13/06/12 18:55:41 INFO mapred.JobClient:     FILE_BYTES_WRITTEN=671903143
13/06/12 18:55:41 INFO mapred.JobClient:     HDFS_BYTES_WRITTEN=21493700680
13/06/12 18:55:41 INFO mapred.JobClient:   Map-Reduce Framework
13/06/12 18:55:41 INFO mapred.JobClient:     Map output materialized bytes=223021800
13/06/12 18:55:41 INFO mapred.JobClient:     Map input records=22301964
13/06/12 18:55:41 INFO mapred.JobClient:     Reduce shuffle bytes=137232704
13/06/12 18:55:41 INFO mapred.JobClient:     Spilled Records=66905892
13/06/12 18:55:41 INFO mapred.JobClient:     Map output bytes=178415712
13/06/12 18:55:41 INFO mapred.JobClient:     Total committed heap usage (bytes)=189900521472
13/06/12 18:55:41 INFO mapred.JobClient:     CPU time spent (ms)=2568960
13/06/12 18:55:41 INFO mapred.JobClient:     Map input bytes=309060055
13/06/12 18:55:41 INFO mapred.JobClient:     SPLIT_RAW_BYTES=435
13/06/12 18:55:41 INFO mapred.JobClient:     Combine input records=0
13/06/12 18:55:41 INFO mapred.JobClient:     Reduce input records=22301964
13/06/12 18:55:41 INFO mapred.JobClient:     Reduce input groups=1151281
13/06/12 18:55:41 INFO mapred.JobClient:     Combine output records=0
13/06/12 18:55:41 INFO mapred.JobClient:     Physical memory (bytes) snapshot=43360092160
13/06/12 18:55:41 INFO mapred.JobClient:     Reduce output records=1064043912
13/06/12 18:55:41 INFO mapred.JobClient:     Virtual memory (bytes) snapshot=310993625088
13/06/12 18:55:41 INFO mapred.JobClient:     Map output records=22301964
13/06/12 18:55:41 INFO mapred.FileInputFormat: Total input paths to process : 120
13/06/12 18:55:42 INFO mapred.FileInputFormat: Total input paths to process : 1
13/06/12 18:55:42 INFO mapred.JobClient: Running job: job_201306121842_0004
13/06/12 18:55:43 INFO mapred.JobClient:  map 0% reduce 0%
13/06/12 18:56:00 INFO mapred.JobClient:  map 7% reduce 0%
13/06/12 18:56:01 INFO mapred.JobClient:  map 8% reduce 0%
13/06/12 18:56:03 INFO mapred.JobClient:  map 13% reduce 0%
13/06/12 18:56:04 INFO mapred.JobClient:  map 14% reduce 0%
13/06/12 18:56:06 INFO mapred.JobClient:  map 20% reduce 0%
13/06/12 18:56:09 INFO mapred.JobClient:  map 25% reduce 0%
13/06/12 18:56:10 INFO mapred.JobClient:  map 26% reduce 0%
13/06/12 18:56:12 INFO mapred.JobClient:  map 30% reduce 0%
13/06/12 18:56:15 INFO mapred.JobClient:  map 32% reduce 0%
13/06/12 18:56:18 INFO mapred.JobClient:  map 33% reduce 0%
13/06/12 18:57:00 INFO mapred.JobClient:  map 34% reduce 0%
13/06/12 18:57:01 INFO mapred.JobClient:  map 35% reduce 0%
13/06/12 18:57:03 INFO mapred.JobClient:  map 37% reduce 0%
13/06/12 18:57:06 INFO mapred.JobClient:  map 40% reduce 0%
13/06/12 18:57:09 INFO mapred.JobClient:  map 44% reduce 0%
13/06/12 18:57:10 INFO mapred.JobClient:  map 45% reduce 0%
13/06/12 18:57:12 INFO mapred.JobClient:  map 50% reduce 0%
13/06/12 18:57:15 INFO mapred.JobClient:  map 54% reduce 0%
13/06/12 18:57:18 INFO mapred.JobClient:  map 57% reduce 0%
13/06/12 18:57:21 INFO mapred.JobClient:  map 59% reduce 0%
13/06/12 18:57:51 INFO mapred.JobClient:  map 60% reduce 0%
13/06/12 18:57:57 INFO mapred.JobClient:  map 61% reduce 0%
13/06/12 18:58:00 INFO mapred.JobClient:  map 62% reduce 0%
13/06/12 18:58:03 INFO mapred.JobClient:  map 63% reduce 0%
13/06/12 18:58:12 INFO mapred.JobClient:  map 64% reduce 0%
13/06/12 18:58:15 INFO mapred.JobClient:  map 66% reduce 0%
13/06/12 18:58:27 INFO mapred.JobClient:  map 67% reduce 0%
13/06/12 18:58:39 INFO mapred.JobClient:  map 68% reduce 0%
13/06/12 18:58:40 INFO mapred.JobClient:  map 70% reduce 0%
13/06/12 18:58:42 INFO mapred.JobClient:  map 72% reduce 0%
13/06/12 18:58:45 INFO mapred.JobClient:  map 75% reduce 1%
13/06/12 18:58:48 INFO mapred.JobClient:  map 80% reduce 2%
13/06/12 18:58:51 INFO mapred.JobClient:  map 85% reduce 4%
13/06/12 18:58:54 INFO mapred.JobClient:  map 86% reduce 6%
13/06/12 18:58:57 INFO mapred.JobClient:  map 89% reduce 9%
13/06/12 18:58:58 INFO mapred.JobClient:  map 89% reduce 10%
13/06/12 18:59:00 INFO mapred.JobClient:  map 90% reduce 13%
13/06/12 18:59:01 INFO mapred.JobClient:  map 90% reduce 14%
13/06/12 18:59:03 INFO mapred.JobClient:  map 90% reduce 18%
13/06/12 18:59:06 INFO mapred.JobClient:  map 90% reduce 21%
13/06/12 18:59:09 INFO mapred.JobClient:  map 90% reduce 22%
13/06/12 18:59:10 INFO mapred.JobClient:  map 91% reduce 22%
13/06/12 18:59:12 INFO mapred.JobClient:  map 91% reduce 23%
13/06/12 18:59:15 INFO mapred.JobClient:  map 92% reduce 23%
13/06/12 18:59:16 INFO mapred.JobClient:  map 93% reduce 23%
13/06/12 18:59:18 INFO mapred.JobClient:  map 95% reduce 24%
13/06/12 18:59:21 INFO mapred.JobClient:  map 96% reduce 24%
13/06/12 18:59:24 INFO mapred.JobClient:  map 97% reduce 25%
13/06/12 18:59:30 INFO mapred.JobClient:  map 98% reduce 25%
13/06/12 18:59:33 INFO mapred.JobClient:  map 98% reduce 26%
13/06/12 18:59:36 INFO mapred.JobClient:  map 99% reduce 26%
13/06/12 19:00:12 INFO mapred.JobClient:  map 99% reduce 27%
13/06/12 19:00:18 INFO mapred.JobClient:  map 99% reduce 28%
13/06/12 19:00:24 INFO mapred.JobClient:  map 99% reduce 29%
13/06/12 19:00:27 INFO mapred.JobClient:  map 99% reduce 31%
13/06/12 19:00:33 INFO mapred.JobClient:  map 99% reduce 32%
13/06/12 19:00:43 INFO mapred.JobClient:  map 99% reduce 33%
13/06/12 19:00:52 INFO mapred.JobClient:  map 100% reduce 33%
13/06/12 19:01:28 INFO mapred.JobClient:  map 100% reduce 48%
13/06/12 19:01:31 INFO mapred.JobClient:  map 100% reduce 71%
13/06/12 19:01:34 INFO mapred.JobClient:  map 100% reduce 79%
13/06/12 19:01:37 INFO mapred.JobClient:  map 100% reduce 92%
13/06/12 19:01:40 INFO mapred.JobClient:  map 100% reduce 100%
13/06/12 19:01:45 INFO mapred.JobClient: Job complete: job_201306121842_0004
13/06/12 19:01:45 INFO mapred.JobClient: Counters: 31
13/06/12 19:01:45 INFO mapred.JobClient:   Job Counters 
13/06/12 19:01:45 INFO mapred.JobClient:     Launched reduce tasks=120
13/06/12 19:01:45 INFO mapred.JobClient:     SLOTS_MILLIS_MAPS=25216709
13/06/12 19:01:45 INFO mapred.JobClient:     Total time spent by all reduces waiting after reserving slots (ms)=0
13/06/12 19:01:45 INFO mapred.JobClient:     Total time spent by all maps waiting after reserving slots (ms)=0
13/06/12 19:01:45 INFO mapred.JobClient:     Rack-local map tasks=27
13/06/12 19:01:45 INFO mapred.JobClient:     Launched map tasks=180
13/06/12 19:01:45 INFO mapred.JobClient:     Data-local map tasks=153
13/06/12 19:01:45 INFO mapred.JobClient:     SLOTS_MILLIS_REDUCES=20475399
13/06/12 19:01:45 INFO mapred.JobClient:   File Input Format Counters 
13/06/12 19:01:45 INFO mapred.JobClient:     Bytes Read=0
13/06/12 19:01:45 INFO mapred.JobClient:   File Output Format Counters 
13/06/12 19:01:45 INFO mapred.JobClient:     Bytes Written=669859806
13/06/12 19:01:45 INFO mapred.JobClient:   FileSystemCounters
13/06/12 19:01:45 INFO mapred.JobClient:     FILE_BYTES_READ=49717322462
13/06/12 19:01:45 INFO mapred.JobClient:     HDFS_BYTES_READ=21803930831
13/06/12 19:01:45 INFO mapred.JobClient:     FILE_BYTES_WRITTEN=58178409510
13/06/12 19:01:45 INFO mapred.JobClient:     HDFS_BYTES_WRITTEN=669859806
13/06/12 19:01:45 INFO mapred.JobClient:   Map-Reduce Framework
13/06/12 19:01:45 INFO mapred.JobClient:     Map output materialized bytes=19554355368
13/06/12 19:01:45 INFO mapred.JobClient:     Map input records=1086345876
13/06/12 19:01:45 INFO mapred.JobClient:     Reduce shuffle bytes=19390933848
13/06/12 19:01:45 INFO mapred.JobClient:     Spilled Records=3231681279
13/06/12 19:01:45 INFO mapred.JobClient:     Map output bytes=17381534016
13/06/12 19:01:45 INFO mapred.JobClient:     Total committed heap usage (bytes)=459800903680
13/06/12 19:01:45 INFO mapred.JobClient:     CPU time spent (ms)=33484370
13/06/12 19:01:45 INFO mapred.JobClient:     Map input bytes=21802746095
13/06/12 19:01:45 INFO mapred.JobClient:     SPLIT_RAW_BYTES=52470
13/06/12 19:01:45 INFO mapred.JobClient:     Combine input records=0
13/06/12 19:01:45 INFO mapred.JobClient:     Reduce input records=947438041
13/06/12 19:01:45 INFO mapred.JobClient:     Reduce input groups=914880583
13/06/12 19:01:45 INFO mapred.JobClient:     Combine output records=0
13/06/12 19:01:45 INFO mapred.JobClient:     Physical memory (bytes) snapshot=380385767424
13/06/12 19:01:45 INFO mapred.JobClient:     Reduce output records=32557458
13/06/12 19:01:45 INFO mapred.JobClient:     Virtual memory (bytes) snapshot=753766342656
13/06/12 19:01:45 INFO mapred.JobClient:     Map output records=1086345876
