03:19:30,576 WARN  eu.stratosphere.nephele.configuration.GlobalConfiguration     - Cannot load configuration: unknown element plugins
03:19:30,613 INFO  eu.stratosphere.nephele.taskmanager.TaskManager               - Reading location of job manager from configuration
03:19:30,623 INFO  eu.stratosphere.nephele.taskmanager.TaskManager               - Determined address of job manager to be cloud-11.dima.tu-berlin.de/130.149.21.15:6002
03:19:30,636 INFO  eu.stratosphere.nephele.taskmanager.TaskManager               - Announcing connection information cloud-15 to job manager
03:19:30,736 INFO  eu.stratosphere.nephele.ipc.Server                            - IPC Server Responder: starting
03:19:30,736 INFO  eu.stratosphere.nephele.ipc.Server                            - IPC Server listener on 6122: starting
03:19:30,738 INFO  eu.stratosphere.nephele.ipc.Server                            - IPC Server handler 0 on 6122: starting
03:19:31,857 INFO  eu.stratosphere.nephele.taskmanager.bufferprovider.GlobalBufferPool  - Initialized global buffer pool with 32768 buffers with a size 32768 bytes each
03:19:31,877 INFO  eu.stratosphere.nephele.taskmanager.bytebuffered.ByteBufferedChannelManager  - Initialized byte buffered channel manager with sender-side spilling disabled
03:19:31,888 INFO  eu.stratosphere.nephele.instance.HardwareDescriptionFactory   - Found Tenured Gen pool (max: 24051843072, used: 0)
03:19:31,888 INFO  eu.stratosphere.nephele.taskmanager.TaskManager               - Initializing memory manager with 22528 megabytes of memory
03:20:01,391 INFO  eu.stratosphere.nephele.execution.ExecutionStateTransition    - TM: ExecutionState set from STARTING to RUNNING for task Input Lines (48/160)
03:20:01,391 INFO  eu.stratosphere.nephele.execution.ExecutionStateTransition    - TM: ExecutionState set from STARTING to RUNNING for task Input Lines (42/160)
03:20:01,391 INFO  eu.stratosphere.nephele.execution.ExecutionStateTransition    - TM: ExecutionState set from STARTING to RUNNING for task Input Lines (43/160)
03:20:01,391 INFO  eu.stratosphere.nephele.execution.ExecutionStateTransition    - TM: ExecutionState set from STARTING to RUNNING for task Input Lines (47/160)
03:20:01,391 INFO  eu.stratosphere.nephele.execution.ExecutionStateTransition    - TM: ExecutionState set from STARTING to RUNNING for task Input Lines (45/160)
03:20:01,391 INFO  eu.stratosphere.nephele.execution.ExecutionStateTransition    - TM: ExecutionState set from STARTING to RUNNING for task Input Lines (46/160)
03:20:01,391 INFO  eu.stratosphere.nephele.execution.ExecutionStateTransition    - TM: ExecutionState set from STARTING to RUNNING for task Input Lines (41/160)
03:20:01,391 INFO  eu.stratosphere.nephele.execution.ExecutionStateTransition    - TM: ExecutionState set from STARTING to RUNNING for task Input Lines (44/160)
03:20:01,396 INFO  eu.stratosphere.pact.runtime.task.DataSourceTask              - Start PACT code: Input Lines (43/160)
03:20:01,394 INFO  eu.stratosphere.pact.runtime.task.DataSourceTask              - Start PACT code: Input Lines (48/160)
03:20:01,398 INFO  eu.stratosphere.pact.runtime.task.RegularPactTask             - Start PACT code: Tokenize Lines (43/160)
03:20:01,398 INFO  eu.stratosphere.pact.runtime.task.DataSourceTask              - Start PACT code: Input Lines (46/160)
03:20:01,399 INFO  eu.stratosphere.pact.runtime.task.RegularPactTask             - Start PACT code: Combiner for Count Words (43/160)
03:20:01,399 INFO  eu.stratosphere.pact.runtime.task.DataSourceTask              - Start PACT code: Input Lines (45/160)
03:20:01,398 INFO  eu.stratosphere.pact.runtime.task.RegularPactTask             - Start PACT code: Tokenize Lines (48/160)
03:20:01,400 INFO  eu.stratosphere.pact.runtime.task.DataSourceTask              - Start PACT code: Input Lines (47/160)
03:20:01,400 INFO  eu.stratosphere.pact.runtime.task.RegularPactTask             - Start PACT code: Tokenize Lines (45/160)
03:20:01,399 INFO  eu.stratosphere.pact.runtime.task.RegularPactTask             - Start PACT code: Tokenize Lines (46/160)
03:20:01,401 INFO  eu.stratosphere.pact.runtime.task.RegularPactTask             - Start PACT code: Combiner for Count Words (45/160)
03:20:01,401 INFO  eu.stratosphere.pact.runtime.task.DataSourceTask              - Start PACT code: Input Lines (42/160)
03:20:01,401 INFO  eu.stratosphere.pact.runtime.task.RegularPactTask             - Start PACT code: Tokenize Lines (47/160)
03:20:01,400 INFO  eu.stratosphere.pact.runtime.task.RegularPactTask             - Start PACT code: Combiner for Count Words (48/160)
03:20:01,403 INFO  eu.stratosphere.pact.runtime.task.DataSourceTask              - Start PACT code: Input Lines (44/160)
03:20:01,403 INFO  eu.stratosphere.pact.runtime.task.RegularPactTask             - Start PACT code: Tokenize Lines (42/160)
03:20:01,402 INFO  eu.stratosphere.pact.runtime.task.RegularPactTask             - Start PACT code: Combiner for Count Words (46/160)
03:20:01,405 INFO  eu.stratosphere.pact.runtime.task.RegularPactTask             - Start PACT code: Combiner for Count Words (42/160)
03:20:01,405 INFO  eu.stratosphere.pact.runtime.task.DataSourceTask              - Start PACT code: Input Lines (41/160)
03:20:01,404 INFO  eu.stratosphere.pact.runtime.task.RegularPactTask             - Start PACT code: Tokenize Lines (44/160)
03:20:01,404 INFO  eu.stratosphere.pact.runtime.task.RegularPactTask             - Start PACT code: Combiner for Count Words (47/160)
03:20:01,408 INFO  eu.stratosphere.pact.runtime.task.RegularPactTask             - Start PACT code: Combiner for Count Words (44/160)
03:20:01,406 INFO  eu.stratosphere.pact.runtime.task.RegularPactTask             - Start PACT code: Tokenize Lines (41/160)
03:20:01,409 INFO  eu.stratosphere.pact.runtime.task.RegularPactTask             - Start PACT code: Combiner for Count Words (41/160)
03:20:09,470 INFO  eu.stratosphere.nephele.execution.ExecutionStateTransition    - TM: ExecutionState set from STARTING to RUNNING for task Count Words (41/160)
03:20:09,481 INFO  eu.stratosphere.pact.runtime.task.RegularPactTask             - Start PACT code.: Count Words (41/160)
03:20:09,482 INFO  eu.stratosphere.nephele.execution.ExecutionStateTransition    - TM: ExecutionState set from STARTING to RUNNING for task Word Counts (41/160)
03:20:09,487 INFO  eu.stratosphere.pact.runtime.task.DataSinkTask                - Start PACT code: Word Counts (41/160)
03:20:09,635 INFO  eu.stratosphere.nephele.execution.ExecutionStateTransition    - TM: ExecutionState set from STARTING to RUNNING for task Count Words (48/160)
03:20:09,635 INFO  eu.stratosphere.nephele.execution.ExecutionStateTransition    - TM: ExecutionState set from STARTING to RUNNING for task Word Counts (48/160)
03:20:09,650 INFO  eu.stratosphere.pact.runtime.task.RegularPactTask             - Start PACT code.: Count Words (48/160)
03:20:09,662 INFO  eu.stratosphere.pact.runtime.task.DataSinkTask                - Start PACT code: Word Counts (48/160)
03:20:09,746 INFO  eu.stratosphere.nephele.execution.ExecutionStateTransition    - TM: ExecutionState set from STARTING to RUNNING for task Count Words (45/160)
03:20:09,746 INFO  eu.stratosphere.nephele.execution.ExecutionStateTransition    - TM: ExecutionState set from STARTING to RUNNING for task Word Counts (45/160)
03:20:09,794 INFO  eu.stratosphere.pact.runtime.task.RegularPactTask             - Start PACT code.: Count Words (45/160)
03:20:09,796 INFO  eu.stratosphere.pact.runtime.task.DataSinkTask                - Start PACT code: Word Counts (45/160)
03:20:09,956 INFO  eu.stratosphere.nephele.execution.ExecutionStateTransition    - TM: ExecutionState set from STARTING to RUNNING for task Count Words (47/160)
03:20:09,959 INFO  eu.stratosphere.pact.runtime.task.RegularPactTask             - Start PACT code.: Count Words (47/160)
03:20:09,963 INFO  eu.stratosphere.nephele.execution.ExecutionStateTransition    - TM: ExecutionState set from STARTING to RUNNING for task Word Counts (47/160)
03:20:09,994 INFO  eu.stratosphere.pact.runtime.task.DataSinkTask                - Start PACT code: Word Counts (47/160)
03:20:10,082 INFO  eu.stratosphere.nephele.execution.ExecutionStateTransition    - TM: ExecutionState set from STARTING to RUNNING for task Count Words (44/160)
03:20:10,100 INFO  eu.stratosphere.pact.runtime.task.RegularPactTask             - Start PACT code.: Count Words (44/160)
03:20:10,105 INFO  eu.stratosphere.nephele.execution.ExecutionStateTransition    - TM: ExecutionState set from STARTING to RUNNING for task Word Counts (44/160)
03:20:10,111 INFO  eu.stratosphere.pact.runtime.task.DataSinkTask                - Start PACT code: Word Counts (44/160)
03:20:10,514 INFO  eu.stratosphere.nephele.execution.ExecutionStateTransition    - TM: ExecutionState set from STARTING to RUNNING for task Count Words (42/160)
03:20:10,531 INFO  eu.stratosphere.pact.runtime.task.RegularPactTask             - Start PACT code.: Count Words (42/160)
03:20:10,538 INFO  eu.stratosphere.nephele.execution.ExecutionStateTransition    - TM: ExecutionState set from STARTING to RUNNING for task Word Counts (42/160)
03:20:10,550 INFO  eu.stratosphere.pact.runtime.task.DataSinkTask                - Start PACT code: Word Counts (42/160)
03:20:10,709 INFO  eu.stratosphere.nephele.execution.ExecutionStateTransition    - TM: ExecutionState set from STARTING to RUNNING for task Count Words (43/160)
03:20:10,720 INFO  eu.stratosphere.pact.runtime.task.RegularPactTask             - Start PACT code.: Count Words (43/160)
03:20:10,722 INFO  eu.stratosphere.nephele.execution.ExecutionStateTransition    - TM: ExecutionState set from STARTING to RUNNING for task Word Counts (43/160)
03:20:10,732 INFO  eu.stratosphere.pact.runtime.task.DataSinkTask                - Start PACT code: Word Counts (43/160)
03:20:10,827 INFO  eu.stratosphere.nephele.execution.ExecutionStateTransition    - TM: ExecutionState set from STARTING to RUNNING for task Count Words (46/160)
03:20:10,843 INFO  eu.stratosphere.pact.runtime.task.RegularPactTask             - Start PACT code.: Count Words (46/160)
03:20:10,850 INFO  eu.stratosphere.nephele.execution.ExecutionStateTransition    - TM: ExecutionState set from STARTING to RUNNING for task Word Counts (46/160)
03:20:10,859 INFO  eu.stratosphere.pact.runtime.task.DataSinkTask                - Start PACT code: Word Counts (46/160)
03:21:05,403 INFO  eu.stratosphere.pact.runtime.task.RegularPactTask             - Finished PACT code: Tokenize Lines (47/160)
03:21:11,829 INFO  eu.stratosphere.pact.runtime.task.RegularPactTask             - Finished PACT code: Tokenize Lines (43/160)
03:21:11,966 INFO  eu.stratosphere.pact.runtime.task.RegularPactTask             - Finished PACT code: Tokenize Lines (41/160)
03:21:12,602 INFO  eu.stratosphere.pact.runtime.task.RegularPactTask             - Finished PACT code: Tokenize Lines (48/160)
03:21:13,351 INFO  eu.stratosphere.pact.runtime.task.RegularPactTask             - Finished PACT code: Tokenize Lines (46/160)
03:21:13,690 INFO  eu.stratosphere.pact.runtime.task.RegularPactTask             - Finished PACT code: Tokenize Lines (45/160)
03:21:13,953 INFO  eu.stratosphere.pact.runtime.task.RegularPactTask             - Finished PACT code: Tokenize Lines (44/160)
03:21:14,771 INFO  eu.stratosphere.pact.runtime.task.RegularPactTask             - Finished PACT code: Tokenize Lines (42/160)
03:21:22,097 INFO  eu.stratosphere.pact.runtime.task.RegularPactTask             - Finished PACT code: Combiner for Count Words (47/160)
03:21:22,097 INFO  eu.stratosphere.pact.runtime.task.DataSourceTask              - Finished PACT code: Input Lines (47/160)
03:21:22,097 INFO  eu.stratosphere.nephele.execution.ExecutionStateTransition    - TM: ExecutionState set from RUNNING to FINISHING for task Input Lines (47/160)
03:22:05,304 INFO  eu.stratosphere.pact.runtime.task.RegularPactTask             - Finished PACT code: Combiner for Count Words (48/160)
03:22:05,304 INFO  eu.stratosphere.pact.runtime.task.DataSourceTask              - Finished PACT code: Input Lines (48/160)
03:22:05,305 INFO  eu.stratosphere.nephele.execution.ExecutionStateTransition    - TM: ExecutionState set from RUNNING to FINISHING for task Input Lines (48/160)
03:22:05,719 INFO  eu.stratosphere.pact.runtime.task.RegularPactTask             - Finished PACT code: Combiner for Count Words (43/160)
03:22:05,720 INFO  eu.stratosphere.pact.runtime.task.DataSourceTask              - Finished PACT code: Input Lines (43/160)
03:22:05,720 INFO  eu.stratosphere.nephele.execution.ExecutionStateTransition    - TM: ExecutionState set from RUNNING to FINISHING for task Input Lines (43/160)
03:22:06,325 INFO  eu.stratosphere.pact.runtime.task.RegularPactTask             - Finished PACT code: Combiner for Count Words (46/160)
03:22:06,326 INFO  eu.stratosphere.pact.runtime.task.DataSourceTask              - Finished PACT code: Input Lines (46/160)
03:22:06,326 INFO  eu.stratosphere.nephele.execution.ExecutionStateTransition    - TM: ExecutionState set from RUNNING to FINISHING for task Input Lines (46/160)
03:22:06,785 INFO  eu.stratosphere.pact.runtime.task.RegularPactTask             - Finished PACT code: Combiner for Count Words (41/160)
03:22:06,785 INFO  eu.stratosphere.pact.runtime.task.DataSourceTask              - Finished PACT code: Input Lines (41/160)
03:22:06,786 INFO  eu.stratosphere.nephele.execution.ExecutionStateTransition    - TM: ExecutionState set from RUNNING to FINISHING for task Input Lines (41/160)
03:22:07,768 INFO  eu.stratosphere.pact.runtime.task.RegularPactTask             - Finished PACT code: Combiner for Count Words (42/160)
03:22:07,768 INFO  eu.stratosphere.pact.runtime.task.DataSourceTask              - Finished PACT code: Input Lines (42/160)
03:22:07,768 INFO  eu.stratosphere.nephele.execution.ExecutionStateTransition    - TM: ExecutionState set from RUNNING to FINISHING for task Input Lines (42/160)
03:22:08,073 INFO  eu.stratosphere.pact.runtime.task.RegularPactTask             - Finished PACT code: Combiner for Count Words (45/160)
03:22:08,073 INFO  eu.stratosphere.pact.runtime.task.DataSourceTask              - Finished PACT code: Input Lines (45/160)
03:22:08,074 INFO  eu.stratosphere.nephele.execution.ExecutionStateTransition    - TM: ExecutionState set from RUNNING to FINISHING for task Input Lines (45/160)
03:22:09,348 INFO  eu.stratosphere.pact.runtime.task.RegularPactTask             - Finished PACT code: Combiner for Count Words (44/160)
03:22:09,349 INFO  eu.stratosphere.pact.runtime.task.DataSourceTask              - Finished PACT code: Input Lines (44/160)
03:22:09,349 INFO  eu.stratosphere.nephele.execution.ExecutionStateTransition    - TM: ExecutionState set from RUNNING to FINISHING for task Input Lines (44/160)
