17:32:28,759 WARN  eu.stratosphere.nephele.configuration.GlobalConfiguration     - Cannot load configuration: unknown element plugins
17:32:28,796 INFO  eu.stratosphere.nephele.taskmanager.TaskManager               - Reading location of job manager from configuration
17:32:28,806 INFO  eu.stratosphere.nephele.taskmanager.TaskManager               - Determined address of job manager to be cloud-11.dima.tu-berlin.de/130.149.21.15:6002
17:32:28,814 INFO  eu.stratosphere.nephele.taskmanager.TaskManager               - Announcing connection information cloud-31 to job manager
17:32:28,879 INFO  eu.stratosphere.nephele.ipc.Server                            - IPC Server Responder: starting
17:32:28,879 INFO  eu.stratosphere.nephele.ipc.Server                            - IPC Server listener on 6122: starting
17:32:28,880 INFO  eu.stratosphere.nephele.ipc.Server                            - IPC Server handler 0 on 6122: starting
17:32:30,011 INFO  eu.stratosphere.nephele.taskmanager.bufferprovider.GlobalBufferPool  - Initialized global buffer pool with 32768 buffers with a size 32768 bytes each
17:32:30,031 INFO  eu.stratosphere.nephele.taskmanager.bytebuffered.ByteBufferedChannelManager  - Initialized byte buffered channel manager with sender-side spilling disabled
17:32:30,040 INFO  eu.stratosphere.nephele.instance.HardwareDescriptionFactory   - Found Tenured Gen pool (max: 27678736384, used: 0)
17:32:30,040 INFO  eu.stratosphere.nephele.taskmanager.TaskManager               - Initializing memory manager with 22528 megabytes of memory
17:32:51,088 INFO  eu.stratosphere.nephele.execution.ExecutionStateTransition    - TM: ExecutionState set from STARTING to RUNNING for task Terasort generator (141/160)
17:32:51,088 INFO  eu.stratosphere.nephele.execution.ExecutionStateTransition    - TM: ExecutionState set from STARTING to RUNNING for task Terasort generator (137/160)
17:32:51,088 INFO  eu.stratosphere.nephele.execution.ExecutionStateTransition    - TM: ExecutionState set from STARTING to RUNNING for task Terasort generator (140/160)
17:32:51,088 INFO  eu.stratosphere.nephele.execution.ExecutionStateTransition    - TM: ExecutionState set from STARTING to RUNNING for task Terasort generator (138/160)
17:32:51,088 INFO  eu.stratosphere.nephele.execution.ExecutionStateTransition    - TM: ExecutionState set from STARTING to RUNNING for task Terasort generator (144/160)
17:32:51,088 INFO  eu.stratosphere.nephele.execution.ExecutionStateTransition    - TM: ExecutionState set from STARTING to RUNNING for task Terasort generator (143/160)
17:32:51,088 INFO  eu.stratosphere.nephele.execution.ExecutionStateTransition    - TM: ExecutionState set from STARTING to RUNNING for task Terasort generator (139/160)
17:32:51,088 INFO  eu.stratosphere.nephele.execution.ExecutionStateTransition    - TM: ExecutionState set from STARTING to RUNNING for task Terasort generator (142/160)
17:32:51,092 INFO  eu.stratosphere.pact.runtime.task.DataSourceTask              - Start PACT code: Terasort generator (141/160)
17:32:51,095 INFO  eu.stratosphere.pact.runtime.task.DataSourceTask              - Start PACT code: Terasort generator (138/160)
17:32:51,097 INFO  eu.stratosphere.pact.runtime.task.DataSourceTask              - Start PACT code: Terasort generator (140/160)
17:32:51,099 INFO  eu.stratosphere.pact.runtime.task.DataSourceTask              - Start PACT code: Terasort generator (137/160)
17:32:51,100 INFO  eu.stratosphere.pact.runtime.task.DataSourceTask              - Start PACT code: Terasort generator (142/160)
17:32:51,102 INFO  eu.stratosphere.pact.runtime.task.DataSourceTask              - Start PACT code: Terasort generator (139/160)
17:32:51,104 INFO  eu.stratosphere.pact.runtime.task.DataSourceTask              - Start PACT code: Terasort generator (143/160)
17:32:51,106 INFO  eu.stratosphere.pact.runtime.task.DataSourceTask              - Start PACT code: Terasort generator (144/160)
17:32:53,080 INFO  eu.stratosphere.nephele.execution.ExecutionStateTransition    - TM: ExecutionState set from STARTING to RUNNING for task Data Sink (139/160)
17:32:53,081 INFO  eu.stratosphere.pact.runtime.task.DataSinkTask                - Start PACT code: Data Sink (139/160)
17:32:53,105 INFO  eu.stratosphere.nephele.execution.ExecutionStateTransition    - TM: ExecutionState set from STARTING to RUNNING for task Data Sink (142/160)
17:32:53,107 INFO  eu.stratosphere.pact.runtime.task.DataSinkTask                - Start PACT code: Data Sink (142/160)
17:32:54,655 INFO  eu.stratosphere.nephele.execution.ExecutionStateTransition    - TM: ExecutionState set from STARTING to RUNNING for task Data Sink (144/160)
17:32:54,658 INFO  eu.stratosphere.pact.runtime.task.DataSinkTask                - Start PACT code: Data Sink (144/160)
17:32:54,678 INFO  eu.stratosphere.nephele.execution.ExecutionStateTransition    - TM: ExecutionState set from STARTING to RUNNING for task Data Sink (137/160)
17:32:54,679 INFO  eu.stratosphere.pact.runtime.task.DataSinkTask                - Start PACT code: Data Sink (137/160)
17:32:54,701 INFO  eu.stratosphere.nephele.execution.ExecutionStateTransition    - TM: ExecutionState set from STARTING to RUNNING for task Data Sink (141/160)
17:32:54,703 INFO  eu.stratosphere.pact.runtime.task.DataSinkTask                - Start PACT code: Data Sink (141/160)
17:32:54,727 INFO  eu.stratosphere.nephele.execution.ExecutionStateTransition    - TM: ExecutionState set from STARTING to RUNNING for task Data Sink (138/160)
17:32:54,728 INFO  eu.stratosphere.pact.runtime.task.DataSinkTask                - Start PACT code: Data Sink (138/160)
17:32:54,753 INFO  eu.stratosphere.nephele.execution.ExecutionStateTransition    - TM: ExecutionState set from STARTING to RUNNING for task Data Sink (143/160)
17:32:54,754 INFO  eu.stratosphere.pact.runtime.task.DataSinkTask                - Start PACT code: Data Sink (143/160)
17:32:54,778 INFO  eu.stratosphere.nephele.execution.ExecutionStateTransition    - TM: ExecutionState set from STARTING to RUNNING for task Data Sink (140/160)
17:32:54,780 INFO  eu.stratosphere.pact.runtime.task.DataSinkTask                - Start PACT code: Data Sink (140/160)
17:33:12,680 INFO  eu.stratosphere.pact.runtime.task.DataSourceTask              - Finished PACT code: Terasort generator (139/160)
17:33:12,680 INFO  eu.stratosphere.nephele.execution.ExecutionStateTransition    - TM: ExecutionState set from RUNNING to FINISHING for task Terasort generator (139/160)
17:33:12,703 INFO  eu.stratosphere.pact.runtime.task.DataSourceTask              - Finished PACT code: Terasort generator (138/160)
17:33:12,703 INFO  eu.stratosphere.nephele.execution.ExecutionStateTransition    - TM: ExecutionState set from RUNNING to FINISHING for task Terasort generator (138/160)
17:33:12,781 INFO  eu.stratosphere.pact.runtime.task.DataSourceTask              - Finished PACT code: Terasort generator (144/160)
17:33:12,782 INFO  eu.stratosphere.nephele.execution.ExecutionStateTransition    - TM: ExecutionState set from RUNNING to FINISHING for task Terasort generator (144/160)
17:33:12,783 INFO  eu.stratosphere.pact.runtime.task.DataSourceTask              - Finished PACT code: Terasort generator (137/160)
17:33:12,783 INFO  eu.stratosphere.nephele.execution.ExecutionStateTransition    - TM: ExecutionState set from RUNNING to FINISHING for task Terasort generator (137/160)
17:33:12,832 INFO  eu.stratosphere.pact.runtime.task.DataSourceTask              - Finished PACT code: Terasort generator (143/160)
17:33:12,832 INFO  eu.stratosphere.nephele.execution.ExecutionStateTransition    - TM: ExecutionState set from RUNNING to FINISHING for task Terasort generator (143/160)
17:33:13,090 INFO  eu.stratosphere.pact.runtime.task.DataSourceTask              - Finished PACT code: Terasort generator (141/160)
17:33:13,090 INFO  eu.stratosphere.nephele.execution.ExecutionStateTransition    - TM: ExecutionState set from RUNNING to FINISHING for task Terasort generator (141/160)
17:33:13,215 INFO  eu.stratosphere.pact.runtime.task.DataSourceTask              - Finished PACT code: Terasort generator (142/160)
17:33:13,216 INFO  eu.stratosphere.nephele.execution.ExecutionStateTransition    - TM: ExecutionState set from RUNNING to FINISHING for task Terasort generator (142/160)
17:33:13,601 INFO  eu.stratosphere.pact.runtime.task.DataSourceTask              - Finished PACT code: Terasort generator (140/160)
17:33:13,601 INFO  eu.stratosphere.nephele.execution.ExecutionStateTransition    - TM: ExecutionState set from RUNNING to FINISHING for task Terasort generator (140/160)
17:33:47,964 INFO  eu.stratosphere.pact.runtime.task.DataSinkTask                - Finished PACT code: Data Sink (143/160)
17:33:47,964 INFO  eu.stratosphere.nephele.execution.ExecutionStateTransition    - TM: ExecutionState set from RUNNING to FINISHING for task Data Sink (143/160)
17:33:47,968 INFO  eu.stratosphere.nephele.execution.ExecutionStateTransition    - TM: ExecutionState set from FINISHING to FINISHED for task Data Sink (143/160)
17:33:48,725 INFO  eu.stratosphere.pact.runtime.task.DataSinkTask                - Finished PACT code: Data Sink (142/160)
17:33:48,725 INFO  eu.stratosphere.nephele.execution.ExecutionStateTransition    - TM: ExecutionState set from RUNNING to FINISHING for task Data Sink (142/160)
17:33:48,728 INFO  eu.stratosphere.nephele.execution.ExecutionStateTransition    - TM: ExecutionState set from FINISHING to FINISHED for task Data Sink (142/160)
17:33:49,049 INFO  eu.stratosphere.pact.runtime.task.DataSinkTask                - Finished PACT code: Data Sink (144/160)
17:33:49,049 INFO  eu.stratosphere.nephele.execution.ExecutionStateTransition    - TM: ExecutionState set from RUNNING to FINISHING for task Data Sink (144/160)
17:33:49,052 INFO  eu.stratosphere.nephele.execution.ExecutionStateTransition    - TM: ExecutionState set from FINISHING to FINISHED for task Data Sink (144/160)
17:33:49,132 INFO  eu.stratosphere.pact.runtime.task.DataSinkTask                - Finished PACT code: Data Sink (139/160)
17:33:49,132 INFO  eu.stratosphere.nephele.execution.ExecutionStateTransition    - TM: ExecutionState set from RUNNING to FINISHING for task Data Sink (139/160)
17:33:49,135 INFO  eu.stratosphere.nephele.execution.ExecutionStateTransition    - TM: ExecutionState set from FINISHING to FINISHED for task Data Sink (139/160)
17:33:49,583 INFO  eu.stratosphere.pact.runtime.task.DataSinkTask                - Finished PACT code: Data Sink (137/160)
17:33:49,584 INFO  eu.stratosphere.nephele.execution.ExecutionStateTransition    - TM: ExecutionState set from RUNNING to FINISHING for task Data Sink (137/160)
17:33:49,587 INFO  eu.stratosphere.nephele.execution.ExecutionStateTransition    - TM: ExecutionState set from FINISHING to FINISHED for task Data Sink (137/160)
17:33:49,597 INFO  eu.stratosphere.pact.runtime.task.DataSinkTask                - Finished PACT code: Data Sink (140/160)
17:33:49,597 INFO  eu.stratosphere.nephele.execution.ExecutionStateTransition    - TM: ExecutionState set from RUNNING to FINISHING for task Data Sink (140/160)
17:33:49,602 INFO  eu.stratosphere.nephele.execution.ExecutionStateTransition    - TM: ExecutionState set from FINISHING to FINISHED for task Data Sink (140/160)
17:33:49,862 INFO  eu.stratosphere.pact.runtime.task.DataSinkTask                - Finished PACT code: Data Sink (138/160)
17:33:49,862 INFO  eu.stratosphere.nephele.execution.ExecutionStateTransition    - TM: ExecutionState set from RUNNING to FINISHING for task Data Sink (138/160)
17:33:49,865 INFO  eu.stratosphere.nephele.execution.ExecutionStateTransition    - TM: ExecutionState set from FINISHING to FINISHED for task Data Sink (138/160)
17:33:50,306 INFO  eu.stratosphere.pact.runtime.task.DataSinkTask                - Finished PACT code: Data Sink (141/160)
17:33:50,306 INFO  eu.stratosphere.nephele.execution.ExecutionStateTransition    - TM: ExecutionState set from RUNNING to FINISHING for task Data Sink (141/160)
17:33:50,309 INFO  eu.stratosphere.nephele.execution.ExecutionStateTransition    - TM: ExecutionState set from FINISHING to FINISHED for task Data Sink (141/160)
