04:23:12,288 WARN  eu.stratosphere.nephele.configuration.GlobalConfiguration     - Cannot load configuration: unknown element plugins
04:23:12,329 INFO  eu.stratosphere.nephele.taskmanager.TaskManager               - Reading location of job manager from configuration
04:23:12,339 INFO  eu.stratosphere.nephele.taskmanager.TaskManager               - Determined address of job manager to be cloud-11.dima.tu-berlin.de/130.149.21.15:6002
04:23:12,351 INFO  eu.stratosphere.nephele.taskmanager.TaskManager               - Announcing connection information cloud-17 to job manager
04:23:12,444 INFO  eu.stratosphere.nephele.ipc.Server                            - IPC Server Responder: starting
04:23:12,444 INFO  eu.stratosphere.nephele.ipc.Server                            - IPC Server listener on 6122: starting
04:23:12,445 INFO  eu.stratosphere.nephele.ipc.Server                            - IPC Server handler 0 on 6122: starting
04:23:13,660 INFO  eu.stratosphere.nephele.taskmanager.bufferprovider.GlobalBufferPool  - Initialized global buffer pool with 32768 buffers with a size 32768 bytes each
04:23:13,681 INFO  eu.stratosphere.nephele.taskmanager.bytebuffered.ByteBufferedChannelManager  - Initialized byte buffered channel manager with sender-side spilling disabled
04:23:13,692 INFO  eu.stratosphere.nephele.instance.HardwareDescriptionFactory   - Found Tenured Gen pool (max: 24051843072, used: 0)
04:23:13,692 INFO  eu.stratosphere.nephele.taskmanager.TaskManager               - Initializing memory manager with 22528 megabytes of memory
04:23:44,504 INFO  eu.stratosphere.nephele.execution.ExecutionStateTransition    - TM: ExecutionState set from STARTING to RUNNING for task LineItems (29/120)
04:23:44,506 INFO  eu.stratosphere.nephele.execution.ExecutionStateTransition    - TM: ExecutionState set from STARTING to RUNNING for task Customers (28/120)
04:23:44,508 INFO  eu.stratosphere.nephele.execution.ExecutionStateTransition    - TM: ExecutionState set from STARTING to RUNNING for task Customers (31/120)
04:23:44,507 INFO  eu.stratosphere.nephele.execution.ExecutionStateTransition    - TM: ExecutionState set from STARTING to RUNNING for task Customers (30/120)
04:23:44,507 INFO  eu.stratosphere.nephele.execution.ExecutionStateTransition    - TM: ExecutionState set from STARTING to RUNNING for task Customers (29/120)
04:23:44,506 INFO  eu.stratosphere.nephele.execution.ExecutionStateTransition    - TM: ExecutionState set from STARTING to RUNNING for task Customers (27/120)
04:23:44,505 INFO  eu.stratosphere.nephele.execution.ExecutionStateTransition    - TM: ExecutionState set from STARTING to RUNNING for task LineItems (32/120)
04:23:44,506 INFO  eu.stratosphere.nephele.execution.ExecutionStateTransition    - TM: ExecutionState set from STARTING to RUNNING for task Customers (26/120)
04:23:44,505 INFO  eu.stratosphere.nephele.execution.ExecutionStateTransition    - TM: ExecutionState set from STARTING to RUNNING for task LineItems (27/120)
04:23:44,505 INFO  eu.stratosphere.nephele.execution.ExecutionStateTransition    - TM: ExecutionState set from STARTING to RUNNING for task LineItems (28/120)
04:23:44,505 INFO  eu.stratosphere.nephele.execution.ExecutionStateTransition    - TM: ExecutionState set from STARTING to RUNNING for task Customers (25/120)
04:23:44,505 INFO  eu.stratosphere.nephele.execution.ExecutionStateTransition    - TM: ExecutionState set from STARTING to RUNNING for task LineItems (31/120)
04:23:44,505 INFO  eu.stratosphere.nephele.execution.ExecutionStateTransition    - TM: ExecutionState set from STARTING to RUNNING for task LineItems (26/120)
04:23:44,505 INFO  eu.stratosphere.nephele.execution.ExecutionStateTransition    - TM: ExecutionState set from STARTING to RUNNING for task LineItems (30/120)
04:23:44,505 INFO  eu.stratosphere.nephele.execution.ExecutionStateTransition    - TM: ExecutionState set from STARTING to RUNNING for task LineItems (25/120)
04:23:44,517 INFO  eu.stratosphere.pact.runtime.task.DataSourceTask              - Start PACT code: Customers (26/120)
04:23:44,515 INFO  eu.stratosphere.pact.runtime.task.DataSourceTask              - Start PACT code: Customers (29/120)
04:23:44,512 INFO  eu.stratosphere.pact.runtime.task.DataSourceTask              - Start PACT code: LineItems (29/120)
04:23:44,512 INFO  eu.stratosphere.nephele.execution.ExecutionStateTransition    - TM: ExecutionState set from STARTING to RUNNING for task Orders (32/120)
04:23:44,511 INFO  eu.stratosphere.nephele.execution.ExecutionStateTransition    - TM: ExecutionState set from STARTING to RUNNING for task Orders (31/120)
04:23:44,511 INFO  eu.stratosphere.nephele.execution.ExecutionStateTransition    - TM: ExecutionState set from STARTING to RUNNING for task Orders (30/120)
04:23:44,511 INFO  eu.stratosphere.nephele.execution.ExecutionStateTransition    - TM: ExecutionState set from STARTING to RUNNING for task Orders (29/120)
04:23:44,510 INFO  eu.stratosphere.nephele.execution.ExecutionStateTransition    - TM: ExecutionState set from STARTING to RUNNING for task Orders (28/120)
04:23:44,510 INFO  eu.stratosphere.nephele.execution.ExecutionStateTransition    - TM: ExecutionState set from STARTING to RUNNING for task Orders (27/120)
04:23:44,509 INFO  eu.stratosphere.nephele.execution.ExecutionStateTransition    - TM: ExecutionState set from STARTING to RUNNING for task Orders (26/120)
04:23:44,508 INFO  eu.stratosphere.nephele.execution.ExecutionStateTransition    - TM: ExecutionState set from STARTING to RUNNING for task Orders (25/120)
04:23:44,508 INFO  eu.stratosphere.nephele.execution.ExecutionStateTransition    - TM: ExecutionState set from STARTING to RUNNING for task Customers (32/120)
04:23:44,525 INFO  eu.stratosphere.pact.runtime.task.DataSourceTask              - Start PACT code: Orders (31/120)
04:23:44,522 INFO  eu.stratosphere.pact.runtime.task.DataSourceTask              - Start PACT code: Customers (30/120)
04:23:44,521 INFO  eu.stratosphere.pact.runtime.task.RegularPactTask             - Start PACT code: FilterL (29/120)
04:23:44,521 INFO  eu.stratosphere.pact.runtime.task.DataSourceTask              - Start PACT code: Customers (27/120)
04:23:44,520 INFO  eu.stratosphere.pact.runtime.task.RegularPactTask             - Start PACT code: FilterC (29/120)
04:23:44,520 INFO  eu.stratosphere.pact.runtime.task.RegularPactTask             - Start PACT code: FilterC (26/120)
04:23:44,519 INFO  eu.stratosphere.pact.runtime.task.DataSourceTask              - Start PACT code: LineItems (32/120)
04:23:44,530 INFO  eu.stratosphere.pact.runtime.task.DataSourceTask              - Start PACT code: Customers (28/120)
04:23:44,528 INFO  eu.stratosphere.pact.runtime.task.RegularPactTask             - Start PACT code: FilterC (27/120)
04:23:44,527 INFO  eu.stratosphere.pact.runtime.task.RegularPactTask             - Start PACT code: FilterC (30/120)
04:23:44,527 INFO  eu.stratosphere.pact.runtime.task.DataSourceTask              - Start PACT code: Customers (31/120)
04:23:44,527 INFO  eu.stratosphere.pact.runtime.task.RegularPactTask             - Start PACT code: FilterO (31/120)
04:23:44,532 INFO  eu.stratosphere.pact.runtime.task.RegularPactTask             - Start PACT code: FilterC (31/120)
04:23:44,532 INFO  eu.stratosphere.pact.runtime.task.DataSourceTask              - Start PACT code: Customers (32/120)
04:23:44,530 INFO  eu.stratosphere.pact.runtime.task.RegularPactTask             - Start PACT code: FilterC (28/120)
04:23:44,530 INFO  eu.stratosphere.pact.runtime.task.RegularPactTask             - Start PACT code: FilterL (32/120)
04:23:44,535 INFO  eu.stratosphere.pact.runtime.task.DataSourceTask              - Start PACT code: Orders (25/120)
04:23:44,534 INFO  eu.stratosphere.pact.runtime.task.RegularPactTask             - Start PACT code: FilterC (32/120)
04:23:44,536 INFO  eu.stratosphere.pact.runtime.task.RegularPactTask             - Start PACT code: FilterO (25/120)
04:23:44,536 INFO  eu.stratosphere.pact.runtime.task.DataSourceTask              - Start PACT code: Orders (26/120)
04:23:44,537 INFO  eu.stratosphere.pact.runtime.task.RegularPactTask             - Start PACT code: FilterO (26/120)
04:23:44,538 INFO  eu.stratosphere.pact.runtime.task.DataSourceTask              - Start PACT code: Orders (27/120)
04:23:44,538 INFO  eu.stratosphere.pact.runtime.task.RegularPactTask             - Start PACT code: FilterO (27/120)
04:23:44,540 INFO  eu.stratosphere.pact.runtime.task.DataSourceTask              - Start PACT code: Orders (28/120)
04:23:44,540 INFO  eu.stratosphere.pact.runtime.task.RegularPactTask             - Start PACT code: FilterO (28/120)
04:23:44,541 INFO  eu.stratosphere.pact.runtime.task.DataSourceTask              - Start PACT code: Orders (29/120)
04:23:44,542 INFO  eu.stratosphere.pact.runtime.task.RegularPactTask             - Start PACT code: FilterO (29/120)
04:23:44,544 INFO  eu.stratosphere.pact.runtime.task.DataSourceTask              - Start PACT code: Orders (30/120)
04:23:44,544 INFO  eu.stratosphere.pact.runtime.task.RegularPactTask             - Start PACT code: FilterO (30/120)
04:23:44,546 INFO  eu.stratosphere.pact.runtime.task.DataSourceTask              - Start PACT code: Orders (32/120)
04:23:44,546 INFO  eu.stratosphere.pact.runtime.task.RegularPactTask             - Start PACT code: FilterO (32/120)
04:23:44,548 INFO  eu.stratosphere.pact.runtime.task.DataSourceTask              - Start PACT code: LineItems (25/120)
04:23:44,549 INFO  eu.stratosphere.pact.runtime.task.RegularPactTask             - Start PACT code: FilterL (25/120)
04:23:44,550 INFO  eu.stratosphere.pact.runtime.task.DataSourceTask              - Start PACT code: LineItems (30/120)
04:23:44,550 INFO  eu.stratosphere.pact.runtime.task.RegularPactTask             - Start PACT code: FilterL (30/120)
04:23:44,552 INFO  eu.stratosphere.pact.runtime.task.DataSourceTask              - Start PACT code: LineItems (26/120)
04:23:44,552 INFO  eu.stratosphere.pact.runtime.task.RegularPactTask             - Start PACT code: FilterL (26/120)
04:23:44,553 INFO  eu.stratosphere.pact.runtime.task.DataSourceTask              - Start PACT code: LineItems (31/120)
04:23:44,554 INFO  eu.stratosphere.pact.runtime.task.RegularPactTask             - Start PACT code: FilterL (31/120)
04:23:44,555 INFO  eu.stratosphere.pact.runtime.task.DataSourceTask              - Start PACT code: Customers (25/120)
04:23:44,556 INFO  eu.stratosphere.pact.runtime.task.RegularPactTask             - Start PACT code: FilterC (25/120)
04:23:44,557 INFO  eu.stratosphere.pact.runtime.task.DataSourceTask              - Start PACT code: LineItems (28/120)
04:23:44,557 INFO  eu.stratosphere.pact.runtime.task.RegularPactTask             - Start PACT code: FilterL (28/120)
04:23:44,558 INFO  eu.stratosphere.pact.runtime.task.DataSourceTask              - Start PACT code: LineItems (27/120)
04:23:44,559 INFO  eu.stratosphere.pact.runtime.task.RegularPactTask             - Start PACT code: FilterL (27/120)
