17:09:40,034 WARN  eu.stratosphere.nephele.configuration.GlobalConfiguration     - Cannot load configuration: unknown element plugins
17:09:40,073 INFO  eu.stratosphere.nephele.taskmanager.TaskManager               - Reading location of job manager from configuration
17:09:40,084 INFO  eu.stratosphere.nephele.taskmanager.TaskManager               - Determined address of job manager to be cloud-11.dima.tu-berlin.de/130.149.21.15:6002
17:09:40,096 INFO  eu.stratosphere.nephele.taskmanager.TaskManager               - Announcing connection information cloud-24 to job manager
17:09:40,183 INFO  eu.stratosphere.nephele.ipc.Server                            - IPC Server Responder: starting
17:09:40,183 INFO  eu.stratosphere.nephele.ipc.Server                            - IPC Server listener on 6122: starting
17:09:40,184 INFO  eu.stratosphere.nephele.ipc.Server                            - IPC Server handler 0 on 6122: starting
17:09:41,319 INFO  eu.stratosphere.nephele.taskmanager.bufferprovider.GlobalBufferPool  - Initialized global buffer pool with 32768 buffers with a size 32768 bytes each
17:09:41,339 INFO  eu.stratosphere.nephele.taskmanager.bytebuffered.ByteBufferedChannelManager  - Initialized byte buffered channel manager with sender-side spilling disabled
17:09:41,350 INFO  eu.stratosphere.nephele.instance.HardwareDescriptionFactory   - Found Tenured Gen pool (max: 27678736384, used: 0)
17:09:41,350 INFO  eu.stratosphere.nephele.taskmanager.TaskManager               - Initializing memory manager with 22528 megabytes of memory
17:10:08,576 INFO  eu.stratosphere.nephele.execution.ExecutionStateTransition    - TM: ExecutionState set from STARTING to RUNNING for task Terasort generator (73/120)
17:10:08,576 INFO  eu.stratosphere.nephele.execution.ExecutionStateTransition    - TM: ExecutionState set from STARTING to RUNNING for task Terasort generator (74/120)
17:10:08,576 INFO  eu.stratosphere.nephele.execution.ExecutionStateTransition    - TM: ExecutionState set from STARTING to RUNNING for task Terasort generator (80/120)
17:10:08,576 INFO  eu.stratosphere.nephele.execution.ExecutionStateTransition    - TM: ExecutionState set from STARTING to RUNNING for task Terasort generator (75/120)
17:10:08,576 INFO  eu.stratosphere.nephele.execution.ExecutionStateTransition    - TM: ExecutionState set from STARTING to RUNNING for task Terasort generator (79/120)
17:10:08,576 INFO  eu.stratosphere.nephele.execution.ExecutionStateTransition    - TM: ExecutionState set from STARTING to RUNNING for task Terasort generator (77/120)
17:10:08,576 INFO  eu.stratosphere.nephele.execution.ExecutionStateTransition    - TM: ExecutionState set from STARTING to RUNNING for task Terasort generator (78/120)
17:10:08,576 INFO  eu.stratosphere.nephele.execution.ExecutionStateTransition    - TM: ExecutionState set from STARTING to RUNNING for task Terasort generator (76/120)
17:10:08,581 INFO  eu.stratosphere.pact.runtime.task.DataSourceTask              - Start PACT code: Terasort generator (75/120)
17:10:08,580 INFO  eu.stratosphere.pact.runtime.task.DataSourceTask              - Start PACT code: Terasort generator (73/120)
17:10:08,583 INFO  eu.stratosphere.pact.runtime.task.DataSourceTask              - Start PACT code: Terasort generator (80/120)
17:10:08,585 INFO  eu.stratosphere.pact.runtime.task.DataSourceTask              - Start PACT code: Terasort generator (74/120)
17:10:08,586 INFO  eu.stratosphere.pact.runtime.task.DataSourceTask              - Start PACT code: Terasort generator (76/120)
17:10:08,588 INFO  eu.stratosphere.pact.runtime.task.DataSourceTask              - Start PACT code: Terasort generator (78/120)
17:10:08,590 INFO  eu.stratosphere.pact.runtime.task.DataSourceTask              - Start PACT code: Terasort generator (77/120)
17:10:08,591 INFO  eu.stratosphere.pact.runtime.task.DataSourceTask              - Start PACT code: Terasort generator (79/120)
17:10:09,095 INFO  eu.stratosphere.nephele.execution.ExecutionStateTransition    - TM: ExecutionState set from STARTING to RUNNING for task Data Sink (73/120)
17:10:09,096 INFO  eu.stratosphere.pact.runtime.task.DataSinkTask                - Start PACT code: Data Sink (73/120)
17:10:10,656 INFO  eu.stratosphere.nephele.execution.ExecutionStateTransition    - TM: ExecutionState set from STARTING to RUNNING for task Data Sink (77/120)
17:10:10,663 INFO  eu.stratosphere.pact.runtime.task.DataSinkTask                - Start PACT code: Data Sink (77/120)
17:10:10,679 INFO  eu.stratosphere.nephele.execution.ExecutionStateTransition    - TM: ExecutionState set from STARTING to RUNNING for task Data Sink (79/120)
17:10:10,681 INFO  eu.stratosphere.pact.runtime.task.DataSinkTask                - Start PACT code: Data Sink (79/120)
17:10:10,696 INFO  eu.stratosphere.nephele.execution.ExecutionStateTransition    - TM: ExecutionState set from STARTING to RUNNING for task Data Sink (78/120)
17:10:10,698 INFO  eu.stratosphere.pact.runtime.task.DataSinkTask                - Start PACT code: Data Sink (78/120)
17:10:10,714 INFO  eu.stratosphere.nephele.execution.ExecutionStateTransition    - TM: ExecutionState set from STARTING to RUNNING for task Data Sink (75/120)
17:10:10,715 INFO  eu.stratosphere.pact.runtime.task.DataSinkTask                - Start PACT code: Data Sink (75/120)
17:10:10,742 INFO  eu.stratosphere.nephele.execution.ExecutionStateTransition    - TM: ExecutionState set from STARTING to RUNNING for task Data Sink (76/120)
17:10:10,743 INFO  eu.stratosphere.pact.runtime.task.DataSinkTask                - Start PACT code: Data Sink (76/120)
17:10:10,762 INFO  eu.stratosphere.nephele.execution.ExecutionStateTransition    - TM: ExecutionState set from STARTING to RUNNING for task Data Sink (74/120)
17:10:10,764 INFO  eu.stratosphere.pact.runtime.task.DataSinkTask                - Start PACT code: Data Sink (74/120)
17:10:11,072 INFO  eu.stratosphere.nephele.execution.ExecutionStateTransition    - TM: ExecutionState set from STARTING to RUNNING for task Data Sink (80/120)
17:10:11,073 INFO  eu.stratosphere.pact.runtime.task.DataSinkTask                - Start PACT code: Data Sink (80/120)
17:10:27,999 INFO  eu.stratosphere.pact.runtime.task.DataSourceTask              - Finished PACT code: Terasort generator (80/120)
17:10:27,999 INFO  eu.stratosphere.nephele.execution.ExecutionStateTransition    - TM: ExecutionState set from RUNNING to FINISHING for task Terasort generator (80/120)
17:10:28,082 INFO  eu.stratosphere.pact.runtime.task.DataSourceTask              - Finished PACT code: Terasort generator (75/120)
17:10:28,082 INFO  eu.stratosphere.nephele.execution.ExecutionStateTransition    - TM: ExecutionState set from RUNNING to FINISHING for task Terasort generator (75/120)
17:10:28,111 INFO  eu.stratosphere.pact.runtime.task.DataSourceTask              - Finished PACT code: Terasort generator (74/120)
17:10:28,111 INFO  eu.stratosphere.nephele.execution.ExecutionStateTransition    - TM: ExecutionState set from RUNNING to FINISHING for task Terasort generator (74/120)
17:10:28,218 INFO  eu.stratosphere.pact.runtime.task.DataSourceTask              - Finished PACT code: Terasort generator (79/120)
17:10:28,219 INFO  eu.stratosphere.nephele.execution.ExecutionStateTransition    - TM: ExecutionState set from RUNNING to FINISHING for task Terasort generator (79/120)
17:10:28,287 INFO  eu.stratosphere.pact.runtime.task.DataSourceTask              - Finished PACT code: Terasort generator (76/120)
17:10:28,287 INFO  eu.stratosphere.nephele.execution.ExecutionStateTransition    - TM: ExecutionState set from RUNNING to FINISHING for task Terasort generator (76/120)
17:10:28,311 INFO  eu.stratosphere.pact.runtime.task.DataSourceTask              - Finished PACT code: Terasort generator (78/120)
17:10:28,312 INFO  eu.stratosphere.nephele.execution.ExecutionStateTransition    - TM: ExecutionState set from RUNNING to FINISHING for task Terasort generator (78/120)
17:10:28,313 INFO  eu.stratosphere.pact.runtime.task.DataSourceTask              - Finished PACT code: Terasort generator (77/120)
17:10:28,313 INFO  eu.stratosphere.nephele.execution.ExecutionStateTransition    - TM: ExecutionState set from RUNNING to FINISHING for task Terasort generator (77/120)
17:10:28,565 INFO  eu.stratosphere.pact.runtime.task.DataSourceTask              - Finished PACT code: Terasort generator (73/120)
17:10:28,566 INFO  eu.stratosphere.nephele.execution.ExecutionStateTransition    - TM: ExecutionState set from RUNNING to FINISHING for task Terasort generator (73/120)
17:11:04,338 INFO  eu.stratosphere.pact.runtime.task.DataSinkTask                - Finished PACT code: Data Sink (78/120)
17:11:04,339 INFO  eu.stratosphere.nephele.execution.ExecutionStateTransition    - TM: ExecutionState set from RUNNING to FINISHING for task Data Sink (78/120)
17:11:04,342 INFO  eu.stratosphere.nephele.execution.ExecutionStateTransition    - TM: ExecutionState set from FINISHING to FINISHED for task Data Sink (78/120)
17:11:05,033 INFO  eu.stratosphere.pact.runtime.task.DataSinkTask                - Finished PACT code: Data Sink (76/120)
17:11:05,033 INFO  eu.stratosphere.nephele.execution.ExecutionStateTransition    - TM: ExecutionState set from RUNNING to FINISHING for task Data Sink (76/120)
17:11:05,035 INFO  eu.stratosphere.nephele.execution.ExecutionStateTransition    - TM: ExecutionState set from FINISHING to FINISHED for task Data Sink (76/120)
17:11:05,383 INFO  eu.stratosphere.pact.runtime.task.DataSinkTask                - Finished PACT code: Data Sink (80/120)
17:11:05,384 INFO  eu.stratosphere.nephele.execution.ExecutionStateTransition    - TM: ExecutionState set from RUNNING to FINISHING for task Data Sink (80/120)
17:11:05,386 INFO  eu.stratosphere.nephele.execution.ExecutionStateTransition    - TM: ExecutionState set from FINISHING to FINISHED for task Data Sink (80/120)
17:11:08,597 INFO  eu.stratosphere.pact.runtime.task.DataSinkTask                - Finished PACT code: Data Sink (75/120)
17:11:08,598 INFO  eu.stratosphere.nephele.execution.ExecutionStateTransition    - TM: ExecutionState set from RUNNING to FINISHING for task Data Sink (75/120)
17:11:08,600 INFO  eu.stratosphere.nephele.execution.ExecutionStateTransition    - TM: ExecutionState set from FINISHING to FINISHED for task Data Sink (75/120)
17:11:08,800 INFO  eu.stratosphere.pact.runtime.task.DataSinkTask                - Finished PACT code: Data Sink (77/120)
17:11:08,800 INFO  eu.stratosphere.nephele.execution.ExecutionStateTransition    - TM: ExecutionState set from RUNNING to FINISHING for task Data Sink (77/120)
17:11:08,803 INFO  eu.stratosphere.nephele.execution.ExecutionStateTransition    - TM: ExecutionState set from FINISHING to FINISHED for task Data Sink (77/120)
17:11:10,578 INFO  eu.stratosphere.pact.runtime.task.DataSinkTask                - Finished PACT code: Data Sink (74/120)
17:11:10,578 INFO  eu.stratosphere.nephele.execution.ExecutionStateTransition    - TM: ExecutionState set from RUNNING to FINISHING for task Data Sink (74/120)
17:11:10,581 INFO  eu.stratosphere.nephele.execution.ExecutionStateTransition    - TM: ExecutionState set from FINISHING to FINISHED for task Data Sink (74/120)
17:11:10,720 INFO  eu.stratosphere.pact.runtime.task.DataSinkTask                - Finished PACT code: Data Sink (73/120)
17:11:10,721 INFO  eu.stratosphere.nephele.execution.ExecutionStateTransition    - TM: ExecutionState set from RUNNING to FINISHING for task Data Sink (73/120)
17:11:10,726 INFO  eu.stratosphere.nephele.execution.ExecutionStateTransition    - TM: ExecutionState set from FINISHING to FINISHED for task Data Sink (73/120)
17:11:12,916 INFO  eu.stratosphere.pact.runtime.task.DataSinkTask                - Finished PACT code: Data Sink (79/120)
17:11:12,916 INFO  eu.stratosphere.nephele.execution.ExecutionStateTransition    - TM: ExecutionState set from RUNNING to FINISHING for task Data Sink (79/120)
17:11:12,919 INFO  eu.stratosphere.nephele.execution.ExecutionStateTransition    - TM: ExecutionState set from FINISHING to FINISHED for task Data Sink (79/120)
