09:46:35,270 WARN  eu.stratosphere.nephele.configuration.GlobalConfiguration     - Cannot load configuration: unknown element plugins
09:46:35,306 INFO  eu.stratosphere.nephele.taskmanager.TaskManager               - Reading location of job manager from configuration
09:46:35,316 INFO  eu.stratosphere.nephele.taskmanager.TaskManager               - Determined address of job manager to be cloud-11.dima.tu-berlin.de/130.149.21.15:6002
09:46:35,323 INFO  eu.stratosphere.nephele.taskmanager.TaskManager               - Announcing connection information cloud-20 to job manager
09:46:35,388 INFO  eu.stratosphere.nephele.ipc.Server                            - IPC Server Responder: starting
09:46:35,388 INFO  eu.stratosphere.nephele.ipc.Server                            - IPC Server listener on 6122: starting
09:46:35,389 INFO  eu.stratosphere.nephele.ipc.Server                            - IPC Server handler 0 on 6122: starting
09:46:36,524 INFO  eu.stratosphere.nephele.taskmanager.bufferprovider.GlobalBufferPool  - Initialized global buffer pool with 32768 buffers with a size 32768 bytes each
09:46:36,544 INFO  eu.stratosphere.nephele.taskmanager.bytebuffered.ByteBufferedChannelManager  - Initialized byte buffered channel manager with sender-side spilling disabled
09:46:36,554 INFO  eu.stratosphere.nephele.instance.HardwareDescriptionFactory   - Found Tenured Gen pool (max: 24051843072, used: 0)
09:46:36,555 INFO  eu.stratosphere.nephele.taskmanager.TaskManager               - Initializing memory manager with 22528 megabytes of memory
09:47:02,590 INFO  eu.stratosphere.nephele.execution.ExecutionStateTransition    - TM: ExecutionState set from STARTING to RUNNING for task Input Lines (71/80)
09:47:02,590 INFO  eu.stratosphere.nephele.execution.ExecutionStateTransition    - TM: ExecutionState set from STARTING to RUNNING for task Input Lines (65/80)
09:47:02,590 INFO  eu.stratosphere.nephele.execution.ExecutionStateTransition    - TM: ExecutionState set from STARTING to RUNNING for task Input Lines (67/80)
09:47:02,590 INFO  eu.stratosphere.nephele.execution.ExecutionStateTransition    - TM: ExecutionState set from STARTING to RUNNING for task Input Lines (70/80)
09:47:02,590 INFO  eu.stratosphere.nephele.execution.ExecutionStateTransition    - TM: ExecutionState set from STARTING to RUNNING for task Input Lines (68/80)
09:47:02,590 INFO  eu.stratosphere.nephele.execution.ExecutionStateTransition    - TM: ExecutionState set from STARTING to RUNNING for task Input Lines (72/80)
09:47:02,590 INFO  eu.stratosphere.nephele.execution.ExecutionStateTransition    - TM: ExecutionState set from STARTING to RUNNING for task Input Lines (69/80)
09:47:02,590 INFO  eu.stratosphere.nephele.execution.ExecutionStateTransition    - TM: ExecutionState set from STARTING to RUNNING for task Input Lines (66/80)
09:47:02,596 INFO  eu.stratosphere.pact.runtime.task.DataSourceTask              - Start PACT code: Input Lines (70/80)
09:47:02,595 INFO  eu.stratosphere.pact.runtime.task.DataSourceTask              - Start PACT code: Input Lines (71/80)
09:47:02,598 INFO  eu.stratosphere.pact.runtime.task.RegularPactTask             - Start PACT code: Tokenize Lines (70/80)
09:47:02,597 INFO  eu.stratosphere.pact.runtime.task.DataSourceTask              - Start PACT code: Input Lines (68/80)
09:47:02,599 INFO  eu.stratosphere.pact.runtime.task.RegularPactTask             - Start PACT code: Combiner for Count Words (70/80)
09:47:02,599 INFO  eu.stratosphere.pact.runtime.task.DataSourceTask              - Start PACT code: Input Lines (67/80)
09:47:02,598 INFO  eu.stratosphere.pact.runtime.task.RegularPactTask             - Start PACT code: Tokenize Lines (71/80)
09:47:02,600 INFO  eu.stratosphere.pact.runtime.task.RegularPactTask             - Start PACT code: Tokenize Lines (67/80)
09:47:02,600 INFO  eu.stratosphere.pact.runtime.task.DataSourceTask              - Start PACT code: Input Lines (65/80)
09:47:02,599 INFO  eu.stratosphere.pact.runtime.task.RegularPactTask             - Start PACT code: Tokenize Lines (68/80)
09:47:02,602 INFO  eu.stratosphere.pact.runtime.task.RegularPactTask             - Start PACT code: Tokenize Lines (65/80)
09:47:02,601 INFO  eu.stratosphere.pact.runtime.task.RegularPactTask             - Start PACT code: Combiner for Count Words (67/80)
09:47:02,601 INFO  eu.stratosphere.pact.runtime.task.RegularPactTask             - Start PACT code: Combiner for Count Words (71/80)
09:47:02,601 INFO  eu.stratosphere.pact.runtime.task.DataSourceTask              - Start PACT code: Input Lines (66/80)
09:47:02,604 INFO  eu.stratosphere.pact.runtime.task.DataSourceTask              - Start PACT code: Input Lines (72/80)
09:47:02,603 INFO  eu.stratosphere.pact.runtime.task.RegularPactTask             - Start PACT code: Combiner for Count Words (65/80)
09:47:02,602 INFO  eu.stratosphere.pact.runtime.task.RegularPactTask             - Start PACT code: Combiner for Count Words (68/80)
09:47:02,602 INFO  eu.stratosphere.pact.runtime.task.DataSourceTask              - Start PACT code: Input Lines (69/80)
09:47:02,605 INFO  eu.stratosphere.pact.runtime.task.RegularPactTask             - Start PACT code: Tokenize Lines (72/80)
09:47:02,604 INFO  eu.stratosphere.pact.runtime.task.RegularPactTask             - Start PACT code: Tokenize Lines (66/80)
09:47:02,608 INFO  eu.stratosphere.pact.runtime.task.RegularPactTask             - Start PACT code: Combiner for Count Words (72/80)
09:47:02,607 INFO  eu.stratosphere.pact.runtime.task.RegularPactTask             - Start PACT code: Tokenize Lines (69/80)
09:47:02,608 INFO  eu.stratosphere.pact.runtime.task.RegularPactTask             - Start PACT code: Combiner for Count Words (66/80)
09:47:02,609 INFO  eu.stratosphere.pact.runtime.task.RegularPactTask             - Start PACT code: Combiner for Count Words (69/80)
09:47:08,125 INFO  eu.stratosphere.nephele.execution.ExecutionStateTransition    - TM: ExecutionState set from STARTING to RUNNING for task Count Words (65/80)
09:47:08,146 INFO  eu.stratosphere.nephele.execution.ExecutionStateTransition    - TM: ExecutionState set from STARTING to RUNNING for task Word Counts (65/80)
09:47:08,174 INFO  eu.stratosphere.pact.runtime.task.RegularPactTask             - Start PACT code.: Count Words (65/80)
09:47:08,175 INFO  eu.stratosphere.pact.runtime.task.DataSinkTask                - Start PACT code: Word Counts (65/80)
09:47:09,075 INFO  eu.stratosphere.nephele.execution.ExecutionStateTransition    - TM: ExecutionState set from STARTING to RUNNING for task Count Words (68/80)
09:47:09,092 INFO  eu.stratosphere.pact.runtime.task.RegularPactTask             - Start PACT code.: Count Words (68/80)
09:47:09,099 INFO  eu.stratosphere.nephele.execution.ExecutionStateTransition    - TM: ExecutionState set from STARTING to RUNNING for task Word Counts (68/80)
09:47:09,102 INFO  eu.stratosphere.pact.runtime.task.DataSinkTask                - Start PACT code: Word Counts (68/80)
09:47:09,127 INFO  eu.stratosphere.nephele.execution.ExecutionStateTransition    - TM: ExecutionState set from STARTING to RUNNING for task Count Words (70/80)
09:47:09,128 INFO  eu.stratosphere.nephele.execution.ExecutionStateTransition    - TM: ExecutionState set from STARTING to RUNNING for task Word Counts (70/80)
09:47:09,137 INFO  eu.stratosphere.pact.runtime.task.RegularPactTask             - Start PACT code.: Count Words (70/80)
09:47:09,187 INFO  eu.stratosphere.pact.runtime.task.DataSinkTask                - Start PACT code: Word Counts (70/80)
09:47:09,217 INFO  eu.stratosphere.nephele.execution.ExecutionStateTransition    - TM: ExecutionState set from STARTING to RUNNING for task Count Words (69/80)
09:47:09,233 INFO  eu.stratosphere.nephele.execution.ExecutionStateTransition    - TM: ExecutionState set from STARTING to RUNNING for task Word Counts (69/80)
09:47:09,271 INFO  eu.stratosphere.pact.runtime.task.RegularPactTask             - Start PACT code.: Count Words (69/80)
09:47:09,271 INFO  eu.stratosphere.pact.runtime.task.DataSinkTask                - Start PACT code: Word Counts (69/80)
09:47:09,303 INFO  eu.stratosphere.nephele.execution.ExecutionStateTransition    - TM: ExecutionState set from STARTING to RUNNING for task Count Words (71/80)
09:47:09,314 INFO  eu.stratosphere.nephele.execution.ExecutionStateTransition    - TM: ExecutionState set from STARTING to RUNNING for task Word Counts (71/80)
09:47:09,342 INFO  eu.stratosphere.pact.runtime.task.RegularPactTask             - Start PACT code.: Count Words (71/80)
09:47:09,351 INFO  eu.stratosphere.pact.runtime.task.DataSinkTask                - Start PACT code: Word Counts (71/80)
09:47:09,420 INFO  eu.stratosphere.nephele.execution.ExecutionStateTransition    - TM: ExecutionState set from STARTING to RUNNING for task Word Counts (66/80)
09:47:09,432 INFO  eu.stratosphere.pact.runtime.task.DataSinkTask                - Start PACT code: Word Counts (66/80)
09:47:09,459 INFO  eu.stratosphere.nephele.execution.ExecutionStateTransition    - TM: ExecutionState set from STARTING to RUNNING for task Count Words (66/80)
09:47:09,462 INFO  eu.stratosphere.pact.runtime.task.RegularPactTask             - Start PACT code.: Count Words (66/80)
09:47:09,476 INFO  eu.stratosphere.nephele.execution.ExecutionStateTransition    - TM: ExecutionState set from STARTING to RUNNING for task Count Words (72/80)
09:47:09,477 INFO  eu.stratosphere.nephele.execution.ExecutionStateTransition    - TM: ExecutionState set from STARTING to RUNNING for task Word Counts (72/80)
09:47:09,488 INFO  eu.stratosphere.pact.runtime.task.RegularPactTask             - Start PACT code.: Count Words (72/80)
09:47:09,512 INFO  eu.stratosphere.pact.runtime.task.DataSinkTask                - Start PACT code: Word Counts (72/80)
09:47:09,820 INFO  eu.stratosphere.nephele.execution.ExecutionStateTransition    - TM: ExecutionState set from STARTING to RUNNING for task Count Words (67/80)
09:47:09,823 INFO  eu.stratosphere.nephele.execution.ExecutionStateTransition    - TM: ExecutionState set from STARTING to RUNNING for task Word Counts (67/80)
09:47:09,842 INFO  eu.stratosphere.pact.runtime.task.RegularPactTask             - Start PACT code.: Count Words (67/80)
09:47:09,846 INFO  eu.stratosphere.pact.runtime.task.DataSinkTask                - Start PACT code: Word Counts (67/80)
09:48:08,791 INFO  eu.stratosphere.pact.runtime.task.RegularPactTask             - Finished PACT code: Tokenize Lines (69/80)
09:48:08,918 INFO  eu.stratosphere.pact.runtime.task.RegularPactTask             - Finished PACT code: Tokenize Lines (70/80)
09:48:09,482 INFO  eu.stratosphere.pact.runtime.task.RegularPactTask             - Finished PACT code: Tokenize Lines (71/80)
09:48:10,058 INFO  eu.stratosphere.pact.runtime.task.RegularPactTask             - Finished PACT code: Tokenize Lines (68/80)
09:48:10,490 INFO  eu.stratosphere.pact.runtime.task.RegularPactTask             - Finished PACT code: Tokenize Lines (65/80)
09:48:16,191 INFO  eu.stratosphere.pact.runtime.task.RegularPactTask             - Finished PACT code: Tokenize Lines (72/80)
09:48:16,517 INFO  eu.stratosphere.pact.runtime.task.RegularPactTask             - Finished PACT code: Tokenize Lines (66/80)
09:48:19,469 INFO  eu.stratosphere.pact.runtime.task.RegularPactTask             - Finished PACT code: Tokenize Lines (67/80)
09:49:08,234 INFO  eu.stratosphere.pact.runtime.task.RegularPactTask             - Finished PACT code: Combiner for Count Words (70/80)
09:49:08,234 INFO  eu.stratosphere.pact.runtime.task.DataSourceTask              - Finished PACT code: Input Lines (70/80)
09:49:08,234 INFO  eu.stratosphere.nephele.execution.ExecutionStateTransition    - TM: ExecutionState set from RUNNING to FINISHING for task Input Lines (70/80)
09:49:08,671 INFO  eu.stratosphere.pact.runtime.task.RegularPactTask             - Finished PACT code: Combiner for Count Words (67/80)
09:49:08,672 INFO  eu.stratosphere.pact.runtime.task.DataSourceTask              - Finished PACT code: Input Lines (67/80)
09:49:08,672 INFO  eu.stratosphere.nephele.execution.ExecutionStateTransition    - TM: ExecutionState set from RUNNING to FINISHING for task Input Lines (67/80)
09:49:10,033 INFO  eu.stratosphere.pact.runtime.task.RegularPactTask             - Finished PACT code: Combiner for Count Words (69/80)
09:49:10,034 INFO  eu.stratosphere.pact.runtime.task.DataSourceTask              - Finished PACT code: Input Lines (69/80)
09:49:10,034 INFO  eu.stratosphere.nephele.execution.ExecutionStateTransition    - TM: ExecutionState set from RUNNING to FINISHING for task Input Lines (69/80)
09:49:10,313 INFO  eu.stratosphere.pact.runtime.task.RegularPactTask             - Finished PACT code: Combiner for Count Words (72/80)
09:49:10,314 INFO  eu.stratosphere.pact.runtime.task.DataSourceTask              - Finished PACT code: Input Lines (72/80)
09:49:10,314 INFO  eu.stratosphere.nephele.execution.ExecutionStateTransition    - TM: ExecutionState set from RUNNING to FINISHING for task Input Lines (72/80)
09:49:10,951 INFO  eu.stratosphere.pact.runtime.task.RegularPactTask             - Finished PACT code: Combiner for Count Words (65/80)
09:49:10,951 INFO  eu.stratosphere.pact.runtime.task.DataSourceTask              - Finished PACT code: Input Lines (65/80)
09:49:10,951 INFO  eu.stratosphere.nephele.execution.ExecutionStateTransition    - TM: ExecutionState set from RUNNING to FINISHING for task Input Lines (65/80)
09:49:11,932 INFO  eu.stratosphere.pact.runtime.task.RegularPactTask             - Finished PACT code: Combiner for Count Words (66/80)
09:49:11,933 INFO  eu.stratosphere.pact.runtime.task.DataSourceTask              - Finished PACT code: Input Lines (66/80)
09:49:11,933 INFO  eu.stratosphere.nephele.execution.ExecutionStateTransition    - TM: ExecutionState set from RUNNING to FINISHING for task Input Lines (66/80)
09:49:11,944 INFO  eu.stratosphere.pact.runtime.task.RegularPactTask             - Finished PACT code: Combiner for Count Words (71/80)
09:49:11,944 INFO  eu.stratosphere.pact.runtime.task.DataSourceTask              - Finished PACT code: Input Lines (71/80)
09:49:11,944 INFO  eu.stratosphere.nephele.execution.ExecutionStateTransition    - TM: ExecutionState set from RUNNING to FINISHING for task Input Lines (71/80)
09:49:12,066 INFO  eu.stratosphere.pact.runtime.task.RegularPactTask             - Finished PACT code: Combiner for Count Words (68/80)
09:49:12,067 INFO  eu.stratosphere.pact.runtime.task.DataSourceTask              - Finished PACT code: Input Lines (68/80)
09:49:12,067 INFO  eu.stratosphere.nephele.execution.ExecutionStateTransition    - TM: ExecutionState set from RUNNING to FINISHING for task Input Lines (68/80)
