18:39:35,161 WARN  eu.stratosphere.nephele.configuration.GlobalConfiguration     - Cannot load configuration: unknown element plugins
18:39:35,200 INFO  eu.stratosphere.nephele.taskmanager.TaskManager               - Reading location of job manager from configuration
18:39:35,209 INFO  eu.stratosphere.nephele.taskmanager.TaskManager               - Determined address of job manager to be cloud-11.dima.tu-berlin.de/130.149.21.15:6002
18:39:35,218 INFO  eu.stratosphere.nephele.taskmanager.TaskManager               - Announcing connection information cloud-17 to job manager
18:39:35,280 INFO  eu.stratosphere.nephele.ipc.Server                            - IPC Server Responder: starting
18:39:35,280 INFO  eu.stratosphere.nephele.ipc.Server                            - IPC Server listener on 6122: starting
18:39:35,281 INFO  eu.stratosphere.nephele.ipc.Server                            - IPC Server handler 0 on 6122: starting
18:39:36,375 INFO  eu.stratosphere.nephele.taskmanager.bufferprovider.GlobalBufferPool  - Initialized global buffer pool with 32768 buffers with a size 32768 bytes each
18:39:36,392 INFO  eu.stratosphere.nephele.taskmanager.bytebuffered.ByteBufferedChannelManager  - Initialized byte buffered channel manager with sender-side spilling disabled
18:39:36,400 INFO  eu.stratosphere.nephele.instance.HardwareDescriptionFactory   - Found Tenured Gen pool (max: 27678736384, used: 0)
18:39:36,400 INFO  eu.stratosphere.nephele.taskmanager.TaskManager               - Initializing memory manager with 22528 megabytes of memory
18:40:07,040 INFO  eu.stratosphere.nephele.execution.ExecutionStateTransition    - TM: ExecutionState set from STARTING to RUNNING for task Input Edges (27/120)
18:40:07,040 INFO  eu.stratosphere.nephele.execution.ExecutionStateTransition    - TM: ExecutionState set from STARTING to RUNNING for task Input Edges (30/120)
18:40:07,040 INFO  eu.stratosphere.nephele.execution.ExecutionStateTransition    - TM: ExecutionState set from STARTING to RUNNING for task Input Edges (26/120)
18:40:07,040 INFO  eu.stratosphere.nephele.execution.ExecutionStateTransition    - TM: ExecutionState set from STARTING to RUNNING for task Input Edges (25/120)
18:40:07,040 INFO  eu.stratosphere.nephele.execution.ExecutionStateTransition    - TM: ExecutionState set from STARTING to RUNNING for task Input Edges (31/120)
18:40:07,040 INFO  eu.stratosphere.nephele.execution.ExecutionStateTransition    - TM: ExecutionState set from STARTING to RUNNING for task Input Edges (32/120)
18:40:07,040 INFO  eu.stratosphere.nephele.execution.ExecutionStateTransition    - TM: ExecutionState set from STARTING to RUNNING for task Input Edges (29/120)
18:40:07,040 INFO  eu.stratosphere.nephele.execution.ExecutionStateTransition    - TM: ExecutionState set from STARTING to RUNNING for task Input Edges (28/120)
18:40:07,045 INFO  eu.stratosphere.pact.runtime.task.DataSourceTask              - Start PACT code: Input Edges (30/120)
18:40:07,043 INFO  eu.stratosphere.pact.runtime.task.DataSourceTask              - Start PACT code: Input Edges (27/120)
18:40:07,047 INFO  eu.stratosphere.pact.runtime.task.RegularPactTask             - Start PACT code: Canonize edges (30/120)
18:40:07,047 INFO  eu.stratosphere.pact.runtime.task.RegularPactTask             - Start PACT code: Canonize edges (27/120)
18:40:07,047 INFO  eu.stratosphere.pact.runtime.task.DataSourceTask              - Start PACT code: Input Edges (26/120)
18:40:07,049 INFO  eu.stratosphere.pact.runtime.task.RegularPactTask             - Start PACT code: Canonize edges (26/120)
18:40:07,051 INFO  eu.stratosphere.pact.runtime.task.DataSourceTask              - Start PACT code: Input Edges (28/120)
18:40:07,052 INFO  eu.stratosphere.pact.runtime.task.RegularPactTask             - Start PACT code: Canonize edges (28/120)
18:40:07,053 INFO  eu.stratosphere.pact.runtime.task.DataSourceTask              - Start PACT code: Input Edges (29/120)
18:40:07,054 INFO  eu.stratosphere.pact.runtime.task.RegularPactTask             - Start PACT code: Canonize edges (29/120)
18:40:07,055 INFO  eu.stratosphere.pact.runtime.task.DataSourceTask              - Start PACT code: Input Edges (32/120)
18:40:07,056 INFO  eu.stratosphere.pact.runtime.task.RegularPactTask             - Start PACT code: Canonize edges (32/120)
18:40:07,059 INFO  eu.stratosphere.pact.runtime.task.DataSourceTask              - Start PACT code: Input Edges (31/120)
18:40:07,059 INFO  eu.stratosphere.pact.runtime.task.RegularPactTask             - Start PACT code: Canonize edges (31/120)
18:40:07,060 INFO  eu.stratosphere.pact.runtime.task.DataSourceTask              - Start PACT code: Input Edges (25/120)
18:40:07,061 INFO  eu.stratosphere.pact.runtime.task.RegularPactTask             - Start PACT code: Canonize edges (25/120)
18:40:09,891 INFO  eu.stratosphere.nephele.execution.ExecutionStateTransition    - TM: ExecutionState set from STARTING to RUNNING for task Build Triads (27/120)
18:40:09,894 INFO  eu.stratosphere.pact.runtime.task.RegularPactTask             - Start PACT code.: Build Triads (27/120)
18:40:09,915 INFO  eu.stratosphere.nephele.execution.ExecutionStateTransition    - TM: ExecutionState set from STARTING to RUNNING for task Build Triads (32/120)
18:40:09,917 INFO  eu.stratosphere.pact.runtime.task.RegularPactTask             - Start PACT code.: Build Triads (32/120)
18:40:09,938 INFO  eu.stratosphere.nephele.execution.ExecutionStateTransition    - TM: ExecutionState set from STARTING to RUNNING for task Build Triads (30/120)
18:40:09,940 INFO  eu.stratosphere.pact.runtime.task.RegularPactTask             - Start PACT code.: Build Triads (30/120)
18:40:10,033 INFO  eu.stratosphere.nephele.execution.ExecutionStateTransition    - TM: ExecutionState set from STARTING to RUNNING for task Build Triads (26/120)
18:40:10,035 INFO  eu.stratosphere.pact.runtime.task.RegularPactTask             - Start PACT code.: Build Triads (26/120)
18:40:10,072 INFO  eu.stratosphere.nephele.execution.ExecutionStateTransition    - TM: ExecutionState set from STARTING to RUNNING for task Build Triads (29/120)
18:40:10,074 INFO  eu.stratosphere.pact.runtime.task.RegularPactTask             - Start PACT code.: Build Triads (29/120)
18:40:10,127 INFO  eu.stratosphere.nephele.execution.ExecutionStateTransition    - TM: ExecutionState set from STARTING to RUNNING for task Build Triads (28/120)
18:40:10,129 INFO  eu.stratosphere.pact.runtime.task.RegularPactTask             - Start PACT code.: Build Triads (28/120)
18:40:10,179 INFO  eu.stratosphere.nephele.execution.ExecutionStateTransition    - TM: ExecutionState set from STARTING to RUNNING for task Build Triads (25/120)
18:40:10,184 INFO  eu.stratosphere.pact.runtime.task.RegularPactTask             - Start PACT code.: Build Triads (25/120)
18:40:10,345 INFO  eu.stratosphere.nephele.execution.ExecutionStateTransition    - TM: ExecutionState set from STARTING to RUNNING for task Build Triads (31/120)
18:40:10,348 INFO  eu.stratosphere.pact.runtime.task.RegularPactTask             - Start PACT code.: Build Triads (31/120)
18:40:10,567 INFO  eu.stratosphere.pact.runtime.task.RegularPactTask             - Finished PACT code: Canonize edges (31/120)
18:40:10,567 INFO  eu.stratosphere.pact.runtime.task.DataSourceTask              - Finished PACT code: Input Edges (31/120)
18:40:10,567 INFO  eu.stratosphere.nephele.execution.ExecutionStateTransition    - TM: ExecutionState set from RUNNING to FINISHING for task Input Edges (31/120)
18:40:10,573 INFO  eu.stratosphere.pact.runtime.task.RegularPactTask             - Finished PACT code: Canonize edges (26/120)
18:40:10,574 INFO  eu.stratosphere.pact.runtime.task.DataSourceTask              - Finished PACT code: Input Edges (26/120)
18:40:10,574 INFO  eu.stratosphere.nephele.execution.ExecutionStateTransition    - TM: ExecutionState set from RUNNING to FINISHING for task Input Edges (26/120)
18:40:10,583 INFO  eu.stratosphere.pact.runtime.task.RegularPactTask             - Finished PACT code: Canonize edges (28/120)
18:40:10,583 INFO  eu.stratosphere.pact.runtime.task.DataSourceTask              - Finished PACT code: Input Edges (28/120)
18:40:10,583 INFO  eu.stratosphere.nephele.execution.ExecutionStateTransition    - TM: ExecutionState set from RUNNING to FINISHING for task Input Edges (28/120)
18:40:10,586 INFO  eu.stratosphere.pact.runtime.task.RegularPactTask             - Finished PACT code: Canonize edges (25/120)
18:40:10,586 INFO  eu.stratosphere.pact.runtime.task.DataSourceTask              - Finished PACT code: Input Edges (25/120)
18:40:10,586 INFO  eu.stratosphere.nephele.execution.ExecutionStateTransition    - TM: ExecutionState set from RUNNING to FINISHING for task Input Edges (25/120)
18:40:10,596 INFO  eu.stratosphere.pact.runtime.task.RegularPactTask             - Finished PACT code: Canonize edges (29/120)
18:40:10,596 INFO  eu.stratosphere.pact.runtime.task.DataSourceTask              - Finished PACT code: Input Edges (29/120)
18:40:10,596 INFO  eu.stratosphere.nephele.execution.ExecutionStateTransition    - TM: ExecutionState set from RUNNING to FINISHING for task Input Edges (29/120)
18:40:10,616 INFO  eu.stratosphere.pact.runtime.task.RegularPactTask             - Finished PACT code: Canonize edges (32/120)
18:40:10,617 INFO  eu.stratosphere.pact.runtime.task.DataSourceTask              - Finished PACT code: Input Edges (32/120)
18:40:10,617 INFO  eu.stratosphere.nephele.execution.ExecutionStateTransition    - TM: ExecutionState set from RUNNING to FINISHING for task Input Edges (32/120)
18:40:10,618 INFO  eu.stratosphere.pact.runtime.task.RegularPactTask             - Finished PACT code: Canonize edges (27/120)
18:40:10,618 INFO  eu.stratosphere.pact.runtime.task.DataSourceTask              - Finished PACT code: Input Edges (27/120)
18:40:10,618 INFO  eu.stratosphere.nephele.execution.ExecutionStateTransition    - TM: ExecutionState set from RUNNING to FINISHING for task Input Edges (27/120)
18:40:10,706 INFO  eu.stratosphere.pact.runtime.task.RegularPactTask             - Finished PACT code: Canonize edges (30/120)
18:40:10,706 INFO  eu.stratosphere.pact.runtime.task.DataSourceTask              - Finished PACT code: Input Edges (30/120)
18:40:10,707 INFO  eu.stratosphere.nephele.execution.ExecutionStateTransition    - TM: ExecutionState set from RUNNING to FINISHING for task Input Edges (30/120)
18:40:12,600 INFO  eu.stratosphere.nephele.execution.ExecutionStateTransition    - TM: ExecutionState set from STARTING to RUNNING for task Close Triads (25/120)
18:40:12,601 INFO  eu.stratosphere.pact.runtime.task.RegularPactTask             - Start PACT code.: Close Triads (25/120)
18:40:12,629 INFO  eu.stratosphere.nephele.execution.ExecutionStateTransition    - TM: ExecutionState set from STARTING to RUNNING for task Close Triads (26/120)
18:40:12,632 INFO  eu.stratosphere.pact.runtime.task.RegularPactTask             - Start PACT code.: Close Triads (26/120)
18:40:12,662 INFO  eu.stratosphere.nephele.execution.ExecutionStateTransition    - TM: ExecutionState set from STARTING to RUNNING for task Close Triads (27/120)
18:40:12,664 INFO  eu.stratosphere.pact.runtime.task.RegularPactTask             - Start PACT code.: Close Triads (27/120)
18:40:12,689 INFO  eu.stratosphere.nephele.execution.ExecutionStateTransition    - TM: ExecutionState set from STARTING to RUNNING for task Close Triads (28/120)
18:40:12,691 INFO  eu.stratosphere.pact.runtime.task.RegularPactTask             - Start PACT code.: Close Triads (28/120)
18:40:12,704 INFO  eu.stratosphere.nephele.execution.ExecutionStateTransition    - TM: ExecutionState set from STARTING to RUNNING for task Close Triads (32/120)
18:40:12,707 INFO  eu.stratosphere.pact.runtime.task.RegularPactTask             - Start PACT code.: Close Triads (32/120)
18:40:12,728 INFO  eu.stratosphere.nephele.execution.ExecutionStateTransition    - TM: ExecutionState set from STARTING to RUNNING for task Close Triads (29/120)
18:40:12,729 INFO  eu.stratosphere.pact.runtime.task.RegularPactTask             - Start PACT code.: Close Triads (29/120)
18:40:12,768 INFO  eu.stratosphere.nephele.execution.ExecutionStateTransition    - TM: ExecutionState set from STARTING to RUNNING for task Close Triads (30/120)
18:40:12,770 INFO  eu.stratosphere.pact.runtime.task.RegularPactTask             - Start PACT code.: Close Triads (30/120)
18:40:12,801 INFO  eu.stratosphere.nephele.execution.ExecutionStateTransition    - TM: ExecutionState set from STARTING to RUNNING for task Close Triads (31/120)
18:40:12,804 INFO  eu.stratosphere.pact.runtime.task.RegularPactTask             - Start PACT code.: Close Triads (31/120)
18:40:17,853 INFO  eu.stratosphere.nephele.execution.ExecutionStateTransition    - TM: ExecutionState set from STARTING to RUNNING for task Triangles (31/120)
18:40:17,855 INFO  eu.stratosphere.pact.runtime.task.DataSinkTask                - Start PACT code: Triangles (31/120)
18:40:17,981 INFO  eu.stratosphere.nephele.execution.ExecutionStateTransition    - TM: ExecutionState set from STARTING to RUNNING for task Triangles (26/120)
18:40:17,986 INFO  eu.stratosphere.pact.runtime.task.DataSinkTask                - Start PACT code: Triangles (26/120)
18:40:17,997 INFO  eu.stratosphere.nephele.execution.ExecutionStateTransition    - TM: ExecutionState set from STARTING to RUNNING for task Triangles (32/120)
18:40:18,000 INFO  eu.stratosphere.pact.runtime.task.DataSinkTask                - Start PACT code: Triangles (32/120)
18:40:18,007 INFO  eu.stratosphere.nephele.execution.ExecutionStateTransition    - TM: ExecutionState set from STARTING to RUNNING for task Triangles (29/120)
18:40:18,011 INFO  eu.stratosphere.pact.runtime.task.DataSinkTask                - Start PACT code: Triangles (29/120)
18:40:18,039 INFO  eu.stratosphere.nephele.execution.ExecutionStateTransition    - TM: ExecutionState set from STARTING to RUNNING for task Triangles (30/120)
18:40:18,045 INFO  eu.stratosphere.pact.runtime.task.DataSinkTask                - Start PACT code: Triangles (30/120)
18:40:18,055 INFO  eu.stratosphere.nephele.execution.ExecutionStateTransition    - TM: ExecutionState set from STARTING to RUNNING for task Triangles (25/120)
18:40:18,056 INFO  eu.stratosphere.pact.runtime.task.DataSinkTask                - Start PACT code: Triangles (25/120)
18:40:18,066 INFO  eu.stratosphere.nephele.execution.ExecutionStateTransition    - TM: ExecutionState set from STARTING to RUNNING for task Triangles (28/120)
18:40:18,068 INFO  eu.stratosphere.pact.runtime.task.DataSinkTask                - Start PACT code: Triangles (28/120)
18:40:18,079 INFO  eu.stratosphere.nephele.execution.ExecutionStateTransition    - TM: ExecutionState set from STARTING to RUNNING for task Triangles (27/120)
18:40:18,081 INFO  eu.stratosphere.pact.runtime.task.DataSinkTask                - Start PACT code: Triangles (27/120)
18:40:18,666 INFO  org.apache.hadoop.hdfs.DFSClient                              - Exception in createBlockOutputStream java.io.IOException: Bad connect ack with firstBadLink as 130.149.21.23:45020
18:40:18,667 INFO  org.apache.hadoop.hdfs.DFSClient                              - Abandoning block blk_-1790227048582664213_1241
18:40:18,717 INFO  org.apache.hadoop.hdfs.DFSClient                              - Exception in createBlockOutputStream java.io.IOException: Bad connect ack with firstBadLink as 130.149.21.23:45020
18:40:18,723 INFO  org.apache.hadoop.hdfs.DFSClient                              - Abandoning block blk_-6344488305345958922_1241
18:40:18,740 INFO  org.apache.hadoop.hdfs.DFSClient                              - Exception in createBlockOutputStream java.io.IOException: Bad connect ack with firstBadLink as 130.149.21.23:45020
18:40:18,741 INFO  org.apache.hadoop.hdfs.DFSClient                              - Abandoning block blk_1879672972352320877_1241
18:40:24,756 INFO  org.apache.hadoop.hdfs.DFSClient                              - Exception in createBlockOutputStream java.io.IOException: Bad connect ack with firstBadLink as 130.149.21.22:45020
18:40:24,756 INFO  org.apache.hadoop.hdfs.DFSClient                              - Abandoning block blk_591687335003884356_1241
