18:39:34,623 WARN  eu.stratosphere.nephele.configuration.GlobalConfiguration     - Cannot load configuration: unknown element plugins
18:39:34,663 INFO  eu.stratosphere.nephele.taskmanager.TaskManager               - Reading location of job manager from configuration
18:39:34,675 INFO  eu.stratosphere.nephele.taskmanager.TaskManager               - Determined address of job manager to be cloud-11.dima.tu-berlin.de/130.149.21.15:6002
18:39:34,683 INFO  eu.stratosphere.nephele.taskmanager.TaskManager               - Announcing connection information cloud-14 to job manager
18:39:34,750 INFO  eu.stratosphere.nephele.ipc.Server                            - IPC Server Responder: starting
18:39:34,750 INFO  eu.stratosphere.nephele.ipc.Server                            - IPC Server listener on 6122: starting
18:39:34,751 INFO  eu.stratosphere.nephele.ipc.Server                            - IPC Server handler 0 on 6122: starting
18:39:35,858 INFO  eu.stratosphere.nephele.taskmanager.bufferprovider.GlobalBufferPool  - Initialized global buffer pool with 32768 buffers with a size 32768 bytes each
18:39:35,878 INFO  eu.stratosphere.nephele.taskmanager.bytebuffered.ByteBufferedChannelManager  - Initialized byte buffered channel manager with sender-side spilling disabled
18:39:35,894 INFO  eu.stratosphere.nephele.instance.HardwareDescriptionFactory   - Found Tenured Gen pool (max: 27678736384, used: 0)
18:39:35,895 INFO  eu.stratosphere.nephele.taskmanager.TaskManager               - Initializing memory manager with 22528 megabytes of memory
18:40:07,086 INFO  eu.stratosphere.nephele.execution.ExecutionStateTransition    - TM: ExecutionState set from STARTING to RUNNING for task Input Edges (38/120)
18:40:07,086 INFO  eu.stratosphere.nephele.execution.ExecutionStateTransition    - TM: ExecutionState set from STARTING to RUNNING for task Input Edges (35/120)
18:40:07,086 INFO  eu.stratosphere.nephele.execution.ExecutionStateTransition    - TM: ExecutionState set from STARTING to RUNNING for task Input Edges (36/120)
18:40:07,087 INFO  eu.stratosphere.nephele.execution.ExecutionStateTransition    - TM: ExecutionState set from STARTING to RUNNING for task Input Edges (33/120)
18:40:07,087 INFO  eu.stratosphere.nephele.execution.ExecutionStateTransition    - TM: ExecutionState set from STARTING to RUNNING for task Input Edges (34/120)
18:40:07,086 INFO  eu.stratosphere.nephele.execution.ExecutionStateTransition    - TM: ExecutionState set from STARTING to RUNNING for task Input Edges (40/120)
18:40:07,086 INFO  eu.stratosphere.nephele.execution.ExecutionStateTransition    - TM: ExecutionState set from STARTING to RUNNING for task Input Edges (37/120)
18:40:07,086 INFO  eu.stratosphere.nephele.execution.ExecutionStateTransition    - TM: ExecutionState set from STARTING to RUNNING for task Input Edges (39/120)
18:40:07,094 INFO  eu.stratosphere.pact.runtime.task.DataSourceTask              - Start PACT code: Input Edges (34/120)
18:40:07,092 INFO  eu.stratosphere.pact.runtime.task.DataSourceTask              - Start PACT code: Input Edges (35/120)
18:40:07,090 INFO  eu.stratosphere.pact.runtime.task.DataSourceTask              - Start PACT code: Input Edges (38/120)
18:40:07,095 INFO  eu.stratosphere.pact.runtime.task.DataSourceTask              - Start PACT code: Input Edges (33/120)
18:40:07,095 INFO  eu.stratosphere.pact.runtime.task.RegularPactTask             - Start PACT code: Canonize edges (35/120)
18:40:07,094 INFO  eu.stratosphere.pact.runtime.task.RegularPactTask             - Start PACT code: Canonize edges (34/120)
18:40:07,097 INFO  eu.stratosphere.pact.runtime.task.DataSourceTask              - Start PACT code: Input Edges (36/120)
18:40:07,096 INFO  eu.stratosphere.pact.runtime.task.RegularPactTask             - Start PACT code: Canonize edges (33/120)
18:40:07,096 INFO  eu.stratosphere.pact.runtime.task.RegularPactTask             - Start PACT code: Canonize edges (38/120)
18:40:07,098 INFO  eu.stratosphere.pact.runtime.task.RegularPactTask             - Start PACT code: Canonize edges (36/120)
18:40:07,099 INFO  eu.stratosphere.pact.runtime.task.DataSourceTask              - Start PACT code: Input Edges (39/120)
18:40:07,100 INFO  eu.stratosphere.pact.runtime.task.RegularPactTask             - Start PACT code: Canonize edges (39/120)
18:40:07,100 INFO  eu.stratosphere.pact.runtime.task.DataSourceTask              - Start PACT code: Input Edges (37/120)
18:40:07,101 INFO  eu.stratosphere.pact.runtime.task.RegularPactTask             - Start PACT code: Canonize edges (37/120)
18:40:07,102 INFO  eu.stratosphere.pact.runtime.task.DataSourceTask              - Start PACT code: Input Edges (40/120)
18:40:07,102 INFO  eu.stratosphere.pact.runtime.task.RegularPactTask             - Start PACT code: Canonize edges (40/120)
18:40:09,358 INFO  org.apache.hadoop.hdfs.DFSClient                              - Failed to connect to /130.149.21.22:45020, add to deadNodes and continue
java.net.ConnectException: Connection refused
	at sun.nio.ch.SocketChannelImpl.checkConnect(Native Method)
	at sun.nio.ch.SocketChannelImpl.finishConnect(SocketChannelImpl.java:692)
	at org.apache.hadoop.net.SocketIOWithTimeout.connect(SocketIOWithTimeout.java:206)
	at org.apache.hadoop.net.NetUtils.connect(NetUtils.java:406)
	at org.apache.hadoop.hdfs.DFSClient$DFSInputStream.blockSeekTo(DFSClient.java:1757)
	at org.apache.hadoop.hdfs.DFSClient$DFSInputStream.read(DFSClient.java:1899)
	at java.io.DataInputStream.read(DataInputStream.java:149)
	at eu.stratosphere.nephele.fs.hdfs.DistributedDataInputStream.read(DistributedDataInputStream.java:63)
	at eu.stratosphere.pact.common.io.DelimitedInputFormat.fillBuffer(DelimitedInputFormat.java:492)
	at eu.stratosphere.pact.common.io.DelimitedInputFormat.readLine(DelimitedInputFormat.java:412)
	at eu.stratosphere.pact.common.io.DelimitedInputFormat.open(DelimitedInputFormat.java:351)
	at eu.stratosphere.pact.common.io.DelimitedInputFormat.open(DelimitedInputFormat.java:41)
	at eu.stratosphere.pact.runtime.task.DataSourceTask.invoke(DataSourceTask.java:134)
	at eu.stratosphere.nephele.execution.RuntimeEnvironment.run(RuntimeEnvironment.java:364)
	at java.lang.Thread.run(Thread.java:722)
18:40:09,361 INFO  org.apache.hadoop.hdfs.DFSClient                              - Failed to connect to /130.149.21.22:45020, add to deadNodes and continue
java.net.ConnectException: Connection refused
	at sun.nio.ch.SocketChannelImpl.checkConnect(Native Method)
	at sun.nio.ch.SocketChannelImpl.finishConnect(SocketChannelImpl.java:692)
	at org.apache.hadoop.net.SocketIOWithTimeout.connect(SocketIOWithTimeout.java:206)
	at org.apache.hadoop.net.NetUtils.connect(NetUtils.java:406)
	at org.apache.hadoop.hdfs.DFSClient$DFSInputStream.blockSeekTo(DFSClient.java:1757)
	at org.apache.hadoop.hdfs.DFSClient$DFSInputStream.read(DFSClient.java:1899)
	at java.io.DataInputStream.read(DataInputStream.java:149)
	at eu.stratosphere.nephele.fs.hdfs.DistributedDataInputStream.read(DistributedDataInputStream.java:63)
	at eu.stratosphere.pact.common.io.DelimitedInputFormat.fillBuffer(DelimitedInputFormat.java:492)
	at eu.stratosphere.pact.common.io.DelimitedInputFormat.readLine(DelimitedInputFormat.java:412)
	at eu.stratosphere.pact.common.io.DelimitedInputFormat.open(DelimitedInputFormat.java:351)
	at eu.stratosphere.pact.common.io.DelimitedInputFormat.open(DelimitedInputFormat.java:41)
	at eu.stratosphere.pact.runtime.task.DataSourceTask.invoke(DataSourceTask.java:134)
	at eu.stratosphere.nephele.execution.RuntimeEnvironment.run(RuntimeEnvironment.java:364)
	at java.lang.Thread.run(Thread.java:722)
18:40:09,385 INFO  org.apache.hadoop.hdfs.DFSClient                              - Failed to connect to /130.149.21.23:45020, add to deadNodes and continue
java.net.ConnectException: Connection refused
	at sun.nio.ch.SocketChannelImpl.checkConnect(Native Method)
	at sun.nio.ch.SocketChannelImpl.finishConnect(SocketChannelImpl.java:692)
	at org.apache.hadoop.net.SocketIOWithTimeout.connect(SocketIOWithTimeout.java:206)
	at org.apache.hadoop.net.NetUtils.connect(NetUtils.java:406)
	at org.apache.hadoop.hdfs.DFSClient$DFSInputStream.blockSeekTo(DFSClient.java:1757)
	at org.apache.hadoop.hdfs.DFSClient$DFSInputStream.read(DFSClient.java:1899)
	at java.io.DataInputStream.read(DataInputStream.java:149)
	at eu.stratosphere.nephele.fs.hdfs.DistributedDataInputStream.read(DistributedDataInputStream.java:63)
	at eu.stratosphere.pact.common.io.DelimitedInputFormat.fillBuffer(DelimitedInputFormat.java:492)
	at eu.stratosphere.pact.common.io.DelimitedInputFormat.readLine(DelimitedInputFormat.java:412)
	at eu.stratosphere.pact.common.io.DelimitedInputFormat.open(DelimitedInputFormat.java:351)
	at eu.stratosphere.pact.common.io.DelimitedInputFormat.open(DelimitedInputFormat.java:41)
	at eu.stratosphere.pact.runtime.task.DataSourceTask.invoke(DataSourceTask.java:134)
	at eu.stratosphere.nephele.execution.RuntimeEnvironment.run(RuntimeEnvironment.java:364)
	at java.lang.Thread.run(Thread.java:722)
18:40:09,387 INFO  org.apache.hadoop.hdfs.DFSClient                              - Failed to connect to /130.149.21.23:45020, add to deadNodes and continue
java.net.ConnectException: Connection refused
	at sun.nio.ch.SocketChannelImpl.checkConnect(Native Method)
	at sun.nio.ch.SocketChannelImpl.finishConnect(SocketChannelImpl.java:692)
	at org.apache.hadoop.net.SocketIOWithTimeout.connect(SocketIOWithTimeout.java:206)
	at org.apache.hadoop.net.NetUtils.connect(NetUtils.java:406)
	at org.apache.hadoop.hdfs.DFSClient$DFSInputStream.blockSeekTo(DFSClient.java:1757)
	at org.apache.hadoop.hdfs.DFSClient$DFSInputStream.read(DFSClient.java:1899)
	at java.io.DataInputStream.read(DataInputStream.java:149)
	at eu.stratosphere.nephele.fs.hdfs.DistributedDataInputStream.read(DistributedDataInputStream.java:63)
	at eu.stratosphere.pact.common.io.DelimitedInputFormat.fillBuffer(DelimitedInputFormat.java:492)
	at eu.stratosphere.pact.common.io.DelimitedInputFormat.readLine(DelimitedInputFormat.java:412)
	at eu.stratosphere.pact.common.io.DelimitedInputFormat.open(DelimitedInputFormat.java:351)
	at eu.stratosphere.pact.common.io.DelimitedInputFormat.open(DelimitedInputFormat.java:41)
	at eu.stratosphere.pact.runtime.task.DataSourceTask.invoke(DataSourceTask.java:134)
	at eu.stratosphere.nephele.execution.RuntimeEnvironment.run(RuntimeEnvironment.java:364)
	at java.lang.Thread.run(Thread.java:722)
18:40:09,625 INFO  eu.stratosphere.nephele.execution.ExecutionStateTransition    - TM: ExecutionState set from STARTING to RUNNING for task Build Triads (38/120)
18:40:09,627 INFO  eu.stratosphere.pact.runtime.task.RegularPactTask             - Start PACT code.: Build Triads (38/120)
18:40:09,775 INFO  eu.stratosphere.nephele.execution.ExecutionStateTransition    - TM: ExecutionState set from STARTING to RUNNING for task Build Triads (34/120)
18:40:09,777 INFO  eu.stratosphere.pact.runtime.task.RegularPactTask             - Start PACT code.: Build Triads (34/120)
18:40:09,811 INFO  eu.stratosphere.nephele.execution.ExecutionStateTransition    - TM: ExecutionState set from STARTING to RUNNING for task Build Triads (33/120)
18:40:09,814 INFO  eu.stratosphere.pact.runtime.task.RegularPactTask             - Start PACT code.: Build Triads (33/120)
18:40:09,851 INFO  eu.stratosphere.nephele.execution.ExecutionStateTransition    - TM: ExecutionState set from STARTING to RUNNING for task Build Triads (37/120)
18:40:09,854 INFO  eu.stratosphere.pact.runtime.task.RegularPactTask             - Start PACT code.: Build Triads (37/120)
18:40:09,936 INFO  eu.stratosphere.nephele.execution.ExecutionStateTransition    - TM: ExecutionState set from STARTING to RUNNING for task Build Triads (40/120)
18:40:09,938 INFO  eu.stratosphere.pact.runtime.task.RegularPactTask             - Start PACT code.: Build Triads (40/120)
18:40:10,024 INFO  eu.stratosphere.nephele.execution.ExecutionStateTransition    - TM: ExecutionState set from STARTING to RUNNING for task Build Triads (36/120)
18:40:10,026 INFO  eu.stratosphere.pact.runtime.task.RegularPactTask             - Start PACT code.: Build Triads (36/120)
18:40:10,107 INFO  eu.stratosphere.nephele.execution.ExecutionStateTransition    - TM: ExecutionState set from STARTING to RUNNING for task Build Triads (39/120)
18:40:10,109 INFO  eu.stratosphere.pact.runtime.task.RegularPactTask             - Start PACT code.: Build Triads (39/120)
18:40:10,354 INFO  eu.stratosphere.nephele.execution.ExecutionStateTransition    - TM: ExecutionState set from STARTING to RUNNING for task Build Triads (35/120)
18:40:10,356 INFO  eu.stratosphere.pact.runtime.task.RegularPactTask             - Start PACT code.: Build Triads (35/120)
18:40:10,563 INFO  eu.stratosphere.pact.runtime.task.RegularPactTask             - Finished PACT code: Canonize edges (33/120)
18:40:10,563 INFO  eu.stratosphere.pact.runtime.task.DataSourceTask              - Finished PACT code: Input Edges (33/120)
18:40:10,563 INFO  eu.stratosphere.nephele.execution.ExecutionStateTransition    - TM: ExecutionState set from RUNNING to FINISHING for task Input Edges (33/120)
18:40:10,564 INFO  eu.stratosphere.pact.runtime.task.RegularPactTask             - Finished PACT code: Canonize edges (35/120)
18:40:10,565 INFO  eu.stratosphere.pact.runtime.task.DataSourceTask              - Finished PACT code: Input Edges (35/120)
18:40:10,565 INFO  eu.stratosphere.nephele.execution.ExecutionStateTransition    - TM: ExecutionState set from RUNNING to FINISHING for task Input Edges (35/120)
18:40:10,585 INFO  eu.stratosphere.pact.runtime.task.RegularPactTask             - Finished PACT code: Canonize edges (39/120)
18:40:10,585 INFO  eu.stratosphere.pact.runtime.task.DataSourceTask              - Finished PACT code: Input Edges (39/120)
18:40:10,586 INFO  eu.stratosphere.nephele.execution.ExecutionStateTransition    - TM: ExecutionState set from RUNNING to FINISHING for task Input Edges (39/120)
18:40:10,623 INFO  eu.stratosphere.pact.runtime.task.RegularPactTask             - Finished PACT code: Canonize edges (34/120)
18:40:10,623 INFO  eu.stratosphere.pact.runtime.task.DataSourceTask              - Finished PACT code: Input Edges (34/120)
18:40:10,623 INFO  eu.stratosphere.nephele.execution.ExecutionStateTransition    - TM: ExecutionState set from RUNNING to FINISHING for task Input Edges (34/120)
18:40:10,664 INFO  eu.stratosphere.pact.runtime.task.RegularPactTask             - Finished PACT code: Canonize edges (36/120)
18:40:10,665 INFO  eu.stratosphere.pact.runtime.task.DataSourceTask              - Finished PACT code: Input Edges (36/120)
18:40:10,665 INFO  eu.stratosphere.nephele.execution.ExecutionStateTransition    - TM: ExecutionState set from RUNNING to FINISHING for task Input Edges (36/120)
18:40:10,774 INFO  eu.stratosphere.pact.runtime.task.RegularPactTask             - Finished PACT code: Canonize edges (38/120)
18:40:10,774 INFO  eu.stratosphere.pact.runtime.task.DataSourceTask              - Finished PACT code: Input Edges (38/120)
18:40:10,774 INFO  eu.stratosphere.nephele.execution.ExecutionStateTransition    - TM: ExecutionState set from RUNNING to FINISHING for task Input Edges (38/120)
18:40:10,820 INFO  eu.stratosphere.pact.runtime.task.RegularPactTask             - Finished PACT code: Canonize edges (40/120)
18:40:10,820 INFO  eu.stratosphere.pact.runtime.task.DataSourceTask              - Finished PACT code: Input Edges (40/120)
18:40:10,821 INFO  eu.stratosphere.nephele.execution.ExecutionStateTransition    - TM: ExecutionState set from RUNNING to FINISHING for task Input Edges (40/120)
18:40:11,109 INFO  eu.stratosphere.pact.runtime.task.RegularPactTask             - Finished PACT code: Canonize edges (37/120)
18:40:11,109 INFO  eu.stratosphere.pact.runtime.task.DataSourceTask              - Finished PACT code: Input Edges (37/120)
18:40:11,110 INFO  eu.stratosphere.nephele.execution.ExecutionStateTransition    - TM: ExecutionState set from RUNNING to FINISHING for task Input Edges (37/120)
18:40:12,847 INFO  eu.stratosphere.nephele.execution.ExecutionStateTransition    - TM: ExecutionState set from STARTING to RUNNING for task Close Triads (33/120)
18:40:12,848 INFO  eu.stratosphere.pact.runtime.task.RegularPactTask             - Start PACT code.: Close Triads (33/120)
18:40:12,886 INFO  eu.stratosphere.nephele.execution.ExecutionStateTransition    - TM: ExecutionState set from STARTING to RUNNING for task Close Triads (34/120)
18:40:12,889 INFO  eu.stratosphere.pact.runtime.task.RegularPactTask             - Start PACT code.: Close Triads (34/120)
18:40:12,912 INFO  eu.stratosphere.nephele.execution.ExecutionStateTransition    - TM: ExecutionState set from STARTING to RUNNING for task Close Triads (35/120)
18:40:12,914 INFO  eu.stratosphere.pact.runtime.task.RegularPactTask             - Start PACT code.: Close Triads (35/120)
18:40:12,942 INFO  eu.stratosphere.nephele.execution.ExecutionStateTransition    - TM: ExecutionState set from STARTING to RUNNING for task Close Triads (36/120)
18:40:12,944 INFO  eu.stratosphere.pact.runtime.task.RegularPactTask             - Start PACT code.: Close Triads (36/120)
18:40:12,967 INFO  eu.stratosphere.nephele.execution.ExecutionStateTransition    - TM: ExecutionState set from STARTING to RUNNING for task Close Triads (37/120)
18:40:12,969 INFO  eu.stratosphere.pact.runtime.task.RegularPactTask             - Start PACT code.: Close Triads (37/120)
18:40:13,001 INFO  eu.stratosphere.nephele.execution.ExecutionStateTransition    - TM: ExecutionState set from STARTING to RUNNING for task Close Triads (38/120)
18:40:13,003 INFO  eu.stratosphere.pact.runtime.task.RegularPactTask             - Start PACT code.: Close Triads (38/120)
18:40:13,039 INFO  eu.stratosphere.nephele.execution.ExecutionStateTransition    - TM: ExecutionState set from STARTING to RUNNING for task Close Triads (39/120)
18:40:13,041 INFO  eu.stratosphere.pact.runtime.task.RegularPactTask             - Start PACT code.: Close Triads (39/120)
18:40:13,067 INFO  eu.stratosphere.nephele.execution.ExecutionStateTransition    - TM: ExecutionState set from STARTING to RUNNING for task Close Triads (40/120)
18:40:13,070 INFO  eu.stratosphere.pact.runtime.task.RegularPactTask             - Start PACT code.: Close Triads (40/120)
18:40:17,725 INFO  eu.stratosphere.nephele.execution.ExecutionStateTransition    - TM: ExecutionState set from STARTING to RUNNING for task Triangles (35/120)
18:40:17,727 INFO  eu.stratosphere.pact.runtime.task.DataSinkTask                - Start PACT code: Triangles (35/120)
18:40:17,829 INFO  eu.stratosphere.nephele.execution.ExecutionStateTransition    - TM: ExecutionState set from STARTING to RUNNING for task Triangles (36/120)
18:40:17,831 INFO  eu.stratosphere.pact.runtime.task.DataSinkTask                - Start PACT code: Triangles (36/120)
18:40:17,913 INFO  eu.stratosphere.nephele.execution.ExecutionStateTransition    - TM: ExecutionState set from STARTING to RUNNING for task Triangles (39/120)
18:40:17,914 INFO  eu.stratosphere.pact.runtime.task.DataSinkTask                - Start PACT code: Triangles (39/120)
18:40:18,002 INFO  eu.stratosphere.nephele.execution.ExecutionStateTransition    - TM: ExecutionState set from STARTING to RUNNING for task Triangles (40/120)
18:40:18,004 INFO  eu.stratosphere.pact.runtime.task.DataSinkTask                - Start PACT code: Triangles (40/120)
18:40:18,041 INFO  eu.stratosphere.nephele.execution.ExecutionStateTransition    - TM: ExecutionState set from STARTING to RUNNING for task Triangles (38/120)
18:40:18,043 INFO  eu.stratosphere.pact.runtime.task.DataSinkTask                - Start PACT code: Triangles (38/120)
18:40:18,081 INFO  eu.stratosphere.nephele.execution.ExecutionStateTransition    - TM: ExecutionState set from STARTING to RUNNING for task Triangles (34/120)
18:40:18,083 INFO  eu.stratosphere.pact.runtime.task.DataSinkTask                - Start PACT code: Triangles (34/120)
18:40:18,291 INFO  eu.stratosphere.nephele.execution.ExecutionStateTransition    - TM: ExecutionState set from STARTING to RUNNING for task Triangles (33/120)
18:40:18,294 INFO  eu.stratosphere.pact.runtime.task.DataSinkTask                - Start PACT code: Triangles (33/120)
18:40:18,303 INFO  eu.stratosphere.nephele.execution.ExecutionStateTransition    - TM: ExecutionState set from STARTING to RUNNING for task Triangles (37/120)
18:40:18,306 INFO  eu.stratosphere.pact.runtime.task.DataSinkTask                - Start PACT code: Triangles (37/120)
