11:50:37,599 WARN  eu.stratosphere.nephele.configuration.GlobalConfiguration     - Cannot load configuration: unknown element plugins
11:50:37,615 INFO  eu.stratosphere.nephele.taskmanager.TaskManager               - Reading location of job manager from configuration
11:50:37,623 INFO  eu.stratosphere.nephele.taskmanager.TaskManager               - Determined address of job manager to be cloud-7.dima.tu-berlin.de/130.149.21.11:6002
11:50:37,632 INFO  eu.stratosphere.nephele.taskmanager.TaskManager               - Announcing connection information cloud-8 to job manager
11:50:37,671 INFO  eu.stratosphere.nephele.ipc.Server                            - IPC Server Responder: starting
11:50:37,671 INFO  eu.stratosphere.nephele.ipc.Server                            - IPC Server listener on 6122: starting
11:50:37,671 INFO  eu.stratosphere.nephele.ipc.Server                            - IPC Server handler 0 on 6122: starting
11:50:38,365 INFO  eu.stratosphere.nephele.taskmanager.bufferprovider.GlobalBufferPool  - Initialized global buffer pool with 32768 buffers with a size 32768 bytes each
11:50:38,374 INFO  eu.stratosphere.nephele.taskmanager.bytebuffered.ByteBufferedChannelManager  - Initialized byte buffered channel manager with sender-side spilling disabled
11:50:38,389 INFO  eu.stratosphere.nephele.instance.HardwareDescriptionFactory   - Found Tenured Gen pool (max: 34404499456, used: 0)
11:50:38,389 INFO  eu.stratosphere.nephele.taskmanager.TaskManager               - Initializing memory manager with 22528 megabytes of memory
11:50:54,758 INFO  eu.stratosphere.nephele.execution.ExecutionStateTransition    - TM: ExecutionState set from STARTING to RUNNING for task Data Source (17/32)
11:50:54,759 INFO  eu.stratosphere.nephele.execution.ExecutionStateTransition    - TM: ExecutionState set from STARTING to RUNNING for task Data Source (18/32)
11:50:54,759 INFO  eu.stratosphere.nephele.execution.ExecutionStateTransition    - TM: ExecutionState set from STARTING to RUNNING for task Data Source (21/32)
11:50:54,758 INFO  eu.stratosphere.nephele.execution.ExecutionStateTransition    - TM: ExecutionState set from STARTING to RUNNING for task Data Source (22/32)
11:50:54,759 INFO  eu.stratosphere.nephele.execution.ExecutionStateTransition    - TM: ExecutionState set from STARTING to RUNNING for task Data Source (20/32)
11:50:54,759 INFO  eu.stratosphere.nephele.execution.ExecutionStateTransition    - TM: ExecutionState set from STARTING to RUNNING for task Data Source (24/32)
11:50:54,759 INFO  eu.stratosphere.nephele.execution.ExecutionStateTransition    - TM: ExecutionState set from STARTING to RUNNING for task Data Source (19/32)
11:50:54,758 INFO  eu.stratosphere.nephele.execution.ExecutionStateTransition    - TM: ExecutionState set from STARTING to RUNNING for task Data Source (23/32)
11:50:54,761 INFO  eu.stratosphere.pact.runtime.task.DataSourceTask              - Start PACT code: Data Source (17/32)
11:50:54,762 INFO  eu.stratosphere.pact.runtime.task.DataSourceTask              - Start PACT code: Data Source (23/32)
11:50:54,763 INFO  eu.stratosphere.pact.runtime.task.DataSourceTask              - Start PACT code: Data Source (19/32)
11:50:54,764 INFO  eu.stratosphere.pact.runtime.task.DataSourceTask              - Start PACT code: Data Source (24/32)
11:50:54,767 INFO  eu.stratosphere.pact.runtime.task.DataSourceTask              - Start PACT code: Data Source (20/32)
11:50:54,768 INFO  eu.stratosphere.pact.runtime.task.DataSourceTask              - Start PACT code: Data Source (22/32)
11:50:54,769 INFO  eu.stratosphere.pact.runtime.task.DataSourceTask              - Start PACT code: Data Source (21/32)
11:50:54,771 INFO  eu.stratosphere.pact.runtime.task.DataSourceTask              - Start PACT code: Data Source (18/32)
11:50:55,369 INFO  eu.stratosphere.nephele.execution.ExecutionStateTransition    - TM: ExecutionState set from STARTING to RUNNING for task Data Sink (21/32)
11:50:55,370 INFO  eu.stratosphere.pact.runtime.task.DataSinkTask                - Start PACT code: Data Sink (21/32)
11:50:55,381 INFO  eu.stratosphere.nephele.execution.ExecutionStateTransition    - TM: ExecutionState set from STARTING to RUNNING for task Data Sink (19/32)
11:50:55,382 INFO  eu.stratosphere.pact.runtime.task.DataSinkTask                - Start PACT code: Data Sink (19/32)
11:50:55,411 INFO  eu.stratosphere.nephele.execution.ExecutionStateTransition    - TM: ExecutionState set from STARTING to RUNNING for task Data Sink (23/32)
11:50:55,412 INFO  eu.stratosphere.pact.runtime.task.DataSinkTask                - Start PACT code: Data Sink (23/32)
11:50:55,422 INFO  eu.stratosphere.nephele.execution.ExecutionStateTransition    - TM: ExecutionState set from STARTING to RUNNING for task Data Sink (24/32)
11:50:55,423 INFO  eu.stratosphere.pact.runtime.task.DataSinkTask                - Start PACT code: Data Sink (24/32)
11:50:55,428 INFO  eu.stratosphere.nephele.execution.ExecutionStateTransition    - TM: ExecutionState set from STARTING to RUNNING for task Data Sink (22/32)
11:50:55,429 INFO  eu.stratosphere.pact.runtime.task.DataSinkTask                - Start PACT code: Data Sink (22/32)
11:50:55,436 INFO  eu.stratosphere.nephele.execution.ExecutionStateTransition    - TM: ExecutionState set from STARTING to RUNNING for task Data Sink (18/32)
11:50:55,437 INFO  eu.stratosphere.pact.runtime.task.DataSinkTask                - Start PACT code: Data Sink (18/32)
11:50:55,798 INFO  eu.stratosphere.nephele.execution.ExecutionStateTransition    - TM: ExecutionState set from STARTING to RUNNING for task Data Sink (20/32)
11:50:55,799 INFO  eu.stratosphere.pact.runtime.task.DataSinkTask                - Start PACT code: Data Sink (20/32)
11:50:55,889 INFO  eu.stratosphere.nephele.execution.ExecutionStateTransition    - TM: ExecutionState set from STARTING to RUNNING for task Data Sink (17/32)
11:50:55,890 INFO  eu.stratosphere.pact.runtime.task.DataSinkTask                - Start PACT code: Data Sink (17/32)
11:51:06,922 INFO  eu.stratosphere.pact.runtime.task.DataSourceTask              - Finished PACT code: Data Source (21/32)
11:51:06,922 INFO  eu.stratosphere.nephele.execution.ExecutionStateTransition    - TM: ExecutionState set from RUNNING to FINISHING for task Data Source (21/32)
11:51:07,302 INFO  eu.stratosphere.pact.runtime.task.DataSourceTask              - Finished PACT code: Data Source (19/32)
11:51:07,302 INFO  eu.stratosphere.nephele.execution.ExecutionStateTransition    - TM: ExecutionState set from RUNNING to FINISHING for task Data Source (19/32)
11:51:07,369 INFO  eu.stratosphere.pact.runtime.task.DataSourceTask              - Finished PACT code: Data Source (20/32)
11:51:07,369 INFO  eu.stratosphere.nephele.execution.ExecutionStateTransition    - TM: ExecutionState set from RUNNING to FINISHING for task Data Source (20/32)
11:51:07,527 INFO  eu.stratosphere.pact.runtime.task.DataSourceTask              - Finished PACT code: Data Source (23/32)
11:51:07,527 INFO  eu.stratosphere.nephele.execution.ExecutionStateTransition    - TM: ExecutionState set from RUNNING to FINISHING for task Data Source (23/32)
11:51:08,833 INFO  eu.stratosphere.pact.runtime.task.DataSourceTask              - Finished PACT code: Data Source (18/32)
11:51:08,833 INFO  eu.stratosphere.nephele.execution.ExecutionStateTransition    - TM: ExecutionState set from RUNNING to FINISHING for task Data Source (18/32)
11:51:08,875 INFO  eu.stratosphere.pact.runtime.task.DataSourceTask              - Finished PACT code: Data Source (17/32)
11:51:08,875 INFO  eu.stratosphere.nephele.execution.ExecutionStateTransition    - TM: ExecutionState set from RUNNING to FINISHING for task Data Source (17/32)
11:51:10,180 INFO  eu.stratosphere.pact.runtime.task.DataSourceTask              - Finished PACT code: Data Source (22/32)
11:51:10,180 INFO  eu.stratosphere.nephele.execution.ExecutionStateTransition    - TM: ExecutionState set from RUNNING to FINISHING for task Data Source (22/32)
11:51:10,632 INFO  eu.stratosphere.pact.runtime.task.DataSourceTask              - Finished PACT code: Data Source (24/32)
11:51:10,633 INFO  eu.stratosphere.nephele.execution.ExecutionStateTransition    - TM: ExecutionState set from RUNNING to FINISHING for task Data Source (24/32)
