17:50:16,988 WARN  eu.stratosphere.nephele.configuration.GlobalConfiguration     - Cannot load configuration: unknown element plugins
17:50:17,026 INFO  eu.stratosphere.nephele.taskmanager.TaskManager               - Reading location of job manager from configuration
17:50:17,035 INFO  eu.stratosphere.nephele.taskmanager.TaskManager               - Determined address of job manager to be cloud-11.dima.tu-berlin.de/130.149.21.15:6002
17:50:17,043 INFO  eu.stratosphere.nephele.taskmanager.TaskManager               - Announcing connection information cloud-21 to job manager
17:50:17,108 INFO  eu.stratosphere.nephele.ipc.Server                            - IPC Server listener on 6122: starting
17:50:17,108 INFO  eu.stratosphere.nephele.ipc.Server                            - IPC Server Responder: starting
17:50:17,109 INFO  eu.stratosphere.nephele.ipc.Server                            - IPC Server handler 0 on 6122: starting
17:50:18,247 INFO  eu.stratosphere.nephele.taskmanager.bufferprovider.GlobalBufferPool  - Initialized global buffer pool with 32768 buffers with a size 32768 bytes each
17:50:18,267 INFO  eu.stratosphere.nephele.taskmanager.bytebuffered.ByteBufferedChannelManager  - Initialized byte buffered channel manager with sender-side spilling disabled
17:50:18,286 INFO  eu.stratosphere.nephele.instance.HardwareDescriptionFactory   - Found Tenured Gen pool (max: 27678736384, used: 0)
17:50:18,287 INFO  eu.stratosphere.nephele.taskmanager.TaskManager               - Initializing memory manager with 22528 megabytes of memory
17:50:42,640 INFO  eu.stratosphere.nephele.execution.ExecutionStateTransition    - TM: ExecutionState set from STARTING to RUNNING for task Terasort generator (142/200)
17:50:42,641 INFO  eu.stratosphere.nephele.execution.ExecutionStateTransition    - TM: ExecutionState set from STARTING to RUNNING for task Terasort generator (137/200)
17:50:42,641 INFO  eu.stratosphere.nephele.execution.ExecutionStateTransition    - TM: ExecutionState set from STARTING to RUNNING for task Terasort generator (140/200)
17:50:42,640 INFO  eu.stratosphere.nephele.execution.ExecutionStateTransition    - TM: ExecutionState set from STARTING to RUNNING for task Terasort generator (144/200)
17:50:42,640 INFO  eu.stratosphere.nephele.execution.ExecutionStateTransition    - TM: ExecutionState set from STARTING to RUNNING for task Terasort generator (141/200)
17:50:42,641 INFO  eu.stratosphere.nephele.execution.ExecutionStateTransition    - TM: ExecutionState set from STARTING to RUNNING for task Terasort generator (138/200)
17:50:42,645 INFO  eu.stratosphere.pact.runtime.task.DataSourceTask              - Start PACT code: Terasort generator (142/200)
17:50:42,640 INFO  eu.stratosphere.nephele.execution.ExecutionStateTransition    - TM: ExecutionState set from STARTING to RUNNING for task Terasort generator (139/200)
17:50:42,640 INFO  eu.stratosphere.nephele.execution.ExecutionStateTransition    - TM: ExecutionState set from STARTING to RUNNING for task Terasort generator (143/200)
17:50:42,651 INFO  eu.stratosphere.pact.runtime.task.DataSourceTask              - Start PACT code: Terasort generator (141/200)
17:50:42,656 INFO  eu.stratosphere.pact.runtime.task.DataSourceTask              - Start PACT code: Terasort generator (143/200)
17:50:42,661 INFO  eu.stratosphere.pact.runtime.task.DataSourceTask              - Start PACT code: Terasort generator (139/200)
17:50:42,666 INFO  eu.stratosphere.pact.runtime.task.DataSourceTask              - Start PACT code: Terasort generator (138/200)
17:50:42,669 INFO  eu.stratosphere.pact.runtime.task.DataSourceTask              - Start PACT code: Terasort generator (144/200)
17:50:42,672 INFO  eu.stratosphere.pact.runtime.task.DataSourceTask              - Start PACT code: Terasort generator (140/200)
17:50:42,675 INFO  eu.stratosphere.pact.runtime.task.DataSourceTask              - Start PACT code: Terasort generator (137/200)
17:50:44,865 INFO  eu.stratosphere.nephele.execution.ExecutionStateTransition    - TM: ExecutionState set from STARTING to RUNNING for task Data Sink (143/200)
17:50:44,866 INFO  eu.stratosphere.pact.runtime.task.DataSinkTask                - Start PACT code: Data Sink (143/200)
17:50:46,491 INFO  eu.stratosphere.nephele.execution.ExecutionStateTransition    - TM: ExecutionState set from STARTING to RUNNING for task Data Sink (139/200)
17:50:46,495 INFO  eu.stratosphere.pact.runtime.task.DataSinkTask                - Start PACT code: Data Sink (139/200)
17:50:46,536 INFO  eu.stratosphere.nephele.execution.ExecutionStateTransition    - TM: ExecutionState set from STARTING to RUNNING for task Data Sink (138/200)
17:50:46,539 INFO  eu.stratosphere.pact.runtime.task.DataSinkTask                - Start PACT code: Data Sink (138/200)
17:50:46,559 INFO  eu.stratosphere.nephele.execution.ExecutionStateTransition    - TM: ExecutionState set from STARTING to RUNNING for task Data Sink (137/200)
17:50:46,561 INFO  eu.stratosphere.pact.runtime.task.DataSinkTask                - Start PACT code: Data Sink (137/200)
17:50:46,582 INFO  eu.stratosphere.nephele.execution.ExecutionStateTransition    - TM: ExecutionState set from STARTING to RUNNING for task Data Sink (144/200)
17:50:46,584 INFO  eu.stratosphere.pact.runtime.task.DataSinkTask                - Start PACT code: Data Sink (144/200)
17:50:46,609 INFO  eu.stratosphere.nephele.execution.ExecutionStateTransition    - TM: ExecutionState set from STARTING to RUNNING for task Data Sink (142/200)
17:50:46,611 INFO  eu.stratosphere.pact.runtime.task.DataSinkTask                - Start PACT code: Data Sink (142/200)
17:50:46,628 INFO  eu.stratosphere.nephele.execution.ExecutionStateTransition    - TM: ExecutionState set from STARTING to RUNNING for task Data Sink (141/200)
17:50:46,630 INFO  eu.stratosphere.pact.runtime.task.DataSinkTask                - Start PACT code: Data Sink (141/200)
17:50:46,676 INFO  eu.stratosphere.nephele.execution.ExecutionStateTransition    - TM: ExecutionState set from STARTING to RUNNING for task Data Sink (140/200)
17:50:46,677 INFO  eu.stratosphere.pact.runtime.task.DataSinkTask                - Start PACT code: Data Sink (140/200)
17:51:05,015 INFO  eu.stratosphere.pact.runtime.task.DataSourceTask              - Finished PACT code: Terasort generator (140/200)
17:51:05,015 INFO  eu.stratosphere.nephele.execution.ExecutionStateTransition    - TM: ExecutionState set from RUNNING to FINISHING for task Terasort generator (140/200)
17:51:05,022 INFO  eu.stratosphere.pact.runtime.task.DataSourceTask              - Finished PACT code: Terasort generator (144/200)
17:51:05,023 INFO  eu.stratosphere.nephele.execution.ExecutionStateTransition    - TM: ExecutionState set from RUNNING to FINISHING for task Terasort generator (144/200)
17:51:05,129 INFO  eu.stratosphere.pact.runtime.task.DataSourceTask              - Finished PACT code: Terasort generator (138/200)
17:51:05,129 INFO  eu.stratosphere.nephele.execution.ExecutionStateTransition    - TM: ExecutionState set from RUNNING to FINISHING for task Terasort generator (138/200)
17:51:05,256 INFO  eu.stratosphere.pact.runtime.task.DataSourceTask              - Finished PACT code: Terasort generator (139/200)
17:51:05,257 INFO  eu.stratosphere.nephele.execution.ExecutionStateTransition    - TM: ExecutionState set from RUNNING to FINISHING for task Terasort generator (139/200)
17:51:05,562 INFO  eu.stratosphere.pact.runtime.task.DataSourceTask              - Finished PACT code: Terasort generator (143/200)
17:51:05,563 INFO  eu.stratosphere.nephele.execution.ExecutionStateTransition    - TM: ExecutionState set from RUNNING to FINISHING for task Terasort generator (143/200)
17:51:05,613 INFO  eu.stratosphere.pact.runtime.task.DataSourceTask              - Finished PACT code: Terasort generator (142/200)
17:51:05,614 INFO  eu.stratosphere.nephele.execution.ExecutionStateTransition    - TM: ExecutionState set from RUNNING to FINISHING for task Terasort generator (142/200)
17:51:05,864 INFO  eu.stratosphere.pact.runtime.task.DataSourceTask              - Finished PACT code: Terasort generator (137/200)
17:51:05,864 INFO  eu.stratosphere.nephele.execution.ExecutionStateTransition    - TM: ExecutionState set from RUNNING to FINISHING for task Terasort generator (137/200)
17:51:06,053 INFO  eu.stratosphere.pact.runtime.task.DataSourceTask              - Finished PACT code: Terasort generator (141/200)
17:51:06,054 INFO  eu.stratosphere.nephele.execution.ExecutionStateTransition    - TM: ExecutionState set from RUNNING to FINISHING for task Terasort generator (141/200)
17:51:43,718 INFO  eu.stratosphere.pact.runtime.task.DataSinkTask                - Finished PACT code: Data Sink (141/200)
17:51:43,719 INFO  eu.stratosphere.nephele.execution.ExecutionStateTransition    - TM: ExecutionState set from RUNNING to FINISHING for task Data Sink (141/200)
17:51:43,722 INFO  eu.stratosphere.nephele.execution.ExecutionStateTransition    - TM: ExecutionState set from FINISHING to FINISHED for task Data Sink (141/200)
17:51:43,824 INFO  eu.stratosphere.pact.runtime.task.DataSinkTask                - Finished PACT code: Data Sink (139/200)
17:51:43,824 INFO  eu.stratosphere.nephele.execution.ExecutionStateTransition    - TM: ExecutionState set from RUNNING to FINISHING for task Data Sink (139/200)
17:51:43,827 INFO  eu.stratosphere.nephele.execution.ExecutionStateTransition    - TM: ExecutionState set from FINISHING to FINISHED for task Data Sink (139/200)
17:51:43,949 INFO  eu.stratosphere.pact.runtime.task.DataSinkTask                - Finished PACT code: Data Sink (138/200)
17:51:43,949 INFO  eu.stratosphere.nephele.execution.ExecutionStateTransition    - TM: ExecutionState set from RUNNING to FINISHING for task Data Sink (138/200)
17:51:43,954 INFO  eu.stratosphere.nephele.execution.ExecutionStateTransition    - TM: ExecutionState set from FINISHING to FINISHED for task Data Sink (138/200)
17:51:44,541 INFO  eu.stratosphere.pact.runtime.task.DataSinkTask                - Finished PACT code: Data Sink (144/200)
17:51:44,541 INFO  eu.stratosphere.nephele.execution.ExecutionStateTransition    - TM: ExecutionState set from RUNNING to FINISHING for task Data Sink (144/200)
17:51:44,544 INFO  eu.stratosphere.nephele.execution.ExecutionStateTransition    - TM: ExecutionState set from FINISHING to FINISHED for task Data Sink (144/200)
17:51:44,893 INFO  eu.stratosphere.pact.runtime.task.DataSinkTask                - Finished PACT code: Data Sink (142/200)
17:51:44,893 INFO  eu.stratosphere.nephele.execution.ExecutionStateTransition    - TM: ExecutionState set from RUNNING to FINISHING for task Data Sink (142/200)
17:51:44,896 INFO  eu.stratosphere.nephele.execution.ExecutionStateTransition    - TM: ExecutionState set from FINISHING to FINISHED for task Data Sink (142/200)
17:51:45,204 INFO  eu.stratosphere.pact.runtime.task.DataSinkTask                - Finished PACT code: Data Sink (137/200)
17:51:45,204 INFO  eu.stratosphere.nephele.execution.ExecutionStateTransition    - TM: ExecutionState set from RUNNING to FINISHING for task Data Sink (137/200)
17:51:45,207 INFO  eu.stratosphere.nephele.execution.ExecutionStateTransition    - TM: ExecutionState set from FINISHING to FINISHED for task Data Sink (137/200)
17:51:49,040 INFO  eu.stratosphere.pact.runtime.task.DataSinkTask                - Finished PACT code: Data Sink (140/200)
17:51:49,040 INFO  eu.stratosphere.nephele.execution.ExecutionStateTransition    - TM: ExecutionState set from RUNNING to FINISHING for task Data Sink (140/200)
17:51:49,046 INFO  eu.stratosphere.nephele.execution.ExecutionStateTransition    - TM: ExecutionState set from FINISHING to FINISHED for task Data Sink (140/200)
17:51:49,049 INFO  eu.stratosphere.pact.runtime.task.DataSinkTask                - Finished PACT code: Data Sink (143/200)
17:51:49,050 INFO  eu.stratosphere.nephele.execution.ExecutionStateTransition    - TM: ExecutionState set from RUNNING to FINISHING for task Data Sink (143/200)
17:51:49,053 INFO  eu.stratosphere.nephele.execution.ExecutionStateTransition    - TM: ExecutionState set from FINISHING to FINISHED for task Data Sink (143/200)
