04/27/2013 04:41:34:	Job execution switched to status SCHEDULED
04/27/2013 04:41:34:	Input Edges (1/40) switched to SCHEDULED
04/27/2013 04:41:34:	Build Triads (1/40) switched to SCHEDULED
04/27/2013 04:41:34:	Close Triads (1/40) switched to SCHEDULED
04/27/2013 04:41:34:	Triangles (1/40) switched to SCHEDULED
04/27/2013 04:41:34:	Close Triads (2/40) switched to SCHEDULED
04/27/2013 04:41:34:	Triangles (2/40) switched to SCHEDULED
04/27/2013 04:41:34:	Close Triads (3/40) switched to SCHEDULED
04/27/2013 04:41:34:	Triangles (3/40) switched to SCHEDULED
04/27/2013 04:41:34:	Close Triads (4/40) switched to SCHEDULED
04/27/2013 04:41:34:	Triangles (4/40) switched to SCHEDULED
04/27/2013 04:41:34:	Close Triads (5/40) switched to SCHEDULED
04/27/2013 04:41:34:	Triangles (5/40) switched to SCHEDULED
04/27/2013 04:41:34:	Close Triads (6/40) switched to SCHEDULED
04/27/2013 04:41:34:	Triangles (6/40) switched to SCHEDULED
04/27/2013 04:41:34:	Close Triads (7/40) switched to SCHEDULED
04/27/2013 04:41:34:	Triangles (7/40) switched to SCHEDULED
04/27/2013 04:41:34:	Close Triads (8/40) switched to SCHEDULED
04/27/2013 04:41:34:	Triangles (8/40) switched to SCHEDULED
04/27/2013 04:41:34:	Close Triads (9/40) switched to SCHEDULED
04/27/2013 04:41:34:	Triangles (9/40) switched to SCHEDULED
04/27/2013 04:41:34:	Close Triads (10/40) switched to SCHEDULED
04/27/2013 04:41:34:	Triangles (10/40) switched to SCHEDULED
04/27/2013 04:41:34:	Close Triads (11/40) switched to SCHEDULED
04/27/2013 04:41:34:	Triangles (11/40) switched to SCHEDULED
04/27/2013 04:41:34:	Close Triads (12/40) switched to SCHEDULED
04/27/2013 04:41:34:	Triangles (12/40) switched to SCHEDULED
04/27/2013 04:41:34:	Close Triads (13/40) switched to SCHEDULED
04/27/2013 04:41:34:	Triangles (13/40) switched to SCHEDULED
04/27/2013 04:41:34:	Close Triads (14/40) switched to SCHEDULED
04/27/2013 04:41:34:	Triangles (14/40) switched to SCHEDULED
04/27/2013 04:41:34:	Close Triads (15/40) switched to SCHEDULED
04/27/2013 04:41:34:	Triangles (15/40) switched to SCHEDULED
04/27/2013 04:41:34:	Close Triads (16/40) switched to SCHEDULED
04/27/2013 04:41:34:	Triangles (16/40) switched to SCHEDULED
04/27/2013 04:41:34:	Close Triads (17/40) switched to SCHEDULED
04/27/2013 04:41:34:	Triangles (17/40) switched to SCHEDULED
04/27/2013 04:41:34:	Close Triads (18/40) switched to SCHEDULED
04/27/2013 04:41:34:	Triangles (18/40) switched to SCHEDULED
04/27/2013 04:41:34:	Close Triads (19/40) switched to SCHEDULED
04/27/2013 04:41:34:	Triangles (19/40) switched to SCHEDULED
04/27/2013 04:41:34:	Close Triads (20/40) switched to SCHEDULED
04/27/2013 04:41:34:	Triangles (20/40) switched to SCHEDULED
04/27/2013 04:41:34:	Close Triads (21/40) switched to SCHEDULED
04/27/2013 04:41:34:	Triangles (21/40) switched to SCHEDULED
04/27/2013 04:41:34:	Close Triads (22/40) switched to SCHEDULED
04/27/2013 04:41:34:	Triangles (22/40) switched to SCHEDULED
04/27/2013 04:41:34:	Close Triads (23/40) switched to SCHEDULED
04/27/2013 04:41:34:	Triangles (23/40) switched to SCHEDULED
04/27/2013 04:41:34:	Close Triads (24/40) switched to SCHEDULED
04/27/2013 04:41:34:	Triangles (24/40) switched to SCHEDULED
04/27/2013 04:41:34:	Close Triads (25/40) switched to SCHEDULED
04/27/2013 04:41:34:	Triangles (25/40) switched to SCHEDULED
04/27/2013 04:41:34:	Close Triads (26/40) switched to SCHEDULED
04/27/2013 04:41:34:	Triangles (26/40) switched to SCHEDULED
04/27/2013 04:41:34:	Close Triads (27/40) switched to SCHEDULED
04/27/2013 04:41:34:	Triangles (27/40) switched to SCHEDULED
04/27/2013 04:41:34:	Close Triads (28/40) switched to SCHEDULED
04/27/2013 04:41:34:	Triangles (28/40) switched to SCHEDULED
04/27/2013 04:41:34:	Close Triads (29/40) switched to SCHEDULED
04/27/2013 04:41:34:	Triangles (29/40) switched to SCHEDULED
04/27/2013 04:41:34:	Close Triads (30/40) switched to SCHEDULED
04/27/2013 04:41:34:	Triangles (30/40) switched to SCHEDULED
04/27/2013 04:41:34:	Close Triads (31/40) switched to SCHEDULED
04/27/2013 04:41:34:	Triangles (31/40) switched to SCHEDULED
04/27/2013 04:41:34:	Close Triads (32/40) switched to SCHEDULED
04/27/2013 04:41:34:	Triangles (32/40) switched to SCHEDULED
04/27/2013 04:41:34:	Close Triads (33/40) switched to SCHEDULED
04/27/2013 04:41:34:	Triangles (33/40) switched to SCHEDULED
04/27/2013 04:41:34:	Close Triads (34/40) switched to SCHEDULED
04/27/2013 04:41:34:	Triangles (34/40) switched to SCHEDULED
04/27/2013 04:41:34:	Close Triads (35/40) switched to SCHEDULED
04/27/2013 04:41:34:	Triangles (35/40) switched to SCHEDULED
04/27/2013 04:41:34:	Close Triads (36/40) switched to SCHEDULED
04/27/2013 04:41:34:	Triangles (36/40) switched to SCHEDULED
04/27/2013 04:41:34:	Close Triads (37/40) switched to SCHEDULED
04/27/2013 04:41:34:	Triangles (37/40) switched to SCHEDULED
04/27/2013 04:41:34:	Close Triads (38/40) switched to SCHEDULED
04/27/2013 04:41:34:	Triangles (38/40) switched to SCHEDULED
04/27/2013 04:41:34:	Close Triads (39/40) switched to SCHEDULED
04/27/2013 04:41:34:	Triangles (39/40) switched to SCHEDULED
04/27/2013 04:41:34:	Close Triads (40/40) switched to SCHEDULED
04/27/2013 04:41:34:	Triangles (40/40) switched to SCHEDULED
04/27/2013 04:41:34:	Build Triads (2/40) switched to SCHEDULED
04/27/2013 04:41:34:	Build Triads (3/40) switched to SCHEDULED
04/27/2013 04:41:34:	Build Triads (4/40) switched to SCHEDULED
04/27/2013 04:41:34:	Build Triads (5/40) switched to SCHEDULED
04/27/2013 04:41:34:	Build Triads (6/40) switched to SCHEDULED
04/27/2013 04:41:34:	Build Triads (7/40) switched to SCHEDULED
04/27/2013 04:41:34:	Build Triads (8/40) switched to SCHEDULED
04/27/2013 04:41:34:	Build Triads (9/40) switched to SCHEDULED
04/27/2013 04:41:34:	Build Triads (10/40) switched to SCHEDULED
04/27/2013 04:41:34:	Build Triads (11/40) switched to SCHEDULED
04/27/2013 04:41:34:	Build Triads (12/40) switched to SCHEDULED
04/27/2013 04:41:34:	Build Triads (13/40) switched to SCHEDULED
04/27/2013 04:41:34:	Build Triads (14/40) switched to SCHEDULED
04/27/2013 04:41:34:	Build Triads (15/40) switched to SCHEDULED
04/27/2013 04:41:34:	Build Triads (16/40) switched to SCHEDULED
04/27/2013 04:41:34:	Build Triads (17/40) switched to SCHEDULED
04/27/2013 04:41:34:	Build Triads (18/40) switched to SCHEDULED
04/27/2013 04:41:34:	Build Triads (19/40) switched to SCHEDULED
04/27/2013 04:41:34:	Build Triads (20/40) switched to SCHEDULED
04/27/2013 04:41:34:	Build Triads (21/40) switched to SCHEDULED
04/27/2013 04:41:34:	Build Triads (22/40) switched to SCHEDULED
04/27/2013 04:41:34:	Build Triads (23/40) switched to SCHEDULED
04/27/2013 04:41:34:	Build Triads (24/40) switched to SCHEDULED
04/27/2013 04:41:34:	Build Triads (25/40) switched to SCHEDULED
04/27/2013 04:41:34:	Build Triads (26/40) switched to SCHEDULED
04/27/2013 04:41:34:	Build Triads (27/40) switched to SCHEDULED
04/27/2013 04:41:34:	Build Triads (28/40) switched to SCHEDULED
04/27/2013 04:41:34:	Build Triads (29/40) switched to SCHEDULED
04/27/2013 04:41:34:	Build Triads (30/40) switched to SCHEDULED
04/27/2013 04:41:34:	Build Triads (31/40) switched to SCHEDULED
04/27/2013 04:41:34:	Build Triads (32/40) switched to SCHEDULED
04/27/2013 04:41:34:	Build Triads (33/40) switched to SCHEDULED
04/27/2013 04:41:34:	Build Triads (34/40) switched to SCHEDULED
04/27/2013 04:41:34:	Build Triads (35/40) switched to SCHEDULED
04/27/2013 04:41:34:	Build Triads (36/40) switched to SCHEDULED
04/27/2013 04:41:34:	Build Triads (37/40) switched to SCHEDULED
04/27/2013 04:41:34:	Build Triads (38/40) switched to SCHEDULED
04/27/2013 04:41:34:	Build Triads (39/40) switched to SCHEDULED
04/27/2013 04:41:34:	Build Triads (40/40) switched to SCHEDULED
04/27/2013 04:41:34:	Input Edges (2/40) switched to SCHEDULED
04/27/2013 04:41:34:	Input Edges (3/40) switched to SCHEDULED
04/27/2013 04:41:34:	Input Edges (4/40) switched to SCHEDULED
04/27/2013 04:41:34:	Input Edges (5/40) switched to SCHEDULED
04/27/2013 04:41:34:	Input Edges (6/40) switched to SCHEDULED
04/27/2013 04:41:34:	Input Edges (7/40) switched to SCHEDULED
04/27/2013 04:41:34:	Input Edges (8/40) switched to SCHEDULED
04/27/2013 04:41:34:	Input Edges (9/40) switched to SCHEDULED
04/27/2013 04:41:34:	Input Edges (10/40) switched to SCHEDULED
04/27/2013 04:41:34:	Input Edges (11/40) switched to SCHEDULED
04/27/2013 04:41:34:	Input Edges (12/40) switched to SCHEDULED
04/27/2013 04:41:34:	Input Edges (13/40) switched to SCHEDULED
04/27/2013 04:41:34:	Input Edges (14/40) switched to SCHEDULED
04/27/2013 04:41:34:	Input Edges (15/40) switched to SCHEDULED
04/27/2013 04:41:34:	Input Edges (16/40) switched to SCHEDULED
04/27/2013 04:41:34:	Input Edges (17/40) switched to SCHEDULED
04/27/2013 04:41:34:	Input Edges (18/40) switched to SCHEDULED
04/27/2013 04:41:34:	Input Edges (19/40) switched to SCHEDULED
04/27/2013 04:41:34:	Input Edges (20/40) switched to SCHEDULED
04/27/2013 04:41:34:	Input Edges (21/40) switched to SCHEDULED
04/27/2013 04:41:34:	Input Edges (22/40) switched to SCHEDULED
04/27/2013 04:41:34:	Input Edges (23/40) switched to SCHEDULED
04/27/2013 04:41:34:	Input Edges (24/40) switched to SCHEDULED
04/27/2013 04:41:34:	Input Edges (25/40) switched to SCHEDULED
04/27/2013 04:41:34:	Input Edges (26/40) switched to SCHEDULED
04/27/2013 04:41:34:	Input Edges (27/40) switched to SCHEDULED
04/27/2013 04:41:34:	Input Edges (28/40) switched to SCHEDULED
04/27/2013 04:41:34:	Input Edges (29/40) switched to SCHEDULED
04/27/2013 04:41:34:	Input Edges (30/40) switched to SCHEDULED
04/27/2013 04:41:34:	Input Edges (31/40) switched to SCHEDULED
04/27/2013 04:41:34:	Input Edges (32/40) switched to SCHEDULED
04/27/2013 04:41:34:	Input Edges (33/40) switched to SCHEDULED
04/27/2013 04:41:34:	Input Edges (34/40) switched to SCHEDULED
04/27/2013 04:41:34:	Input Edges (35/40) switched to SCHEDULED
04/27/2013 04:41:34:	Input Edges (36/40) switched to SCHEDULED
04/27/2013 04:41:34:	Input Edges (37/40) switched to SCHEDULED
04/27/2013 04:41:34:	Input Edges (38/40) switched to SCHEDULED
04/27/2013 04:41:34:	Input Edges (39/40) switched to SCHEDULED
04/27/2013 04:41:34:	Input Edges (40/40) switched to SCHEDULED
04/27/2013 04:41:34:	Input Edges (4/40) switched to ASSIGNED
04/27/2013 04:41:34:	Build Triads (5/40) switched to ASSIGNED
04/27/2013 04:41:34:	Triangles (8/40) switched to ASSIGNED
04/27/2013 04:41:34:	Close Triads (3/40) switched to ASSIGNED
04/27/2013 04:41:34:	Triangles (1/40) switched to ASSIGNED
04/27/2013 04:41:34:	Build Triads (8/40) switched to ASSIGNED
04/27/2013 04:41:34:	Close Triads (6/40) switched to ASSIGNED
04/27/2013 04:41:34:	Input Edges (3/40) switched to ASSIGNED
04/27/2013 04:41:34:	Triangles (2/40) switched to ASSIGNED
04/27/2013 04:41:34:	Build Triads (1/40) switched to ASSIGNED
04/27/2013 04:41:34:	Close Triads (5/40) switched to ASSIGNED
04/27/2013 04:41:34:	Build Triads (3/40) switched to ASSIGNED
04/27/2013 04:41:34:	Input Edges (6/40) switched to ASSIGNED
04/27/2013 04:41:34:	Close Triads (7/40) switched to ASSIGNED
04/27/2013 04:41:34:	Close Triads (2/40) switched to ASSIGNED
04/27/2013 04:41:34:	Input Edges (7/40) switched to ASSIGNED
04/27/2013 04:41:34:	Triangles (3/40) switched to ASSIGNED
04/27/2013 04:41:34:	Build Triads (2/40) switched to ASSIGNED
04/27/2013 04:41:34:	Input Edges (8/40) switched to ASSIGNED
04/27/2013 04:41:34:	Triangles (7/40) switched to ASSIGNED
04/27/2013 04:41:34:	Input Edges (5/40) switched to ASSIGNED
04/27/2013 04:41:34:	Close Triads (1/40) switched to ASSIGNED
04/27/2013 04:41:34:	Build Triads (6/40) switched to ASSIGNED
04/27/2013 04:41:34:	Close Triads (4/40) switched to ASSIGNED
04/27/2013 04:41:34:	Input Edges (2/40) switched to ASSIGNED
04/27/2013 04:41:34:	Triangles (5/40) switched to ASSIGNED
04/27/2013 04:41:34:	Input Edges (1/40) switched to ASSIGNED
04/27/2013 04:41:34:	Triangles (4/40) switched to ASSIGNED
04/27/2013 04:41:34:	Triangles (6/40) switched to ASSIGNED
04/27/2013 04:41:34:	Close Triads (8/40) switched to ASSIGNED
04/27/2013 04:41:34:	Build Triads (4/40) switched to ASSIGNED
04/27/2013 04:41:34:	Build Triads (7/40) switched to ASSIGNED
04/27/2013 04:41:34:	Triangles (10/40) switched to ASSIGNED
04/27/2013 04:41:34:	Triangles (11/40) switched to ASSIGNED
04/27/2013 04:41:34:	Build Triads (11/40) switched to ASSIGNED
04/27/2013 04:41:34:	Triangles (13/40) switched to ASSIGNED
04/27/2013 04:41:34:	Triangles (14/40) switched to ASSIGNED
04/27/2013 04:41:34:	Build Triads (10/40) switched to ASSIGNED
04/27/2013 04:41:34:	Close Triads (9/40) switched to ASSIGNED
04/27/2013 04:41:34:	Build Triads (15/40) switched to ASSIGNED
04/27/2013 04:41:34:	Triangles (15/40) switched to ASSIGNED
04/27/2013 04:41:34:	Close Triads (14/40) switched to ASSIGNED
04/27/2013 04:41:34:	Input Edges (10/40) switched to ASSIGNED
04/27/2013 04:41:34:	Close Triads (11/40) switched to ASSIGNED
04/27/2013 04:41:34:	Close Triads (12/40) switched to ASSIGNED
04/27/2013 04:41:34:	Build Triads (13/40) switched to ASSIGNED
04/27/2013 04:41:34:	Input Edges (16/40) switched to ASSIGNED
04/27/2013 04:41:34:	Triangles (9/40) switched to ASSIGNED
04/27/2013 04:41:34:	Build Triads (14/40) switched to ASSIGNED
04/27/2013 04:41:34:	Close Triads (16/40) switched to ASSIGNED
04/27/2013 04:41:34:	Build Triads (12/40) switched to ASSIGNED
04/27/2013 04:41:34:	Build Triads (9/40) switched to ASSIGNED
04/27/2013 04:41:34:	Build Triads (16/40) switched to ASSIGNED
04/27/2013 04:41:34:	Input Edges (15/40) switched to ASSIGNED
04/27/2013 04:41:34:	Close Triads (10/40) switched to ASSIGNED
04/27/2013 04:41:34:	Input Edges (13/40) switched to ASSIGNED
04/27/2013 04:41:34:	Triangles (16/40) switched to ASSIGNED
04/27/2013 04:41:34:	Triangles (12/40) switched to ASSIGNED
04/27/2013 04:41:34:	Close Triads (15/40) switched to ASSIGNED
04/27/2013 04:41:34:	Input Edges (11/40) switched to ASSIGNED
04/27/2013 04:41:34:	Input Edges (9/40) switched to ASSIGNED
04/27/2013 04:41:34:	Input Edges (14/40) switched to ASSIGNED
04/27/2013 04:41:34:	Close Triads (13/40) switched to ASSIGNED
04/27/2013 04:41:34:	Input Edges (12/40) switched to ASSIGNED
04/27/2013 04:41:34:	Input Edges (20/40) switched to ASSIGNED
04/27/2013 04:41:34:	Triangles (23/40) switched to ASSIGNED
04/27/2013 04:41:34:	Build Triads (18/40) switched to ASSIGNED
04/27/2013 04:41:34:	Build Triads (24/40) switched to ASSIGNED
04/27/2013 04:41:34:	Input Edges (18/40) switched to ASSIGNED
04/27/2013 04:41:34:	Triangles (19/40) switched to ASSIGNED
04/27/2013 04:41:34:	Input Edges (22/40) switched to ASSIGNED
04/27/2013 04:41:34:	Build Triads (20/40) switched to ASSIGNED
04/27/2013 04:41:34:	Input Edges (17/40) switched to ASSIGNED
04/27/2013 04:41:34:	Input Edges (21/40) switched to ASSIGNED
04/27/2013 04:41:34:	Close Triads (17/40) switched to ASSIGNED
04/27/2013 04:41:34:	Build Triads (19/40) switched to ASSIGNED
04/27/2013 04:41:34:	Triangles (21/40) switched to ASSIGNED
04/27/2013 04:41:34:	Triangles (20/40) switched to ASSIGNED
04/27/2013 04:41:34:	Close Triads (22/40) switched to ASSIGNED
04/27/2013 04:41:34:	Build Triads (17/40) switched to ASSIGNED
04/27/2013 04:41:34:	Input Edges (24/40) switched to ASSIGNED
04/27/2013 04:41:34:	Input Edges (19/40) switched to ASSIGNED
04/27/2013 04:41:34:	Triangles (24/40) switched to ASSIGNED
04/27/2013 04:41:34:	Build Triads (23/40) switched to ASSIGNED
04/27/2013 04:41:34:	Close Triads (20/40) switched to ASSIGNED
04/27/2013 04:41:34:	Close Triads (18/40) switched to ASSIGNED
04/27/2013 04:41:34:	Close Triads (23/40) switched to ASSIGNED
04/27/2013 04:41:34:	Triangles (22/40) switched to ASSIGNED
04/27/2013 04:41:34:	Input Edges (23/40) switched to ASSIGNED
04/27/2013 04:41:34:	Build Triads (21/40) switched to ASSIGNED
04/27/2013 04:41:34:	Triangles (17/40) switched to ASSIGNED
04/27/2013 04:41:34:	Triangles (18/40) switched to ASSIGNED
04/27/2013 04:41:34:	Close Triads (21/40) switched to ASSIGNED
04/27/2013 04:41:34:	Build Triads (22/40) switched to ASSIGNED
04/27/2013 04:41:34:	Close Triads (24/40) switched to ASSIGNED
04/27/2013 04:41:34:	Close Triads (19/40) switched to ASSIGNED
04/27/2013 04:41:34:	Close Triads (28/40) switched to ASSIGNED
04/27/2013 04:41:34:	Input Edges (32/40) switched to ASSIGNED
04/27/2013 04:41:34:	Triangles (25/40) switched to ASSIGNED
04/27/2013 04:41:34:	Triangles (28/40) switched to ASSIGNED
04/27/2013 04:41:34:	Input Edges (27/40) switched to ASSIGNED
04/27/2013 04:41:34:	Triangles (32/40) switched to ASSIGNED
04/27/2013 04:41:34:	Build Triads (31/40) switched to ASSIGNED
04/27/2013 04:41:34:	Triangles (29/40) switched to ASSIGNED
04/27/2013 04:41:34:	Close Triads (30/40) switched to ASSIGNED
04/27/2013 04:41:34:	Close Triads (27/40) switched to ASSIGNED
04/27/2013 04:41:34:	Triangles (31/40) switched to ASSIGNED
04/27/2013 04:41:34:	Input Edges (26/40) switched to ASSIGNED
04/27/2013 04:41:34:	Input Edges (31/40) switched to ASSIGNED
04/27/2013 04:41:34:	Triangles (30/40) switched to ASSIGNED
04/27/2013 04:41:34:	Build Triads (27/40) switched to ASSIGNED
04/27/2013 04:41:34:	Close Triads (26/40) switched to ASSIGNED
04/27/2013 04:41:34:	Build Triads (25/40) switched to ASSIGNED
04/27/2013 04:41:34:	Close Triads (31/40) switched to ASSIGNED
04/27/2013 04:41:34:	Build Triads (29/40) switched to ASSIGNED
04/27/2013 04:41:34:	Build Triads (30/40) switched to ASSIGNED
04/27/2013 04:41:34:	Input Edges (29/40) switched to ASSIGNED
04/27/2013 04:41:34:	Build Triads (26/40) switched to ASSIGNED
04/27/2013 04:41:34:	Close Triads (29/40) switched to ASSIGNED
04/27/2013 04:41:34:	Triangles (26/40) switched to ASSIGNED
04/27/2013 04:41:34:	Close Triads (32/40) switched to ASSIGNED
04/27/2013 04:41:34:	Close Triads (25/40) switched to ASSIGNED
04/27/2013 04:41:34:	Build Triads (28/40) switched to ASSIGNED
04/27/2013 04:41:34:	Input Edges (28/40) switched to ASSIGNED
04/27/2013 04:41:34:	Input Edges (25/40) switched to ASSIGNED
04/27/2013 04:41:34:	Triangles (27/40) switched to ASSIGNED
04/27/2013 04:41:34:	Build Triads (32/40) switched to ASSIGNED
04/27/2013 04:41:34:	Input Edges (30/40) switched to ASSIGNED
04/27/2013 04:41:34:	Input Edges (33/40) switched to ASSIGNED
04/27/2013 04:41:34:	Triangles (39/40) switched to ASSIGNED
04/27/2013 04:41:34:	Build Triads (38/40) switched to ASSIGNED
04/27/2013 04:41:34:	Triangles (37/40) switched to ASSIGNED
04/27/2013 04:41:34:	Triangles (40/40) switched to ASSIGNED
04/27/2013 04:41:34:	Triangles (34/40) switched to ASSIGNED
04/27/2013 04:41:34:	Input Edges (38/40) switched to ASSIGNED
04/27/2013 04:41:34:	Close Triads (39/40) switched to ASSIGNED
04/27/2013 04:41:34:	Close Triads (35/40) switched to ASSIGNED
04/27/2013 04:41:34:	Input Edges (34/40) switched to ASSIGNED
04/27/2013 04:41:34:	Build Triads (37/40) switched to ASSIGNED
04/27/2013 04:41:34:	Triangles (36/40) switched to ASSIGNED
04/27/2013 04:41:34:	Triangles (33/40) switched to ASSIGNED
04/27/2013 04:41:34:	Input Edges (40/40) switched to ASSIGNED
04/27/2013 04:41:34:	Input Edges (39/40) switched to ASSIGNED
04/27/2013 04:41:34:	Triangles (35/40) switched to ASSIGNED
04/27/2013 04:41:34:	Build Triads (34/40) switched to ASSIGNED
04/27/2013 04:41:34:	Input Edges (35/40) switched to ASSIGNED
04/27/2013 04:41:34:	Build Triads (35/40) switched to ASSIGNED
04/27/2013 04:41:34:	Build Triads (33/40) switched to ASSIGNED
04/27/2013 04:41:34:	Close Triads (40/40) switched to ASSIGNED
04/27/2013 04:41:34:	Build Triads (40/40) switched to ASSIGNED
04/27/2013 04:41:34:	Build Triads (39/40) switched to ASSIGNED
04/27/2013 04:41:34:	Close Triads (36/40) switched to ASSIGNED
04/27/2013 04:41:34:	Close Triads (38/40) switched to ASSIGNED
04/27/2013 04:41:34:	Close Triads (33/40) switched to ASSIGNED
04/27/2013 04:41:34:	Input Edges (37/40) switched to ASSIGNED
04/27/2013 04:41:34:	Close Triads (37/40) switched to ASSIGNED
04/27/2013 04:41:34:	Close Triads (34/40) switched to ASSIGNED
04/27/2013 04:41:34:	Build Triads (36/40) switched to ASSIGNED
04/27/2013 04:41:34:	Triangles (38/40) switched to ASSIGNED
04/27/2013 04:41:34:	Input Edges (36/40) switched to ASSIGNED
04/27/2013 04:41:34:	Input Edges (1/40) switched to READY
04/27/2013 04:41:34:	Input Edges (2/40) switched to READY
04/27/2013 04:41:34:	Input Edges (3/40) switched to READY
04/27/2013 04:41:34:	Input Edges (4/40) switched to READY
04/27/2013 04:41:34:	Input Edges (5/40) switched to READY
04/27/2013 04:41:34:	Input Edges (6/40) switched to READY
04/27/2013 04:41:34:	Input Edges (7/40) switched to READY
04/27/2013 04:41:34:	Input Edges (8/40) switched to READY
04/27/2013 04:41:34:	Input Edges (9/40) switched to READY
04/27/2013 04:41:34:	Input Edges (10/40) switched to READY
04/27/2013 04:41:34:	Input Edges (11/40) switched to READY
04/27/2013 04:41:34:	Input Edges (12/40) switched to READY
04/27/2013 04:41:34:	Input Edges (13/40) switched to READY
04/27/2013 04:41:34:	Input Edges (14/40) switched to READY
04/27/2013 04:41:34:	Input Edges (15/40) switched to READY
04/27/2013 04:41:34:	Input Edges (16/40) switched to READY
04/27/2013 04:41:34:	Input Edges (17/40) switched to READY
04/27/2013 04:41:34:	Input Edges (18/40) switched to READY
04/27/2013 04:41:34:	Input Edges (19/40) switched to READY
04/27/2013 04:41:34:	Input Edges (20/40) switched to READY
04/27/2013 04:41:34:	Input Edges (21/40) switched to READY
04/27/2013 04:41:34:	Input Edges (22/40) switched to READY
04/27/2013 04:41:34:	Input Edges (23/40) switched to READY
04/27/2013 04:41:34:	Input Edges (24/40) switched to READY
04/27/2013 04:41:34:	Input Edges (25/40) switched to READY
04/27/2013 04:41:34:	Input Edges (26/40) switched to READY
04/27/2013 04:41:34:	Input Edges (27/40) switched to READY
04/27/2013 04:41:34:	Input Edges (28/40) switched to READY
04/27/2013 04:41:34:	Input Edges (29/40) switched to READY
04/27/2013 04:41:34:	Input Edges (30/40) switched to READY
04/27/2013 04:41:34:	Input Edges (31/40) switched to READY
04/27/2013 04:41:34:	Input Edges (32/40) switched to READY
04/27/2013 04:41:34:	Input Edges (33/40) switched to READY
04/27/2013 04:41:34:	Input Edges (34/40) switched to READY
04/27/2013 04:41:34:	Input Edges (35/40) switched to READY
04/27/2013 04:41:34:	Input Edges (36/40) switched to READY
04/27/2013 04:41:34:	Input Edges (37/40) switched to READY
04/27/2013 04:41:34:	Input Edges (38/40) switched to READY
04/27/2013 04:41:34:	Input Edges (39/40) switched to READY
04/27/2013 04:41:34:	Input Edges (40/40) switched to READY
04/27/2013 04:41:34:	Input Edges (1/40) switched to STARTING
04/27/2013 04:41:34:	Input Edges (2/40) switched to STARTING
04/27/2013 04:41:34:	Input Edges (3/40) switched to STARTING
04/27/2013 04:41:34:	Input Edges (4/40) switched to STARTING
04/27/2013 04:41:34:	Input Edges (5/40) switched to STARTING
04/27/2013 04:41:34:	Input Edges (6/40) switched to STARTING
04/27/2013 04:41:34:	Input Edges (7/40) switched to STARTING
04/27/2013 04:41:34:	Input Edges (8/40) switched to STARTING
04/27/2013 04:41:34:	Input Edges (9/40) switched to STARTING
04/27/2013 04:41:34:	Input Edges (10/40) switched to STARTING
04/27/2013 04:41:34:	Input Edges (11/40) switched to STARTING
04/27/2013 04:41:34:	Input Edges (12/40) switched to STARTING
04/27/2013 04:41:34:	Input Edges (13/40) switched to STARTING
04/27/2013 04:41:34:	Input Edges (14/40) switched to STARTING
04/27/2013 04:41:34:	Input Edges (15/40) switched to STARTING
04/27/2013 04:41:34:	Input Edges (16/40) switched to STARTING
04/27/2013 04:41:34:	Input Edges (17/40) switched to STARTING
04/27/2013 04:41:34:	Input Edges (18/40) switched to STARTING
04/27/2013 04:41:34:	Input Edges (19/40) switched to STARTING
04/27/2013 04:41:34:	Input Edges (20/40) switched to STARTING
04/27/2013 04:41:34:	Input Edges (21/40) switched to STARTING
04/27/2013 04:41:34:	Input Edges (22/40) switched to STARTING
04/27/2013 04:41:34:	Input Edges (23/40) switched to STARTING
04/27/2013 04:41:34:	Input Edges (24/40) switched to STARTING
04/27/2013 04:41:34:	Input Edges (25/40) switched to STARTING
04/27/2013 04:41:34:	Input Edges (26/40) switched to STARTING
04/27/2013 04:41:34:	Input Edges (27/40) switched to STARTING
04/27/2013 04:41:34:	Input Edges (28/40) switched to STARTING
04/27/2013 04:41:34:	Input Edges (29/40) switched to STARTING
04/27/2013 04:41:34:	Input Edges (30/40) switched to STARTING
04/27/2013 04:41:34:	Input Edges (31/40) switched to STARTING
04/27/2013 04:41:34:	Input Edges (32/40) switched to STARTING
04/27/2013 04:41:34:	Input Edges (33/40) switched to STARTING
04/27/2013 04:41:34:	Input Edges (34/40) switched to STARTING
04/27/2013 04:41:34:	Input Edges (35/40) switched to STARTING
04/27/2013 04:41:34:	Input Edges (36/40) switched to STARTING
04/27/2013 04:41:34:	Input Edges (37/40) switched to STARTING
04/27/2013 04:41:34:	Input Edges (38/40) switched to STARTING
04/27/2013 04:41:34:	Input Edges (39/40) switched to STARTING
04/27/2013 04:41:34:	Input Edges (40/40) switched to STARTING
04/27/2013 04:41:34:	Job execution switched to status RUNNING
04/27/2013 04:41:34:	Input Edges (4/40) switched to RUNNING
04/27/2013 04:41:34:	Input Edges (2/40) switched to RUNNING
04/27/2013 04:41:34:	Input Edges (5/40) switched to RUNNING
04/27/2013 04:41:34:	Input Edges (3/40) switched to RUNNING
04/27/2013 04:41:34:	Input Edges (7/40) switched to RUNNING
04/27/2013 04:41:34:	Input Edges (8/40) switched to RUNNING
04/27/2013 04:41:34:	Input Edges (6/40) switched to RUNNING
04/27/2013 04:41:34:	Input Edges (1/40) switched to RUNNING
04/27/2013 04:41:34:	Input Edges (25/40) switched to RUNNING
04/27/2013 04:41:34:	Input Edges (29/40) switched to RUNNING
04/27/2013 04:41:34:	Input Edges (30/40) switched to RUNNING
04/27/2013 04:41:34:	Input Edges (27/40) switched to RUNNING
04/27/2013 04:41:34:	Input Edges (31/40) switched to RUNNING
04/27/2013 04:41:34:	Input Edges (32/40) switched to RUNNING
04/27/2013 04:41:34:	Input Edges (26/40) switched to RUNNING
04/27/2013 04:41:34:	Input Edges (28/40) switched to RUNNING
04/27/2013 04:41:34:	Input Edges (35/40) switched to RUNNING
04/27/2013 04:41:34:	Input Edges (37/40) switched to RUNNING
04/27/2013 04:41:34:	Input Edges (38/40) switched to RUNNING
04/27/2013 04:41:34:	Input Edges (36/40) switched to RUNNING
04/27/2013 04:41:34:	Input Edges (40/40) switched to RUNNING
04/27/2013 04:41:34:	Input Edges (34/40) switched to RUNNING
04/27/2013 04:41:34:	Input Edges (33/40) switched to RUNNING
04/27/2013 04:41:34:	Input Edges (39/40) switched to RUNNING
04/27/2013 04:41:34:	Input Edges (14/40) switched to RUNNING
04/27/2013 04:41:34:	Input Edges (16/40) switched to RUNNING
04/27/2013 04:41:34:	Input Edges (11/40) switched to RUNNING
04/27/2013 04:41:34:	Input Edges (12/40) switched to RUNNING
04/27/2013 04:41:34:	Input Edges (10/40) switched to RUNNING
04/27/2013 04:41:34:	Input Edges (15/40) switched to RUNNING
04/27/2013 04:41:34:	Input Edges (13/40) switched to RUNNING
04/27/2013 04:41:34:	Input Edges (9/40) switched to RUNNING
04/27/2013 04:41:35:	Input Edges (17/40) switched to RUNNING
04/27/2013 04:41:35:	Input Edges (18/40) switched to RUNNING
04/27/2013 04:41:35:	Input Edges (22/40) switched to RUNNING
04/27/2013 04:41:35:	Input Edges (21/40) switched to RUNNING
04/27/2013 04:41:35:	Input Edges (23/40) switched to RUNNING
04/27/2013 04:41:35:	Input Edges (19/40) switched to RUNNING
04/27/2013 04:41:35:	Input Edges (24/40) switched to RUNNING
04/27/2013 04:41:35:	Input Edges (20/40) switched to RUNNING
04/27/2013 04:41:35:	Build Triads (28/40) switched to READY
04/27/2013 04:41:35:	Build Triads (28/40) switched to STARTING
04/27/2013 04:41:35:	Build Triads (15/40) switched to READY
04/27/2013 04:41:35:	Build Triads (15/40) switched to STARTING
04/27/2013 04:41:35:	Build Triads (37/40) switched to READY
04/27/2013 04:41:35:	Build Triads (37/40) switched to STARTING
04/27/2013 04:41:35:	Build Triads (26/40) switched to READY
04/27/2013 04:41:35:	Build Triads (26/40) switched to STARTING
04/27/2013 04:41:35:	Build Triads (40/40) switched to READY
04/27/2013 04:41:35:	Build Triads (40/40) switched to STARTING
04/27/2013 04:41:35:	Build Triads (27/40) switched to READY
04/27/2013 04:41:35:	Build Triads (27/40) switched to STARTING
04/27/2013 04:41:35:	Build Triads (19/40) switched to READY
04/27/2013 04:41:35:	Build Triads (19/40) switched to STARTING
04/27/2013 04:41:35:	Build Triads (35/40) switched to READY
04/27/2013 04:41:35:	Build Triads (35/40) switched to STARTING
04/27/2013 04:41:35:	Build Triads (20/40) switched to READY
04/27/2013 04:41:35:	Build Triads (20/40) switched to STARTING
04/27/2013 04:41:35:	Build Triads (4/40) switched to READY
04/27/2013 04:41:35:	Build Triads (4/40) switched to STARTING
04/27/2013 04:41:35:	Build Triads (17/40) switched to READY
04/27/2013 04:41:35:	Build Triads (17/40) switched to STARTING
04/27/2013 04:41:35:	Build Triads (23/40) switched to READY
04/27/2013 04:41:35:	Build Triads (23/40) switched to STARTING
04/27/2013 04:41:35:	Build Triads (5/40) switched to READY
04/27/2013 04:41:35:	Build Triads (5/40) switched to STARTING
04/27/2013 04:41:35:	Build Triads (16/40) switched to READY
04/27/2013 04:41:35:	Build Triads (16/40) switched to STARTING
04/27/2013 04:41:35:	Build Triads (15/40) switched to RUNNING
04/27/2013 04:41:35:	Build Triads (28/40) switched to RUNNING
04/27/2013 04:41:35:	Build Triads (3/40) switched to READY
04/27/2013 04:41:35:	Build Triads (3/40) switched to STARTING
04/27/2013 04:41:35:	Close Triads (31/40) switched to READY
04/27/2013 04:41:35:	Triangles (31/40) switched to READY
04/27/2013 04:41:35:	Close Triads (31/40) switched to STARTING
04/27/2013 04:41:35:	Triangles (31/40) switched to STARTING
04/27/2013 04:41:35:	Build Triads (16/40) switched to RUNNING
04/27/2013 04:41:35:	Build Triads (27/40) switched to RUNNING
04/27/2013 04:41:35:	Build Triads (4/40) switched to RUNNING
04/27/2013 04:41:35:	Build Triads (37/40) switched to RUNNING
04/27/2013 04:41:35:	Build Triads (26/40) switched to RUNNING
04/27/2013 04:41:35:	Build Triads (35/40) switched to RUNNING
04/27/2013 04:41:35:	Build Triads (3/40) switched to RUNNING
04/27/2013 04:41:35:	Build Triads (33/40) switched to READY
04/27/2013 04:41:35:	Build Triads (33/40) switched to STARTING
04/27/2013 04:41:35:	Build Triads (5/40) switched to RUNNING
04/27/2013 04:41:35:	Build Triads (6/40) switched to READY
04/27/2013 04:41:35:	Build Triads (6/40) switched to STARTING
04/27/2013 04:41:35:	Build Triads (40/40) switched to RUNNING
04/27/2013 04:41:35:	Build Triads (30/40) switched to READY
04/27/2013 04:41:35:	Build Triads (30/40) switched to STARTING
04/27/2013 04:41:35:	Build Triads (39/40) switched to READY
04/27/2013 04:41:35:	Build Triads (39/40) switched to STARTING
04/27/2013 04:41:35:	Build Triads (21/40) switched to READY
04/27/2013 04:41:35:	Build Triads (21/40) switched to STARTING
04/27/2013 04:41:35:	Build Triads (34/40) switched to READY
04/27/2013 04:41:35:	Build Triads (34/40) switched to STARTING
04/27/2013 04:41:35:	Close Triads (31/40) switched to RUNNING
04/27/2013 04:41:35:	Triangles (31/40) switched to RUNNING
04/27/2013 04:41:36:	Build Triads (6/40) switched to RUNNING
04/27/2013 04:41:36:	Build Triads (33/40) switched to RUNNING
04/27/2013 04:41:36:	Build Triads (30/40) switched to RUNNING
04/27/2013 04:41:36:	Build Triads (39/40) switched to RUNNING
04/27/2013 04:41:36:	Build Triads (34/40) switched to RUNNING
04/27/2013 04:41:36:	Build Triads (19/40) switched to RUNNING
04/27/2013 04:41:36:	Build Triads (20/40) switched to RUNNING
04/27/2013 04:41:36:	Build Triads (8/40) switched to READY
04/27/2013 04:41:36:	Build Triads (8/40) switched to STARTING
04/27/2013 04:41:36:	Build Triads (10/40) switched to READY
04/27/2013 04:41:36:	Build Triads (10/40) switched to STARTING
04/27/2013 04:41:36:	Build Triads (31/40) switched to READY
04/27/2013 04:41:36:	Build Triads (31/40) switched to STARTING
04/27/2013 04:41:36:	Build Triads (2/40) switched to READY
04/27/2013 04:41:36:	Build Triads (2/40) switched to STARTING
04/27/2013 04:41:36:	Build Triads (23/40) switched to RUNNING
04/27/2013 04:41:36:	Build Triads (8/40) switched to RUNNING
04/27/2013 04:41:36:	Build Triads (10/40) switched to RUNNING
04/27/2013 04:41:36:	Build Triads (21/40) switched to RUNNING
04/27/2013 04:41:36:	Build Triads (31/40) switched to RUNNING
04/27/2013 04:41:36:	Build Triads (2/40) switched to RUNNING
04/27/2013 04:41:36:	Build Triads (17/40) switched to RUNNING
04/27/2013 04:41:36:	Build Triads (24/40) switched to READY
04/27/2013 04:41:36:	Build Triads (24/40) switched to STARTING
04/27/2013 04:41:36:	Build Triads (12/40) switched to READY
04/27/2013 04:41:36:	Build Triads (12/40) switched to STARTING
04/27/2013 04:41:36:	Build Triads (32/40) switched to READY
04/27/2013 04:41:36:	Build Triads (32/40) switched to STARTING
04/27/2013 04:41:36:	Build Triads (25/40) switched to READY
04/27/2013 04:41:36:	Build Triads (25/40) switched to STARTING
04/27/2013 04:41:36:	Build Triads (24/40) switched to RUNNING
04/27/2013 04:41:36:	Build Triads (9/40) switched to READY
04/27/2013 04:41:36:	Build Triads (9/40) switched to STARTING
04/27/2013 04:41:36:	Build Triads (13/40) switched to READY
04/27/2013 04:41:36:	Build Triads (13/40) switched to STARTING
04/27/2013 04:41:36:	Build Triads (12/40) switched to RUNNING
04/27/2013 04:41:36:	Build Triads (38/40) switched to READY
04/27/2013 04:41:36:	Build Triads (38/40) switched to STARTING
04/27/2013 04:41:36:	Close Triads (39/40) switched to READY
04/27/2013 04:41:36:	Triangles (39/40) switched to READY
04/27/2013 04:41:36:	Close Triads (39/40) switched to STARTING
04/27/2013 04:41:36:	Triangles (39/40) switched to STARTING
04/27/2013 04:41:36:	Build Triads (13/40) switched to RUNNING
04/27/2013 04:41:36:	Build Triads (22/40) switched to READY
04/27/2013 04:41:36:	Build Triads (22/40) switched to STARTING
04/27/2013 04:41:36:	Build Triads (32/40) switched to RUNNING
04/27/2013 04:41:36:	Build Triads (38/40) switched to RUNNING
04/27/2013 04:41:36:	Build Triads (9/40) switched to RUNNING
04/27/2013 04:41:36:	Build Triads (25/40) switched to RUNNING
04/27/2013 04:41:36:	Build Triads (22/40) switched to RUNNING
04/27/2013 04:41:36:	Build Triads (36/40) switched to READY
04/27/2013 04:41:36:	Build Triads (36/40) switched to STARTING
04/27/2013 04:41:36:	Build Triads (29/40) switched to READY
04/27/2013 04:41:36:	Build Triads (29/40) switched to STARTING
04/27/2013 04:41:36:	Build Triads (11/40) switched to READY
04/27/2013 04:41:36:	Build Triads (11/40) switched to STARTING
04/27/2013 04:41:36:	Build Triads (11/40) switched to RUNNING
04/27/2013 04:41:36:	Build Triads (1/40) switched to READY
04/27/2013 04:41:36:	Build Triads (1/40) switched to STARTING
04/27/2013 04:41:36:	Close Triads (39/40) switched to RUNNING
04/27/2013 04:41:36:	Triangles (39/40) switched to RUNNING
04/27/2013 04:41:36:	Build Triads (29/40) switched to RUNNING
04/27/2013 04:41:36:	Build Triads (18/40) switched to READY
04/27/2013 04:41:36:	Build Triads (18/40) switched to STARTING
04/27/2013 04:41:36:	Build Triads (7/40) switched to READY
04/27/2013 04:41:36:	Build Triads (7/40) switched to STARTING
04/27/2013 04:41:36:	Build Triads (1/40) switched to RUNNING
04/27/2013 04:41:36:	Build Triads (18/40) switched to RUNNING
04/27/2013 04:41:36:	Build Triads (7/40) switched to RUNNING
04/27/2013 04:41:36:	Build Triads (14/40) switched to READY
04/27/2013 04:41:36:	Build Triads (14/40) switched to STARTING
04/27/2013 04:41:36:	Build Triads (14/40) switched to RUNNING
04/27/2013 04:41:36:	Close Triads (2/40) switched to READY
04/27/2013 04:41:36:	Triangles (2/40) switched to READY
04/27/2013 04:41:36:	Close Triads (2/40) switched to STARTING
04/27/2013 04:41:36:	Triangles (2/40) switched to STARTING
04/27/2013 04:41:36:	Close Triads (32/40) switched to READY
04/27/2013 04:41:36:	Triangles (32/40) switched to READY
04/27/2013 04:41:36:	Close Triads (32/40) switched to STARTING
04/27/2013 04:41:36:	Triangles (32/40) switched to STARTING
04/27/2013 04:41:36:	Close Triads (23/40) switched to READY
04/27/2013 04:41:36:	Triangles (23/40) switched to READY
04/27/2013 04:41:36:	Close Triads (23/40) switched to STARTING
04/27/2013 04:41:36:	Triangles (23/40) switched to STARTING
04/27/2013 04:41:36:	Close Triads (21/40) switched to READY
04/27/2013 04:41:36:	Triangles (21/40) switched to READY
04/27/2013 04:41:36:	Close Triads (21/40) switched to STARTING
04/27/2013 04:41:36:	Triangles (21/40) switched to STARTING
04/27/2013 04:41:36:	Close Triads (22/40) switched to READY
04/27/2013 04:41:36:	Triangles (22/40) switched to READY
04/27/2013 04:41:36:	Close Triads (22/40) switched to STARTING
04/27/2013 04:41:36:	Triangles (22/40) switched to STARTING
04/27/2013 04:41:37:	Close Triads (15/40) switched to READY
04/27/2013 04:41:37:	Triangles (15/40) switched to READY
04/27/2013 04:41:37:	Close Triads (15/40) switched to STARTING
04/27/2013 04:41:37:	Triangles (15/40) switched to STARTING
04/27/2013 04:41:38:	Build Triads (36/40) switched to RUNNING
04/27/2013 04:41:38:	Close Triads (40/40) switched to READY
04/27/2013 04:41:38:	Triangles (40/40) switched to READY
04/27/2013 04:41:38:	Close Triads (40/40) switched to STARTING
04/27/2013 04:41:38:	Triangles (40/40) switched to STARTING
04/27/2013 04:41:38:	Close Triads (40/40) switched to RUNNING
04/27/2013 04:41:38:	Triangles (40/40) switched to RUNNING
04/27/2013 04:41:38:	Close Triads (25/40) switched to READY
04/27/2013 04:41:38:	Triangles (25/40) switched to READY
04/27/2013 04:41:38:	Close Triads (25/40) switched to STARTING
04/27/2013 04:41:38:	Triangles (25/40) switched to STARTING
04/27/2013 04:41:38:	Close Triads (37/40) switched to READY
04/27/2013 04:41:38:	Triangles (37/40) switched to READY
04/27/2013 04:41:38:	Close Triads (37/40) switched to STARTING
04/27/2013 04:41:38:	Triangles (37/40) switched to STARTING
04/27/2013 04:41:38:	Close Triads (38/40) switched to READY
04/27/2013 04:41:38:	Triangles (38/40) switched to READY
04/27/2013 04:41:38:	Close Triads (38/40) switched to STARTING
04/27/2013 04:41:38:	Triangles (38/40) switched to STARTING
04/27/2013 04:41:38:	Close Triads (37/40) switched to RUNNING
04/27/2013 04:41:38:	Triangles (37/40) switched to RUNNING
04/27/2013 04:41:38:	Close Triads (28/40) switched to READY
04/27/2013 04:41:38:	Triangles (28/40) switched to READY
04/27/2013 04:41:38:	Close Triads (28/40) switched to STARTING
04/27/2013 04:41:38:	Triangles (28/40) switched to STARTING
04/27/2013 04:41:38:	Close Triads (17/40) switched to READY
04/27/2013 04:41:38:	Triangles (17/40) switched to READY
04/27/2013 04:41:38:	Close Triads (17/40) switched to STARTING
04/27/2013 04:41:38:	Triangles (17/40) switched to STARTING
04/27/2013 04:41:38:	Close Triads (35/40) switched to READY
04/27/2013 04:41:38:	Triangles (35/40) switched to READY
04/27/2013 04:41:38:	Close Triads (35/40) switched to STARTING
04/27/2013 04:41:38:	Triangles (35/40) switched to STARTING
04/27/2013 04:41:38:	Close Triads (38/40) switched to RUNNING
04/27/2013 04:41:38:	Triangles (38/40) switched to RUNNING
04/27/2013 04:41:38:	Close Triads (35/40) switched to RUNNING
04/27/2013 04:41:38:	Triangles (35/40) switched to RUNNING
04/27/2013 04:41:38:	Close Triads (2/40) switched to RUNNING
04/27/2013 04:41:38:	Triangles (2/40) switched to RUNNING
04/27/2013 04:41:38:	Close Triads (11/40) switched to READY
04/27/2013 04:41:38:	Triangles (11/40) switched to READY
04/27/2013 04:41:38:	Close Triads (11/40) switched to STARTING
04/27/2013 04:41:38:	Triangles (11/40) switched to STARTING
04/27/2013 04:41:38:	Close Triads (24/40) switched to READY
04/27/2013 04:41:38:	Triangles (24/40) switched to READY
04/27/2013 04:41:38:	Close Triads (24/40) switched to STARTING
04/27/2013 04:41:38:	Triangles (24/40) switched to STARTING
04/27/2013 04:41:38:	Close Triads (36/40) switched to READY
04/27/2013 04:41:38:	Triangles (36/40) switched to READY
04/27/2013 04:41:38:	Close Triads (36/40) switched to STARTING
04/27/2013 04:41:38:	Triangles (36/40) switched to STARTING
04/27/2013 04:41:38:	Close Triads (9/40) switched to READY
04/27/2013 04:41:38:	Triangles (9/40) switched to READY
04/27/2013 04:41:38:	Close Triads (9/40) switched to STARTING
04/27/2013 04:41:38:	Triangles (9/40) switched to STARTING
04/27/2013 04:41:38:	Close Triads (36/40) switched to RUNNING
04/27/2013 04:41:38:	Triangles (36/40) switched to RUNNING
04/27/2013 04:41:38:	Close Triads (30/40) switched to READY
04/27/2013 04:41:38:	Triangles (30/40) switched to READY
04/27/2013 04:41:38:	Close Triads (30/40) switched to STARTING
04/27/2013 04:41:38:	Triangles (30/40) switched to STARTING
04/27/2013 04:41:38:	Close Triads (33/40) switched to READY
04/27/2013 04:41:38:	Triangles (33/40) switched to READY
04/27/2013 04:41:38:	Close Triads (33/40) switched to STARTING
04/27/2013 04:41:38:	Triangles (33/40) switched to STARTING
04/27/2013 04:41:38:	Close Triads (4/40) switched to READY
04/27/2013 04:41:38:	Triangles (4/40) switched to READY
04/27/2013 04:41:38:	Close Triads (4/40) switched to STARTING
04/27/2013 04:41:38:	Triangles (4/40) switched to STARTING
04/27/2013 04:41:38:	Close Triads (33/40) switched to RUNNING
04/27/2013 04:41:38:	Triangles (33/40) switched to RUNNING
04/27/2013 04:41:38:	Close Triads (4/40) switched to RUNNING
04/27/2013 04:41:38:	Triangles (4/40) switched to RUNNING
04/27/2013 04:41:38:	Close Triads (1/40) switched to READY
04/27/2013 04:41:38:	Triangles (1/40) switched to READY
04/27/2013 04:41:38:	Close Triads (1/40) switched to STARTING
04/27/2013 04:41:38:	Triangles (1/40) switched to STARTING
04/27/2013 04:41:38:	Close Triads (16/40) switched to READY
04/27/2013 04:41:38:	Triangles (16/40) switched to READY
04/27/2013 04:41:38:	Close Triads (16/40) switched to STARTING
04/27/2013 04:41:38:	Triangles (16/40) switched to STARTING
04/27/2013 04:41:38:	Close Triads (1/40) switched to RUNNING
04/27/2013 04:41:38:	Triangles (1/40) switched to RUNNING
04/27/2013 04:41:38:	Close Triads (20/40) switched to READY
04/27/2013 04:41:38:	Triangles (20/40) switched to READY
04/27/2013 04:41:38:	Close Triads (20/40) switched to STARTING
04/27/2013 04:41:38:	Triangles (20/40) switched to STARTING
04/27/2013 04:41:38:	Close Triads (28/40) switched to RUNNING
04/27/2013 04:41:38:	Triangles (28/40) switched to RUNNING
04/27/2013 04:41:38:	Close Triads (30/40) switched to RUNNING
04/27/2013 04:41:38:	Triangles (30/40) switched to RUNNING
04/27/2013 04:41:38:	Close Triads (32/40) switched to RUNNING
04/27/2013 04:41:38:	Triangles (32/40) switched to RUNNING
04/27/2013 04:41:39:	Close Triads (25/40) switched to RUNNING
04/27/2013 04:41:39:	Triangles (25/40) switched to RUNNING
04/27/2013 04:41:39:	Close Triads (3/40) switched to READY
04/27/2013 04:41:39:	Triangles (3/40) switched to READY
04/27/2013 04:41:39:	Close Triads (3/40) switched to STARTING
04/27/2013 04:41:39:	Triangles (3/40) switched to STARTING
04/27/2013 04:41:39:	Close Triads (5/40) switched to READY
04/27/2013 04:41:39:	Triangles (5/40) switched to READY
04/27/2013 04:41:39:	Close Triads (5/40) switched to STARTING
04/27/2013 04:41:39:	Triangles (5/40) switched to STARTING
04/27/2013 04:41:39:	Close Triads (3/40) switched to RUNNING
04/27/2013 04:41:39:	Triangles (3/40) switched to RUNNING
04/27/2013 04:41:39:	Close Triads (5/40) switched to RUNNING
04/27/2013 04:41:39:	Triangles (5/40) switched to RUNNING
04/27/2013 04:41:39:	Close Triads (22/40) switched to RUNNING
04/27/2013 04:41:39:	Triangles (22/40) switched to RUNNING
04/27/2013 04:41:39:	Close Triads (17/40) switched to RUNNING
04/27/2013 04:41:39:	Triangles (17/40) switched to RUNNING
04/27/2013 04:41:39:	Close Triads (10/40) switched to READY
04/27/2013 04:41:39:	Triangles (10/40) switched to READY
04/27/2013 04:41:39:	Close Triads (10/40) switched to STARTING
04/27/2013 04:41:39:	Triangles (10/40) switched to STARTING
04/27/2013 04:41:39:	Close Triads (24/40) switched to RUNNING
04/27/2013 04:41:39:	Triangles (24/40) switched to RUNNING
04/27/2013 04:41:39:	Close Triads (20/40) switched to RUNNING
04/27/2013 04:41:39:	Triangles (20/40) switched to RUNNING
04/27/2013 04:41:39:	Close Triads (23/40) switched to RUNNING
04/27/2013 04:41:39:	Triangles (23/40) switched to RUNNING
04/27/2013 04:41:39:	Close Triads (6/40) switched to READY
04/27/2013 04:41:39:	Triangles (6/40) switched to READY
04/27/2013 04:41:39:	Close Triads (6/40) switched to STARTING
04/27/2013 04:41:39:	Triangles (6/40) switched to STARTING
04/27/2013 04:41:39:	Close Triads (19/40) switched to READY
04/27/2013 04:41:39:	Triangles (19/40) switched to READY
04/27/2013 04:41:39:	Close Triads (19/40) switched to STARTING
04/27/2013 04:41:39:	Triangles (19/40) switched to STARTING
04/27/2013 04:41:39:	Close Triads (21/40) switched to RUNNING
04/27/2013 04:41:39:	Triangles (21/40) switched to RUNNING
04/27/2013 04:41:39:	Close Triads (6/40) switched to RUNNING
04/27/2013 04:41:39:	Triangles (6/40) switched to RUNNING
04/27/2013 04:41:39:	Close Triads (15/40) switched to RUNNING
04/27/2013 04:41:39:	Triangles (15/40) switched to RUNNING
04/27/2013 04:41:39:	Close Triads (34/40) switched to READY
04/27/2013 04:41:39:	Triangles (34/40) switched to READY
04/27/2013 04:41:39:	Close Triads (34/40) switched to STARTING
04/27/2013 04:41:39:	Triangles (34/40) switched to STARTING
04/27/2013 04:41:39:	Close Triads (19/40) switched to RUNNING
04/27/2013 04:41:39:	Triangles (19/40) switched to RUNNING
04/27/2013 04:41:39:	Close Triads (7/40) switched to READY
04/27/2013 04:41:39:	Triangles (7/40) switched to READY
04/27/2013 04:41:39:	Close Triads (7/40) switched to STARTING
04/27/2013 04:41:39:	Triangles (7/40) switched to STARTING
04/27/2013 04:41:39:	Close Triads (34/40) switched to RUNNING
04/27/2013 04:41:39:	Triangles (34/40) switched to RUNNING
04/27/2013 04:41:39:	Close Triads (13/40) switched to READY
04/27/2013 04:41:39:	Triangles (13/40) switched to READY
04/27/2013 04:41:39:	Close Triads (13/40) switched to STARTING
04/27/2013 04:41:39:	Triangles (13/40) switched to STARTING
04/27/2013 04:41:39:	Close Triads (18/40) switched to READY
04/27/2013 04:41:39:	Triangles (18/40) switched to READY
04/27/2013 04:41:39:	Close Triads (18/40) switched to STARTING
04/27/2013 04:41:39:	Triangles (18/40) switched to STARTING
04/27/2013 04:41:39:	Close Triads (27/40) switched to READY
04/27/2013 04:41:39:	Triangles (27/40) switched to READY
04/27/2013 04:41:39:	Close Triads (27/40) switched to STARTING
04/27/2013 04:41:39:	Triangles (27/40) switched to STARTING
04/27/2013 04:41:39:	Close Triads (16/40) switched to RUNNING
04/27/2013 04:41:39:	Triangles (16/40) switched to RUNNING
04/27/2013 04:41:39:	Close Triads (27/40) switched to RUNNING
04/27/2013 04:41:39:	Triangles (27/40) switched to RUNNING
04/27/2013 04:41:39:	Close Triads (12/40) switched to READY
04/27/2013 04:41:39:	Triangles (12/40) switched to READY
04/27/2013 04:41:39:	Close Triads (12/40) switched to STARTING
04/27/2013 04:41:39:	Triangles (12/40) switched to STARTING
04/27/2013 04:41:39:	Close Triads (10/40) switched to RUNNING
04/27/2013 04:41:39:	Triangles (10/40) switched to RUNNING
04/27/2013 04:41:39:	Close Triads (26/40) switched to READY
04/27/2013 04:41:39:	Triangles (26/40) switched to READY
04/27/2013 04:41:39:	Close Triads (26/40) switched to STARTING
04/27/2013 04:41:39:	Triangles (26/40) switched to STARTING
04/27/2013 04:41:39:	Close Triads (11/40) switched to RUNNING
04/27/2013 04:41:39:	Triangles (11/40) switched to RUNNING
04/27/2013 04:41:39:	Close Triads (7/40) switched to RUNNING
04/27/2013 04:41:39:	Triangles (7/40) switched to RUNNING
04/27/2013 04:41:39:	Close Triads (9/40) switched to RUNNING
04/27/2013 04:41:39:	Triangles (9/40) switched to RUNNING
04/27/2013 04:41:39:	Close Triads (18/40) switched to RUNNING
04/27/2013 04:41:39:	Triangles (18/40) switched to RUNNING
04/27/2013 04:41:39:	Close Triads (26/40) switched to RUNNING
04/27/2013 04:41:39:	Triangles (26/40) switched to RUNNING
04/27/2013 04:41:39:	Close Triads (13/40) switched to RUNNING
04/27/2013 04:41:39:	Triangles (13/40) switched to RUNNING
04/27/2013 04:41:39:	Close Triads (8/40) switched to READY
04/27/2013 04:41:39:	Triangles (8/40) switched to READY
04/27/2013 04:41:39:	Close Triads (8/40) switched to STARTING
04/27/2013 04:41:39:	Triangles (8/40) switched to STARTING
04/27/2013 04:41:39:	Close Triads (12/40) switched to RUNNING
04/27/2013 04:41:39:	Triangles (12/40) switched to RUNNING
04/27/2013 04:41:39:	Close Triads (8/40) switched to RUNNING
04/27/2013 04:41:39:	Triangles (8/40) switched to RUNNING
04/27/2013 04:41:39:	Close Triads (14/40) switched to READY
04/27/2013 04:41:39:	Triangles (14/40) switched to READY
04/27/2013 04:41:39:	Close Triads (14/40) switched to STARTING
04/27/2013 04:41:39:	Triangles (14/40) switched to STARTING
04/27/2013 04:41:39:	Close Triads (29/40) switched to READY
04/27/2013 04:41:39:	Triangles (29/40) switched to READY
04/27/2013 04:41:39:	Close Triads (29/40) switched to STARTING
04/27/2013 04:41:39:	Triangles (29/40) switched to STARTING
04/27/2013 04:41:39:	Close Triads (29/40) switched to RUNNING
04/27/2013 04:41:39:	Triangles (29/40) switched to RUNNING
04/27/2013 04:41:40:	Close Triads (14/40) switched to RUNNING
04/27/2013 04:41:40:	Triangles (14/40) switched to RUNNING
04/27/2013 04:41:41:	Input Edges (29/40) switched to FINISHING
04/27/2013 04:41:41:	Input Edges (40/40) switched to FINISHING
04/27/2013 04:41:41:	Input Edges (35/40) switched to FINISHING
04/27/2013 04:41:41:	Input Edges (1/40) switched to FINISHING
04/27/2013 04:41:41:	Input Edges (33/40) switched to FINISHING
04/27/2013 04:41:41:	Input Edges (28/40) switched to FINISHING
04/27/2013 04:41:41:	Input Edges (32/40) switched to FINISHING
04/27/2013 04:41:41:	Input Edges (26/40) switched to FINISHING
04/27/2013 04:41:41:	Input Edges (36/40) switched to FINISHING
04/27/2013 04:41:41:	Input Edges (31/40) switched to FINISHING
04/27/2013 04:41:41:	Input Edges (38/40) switched to FINISHING
04/27/2013 04:41:41:	Input Edges (37/40) switched to FINISHING
04/27/2013 04:41:41:	Input Edges (18/40) switched to FINISHING
04/27/2013 04:41:41:	Input Edges (39/40) switched to FINISHING
04/27/2013 04:41:41:	Input Edges (6/40) switched to FINISHING
04/27/2013 04:41:41:	Input Edges (3/40) switched to FINISHING
04/27/2013 04:41:41:	Input Edges (5/40) switched to FINISHING
04/27/2013 04:41:41:	Input Edges (20/40) switched to FINISHING
04/27/2013 04:41:41:	Input Edges (7/40) switched to FINISHING
04/27/2013 04:41:42:	Input Edges (30/40) switched to FINISHING
04/27/2013 04:41:42:	Input Edges (34/40) switched to FINISHING
04/27/2013 04:41:42:	Input Edges (25/40) switched to FINISHING
04/27/2013 04:41:42:	Input Edges (8/40) switched to FINISHING
04/27/2013 04:41:42:	Input Edges (2/40) switched to FINISHING
04/27/2013 04:41:42:	Input Edges (4/40) switched to FINISHING
04/27/2013 04:41:42:	Input Edges (13/40) switched to FINISHING
04/27/2013 04:41:42:	Input Edges (24/40) switched to FINISHING
04/27/2013 04:41:42:	Input Edges (15/40) switched to FINISHING
04/27/2013 04:41:42:	Input Edges (17/40) switched to FINISHING
04/27/2013 04:41:42:	Input Edges (14/40) switched to FINISHING
04/27/2013 04:41:42:	Input Edges (23/40) switched to FINISHING
04/27/2013 04:41:42:	Input Edges (27/40) switched to FINISHING
04/27/2013 04:41:42:	Input Edges (12/40) switched to FINISHING
04/27/2013 04:41:42:	Input Edges (11/40) switched to FINISHING
04/27/2013 04:41:42:	Input Edges (9/40) switched to FINISHING
04/27/2013 04:41:42:	Input Edges (10/40) switched to FINISHING
04/27/2013 04:41:42:	Input Edges (16/40) switched to FINISHING
04/27/2013 04:41:42:	Input Edges (19/40) switched to FINISHING
04/27/2013 04:41:42:	Input Edges (21/40) switched to FINISHING
04/27/2013 04:41:43:	Input Edges (22/40) switched to FINISHING
04/27/2013 04:55:48:	Build Triads (31/40) switched to FINISHING
04/27/2013 04:55:56:	Build Triads (30/40) switched to FINISHING
04/27/2013 04:56:26:	Build Triads (27/40) switched to FINISHING
04/27/2013 04:56:48:	Build Triads (25/40) switched to FINISHING
04/27/2013 04:56:56:	Build Triads (32/40) switched to FINISHING
04/27/2013 04:57:36:	Build Triads (2/40) switched to FINISHING
04/27/2013 04:58:02:	Build Triads (7/40) switched to FINISHING
04/27/2013 04:58:41:	Build Triads (8/40) switched to FINISHING
04/27/2013 04:58:52:	Build Triads (1/40) switched to FINISHING
04/27/2013 04:59:00:	Build Triads (13/40) switched to FINISHING
04/27/2013 04:59:08:	Build Triads (9/40) switched to FINISHING
04/27/2013 04:59:18:	Build Triads (3/40) switched to FINISHING
04/27/2013 04:59:24:	Build Triads (10/40) switched to FINISHING
04/27/2013 04:59:30:	Build Triads (15/40) switched to FINISHING
04/27/2013 04:59:35:	Build Triads (11/40) switched to FINISHING
04/27/2013 04:59:40:	Build Triads (26/40) switched to FINISHING
04/27/2013 04:59:54:	Build Triads (12/40) switched to FINISHING
04/27/2013 04:59:55:	Build Triads (5/40) switched to FINISHING
04/27/2013 05:00:08:	Build Triads (21/40) switched to FINISHING
04/27/2013 05:00:18:	Build Triads (23/40) switched to FINISHING
04/27/2013 05:00:19:	Build Triads (22/40) switched to FINISHING
04/27/2013 05:00:36:	Build Triads (18/40) switched to FINISHING
04/27/2013 05:00:41:	Build Triads (36/40) switched to FINISHING
04/27/2013 05:00:50:	Build Triads (17/40) switched to FINISHING
04/27/2013 05:00:50:	Build Triads (16/40) switched to FINISHING
04/27/2013 05:01:01:	Build Triads (19/40) switched to FINISHING
04/27/2013 05:01:09:	Build Triads (35/40) switched to FINISHING
04/27/2013 05:01:13:	Build Triads (37/40) switched to FINISHING
04/27/2013 05:01:17:	Build Triads (33/40) switched to FINISHING
04/27/2013 05:01:21:	Build Triads (29/40) switched to FINISHING
04/27/2013 05:01:35:	Build Triads (39/40) switched to FINISHING
04/27/2013 05:01:40:	Build Triads (38/40) switched to FINISHING
04/27/2013 05:01:41:	Build Triads (24/40) switched to FINISHING
04/27/2013 05:02:02:	Build Triads (20/40) switched to FINISHING
04/27/2013 05:02:26:	Build Triads (28/40) switched to FINISHING
04/27/2013 05:02:46:	Build Triads (4/40) switched to FINISHING
04/27/2013 05:02:49:	Build Triads (40/40) switched to FINISHING
04/27/2013 05:04:32:	Build Triads (6/40) switched to FINISHING
04/27/2013 05:05:31:	Build Triads (14/40) switched to FINISHING
04/27/2013 05:06:57:	Build Triads (34/40) switched to FINISHING
04/27/2013 05:06:57:	Close Triads (33/40) switched to FINISHING
04/27/2013 05:06:57:	Close Triads (20/40) switched to FINISHING
04/27/2013 05:06:57:	Close Triads (38/40) switched to FINISHING
04/27/2013 05:06:57:	Close Triads (12/40) switched to FINISHING
04/27/2013 05:06:57:	Close Triads (28/40) switched to FINISHING
04/27/2013 05:06:57:	Close Triads (18/40) switched to FINISHING
04/27/2013 05:06:57:	Close Triads (40/40) switched to FINISHING
04/27/2013 05:06:57:	Close Triads (21/40) switched to FINISHING
04/27/2013 05:06:57:	Close Triads (14/40) switched to FINISHING
04/27/2013 05:06:57:	Close Triads (24/40) switched to FINISHING
04/27/2013 05:06:57:	Close Triads (25/40) switched to FINISHING
04/27/2013 05:06:57:	Close Triads (16/40) switched to FINISHING
04/27/2013 05:06:57:	Close Triads (1/40) switched to FINISHING
04/27/2013 05:06:57:	Close Triads (19/40) switched to FINISHING
04/27/2013 05:06:57:	Close Triads (29/40) switched to FINISHING
04/27/2013 05:06:57:	Close Triads (13/40) switched to FINISHING
04/27/2013 05:06:57:	Close Triads (30/40) switched to FINISHING
04/27/2013 05:06:57:	Close Triads (10/40) switched to FINISHING
04/27/2013 05:06:57:	Close Triads (34/40) switched to FINISHING
04/27/2013 05:06:57:	Close Triads (22/40) switched to FINISHING
04/27/2013 05:06:57:	Close Triads (27/40) switched to FINISHING
04/27/2013 05:06:57:	Close Triads (9/40) switched to FINISHING
04/27/2013 05:06:57:	Close Triads (2/40) switched to FINISHING
04/27/2013 05:06:57:	Close Triads (23/40) switched to FINISHING
04/27/2013 05:06:57:	Close Triads (26/40) switched to FINISHING
04/27/2013 05:06:57:	Close Triads (11/40) switched to FINISHING
04/27/2013 05:06:57:	Close Triads (35/40) switched to FINISHING
04/27/2013 05:06:57:	Close Triads (36/40) switched to FINISHING
04/27/2013 05:06:57:	Close Triads (8/40) switched to FINISHING
04/27/2013 05:06:57:	Close Triads (3/40) switched to FINISHING
04/27/2013 05:06:57:	Close Triads (4/40) switched to FINISHING
04/27/2013 05:06:57:	Close Triads (6/40) switched to FINISHING
04/27/2013 05:06:57:	Close Triads (7/40) switched to FINISHING
04/27/2013 05:06:57:	Close Triads (32/40) switched to FINISHING
04/27/2013 05:06:58:	Triangles (33/40) switched to FINISHING
04/27/2013 05:06:58:	Triangles (6/40) switched to FINISHING
04/27/2013 05:06:58:	Triangles (29/40) switched to FINISHING
04/27/2013 05:06:58:	Triangles (22/40) switched to FINISHING
04/27/2013 05:06:58:	Triangles (34/40) switched to FINISHING
04/27/2013 05:06:58:	Triangles (13/40) switched to FINISHING
04/27/2013 05:06:58:	Triangles (19/40) switched to FINISHING
04/27/2013 05:06:58:	Triangles (38/40) switched to FINISHING
04/27/2013 05:06:58:	Triangles (25/40) switched to FINISHING
04/27/2013 05:06:58:	Triangles (24/40) switched to FINISHING
04/27/2013 05:06:58:	Triangles (40/40) switched to FINISHING
04/27/2013 05:06:58:	Triangles (2/40) switched to FINISHING
04/27/2013 05:06:58:	Triangles (21/40) switched to FINISHING
04/27/2013 05:06:58:	Triangles (30/40) switched to FINISHING
04/27/2013 05:06:58:	Triangles (28/40) switched to FINISHING
04/27/2013 05:06:58:	Triangles (12/40) switched to FINISHING
04/27/2013 05:06:58:	Triangles (27/40) switched to FINISHING
04/27/2013 05:06:58:	Triangles (1/40) switched to FINISHING
04/27/2013 05:06:58:	Triangles (36/40) switched to FINISHING
04/27/2013 05:06:58:	Triangles (26/40) switched to FINISHING
04/27/2013 05:06:58:	Triangles (4/40) switched to FINISHING
04/27/2013 05:06:58:	Triangles (16/40) switched to FINISHING
04/27/2013 05:06:58:	Triangles (20/40) switched to FINISHING
04/27/2013 05:06:58:	Triangles (35/40) switched to FINISHING
04/27/2013 05:06:58:	Triangles (8/40) switched to FINISHING
04/27/2013 05:06:58:	Triangles (9/40) switched to FINISHING
04/27/2013 05:06:58:	Triangles (23/40) switched to FINISHING
04/27/2013 05:06:58:	Triangles (7/40) switched to FINISHING
04/27/2013 05:06:58:	Triangles (11/40) switched to FINISHING
04/27/2013 05:06:58:	Triangles (18/40) switched to FINISHING
04/27/2013 05:06:58:	Triangles (3/40) switched to FINISHING
04/27/2013 05:06:58:	Triangles (14/40) switched to FINISHING
04/27/2013 05:06:58:	Triangles (33/40) switched to FINISHED
04/27/2013 05:06:58:	Triangles (29/40) switched to FINISHED
04/27/2013 05:06:58:	Triangles (10/40) switched to FINISHING
04/27/2013 05:06:58:	Triangles (6/40) switched to FINISHED
04/27/2013 05:06:58:	Triangles (8/40) switched to FINISHED
04/27/2013 05:06:58:	Triangles (35/40) switched to FINISHED
04/27/2013 05:06:58:	Triangles (26/40) switched to FINISHED
04/27/2013 05:06:58:	Triangles (3/40) switched to FINISHED
04/27/2013 05:06:58:	Triangles (36/40) switched to FINISHED
04/27/2013 05:06:58:	Triangles (27/40) switched to FINISHED
04/27/2013 05:06:58:	Triangles (7/40) switched to FINISHED
04/27/2013 05:06:58:	Triangles (40/40) switched to FINISHED
04/27/2013 05:06:58:	Triangles (30/40) switched to FINISHED
04/27/2013 05:06:58:	Triangles (38/40) switched to FINISHED
04/27/2013 05:06:58:	Triangles (4/40) switched to FINISHED
04/27/2013 05:06:58:	Triangles (25/40) switched to FINISHED
04/27/2013 05:06:58:	Triangles (34/40) switched to FINISHED
04/27/2013 05:06:58:	Triangles (2/40) switched to FINISHED
04/27/2013 05:06:58:	Triangles (28/40) switched to FINISHED
04/27/2013 05:06:58:	Triangles (1/40) switched to FINISHED
04/27/2013 05:06:58:	Close Triads (36/40) switched to FINISHED
04/27/2013 05:06:58:	Triangles (32/40) switched to FINISHING
04/27/2013 05:06:58:	Triangles (32/40) switched to FINISHED
04/27/2013 05:06:58:	Close Triads (8/40) switched to FINISHED
04/27/2013 05:06:58:	Close Triads (33/40) switched to FINISHED
04/27/2013 05:06:58:	Close Triads (3/40) switched to FINISHED
04/27/2013 05:06:58:	Close Triads (6/40) switched to FINISHED
04/27/2013 05:06:58:	Close Triads (38/40) switched to FINISHED
04/27/2013 05:06:58:	Close Triads (28/40) switched to FINISHED
04/27/2013 05:06:58:	Close Triads (4/40) switched to FINISHED
04/27/2013 05:06:58:	Close Triads (40/40) switched to FINISHED
04/27/2013 05:06:58:	Close Triads (32/40) switched to FINISHED
04/27/2013 05:06:58:	Close Triads (7/40) switched to FINISHED
04/27/2013 05:06:58:	Triangles (19/40) switched to FINISHED
04/27/2013 05:06:58:	Close Triads (25/40) switched to FINISHED
04/27/2013 05:06:58:	Triangles (13/40) switched to FINISHED
04/27/2013 05:06:58:	Close Triads (1/40) switched to FINISHED
04/27/2013 05:06:58:	Close Triads (29/40) switched to FINISHED
04/27/2013 05:06:58:	Close Triads (30/40) switched to FINISHED
04/27/2013 05:06:58:	Close Triads (34/40) switched to FINISHED
04/27/2013 05:06:58:	Close Triads (24/40) switched to FINISHED
04/27/2013 05:06:58:	Close Triads (2/40) switched to FINISHED
04/27/2013 05:06:58:	Close Triads (27/40) switched to FINISHED
04/27/2013 05:06:58:	Close Triads (26/40) switched to FINISHED
04/27/2013 05:06:58:	Close Triads (35/40) switched to FINISHED
04/27/2013 05:06:58:	Close Triads (21/40) switched to FINISHED
04/27/2013 05:06:58:	Close Triads (16/40) switched to FINISHED
04/27/2013 05:06:58:	Close Triads (14/40) switched to FINISHED
04/27/2013 05:06:58:	Close Triads (18/40) switched to FINISHED
04/27/2013 05:06:58:	Close Triads (20/40) switched to FINISHED
04/27/2013 05:06:58:	Close Triads (15/40) switched to FINISHING
04/27/2013 05:06:58:	Close Triads (12/40) switched to FINISHED
04/27/2013 05:06:58:	Triangles (15/40) switched to FINISHING
04/27/2013 05:06:58:	Triangles (18/40) switched to FINISHED
04/27/2013 05:06:58:	Triangles (10/40) switched to FINISHED
04/27/2013 05:06:58:	Triangles (14/40) switched to FINISHED
04/27/2013 05:06:58:	Triangles (23/40) switched to FINISHED
04/27/2013 05:06:58:	Triangles (9/40) switched to FINISHED
04/27/2013 05:06:58:	Triangles (11/40) switched to FINISHED
04/27/2013 05:06:58:	Triangles (21/40) switched to FINISHED
04/27/2013 05:06:58:	Triangles (12/40) switched to FINISHED
04/27/2013 05:06:58:	Triangles (20/40) switched to FINISHED
04/27/2013 05:06:58:	Triangles (16/40) switched to FINISHED
04/27/2013 05:06:58:	Triangles (24/40) switched to FINISHED
04/27/2013 05:06:58:	Triangles (15/40) switched to FINISHED
04/27/2013 05:06:58:	Triangles (22/40) switched to FINISHED
04/27/2013 05:06:58:	Close Triads (11/40) switched to FINISHED
04/27/2013 05:06:58:	Close Triads (23/40) switched to FINISHED
04/27/2013 05:06:58:	Close Triads (9/40) switched to FINISHED
04/27/2013 05:06:58:	Close Triads (22/40) switched to FINISHED
04/27/2013 05:06:58:	Close Triads (10/40) switched to FINISHED
04/27/2013 05:06:58:	Close Triads (19/40) switched to FINISHED
04/27/2013 05:06:58:	Close Triads (13/40) switched to FINISHED
04/27/2013 05:06:58:	Close Triads (15/40) switched to FINISHED
04/27/2013 05:06:58:	Close Triads (37/40) switched to FINISHING
04/27/2013 05:06:58:	Triangles (37/40) switched to FINISHING
04/27/2013 05:06:58:	Triangles (37/40) switched to FINISHED
04/27/2013 05:06:58:	Close Triads (37/40) switched to FINISHED
04/27/2013 05:06:59:	Close Triads (17/40) switched to FINISHING
04/27/2013 05:06:59:	Triangles (17/40) switched to FINISHING
04/27/2013 05:06:59:	Triangles (17/40) switched to FINISHED
04/27/2013 05:06:59:	Close Triads (17/40) switched to FINISHED
04/27/2013 05:07:04:	Close Triads (5/40) switched to FINISHING
04/27/2013 05:07:04:	Triangles (5/40) switched to FINISHING
04/27/2013 05:07:04:	Triangles (5/40) switched to FINISHED
04/27/2013 05:07:04:	Close Triads (5/40) switched to FINISHED
04/27/2013 05:07:15:	Close Triads (39/40) switched to FINISHING
04/27/2013 05:07:15:	Triangles (39/40) switched to FINISHING
04/27/2013 05:07:15:	Triangles (39/40) switched to FINISHED
04/27/2013 05:07:15:	Close Triads (39/40) switched to FINISHED
04/27/2013 05:07:23:	Close Triads (31/40) switched to FINISHING
04/27/2013 05:07:23:	Input Edges (33/40) switched to FINISHED
04/27/2013 05:07:23:	Input Edges (27/40) switched to FINISHED
04/27/2013 05:07:23:	Input Edges (32/40) switched to FINISHED
04/27/2013 05:07:23:	Build Triads (35/40) switched to FINISHED
04/27/2013 05:07:23:	Build Triads (5/40) switched to FINISHED
04/27/2013 05:07:23:	Input Edges (7/40) switched to FINISHED
04/27/2013 05:07:23:	Build Triads (27/40) switched to FINISHED
04/27/2013 05:07:23:	Input Edges (4/40) switched to FINISHED
04/27/2013 05:07:23:	Input Edges (28/40) switched to FINISHED
04/27/2013 05:07:23:	Input Edges (8/40) switched to FINISHED
04/27/2013 05:07:23:	Input Edges (38/40) switched to FINISHED
04/27/2013 05:07:23:	Input Edges (26/40) switched to FINISHED
04/27/2013 05:07:23:	Triangles (31/40) switched to FINISHING
04/27/2013 05:07:23:	Input Edges (5/40) switched to FINISHED
04/27/2013 05:07:23:	Build Triads (40/40) switched to FINISHED
04/27/2013 05:07:23:	Input Edges (2/40) switched to FINISHED
04/27/2013 05:07:23:	Build Triads (29/40) switched to FINISHED
04/27/2013 05:07:23:	Build Triads (9/40) switched to FINISHED
04/27/2013 05:07:23:	Input Edges (1/40) switched to FINISHED
04/27/2013 05:07:23:	Build Triads (39/40) switched to FINISHED
04/27/2013 05:07:23:	Build Triads (26/40) switched to FINISHED
04/27/2013 05:07:23:	Input Edges (19/40) switched to FINISHED
04/27/2013 05:07:23:	Build Triads (34/40) switched to FINISHED
04/27/2013 05:07:23:	Input Edges (6/40) switched to FINISHED
04/27/2013 05:07:23:	Build Triads (32/40) switched to FINISHED
04/27/2013 05:07:23:	Triangles (31/40) switched to FINISHED
04/27/2013 05:07:23:	Input Edges (36/40) switched to FINISHED
04/27/2013 05:07:23:	Input Edges (35/40) switched to FINISHED
04/27/2013 05:07:23:	Build Triads (38/40) switched to FINISHED
04/27/2013 05:07:23:	Input Edges (39/40) switched to FINISHED
04/27/2013 05:07:23:	Input Edges (29/40) switched to FINISHED
04/27/2013 05:07:23:	Build Triads (36/40) switched to FINISHED
04/27/2013 05:07:23:	Build Triads (8/40) switched to FINISHED
04/27/2013 05:07:23:	Input Edges (25/40) switched to FINISHED
04/27/2013 05:07:23:	Input Edges (34/40) switched to FINISHED
04/27/2013 05:07:23:	Build Triads (31/40) switched to FINISHED
04/27/2013 05:07:23:	Build Triads (17/40) switched to FINISHED
04/27/2013 05:07:23:	Build Triads (15/40) switched to FINISHED
04/27/2013 05:07:23:	Build Triads (1/40) switched to FINISHED
04/27/2013 05:07:23:	Build Triads (25/40) switched to FINISHED
04/27/2013 05:07:23:	Build Triads (19/40) switched to FINISHED
04/27/2013 05:07:23:	Build Triads (12/40) switched to FINISHED
04/27/2013 05:07:23:	Input Edges (30/40) switched to FINISHED
04/27/2013 05:07:23:	Input Edges (18/40) switched to FINISHED
04/27/2013 05:07:23:	Build Triads (28/40) switched to FINISHED
04/27/2013 05:07:23:	Build Triads (7/40) switched to FINISHED
04/27/2013 05:07:23:	Build Triads (11/40) switched to FINISHED
04/27/2013 05:07:23:	Build Triads (2/40) switched to FINISHED
04/27/2013 05:07:23:	Input Edges (31/40) switched to FINISHED
04/27/2013 05:07:23:	Build Triads (4/40) switched to FINISHED
04/27/2013 05:07:23:	Input Edges (37/40) switched to FINISHED
04/27/2013 05:07:23:	Build Triads (3/40) switched to FINISHED
04/27/2013 05:07:23:	Build Triads (24/40) switched to FINISHED
04/27/2013 05:07:23:	Input Edges (24/40) switched to FINISHED
04/27/2013 05:07:23:	Build Triads (6/40) switched to FINISHED
04/27/2013 05:07:23:	Build Triads (30/40) switched to FINISHED
04/27/2013 05:07:23:	Input Edges (3/40) switched to FINISHED
04/27/2013 05:07:23:	Build Triads (16/40) switched to FINISHED
04/27/2013 05:07:23:	Build Triads (33/40) switched to FINISHED
04/27/2013 05:07:23:	Build Triads (20/40) switched to FINISHED
04/27/2013 05:07:23:	Input Edges (15/40) switched to FINISHED
04/27/2013 05:07:23:	Input Edges (17/40) switched to FINISHED
04/27/2013 05:07:23:	Close Triads (31/40) switched to FINISHED
04/27/2013 05:07:23:	Build Triads (37/40) switched to FINISHED
04/27/2013 05:07:23:	Input Edges (13/40) switched to FINISHED
04/27/2013 05:07:23:	Build Triads (18/40) switched to FINISHED
04/27/2013 05:07:23:	Input Edges (14/40) switched to FINISHED
04/27/2013 05:07:23:	Input Edges (40/40) switched to FINISHED
04/27/2013 05:07:23:	Input Edges (20/40) switched to FINISHED
04/27/2013 05:07:23:	Input Edges (10/40) switched to FINISHED
04/27/2013 05:07:23:	Input Edges (9/40) switched to FINISHED
04/27/2013 05:07:23:	Build Triads (22/40) switched to FINISHED
04/27/2013 05:07:23:	Input Edges (16/40) switched to FINISHED
04/27/2013 05:07:23:	Build Triads (21/40) switched to FINISHED
04/27/2013 05:07:23:	Input Edges (21/40) switched to FINISHED
04/27/2013 05:07:23:	Input Edges (22/40) switched to FINISHED
04/27/2013 05:07:23:	Input Edges (23/40) switched to FINISHED
04/27/2013 05:07:23:	Build Triads (13/40) switched to FINISHED
04/27/2013 05:07:23:	Build Triads (10/40) switched to FINISHED
04/27/2013 05:07:23:	Input Edges (12/40) switched to FINISHED
04/27/2013 05:07:23:	Build Triads (23/40) switched to FINISHED
04/27/2013 05:07:23:	Build Triads (14/40) switched to FINISHED
04/27/2013 05:07:23:	Job execution switched to status FINISHED
Job duration (in ms): 1549056
Job successfully submitted
