10:35:32,576 WARN  eu.stratosphere.nephele.configuration.GlobalConfiguration     - Cannot load configuration: unknown element plugins
10:35:32,612 INFO  eu.stratosphere.nephele.taskmanager.TaskManager               - Reading location of job manager from configuration
10:35:32,623 INFO  eu.stratosphere.nephele.taskmanager.TaskManager               - Determined address of job manager to be cloud-11.dima.tu-berlin.de/130.149.21.15:6002
10:35:32,632 INFO  eu.stratosphere.nephele.taskmanager.TaskManager               - Announcing connection information cloud-14 to job manager
10:35:32,696 INFO  eu.stratosphere.nephele.ipc.Server                            - IPC Server Responder: starting
10:35:32,697 INFO  eu.stratosphere.nephele.ipc.Server                            - IPC Server listener on 6122: starting
10:35:32,698 INFO  eu.stratosphere.nephele.ipc.Server                            - IPC Server handler 0 on 6122: starting
10:35:33,799 INFO  eu.stratosphere.nephele.taskmanager.bufferprovider.GlobalBufferPool  - Initialized global buffer pool with 32768 buffers with a size 32768 bytes each
10:35:33,817 INFO  eu.stratosphere.nephele.taskmanager.bytebuffered.ByteBufferedChannelManager  - Initialized byte buffered channel manager with sender-side spilling disabled
10:35:33,827 INFO  eu.stratosphere.nephele.instance.HardwareDescriptionFactory   - Found Tenured Gen pool (max: 24051843072, used: 0)
10:35:33,827 INFO  eu.stratosphere.nephele.taskmanager.TaskManager               - Initializing memory manager with 22528 megabytes of memory
10:36:05,389 INFO  eu.stratosphere.nephele.execution.ExecutionStateTransition    - TM: ExecutionState set from STARTING to RUNNING for task Input Lines (39/200)
10:36:05,389 INFO  eu.stratosphere.nephele.execution.ExecutionStateTransition    - TM: ExecutionState set from STARTING to RUNNING for task Input Lines (36/200)
10:36:05,389 INFO  eu.stratosphere.nephele.execution.ExecutionStateTransition    - TM: ExecutionState set from STARTING to RUNNING for task Input Lines (34/200)
10:36:05,389 INFO  eu.stratosphere.nephele.execution.ExecutionStateTransition    - TM: ExecutionState set from STARTING to RUNNING for task Input Lines (35/200)
10:36:05,389 INFO  eu.stratosphere.nephele.execution.ExecutionStateTransition    - TM: ExecutionState set from STARTING to RUNNING for task Input Lines (40/200)
10:36:05,389 INFO  eu.stratosphere.nephele.execution.ExecutionStateTransition    - TM: ExecutionState set from STARTING to RUNNING for task Input Lines (33/200)
10:36:05,389 INFO  eu.stratosphere.nephele.execution.ExecutionStateTransition    - TM: ExecutionState set from STARTING to RUNNING for task Input Lines (38/200)
10:36:05,389 INFO  eu.stratosphere.nephele.execution.ExecutionStateTransition    - TM: ExecutionState set from STARTING to RUNNING for task Input Lines (37/200)
10:36:05,395 INFO  eu.stratosphere.pact.runtime.task.DataSourceTask              - Start PACT code: Input Lines (40/200)
10:36:05,393 INFO  eu.stratosphere.pact.runtime.task.DataSourceTask              - Start PACT code: Input Lines (34/200)
10:36:05,396 INFO  eu.stratosphere.pact.runtime.task.DataSourceTask              - Start PACT code: Input Lines (38/200)
10:36:05,392 INFO  eu.stratosphere.pact.runtime.task.DataSourceTask              - Start PACT code: Input Lines (39/200)
10:36:05,397 INFO  eu.stratosphere.pact.runtime.task.RegularPactTask             - Start PACT code: Tokenize Lines (38/200)
10:36:05,396 INFO  eu.stratosphere.pact.runtime.task.RegularPactTask             - Start PACT code: Tokenize Lines (34/200)
10:36:05,396 INFO  eu.stratosphere.pact.runtime.task.RegularPactTask             - Start PACT code: Tokenize Lines (40/200)
10:36:05,399 INFO  eu.stratosphere.pact.runtime.task.RegularPactTask             - Start PACT code: Combiner for Count Words (34/200)
10:36:05,398 INFO  eu.stratosphere.pact.runtime.task.RegularPactTask             - Start PACT code: Combiner for Count Words (38/200)
10:36:05,398 INFO  eu.stratosphere.pact.runtime.task.DataSourceTask              - Start PACT code: Input Lines (35/200)
10:36:05,397 INFO  eu.stratosphere.pact.runtime.task.RegularPactTask             - Start PACT code: Tokenize Lines (39/200)
10:36:05,401 INFO  eu.stratosphere.pact.runtime.task.DataSourceTask              - Start PACT code: Input Lines (37/200)
10:36:05,401 INFO  eu.stratosphere.pact.runtime.task.RegularPactTask             - Start PACT code: Tokenize Lines (35/200)
10:36:05,399 INFO  eu.stratosphere.pact.runtime.task.DataSourceTask              - Start PACT code: Input Lines (36/200)
10:36:05,399 INFO  eu.stratosphere.pact.runtime.task.RegularPactTask             - Start PACT code: Combiner for Count Words (40/200)
10:36:05,403 INFO  eu.stratosphere.pact.runtime.task.RegularPactTask             - Start PACT code: Tokenize Lines (36/200)
10:36:05,402 INFO  eu.stratosphere.pact.runtime.task.RegularPactTask             - Start PACT code: Combiner for Count Words (35/200)
10:36:05,402 INFO  eu.stratosphere.pact.runtime.task.DataSourceTask              - Start PACT code: Input Lines (33/200)
10:36:05,402 INFO  eu.stratosphere.pact.runtime.task.RegularPactTask             - Start PACT code: Tokenize Lines (37/200)
10:36:05,401 INFO  eu.stratosphere.pact.runtime.task.RegularPactTask             - Start PACT code: Combiner for Count Words (39/200)
10:36:05,406 INFO  eu.stratosphere.pact.runtime.task.RegularPactTask             - Start PACT code: Combiner for Count Words (37/200)
10:36:05,405 INFO  eu.stratosphere.pact.runtime.task.RegularPactTask             - Start PACT code: Tokenize Lines (33/200)
10:36:05,404 INFO  eu.stratosphere.pact.runtime.task.RegularPactTask             - Start PACT code: Combiner for Count Words (36/200)
10:36:05,407 INFO  eu.stratosphere.pact.runtime.task.RegularPactTask             - Start PACT code: Combiner for Count Words (33/200)
10:36:13,419 INFO  eu.stratosphere.nephele.execution.ExecutionStateTransition    - TM: ExecutionState set from STARTING to RUNNING for task Word Counts (39/200)
10:36:13,419 INFO  eu.stratosphere.nephele.execution.ExecutionStateTransition    - TM: ExecutionState set from STARTING to RUNNING for task Count Words (39/200)
10:36:13,420 INFO  eu.stratosphere.pact.runtime.task.DataSinkTask                - Start PACT code: Word Counts (39/200)
10:36:13,421 INFO  eu.stratosphere.pact.runtime.task.RegularPactTask             - Start PACT code.: Count Words (39/200)
10:36:13,502 INFO  eu.stratosphere.nephele.execution.ExecutionStateTransition    - TM: ExecutionState set from STARTING to RUNNING for task Count Words (37/200)
10:36:13,504 INFO  eu.stratosphere.pact.runtime.task.RegularPactTask             - Start PACT code.: Count Words (37/200)
10:36:13,522 INFO  eu.stratosphere.nephele.execution.ExecutionStateTransition    - TM: ExecutionState set from STARTING to RUNNING for task Word Counts (37/200)
10:36:13,547 INFO  eu.stratosphere.pact.runtime.task.DataSinkTask                - Start PACT code: Word Counts (37/200)
10:36:13,918 INFO  eu.stratosphere.nephele.execution.ExecutionStateTransition    - TM: ExecutionState set from STARTING to RUNNING for task Count Words (34/200)
10:36:13,931 INFO  eu.stratosphere.pact.runtime.task.RegularPactTask             - Start PACT code.: Count Words (34/200)
10:36:13,958 INFO  eu.stratosphere.nephele.execution.ExecutionStateTransition    - TM: ExecutionState set from STARTING to RUNNING for task Word Counts (34/200)
10:36:13,960 INFO  eu.stratosphere.pact.runtime.task.DataSinkTask                - Start PACT code: Word Counts (34/200)
10:36:14,067 INFO  eu.stratosphere.nephele.execution.ExecutionStateTransition    - TM: ExecutionState set from STARTING to RUNNING for task Word Counts (38/200)
10:36:14,074 INFO  eu.stratosphere.nephele.execution.ExecutionStateTransition    - TM: ExecutionState set from STARTING to RUNNING for task Count Words (38/200)
10:36:14,110 INFO  eu.stratosphere.pact.runtime.task.DataSinkTask                - Start PACT code: Word Counts (38/200)
10:36:14,110 INFO  eu.stratosphere.pact.runtime.task.RegularPactTask             - Start PACT code.: Count Words (38/200)
10:36:14,236 INFO  eu.stratosphere.nephele.execution.ExecutionStateTransition    - TM: ExecutionState set from STARTING to RUNNING for task Count Words (35/200)
10:36:14,243 INFO  eu.stratosphere.nephele.execution.ExecutionStateTransition    - TM: ExecutionState set from STARTING to RUNNING for task Word Counts (35/200)
10:36:14,246 INFO  eu.stratosphere.pact.runtime.task.RegularPactTask             - Start PACT code.: Count Words (35/200)
10:36:14,249 INFO  eu.stratosphere.pact.runtime.task.DataSinkTask                - Start PACT code: Word Counts (35/200)
10:36:14,746 INFO  eu.stratosphere.nephele.execution.ExecutionStateTransition    - TM: ExecutionState set from STARTING to RUNNING for task Count Words (33/200)
10:36:14,754 INFO  eu.stratosphere.pact.runtime.task.RegularPactTask             - Start PACT code.: Count Words (33/200)
10:36:14,762 INFO  eu.stratosphere.nephele.execution.ExecutionStateTransition    - TM: ExecutionState set from STARTING to RUNNING for task Word Counts (33/200)
10:36:14,775 INFO  eu.stratosphere.pact.runtime.task.DataSinkTask                - Start PACT code: Word Counts (33/200)
10:36:18,917 INFO  eu.stratosphere.nephele.execution.ExecutionStateTransition    - TM: ExecutionState set from STARTING to RUNNING for task Count Words (36/200)
10:36:18,927 INFO  eu.stratosphere.pact.runtime.task.RegularPactTask             - Start PACT code.: Count Words (36/200)
10:36:18,946 INFO  eu.stratosphere.nephele.execution.ExecutionStateTransition    - TM: ExecutionState set from STARTING to RUNNING for task Word Counts (36/200)
10:36:18,967 INFO  eu.stratosphere.pact.runtime.task.DataSinkTask                - Start PACT code: Word Counts (36/200)
10:36:19,690 INFO  eu.stratosphere.nephele.execution.ExecutionStateTransition    - TM: ExecutionState set from STARTING to RUNNING for task Count Words (40/200)
10:36:19,690 INFO  eu.stratosphere.nephele.execution.ExecutionStateTransition    - TM: ExecutionState set from STARTING to RUNNING for task Word Counts (40/200)
10:36:19,713 INFO  eu.stratosphere.pact.runtime.task.DataSinkTask                - Start PACT code: Word Counts (40/200)
10:36:19,704 INFO  eu.stratosphere.pact.runtime.task.RegularPactTask             - Start PACT code.: Count Words (40/200)
10:37:08,256 INFO  eu.stratosphere.pact.runtime.task.RegularPactTask             - Finished PACT code: Tokenize Lines (33/200)
10:37:17,340 INFO  eu.stratosphere.pact.runtime.task.RegularPactTask             - Finished PACT code: Tokenize Lines (40/200)
10:37:17,507 INFO  eu.stratosphere.pact.runtime.task.RegularPactTask             - Finished PACT code: Tokenize Lines (39/200)
10:37:17,745 INFO  eu.stratosphere.pact.runtime.task.RegularPactTask             - Finished PACT code: Tokenize Lines (35/200)
10:37:18,701 INFO  eu.stratosphere.pact.runtime.task.RegularPactTask             - Finished PACT code: Tokenize Lines (37/200)
10:37:18,917 INFO  eu.stratosphere.pact.runtime.task.RegularPactTask             - Finished PACT code: Tokenize Lines (38/200)
10:37:19,181 INFO  eu.stratosphere.pact.runtime.task.RegularPactTask             - Finished PACT code: Tokenize Lines (34/200)
10:37:19,413 INFO  eu.stratosphere.pact.runtime.task.RegularPactTask             - Finished PACT code: Tokenize Lines (36/200)
10:37:28,458 INFO  eu.stratosphere.pact.runtime.task.RegularPactTask             - Finished PACT code: Combiner for Count Words (33/200)
10:37:28,458 INFO  eu.stratosphere.pact.runtime.task.DataSourceTask              - Finished PACT code: Input Lines (33/200)
10:37:28,458 INFO  eu.stratosphere.nephele.execution.ExecutionStateTransition    - TM: ExecutionState set from RUNNING to FINISHING for task Input Lines (33/200)
10:38:10,344 INFO  eu.stratosphere.pact.runtime.task.RegularPactTask             - Finished PACT code: Combiner for Count Words (38/200)
10:38:10,344 INFO  eu.stratosphere.pact.runtime.task.DataSourceTask              - Finished PACT code: Input Lines (38/200)
10:38:10,344 INFO  eu.stratosphere.nephele.execution.ExecutionStateTransition    - TM: ExecutionState set from RUNNING to FINISHING for task Input Lines (38/200)
10:38:11,289 INFO  eu.stratosphere.pact.runtime.task.RegularPactTask             - Finished PACT code: Combiner for Count Words (35/200)
10:38:11,290 INFO  eu.stratosphere.pact.runtime.task.DataSourceTask              - Finished PACT code: Input Lines (35/200)
10:38:11,290 INFO  eu.stratosphere.nephele.execution.ExecutionStateTransition    - TM: ExecutionState set from RUNNING to FINISHING for task Input Lines (35/200)
10:38:11,437 INFO  eu.stratosphere.pact.runtime.task.RegularPactTask             - Finished PACT code: Combiner for Count Words (37/200)
10:38:11,437 INFO  eu.stratosphere.pact.runtime.task.DataSourceTask              - Finished PACT code: Input Lines (37/200)
10:38:11,438 INFO  eu.stratosphere.nephele.execution.ExecutionStateTransition    - TM: ExecutionState set from RUNNING to FINISHING for task Input Lines (37/200)
10:38:12,973 INFO  eu.stratosphere.pact.runtime.task.RegularPactTask             - Finished PACT code: Combiner for Count Words (36/200)
10:38:12,974 INFO  eu.stratosphere.pact.runtime.task.DataSourceTask              - Finished PACT code: Input Lines (36/200)
10:38:12,974 INFO  eu.stratosphere.nephele.execution.ExecutionStateTransition    - TM: ExecutionState set from RUNNING to FINISHING for task Input Lines (36/200)
10:38:12,989 INFO  eu.stratosphere.pact.runtime.task.RegularPactTask             - Finished PACT code: Combiner for Count Words (40/200)
10:38:12,990 INFO  eu.stratosphere.pact.runtime.task.DataSourceTask              - Finished PACT code: Input Lines (40/200)
10:38:12,991 INFO  eu.stratosphere.nephele.execution.ExecutionStateTransition    - TM: ExecutionState set from RUNNING to FINISHING for task Input Lines (40/200)
10:38:13,787 INFO  eu.stratosphere.pact.runtime.task.RegularPactTask             - Finished PACT code: Combiner for Count Words (39/200)
10:38:13,787 INFO  eu.stratosphere.pact.runtime.task.DataSourceTask              - Finished PACT code: Input Lines (39/200)
10:38:13,787 INFO  eu.stratosphere.nephele.execution.ExecutionStateTransition    - TM: ExecutionState set from RUNNING to FINISHING for task Input Lines (39/200)
10:38:15,376 INFO  eu.stratosphere.pact.runtime.task.RegularPactTask             - Finished PACT code: Combiner for Count Words (34/200)
10:38:15,377 INFO  eu.stratosphere.pact.runtime.task.DataSourceTask              - Finished PACT code: Input Lines (34/200)
10:38:15,377 INFO  eu.stratosphere.nephele.execution.ExecutionStateTransition    - TM: ExecutionState set from RUNNING to FINISHING for task Input Lines (34/200)
