01:35:43,061 WARN  eu.stratosphere.nephele.configuration.GlobalConfiguration     - Cannot load configuration: unknown element plugins
01:35:43,105 INFO  eu.stratosphere.nephele.taskmanager.TaskManager               - Reading location of job manager from configuration
01:35:43,116 INFO  eu.stratosphere.nephele.taskmanager.TaskManager               - Determined address of job manager to be cloud-11.dima.tu-berlin.de/130.149.21.15:6002
01:35:43,129 INFO  eu.stratosphere.nephele.taskmanager.TaskManager               - Announcing connection information cloud-18 to job manager
01:35:43,206 INFO  eu.stratosphere.nephele.ipc.Server                            - IPC Server Responder: starting
01:35:43,206 INFO  eu.stratosphere.nephele.ipc.Server                            - IPC Server listener on 6122: starting
01:35:43,207 INFO  eu.stratosphere.nephele.ipc.Server                            - IPC Server handler 0 on 6122: starting
01:35:44,331 INFO  eu.stratosphere.nephele.taskmanager.bufferprovider.GlobalBufferPool  - Initialized global buffer pool with 32768 buffers with a size 32768 bytes each
01:35:44,350 INFO  eu.stratosphere.nephele.taskmanager.bytebuffered.ByteBufferedChannelManager  - Initialized byte buffered channel manager with sender-side spilling disabled
01:35:44,369 INFO  eu.stratosphere.nephele.instance.HardwareDescriptionFactory   - Found Tenured Gen pool (max: 24051843072, used: 0)
01:35:44,370 INFO  eu.stratosphere.nephele.taskmanager.TaskManager               - Initializing memory manager with 22528 megabytes of memory
01:36:14,726 INFO  eu.stratosphere.nephele.execution.ExecutionStateTransition    - TM: ExecutionState set from STARTING to RUNNING for task Data Source (2/200)
01:36:14,726 INFO  eu.stratosphere.nephele.execution.ExecutionStateTransition    - TM: ExecutionState set from STARTING to RUNNING for task Data Source (1/200)
01:36:14,726 INFO  eu.stratosphere.nephele.execution.ExecutionStateTransition    - TM: ExecutionState set from STARTING to RUNNING for task Data Source (7/200)
01:36:14,726 INFO  eu.stratosphere.nephele.execution.ExecutionStateTransition    - TM: ExecutionState set from STARTING to RUNNING for task Data Source (3/200)
01:36:14,729 INFO  eu.stratosphere.pact.runtime.task.DataSourceTask              - Start PACT code: Data Source (2/200)
01:36:14,726 INFO  eu.stratosphere.nephele.execution.ExecutionStateTransition    - TM: ExecutionState set from STARTING to RUNNING for task Data Source (5/200)
01:36:14,726 INFO  eu.stratosphere.nephele.execution.ExecutionStateTransition    - TM: ExecutionState set from STARTING to RUNNING for task Data Source (6/200)
01:36:14,726 INFO  eu.stratosphere.nephele.execution.ExecutionStateTransition    - TM: ExecutionState set from STARTING to RUNNING for task Data Source (8/200)
01:36:14,726 INFO  eu.stratosphere.nephele.execution.ExecutionStateTransition    - TM: ExecutionState set from STARTING to RUNNING for task Data Source (4/200)
01:36:14,732 INFO  eu.stratosphere.pact.runtime.task.DataSourceTask              - Start PACT code: Data Source (7/200)
01:36:14,733 INFO  eu.stratosphere.pact.runtime.task.DataSourceTask              - Start PACT code: Data Source (4/200)
01:36:14,735 INFO  eu.stratosphere.pact.runtime.task.DataSourceTask              - Start PACT code: Data Source (1/200)
01:36:14,737 INFO  eu.stratosphere.pact.runtime.task.DataSourceTask              - Start PACT code: Data Source (8/200)
01:36:14,738 INFO  eu.stratosphere.pact.runtime.task.DataSourceTask              - Start PACT code: Data Source (6/200)
01:36:14,740 INFO  eu.stratosphere.pact.runtime.task.DataSourceTask              - Start PACT code: Data Source (5/200)
01:36:14,742 INFO  eu.stratosphere.pact.runtime.task.DataSourceTask              - Start PACT code: Data Source (3/200)
01:36:16,129 INFO  eu.stratosphere.nephele.execution.ExecutionStateTransition    - TM: ExecutionState set from STARTING to RUNNING for task Data Sink (6/200)
01:36:16,132 INFO  eu.stratosphere.pact.runtime.task.DataSinkTask                - Start PACT code: Data Sink (6/200)
01:36:16,159 INFO  eu.stratosphere.nephele.execution.ExecutionStateTransition    - TM: ExecutionState set from STARTING to RUNNING for task Data Sink (8/200)
01:36:16,160 INFO  eu.stratosphere.pact.runtime.task.DataSinkTask                - Start PACT code: Data Sink (8/200)
01:36:16,191 INFO  eu.stratosphere.nephele.execution.ExecutionStateTransition    - TM: ExecutionState set from STARTING to RUNNING for task Data Sink (4/200)
01:36:16,193 INFO  eu.stratosphere.pact.runtime.task.DataSinkTask                - Start PACT code: Data Sink (4/200)
01:36:16,212 INFO  eu.stratosphere.nephele.execution.ExecutionStateTransition    - TM: ExecutionState set from STARTING to RUNNING for task Data Sink (5/200)
01:36:16,215 INFO  eu.stratosphere.pact.runtime.task.DataSinkTask                - Start PACT code: Data Sink (5/200)
01:36:16,272 INFO  eu.stratosphere.nephele.execution.ExecutionStateTransition    - TM: ExecutionState set from STARTING to RUNNING for task Data Sink (7/200)
01:36:16,274 INFO  eu.stratosphere.pact.runtime.task.DataSinkTask                - Start PACT code: Data Sink (7/200)
01:36:16,296 INFO  eu.stratosphere.nephele.execution.ExecutionStateTransition    - TM: ExecutionState set from STARTING to RUNNING for task Data Sink (2/200)
01:36:16,299 INFO  eu.stratosphere.pact.runtime.task.DataSinkTask                - Start PACT code: Data Sink (2/200)
01:36:16,634 INFO  eu.stratosphere.nephele.execution.ExecutionStateTransition    - TM: ExecutionState set from STARTING to RUNNING for task Data Sink (3/200)
01:36:16,637 INFO  eu.stratosphere.pact.runtime.task.DataSinkTask                - Start PACT code: Data Sink (3/200)
01:36:16,758 INFO  eu.stratosphere.nephele.execution.ExecutionStateTransition    - TM: ExecutionState set from STARTING to RUNNING for task Data Sink (1/200)
01:36:16,760 INFO  eu.stratosphere.pact.runtime.task.DataSinkTask                - Start PACT code: Data Sink (1/200)
01:36:33,739 INFO  eu.stratosphere.pact.runtime.task.DataSourceTask              - Finished PACT code: Data Source (4/200)
01:36:33,739 INFO  eu.stratosphere.nephele.execution.ExecutionStateTransition    - TM: ExecutionState set from RUNNING to FINISHING for task Data Source (4/200)
01:36:35,602 INFO  eu.stratosphere.pact.runtime.task.DataSourceTask              - Finished PACT code: Data Source (5/200)
01:36:35,602 INFO  eu.stratosphere.nephele.execution.ExecutionStateTransition    - TM: ExecutionState set from RUNNING to FINISHING for task Data Source (5/200)
01:36:36,898 INFO  eu.stratosphere.pact.runtime.task.DataSourceTask              - Finished PACT code: Data Source (6/200)
01:36:36,899 INFO  eu.stratosphere.nephele.execution.ExecutionStateTransition    - TM: ExecutionState set from RUNNING to FINISHING for task Data Source (6/200)
01:36:37,389 INFO  eu.stratosphere.pact.runtime.task.DataSourceTask              - Finished PACT code: Data Source (1/200)
01:36:37,389 INFO  eu.stratosphere.nephele.execution.ExecutionStateTransition    - TM: ExecutionState set from RUNNING to FINISHING for task Data Source (1/200)
01:36:37,535 INFO  eu.stratosphere.pact.runtime.task.DataSourceTask              - Finished PACT code: Data Source (3/200)
01:36:37,536 INFO  eu.stratosphere.nephele.execution.ExecutionStateTransition    - TM: ExecutionState set from RUNNING to FINISHING for task Data Source (3/200)
01:36:38,293 INFO  eu.stratosphere.pact.runtime.task.DataSourceTask              - Finished PACT code: Data Source (7/200)
01:36:38,293 INFO  eu.stratosphere.nephele.execution.ExecutionStateTransition    - TM: ExecutionState set from RUNNING to FINISHING for task Data Source (7/200)
01:36:38,608 INFO  eu.stratosphere.pact.runtime.task.DataSourceTask              - Finished PACT code: Data Source (8/200)
01:36:38,608 INFO  eu.stratosphere.nephele.execution.ExecutionStateTransition    - TM: ExecutionState set from RUNNING to FINISHING for task Data Source (8/200)
01:36:39,310 INFO  eu.stratosphere.pact.runtime.task.DataSourceTask              - Finished PACT code: Data Source (2/200)
01:36:39,311 INFO  eu.stratosphere.nephele.execution.ExecutionStateTransition    - TM: ExecutionState set from RUNNING to FINISHING for task Data Source (2/200)
01:38:02,981 INFO  eu.stratosphere.pact.runtime.task.DataSinkTask                - Finished PACT code: Data Sink (6/200)
01:38:02,982 INFO  eu.stratosphere.nephele.execution.ExecutionStateTransition    - TM: ExecutionState set from RUNNING to FINISHING for task Data Sink (6/200)
01:38:02,987 INFO  eu.stratosphere.nephele.execution.ExecutionStateTransition    - TM: ExecutionState set from FINISHING to FINISHED for task Data Sink (6/200)
01:38:10,701 INFO  eu.stratosphere.pact.runtime.task.DataSinkTask                - Finished PACT code: Data Sink (1/200)
01:38:10,701 INFO  eu.stratosphere.nephele.execution.ExecutionStateTransition    - TM: ExecutionState set from RUNNING to FINISHING for task Data Sink (1/200)
01:38:10,706 INFO  eu.stratosphere.nephele.execution.ExecutionStateTransition    - TM: ExecutionState set from FINISHING to FINISHED for task Data Sink (1/200)
01:38:11,399 INFO  eu.stratosphere.pact.runtime.task.DataSinkTask                - Finished PACT code: Data Sink (4/200)
01:38:11,399 INFO  eu.stratosphere.nephele.execution.ExecutionStateTransition    - TM: ExecutionState set from RUNNING to FINISHING for task Data Sink (4/200)
01:38:11,407 INFO  eu.stratosphere.nephele.execution.ExecutionStateTransition    - TM: ExecutionState set from FINISHING to FINISHED for task Data Sink (4/200)
01:38:14,959 INFO  eu.stratosphere.pact.runtime.task.DataSinkTask                - Finished PACT code: Data Sink (2/200)
01:38:14,959 INFO  eu.stratosphere.nephele.execution.ExecutionStateTransition    - TM: ExecutionState set from RUNNING to FINISHING for task Data Sink (2/200)
01:38:14,967 INFO  eu.stratosphere.nephele.execution.ExecutionStateTransition    - TM: ExecutionState set from FINISHING to FINISHED for task Data Sink (2/200)
01:38:15,766 INFO  eu.stratosphere.pact.runtime.task.DataSinkTask                - Finished PACT code: Data Sink (5/200)
01:38:15,766 INFO  eu.stratosphere.nephele.execution.ExecutionStateTransition    - TM: ExecutionState set from RUNNING to FINISHING for task Data Sink (5/200)
01:38:15,770 INFO  eu.stratosphere.pact.runtime.task.DataSinkTask                - Finished PACT code: Data Sink (7/200)
01:38:15,770 INFO  eu.stratosphere.nephele.execution.ExecutionStateTransition    - TM: ExecutionState set from FINISHING to FINISHED for task Data Sink (5/200)
01:38:15,770 INFO  eu.stratosphere.nephele.execution.ExecutionStateTransition    - TM: ExecutionState set from RUNNING to FINISHING for task Data Sink (7/200)
01:38:15,777 INFO  eu.stratosphere.nephele.execution.ExecutionStateTransition    - TM: ExecutionState set from FINISHING to FINISHED for task Data Sink (7/200)
01:38:15,992 INFO  eu.stratosphere.pact.runtime.task.DataSinkTask                - Finished PACT code: Data Sink (8/200)
01:38:15,992 INFO  eu.stratosphere.nephele.execution.ExecutionStateTransition    - TM: ExecutionState set from RUNNING to FINISHING for task Data Sink (8/200)
01:38:15,999 INFO  eu.stratosphere.nephele.execution.ExecutionStateTransition    - TM: ExecutionState set from FINISHING to FINISHED for task Data Sink (8/200)
01:38:17,414 INFO  eu.stratosphere.pact.runtime.task.DataSinkTask                - Finished PACT code: Data Sink (3/200)
01:38:17,415 INFO  eu.stratosphere.nephele.execution.ExecutionStateTransition    - TM: ExecutionState set from RUNNING to FINISHING for task Data Sink (3/200)
01:38:17,422 INFO  eu.stratosphere.nephele.execution.ExecutionStateTransition    - TM: ExecutionState set from FINISHING to FINISHED for task Data Sink (3/200)
