00:19:01,365 WARN  eu.stratosphere.nephele.configuration.GlobalConfiguration     - Cannot load configuration: unknown element plugins
00:19:01,403 INFO  eu.stratosphere.nephele.taskmanager.TaskManager               - Reading location of job manager from configuration
00:19:01,414 INFO  eu.stratosphere.nephele.taskmanager.TaskManager               - Determined address of job manager to be cloud-11.dima.tu-berlin.de/130.149.21.15:6002
00:19:01,427 INFO  eu.stratosphere.nephele.taskmanager.TaskManager               - Announcing connection information cloud-26 to job manager
00:19:01,513 INFO  eu.stratosphere.nephele.ipc.Server                            - IPC Server Responder: starting
00:19:01,513 INFO  eu.stratosphere.nephele.ipc.Server                            - IPC Server listener on 6122: starting
00:19:01,514 INFO  eu.stratosphere.nephele.ipc.Server                            - IPC Server handler 0 on 6122: starting
00:19:02,637 INFO  eu.stratosphere.nephele.taskmanager.bufferprovider.GlobalBufferPool  - Initialized global buffer pool with 32768 buffers with a size 32768 bytes each
00:19:02,659 INFO  eu.stratosphere.nephele.taskmanager.bytebuffered.ByteBufferedChannelManager  - Initialized byte buffered channel manager with sender-side spilling disabled
00:19:02,669 INFO  eu.stratosphere.nephele.instance.HardwareDescriptionFactory   - Found Tenured Gen pool (max: 24051843072, used: 0)
00:19:02,669 INFO  eu.stratosphere.nephele.taskmanager.TaskManager               - Initializing memory manager with 22528 megabytes of memory
00:19:31,645 INFO  eu.stratosphere.nephele.execution.ExecutionStateTransition    - TM: ExecutionState set from STARTING to RUNNING for task Orders (67/120)
00:19:31,645 INFO  eu.stratosphere.nephele.execution.ExecutionStateTransition    - TM: ExecutionState set from STARTING to RUNNING for task Orders (66/120)
00:19:31,647 INFO  eu.stratosphere.nephele.execution.ExecutionStateTransition    - TM: ExecutionState set from STARTING to RUNNING for task LineItems (68/120)
00:19:31,647 INFO  eu.stratosphere.nephele.execution.ExecutionStateTransition    - TM: ExecutionState set from STARTING to RUNNING for task LineItems (69/120)
00:19:31,647 INFO  eu.stratosphere.nephele.execution.ExecutionStateTransition    - TM: ExecutionState set from STARTING to RUNNING for task LineItems (67/120)
00:19:31,645 INFO  eu.stratosphere.nephele.execution.ExecutionStateTransition    - TM: ExecutionState set from STARTING to RUNNING for task Orders (70/120)
00:19:31,645 INFO  eu.stratosphere.nephele.execution.ExecutionStateTransition    - TM: ExecutionState set from STARTING to RUNNING for task Orders (65/120)
00:19:31,645 INFO  eu.stratosphere.nephele.execution.ExecutionStateTransition    - TM: ExecutionState set from STARTING to RUNNING for task Customers (67/120)
00:19:31,645 INFO  eu.stratosphere.nephele.execution.ExecutionStateTransition    - TM: ExecutionState set from STARTING to RUNNING for task Customers (70/120)
00:19:31,646 INFO  eu.stratosphere.nephele.execution.ExecutionStateTransition    - TM: ExecutionState set from STARTING to RUNNING for task LineItems (66/120)
00:19:31,645 INFO  eu.stratosphere.nephele.execution.ExecutionStateTransition    - TM: ExecutionState set from STARTING to RUNNING for task Customers (71/120)
00:19:31,654 INFO  eu.stratosphere.pact.runtime.task.DataSourceTask              - Start PACT code: Orders (70/120)
00:19:31,645 INFO  eu.stratosphere.nephele.execution.ExecutionStateTransition    - TM: ExecutionState set from STARTING to RUNNING for task Customers (72/120)
00:19:31,645 INFO  eu.stratosphere.nephele.execution.ExecutionStateTransition    - TM: ExecutionState set from STARTING to RUNNING for task Customers (69/120)
00:19:31,646 INFO  eu.stratosphere.nephele.execution.ExecutionStateTransition    - TM: ExecutionState set from STARTING to RUNNING for task LineItems (65/120)
00:19:31,646 INFO  eu.stratosphere.nephele.execution.ExecutionStateTransition    - TM: ExecutionState set from STARTING to RUNNING for task Orders (72/120)
00:19:31,645 INFO  eu.stratosphere.nephele.execution.ExecutionStateTransition    - TM: ExecutionState set from STARTING to RUNNING for task Orders (69/120)
00:19:31,645 INFO  eu.stratosphere.nephele.execution.ExecutionStateTransition    - TM: ExecutionState set from STARTING to RUNNING for task Customers (65/120)
00:19:31,645 INFO  eu.stratosphere.nephele.execution.ExecutionStateTransition    - TM: ExecutionState set from STARTING to RUNNING for task Orders (68/120)
00:19:31,645 INFO  eu.stratosphere.nephele.execution.ExecutionStateTransition    - TM: ExecutionState set from STARTING to RUNNING for task Customers (68/120)
00:19:31,645 INFO  eu.stratosphere.nephele.execution.ExecutionStateTransition    - TM: ExecutionState set from STARTING to RUNNING for task Customers (66/120)
00:19:31,661 INFO  eu.stratosphere.pact.runtime.task.DataSourceTask              - Start PACT code: Orders (68/120)
00:19:31,646 INFO  eu.stratosphere.nephele.execution.ExecutionStateTransition    - TM: ExecutionState set from STARTING to RUNNING for task Orders (71/120)
00:19:31,661 INFO  eu.stratosphere.pact.runtime.task.RegularPactTask             - Start PACT code: FilterO (68/120)
00:19:31,659 INFO  eu.stratosphere.pact.runtime.task.DataSourceTask              - Start PACT code: Orders (66/120)
00:19:31,657 INFO  eu.stratosphere.pact.runtime.task.DataSourceTask              - Start PACT code: LineItems (69/120)
00:19:31,656 INFO  eu.stratosphere.pact.runtime.task.DataSourceTask              - Start PACT code: LineItems (67/120)
00:19:31,655 INFO  eu.stratosphere.pact.runtime.task.RegularPactTask             - Start PACT code: FilterO (70/120)
00:19:31,651 INFO  eu.stratosphere.pact.runtime.task.DataSourceTask              - Start PACT code: LineItems (68/120)
00:19:31,649 INFO  eu.stratosphere.pact.runtime.task.DataSourceTask              - Start PACT code: Orders (67/120)
00:19:31,648 INFO  eu.stratosphere.nephele.execution.ExecutionStateTransition    - TM: ExecutionState set from STARTING to RUNNING for task LineItems (72/120)
00:19:31,648 INFO  eu.stratosphere.nephele.execution.ExecutionStateTransition    - TM: ExecutionState set from STARTING to RUNNING for task LineItems (71/120)
00:19:31,648 INFO  eu.stratosphere.nephele.execution.ExecutionStateTransition    - TM: ExecutionState set from STARTING to RUNNING for task LineItems (70/120)
00:19:31,665 INFO  eu.stratosphere.pact.runtime.task.DataSourceTask              - Start PACT code: Orders (72/120)
00:19:31,665 INFO  eu.stratosphere.pact.runtime.task.RegularPactTask             - Start PACT code: FilterO (67/120)
00:19:31,664 INFO  eu.stratosphere.pact.runtime.task.RegularPactTask             - Start PACT code: FilterL (68/120)
00:19:31,664 INFO  eu.stratosphere.pact.runtime.task.DataSourceTask              - Start PACT code: Orders (69/120)
00:19:31,663 INFO  eu.stratosphere.pact.runtime.task.RegularPactTask             - Start PACT code: FilterL (67/120)
00:19:31,663 INFO  eu.stratosphere.pact.runtime.task.RegularPactTask             - Start PACT code: FilterL (69/120)
00:19:31,663 INFO  eu.stratosphere.pact.runtime.task.RegularPactTask             - Start PACT code: FilterO (66/120)
00:19:31,662 INFO  eu.stratosphere.pact.runtime.task.DataSourceTask              - Start PACT code: Customers (65/120)
00:19:31,670 INFO  eu.stratosphere.pact.runtime.task.DataSourceTask              - Start PACT code: Customers (72/120)
00:19:31,669 INFO  eu.stratosphere.pact.runtime.task.RegularPactTask             - Start PACT code: FilterO (69/120)
00:19:31,668 INFO  eu.stratosphere.pact.runtime.task.DataSourceTask              - Start PACT code: Customers (69/120)
00:19:31,668 INFO  eu.stratosphere.pact.runtime.task.RegularPactTask             - Start PACT code: FilterO (72/120)
00:19:31,667 INFO  eu.stratosphere.pact.runtime.task.DataSourceTask              - Start PACT code: LineItems (65/120)
00:19:31,673 INFO  eu.stratosphere.pact.runtime.task.RegularPactTask             - Start PACT code: FilterC (69/120)
00:19:31,674 INFO  eu.stratosphere.pact.runtime.task.DataSourceTask              - Start PACT code: Customers (70/120)
00:19:31,673 INFO  eu.stratosphere.pact.runtime.task.DataSourceTask              - Start PACT code: LineItems (66/120)
00:19:31,672 INFO  eu.stratosphere.pact.runtime.task.RegularPactTask             - Start PACT code: FilterC (72/120)
00:19:31,671 INFO  eu.stratosphere.pact.runtime.task.DataSourceTask              - Start PACT code: Customers (71/120)
00:19:31,671 INFO  eu.stratosphere.pact.runtime.task.RegularPactTask             - Start PACT code: FilterC (65/120)
00:19:31,676 INFO  eu.stratosphere.pact.runtime.task.DataSourceTask              - Start PACT code: Customers (67/120)
00:19:31,676 INFO  eu.stratosphere.pact.runtime.task.RegularPactTask             - Start PACT code: FilterC (71/120)
00:19:31,675 INFO  eu.stratosphere.pact.runtime.task.RegularPactTask             - Start PACT code: FilterL (66/120)
00:19:31,675 INFO  eu.stratosphere.pact.runtime.task.RegularPactTask             - Start PACT code: FilterC (70/120)
00:19:31,674 INFO  eu.stratosphere.pact.runtime.task.RegularPactTask             - Start PACT code: FilterL (65/120)
00:19:31,678 INFO  eu.stratosphere.pact.runtime.task.DataSourceTask              - Start PACT code: Orders (65/120)
00:19:31,677 INFO  eu.stratosphere.pact.runtime.task.RegularPactTask             - Start PACT code: FilterC (67/120)
00:19:31,680 INFO  eu.stratosphere.pact.runtime.task.RegularPactTask             - Start PACT code: FilterO (65/120)
00:19:31,680 INFO  eu.stratosphere.pact.runtime.task.DataSourceTask              - Start PACT code: LineItems (70/120)
00:19:31,681 INFO  eu.stratosphere.pact.runtime.task.RegularPactTask             - Start PACT code: FilterL (70/120)
00:19:31,681 INFO  eu.stratosphere.pact.runtime.task.DataSourceTask              - Start PACT code: LineItems (71/120)
00:19:31,682 INFO  eu.stratosphere.pact.runtime.task.RegularPactTask             - Start PACT code: FilterL (71/120)
00:19:31,683 INFO  eu.stratosphere.pact.runtime.task.DataSourceTask              - Start PACT code: LineItems (72/120)
00:19:31,684 INFO  eu.stratosphere.pact.runtime.task.RegularPactTask             - Start PACT code: FilterL (72/120)
00:19:31,685 INFO  eu.stratosphere.pact.runtime.task.DataSourceTask              - Start PACT code: Orders (71/120)
00:19:31,685 INFO  eu.stratosphere.pact.runtime.task.RegularPactTask             - Start PACT code: FilterO (71/120)
00:19:31,686 INFO  eu.stratosphere.pact.runtime.task.DataSourceTask              - Start PACT code: Customers (66/120)
00:19:31,686 INFO  eu.stratosphere.pact.runtime.task.RegularPactTask             - Start PACT code: FilterC (66/120)
00:19:31,688 INFO  eu.stratosphere.pact.runtime.task.DataSourceTask              - Start PACT code: Customers (68/120)
00:19:31,688 INFO  eu.stratosphere.pact.runtime.task.RegularPactTask             - Start PACT code: FilterC (68/120)
