00:18:58,506 WARN  eu.stratosphere.nephele.configuration.GlobalConfiguration     - Cannot load configuration: unknown element plugins
00:18:58,543 INFO  eu.stratosphere.nephele.taskmanager.TaskManager               - Reading location of job manager from configuration
00:18:58,552 INFO  eu.stratosphere.nephele.taskmanager.TaskManager               - Determined address of job manager to be cloud-11.dima.tu-berlin.de/130.149.21.15:6002
00:18:58,561 INFO  eu.stratosphere.nephele.taskmanager.TaskManager               - Announcing connection information cloud-14 to job manager
00:18:58,627 INFO  eu.stratosphere.nephele.ipc.Server                            - IPC Server Responder: starting
00:18:58,627 INFO  eu.stratosphere.nephele.ipc.Server                            - IPC Server listener on 6122: starting
00:18:58,628 INFO  eu.stratosphere.nephele.ipc.Server                            - IPC Server handler 0 on 6122: starting
00:18:59,734 INFO  eu.stratosphere.nephele.taskmanager.bufferprovider.GlobalBufferPool  - Initialized global buffer pool with 32768 buffers with a size 32768 bytes each
00:18:59,752 INFO  eu.stratosphere.nephele.taskmanager.bytebuffered.ByteBufferedChannelManager  - Initialized byte buffered channel manager with sender-side spilling disabled
00:18:59,762 INFO  eu.stratosphere.nephele.instance.HardwareDescriptionFactory   - Found Tenured Gen pool (max: 24051843072, used: 0)
00:18:59,762 INFO  eu.stratosphere.nephele.taskmanager.TaskManager               - Initializing memory manager with 22528 megabytes of memory
00:19:31,457 INFO  eu.stratosphere.nephele.execution.ExecutionStateTransition    - TM: ExecutionState set from STARTING to RUNNING for task Customers (33/120)
00:19:31,457 INFO  eu.stratosphere.nephele.execution.ExecutionStateTransition    - TM: ExecutionState set from STARTING to RUNNING for task Customers (36/120)
00:19:31,459 INFO  eu.stratosphere.nephele.execution.ExecutionStateTransition    - TM: ExecutionState set from STARTING to RUNNING for task Orders (35/120)
00:19:31,460 INFO  eu.stratosphere.nephele.execution.ExecutionStateTransition    - TM: ExecutionState set from STARTING to RUNNING for task Orders (38/120)
00:19:31,459 INFO  eu.stratosphere.nephele.execution.ExecutionStateTransition    - TM: ExecutionState set from STARTING to RUNNING for task Orders (37/120)
00:19:31,459 INFO  eu.stratosphere.nephele.execution.ExecutionStateTransition    - TM: ExecutionState set from STARTING to RUNNING for task Orders (36/120)
00:19:31,457 INFO  eu.stratosphere.nephele.execution.ExecutionStateTransition    - TM: ExecutionState set from STARTING to RUNNING for task Customers (40/120)
00:19:31,458 INFO  eu.stratosphere.nephele.execution.ExecutionStateTransition    - TM: ExecutionState set from STARTING to RUNNING for task Orders (34/120)
00:19:31,457 INFO  eu.stratosphere.nephele.execution.ExecutionStateTransition    - TM: ExecutionState set from STARTING to RUNNING for task Customers (35/120)
00:19:31,457 INFO  eu.stratosphere.nephele.execution.ExecutionStateTransition    - TM: ExecutionState set from STARTING to RUNNING for task Customers (37/120)
00:19:31,458 INFO  eu.stratosphere.nephele.execution.ExecutionStateTransition    - TM: ExecutionState set from STARTING to RUNNING for task Orders (33/120)
00:19:31,457 INFO  eu.stratosphere.nephele.execution.ExecutionStateTransition    - TM: ExecutionState set from STARTING to RUNNING for task Customers (39/120)
00:19:31,457 INFO  eu.stratosphere.nephele.execution.ExecutionStateTransition    - TM: ExecutionState set from STARTING to RUNNING for task Customers (38/120)
00:19:31,457 INFO  eu.stratosphere.nephele.execution.ExecutionStateTransition    - TM: ExecutionState set from STARTING to RUNNING for task Customers (34/120)
00:19:31,469 INFO  eu.stratosphere.pact.runtime.task.DataSourceTask              - Start PACT code: Customers (40/120)
00:19:31,467 INFO  eu.stratosphere.pact.runtime.task.DataSourceTask              - Start PACT code: Orders (34/120)
00:19:31,466 INFO  eu.stratosphere.pact.runtime.task.DataSourceTask              - Start PACT code: Customers (36/120)
00:19:31,464 INFO  eu.stratosphere.pact.runtime.task.DataSourceTask              - Start PACT code: Orders (35/120)
00:19:31,464 INFO  eu.stratosphere.nephele.execution.ExecutionStateTransition    - TM: ExecutionState set from STARTING to RUNNING for task LineItems (40/120)
00:19:31,463 INFO  eu.stratosphere.nephele.execution.ExecutionStateTransition    - TM: ExecutionState set from STARTING to RUNNING for task LineItems (39/120)
00:19:31,463 INFO  eu.stratosphere.nephele.execution.ExecutionStateTransition    - TM: ExecutionState set from STARTING to RUNNING for task LineItems (38/120)
00:19:31,462 INFO  eu.stratosphere.pact.runtime.task.DataSourceTask              - Start PACT code: Customers (33/120)
00:19:31,462 INFO  eu.stratosphere.nephele.execution.ExecutionStateTransition    - TM: ExecutionState set from STARTING to RUNNING for task LineItems (37/120)
00:19:31,462 INFO  eu.stratosphere.nephele.execution.ExecutionStateTransition    - TM: ExecutionState set from STARTING to RUNNING for task LineItems (35/120)
00:19:31,462 INFO  eu.stratosphere.nephele.execution.ExecutionStateTransition    - TM: ExecutionState set from STARTING to RUNNING for task LineItems (36/120)
00:19:31,461 INFO  eu.stratosphere.nephele.execution.ExecutionStateTransition    - TM: ExecutionState set from STARTING to RUNNING for task Orders (40/120)
00:19:31,461 INFO  eu.stratosphere.nephele.execution.ExecutionStateTransition    - TM: ExecutionState set from STARTING to RUNNING for task LineItems (34/120)
00:19:31,461 INFO  eu.stratosphere.nephele.execution.ExecutionStateTransition    - TM: ExecutionState set from STARTING to RUNNING for task LineItems (33/120)
00:19:31,460 INFO  eu.stratosphere.nephele.execution.ExecutionStateTransition    - TM: ExecutionState set from STARTING to RUNNING for task Orders (39/120)
00:19:31,477 INFO  eu.stratosphere.pact.runtime.task.DataSourceTask              - Start PACT code: LineItems (40/120)
00:19:31,475 INFO  eu.stratosphere.pact.runtime.task.DataSourceTask              - Start PACT code: LineItems (39/120)
00:19:31,474 INFO  eu.stratosphere.pact.runtime.task.RegularPactTask             - Start PACT code: FilterC (33/120)
00:19:31,473 INFO  eu.stratosphere.pact.runtime.task.DataSourceTask              - Start PACT code: Orders (38/120)
00:19:31,472 INFO  eu.stratosphere.pact.runtime.task.DataSourceTask              - Start PACT code: Orders (37/120)
00:19:31,471 INFO  eu.stratosphere.pact.runtime.task.RegularPactTask             - Start PACT code: FilterO (35/120)
00:19:31,471 INFO  eu.stratosphere.pact.runtime.task.RegularPactTask             - Start PACT code: FilterC (36/120)
00:19:31,471 INFO  eu.stratosphere.pact.runtime.task.DataSourceTask              - Start PACT code: Orders (36/120)
00:19:31,470 INFO  eu.stratosphere.pact.runtime.task.RegularPactTask             - Start PACT code: FilterO (34/120)
00:19:31,470 INFO  eu.stratosphere.pact.runtime.task.RegularPactTask             - Start PACT code: FilterC (40/120)
00:19:31,482 INFO  eu.stratosphere.pact.runtime.task.DataSourceTask              - Start PACT code: Customers (39/120)
00:19:31,482 INFO  eu.stratosphere.pact.runtime.task.RegularPactTask             - Start PACT code: FilterO (36/120)
00:19:31,480 INFO  eu.stratosphere.pact.runtime.task.RegularPactTask             - Start PACT code: FilterO (37/120)
00:19:31,480 INFO  eu.stratosphere.pact.runtime.task.DataSourceTask              - Start PACT code: Customers (38/120)
00:19:31,480 INFO  eu.stratosphere.pact.runtime.task.RegularPactTask             - Start PACT code: FilterO (38/120)
00:19:31,479 INFO  eu.stratosphere.pact.runtime.task.RegularPactTask             - Start PACT code: FilterL (39/120)
00:19:31,478 INFO  eu.stratosphere.pact.runtime.task.DataSourceTask              - Start PACT code: Customers (34/120)
00:19:31,478 INFO  eu.stratosphere.pact.runtime.task.RegularPactTask             - Start PACT code: FilterL (40/120)
00:19:31,488 INFO  eu.stratosphere.pact.runtime.task.RegularPactTask             - Start PACT code: FilterC (34/120)
00:19:31,486 INFO  eu.stratosphere.pact.runtime.task.RegularPactTask             - Start PACT code: FilterC (38/120)
00:19:31,486 INFO  eu.stratosphere.pact.runtime.task.DataSourceTask              - Start PACT code: Customers (37/120)
00:19:31,484 INFO  eu.stratosphere.pact.runtime.task.RegularPactTask             - Start PACT code: FilterC (39/120)
00:19:31,484 INFO  eu.stratosphere.pact.runtime.task.DataSourceTask              - Start PACT code: Orders (33/120)
00:19:31,490 INFO  eu.stratosphere.pact.runtime.task.DataSourceTask              - Start PACT code: Orders (39/120)
00:19:31,490 INFO  eu.stratosphere.pact.runtime.task.RegularPactTask             - Start PACT code: FilterC (37/120)
00:19:31,488 INFO  eu.stratosphere.pact.runtime.task.DataSourceTask              - Start PACT code: Customers (35/120)
00:19:31,491 INFO  eu.stratosphere.pact.runtime.task.DataSourceTask              - Start PACT code: LineItems (33/120)
00:19:31,491 INFO  eu.stratosphere.pact.runtime.task.RegularPactTask             - Start PACT code: FilterO (39/120)
00:19:31,490 INFO  eu.stratosphere.pact.runtime.task.RegularPactTask             - Start PACT code: FilterO (33/120)
00:19:31,493 INFO  eu.stratosphere.pact.runtime.task.DataSourceTask              - Start PACT code: LineItems (34/120)
00:19:31,492 INFO  eu.stratosphere.pact.runtime.task.RegularPactTask             - Start PACT code: FilterL (33/120)
00:19:31,492 INFO  eu.stratosphere.pact.runtime.task.RegularPactTask             - Start PACT code: FilterC (35/120)
00:19:31,494 INFO  eu.stratosphere.pact.runtime.task.RegularPactTask             - Start PACT code: FilterL (34/120)
00:19:31,496 INFO  eu.stratosphere.pact.runtime.task.DataSourceTask              - Start PACT code: Orders (40/120)
00:19:31,497 INFO  eu.stratosphere.pact.runtime.task.RegularPactTask             - Start PACT code: FilterO (40/120)
00:19:31,498 INFO  eu.stratosphere.pact.runtime.task.DataSourceTask              - Start PACT code: LineItems (36/120)
00:19:31,499 INFO  eu.stratosphere.pact.runtime.task.RegularPactTask             - Start PACT code: FilterL (36/120)
00:19:31,500 INFO  eu.stratosphere.pact.runtime.task.DataSourceTask              - Start PACT code: LineItems (35/120)
00:19:31,501 INFO  eu.stratosphere.pact.runtime.task.RegularPactTask             - Start PACT code: FilterL (35/120)
00:19:31,502 INFO  eu.stratosphere.pact.runtime.task.DataSourceTask              - Start PACT code: LineItems (37/120)
00:19:31,502 INFO  eu.stratosphere.pact.runtime.task.RegularPactTask             - Start PACT code: FilterL (37/120)
00:19:31,503 INFO  eu.stratosphere.pact.runtime.task.DataSourceTask              - Start PACT code: LineItems (38/120)
00:19:31,503 INFO  eu.stratosphere.pact.runtime.task.RegularPactTask             - Start PACT code: FilterL (38/120)
