00:19:01,045 WARN  eu.stratosphere.nephele.configuration.GlobalConfiguration     - Cannot load configuration: unknown element plugins
00:19:01,083 INFO  eu.stratosphere.nephele.taskmanager.TaskManager               - Reading location of job manager from configuration
00:19:01,093 INFO  eu.stratosphere.nephele.taskmanager.TaskManager               - Determined address of job manager to be cloud-11.dima.tu-berlin.de/130.149.21.15:6002
00:19:01,104 INFO  eu.stratosphere.nephele.taskmanager.TaskManager               - Announcing connection information cloud-24 to job manager
00:19:01,189 INFO  eu.stratosphere.nephele.ipc.Server                            - IPC Server listener on 6122: starting
00:19:01,190 INFO  eu.stratosphere.nephele.ipc.Server                            - IPC Server Responder: starting
00:19:01,191 INFO  eu.stratosphere.nephele.ipc.Server                            - IPC Server handler 0 on 6122: starting
00:19:02,448 INFO  eu.stratosphere.nephele.taskmanager.bufferprovider.GlobalBufferPool  - Initialized global buffer pool with 32768 buffers with a size 32768 bytes each
00:19:02,470 INFO  eu.stratosphere.nephele.taskmanager.bytebuffered.ByteBufferedChannelManager  - Initialized byte buffered channel manager with sender-side spilling disabled
00:19:02,481 INFO  eu.stratosphere.nephele.instance.HardwareDescriptionFactory   - Found Tenured Gen pool (max: 24051843072, used: 0)
00:19:02,481 INFO  eu.stratosphere.nephele.taskmanager.TaskManager               - Initializing memory manager with 22528 megabytes of memory
00:19:31,644 INFO  eu.stratosphere.nephele.execution.ExecutionStateTransition    - TM: ExecutionState set from STARTING to RUNNING for task Orders (75/120)
00:19:31,644 INFO  eu.stratosphere.nephele.execution.ExecutionStateTransition    - TM: ExecutionState set from STARTING to RUNNING for task Orders (74/120)
00:19:31,644 INFO  eu.stratosphere.nephele.execution.ExecutionStateTransition    - TM: ExecutionState set from STARTING to RUNNING for task Orders (73/120)
00:19:31,644 INFO  eu.stratosphere.nephele.execution.ExecutionStateTransition    - TM: ExecutionState set from STARTING to RUNNING for task Customers (75/120)
00:19:31,644 INFO  eu.stratosphere.nephele.execution.ExecutionStateTransition    - TM: ExecutionState set from STARTING to RUNNING for task Customers (80/120)
00:19:31,644 INFO  eu.stratosphere.nephele.execution.ExecutionStateTransition    - TM: ExecutionState set from STARTING to RUNNING for task Orders (77/120)
00:19:31,644 INFO  eu.stratosphere.nephele.execution.ExecutionStateTransition    - TM: ExecutionState set from STARTING to RUNNING for task Customers (74/120)
00:19:31,644 INFO  eu.stratosphere.nephele.execution.ExecutionStateTransition    - TM: ExecutionState set from STARTING to RUNNING for task Customers (79/120)
00:19:31,644 INFO  eu.stratosphere.nephele.execution.ExecutionStateTransition    - TM: ExecutionState set from STARTING to RUNNING for task Customers (77/120)
00:19:31,645 INFO  eu.stratosphere.nephele.execution.ExecutionStateTransition    - TM: ExecutionState set from STARTING to RUNNING for task Orders (79/120)
00:19:31,644 INFO  eu.stratosphere.nephele.execution.ExecutionStateTransition    - TM: ExecutionState set from STARTING to RUNNING for task Customers (73/120)
00:19:31,644 INFO  eu.stratosphere.nephele.execution.ExecutionStateTransition    - TM: ExecutionState set from STARTING to RUNNING for task Orders (76/120)
00:19:31,644 INFO  eu.stratosphere.nephele.execution.ExecutionStateTransition    - TM: ExecutionState set from STARTING to RUNNING for task Customers (78/120)
00:19:31,645 INFO  eu.stratosphere.nephele.execution.ExecutionStateTransition    - TM: ExecutionState set from STARTING to RUNNING for task Orders (80/120)
00:19:31,656 INFO  eu.stratosphere.pact.runtime.task.DataSourceTask              - Start PACT code: Customers (80/120)
00:19:31,644 INFO  eu.stratosphere.nephele.execution.ExecutionStateTransition    - TM: ExecutionState set from STARTING to RUNNING for task Customers (76/120)
00:19:31,645 INFO  eu.stratosphere.nephele.execution.ExecutionStateTransition    - TM: ExecutionState set from STARTING to RUNNING for task Orders (78/120)
00:19:31,657 INFO  eu.stratosphere.pact.runtime.task.DataSourceTask              - Start PACT code: Customers (75/120)
00:19:31,657 INFO  eu.stratosphere.pact.runtime.task.RegularPactTask             - Start PACT code: FilterC (80/120)
00:19:31,653 INFO  eu.stratosphere.pact.runtime.task.DataSourceTask              - Start PACT code: Orders (77/120)
00:19:31,651 INFO  eu.stratosphere.pact.runtime.task.DataSourceTask              - Start PACT code: Orders (74/120)
00:19:31,650 INFO  eu.stratosphere.nephele.execution.ExecutionStateTransition    - TM: ExecutionState set from STARTING to RUNNING for task LineItems (80/120)
00:19:31,650 INFO  eu.stratosphere.nephele.execution.ExecutionStateTransition    - TM: ExecutionState set from STARTING to RUNNING for task LineItems (79/120)
00:19:31,649 INFO  eu.stratosphere.pact.runtime.task.DataSourceTask              - Start PACT code: Orders (75/120)
00:19:31,649 INFO  eu.stratosphere.nephele.execution.ExecutionStateTransition    - TM: ExecutionState set from STARTING to RUNNING for task LineItems (78/120)
00:19:31,649 INFO  eu.stratosphere.nephele.execution.ExecutionStateTransition    - TM: ExecutionState set from STARTING to RUNNING for task LineItems (77/120)
00:19:31,648 INFO  eu.stratosphere.nephele.execution.ExecutionStateTransition    - TM: ExecutionState set from STARTING to RUNNING for task LineItems (76/120)
00:19:31,647 INFO  eu.stratosphere.nephele.execution.ExecutionStateTransition    - TM: ExecutionState set from STARTING to RUNNING for task LineItems (75/120)
00:19:31,647 INFO  eu.stratosphere.nephele.execution.ExecutionStateTransition    - TM: ExecutionState set from STARTING to RUNNING for task LineItems (74/120)
00:19:31,647 INFO  eu.stratosphere.nephele.execution.ExecutionStateTransition    - TM: ExecutionState set from STARTING to RUNNING for task LineItems (73/120)
00:19:31,664 INFO  eu.stratosphere.pact.runtime.task.DataSourceTask              - Start PACT code: Orders (80/120)
00:19:31,662 INFO  eu.stratosphere.pact.runtime.task.DataSourceTask              - Start PACT code: Customers (76/120)
00:19:31,666 INFO  eu.stratosphere.pact.runtime.task.RegularPactTask             - Start PACT code: FilterC (76/120)
00:19:31,662 INFO  eu.stratosphere.pact.runtime.task.RegularPactTask             - Start PACT code: FilterO (75/120)
00:19:31,661 INFO  eu.stratosphere.pact.runtime.task.DataSourceTask              - Start PACT code: Orders (78/120)
00:19:31,667 INFO  eu.stratosphere.pact.runtime.task.DataSourceTask              - Start PACT code: Orders (76/120)
00:19:31,660 INFO  eu.stratosphere.pact.runtime.task.RegularPactTask             - Start PACT code: FilterO (74/120)
00:19:31,660 INFO  eu.stratosphere.pact.runtime.task.RegularPactTask             - Start PACT code: FilterO (77/120)
00:19:31,659 INFO  eu.stratosphere.pact.runtime.task.DataSourceTask              - Start PACT code: Orders (73/120)
00:19:31,658 INFO  eu.stratosphere.pact.runtime.task.RegularPactTask             - Start PACT code: FilterC (75/120)
00:19:31,669 INFO  eu.stratosphere.pact.runtime.task.RegularPactTask             - Start PACT code: FilterO (73/120)
00:19:31,669 INFO  eu.stratosphere.pact.runtime.task.DataSourceTask              - Start PACT code: Customers (73/120)
00:19:31,668 INFO  eu.stratosphere.pact.runtime.task.RegularPactTask             - Start PACT code: FilterO (76/120)
00:19:31,667 INFO  eu.stratosphere.pact.runtime.task.RegularPactTask             - Start PACT code: FilterO (78/120)
00:19:31,666 INFO  eu.stratosphere.pact.runtime.task.RegularPactTask             - Start PACT code: FilterO (80/120)
00:19:31,666 INFO  eu.stratosphere.pact.runtime.task.DataSourceTask              - Start PACT code: Customers (78/120)
00:19:31,670 INFO  eu.stratosphere.pact.runtime.task.DataSourceTask              - Start PACT code: Orders (79/120)
00:19:31,670 INFO  eu.stratosphere.pact.runtime.task.RegularPactTask             - Start PACT code: FilterC (73/120)
00:19:31,672 INFO  eu.stratosphere.pact.runtime.task.RegularPactTask             - Start PACT code: FilterO (79/120)
00:19:31,672 INFO  eu.stratosphere.pact.runtime.task.DataSourceTask              - Start PACT code: Customers (77/120)
00:19:31,672 INFO  eu.stratosphere.pact.runtime.task.RegularPactTask             - Start PACT code: FilterC (78/120)
00:19:31,675 INFO  eu.stratosphere.pact.runtime.task.RegularPactTask             - Start PACT code: FilterC (77/120)
00:19:31,674 INFO  eu.stratosphere.pact.runtime.task.DataSourceTask              - Start PACT code: Customers (79/120)
00:19:31,675 INFO  eu.stratosphere.pact.runtime.task.DataSourceTask              - Start PACT code: Customers (74/120)
00:19:31,676 INFO  eu.stratosphere.pact.runtime.task.RegularPactTask             - Start PACT code: FilterC (79/120)
00:19:31,676 INFO  eu.stratosphere.pact.runtime.task.RegularPactTask             - Start PACT code: FilterC (74/120)
00:19:31,677 INFO  eu.stratosphere.pact.runtime.task.DataSourceTask              - Start PACT code: LineItems (73/120)
00:19:31,678 INFO  eu.stratosphere.pact.runtime.task.RegularPactTask             - Start PACT code: FilterL (73/120)
00:19:31,678 INFO  eu.stratosphere.pact.runtime.task.DataSourceTask              - Start PACT code: LineItems (74/120)
00:19:31,679 INFO  eu.stratosphere.pact.runtime.task.RegularPactTask             - Start PACT code: FilterL (74/120)
00:19:31,680 INFO  eu.stratosphere.pact.runtime.task.DataSourceTask              - Start PACT code: LineItems (75/120)
00:19:31,680 INFO  eu.stratosphere.pact.runtime.task.RegularPactTask             - Start PACT code: FilterL (75/120)
00:19:31,681 INFO  eu.stratosphere.pact.runtime.task.DataSourceTask              - Start PACT code: LineItems (76/120)
00:19:31,681 INFO  eu.stratosphere.pact.runtime.task.RegularPactTask             - Start PACT code: FilterL (76/120)
00:19:31,683 INFO  eu.stratosphere.pact.runtime.task.DataSourceTask              - Start PACT code: LineItems (77/120)
00:19:31,683 INFO  eu.stratosphere.pact.runtime.task.RegularPactTask             - Start PACT code: FilterL (77/120)
00:19:31,684 INFO  eu.stratosphere.pact.runtime.task.DataSourceTask              - Start PACT code: LineItems (78/120)
00:19:31,684 INFO  eu.stratosphere.pact.runtime.task.RegularPactTask             - Start PACT code: FilterL (78/120)
00:19:31,686 INFO  eu.stratosphere.pact.runtime.task.DataSourceTask              - Start PACT code: LineItems (79/120)
00:19:31,686 INFO  eu.stratosphere.pact.runtime.task.RegularPactTask             - Start PACT code: FilterL (79/120)
00:19:31,687 INFO  eu.stratosphere.pact.runtime.task.DataSourceTask              - Start PACT code: LineItems (80/120)
00:19:31,688 INFO  eu.stratosphere.pact.runtime.task.RegularPactTask             - Start PACT code: FilterL (80/120)
