04:36:44,394 WARN  eu.stratosphere.nephele.configuration.GlobalConfiguration     - Cannot load configuration: unknown element plugins
04:36:44,431 INFO  eu.stratosphere.nephele.taskmanager.TaskManager               - Reading location of job manager from configuration
04:36:44,441 INFO  eu.stratosphere.nephele.taskmanager.TaskManager               - Determined address of job manager to be cloud-11.dima.tu-berlin.de/130.149.21.15:6002
04:36:44,449 INFO  eu.stratosphere.nephele.taskmanager.TaskManager               - Announcing connection information cloud-27 to job manager
04:36:44,514 INFO  eu.stratosphere.nephele.ipc.Server                            - IPC Server Responder: starting
04:36:44,514 INFO  eu.stratosphere.nephele.ipc.Server                            - IPC Server listener on 6122: starting
04:36:44,515 INFO  eu.stratosphere.nephele.ipc.Server                            - IPC Server handler 0 on 6122: starting
04:36:45,636 INFO  eu.stratosphere.nephele.taskmanager.bufferprovider.GlobalBufferPool  - Initialized global buffer pool with 32768 buffers with a size 32768 bytes each
04:36:45,655 INFO  eu.stratosphere.nephele.taskmanager.bytebuffered.ByteBufferedChannelManager  - Initialized byte buffered channel manager with sender-side spilling disabled
04:36:45,664 INFO  eu.stratosphere.nephele.instance.HardwareDescriptionFactory   - Found Tenured Gen pool (max: 24051843072, used: 0)
04:36:45,664 INFO  eu.stratosphere.nephele.taskmanager.TaskManager               - Initializing memory manager with 22528 megabytes of memory
04:37:14,615 INFO  eu.stratosphere.nephele.execution.ExecutionStateTransition    - TM: ExecutionState set from STARTING to RUNNING for task Input Edges (70/160)
04:37:14,615 INFO  eu.stratosphere.nephele.execution.ExecutionStateTransition    - TM: ExecutionState set from STARTING to RUNNING for task Input Edges (67/160)
04:37:14,615 INFO  eu.stratosphere.nephele.execution.ExecutionStateTransition    - TM: ExecutionState set from STARTING to RUNNING for task Input Edges (71/160)
04:37:14,615 INFO  eu.stratosphere.nephele.execution.ExecutionStateTransition    - TM: ExecutionState set from STARTING to RUNNING for task Input Edges (65/160)
04:37:14,615 INFO  eu.stratosphere.nephele.execution.ExecutionStateTransition    - TM: ExecutionState set from STARTING to RUNNING for task Input Edges (72/160)
04:37:14,615 INFO  eu.stratosphere.nephele.execution.ExecutionStateTransition    - TM: ExecutionState set from STARTING to RUNNING for task Input Edges (66/160)
04:37:14,615 INFO  eu.stratosphere.nephele.execution.ExecutionStateTransition    - TM: ExecutionState set from STARTING to RUNNING for task Input Edges (69/160)
04:37:14,615 INFO  eu.stratosphere.nephele.execution.ExecutionStateTransition    - TM: ExecutionState set from STARTING to RUNNING for task Input Edges (68/160)
04:37:14,621 INFO  eu.stratosphere.pact.runtime.task.DataSourceTask              - Start PACT code: Input Edges (70/160)
04:37:14,622 INFO  eu.stratosphere.pact.runtime.task.RegularPactTask             - Start PACT code: Project Edge (70/160)
04:37:14,625 INFO  eu.stratosphere.pact.runtime.task.DataSourceTask              - Start PACT code: Input Edges (68/160)
04:37:14,627 INFO  eu.stratosphere.pact.runtime.task.RegularPactTask             - Start PACT code: Project Edge (68/160)
04:37:14,628 INFO  eu.stratosphere.pact.runtime.task.DataSourceTask              - Start PACT code: Input Edges (69/160)
04:37:14,628 INFO  eu.stratosphere.pact.runtime.task.RegularPactTask             - Start PACT code: Project Edge (69/160)
04:37:14,629 INFO  eu.stratosphere.pact.runtime.task.DataSourceTask              - Start PACT code: Input Edges (66/160)
04:37:14,630 INFO  eu.stratosphere.pact.runtime.task.RegularPactTask             - Start PACT code: Project Edge (66/160)
04:37:14,631 INFO  eu.stratosphere.pact.runtime.task.DataSourceTask              - Start PACT code: Input Edges (72/160)
04:37:14,632 INFO  eu.stratosphere.pact.runtime.task.RegularPactTask             - Start PACT code: Project Edge (72/160)
04:37:14,632 INFO  eu.stratosphere.pact.runtime.task.DataSourceTask              - Start PACT code: Input Edges (65/160)
04:37:14,633 INFO  eu.stratosphere.pact.runtime.task.RegularPactTask             - Start PACT code: Project Edge (65/160)
04:37:14,633 INFO  eu.stratosphere.pact.runtime.task.DataSourceTask              - Start PACT code: Input Edges (71/160)
04:37:14,634 INFO  eu.stratosphere.pact.runtime.task.RegularPactTask             - Start PACT code: Project Edge (71/160)
04:37:14,634 INFO  eu.stratosphere.pact.runtime.task.DataSourceTask              - Start PACT code: Input Edges (67/160)
04:37:14,635 INFO  eu.stratosphere.pact.runtime.task.RegularPactTask             - Start PACT code: Project Edge (67/160)
04:37:15,722 INFO  eu.stratosphere.nephele.execution.ExecutionStateTransition    - TM: ExecutionState set from STARTING to RUNNING for task Count Edges for Vertex (65/160)
04:37:15,724 INFO  eu.stratosphere.pact.runtime.task.RegularPactTask             - Start PACT code.: Count Edges for Vertex (65/160)
04:37:15,744 INFO  eu.stratosphere.nephele.execution.ExecutionStateTransition    - TM: ExecutionState set from STARTING to RUNNING for task Count Edges for Vertex (69/160)
04:37:15,746 INFO  eu.stratosphere.pact.runtime.task.RegularPactTask             - Start PACT code.: Count Edges for Vertex (69/160)
04:37:15,792 INFO  eu.stratosphere.nephele.execution.ExecutionStateTransition    - TM: ExecutionState set from STARTING to RUNNING for task Count Edges for Vertex (72/160)
04:37:15,795 INFO  eu.stratosphere.pact.runtime.task.RegularPactTask             - Start PACT code.: Count Edges for Vertex (72/160)
04:37:15,828 INFO  eu.stratosphere.nephele.execution.ExecutionStateTransition    - TM: ExecutionState set from STARTING to RUNNING for task Count Edges for Vertex (68/160)
04:37:15,830 INFO  eu.stratosphere.pact.runtime.task.RegularPactTask             - Start PACT code.: Count Edges for Vertex (68/160)
04:37:15,875 INFO  eu.stratosphere.nephele.execution.ExecutionStateTransition    - TM: ExecutionState set from STARTING to RUNNING for task Count Edges for Vertex (70/160)
04:37:15,877 INFO  eu.stratosphere.pact.runtime.task.RegularPactTask             - Start PACT code.: Count Edges for Vertex (70/160)
04:37:15,895 INFO  eu.stratosphere.nephele.execution.ExecutionStateTransition    - TM: ExecutionState set from STARTING to RUNNING for task Count Edges for Vertex (66/160)
04:37:15,897 INFO  eu.stratosphere.pact.runtime.task.RegularPactTask             - Start PACT code.: Count Edges for Vertex (66/160)
04:37:16,113 INFO  eu.stratosphere.nephele.execution.ExecutionStateTransition    - TM: ExecutionState set from STARTING to RUNNING for task Count Edges for Vertex (71/160)
04:37:16,115 INFO  eu.stratosphere.pact.runtime.task.RegularPactTask             - Start PACT code.: Count Edges for Vertex (71/160)
04:37:16,213 INFO  eu.stratosphere.nephele.execution.ExecutionStateTransition    - TM: ExecutionState set from STARTING to RUNNING for task Count Edges for Vertex (67/160)
04:37:16,215 INFO  eu.stratosphere.pact.runtime.task.RegularPactTask             - Start PACT code.: Count Edges for Vertex (67/160)
04:37:19,234 INFO  eu.stratosphere.pact.runtime.task.RegularPactTask             - Finished PACT code: Project Edge (70/160)
04:37:19,235 INFO  eu.stratosphere.pact.runtime.task.DataSourceTask              - Finished PACT code: Input Edges (70/160)
04:37:19,235 INFO  eu.stratosphere.nephele.execution.ExecutionStateTransition    - TM: ExecutionState set from RUNNING to FINISHING for task Input Edges (70/160)
04:37:19,316 INFO  eu.stratosphere.pact.runtime.task.RegularPactTask             - Finished PACT code: Project Edge (68/160)
04:37:19,316 INFO  eu.stratosphere.pact.runtime.task.DataSourceTask              - Finished PACT code: Input Edges (68/160)
04:37:19,316 INFO  eu.stratosphere.nephele.execution.ExecutionStateTransition    - TM: ExecutionState set from RUNNING to FINISHING for task Input Edges (68/160)
04:37:19,328 INFO  eu.stratosphere.pact.runtime.task.RegularPactTask             - Finished PACT code: Project Edge (65/160)
04:37:19,329 INFO  eu.stratosphere.pact.runtime.task.DataSourceTask              - Finished PACT code: Input Edges (65/160)
04:37:19,329 INFO  eu.stratosphere.nephele.execution.ExecutionStateTransition    - TM: ExecutionState set from RUNNING to FINISHING for task Input Edges (65/160)
04:37:19,436 INFO  eu.stratosphere.pact.runtime.task.RegularPactTask             - Finished PACT code: Project Edge (67/160)
04:37:19,436 INFO  eu.stratosphere.pact.runtime.task.DataSourceTask              - Finished PACT code: Input Edges (67/160)
04:37:19,436 INFO  eu.stratosphere.nephele.execution.ExecutionStateTransition    - TM: ExecutionState set from RUNNING to FINISHING for task Input Edges (67/160)
04:37:19,449 INFO  eu.stratosphere.pact.runtime.task.RegularPactTask             - Finished PACT code: Project Edge (71/160)
04:37:19,450 INFO  eu.stratosphere.pact.runtime.task.DataSourceTask              - Finished PACT code: Input Edges (71/160)
04:37:19,450 INFO  eu.stratosphere.nephele.execution.ExecutionStateTransition    - TM: ExecutionState set from RUNNING to FINISHING for task Input Edges (71/160)
04:37:19,485 INFO  eu.stratosphere.pact.runtime.task.RegularPactTask             - Finished PACT code: Project Edge (69/160)
04:37:19,485 INFO  eu.stratosphere.pact.runtime.task.DataSourceTask              - Finished PACT code: Input Edges (69/160)
04:37:19,485 INFO  eu.stratosphere.nephele.execution.ExecutionStateTransition    - TM: ExecutionState set from RUNNING to FINISHING for task Input Edges (69/160)
04:37:19,496 INFO  eu.stratosphere.pact.runtime.task.RegularPactTask             - Finished PACT code: Project Edge (72/160)
04:37:19,496 INFO  eu.stratosphere.pact.runtime.task.DataSourceTask              - Finished PACT code: Input Edges (72/160)
04:37:19,497 INFO  eu.stratosphere.nephele.execution.ExecutionStateTransition    - TM: ExecutionState set from RUNNING to FINISHING for task Input Edges (72/160)
04:37:19,560 INFO  eu.stratosphere.pact.runtime.task.RegularPactTask             - Finished PACT code: Project Edge (66/160)
04:37:19,560 INFO  eu.stratosphere.pact.runtime.task.DataSourceTask              - Finished PACT code: Input Edges (66/160)
04:37:19,561 INFO  eu.stratosphere.nephele.execution.ExecutionStateTransition    - TM: ExecutionState set from RUNNING to FINISHING for task Input Edges (66/160)
04:37:23,159 INFO  eu.stratosphere.nephele.execution.ExecutionStateTransition    - TM: ExecutionState set from STARTING to RUNNING for task Join Counts (71/160)
04:37:23,159 INFO  eu.stratosphere.nephele.execution.ExecutionStateTransition    - TM: ExecutionState set from STARTING to RUNNING for task Select lower-degree Edge (71/160)
04:37:23,159 INFO  eu.stratosphere.nephele.execution.ExecutionStateTransition    - TM: ExecutionState set from STARTING to RUNNING for task Project out Counts (71/160)
04:37:23,162 INFO  eu.stratosphere.pact.runtime.task.RegularPactTask             - Start PACT code.: Join Counts (71/160)
04:37:23,163 INFO  eu.stratosphere.pact.runtime.task.RegularPactTask             - Start PACT code.: Project out Counts (71/160)
04:37:23,163 INFO  eu.stratosphere.pact.runtime.task.RegularPactTask             - Start PACT code.: Select lower-degree Edge (71/160)
04:37:23,578 INFO  eu.stratosphere.nephele.execution.ExecutionStateTransition    - TM: ExecutionState set from STARTING to RUNNING for task Project out Counts (66/160)
04:37:23,578 INFO  eu.stratosphere.nephele.execution.ExecutionStateTransition    - TM: ExecutionState set from STARTING to RUNNING for task Select lower-degree Edge (66/160)
04:37:23,578 INFO  eu.stratosphere.nephele.execution.ExecutionStateTransition    - TM: ExecutionState set from STARTING to RUNNING for task Join Counts (66/160)
04:37:23,580 INFO  eu.stratosphere.pact.runtime.task.RegularPactTask             - Start PACT code.: Project out Counts (66/160)
04:37:23,580 INFO  eu.stratosphere.pact.runtime.task.RegularPactTask             - Start PACT code.: Select lower-degree Edge (66/160)
04:37:23,581 INFO  eu.stratosphere.pact.runtime.task.RegularPactTask             - Start PACT code.: Join Counts (66/160)
04:37:23,616 INFO  eu.stratosphere.nephele.execution.ExecutionStateTransition    - TM: ExecutionState set from STARTING to RUNNING for task Join Counts (72/160)
04:37:23,617 INFO  eu.stratosphere.nephele.execution.ExecutionStateTransition    - TM: ExecutionState set from STARTING to RUNNING for task Project out Counts (72/160)
04:37:23,618 INFO  eu.stratosphere.pact.runtime.task.RegularPactTask             - Start PACT code.: Join Counts (72/160)
04:37:23,618 INFO  eu.stratosphere.nephele.execution.ExecutionStateTransition    - TM: ExecutionState set from STARTING to RUNNING for task Select lower-degree Edge (72/160)
04:37:23,619 INFO  eu.stratosphere.pact.runtime.task.RegularPactTask             - Start PACT code.: Project out Counts (72/160)
04:37:23,620 INFO  eu.stratosphere.pact.runtime.task.RegularPactTask             - Start PACT code.: Select lower-degree Edge (72/160)
04:37:23,646 INFO  eu.stratosphere.nephele.execution.ExecutionStateTransition    - TM: ExecutionState set from STARTING to RUNNING for task Select lower-degree Edge (69/160)
04:37:23,646 INFO  eu.stratosphere.nephele.execution.ExecutionStateTransition    - TM: ExecutionState set from STARTING to RUNNING for task Join Counts (69/160)
04:37:23,648 INFO  eu.stratosphere.pact.runtime.task.RegularPactTask             - Start PACT code.: Select lower-degree Edge (69/160)
04:37:23,647 INFO  eu.stratosphere.nephele.execution.ExecutionStateTransition    - TM: ExecutionState set from STARTING to RUNNING for task Project out Counts (69/160)
04:37:23,648 INFO  eu.stratosphere.pact.runtime.task.RegularPactTask             - Start PACT code.: Join Counts (69/160)
04:37:23,649 INFO  eu.stratosphere.pact.runtime.task.RegularPactTask             - Start PACT code.: Project out Counts (69/160)
04:37:23,778 INFO  eu.stratosphere.nephele.execution.ExecutionStateTransition    - TM: ExecutionState set from STARTING to RUNNING for task Join Counts (68/160)
04:37:23,779 INFO  eu.stratosphere.nephele.execution.ExecutionStateTransition    - TM: ExecutionState set from STARTING to RUNNING for task Select lower-degree Edge (68/160)
04:37:23,779 INFO  eu.stratosphere.nephele.execution.ExecutionStateTransition    - TM: ExecutionState set from STARTING to RUNNING for task Project out Counts (68/160)
04:37:23,780 INFO  eu.stratosphere.pact.runtime.task.RegularPactTask             - Start PACT code.: Join Counts (68/160)
04:37:23,781 INFO  eu.stratosphere.pact.runtime.task.RegularPactTask             - Start PACT code.: Select lower-degree Edge (68/160)
04:37:23,782 INFO  eu.stratosphere.pact.runtime.task.RegularPactTask             - Start PACT code.: Project out Counts (68/160)
04:37:23,946 INFO  eu.stratosphere.nephele.execution.ExecutionStateTransition    - TM: ExecutionState set from STARTING to RUNNING for task Join Counts (67/160)
04:37:23,947 INFO  eu.stratosphere.nephele.execution.ExecutionStateTransition    - TM: ExecutionState set from STARTING to RUNNING for task Select lower-degree Edge (67/160)
04:37:23,947 INFO  eu.stratosphere.nephele.execution.ExecutionStateTransition    - TM: ExecutionState set from STARTING to RUNNING for task Project out Counts (67/160)
04:37:23,948 INFO  eu.stratosphere.pact.runtime.task.RegularPactTask             - Start PACT code.: Join Counts (67/160)
04:37:23,949 INFO  eu.stratosphere.pact.runtime.task.RegularPactTask             - Start PACT code.: Select lower-degree Edge (67/160)
04:37:23,949 INFO  eu.stratosphere.pact.runtime.task.RegularPactTask             - Start PACT code.: Project out Counts (67/160)
04:37:24,115 INFO  eu.stratosphere.nephele.execution.ExecutionStateTransition    - TM: ExecutionState set from STARTING to RUNNING for task Join Counts (70/160)
04:37:24,116 INFO  eu.stratosphere.nephele.execution.ExecutionStateTransition    - TM: ExecutionState set from STARTING to RUNNING for task Select lower-degree Edge (70/160)
04:37:24,116 INFO  eu.stratosphere.nephele.execution.ExecutionStateTransition    - TM: ExecutionState set from STARTING to RUNNING for task Project out Counts (70/160)
04:37:24,116 INFO  eu.stratosphere.pact.runtime.task.RegularPactTask             - Start PACT code.: Join Counts (70/160)
04:37:24,117 INFO  eu.stratosphere.pact.runtime.task.RegularPactTask             - Start PACT code.: Select lower-degree Edge (70/160)
04:37:24,118 INFO  eu.stratosphere.pact.runtime.task.RegularPactTask             - Start PACT code.: Project out Counts (70/160)
04:37:24,148 INFO  eu.stratosphere.nephele.execution.ExecutionStateTransition    - TM: ExecutionState set from STARTING to RUNNING for task Join Counts (65/160)
04:37:24,148 INFO  eu.stratosphere.nephele.execution.ExecutionStateTransition    - TM: ExecutionState set from STARTING to RUNNING for task Select lower-degree Edge (65/160)
04:37:24,148 INFO  eu.stratosphere.nephele.execution.ExecutionStateTransition    - TM: ExecutionState set from STARTING to RUNNING for task Project out Counts (65/160)
04:37:24,150 INFO  eu.stratosphere.pact.runtime.task.RegularPactTask             - Start PACT code.: Join Counts (65/160)
04:37:24,151 INFO  eu.stratosphere.pact.runtime.task.RegularPactTask             - Start PACT code.: Select lower-degree Edge (65/160)
04:37:24,152 INFO  eu.stratosphere.pact.runtime.task.RegularPactTask             - Start PACT code.: Project out Counts (65/160)
04:37:25,444 INFO  eu.stratosphere.pact.runtime.task.RegularPactTask             - Finished PACT code.: Count Edges for Vertex (72/160)
04:37:25,444 INFO  eu.stratosphere.nephele.execution.ExecutionStateTransition    - TM: ExecutionState set from RUNNING to FINISHING for task Count Edges for Vertex (72/160)
04:37:25,498 INFO  eu.stratosphere.pact.runtime.task.RegularPactTask             - Finished PACT code.: Count Edges for Vertex (67/160)
04:37:25,498 INFO  eu.stratosphere.nephele.execution.ExecutionStateTransition    - TM: ExecutionState set from RUNNING to FINISHING for task Count Edges for Vertex (67/160)
04:37:25,514 INFO  eu.stratosphere.pact.runtime.task.RegularPactTask             - Finished PACT code.: Count Edges for Vertex (69/160)
04:37:25,514 INFO  eu.stratosphere.nephele.execution.ExecutionStateTransition    - TM: ExecutionState set from RUNNING to FINISHING for task Count Edges for Vertex (69/160)
04:37:25,517 INFO  eu.stratosphere.pact.runtime.task.RegularPactTask             - Finished PACT code.: Count Edges for Vertex (68/160)
04:37:25,518 INFO  eu.stratosphere.nephele.execution.ExecutionStateTransition    - TM: ExecutionState set from RUNNING to FINISHING for task Count Edges for Vertex (68/160)
04:37:25,573 INFO  eu.stratosphere.pact.runtime.task.RegularPactTask             - Finished PACT code.: Count Edges for Vertex (66/160)
04:37:25,573 INFO  eu.stratosphere.nephele.execution.ExecutionStateTransition    - TM: ExecutionState set from RUNNING to FINISHING for task Count Edges for Vertex (66/160)
04:37:25,637 INFO  eu.stratosphere.pact.runtime.task.RegularPactTask             - Finished PACT code.: Count Edges for Vertex (70/160)
04:37:25,638 INFO  eu.stratosphere.nephele.execution.ExecutionStateTransition    - TM: ExecutionState set from RUNNING to FINISHING for task Count Edges for Vertex (70/160)
04:37:25,640 INFO  eu.stratosphere.pact.runtime.task.RegularPactTask             - Finished PACT code.: Count Edges for Vertex (71/160)
04:37:25,640 INFO  eu.stratosphere.nephele.execution.ExecutionStateTransition    - TM: ExecutionState set from RUNNING to FINISHING for task Count Edges for Vertex (71/160)
04:37:25,693 INFO  eu.stratosphere.pact.runtime.task.RegularPactTask             - Finished PACT code.: Count Edges for Vertex (65/160)
04:37:25,693 INFO  eu.stratosphere.nephele.execution.ExecutionStateTransition    - TM: ExecutionState set from RUNNING to FINISHING for task Count Edges for Vertex (65/160)
04:37:26,659 INFO  eu.stratosphere.nephele.execution.ExecutionStateTransition    - TM: ExecutionState set from FINISHING to FINISHED for task Input Edges (68/160)
04:37:26,673 INFO  eu.stratosphere.nephele.execution.ExecutionStateTransition    - TM: ExecutionState set from FINISHING to FINISHED for task Input Edges (67/160)
04:37:26,675 INFO  eu.stratosphere.nephele.execution.ExecutionStateTransition    - TM: ExecutionState set from FINISHING to FINISHED for task Input Edges (69/160)
04:37:26,696 INFO  eu.stratosphere.nephele.execution.ExecutionStateTransition    - TM: ExecutionState set from FINISHING to FINISHED for task Input Edges (65/160)
04:37:26,703 INFO  eu.stratosphere.nephele.execution.ExecutionStateTransition    - TM: ExecutionState set from FINISHING to FINISHED for task Input Edges (72/160)
04:37:26,708 INFO  eu.stratosphere.nephele.execution.ExecutionStateTransition    - TM: ExecutionState set from FINISHING to FINISHED for task Input Edges (71/160)
04:37:26,713 INFO  eu.stratosphere.nephele.execution.ExecutionStateTransition    - TM: ExecutionState set from FINISHING to FINISHED for task Input Edges (70/160)
04:37:26,726 INFO  eu.stratosphere.nephele.execution.ExecutionStateTransition    - TM: ExecutionState set from FINISHING to FINISHED for task Input Edges (66/160)
04:37:27,308 INFO  eu.stratosphere.nephele.execution.ExecutionStateTransition    - TM: ExecutionState set from STARTING to RUNNING for task Close Triads (69/160)
04:37:27,309 INFO  eu.stratosphere.nephele.execution.ExecutionStateTransition    - TM: ExecutionState set from STARTING to RUNNING for task Triangles (69/160)
04:37:27,311 INFO  eu.stratosphere.pact.runtime.task.DataSinkTask                - Start PACT code: Triangles (69/160)
04:37:27,310 INFO  eu.stratosphere.pact.runtime.task.RegularPactTask             - Start PACT code.: Close Triads (69/160)
04:37:27,327 INFO  eu.stratosphere.nephele.execution.ExecutionStateTransition    - TM: ExecutionState set from STARTING to RUNNING for task Close Triads (70/160)
04:37:27,327 INFO  eu.stratosphere.nephele.execution.ExecutionStateTransition    - TM: ExecutionState set from STARTING to RUNNING for task Triangles (70/160)
04:37:27,328 INFO  eu.stratosphere.pact.runtime.task.RegularPactTask             - Start PACT code.: Close Triads (70/160)
04:37:27,329 INFO  eu.stratosphere.pact.runtime.task.DataSinkTask                - Start PACT code: Triangles (70/160)
04:37:27,348 INFO  eu.stratosphere.nephele.execution.ExecutionStateTransition    - TM: ExecutionState set from STARTING to RUNNING for task Triangles (66/160)
04:37:27,348 INFO  eu.stratosphere.nephele.execution.ExecutionStateTransition    - TM: ExecutionState set from STARTING to RUNNING for task Close Triads (66/160)
04:37:27,349 INFO  eu.stratosphere.pact.runtime.task.DataSinkTask                - Start PACT code: Triangles (66/160)
04:37:27,350 INFO  eu.stratosphere.pact.runtime.task.RegularPactTask             - Start PACT code.: Close Triads (66/160)
04:37:27,365 INFO  eu.stratosphere.nephele.execution.ExecutionStateTransition    - TM: ExecutionState set from STARTING to RUNNING for task Close Triads (72/160)
04:37:27,365 INFO  eu.stratosphere.nephele.execution.ExecutionStateTransition    - TM: ExecutionState set from STARTING to RUNNING for task Triangles (72/160)
04:37:27,366 INFO  eu.stratosphere.pact.runtime.task.RegularPactTask             - Start PACT code.: Close Triads (72/160)
04:37:27,367 INFO  eu.stratosphere.pact.runtime.task.DataSinkTask                - Start PACT code: Triangles (72/160)
04:37:27,391 INFO  eu.stratosphere.nephele.execution.ExecutionStateTransition    - TM: ExecutionState set from STARTING to RUNNING for task Close Triads (67/160)
04:37:27,391 INFO  eu.stratosphere.nephele.execution.ExecutionStateTransition    - TM: ExecutionState set from STARTING to RUNNING for task Triangles (67/160)
04:37:27,392 INFO  eu.stratosphere.pact.runtime.task.RegularPactTask             - Start PACT code.: Close Triads (67/160)
04:37:27,393 INFO  eu.stratosphere.pact.runtime.task.DataSinkTask                - Start PACT code: Triangles (67/160)
04:37:27,403 INFO  eu.stratosphere.nephele.execution.ExecutionStateTransition    - TM: ExecutionState set from STARTING to RUNNING for task Close Triads (68/160)
04:37:27,403 INFO  eu.stratosphere.nephele.execution.ExecutionStateTransition    - TM: ExecutionState set from STARTING to RUNNING for task Triangles (68/160)
04:37:27,405 INFO  eu.stratosphere.pact.runtime.task.RegularPactTask             - Start PACT code.: Close Triads (68/160)
04:37:27,405 INFO  eu.stratosphere.pact.runtime.task.DataSinkTask                - Start PACT code: Triangles (68/160)
04:37:27,415 INFO  eu.stratosphere.nephele.execution.ExecutionStateTransition    - TM: ExecutionState set from STARTING to RUNNING for task Close Triads (71/160)
04:37:27,415 INFO  eu.stratosphere.nephele.execution.ExecutionStateTransition    - TM: ExecutionState set from STARTING to RUNNING for task Triangles (71/160)
04:37:27,416 INFO  eu.stratosphere.pact.runtime.task.RegularPactTask             - Start PACT code.: Close Triads (71/160)
04:37:27,417 INFO  eu.stratosphere.pact.runtime.task.DataSinkTask                - Start PACT code: Triangles (71/160)
04:37:27,427 INFO  eu.stratosphere.nephele.execution.ExecutionStateTransition    - TM: ExecutionState set from STARTING to RUNNING for task Close Triads (65/160)
04:37:27,427 INFO  eu.stratosphere.nephele.execution.ExecutionStateTransition    - TM: ExecutionState set from STARTING to RUNNING for task Triangles (65/160)
04:37:27,428 INFO  eu.stratosphere.pact.runtime.task.RegularPactTask             - Start PACT code.: Close Triads (65/160)
04:37:27,428 INFO  eu.stratosphere.pact.runtime.task.DataSinkTask                - Start PACT code: Triangles (65/160)
04:37:28,091 INFO  eu.stratosphere.pact.runtime.task.RegularPactTask             - Finished PACT code.: Join Counts (69/160)
04:37:28,091 INFO  eu.stratosphere.nephele.execution.ExecutionStateTransition    - TM: ExecutionState set from RUNNING to FINISHING for task Join Counts (69/160)
04:37:28,095 INFO  eu.stratosphere.pact.runtime.task.RegularPactTask             - Finished PACT code.: Select lower-degree Edge (69/160)
04:37:28,095 INFO  eu.stratosphere.pact.runtime.task.RegularPactTask             - Finished PACT code.: Project out Counts (69/160)
04:37:28,095 INFO  eu.stratosphere.nephele.execution.ExecutionStateTransition    - TM: ExecutionState set from RUNNING to FINISHING for task Select lower-degree Edge (69/160)
04:37:28,095 INFO  eu.stratosphere.nephele.execution.ExecutionStateTransition    - TM: ExecutionState set from RUNNING to FINISHING for task Project out Counts (69/160)
04:37:28,158 INFO  eu.stratosphere.pact.runtime.task.RegularPactTask             - Finished PACT code.: Join Counts (67/160)
04:37:28,159 INFO  eu.stratosphere.nephele.execution.ExecutionStateTransition    - TM: ExecutionState set from RUNNING to FINISHING for task Join Counts (67/160)
04:37:28,161 INFO  eu.stratosphere.pact.runtime.task.RegularPactTask             - Finished PACT code.: Project out Counts (67/160)
04:37:28,161 INFO  eu.stratosphere.nephele.execution.ExecutionStateTransition    - TM: ExecutionState set from RUNNING to FINISHING for task Project out Counts (67/160)
04:37:28,161 INFO  eu.stratosphere.pact.runtime.task.RegularPactTask             - Finished PACT code.: Select lower-degree Edge (67/160)
04:37:28,162 INFO  eu.stratosphere.nephele.execution.ExecutionStateTransition    - TM: ExecutionState set from RUNNING to FINISHING for task Select lower-degree Edge (67/160)
04:37:28,187 INFO  eu.stratosphere.pact.runtime.task.RegularPactTask             - Finished PACT code.: Join Counts (65/160)
04:37:28,187 INFO  eu.stratosphere.nephele.execution.ExecutionStateTransition    - TM: ExecutionState set from RUNNING to FINISHING for task Join Counts (65/160)
04:37:28,189 INFO  eu.stratosphere.pact.runtime.task.RegularPactTask             - Finished PACT code.: Select lower-degree Edge (65/160)
04:37:28,189 INFO  eu.stratosphere.nephele.execution.ExecutionStateTransition    - TM: ExecutionState set from RUNNING to FINISHING for task Select lower-degree Edge (65/160)
04:37:28,190 INFO  eu.stratosphere.pact.runtime.task.RegularPactTask             - Finished PACT code.: Project out Counts (65/160)
04:37:28,190 INFO  eu.stratosphere.nephele.execution.ExecutionStateTransition    - TM: ExecutionState set from RUNNING to FINISHING for task Project out Counts (65/160)
04:37:28,196 INFO  eu.stratosphere.nephele.execution.ExecutionStateTransition    - TM: ExecutionState set from FINISHING to FINISHED for task Join Counts (69/160)
04:37:28,198 INFO  eu.stratosphere.pact.runtime.task.RegularPactTask             - Finished PACT code.: Join Counts (70/160)
04:37:28,198 INFO  eu.stratosphere.nephele.execution.ExecutionStateTransition    - TM: ExecutionState set from RUNNING to FINISHING for task Join Counts (70/160)
04:37:28,201 INFO  eu.stratosphere.pact.runtime.task.RegularPactTask             - Finished PACT code.: Project out Counts (70/160)
04:37:28,201 INFO  eu.stratosphere.pact.runtime.task.RegularPactTask             - Finished PACT code.: Select lower-degree Edge (70/160)
04:37:28,201 INFO  eu.stratosphere.nephele.execution.ExecutionStateTransition    - TM: ExecutionState set from RUNNING to FINISHING for task Project out Counts (70/160)
04:37:28,201 INFO  eu.stratosphere.nephele.execution.ExecutionStateTransition    - TM: ExecutionState set from RUNNING to FINISHING for task Select lower-degree Edge (70/160)
04:37:28,218 INFO  eu.stratosphere.pact.runtime.task.RegularPactTask             - Finished PACT code.: Join Counts (66/160)
04:37:28,219 INFO  eu.stratosphere.nephele.execution.ExecutionStateTransition    - TM: ExecutionState set from RUNNING to FINISHING for task Join Counts (66/160)
04:37:28,221 INFO  eu.stratosphere.pact.runtime.task.RegularPactTask             - Finished PACT code.: Project out Counts (66/160)
04:37:28,221 INFO  eu.stratosphere.nephele.execution.ExecutionStateTransition    - TM: ExecutionState set from RUNNING to FINISHING for task Project out Counts (66/160)
04:37:28,222 INFO  eu.stratosphere.pact.runtime.task.RegularPactTask             - Finished PACT code.: Select lower-degree Edge (66/160)
04:37:28,222 INFO  eu.stratosphere.nephele.execution.ExecutionStateTransition    - TM: ExecutionState set from RUNNING to FINISHING for task Select lower-degree Edge (66/160)
04:37:28,230 INFO  eu.stratosphere.pact.runtime.task.RegularPactTask             - Finished PACT code.: Join Counts (68/160)
04:37:28,230 INFO  eu.stratosphere.nephele.execution.ExecutionStateTransition    - TM: ExecutionState set from RUNNING to FINISHING for task Join Counts (68/160)
04:37:28,233 INFO  eu.stratosphere.pact.runtime.task.RegularPactTask             - Finished PACT code.: Select lower-degree Edge (68/160)
04:37:28,233 INFO  eu.stratosphere.pact.runtime.task.RegularPactTask             - Finished PACT code.: Project out Counts (68/160)
04:37:28,233 INFO  eu.stratosphere.nephele.execution.ExecutionStateTransition    - TM: ExecutionState set from RUNNING to FINISHING for task Select lower-degree Edge (68/160)
04:37:28,234 INFO  eu.stratosphere.nephele.execution.ExecutionStateTransition    - TM: ExecutionState set from RUNNING to FINISHING for task Project out Counts (68/160)
04:37:28,243 INFO  eu.stratosphere.pact.runtime.task.RegularPactTask             - Finished PACT code.: Join Counts (72/160)
04:37:28,243 INFO  eu.stratosphere.nephele.execution.ExecutionStateTransition    - TM: ExecutionState set from RUNNING to FINISHING for task Join Counts (72/160)
04:37:28,245 INFO  eu.stratosphere.pact.runtime.task.RegularPactTask             - Finished PACT code.: Select lower-degree Edge (72/160)
04:37:28,246 INFO  eu.stratosphere.pact.runtime.task.RegularPactTask             - Finished PACT code.: Project out Counts (72/160)
04:37:28,246 INFO  eu.stratosphere.nephele.execution.ExecutionStateTransition    - TM: ExecutionState set from RUNNING to FINISHING for task Select lower-degree Edge (72/160)
04:37:28,246 INFO  eu.stratosphere.nephele.execution.ExecutionStateTransition    - TM: ExecutionState set from RUNNING to FINISHING for task Project out Counts (72/160)
04:37:28,251 INFO  eu.stratosphere.pact.runtime.task.RegularPactTask             - Finished PACT code.: Join Counts (71/160)
04:37:28,252 INFO  eu.stratosphere.nephele.execution.ExecutionStateTransition    - TM: ExecutionState set from RUNNING to FINISHING for task Join Counts (71/160)
04:37:28,254 INFO  eu.stratosphere.pact.runtime.task.RegularPactTask             - Finished PACT code.: Project out Counts (71/160)
04:37:28,255 INFO  eu.stratosphere.pact.runtime.task.RegularPactTask             - Finished PACT code.: Select lower-degree Edge (71/160)
04:37:28,255 INFO  eu.stratosphere.nephele.execution.ExecutionStateTransition    - TM: ExecutionState set from RUNNING to FINISHING for task Project out Counts (71/160)
04:37:28,255 INFO  eu.stratosphere.nephele.execution.ExecutionStateTransition    - TM: ExecutionState set from RUNNING to FINISHING for task Select lower-degree Edge (71/160)
04:37:28,262 INFO  eu.stratosphere.nephele.execution.ExecutionStateTransition    - TM: ExecutionState set from FINISHING to FINISHED for task Join Counts (67/160)
04:37:28,289 INFO  eu.stratosphere.nephele.execution.ExecutionStateTransition    - TM: ExecutionState set from FINISHING to FINISHED for task Join Counts (65/160)
04:37:28,300 INFO  eu.stratosphere.nephele.execution.ExecutionStateTransition    - TM: ExecutionState set from FINISHING to FINISHED for task Join Counts (70/160)
04:37:28,321 INFO  eu.stratosphere.nephele.execution.ExecutionStateTransition    - TM: ExecutionState set from FINISHING to FINISHED for task Join Counts (66/160)
04:37:28,332 INFO  eu.stratosphere.nephele.execution.ExecutionStateTransition    - TM: ExecutionState set from FINISHING to FINISHED for task Join Counts (68/160)
04:37:28,345 INFO  eu.stratosphere.nephele.execution.ExecutionStateTransition    - TM: ExecutionState set from FINISHING to FINISHED for task Join Counts (72/160)
04:37:28,354 INFO  eu.stratosphere.nephele.execution.ExecutionStateTransition    - TM: ExecutionState set from FINISHING to FINISHED for task Join Counts (71/160)
04:37:29,594 INFO  eu.stratosphere.nephele.execution.ExecutionStateTransition    - TM: ExecutionState set from FINISHING to FINISHED for task Count Edges for Vertex (66/160)
04:37:29,613 INFO  eu.stratosphere.nephele.execution.ExecutionStateTransition    - TM: ExecutionState set from FINISHING to FINISHED for task Count Edges for Vertex (65/160)
04:37:29,619 INFO  eu.stratosphere.nephele.execution.ExecutionStateTransition    - TM: ExecutionState set from FINISHING to FINISHED for task Count Edges for Vertex (67/160)
04:37:29,644 INFO  eu.stratosphere.nephele.execution.ExecutionStateTransition    - TM: ExecutionState set from FINISHING to FINISHED for task Count Edges for Vertex (68/160)
04:37:29,644 INFO  eu.stratosphere.nephele.execution.ExecutionStateTransition    - TM: ExecutionState set from FINISHING to FINISHED for task Count Edges for Vertex (69/160)
04:37:29,651 INFO  eu.stratosphere.nephele.execution.ExecutionStateTransition    - TM: ExecutionState set from STARTING to RUNNING for task Build Triads (65/160)
04:37:29,652 INFO  eu.stratosphere.pact.runtime.task.RegularPactTask             - Start PACT code.: Build Triads (65/160)
04:37:29,666 INFO  eu.stratosphere.nephele.execution.ExecutionStateTransition    - TM: ExecutionState set from FINISHING to FINISHED for task Count Edges for Vertex (71/160)
04:37:29,667 INFO  eu.stratosphere.nephele.execution.ExecutionStateTransition    - TM: ExecutionState set from FINISHING to FINISHED for task Count Edges for Vertex (70/160)
04:37:29,667 INFO  eu.stratosphere.nephele.execution.ExecutionStateTransition    - TM: ExecutionState set from FINISHING to FINISHED for task Count Edges for Vertex (72/160)
04:37:29,696 INFO  eu.stratosphere.nephele.execution.ExecutionStateTransition    - TM: ExecutionState set from STARTING to RUNNING for task Build Triads (66/160)
04:37:29,698 INFO  eu.stratosphere.pact.runtime.task.RegularPactTask             - Start PACT code.: Build Triads (66/160)
04:37:29,721 INFO  eu.stratosphere.nephele.execution.ExecutionStateTransition    - TM: ExecutionState set from STARTING to RUNNING for task Build Triads (67/160)
04:37:29,722 INFO  eu.stratosphere.pact.runtime.task.RegularPactTask             - Start PACT code.: Build Triads (67/160)
04:37:29,742 INFO  eu.stratosphere.nephele.execution.ExecutionStateTransition    - TM: ExecutionState set from STARTING to RUNNING for task Build Triads (68/160)
04:37:29,744 INFO  eu.stratosphere.pact.runtime.task.RegularPactTask             - Start PACT code.: Build Triads (68/160)
04:37:29,755 INFO  eu.stratosphere.nephele.execution.ExecutionStateTransition    - TM: ExecutionState set from STARTING to RUNNING for task Build Triads (69/160)
04:37:29,756 INFO  eu.stratosphere.pact.runtime.task.RegularPactTask             - Start PACT code.: Build Triads (69/160)
04:37:29,768 INFO  eu.stratosphere.nephele.execution.ExecutionStateTransition    - TM: ExecutionState set from STARTING to RUNNING for task Build Triads (70/160)
04:37:29,769 INFO  eu.stratosphere.pact.runtime.task.RegularPactTask             - Start PACT code.: Build Triads (70/160)
04:37:29,786 INFO  eu.stratosphere.nephele.execution.ExecutionStateTransition    - TM: ExecutionState set from STARTING to RUNNING for task Build Triads (71/160)
04:37:29,787 INFO  eu.stratosphere.pact.runtime.task.RegularPactTask             - Start PACT code.: Build Triads (71/160)
04:37:29,808 INFO  eu.stratosphere.nephele.execution.ExecutionStateTransition    - TM: ExecutionState set from STARTING to RUNNING for task Build Triads (72/160)
04:37:29,809 INFO  eu.stratosphere.pact.runtime.task.RegularPactTask             - Start PACT code.: Build Triads (72/160)
04:37:34,717 INFO  eu.stratosphere.pact.runtime.task.RegularPactTask             - Finished PACT code.: Build Triads (66/160)
04:37:34,718 INFO  eu.stratosphere.nephele.execution.ExecutionStateTransition    - TM: ExecutionState set from RUNNING to FINISHING for task Build Triads (66/160)
04:37:35,093 INFO  eu.stratosphere.pact.runtime.task.RegularPactTask             - Finished PACT code.: Build Triads (69/160)
04:37:35,094 INFO  eu.stratosphere.nephele.execution.ExecutionStateTransition    - TM: ExecutionState set from RUNNING to FINISHING for task Build Triads (69/160)
04:37:35,363 INFO  eu.stratosphere.pact.runtime.task.RegularPactTask             - Finished PACT code.: Build Triads (68/160)
04:37:35,363 INFO  eu.stratosphere.nephele.execution.ExecutionStateTransition    - TM: ExecutionState set from RUNNING to FINISHING for task Build Triads (68/160)
04:37:35,430 INFO  eu.stratosphere.pact.runtime.task.RegularPactTask             - Finished PACT code.: Build Triads (67/160)
04:37:35,431 INFO  eu.stratosphere.nephele.execution.ExecutionStateTransition    - TM: ExecutionState set from RUNNING to FINISHING for task Build Triads (67/160)
04:37:35,457 INFO  eu.stratosphere.pact.runtime.task.RegularPactTask             - Finished PACT code.: Build Triads (71/160)
04:37:35,458 INFO  eu.stratosphere.nephele.execution.ExecutionStateTransition    - TM: ExecutionState set from RUNNING to FINISHING for task Build Triads (71/160)
04:37:35,541 INFO  eu.stratosphere.pact.runtime.task.RegularPactTask             - Finished PACT code.: Build Triads (70/160)
04:37:35,541 INFO  eu.stratosphere.nephele.execution.ExecutionStateTransition    - TM: ExecutionState set from RUNNING to FINISHING for task Build Triads (70/160)
04:37:35,546 INFO  eu.stratosphere.pact.runtime.task.RegularPactTask             - Finished PACT code.: Build Triads (72/160)
04:37:35,546 INFO  eu.stratosphere.nephele.execution.ExecutionStateTransition    - TM: ExecutionState set from RUNNING to FINISHING for task Build Triads (72/160)
04:37:35,892 INFO  eu.stratosphere.pact.runtime.task.RegularPactTask             - Finished PACT code.: Build Triads (65/160)
04:37:35,893 INFO  eu.stratosphere.nephele.execution.ExecutionStateTransition    - TM: ExecutionState set from RUNNING to FINISHING for task Build Triads (65/160)
04:38:59,508 INFO  eu.stratosphere.pact.runtime.task.RegularPactTask             - Finished PACT code.: Close Triads (69/160)
04:38:59,509 INFO  eu.stratosphere.nephele.execution.ExecutionStateTransition    - TM: ExecutionState set from RUNNING to FINISHING for task Close Triads (69/160)
04:38:59,513 INFO  eu.stratosphere.nephele.execution.ExecutionStateTransition    - TM: ExecutionState set from FINISHING to FINISHED for task Select lower-degree Edge (69/160)
04:38:59,513 INFO  eu.stratosphere.nephele.execution.ExecutionStateTransition    - TM: ExecutionState set from FINISHING to FINISHED for task Select lower-degree Edge (65/160)
04:38:59,514 INFO  eu.stratosphere.pact.runtime.task.RegularPactTask             - Finished PACT code.: Close Triads (70/160)
04:38:59,514 INFO  eu.stratosphere.nephele.execution.ExecutionStateTransition    - TM: ExecutionState set from RUNNING to FINISHING for task Close Triads (70/160)
04:38:59,520 INFO  eu.stratosphere.pact.runtime.task.RegularPactTask             - Finished PACT code.: Close Triads (67/160)
04:38:59,520 INFO  eu.stratosphere.nephele.execution.ExecutionStateTransition    - TM: ExecutionState set from RUNNING to FINISHING for task Close Triads (67/160)
04:38:59,524 INFO  eu.stratosphere.pact.runtime.task.RegularPactTask             - Finished PACT code.: Close Triads (68/160)
04:38:59,525 INFO  eu.stratosphere.nephele.execution.ExecutionStateTransition    - TM: ExecutionState set from RUNNING to FINISHING for task Close Triads (68/160)
04:38:59,529 INFO  eu.stratosphere.pact.runtime.task.RegularPactTask             - Finished PACT code.: Close Triads (65/160)
04:38:59,529 INFO  eu.stratosphere.nephele.execution.ExecutionStateTransition    - TM: ExecutionState set from RUNNING to FINISHING for task Close Triads (65/160)
04:38:59,539 INFO  eu.stratosphere.pact.runtime.task.RegularPactTask             - Finished PACT code.: Close Triads (72/160)
04:38:59,541 INFO  eu.stratosphere.nephele.execution.ExecutionStateTransition    - TM: ExecutionState set from FINISHING to FINISHED for task Select lower-degree Edge (72/160)
04:38:59,542 INFO  eu.stratosphere.nephele.execution.ExecutionStateTransition    - TM: ExecutionState set from RUNNING to FINISHING for task Close Triads (72/160)
04:38:59,545 INFO  eu.stratosphere.pact.runtime.task.RegularPactTask             - Finished PACT code.: Close Triads (66/160)
04:38:59,546 INFO  eu.stratosphere.nephele.execution.ExecutionStateTransition    - TM: ExecutionState set from RUNNING to FINISHING for task Close Triads (66/160)
04:38:59,553 INFO  eu.stratosphere.pact.runtime.task.DataSinkTask                - Finished PACT code: Triangles (70/160)
04:38:59,553 INFO  eu.stratosphere.nephele.execution.ExecutionStateTransition    - TM: ExecutionState set from RUNNING to FINISHING for task Triangles (70/160)
04:38:59,554 INFO  eu.stratosphere.nephele.execution.ExecutionStateTransition    - TM: ExecutionState set from FINISHING to FINISHED for task Triangles (70/160)
04:38:59,556 INFO  eu.stratosphere.pact.runtime.task.DataSinkTask                - Finished PACT code: Triangles (69/160)
04:38:59,559 INFO  eu.stratosphere.nephele.execution.ExecutionStateTransition    - TM: ExecutionState set from RUNNING to FINISHING for task Triangles (69/160)
04:38:59,560 INFO  eu.stratosphere.nephele.execution.ExecutionStateTransition    - TM: ExecutionState set from FINISHING to FINISHED for task Triangles (69/160)
04:38:59,560 INFO  eu.stratosphere.pact.runtime.task.DataSinkTask                - Finished PACT code: Triangles (67/160)
04:38:59,560 INFO  eu.stratosphere.pact.runtime.task.DataSinkTask                - Finished PACT code: Triangles (68/160)
04:38:59,561 INFO  eu.stratosphere.nephele.execution.ExecutionStateTransition    - TM: ExecutionState set from RUNNING to FINISHING for task Triangles (67/160)
04:38:59,561 INFO  eu.stratosphere.nephele.execution.ExecutionStateTransition    - TM: ExecutionState set from RUNNING to FINISHING for task Triangles (68/160)
04:38:59,562 INFO  eu.stratosphere.nephele.execution.ExecutionStateTransition    - TM: ExecutionState set from FINISHING to FINISHED for task Triangles (67/160)
04:38:59,563 INFO  eu.stratosphere.nephele.execution.ExecutionStateTransition    - TM: ExecutionState set from FINISHING to FINISHED for task Triangles (68/160)
04:38:59,563 INFO  eu.stratosphere.nephele.execution.ExecutionStateTransition    - TM: ExecutionState set from FINISHING to FINISHED for task Select lower-degree Edge (67/160)
04:38:59,568 INFO  eu.stratosphere.nephele.execution.ExecutionStateTransition    - TM: ExecutionState set from FINISHING to FINISHED for task Select lower-degree Edge (71/160)
04:38:59,569 INFO  eu.stratosphere.pact.runtime.task.DataSinkTask                - Finished PACT code: Triangles (65/160)
04:38:59,569 INFO  eu.stratosphere.nephele.execution.ExecutionStateTransition    - TM: ExecutionState set from RUNNING to FINISHING for task Triangles (65/160)
04:38:59,570 INFO  eu.stratosphere.nephele.execution.ExecutionStateTransition    - TM: ExecutionState set from FINISHING to FINISHED for task Select lower-degree Edge (68/160)
04:38:59,570 INFO  eu.stratosphere.nephele.execution.ExecutionStateTransition    - TM: ExecutionState set from FINISHING to FINISHED for task Triangles (65/160)
04:38:59,573 INFO  eu.stratosphere.nephele.execution.ExecutionStateTransition    - TM: ExecutionState set from FINISHING to FINISHED for task Select lower-degree Edge (70/160)
04:38:59,592 INFO  eu.stratosphere.nephele.execution.ExecutionStateTransition    - TM: ExecutionState set from FINISHING to FINISHED for task Select lower-degree Edge (66/160)
04:38:59,613 INFO  eu.stratosphere.nephele.execution.ExecutionStateTransition    - TM: ExecutionState set from FINISHING to FINISHED for task Close Triads (69/160)
04:38:59,618 INFO  eu.stratosphere.nephele.execution.ExecutionStateTransition    - TM: ExecutionState set from FINISHING to FINISHED for task Close Triads (70/160)
04:38:59,625 INFO  eu.stratosphere.nephele.execution.ExecutionStateTransition    - TM: ExecutionState set from FINISHING to FINISHED for task Close Triads (67/160)
04:38:59,629 INFO  eu.stratosphere.nephele.execution.ExecutionStateTransition    - TM: ExecutionState set from FINISHING to FINISHED for task Close Triads (68/160)
04:38:59,638 INFO  eu.stratosphere.nephele.execution.ExecutionStateTransition    - TM: ExecutionState set from FINISHING to FINISHED for task Close Triads (65/160)
04:38:59,702 INFO  eu.stratosphere.pact.runtime.task.DataSinkTask                - Finished PACT code: Triangles (72/160)
04:38:59,703 INFO  eu.stratosphere.nephele.execution.ExecutionStateTransition    - TM: ExecutionState set from RUNNING to FINISHING for task Triangles (72/160)
04:38:59,703 INFO  eu.stratosphere.nephele.execution.ExecutionStateTransition    - TM: ExecutionState set from FINISHING to FINISHED for task Triangles (72/160)
04:38:59,742 INFO  eu.stratosphere.pact.runtime.task.DataSinkTask                - Finished PACT code: Triangles (66/160)
04:38:59,742 INFO  eu.stratosphere.nephele.execution.ExecutionStateTransition    - TM: ExecutionState set from RUNNING to FINISHING for task Triangles (66/160)
04:38:59,743 INFO  eu.stratosphere.nephele.execution.ExecutionStateTransition    - TM: ExecutionState set from FINISHING to FINISHED for task Triangles (66/160)
04:38:59,748 INFO  eu.stratosphere.nephele.execution.ExecutionStateTransition    - TM: ExecutionState set from FINISHING to FINISHED for task Close Triads (72/160)
04:38:59,753 INFO  eu.stratosphere.nephele.execution.ExecutionStateTransition    - TM: ExecutionState set from FINISHING to FINISHED for task Close Triads (66/160)
