04:44:30,615 WARN  eu.stratosphere.nephele.configuration.GlobalConfiguration     - Cannot load configuration: unknown element plugins
04:44:30,652 INFO  eu.stratosphere.nephele.taskmanager.TaskManager               - Reading location of job manager from configuration
04:44:30,662 INFO  eu.stratosphere.nephele.taskmanager.TaskManager               - Determined address of job manager to be cloud-11.dima.tu-berlin.de/130.149.21.15:6002
04:44:30,669 INFO  eu.stratosphere.nephele.taskmanager.TaskManager               - Announcing connection information cloud-19 to job manager
04:44:30,734 INFO  eu.stratosphere.nephele.ipc.Server                            - IPC Server listener on 6122: starting
04:44:30,735 INFO  eu.stratosphere.nephele.ipc.Server                            - IPC Server Responder: starting
04:44:30,736 INFO  eu.stratosphere.nephele.ipc.Server                            - IPC Server handler 0 on 6122: starting
04:44:31,853 INFO  eu.stratosphere.nephele.taskmanager.bufferprovider.GlobalBufferPool  - Initialized global buffer pool with 32768 buffers with a size 32768 bytes each
04:44:31,872 INFO  eu.stratosphere.nephele.taskmanager.bytebuffered.ByteBufferedChannelManager  - Initialized byte buffered channel manager with sender-side spilling disabled
04:44:31,882 INFO  eu.stratosphere.nephele.instance.HardwareDescriptionFactory   - Found Tenured Gen pool (max: 24051843072, used: 0)
04:44:31,882 INFO  eu.stratosphere.nephele.taskmanager.TaskManager               - Initializing memory manager with 22528 megabytes of memory
04:45:02,363 INFO  eu.stratosphere.nephele.execution.ExecutionStateTransition    - TM: ExecutionState set from STARTING to RUNNING for task Input Edges (9/160)
04:45:02,363 INFO  eu.stratosphere.nephele.execution.ExecutionStateTransition    - TM: ExecutionState set from STARTING to RUNNING for task Input Edges (16/160)
04:45:02,363 INFO  eu.stratosphere.nephele.execution.ExecutionStateTransition    - TM: ExecutionState set from STARTING to RUNNING for task Input Edges (11/160)
04:45:02,364 INFO  eu.stratosphere.nephele.execution.ExecutionStateTransition    - TM: ExecutionState set from STARTING to RUNNING for task Input Edges (12/160)
04:45:02,364 INFO  eu.stratosphere.nephele.execution.ExecutionStateTransition    - TM: ExecutionState set from STARTING to RUNNING for task Input Edges (10/160)
04:45:02,363 INFO  eu.stratosphere.nephele.execution.ExecutionStateTransition    - TM: ExecutionState set from STARTING to RUNNING for task Input Edges (13/160)
04:45:02,363 INFO  eu.stratosphere.nephele.execution.ExecutionStateTransition    - TM: ExecutionState set from STARTING to RUNNING for task Input Edges (15/160)
04:45:02,364 INFO  eu.stratosphere.nephele.execution.ExecutionStateTransition    - TM: ExecutionState set from STARTING to RUNNING for task Input Edges (14/160)
04:45:02,368 INFO  eu.stratosphere.pact.runtime.task.DataSourceTask              - Start PACT code: Input Edges (9/160)
04:45:02,370 INFO  eu.stratosphere.pact.runtime.task.RegularPactTask             - Start PACT code: Project Edge (9/160)
04:45:02,373 INFO  eu.stratosphere.pact.runtime.task.DataSourceTask              - Start PACT code: Input Edges (10/160)
04:45:02,374 INFO  eu.stratosphere.pact.runtime.task.RegularPactTask             - Start PACT code: Project Edge (10/160)
04:45:02,375 INFO  eu.stratosphere.pact.runtime.task.DataSourceTask              - Start PACT code: Input Edges (14/160)
04:45:02,376 INFO  eu.stratosphere.pact.runtime.task.RegularPactTask             - Start PACT code: Project Edge (14/160)
04:45:02,378 INFO  eu.stratosphere.pact.runtime.task.DataSourceTask              - Start PACT code: Input Edges (15/160)
04:45:02,379 INFO  eu.stratosphere.pact.runtime.task.RegularPactTask             - Start PACT code: Project Edge (15/160)
04:45:02,381 INFO  eu.stratosphere.pact.runtime.task.DataSourceTask              - Start PACT code: Input Edges (13/160)
04:45:02,382 INFO  eu.stratosphere.pact.runtime.task.RegularPactTask             - Start PACT code: Project Edge (13/160)
04:45:02,385 INFO  eu.stratosphere.pact.runtime.task.DataSourceTask              - Start PACT code: Input Edges (12/160)
04:45:02,386 INFO  eu.stratosphere.pact.runtime.task.RegularPactTask             - Start PACT code: Project Edge (12/160)
04:45:02,387 INFO  eu.stratosphere.pact.runtime.task.DataSourceTask              - Start PACT code: Input Edges (11/160)
04:45:02,387 INFO  eu.stratosphere.pact.runtime.task.RegularPactTask             - Start PACT code: Project Edge (11/160)
04:45:02,388 INFO  eu.stratosphere.pact.runtime.task.DataSourceTask              - Start PACT code: Input Edges (16/160)
04:45:02,389 INFO  eu.stratosphere.pact.runtime.task.RegularPactTask             - Start PACT code: Project Edge (16/160)
04:45:03,419 INFO  eu.stratosphere.nephele.execution.ExecutionStateTransition    - TM: ExecutionState set from STARTING to RUNNING for task Count Edges for Vertex (16/160)
04:45:03,420 INFO  eu.stratosphere.pact.runtime.task.RegularPactTask             - Start PACT code.: Count Edges for Vertex (16/160)
04:45:03,445 INFO  eu.stratosphere.nephele.execution.ExecutionStateTransition    - TM: ExecutionState set from STARTING to RUNNING for task Count Edges for Vertex (12/160)
04:45:03,447 INFO  eu.stratosphere.pact.runtime.task.RegularPactTask             - Start PACT code.: Count Edges for Vertex (12/160)
04:45:03,540 INFO  eu.stratosphere.nephele.execution.ExecutionStateTransition    - TM: ExecutionState set from STARTING to RUNNING for task Count Edges for Vertex (9/160)
04:45:03,541 INFO  eu.stratosphere.pact.runtime.task.RegularPactTask             - Start PACT code.: Count Edges for Vertex (9/160)
04:45:03,569 INFO  eu.stratosphere.nephele.execution.ExecutionStateTransition    - TM: ExecutionState set from STARTING to RUNNING for task Count Edges for Vertex (14/160)
04:45:03,570 INFO  eu.stratosphere.pact.runtime.task.RegularPactTask             - Start PACT code.: Count Edges for Vertex (14/160)
04:45:03,739 INFO  eu.stratosphere.nephele.execution.ExecutionStateTransition    - TM: ExecutionState set from STARTING to RUNNING for task Count Edges for Vertex (15/160)
04:45:03,741 INFO  eu.stratosphere.pact.runtime.task.RegularPactTask             - Start PACT code.: Count Edges for Vertex (15/160)
04:45:03,793 INFO  eu.stratosphere.nephele.execution.ExecutionStateTransition    - TM: ExecutionState set from STARTING to RUNNING for task Count Edges for Vertex (13/160)
04:45:03,795 INFO  eu.stratosphere.pact.runtime.task.RegularPactTask             - Start PACT code.: Count Edges for Vertex (13/160)
04:45:04,094 INFO  eu.stratosphere.nephele.execution.ExecutionStateTransition    - TM: ExecutionState set from STARTING to RUNNING for task Count Edges for Vertex (10/160)
04:45:04,097 INFO  eu.stratosphere.pact.runtime.task.RegularPactTask             - Start PACT code.: Count Edges for Vertex (10/160)
04:45:04,116 INFO  eu.stratosphere.nephele.execution.ExecutionStateTransition    - TM: ExecutionState set from STARTING to RUNNING for task Count Edges for Vertex (11/160)
04:45:04,119 INFO  eu.stratosphere.pact.runtime.task.RegularPactTask             - Start PACT code.: Count Edges for Vertex (11/160)
04:45:05,291 INFO  eu.stratosphere.pact.runtime.task.RegularPactTask             - Finished PACT code: Project Edge (14/160)
04:45:05,292 INFO  eu.stratosphere.pact.runtime.task.DataSourceTask              - Finished PACT code: Input Edges (14/160)
04:45:05,292 INFO  eu.stratosphere.nephele.execution.ExecutionStateTransition    - TM: ExecutionState set from RUNNING to FINISHING for task Input Edges (14/160)
04:45:05,547 INFO  eu.stratosphere.pact.runtime.task.RegularPactTask             - Finished PACT code: Project Edge (15/160)
04:45:05,547 INFO  eu.stratosphere.pact.runtime.task.DataSourceTask              - Finished PACT code: Input Edges (15/160)
04:45:05,548 INFO  eu.stratosphere.nephele.execution.ExecutionStateTransition    - TM: ExecutionState set from RUNNING to FINISHING for task Input Edges (15/160)
04:45:05,558 INFO  eu.stratosphere.pact.runtime.task.RegularPactTask             - Finished PACT code: Project Edge (12/160)
04:45:05,558 INFO  eu.stratosphere.pact.runtime.task.DataSourceTask              - Finished PACT code: Input Edges (12/160)
04:45:05,558 INFO  eu.stratosphere.nephele.execution.ExecutionStateTransition    - TM: ExecutionState set from RUNNING to FINISHING for task Input Edges (12/160)
04:45:05,569 INFO  eu.stratosphere.pact.runtime.task.RegularPactTask             - Finished PACT code: Project Edge (9/160)
04:45:05,569 INFO  eu.stratosphere.pact.runtime.task.DataSourceTask              - Finished PACT code: Input Edges (9/160)
04:45:05,570 INFO  eu.stratosphere.nephele.execution.ExecutionStateTransition    - TM: ExecutionState set from RUNNING to FINISHING for task Input Edges (9/160)
04:45:05,654 INFO  eu.stratosphere.pact.runtime.task.RegularPactTask             - Finished PACT code: Project Edge (10/160)
04:45:05,654 INFO  eu.stratosphere.pact.runtime.task.DataSourceTask              - Finished PACT code: Input Edges (10/160)
04:45:05,654 INFO  eu.stratosphere.nephele.execution.ExecutionStateTransition    - TM: ExecutionState set from RUNNING to FINISHING for task Input Edges (10/160)
04:45:05,665 INFO  eu.stratosphere.pact.runtime.task.RegularPactTask             - Finished PACT code: Project Edge (13/160)
04:45:05,665 INFO  eu.stratosphere.pact.runtime.task.DataSourceTask              - Finished PACT code: Input Edges (13/160)
04:45:05,665 INFO  eu.stratosphere.nephele.execution.ExecutionStateTransition    - TM: ExecutionState set from RUNNING to FINISHING for task Input Edges (13/160)
04:45:05,911 INFO  eu.stratosphere.pact.runtime.task.RegularPactTask             - Finished PACT code: Project Edge (16/160)
04:45:05,911 INFO  eu.stratosphere.pact.runtime.task.DataSourceTask              - Finished PACT code: Input Edges (16/160)
04:45:05,911 INFO  eu.stratosphere.nephele.execution.ExecutionStateTransition    - TM: ExecutionState set from RUNNING to FINISHING for task Input Edges (16/160)
04:45:05,956 INFO  eu.stratosphere.pact.runtime.task.RegularPactTask             - Finished PACT code: Project Edge (11/160)
04:45:05,957 INFO  eu.stratosphere.pact.runtime.task.DataSourceTask              - Finished PACT code: Input Edges (11/160)
04:45:05,957 INFO  eu.stratosphere.nephele.execution.ExecutionStateTransition    - TM: ExecutionState set from RUNNING to FINISHING for task Input Edges (11/160)
04:45:11,319 INFO  eu.stratosphere.nephele.execution.ExecutionStateTransition    - TM: ExecutionState set from STARTING to RUNNING for task Select lower-degree Edge (16/160)
04:45:11,319 INFO  eu.stratosphere.nephele.execution.ExecutionStateTransition    - TM: ExecutionState set from STARTING to RUNNING for task Join Counts (16/160)
04:45:11,319 INFO  eu.stratosphere.nephele.execution.ExecutionStateTransition    - TM: ExecutionState set from STARTING to RUNNING for task Project out Counts (16/160)
04:45:11,321 INFO  eu.stratosphere.pact.runtime.task.RegularPactTask             - Start PACT code.: Select lower-degree Edge (16/160)
04:45:11,322 INFO  eu.stratosphere.pact.runtime.task.RegularPactTask             - Start PACT code.: Join Counts (16/160)
04:45:11,322 INFO  eu.stratosphere.pact.runtime.task.RegularPactTask             - Start PACT code.: Project out Counts (16/160)
04:45:11,453 INFO  eu.stratosphere.nephele.execution.ExecutionStateTransition    - TM: ExecutionState set from STARTING to RUNNING for task Join Counts (10/160)
04:45:11,454 INFO  eu.stratosphere.nephele.execution.ExecutionStateTransition    - TM: ExecutionState set from STARTING to RUNNING for task Select lower-degree Edge (10/160)
04:45:11,454 INFO  eu.stratosphere.nephele.execution.ExecutionStateTransition    - TM: ExecutionState set from STARTING to RUNNING for task Project out Counts (10/160)
04:45:11,455 INFO  eu.stratosphere.pact.runtime.task.RegularPactTask             - Start PACT code.: Join Counts (10/160)
04:45:11,456 INFO  eu.stratosphere.pact.runtime.task.RegularPactTask             - Start PACT code.: Project out Counts (10/160)
04:45:11,457 INFO  eu.stratosphere.pact.runtime.task.RegularPactTask             - Start PACT code.: Select lower-degree Edge (10/160)
04:45:11,670 INFO  eu.stratosphere.nephele.execution.ExecutionStateTransition    - TM: ExecutionState set from STARTING to RUNNING for task Join Counts (15/160)
04:45:11,670 INFO  eu.stratosphere.nephele.execution.ExecutionStateTransition    - TM: ExecutionState set from STARTING to RUNNING for task Select lower-degree Edge (15/160)
04:45:11,671 INFO  eu.stratosphere.nephele.execution.ExecutionStateTransition    - TM: ExecutionState set from STARTING to RUNNING for task Project out Counts (15/160)
04:45:11,672 INFO  eu.stratosphere.pact.runtime.task.RegularPactTask             - Start PACT code.: Join Counts (15/160)
04:45:11,673 INFO  eu.stratosphere.pact.runtime.task.RegularPactTask             - Start PACT code.: Select lower-degree Edge (15/160)
04:45:11,674 INFO  eu.stratosphere.pact.runtime.task.RegularPactTask             - Start PACT code.: Project out Counts (15/160)
04:45:11,699 INFO  eu.stratosphere.nephele.execution.ExecutionStateTransition    - TM: ExecutionState set from STARTING to RUNNING for task Join Counts (13/160)
04:45:11,700 INFO  eu.stratosphere.nephele.execution.ExecutionStateTransition    - TM: ExecutionState set from STARTING to RUNNING for task Select lower-degree Edge (13/160)
04:45:11,700 INFO  eu.stratosphere.nephele.execution.ExecutionStateTransition    - TM: ExecutionState set from STARTING to RUNNING for task Project out Counts (13/160)
04:45:11,701 INFO  eu.stratosphere.pact.runtime.task.RegularPactTask             - Start PACT code.: Join Counts (13/160)
04:45:11,702 INFO  eu.stratosphere.pact.runtime.task.RegularPactTask             - Start PACT code.: Select lower-degree Edge (13/160)
04:45:11,702 INFO  eu.stratosphere.pact.runtime.task.RegularPactTask             - Start PACT code.: Project out Counts (13/160)
04:45:11,727 INFO  eu.stratosphere.nephele.execution.ExecutionStateTransition    - TM: ExecutionState set from STARTING to RUNNING for task Join Counts (14/160)
04:45:11,727 INFO  eu.stratosphere.nephele.execution.ExecutionStateTransition    - TM: ExecutionState set from STARTING to RUNNING for task Project out Counts (14/160)
04:45:11,727 INFO  eu.stratosphere.nephele.execution.ExecutionStateTransition    - TM: ExecutionState set from STARTING to RUNNING for task Select lower-degree Edge (14/160)
04:45:11,729 INFO  eu.stratosphere.pact.runtime.task.RegularPactTask             - Start PACT code.: Join Counts (14/160)
04:45:11,729 INFO  eu.stratosphere.pact.runtime.task.RegularPactTask             - Start PACT code.: Project out Counts (14/160)
04:45:11,730 INFO  eu.stratosphere.pact.runtime.task.RegularPactTask             - Start PACT code.: Select lower-degree Edge (14/160)
04:45:11,827 INFO  eu.stratosphere.nephele.execution.ExecutionStateTransition    - TM: ExecutionState set from STARTING to RUNNING for task Join Counts (12/160)
04:45:11,828 INFO  eu.stratosphere.nephele.execution.ExecutionStateTransition    - TM: ExecutionState set from STARTING to RUNNING for task Select lower-degree Edge (12/160)
04:45:11,829 INFO  eu.stratosphere.nephele.execution.ExecutionStateTransition    - TM: ExecutionState set from STARTING to RUNNING for task Project out Counts (12/160)
04:45:11,830 INFO  eu.stratosphere.pact.runtime.task.RegularPactTask             - Start PACT code.: Join Counts (12/160)
04:45:11,830 INFO  eu.stratosphere.pact.runtime.task.RegularPactTask             - Start PACT code.: Select lower-degree Edge (12/160)
04:45:11,831 INFO  eu.stratosphere.pact.runtime.task.RegularPactTask             - Start PACT code.: Project out Counts (12/160)
04:45:11,917 INFO  eu.stratosphere.nephele.execution.ExecutionStateTransition    - TM: ExecutionState set from STARTING to RUNNING for task Join Counts (9/160)
04:45:11,917 INFO  eu.stratosphere.nephele.execution.ExecutionStateTransition    - TM: ExecutionState set from STARTING to RUNNING for task Select lower-degree Edge (9/160)
04:45:11,917 INFO  eu.stratosphere.nephele.execution.ExecutionStateTransition    - TM: ExecutionState set from STARTING to RUNNING for task Project out Counts (9/160)
04:45:11,919 INFO  eu.stratosphere.pact.runtime.task.RegularPactTask             - Start PACT code.: Join Counts (9/160)
04:45:11,920 INFO  eu.stratosphere.pact.runtime.task.RegularPactTask             - Start PACT code.: Select lower-degree Edge (9/160)
04:45:11,921 INFO  eu.stratosphere.pact.runtime.task.RegularPactTask             - Start PACT code.: Project out Counts (9/160)
04:45:12,109 INFO  eu.stratosphere.nephele.execution.ExecutionStateTransition    - TM: ExecutionState set from STARTING to RUNNING for task Join Counts (11/160)
04:45:12,110 INFO  eu.stratosphere.nephele.execution.ExecutionStateTransition    - TM: ExecutionState set from STARTING to RUNNING for task Project out Counts (11/160)
04:45:12,110 INFO  eu.stratosphere.nephele.execution.ExecutionStateTransition    - TM: ExecutionState set from STARTING to RUNNING for task Select lower-degree Edge (11/160)
04:45:12,112 INFO  eu.stratosphere.pact.runtime.task.RegularPactTask             - Start PACT code.: Join Counts (11/160)
04:45:12,113 INFO  eu.stratosphere.pact.runtime.task.RegularPactTask             - Start PACT code.: Project out Counts (11/160)
04:45:12,114 INFO  eu.stratosphere.pact.runtime.task.RegularPactTask             - Start PACT code.: Select lower-degree Edge (11/160)
04:45:13,221 INFO  eu.stratosphere.pact.runtime.task.RegularPactTask             - Finished PACT code.: Count Edges for Vertex (9/160)
04:45:13,221 INFO  eu.stratosphere.nephele.execution.ExecutionStateTransition    - TM: ExecutionState set from RUNNING to FINISHING for task Count Edges for Vertex (9/160)
04:45:13,238 INFO  eu.stratosphere.pact.runtime.task.RegularPactTask             - Finished PACT code.: Count Edges for Vertex (11/160)
04:45:13,239 INFO  eu.stratosphere.nephele.execution.ExecutionStateTransition    - TM: ExecutionState set from RUNNING to FINISHING for task Count Edges for Vertex (11/160)
04:45:13,276 INFO  eu.stratosphere.pact.runtime.task.RegularPactTask             - Finished PACT code.: Count Edges for Vertex (15/160)
04:45:13,277 INFO  eu.stratosphere.nephele.execution.ExecutionStateTransition    - TM: ExecutionState set from RUNNING to FINISHING for task Count Edges for Vertex (15/160)
04:45:13,297 INFO  eu.stratosphere.pact.runtime.task.RegularPactTask             - Finished PACT code.: Count Edges for Vertex (13/160)
04:45:13,297 INFO  eu.stratosphere.nephele.execution.ExecutionStateTransition    - TM: ExecutionState set from RUNNING to FINISHING for task Count Edges for Vertex (13/160)
04:45:13,332 INFO  eu.stratosphere.pact.runtime.task.RegularPactTask             - Finished PACT code.: Count Edges for Vertex (10/160)
04:45:13,333 INFO  eu.stratosphere.nephele.execution.ExecutionStateTransition    - TM: ExecutionState set from RUNNING to FINISHING for task Count Edges for Vertex (10/160)
04:45:13,338 INFO  eu.stratosphere.pact.runtime.task.RegularPactTask             - Finished PACT code.: Count Edges for Vertex (12/160)
04:45:13,339 INFO  eu.stratosphere.nephele.execution.ExecutionStateTransition    - TM: ExecutionState set from RUNNING to FINISHING for task Count Edges for Vertex (12/160)
04:45:13,349 INFO  eu.stratosphere.pact.runtime.task.RegularPactTask             - Finished PACT code.: Count Edges for Vertex (14/160)
04:45:13,350 INFO  eu.stratosphere.nephele.execution.ExecutionStateTransition    - TM: ExecutionState set from RUNNING to FINISHING for task Count Edges for Vertex (14/160)
04:45:13,408 INFO  eu.stratosphere.pact.runtime.task.RegularPactTask             - Finished PACT code.: Count Edges for Vertex (16/160)
04:45:13,408 INFO  eu.stratosphere.nephele.execution.ExecutionStateTransition    - TM: ExecutionState set from RUNNING to FINISHING for task Count Edges for Vertex (16/160)
04:45:14,821 INFO  eu.stratosphere.nephele.execution.ExecutionStateTransition    - TM: ExecutionState set from FINISHING to FINISHED for task Input Edges (16/160)
04:45:14,822 INFO  eu.stratosphere.nephele.execution.ExecutionStateTransition    - TM: ExecutionState set from FINISHING to FINISHED for task Input Edges (9/160)
04:45:14,822 INFO  eu.stratosphere.nephele.execution.ExecutionStateTransition    - TM: ExecutionState set from FINISHING to FINISHED for task Input Edges (15/160)
04:45:14,822 INFO  eu.stratosphere.nephele.execution.ExecutionStateTransition    - TM: ExecutionState set from FINISHING to FINISHED for task Input Edges (11/160)
04:45:14,823 INFO  eu.stratosphere.nephele.execution.ExecutionStateTransition    - TM: ExecutionState set from FINISHING to FINISHED for task Input Edges (14/160)
04:45:14,822 INFO  eu.stratosphere.nephele.execution.ExecutionStateTransition    - TM: ExecutionState set from FINISHING to FINISHED for task Input Edges (13/160)
04:45:14,824 INFO  eu.stratosphere.nephele.execution.ExecutionStateTransition    - TM: ExecutionState set from FINISHING to FINISHED for task Input Edges (10/160)
04:45:14,824 INFO  eu.stratosphere.nephele.execution.ExecutionStateTransition    - TM: ExecutionState set from FINISHING to FINISHED for task Input Edges (12/160)
04:45:15,491 INFO  eu.stratosphere.nephele.execution.ExecutionStateTransition    - TM: ExecutionState set from STARTING to RUNNING for task Close Triads (15/160)
04:45:15,491 INFO  eu.stratosphere.nephele.execution.ExecutionStateTransition    - TM: ExecutionState set from STARTING to RUNNING for task Triangles (15/160)
04:45:15,494 INFO  eu.stratosphere.pact.runtime.task.RegularPactTask             - Start PACT code.: Close Triads (15/160)
04:45:15,494 INFO  eu.stratosphere.pact.runtime.task.DataSinkTask                - Start PACT code: Triangles (15/160)
04:45:15,515 INFO  eu.stratosphere.nephele.execution.ExecutionStateTransition    - TM: ExecutionState set from STARTING to RUNNING for task Triangles (10/160)
04:45:15,515 INFO  eu.stratosphere.nephele.execution.ExecutionStateTransition    - TM: ExecutionState set from STARTING to RUNNING for task Close Triads (10/160)
04:45:15,518 INFO  eu.stratosphere.pact.runtime.task.DataSinkTask                - Start PACT code: Triangles (10/160)
04:45:15,519 INFO  eu.stratosphere.pact.runtime.task.RegularPactTask             - Start PACT code.: Close Triads (10/160)
04:45:15,538 INFO  eu.stratosphere.nephele.execution.ExecutionStateTransition    - TM: ExecutionState set from STARTING to RUNNING for task Close Triads (9/160)
04:45:15,538 INFO  eu.stratosphere.nephele.execution.ExecutionStateTransition    - TM: ExecutionState set from STARTING to RUNNING for task Triangles (9/160)
04:45:15,539 INFO  eu.stratosphere.pact.runtime.task.RegularPactTask             - Start PACT code.: Close Triads (9/160)
04:45:15,539 INFO  eu.stratosphere.pact.runtime.task.DataSinkTask                - Start PACT code: Triangles (9/160)
04:45:15,559 INFO  eu.stratosphere.nephele.execution.ExecutionStateTransition    - TM: ExecutionState set from STARTING to RUNNING for task Close Triads (14/160)
04:45:15,559 INFO  eu.stratosphere.nephele.execution.ExecutionStateTransition    - TM: ExecutionState set from STARTING to RUNNING for task Triangles (14/160)
04:45:15,560 INFO  eu.stratosphere.pact.runtime.task.RegularPactTask             - Start PACT code.: Close Triads (14/160)
04:45:15,561 INFO  eu.stratosphere.pact.runtime.task.DataSinkTask                - Start PACT code: Triangles (14/160)
04:45:15,577 INFO  eu.stratosphere.nephele.execution.ExecutionStateTransition    - TM: ExecutionState set from STARTING to RUNNING for task Close Triads (13/160)
04:45:15,577 INFO  eu.stratosphere.nephele.execution.ExecutionStateTransition    - TM: ExecutionState set from STARTING to RUNNING for task Triangles (13/160)
04:45:15,578 INFO  eu.stratosphere.pact.runtime.task.RegularPactTask             - Start PACT code.: Close Triads (13/160)
04:45:15,579 INFO  eu.stratosphere.pact.runtime.task.DataSinkTask                - Start PACT code: Triangles (13/160)
04:45:15,591 INFO  eu.stratosphere.nephele.execution.ExecutionStateTransition    - TM: ExecutionState set from STARTING to RUNNING for task Close Triads (16/160)
04:45:15,591 INFO  eu.stratosphere.nephele.execution.ExecutionStateTransition    - TM: ExecutionState set from STARTING to RUNNING for task Triangles (16/160)
04:45:15,592 INFO  eu.stratosphere.pact.runtime.task.RegularPactTask             - Start PACT code.: Close Triads (16/160)
04:45:15,593 INFO  eu.stratosphere.pact.runtime.task.DataSinkTask                - Start PACT code: Triangles (16/160)
04:45:15,604 INFO  eu.stratosphere.nephele.execution.ExecutionStateTransition    - TM: ExecutionState set from STARTING to RUNNING for task Close Triads (12/160)
04:45:15,605 INFO  eu.stratosphere.nephele.execution.ExecutionStateTransition    - TM: ExecutionState set from STARTING to RUNNING for task Triangles (12/160)
04:45:15,605 INFO  eu.stratosphere.pact.runtime.task.RegularPactTask             - Start PACT code.: Close Triads (12/160)
04:45:15,607 INFO  eu.stratosphere.pact.runtime.task.DataSinkTask                - Start PACT code: Triangles (12/160)
04:45:15,618 INFO  eu.stratosphere.nephele.execution.ExecutionStateTransition    - TM: ExecutionState set from STARTING to RUNNING for task Close Triads (11/160)
04:45:15,618 INFO  eu.stratosphere.nephele.execution.ExecutionStateTransition    - TM: ExecutionState set from STARTING to RUNNING for task Triangles (11/160)
04:45:15,619 INFO  eu.stratosphere.pact.runtime.task.RegularPactTask             - Start PACT code.: Close Triads (11/160)
04:45:15,619 INFO  eu.stratosphere.pact.runtime.task.DataSinkTask                - Start PACT code: Triangles (11/160)
04:45:15,927 INFO  eu.stratosphere.nephele.execution.ExecutionStateTransition    - TM: ExecutionState set from STARTING to RUNNING for task Build Triads (9/160)
04:45:15,928 INFO  eu.stratosphere.pact.runtime.task.RegularPactTask             - Start PACT code.: Build Triads (9/160)
04:45:15,941 INFO  eu.stratosphere.nephele.execution.ExecutionStateTransition    - TM: ExecutionState set from STARTING to RUNNING for task Build Triads (10/160)
04:45:15,942 INFO  eu.stratosphere.pact.runtime.task.RegularPactTask             - Start PACT code.: Build Triads (10/160)
04:45:15,962 INFO  eu.stratosphere.nephele.execution.ExecutionStateTransition    - TM: ExecutionState set from STARTING to RUNNING for task Build Triads (11/160)
04:45:15,963 INFO  eu.stratosphere.pact.runtime.task.RegularPactTask             - Start PACT code.: Build Triads (11/160)
04:45:15,988 INFO  eu.stratosphere.nephele.execution.ExecutionStateTransition    - TM: ExecutionState set from STARTING to RUNNING for task Build Triads (12/160)
04:45:15,991 INFO  eu.stratosphere.pact.runtime.task.RegularPactTask             - Start PACT code.: Build Triads (12/160)
04:45:16,024 INFO  eu.stratosphere.nephele.execution.ExecutionStateTransition    - TM: ExecutionState set from STARTING to RUNNING for task Build Triads (13/160)
04:45:16,045 INFO  eu.stratosphere.pact.runtime.task.RegularPactTask             - Start PACT code.: Build Triads (13/160)
04:45:16,089 INFO  eu.stratosphere.nephele.execution.ExecutionStateTransition    - TM: ExecutionState set from STARTING to RUNNING for task Build Triads (14/160)
04:45:16,090 INFO  eu.stratosphere.pact.runtime.task.RegularPactTask             - Start PACT code.: Build Triads (14/160)
04:45:16,124 INFO  eu.stratosphere.nephele.execution.ExecutionStateTransition    - TM: ExecutionState set from STARTING to RUNNING for task Build Triads (15/160)
04:45:16,125 INFO  eu.stratosphere.pact.runtime.task.RegularPactTask             - Start PACT code.: Build Triads (15/160)
04:45:16,149 INFO  eu.stratosphere.nephele.execution.ExecutionStateTransition    - TM: ExecutionState set from STARTING to RUNNING for task Build Triads (16/160)
04:45:16,152 INFO  eu.stratosphere.pact.runtime.task.RegularPactTask             - Start PACT code.: Build Triads (16/160)
04:45:16,355 INFO  eu.stratosphere.pact.runtime.task.RegularPactTask             - Finished PACT code.: Join Counts (13/160)
04:45:16,356 INFO  eu.stratosphere.nephele.execution.ExecutionStateTransition    - TM: ExecutionState set from RUNNING to FINISHING for task Join Counts (13/160)
04:45:16,359 INFO  eu.stratosphere.pact.runtime.task.RegularPactTask             - Finished PACT code.: Select lower-degree Edge (13/160)
04:45:16,359 INFO  eu.stratosphere.pact.runtime.task.RegularPactTask             - Finished PACT code.: Join Counts (16/160)
04:45:16,359 INFO  eu.stratosphere.nephele.execution.ExecutionStateTransition    - TM: ExecutionState set from RUNNING to FINISHING for task Select lower-degree Edge (13/160)
04:45:16,360 INFO  eu.stratosphere.pact.runtime.task.RegularPactTask             - Finished PACT code.: Project out Counts (13/160)
04:45:16,360 INFO  eu.stratosphere.nephele.execution.ExecutionStateTransition    - TM: ExecutionState set from RUNNING to FINISHING for task Project out Counts (13/160)
04:45:16,359 INFO  eu.stratosphere.nephele.execution.ExecutionStateTransition    - TM: ExecutionState set from RUNNING to FINISHING for task Join Counts (16/160)
04:45:16,365 INFO  eu.stratosphere.pact.runtime.task.RegularPactTask             - Finished PACT code.: Project out Counts (16/160)
04:45:16,365 INFO  eu.stratosphere.pact.runtime.task.RegularPactTask             - Finished PACT code.: Select lower-degree Edge (16/160)
04:45:16,366 INFO  eu.stratosphere.nephele.execution.ExecutionStateTransition    - TM: ExecutionState set from RUNNING to FINISHING for task Project out Counts (16/160)
04:45:16,366 INFO  eu.stratosphere.nephele.execution.ExecutionStateTransition    - TM: ExecutionState set from RUNNING to FINISHING for task Select lower-degree Edge (16/160)
04:45:16,372 INFO  eu.stratosphere.pact.runtime.task.RegularPactTask             - Finished PACT code.: Join Counts (14/160)
04:45:16,373 INFO  eu.stratosphere.nephele.execution.ExecutionStateTransition    - TM: ExecutionState set from RUNNING to FINISHING for task Join Counts (14/160)
04:45:16,374 INFO  eu.stratosphere.pact.runtime.task.RegularPactTask             - Finished PACT code.: Join Counts (15/160)
04:45:16,374 INFO  eu.stratosphere.nephele.execution.ExecutionStateTransition    - TM: ExecutionState set from RUNNING to FINISHING for task Join Counts (15/160)
04:45:16,375 INFO  eu.stratosphere.pact.runtime.task.RegularPactTask             - Finished PACT code.: Project out Counts (14/160)
04:45:16,375 INFO  eu.stratosphere.nephele.execution.ExecutionStateTransition    - TM: ExecutionState set from RUNNING to FINISHING for task Project out Counts (14/160)
04:45:16,376 INFO  eu.stratosphere.pact.runtime.task.RegularPactTask             - Finished PACT code.: Select lower-degree Edge (14/160)
04:45:16,376 INFO  eu.stratosphere.pact.runtime.task.RegularPactTask             - Finished PACT code.: Join Counts (10/160)
04:45:16,376 INFO  eu.stratosphere.nephele.execution.ExecutionStateTransition    - TM: ExecutionState set from RUNNING to FINISHING for task Join Counts (10/160)
04:45:16,376 INFO  eu.stratosphere.nephele.execution.ExecutionStateTransition    - TM: ExecutionState set from RUNNING to FINISHING for task Select lower-degree Edge (14/160)
04:45:16,377 INFO  eu.stratosphere.pact.runtime.task.RegularPactTask             - Finished PACT code.: Select lower-degree Edge (15/160)
04:45:16,377 INFO  eu.stratosphere.nephele.execution.ExecutionStateTransition    - TM: ExecutionState set from RUNNING to FINISHING for task Select lower-degree Edge (15/160)
04:45:16,377 INFO  eu.stratosphere.pact.runtime.task.RegularPactTask             - Finished PACT code.: Project out Counts (15/160)
04:45:16,378 INFO  eu.stratosphere.nephele.execution.ExecutionStateTransition    - TM: ExecutionState set from RUNNING to FINISHING for task Project out Counts (15/160)
04:45:16,378 INFO  eu.stratosphere.pact.runtime.task.RegularPactTask             - Finished PACT code.: Join Counts (12/160)
04:45:16,378 INFO  eu.stratosphere.nephele.execution.ExecutionStateTransition    - TM: ExecutionState set from RUNNING to FINISHING for task Join Counts (12/160)
04:45:16,379 INFO  eu.stratosphere.pact.runtime.task.RegularPactTask             - Finished PACT code.: Project out Counts (10/160)
04:45:16,379 INFO  eu.stratosphere.pact.runtime.task.RegularPactTask             - Finished PACT code.: Select lower-degree Edge (10/160)
04:45:16,379 INFO  eu.stratosphere.pact.runtime.task.RegularPactTask             - Finished PACT code.: Join Counts (9/160)
04:45:16,380 INFO  eu.stratosphere.nephele.execution.ExecutionStateTransition    - TM: ExecutionState set from RUNNING to FINISHING for task Select lower-degree Edge (10/160)
04:45:16,379 INFO  eu.stratosphere.nephele.execution.ExecutionStateTransition    - TM: ExecutionState set from RUNNING to FINISHING for task Project out Counts (10/160)
04:45:16,380 INFO  eu.stratosphere.nephele.execution.ExecutionStateTransition    - TM: ExecutionState set from RUNNING to FINISHING for task Join Counts (9/160)
04:45:16,381 INFO  eu.stratosphere.pact.runtime.task.RegularPactTask             - Finished PACT code.: Project out Counts (12/160)
04:45:16,381 INFO  eu.stratosphere.nephele.execution.ExecutionStateTransition    - TM: ExecutionState set from RUNNING to FINISHING for task Project out Counts (12/160)
04:45:16,381 INFO  eu.stratosphere.pact.runtime.task.RegularPactTask             - Finished PACT code.: Select lower-degree Edge (12/160)
04:45:16,382 INFO  eu.stratosphere.nephele.execution.ExecutionStateTransition    - TM: ExecutionState set from RUNNING to FINISHING for task Select lower-degree Edge (12/160)
04:45:16,383 INFO  eu.stratosphere.pact.runtime.task.RegularPactTask             - Finished PACT code.: Select lower-degree Edge (9/160)
04:45:16,384 INFO  eu.stratosphere.nephele.execution.ExecutionStateTransition    - TM: ExecutionState set from RUNNING to FINISHING for task Select lower-degree Edge (9/160)
04:45:16,384 INFO  eu.stratosphere.pact.runtime.task.RegularPactTask             - Finished PACT code.: Project out Counts (9/160)
04:45:16,386 INFO  eu.stratosphere.nephele.execution.ExecutionStateTransition    - TM: ExecutionState set from RUNNING to FINISHING for task Project out Counts (9/160)
04:45:16,394 INFO  eu.stratosphere.pact.runtime.task.RegularPactTask             - Finished PACT code.: Join Counts (11/160)
04:45:16,394 INFO  eu.stratosphere.nephele.execution.ExecutionStateTransition    - TM: ExecutionState set from RUNNING to FINISHING for task Join Counts (11/160)
04:45:16,397 INFO  eu.stratosphere.pact.runtime.task.RegularPactTask             - Finished PACT code.: Select lower-degree Edge (11/160)
04:45:16,397 INFO  eu.stratosphere.pact.runtime.task.RegularPactTask             - Finished PACT code.: Project out Counts (11/160)
04:45:16,397 INFO  eu.stratosphere.nephele.execution.ExecutionStateTransition    - TM: ExecutionState set from RUNNING to FINISHING for task Select lower-degree Edge (11/160)
04:45:16,397 INFO  eu.stratosphere.nephele.execution.ExecutionStateTransition    - TM: ExecutionState set from RUNNING to FINISHING for task Project out Counts (11/160)
04:45:16,460 INFO  eu.stratosphere.nephele.execution.ExecutionStateTransition    - TM: ExecutionState set from FINISHING to FINISHED for task Join Counts (13/160)
04:45:16,467 INFO  eu.stratosphere.nephele.execution.ExecutionStateTransition    - TM: ExecutionState set from FINISHING to FINISHED for task Join Counts (16/160)
04:45:16,476 INFO  eu.stratosphere.nephele.execution.ExecutionStateTransition    - TM: ExecutionState set from FINISHING to FINISHED for task Join Counts (14/160)
04:45:16,478 INFO  eu.stratosphere.nephele.execution.ExecutionStateTransition    - TM: ExecutionState set from FINISHING to FINISHED for task Join Counts (15/160)
04:45:16,480 INFO  eu.stratosphere.nephele.execution.ExecutionStateTransition    - TM: ExecutionState set from FINISHING to FINISHED for task Join Counts (10/160)
04:45:16,482 INFO  eu.stratosphere.nephele.execution.ExecutionStateTransition    - TM: ExecutionState set from FINISHING to FINISHED for task Join Counts (12/160)
04:45:16,483 INFO  eu.stratosphere.nephele.execution.ExecutionStateTransition    - TM: ExecutionState set from FINISHING to FINISHED for task Join Counts (9/160)
04:45:16,498 INFO  eu.stratosphere.nephele.execution.ExecutionStateTransition    - TM: ExecutionState set from FINISHING to FINISHED for task Join Counts (11/160)
04:45:19,421 INFO  eu.stratosphere.nephele.execution.ExecutionStateTransition    - TM: ExecutionState set from FINISHING to FINISHED for task Count Edges for Vertex (13/160)
04:45:19,448 INFO  eu.stratosphere.nephele.execution.ExecutionStateTransition    - TM: ExecutionState set from FINISHING to FINISHED for task Count Edges for Vertex (9/160)
04:45:19,456 INFO  eu.stratosphere.nephele.execution.ExecutionStateTransition    - TM: ExecutionState set from FINISHING to FINISHED for task Count Edges for Vertex (10/160)
04:45:19,465 INFO  eu.stratosphere.nephele.execution.ExecutionStateTransition    - TM: ExecutionState set from FINISHING to FINISHED for task Count Edges for Vertex (12/160)
04:45:19,465 INFO  eu.stratosphere.nephele.execution.ExecutionStateTransition    - TM: ExecutionState set from FINISHING to FINISHED for task Count Edges for Vertex (11/160)
04:45:19,473 INFO  eu.stratosphere.nephele.execution.ExecutionStateTransition    - TM: ExecutionState set from FINISHING to FINISHED for task Count Edges for Vertex (14/160)
04:45:19,506 INFO  eu.stratosphere.nephele.execution.ExecutionStateTransition    - TM: ExecutionState set from FINISHING to FINISHED for task Count Edges for Vertex (15/160)
04:45:19,536 INFO  eu.stratosphere.nephele.execution.ExecutionStateTransition    - TM: ExecutionState set from FINISHING to FINISHED for task Count Edges for Vertex (16/160)
04:45:22,612 INFO  eu.stratosphere.pact.runtime.task.RegularPactTask             - Finished PACT code.: Build Triads (9/160)
04:45:22,613 INFO  eu.stratosphere.nephele.execution.ExecutionStateTransition    - TM: ExecutionState set from RUNNING to FINISHING for task Build Triads (9/160)
04:45:23,333 INFO  eu.stratosphere.pact.runtime.task.RegularPactTask             - Finished PACT code.: Build Triads (10/160)
04:45:23,333 INFO  eu.stratosphere.nephele.execution.ExecutionStateTransition    - TM: ExecutionState set from RUNNING to FINISHING for task Build Triads (10/160)
04:45:23,476 INFO  eu.stratosphere.pact.runtime.task.RegularPactTask             - Finished PACT code.: Build Triads (15/160)
04:45:23,476 INFO  eu.stratosphere.nephele.execution.ExecutionStateTransition    - TM: ExecutionState set from RUNNING to FINISHING for task Build Triads (15/160)
04:45:23,491 INFO  eu.stratosphere.pact.runtime.task.RegularPactTask             - Finished PACT code.: Build Triads (13/160)
04:45:23,491 INFO  eu.stratosphere.nephele.execution.ExecutionStateTransition    - TM: ExecutionState set from RUNNING to FINISHING for task Build Triads (13/160)
04:45:23,587 INFO  eu.stratosphere.pact.runtime.task.RegularPactTask             - Finished PACT code.: Build Triads (12/160)
04:45:23,588 INFO  eu.stratosphere.nephele.execution.ExecutionStateTransition    - TM: ExecutionState set from RUNNING to FINISHING for task Build Triads (12/160)
04:45:23,598 INFO  eu.stratosphere.pact.runtime.task.RegularPactTask             - Finished PACT code.: Build Triads (14/160)
04:45:23,598 INFO  eu.stratosphere.nephele.execution.ExecutionStateTransition    - TM: ExecutionState set from RUNNING to FINISHING for task Build Triads (14/160)
04:45:23,807 INFO  eu.stratosphere.pact.runtime.task.RegularPactTask             - Finished PACT code.: Build Triads (11/160)
04:45:23,808 INFO  eu.stratosphere.nephele.execution.ExecutionStateTransition    - TM: ExecutionState set from RUNNING to FINISHING for task Build Triads (11/160)
04:45:23,912 INFO  eu.stratosphere.pact.runtime.task.RegularPactTask             - Finished PACT code.: Build Triads (16/160)
04:45:23,912 INFO  eu.stratosphere.nephele.execution.ExecutionStateTransition    - TM: ExecutionState set from RUNNING to FINISHING for task Build Triads (16/160)
04:45:27,112 INFO  eu.stratosphere.nephele.execution.ExecutionStateTransition    - TM: ExecutionState set from FINISHING to FINISHED for task Select lower-degree Edge (13/160)
04:45:27,126 INFO  eu.stratosphere.nephele.execution.ExecutionStateTransition    - TM: ExecutionState set from FINISHING to FINISHED for task Select lower-degree Edge (16/160)
04:45:27,137 INFO  eu.stratosphere.nephele.execution.ExecutionStateTransition    - TM: ExecutionState set from FINISHING to FINISHED for task Select lower-degree Edge (9/160)
04:45:27,148 INFO  eu.stratosphere.nephele.execution.ExecutionStateTransition    - TM: ExecutionState set from FINISHING to FINISHED for task Select lower-degree Edge (15/160)
04:45:27,154 INFO  eu.stratosphere.nephele.execution.ExecutionStateTransition    - TM: ExecutionState set from FINISHING to FINISHED for task Select lower-degree Edge (14/160)
04:45:27,155 INFO  eu.stratosphere.nephele.execution.ExecutionStateTransition    - TM: ExecutionState set from FINISHING to FINISHED for task Select lower-degree Edge (10/160)
04:45:27,183 INFO  eu.stratosphere.nephele.execution.ExecutionStateTransition    - TM: ExecutionState set from FINISHING to FINISHED for task Select lower-degree Edge (12/160)
04:45:27,185 INFO  eu.stratosphere.nephele.execution.ExecutionStateTransition    - TM: ExecutionState set from FINISHING to FINISHED for task Select lower-degree Edge (11/160)
04:45:29,700 INFO  eu.stratosphere.pact.runtime.task.RegularPactTask             - Finished PACT code.: Close Triads (11/160)
04:45:29,700 INFO  eu.stratosphere.nephele.execution.ExecutionStateTransition    - TM: ExecutionState set from RUNNING to FINISHING for task Close Triads (11/160)
04:45:29,729 INFO  eu.stratosphere.pact.runtime.task.DataSinkTask                - Finished PACT code: Triangles (11/160)
04:45:29,730 INFO  eu.stratosphere.nephele.execution.ExecutionStateTransition    - TM: ExecutionState set from RUNNING to FINISHING for task Triangles (11/160)
04:45:29,731 INFO  eu.stratosphere.nephele.execution.ExecutionStateTransition    - TM: ExecutionState set from FINISHING to FINISHED for task Triangles (11/160)
04:45:29,803 INFO  eu.stratosphere.nephele.execution.ExecutionStateTransition    - TM: ExecutionState set from FINISHING to FINISHED for task Close Triads (11/160)
04:45:30,497 INFO  eu.stratosphere.pact.runtime.task.RegularPactTask             - Finished PACT code.: Close Triads (12/160)
04:45:30,497 INFO  eu.stratosphere.nephele.execution.ExecutionStateTransition    - TM: ExecutionState set from RUNNING to FINISHING for task Close Triads (12/160)
04:45:30,522 INFO  eu.stratosphere.pact.runtime.task.DataSinkTask                - Finished PACT code: Triangles (12/160)
04:45:30,523 INFO  eu.stratosphere.nephele.execution.ExecutionStateTransition    - TM: ExecutionState set from RUNNING to FINISHING for task Triangles (12/160)
04:45:30,523 INFO  eu.stratosphere.nephele.execution.ExecutionStateTransition    - TM: ExecutionState set from FINISHING to FINISHED for task Triangles (12/160)
04:45:30,600 INFO  eu.stratosphere.nephele.execution.ExecutionStateTransition    - TM: ExecutionState set from FINISHING to FINISHED for task Close Triads (12/160)
04:45:30,684 INFO  eu.stratosphere.pact.runtime.task.RegularPactTask             - Finished PACT code.: Close Triads (16/160)
04:45:30,684 INFO  eu.stratosphere.nephele.execution.ExecutionStateTransition    - TM: ExecutionState set from RUNNING to FINISHING for task Close Triads (16/160)
04:45:30,706 INFO  eu.stratosphere.pact.runtime.task.DataSinkTask                - Finished PACT code: Triangles (16/160)
04:45:30,707 INFO  eu.stratosphere.nephele.execution.ExecutionStateTransition    - TM: ExecutionState set from RUNNING to FINISHING for task Triangles (16/160)
04:45:30,708 INFO  eu.stratosphere.nephele.execution.ExecutionStateTransition    - TM: ExecutionState set from FINISHING to FINISHED for task Triangles (16/160)
04:45:30,787 INFO  eu.stratosphere.nephele.execution.ExecutionStateTransition    - TM: ExecutionState set from FINISHING to FINISHED for task Close Triads (16/160)
04:45:30,852 INFO  eu.stratosphere.pact.runtime.task.RegularPactTask             - Finished PACT code.: Close Triads (14/160)
04:45:30,852 INFO  eu.stratosphere.nephele.execution.ExecutionStateTransition    - TM: ExecutionState set from RUNNING to FINISHING for task Close Triads (14/160)
04:45:30,873 INFO  eu.stratosphere.pact.runtime.task.DataSinkTask                - Finished PACT code: Triangles (14/160)
04:45:30,873 INFO  eu.stratosphere.nephele.execution.ExecutionStateTransition    - TM: ExecutionState set from RUNNING to FINISHING for task Triangles (14/160)
04:45:30,874 INFO  eu.stratosphere.nephele.execution.ExecutionStateTransition    - TM: ExecutionState set from FINISHING to FINISHED for task Triangles (14/160)
04:45:30,954 INFO  eu.stratosphere.nephele.execution.ExecutionStateTransition    - TM: ExecutionState set from FINISHING to FINISHED for task Close Triads (14/160)
04:45:31,182 INFO  eu.stratosphere.pact.runtime.task.RegularPactTask             - Finished PACT code.: Close Triads (9/160)
04:45:31,182 INFO  eu.stratosphere.nephele.execution.ExecutionStateTransition    - TM: ExecutionState set from RUNNING to FINISHING for task Close Triads (9/160)
04:45:31,226 INFO  eu.stratosphere.pact.runtime.task.RegularPactTask             - Finished PACT code.: Close Triads (15/160)
04:45:31,226 INFO  eu.stratosphere.nephele.execution.ExecutionStateTransition    - TM: ExecutionState set from RUNNING to FINISHING for task Close Triads (15/160)
04:45:31,247 INFO  eu.stratosphere.pact.runtime.task.DataSinkTask                - Finished PACT code: Triangles (15/160)
04:45:31,247 INFO  eu.stratosphere.nephele.execution.ExecutionStateTransition    - TM: ExecutionState set from RUNNING to FINISHING for task Triangles (15/160)
04:45:31,248 INFO  eu.stratosphere.nephele.execution.ExecutionStateTransition    - TM: ExecutionState set from FINISHING to FINISHED for task Triangles (15/160)
04:45:31,329 INFO  eu.stratosphere.nephele.execution.ExecutionStateTransition    - TM: ExecutionState set from FINISHING to FINISHED for task Close Triads (15/160)
04:45:31,376 INFO  eu.stratosphere.pact.runtime.task.DataSinkTask                - Finished PACT code: Triangles (9/160)
04:45:31,376 INFO  eu.stratosphere.nephele.execution.ExecutionStateTransition    - TM: ExecutionState set from RUNNING to FINISHING for task Triangles (9/160)
04:45:31,377 INFO  eu.stratosphere.nephele.execution.ExecutionStateTransition    - TM: ExecutionState set from FINISHING to FINISHED for task Triangles (9/160)
04:45:31,386 INFO  eu.stratosphere.nephele.execution.ExecutionStateTransition    - TM: ExecutionState set from FINISHING to FINISHED for task Close Triads (9/160)
04:45:31,876 INFO  eu.stratosphere.pact.runtime.task.RegularPactTask             - Finished PACT code.: Close Triads (13/160)
04:45:31,877 INFO  eu.stratosphere.nephele.execution.ExecutionStateTransition    - TM: ExecutionState set from RUNNING to FINISHING for task Close Triads (13/160)
04:45:31,898 INFO  eu.stratosphere.pact.runtime.task.DataSinkTask                - Finished PACT code: Triangles (13/160)
04:45:31,898 INFO  eu.stratosphere.nephele.execution.ExecutionStateTransition    - TM: ExecutionState set from RUNNING to FINISHING for task Triangles (13/160)
04:45:31,899 INFO  eu.stratosphere.nephele.execution.ExecutionStateTransition    - TM: ExecutionState set from FINISHING to FINISHED for task Triangles (13/160)
04:45:31,979 INFO  eu.stratosphere.nephele.execution.ExecutionStateTransition    - TM: ExecutionState set from FINISHING to FINISHED for task Close Triads (13/160)
04:45:33,675 INFO  eu.stratosphere.pact.runtime.task.RegularPactTask             - Finished PACT code.: Close Triads (10/160)
04:45:33,675 INFO  eu.stratosphere.nephele.execution.ExecutionStateTransition    - TM: ExecutionState set from RUNNING to FINISHING for task Close Triads (10/160)
04:45:33,697 INFO  eu.stratosphere.pact.runtime.task.DataSinkTask                - Finished PACT code: Triangles (10/160)
04:45:33,697 INFO  eu.stratosphere.nephele.execution.ExecutionStateTransition    - TM: ExecutionState set from RUNNING to FINISHING for task Triangles (10/160)
04:45:33,698 INFO  eu.stratosphere.nephele.execution.ExecutionStateTransition    - TM: ExecutionState set from FINISHING to FINISHED for task Triangles (10/160)
04:45:33,778 INFO  eu.stratosphere.nephele.execution.ExecutionStateTransition    - TM: ExecutionState set from FINISHING to FINISHED for task Close Triads (10/160)
