01:38:55,309 WARN  eu.stratosphere.nephele.configuration.GlobalConfiguration     - Cannot load configuration: unknown element plugins
01:38:55,365 INFO  eu.stratosphere.nephele.taskmanager.TaskManager               - Reading location of job manager from configuration
01:38:55,393 INFO  eu.stratosphere.nephele.taskmanager.TaskManager               - Determined address of job manager to be cloud-11.dima.tu-berlin.de/130.149.21.15:6002
01:38:55,419 INFO  eu.stratosphere.nephele.taskmanager.TaskManager               - Announcing connection information cloud-30 to job manager
01:38:55,548 INFO  eu.stratosphere.nephele.ipc.Server                            - IPC Server Responder: starting
01:38:55,548 INFO  eu.stratosphere.nephele.ipc.Server                            - IPC Server listener on 6122: starting
01:38:55,549 INFO  eu.stratosphere.nephele.ipc.Server                            - IPC Server handler 0 on 6122: starting
01:38:56,682 INFO  eu.stratosphere.nephele.taskmanager.bufferprovider.GlobalBufferPool  - Initialized global buffer pool with 32768 buffers with a size 32768 bytes each
01:38:56,705 INFO  eu.stratosphere.nephele.taskmanager.bytebuffered.ByteBufferedChannelManager  - Initialized byte buffered channel manager with sender-side spilling disabled
01:38:56,738 INFO  eu.stratosphere.nephele.instance.HardwareDescriptionFactory   - Found Tenured Gen pool (max: 24051843072, used: 0)
01:38:56,739 INFO  eu.stratosphere.nephele.taskmanager.TaskManager               - Initializing memory manager with 22528 megabytes of memory
01:39:23,863 INFO  eu.stratosphere.nephele.execution.ExecutionStateTransition    - TM: ExecutionState set from STARTING to RUNNING for task Data Source (186/200)
01:39:23,864 INFO  eu.stratosphere.nephele.execution.ExecutionStateTransition    - TM: ExecutionState set from STARTING to RUNNING for task Data Source (185/200)
01:39:23,864 INFO  eu.stratosphere.nephele.execution.ExecutionStateTransition    - TM: ExecutionState set from STARTING to RUNNING for task Data Source (192/200)
01:39:23,864 INFO  eu.stratosphere.nephele.execution.ExecutionStateTransition    - TM: ExecutionState set from STARTING to RUNNING for task Data Source (187/200)
01:39:23,863 INFO  eu.stratosphere.nephele.execution.ExecutionStateTransition    - TM: ExecutionState set from STARTING to RUNNING for task Data Source (189/200)
01:39:23,864 INFO  eu.stratosphere.nephele.execution.ExecutionStateTransition    - TM: ExecutionState set from STARTING to RUNNING for task Data Source (191/200)
01:39:23,863 INFO  eu.stratosphere.nephele.execution.ExecutionStateTransition    - TM: ExecutionState set from STARTING to RUNNING for task Data Source (188/200)
01:39:23,869 INFO  eu.stratosphere.pact.runtime.task.DataSourceTask              - Start PACT code: Data Source (186/200)
01:39:23,863 INFO  eu.stratosphere.nephele.execution.ExecutionStateTransition    - TM: ExecutionState set from STARTING to RUNNING for task Data Source (190/200)
01:39:23,872 INFO  eu.stratosphere.pact.runtime.task.DataSourceTask              - Start PACT code: Data Source (191/200)
01:39:23,875 INFO  eu.stratosphere.pact.runtime.task.DataSourceTask              - Start PACT code: Data Source (189/200)
01:39:23,877 INFO  eu.stratosphere.pact.runtime.task.DataSourceTask              - Start PACT code: Data Source (187/200)
01:39:23,880 INFO  eu.stratosphere.pact.runtime.task.DataSourceTask              - Start PACT code: Data Source (192/200)
01:39:23,883 INFO  eu.stratosphere.pact.runtime.task.DataSourceTask              - Start PACT code: Data Source (185/200)
01:39:23,886 INFO  eu.stratosphere.pact.runtime.task.DataSourceTask              - Start PACT code: Data Source (190/200)
01:39:23,889 INFO  eu.stratosphere.pact.runtime.task.DataSourceTask              - Start PACT code: Data Source (188/200)
01:39:25,341 INFO  eu.stratosphere.nephele.execution.ExecutionStateTransition    - TM: ExecutionState set from STARTING to RUNNING for task Data Sink (191/200)
01:39:25,343 INFO  eu.stratosphere.pact.runtime.task.DataSinkTask                - Start PACT code: Data Sink (191/200)
01:39:25,398 INFO  eu.stratosphere.nephele.execution.ExecutionStateTransition    - TM: ExecutionState set from STARTING to RUNNING for task Data Sink (186/200)
01:39:25,400 INFO  eu.stratosphere.pact.runtime.task.DataSinkTask                - Start PACT code: Data Sink (186/200)
01:39:25,446 INFO  eu.stratosphere.nephele.execution.ExecutionStateTransition    - TM: ExecutionState set from STARTING to RUNNING for task Data Sink (192/200)
01:39:25,449 INFO  eu.stratosphere.pact.runtime.task.DataSinkTask                - Start PACT code: Data Sink (192/200)
01:39:25,470 INFO  eu.stratosphere.nephele.execution.ExecutionStateTransition    - TM: ExecutionState set from STARTING to RUNNING for task Data Sink (189/200)
01:39:25,472 INFO  eu.stratosphere.pact.runtime.task.DataSinkTask                - Start PACT code: Data Sink (189/200)
01:39:25,780 INFO  eu.stratosphere.nephele.execution.ExecutionStateTransition    - TM: ExecutionState set from STARTING to RUNNING for task Data Sink (187/200)
01:39:25,782 INFO  eu.stratosphere.pact.runtime.task.DataSinkTask                - Start PACT code: Data Sink (187/200)
01:39:25,808 INFO  eu.stratosphere.nephele.execution.ExecutionStateTransition    - TM: ExecutionState set from STARTING to RUNNING for task Data Sink (190/200)
01:39:25,811 INFO  eu.stratosphere.pact.runtime.task.DataSinkTask                - Start PACT code: Data Sink (190/200)
01:39:25,831 INFO  eu.stratosphere.nephele.execution.ExecutionStateTransition    - TM: ExecutionState set from STARTING to RUNNING for task Data Sink (188/200)
01:39:25,834 INFO  eu.stratosphere.pact.runtime.task.DataSinkTask                - Start PACT code: Data Sink (188/200)
01:39:25,854 INFO  eu.stratosphere.nephele.execution.ExecutionStateTransition    - TM: ExecutionState set from STARTING to RUNNING for task Data Sink (185/200)
01:39:25,857 INFO  eu.stratosphere.pact.runtime.task.DataSinkTask                - Start PACT code: Data Sink (185/200)
01:39:44,944 INFO  eu.stratosphere.pact.runtime.task.DataSourceTask              - Finished PACT code: Data Source (185/200)
01:39:44,945 INFO  eu.stratosphere.nephele.execution.ExecutionStateTransition    - TM: ExecutionState set from RUNNING to FINISHING for task Data Source (185/200)
01:39:47,233 INFO  eu.stratosphere.pact.runtime.task.DataSourceTask              - Finished PACT code: Data Source (192/200)
01:39:47,233 INFO  eu.stratosphere.nephele.execution.ExecutionStateTransition    - TM: ExecutionState set from RUNNING to FINISHING for task Data Source (192/200)
01:39:48,633 INFO  eu.stratosphere.pact.runtime.task.DataSourceTask              - Finished PACT code: Data Source (191/200)
01:39:48,633 INFO  eu.stratosphere.nephele.execution.ExecutionStateTransition    - TM: ExecutionState set from RUNNING to FINISHING for task Data Source (191/200)
01:39:48,647 INFO  eu.stratosphere.pact.runtime.task.DataSourceTask              - Finished PACT code: Data Source (189/200)
01:39:48,647 INFO  eu.stratosphere.nephele.execution.ExecutionStateTransition    - TM: ExecutionState set from RUNNING to FINISHING for task Data Source (189/200)
01:39:48,810 INFO  eu.stratosphere.pact.runtime.task.DataSourceTask              - Finished PACT code: Data Source (190/200)
01:39:48,810 INFO  eu.stratosphere.nephele.execution.ExecutionStateTransition    - TM: ExecutionState set from RUNNING to FINISHING for task Data Source (190/200)
01:39:49,333 INFO  eu.stratosphere.pact.runtime.task.DataSourceTask              - Finished PACT code: Data Source (187/200)
01:39:49,333 INFO  eu.stratosphere.nephele.execution.ExecutionStateTransition    - TM: ExecutionState set from RUNNING to FINISHING for task Data Source (187/200)
01:39:55,016 INFO  eu.stratosphere.pact.runtime.task.DataSourceTask              - Finished PACT code: Data Source (186/200)
01:39:55,017 INFO  eu.stratosphere.nephele.execution.ExecutionStateTransition    - TM: ExecutionState set from RUNNING to FINISHING for task Data Source (186/200)
01:39:55,861 INFO  eu.stratosphere.pact.runtime.task.DataSourceTask              - Finished PACT code: Data Source (188/200)
01:39:55,862 INFO  eu.stratosphere.nephele.execution.ExecutionStateTransition    - TM: ExecutionState set from RUNNING to FINISHING for task Data Source (188/200)
01:40:51,737 INFO  eu.stratosphere.pact.runtime.task.DataSinkTask                - Finished PACT code: Data Sink (186/200)
01:40:51,737 INFO  eu.stratosphere.nephele.execution.ExecutionStateTransition    - TM: ExecutionState set from RUNNING to FINISHING for task Data Sink (186/200)
01:40:51,741 INFO  eu.stratosphere.nephele.execution.ExecutionStateTransition    - TM: ExecutionState set from FINISHING to FINISHED for task Data Sink (186/200)
01:41:02,547 INFO  eu.stratosphere.pact.runtime.task.DataSinkTask                - Finished PACT code: Data Sink (191/200)
01:41:02,547 INFO  eu.stratosphere.nephele.execution.ExecutionStateTransition    - TM: ExecutionState set from RUNNING to FINISHING for task Data Sink (191/200)
01:41:02,553 INFO  eu.stratosphere.nephele.execution.ExecutionStateTransition    - TM: ExecutionState set from FINISHING to FINISHED for task Data Sink (191/200)
