22:20:01,692 WARN  eu.stratosphere.nephele.configuration.GlobalConfiguration     - Cannot load configuration: unknown element plugins
22:20:01,757 INFO  eu.stratosphere.nephele.taskmanager.TaskManager               - Reading location of job manager from configuration
22:20:01,772 INFO  eu.stratosphere.nephele.taskmanager.TaskManager               - Determined address of job manager to be cloud-11.dima.tu-berlin.de/130.149.21.15:6002
22:20:01,798 INFO  eu.stratosphere.nephele.taskmanager.TaskManager               - Announcing connection information cloud-16 to job manager
22:20:01,933 INFO  eu.stratosphere.nephele.ipc.Server                            - IPC Server Responder: starting
22:20:01,933 INFO  eu.stratosphere.nephele.ipc.Server                            - IPC Server listener on 6122: starting
22:20:01,934 INFO  eu.stratosphere.nephele.ipc.Server                            - IPC Server handler 0 on 6122: starting
22:20:03,045 INFO  eu.stratosphere.nephele.taskmanager.bufferprovider.GlobalBufferPool  - Initialized global buffer pool with 32768 buffers with a size 32768 bytes each
22:20:03,078 INFO  eu.stratosphere.nephele.taskmanager.bytebuffered.ByteBufferedChannelManager  - Initialized byte buffered channel manager with sender-side spilling disabled
22:20:03,111 INFO  eu.stratosphere.nephele.instance.HardwareDescriptionFactory   - Found Tenured Gen pool (max: 24051843072, used: 0)
22:20:03,111 INFO  eu.stratosphere.nephele.taskmanager.TaskManager               - Initializing memory manager with 22528 megabytes of memory
22:20:30,525 ERROR eu.stratosphere.nephele.fs.file.LocalFileSystem               - java.net.UnknownHostException: cloud-16: cloud-16
22:20:30,909 INFO  eu.stratosphere.nephele.execution.ExecutionStateTransition    - TM: ExecutionState set from STARTING to RUNNING for task Data Source (17/120)
22:20:30,909 INFO  eu.stratosphere.nephele.execution.ExecutionStateTransition    - TM: ExecutionState set from STARTING to RUNNING for task Data Source (20/120)
22:20:30,909 INFO  eu.stratosphere.nephele.execution.ExecutionStateTransition    - TM: ExecutionState set from STARTING to RUNNING for task Data Source (24/120)
22:20:30,909 INFO  eu.stratosphere.nephele.execution.ExecutionStateTransition    - TM: ExecutionState set from STARTING to RUNNING for task Data Source (23/120)
22:20:30,909 INFO  eu.stratosphere.nephele.execution.ExecutionStateTransition    - TM: ExecutionState set from STARTING to RUNNING for task Data Source (18/120)
22:20:30,909 INFO  eu.stratosphere.nephele.execution.ExecutionStateTransition    - TM: ExecutionState set from STARTING to RUNNING for task Data Source (21/120)
22:20:30,909 INFO  eu.stratosphere.nephele.execution.ExecutionStateTransition    - TM: ExecutionState set from STARTING to RUNNING for task Data Source (19/120)
22:20:30,909 INFO  eu.stratosphere.nephele.execution.ExecutionStateTransition    - TM: ExecutionState set from STARTING to RUNNING for task Data Source (22/120)
22:20:30,914 INFO  eu.stratosphere.pact.runtime.task.DataSourceTask              - Start PACT code: Data Source (23/120)
22:20:30,913 INFO  eu.stratosphere.pact.runtime.task.DataSourceTask              - Start PACT code: Data Source (17/120)
22:20:30,915 INFO  eu.stratosphere.pact.runtime.task.DataSourceTask              - Start PACT code: Data Source (18/120)
22:20:30,917 INFO  eu.stratosphere.pact.runtime.task.DataSourceTask              - Start PACT code: Data Source (24/120)
22:20:30,918 INFO  eu.stratosphere.pact.runtime.task.DataSourceTask              - Start PACT code: Data Source (20/120)
22:20:30,920 INFO  eu.stratosphere.pact.runtime.task.DataSourceTask              - Start PACT code: Data Source (22/120)
22:20:30,922 INFO  eu.stratosphere.pact.runtime.task.DataSourceTask              - Start PACT code: Data Source (19/120)
22:20:30,923 INFO  eu.stratosphere.pact.runtime.task.DataSourceTask              - Start PACT code: Data Source (21/120)
22:20:32,231 INFO  eu.stratosphere.nephele.execution.ExecutionStateTransition    - TM: ExecutionState set from STARTING to RUNNING for task Data Sink (17/120)
22:20:32,233 INFO  eu.stratosphere.pact.runtime.task.DataSinkTask                - Start PACT code: Data Sink (17/120)
22:20:32,250 INFO  eu.stratosphere.nephele.execution.ExecutionStateTransition    - TM: ExecutionState set from STARTING to RUNNING for task Data Sink (18/120)
22:20:32,253 INFO  eu.stratosphere.pact.runtime.task.DataSinkTask                - Start PACT code: Data Sink (18/120)
22:20:32,274 INFO  eu.stratosphere.nephele.execution.ExecutionStateTransition    - TM: ExecutionState set from STARTING to RUNNING for task Data Sink (23/120)
22:20:32,275 INFO  eu.stratosphere.pact.runtime.task.DataSinkTask                - Start PACT code: Data Sink (23/120)
22:20:32,291 INFO  eu.stratosphere.nephele.execution.ExecutionStateTransition    - TM: ExecutionState set from STARTING to RUNNING for task Data Sink (20/120)
22:20:32,293 INFO  eu.stratosphere.pact.runtime.task.DataSinkTask                - Start PACT code: Data Sink (20/120)
22:20:32,306 INFO  eu.stratosphere.nephele.execution.ExecutionStateTransition    - TM: ExecutionState set from STARTING to RUNNING for task Data Sink (21/120)
22:20:32,307 INFO  eu.stratosphere.pact.runtime.task.DataSinkTask                - Start PACT code: Data Sink (21/120)
22:20:32,321 INFO  eu.stratosphere.nephele.execution.ExecutionStateTransition    - TM: ExecutionState set from STARTING to RUNNING for task Data Sink (19/120)
22:20:32,323 INFO  eu.stratosphere.pact.runtime.task.DataSinkTask                - Start PACT code: Data Sink (19/120)
22:20:32,415 INFO  eu.stratosphere.nephele.execution.ExecutionStateTransition    - TM: ExecutionState set from STARTING to RUNNING for task Data Sink (22/120)
22:20:32,417 INFO  eu.stratosphere.pact.runtime.task.DataSinkTask                - Start PACT code: Data Sink (22/120)
22:20:32,848 INFO  eu.stratosphere.nephele.execution.ExecutionStateTransition    - TM: ExecutionState set from STARTING to RUNNING for task Data Sink (24/120)
22:20:32,850 INFO  eu.stratosphere.pact.runtime.task.DataSinkTask                - Start PACT code: Data Sink (24/120)
22:20:49,248 INFO  eu.stratosphere.pact.runtime.task.DataSourceTask              - Finished PACT code: Data Source (22/120)
22:20:49,248 INFO  eu.stratosphere.nephele.execution.ExecutionStateTransition    - TM: ExecutionState set from RUNNING to FINISHING for task Data Source (22/120)
22:20:50,316 INFO  eu.stratosphere.pact.runtime.task.DataSourceTask              - Finished PACT code: Data Source (18/120)
22:20:50,316 INFO  eu.stratosphere.nephele.execution.ExecutionStateTransition    - TM: ExecutionState set from RUNNING to FINISHING for task Data Source (18/120)
22:20:50,925 INFO  eu.stratosphere.pact.runtime.task.DataSourceTask              - Finished PACT code: Data Source (19/120)
22:20:50,926 INFO  eu.stratosphere.nephele.execution.ExecutionStateTransition    - TM: ExecutionState set from RUNNING to FINISHING for task Data Source (19/120)
22:20:51,041 INFO  eu.stratosphere.pact.runtime.task.DataSourceTask              - Finished PACT code: Data Source (20/120)
22:20:51,041 INFO  eu.stratosphere.nephele.execution.ExecutionStateTransition    - TM: ExecutionState set from RUNNING to FINISHING for task Data Source (20/120)
22:20:51,245 INFO  eu.stratosphere.pact.runtime.task.DataSourceTask              - Finished PACT code: Data Source (23/120)
22:20:51,245 INFO  eu.stratosphere.nephele.execution.ExecutionStateTransition    - TM: ExecutionState set from RUNNING to FINISHING for task Data Source (23/120)
22:20:51,479 INFO  eu.stratosphere.pact.runtime.task.DataSourceTask              - Finished PACT code: Data Source (21/120)
22:20:51,479 INFO  eu.stratosphere.nephele.execution.ExecutionStateTransition    - TM: ExecutionState set from RUNNING to FINISHING for task Data Source (21/120)
22:20:51,768 INFO  eu.stratosphere.pact.runtime.task.DataSourceTask              - Finished PACT code: Data Source (17/120)
22:20:51,768 INFO  eu.stratosphere.nephele.execution.ExecutionStateTransition    - TM: ExecutionState set from RUNNING to FINISHING for task Data Source (17/120)
22:20:52,006 INFO  eu.stratosphere.pact.runtime.task.DataSourceTask              - Finished PACT code: Data Source (24/120)
22:20:52,007 INFO  eu.stratosphere.nephele.execution.ExecutionStateTransition    - TM: ExecutionState set from RUNNING to FINISHING for task Data Source (24/120)
22:22:00,592 INFO  eu.stratosphere.pact.runtime.task.DataSinkTask                - Finished PACT code: Data Sink (20/120)
22:22:00,592 INFO  eu.stratosphere.nephele.execution.ExecutionStateTransition    - TM: ExecutionState set from RUNNING to FINISHING for task Data Sink (20/120)
22:22:00,600 INFO  eu.stratosphere.nephele.execution.ExecutionStateTransition    - TM: ExecutionState set from FINISHING to FINISHED for task Data Sink (20/120)
22:22:02,692 INFO  eu.stratosphere.pact.runtime.task.DataSinkTask                - Finished PACT code: Data Sink (19/120)
22:22:02,693 INFO  eu.stratosphere.nephele.execution.ExecutionStateTransition    - TM: ExecutionState set from RUNNING to FINISHING for task Data Sink (19/120)
22:22:02,699 INFO  eu.stratosphere.nephele.execution.ExecutionStateTransition    - TM: ExecutionState set from FINISHING to FINISHED for task Data Sink (19/120)
