00:37:37,971 WARN  eu.stratosphere.nephele.configuration.GlobalConfiguration     - Cannot load configuration: unknown element plugins
00:37:38,010 INFO  eu.stratosphere.nephele.taskmanager.TaskManager               - Reading location of job manager from configuration
00:37:38,021 INFO  eu.stratosphere.nephele.taskmanager.TaskManager               - Determined address of job manager to be cloud-11.dima.tu-berlin.de/130.149.21.15:6002
00:37:38,034 INFO  eu.stratosphere.nephele.taskmanager.TaskManager               - Announcing connection information cloud-30 to job manager
00:37:38,120 INFO  eu.stratosphere.nephele.ipc.Server                            - IPC Server Responder: starting
00:37:38,120 INFO  eu.stratosphere.nephele.ipc.Server                            - IPC Server listener on 6122: starting
00:37:38,121 INFO  eu.stratosphere.nephele.ipc.Server                            - IPC Server handler 0 on 6122: starting
00:37:39,344 INFO  eu.stratosphere.nephele.taskmanager.bufferprovider.GlobalBufferPool  - Initialized global buffer pool with 32768 buffers with a size 32768 bytes each
00:37:39,365 INFO  eu.stratosphere.nephele.taskmanager.bytebuffered.ByteBufferedChannelManager  - Initialized byte buffered channel manager with sender-side spilling disabled
00:37:39,375 INFO  eu.stratosphere.nephele.instance.HardwareDescriptionFactory   - Found Tenured Gen pool (max: 24051843072, used: 0)
00:37:39,376 INFO  eu.stratosphere.nephele.taskmanager.TaskManager               - Initializing memory manager with 22528 megabytes of memory
00:38:09,013 INFO  eu.stratosphere.nephele.execution.ExecutionStateTransition    - TM: ExecutionState set from STARTING to RUNNING for task Customers (153/160)
00:38:09,015 INFO  eu.stratosphere.nephele.execution.ExecutionStateTransition    - TM: ExecutionState set from STARTING to RUNNING for task Customers (159/160)
00:38:09,013 INFO  eu.stratosphere.nephele.execution.ExecutionStateTransition    - TM: ExecutionState set from STARTING to RUNNING for task Customers (156/160)
00:38:09,013 INFO  eu.stratosphere.nephele.execution.ExecutionStateTransition    - TM: ExecutionState set from STARTING to RUNNING for task LineItems (157/160)
00:38:09,014 INFO  eu.stratosphere.nephele.execution.ExecutionStateTransition    - TM: ExecutionState set from STARTING to RUNNING for task Customers (157/160)
00:38:09,013 INFO  eu.stratosphere.nephele.execution.ExecutionStateTransition    - TM: ExecutionState set from STARTING to RUNNING for task Customers (155/160)
00:38:09,013 INFO  eu.stratosphere.nephele.execution.ExecutionStateTransition    - TM: ExecutionState set from STARTING to RUNNING for task LineItems (153/160)
00:38:09,014 INFO  eu.stratosphere.nephele.execution.ExecutionStateTransition    - TM: ExecutionState set from STARTING to RUNNING for task Orders (155/160)
00:38:09,013 INFO  eu.stratosphere.nephele.execution.ExecutionStateTransition    - TM: ExecutionState set from STARTING to RUNNING for task LineItems (159/160)
00:38:09,015 INFO  eu.stratosphere.nephele.execution.ExecutionStateTransition    - TM: ExecutionState set from STARTING to RUNNING for task Orders (154/160)
00:38:09,015 INFO  eu.stratosphere.nephele.execution.ExecutionStateTransition    - TM: ExecutionState set from STARTING to RUNNING for task LineItems (156/160)
00:38:09,015 INFO  eu.stratosphere.nephele.execution.ExecutionStateTransition    - TM: ExecutionState set from STARTING to RUNNING for task LineItems (158/160)
00:38:09,024 INFO  eu.stratosphere.pact.runtime.task.DataSourceTask              - Start PACT code: Customers (156/160)
00:38:09,015 INFO  eu.stratosphere.nephele.execution.ExecutionStateTransition    - TM: ExecutionState set from STARTING to RUNNING for task Orders (153/160)
00:38:09,025 INFO  eu.stratosphere.pact.runtime.task.DataSourceTask              - Start PACT code: LineItems (156/160)
00:38:09,015 INFO  eu.stratosphere.nephele.execution.ExecutionStateTransition    - TM: ExecutionState set from STARTING to RUNNING for task LineItems (154/160)
00:38:09,015 INFO  eu.stratosphere.nephele.execution.ExecutionStateTransition    - TM: ExecutionState set from STARTING to RUNNING for task Orders (157/160)
00:38:09,014 INFO  eu.stratosphere.nephele.execution.ExecutionStateTransition    - TM: ExecutionState set from STARTING to RUNNING for task Orders (159/160)
00:38:09,013 INFO  eu.stratosphere.nephele.execution.ExecutionStateTransition    - TM: ExecutionState set from STARTING to RUNNING for task LineItems (160/160)
00:38:09,014 INFO  eu.stratosphere.nephele.execution.ExecutionStateTransition    - TM: ExecutionState set from STARTING to RUNNING for task Orders (160/160)
00:38:09,013 INFO  eu.stratosphere.nephele.execution.ExecutionStateTransition    - TM: ExecutionState set from STARTING to RUNNING for task Orders (156/160)
00:38:09,014 INFO  eu.stratosphere.nephele.execution.ExecutionStateTransition    - TM: ExecutionState set from STARTING to RUNNING for task Customers (158/160)
00:38:09,014 INFO  eu.stratosphere.nephele.execution.ExecutionStateTransition    - TM: ExecutionState set from STARTING to RUNNING for task Customers (154/160)
00:38:09,014 INFO  eu.stratosphere.nephele.execution.ExecutionStateTransition    - TM: ExecutionState set from STARTING to RUNNING for task Orders (158/160)
00:38:09,013 INFO  eu.stratosphere.nephele.execution.ExecutionStateTransition    - TM: ExecutionState set from STARTING to RUNNING for task LineItems (155/160)
00:38:09,029 INFO  eu.stratosphere.pact.runtime.task.DataSourceTask              - Start PACT code: Orders (155/160)
00:38:09,031 INFO  eu.stratosphere.pact.runtime.task.DataSourceTask              - Start PACT code: LineItems (153/160)
00:38:09,028 INFO  eu.stratosphere.pact.runtime.task.DataSourceTask              - Start PACT code: LineItems (159/160)
00:38:09,027 INFO  eu.stratosphere.pact.runtime.task.DataSourceTask              - Start PACT code: Orders (154/160)
00:38:09,032 INFO  eu.stratosphere.pact.runtime.task.RegularPactTask             - Start PACT code: FilterO (154/160)
00:38:09,025 INFO  eu.stratosphere.pact.runtime.task.RegularPactTask             - Start PACT code: FilterL (156/160)
00:38:09,024 INFO  eu.stratosphere.pact.runtime.task.RegularPactTask             - Start PACT code: FilterC (156/160)
00:38:09,034 INFO  eu.stratosphere.pact.runtime.task.DataSourceTask              - Start PACT code: LineItems (155/160)
00:38:09,023 INFO  eu.stratosphere.pact.runtime.task.DataSourceTask              - Start PACT code: LineItems (157/160)
00:38:09,021 INFO  eu.stratosphere.pact.runtime.task.DataSourceTask              - Start PACT code: Customers (157/160)
00:38:09,019 INFO  eu.stratosphere.pact.runtime.task.DataSourceTask              - Start PACT code: Customers (159/160)
00:38:09,017 INFO  eu.stratosphere.pact.runtime.task.DataSourceTask              - Start PACT code: Customers (153/160)
00:38:09,015 INFO  eu.stratosphere.nephele.execution.ExecutionStateTransition    - TM: ExecutionState set from STARTING to RUNNING for task Customers (160/160)
00:38:09,036 INFO  eu.stratosphere.pact.runtime.task.DataSourceTask              - Start PACT code: Customers (154/160)
00:38:09,036 INFO  eu.stratosphere.pact.runtime.task.RegularPactTask             - Start PACT code: FilterC (153/160)
00:38:09,036 INFO  eu.stratosphere.pact.runtime.task.RegularPactTask             - Start PACT code: FilterC (159/160)
00:38:09,036 INFO  eu.stratosphere.pact.runtime.task.RegularPactTask             - Start PACT code: FilterC (157/160)
00:38:09,035 INFO  eu.stratosphere.pact.runtime.task.RegularPactTask             - Start PACT code: FilterL (157/160)
00:38:09,035 INFO  eu.stratosphere.pact.runtime.task.DataSourceTask              - Start PACT code: Orders (158/160)
00:38:09,035 INFO  eu.stratosphere.pact.runtime.task.RegularPactTask             - Start PACT code: FilterL (155/160)
00:38:09,033 INFO  eu.stratosphere.pact.runtime.task.DataSourceTask              - Start PACT code: Customers (155/160)
00:38:09,032 INFO  eu.stratosphere.pact.runtime.task.RegularPactTask             - Start PACT code: FilterL (159/160)
00:38:09,032 INFO  eu.stratosphere.pact.runtime.task.RegularPactTask             - Start PACT code: FilterL (153/160)
00:38:09,031 INFO  eu.stratosphere.pact.runtime.task.RegularPactTask             - Start PACT code: FilterO (155/160)
00:38:09,042 INFO  eu.stratosphere.pact.runtime.task.DataSourceTask              - Start PACT code: LineItems (160/160)
00:38:09,043 INFO  eu.stratosphere.pact.runtime.task.RegularPactTask             - Start PACT code: FilterL (160/160)
00:38:09,042 INFO  eu.stratosphere.pact.runtime.task.RegularPactTask             - Start PACT code: FilterC (155/160)
00:38:09,041 INFO  eu.stratosphere.pact.runtime.task.DataSourceTask              - Start PACT code: Orders (160/160)
00:38:09,040 INFO  eu.stratosphere.pact.runtime.task.RegularPactTask             - Start PACT code: FilterO (158/160)
00:38:09,039 INFO  eu.stratosphere.pact.runtime.task.DataSourceTask              - Start PACT code: Orders (156/160)
00:38:09,038 INFO  eu.stratosphere.pact.runtime.task.RegularPactTask             - Start PACT code: FilterC (154/160)
00:38:09,038 INFO  eu.stratosphere.pact.runtime.task.DataSourceTask              - Start PACT code: Customers (158/160)
00:38:09,045 INFO  eu.stratosphere.pact.runtime.task.RegularPactTask             - Start PACT code: FilterO (156/160)
00:38:09,045 INFO  eu.stratosphere.pact.runtime.task.DataSourceTask              - Start PACT code: Orders (157/160)
00:38:09,045 INFO  eu.stratosphere.pact.runtime.task.RegularPactTask             - Start PACT code: FilterO (160/160)
00:38:09,044 INFO  eu.stratosphere.pact.runtime.task.DataSourceTask              - Start PACT code: Orders (159/160)
00:38:09,048 INFO  eu.stratosphere.pact.runtime.task.RegularPactTask             - Start PACT code: FilterO (157/160)
00:38:09,046 INFO  eu.stratosphere.pact.runtime.task.DataSourceTask              - Start PACT code: LineItems (154/160)
00:38:09,046 INFO  eu.stratosphere.pact.runtime.task.RegularPactTask             - Start PACT code: FilterC (158/160)
00:38:09,050 INFO  eu.stratosphere.pact.runtime.task.DataSourceTask              - Start PACT code: LineItems (158/160)
00:38:09,050 INFO  eu.stratosphere.pact.runtime.task.RegularPactTask             - Start PACT code: FilterL (154/160)
00:38:09,049 INFO  eu.stratosphere.pact.runtime.task.DataSourceTask              - Start PACT code: Orders (153/160)
00:38:09,049 INFO  eu.stratosphere.pact.runtime.task.RegularPactTask             - Start PACT code: FilterO (159/160)
00:38:09,052 INFO  eu.stratosphere.pact.runtime.task.RegularPactTask             - Start PACT code: FilterO (153/160)
00:38:09,052 INFO  eu.stratosphere.pact.runtime.task.DataSourceTask              - Start PACT code: Customers (160/160)
00:38:09,051 INFO  eu.stratosphere.pact.runtime.task.RegularPactTask             - Start PACT code: FilterL (158/160)
00:38:09,053 INFO  eu.stratosphere.pact.runtime.task.RegularPactTask             - Start PACT code: FilterC (160/160)
