13/03/09 03:55:01 INFO mapred.FileInputFormat: Total input paths to process : 200
13/03/09 03:55:02 INFO util.NativeCodeLoader: Loaded the native-hadoop library
13/03/09 03:55:02 WARN snappy.LoadSnappy: Snappy native library not loaded
13/03/09 03:55:02 INFO zlib.ZlibFactory: Successfully loaded & initialized native-zlib library
13/03/09 03:55:02 INFO compress.CodecPool: Got brand-new compressor
13/03/09 03:55:03 INFO mapred.FileInputFormat: Total input paths to process : 200
13/03/09 03:55:03 INFO mapred.JobClient: Running job: job_201303090352_0002
13/03/09 03:55:04 INFO mapred.JobClient:  map 0% reduce 0%
13/03/09 03:55:20 INFO mapred.JobClient:  map 37% reduce 0%
13/03/09 03:55:21 INFO mapred.JobClient:  map 49% reduce 0%
13/03/09 03:55:33 INFO mapred.JobClient:  map 50% reduce 0%
13/03/09 03:55:35 INFO mapred.JobClient:  map 84% reduce 0%
13/03/09 03:55:36 INFO mapred.JobClient:  map 96% reduce 0%
13/03/09 03:55:38 INFO mapred.JobClient:  map 99% reduce 1%
13/03/09 03:55:39 INFO mapred.JobClient:  map 99% reduce 2%
13/03/09 03:55:41 INFO mapred.JobClient:  map 99% reduce 4%
13/03/09 03:55:44 INFO mapred.JobClient:  map 99% reduce 6%
13/03/09 03:55:45 INFO mapred.JobClient:  map 99% reduce 7%
13/03/09 03:55:47 INFO mapred.JobClient:  map 99% reduce 10%
13/03/09 03:55:48 INFO mapred.JobClient:  map 99% reduce 12%
13/03/09 03:55:50 INFO mapred.JobClient:  map 99% reduce 15%
13/03/09 03:55:51 INFO mapred.JobClient:  map 100% reduce 17%
13/03/09 03:55:53 INFO mapred.JobClient:  map 100% reduce 19%
13/03/09 03:55:54 INFO mapred.JobClient:  map 100% reduce 20%
13/03/09 03:55:56 INFO mapred.JobClient:  map 100% reduce 23%
13/03/09 03:55:57 INFO mapred.JobClient:  map 100% reduce 24%
13/03/09 03:55:59 INFO mapred.JobClient:  map 100% reduce 28%
13/03/09 03:56:00 INFO mapred.JobClient:  map 100% reduce 30%
13/03/09 03:56:02 INFO mapred.JobClient:  map 100% reduce 34%
13/03/09 03:56:03 INFO mapred.JobClient:  map 100% reduce 37%
13/03/09 03:56:05 INFO mapred.JobClient:  map 100% reduce 45%
13/03/09 03:56:06 INFO mapred.JobClient:  map 100% reduce 50%
13/03/09 03:56:08 INFO mapred.JobClient:  map 100% reduce 57%
13/03/09 03:56:09 INFO mapred.JobClient:  map 100% reduce 59%
13/03/09 03:56:11 INFO mapred.JobClient:  map 100% reduce 66%
13/03/09 03:56:12 INFO mapred.JobClient:  map 100% reduce 68%
13/03/09 03:56:14 INFO mapred.JobClient:  map 100% reduce 72%
13/03/09 03:56:15 INFO mapred.JobClient:  map 100% reduce 73%
13/03/09 03:56:17 INFO mapred.JobClient:  map 100% reduce 75%
13/03/09 03:56:20 INFO mapred.JobClient:  map 100% reduce 77%
13/03/09 03:56:21 INFO mapred.JobClient:  map 100% reduce 78%
13/03/09 03:56:23 INFO mapred.JobClient:  map 100% reduce 79%
13/03/09 03:56:24 INFO mapred.JobClient:  map 100% reduce 80%
13/03/09 03:56:26 INFO mapred.JobClient:  map 100% reduce 81%
13/03/09 03:56:27 INFO mapred.JobClient:  map 100% reduce 82%
13/03/09 03:56:29 INFO mapred.JobClient:  map 100% reduce 83%
13/03/09 03:56:30 INFO mapred.JobClient:  map 100% reduce 84%
13/03/09 03:56:32 INFO mapred.JobClient:  map 100% reduce 85%
13/03/09 03:56:33 INFO mapred.JobClient:  map 100% reduce 86%
13/03/09 03:56:35 INFO mapred.JobClient:  map 100% reduce 87%
13/03/09 03:56:36 INFO mapred.JobClient:  map 100% reduce 88%
13/03/09 03:56:38 INFO mapred.JobClient:  map 100% reduce 89%
13/03/09 03:56:41 INFO mapred.JobClient:  map 100% reduce 91%
13/03/09 03:56:44 INFO mapred.JobClient:  map 100% reduce 93%
13/03/09 03:56:47 INFO mapred.JobClient:  map 100% reduce 94%
13/03/09 03:56:48 INFO mapred.JobClient:  map 100% reduce 95%
13/03/09 03:56:50 INFO mapred.JobClient:  map 100% reduce 96%
13/03/09 03:56:53 INFO mapred.JobClient:  map 100% reduce 97%
13/03/09 03:56:56 INFO mapred.JobClient:  map 100% reduce 98%
13/03/09 03:56:59 INFO mapred.JobClient:  map 100% reduce 99%
13/03/09 03:57:05 INFO mapred.JobClient:  map 100% reduce 100%
13/03/09 03:57:10 INFO mapred.JobClient: Job complete: job_201303090352_0002
13/03/09 03:57:10 INFO mapred.JobClient: Counters: 31
13/03/09 03:57:10 INFO mapred.JobClient:   Job Counters 
13/03/09 03:57:10 INFO mapred.JobClient:     Launched reduce tasks=200
13/03/09 03:57:10 INFO mapred.JobClient:     SLOTS_MILLIS_MAPS=5128798
13/03/09 03:57:10 INFO mapred.JobClient:     Total time spent by all reduces waiting after reserving slots (ms)=0
13/03/09 03:57:10 INFO mapred.JobClient:     Total time spent by all maps waiting after reserving slots (ms)=0
13/03/09 03:57:10 INFO mapred.JobClient:     Rack-local map tasks=27
13/03/09 03:57:10 INFO mapred.JobClient:     Launched map tasks=400
13/03/09 03:57:10 INFO mapred.JobClient:     Data-local map tasks=373
13/03/09 03:57:10 INFO mapred.JobClient:     SLOTS_MILLIS_REDUCES=14467721
13/03/09 03:57:10 INFO mapred.JobClient:   File Input Format Counters 
13/03/09 03:57:10 INFO mapred.JobClient:     Bytes Read=50104857800
13/03/09 03:57:10 INFO mapred.JobClient:   File Output Format Counters 
13/03/09 03:57:10 INFO mapred.JobClient:     Bytes Written=50500000000
13/03/09 03:57:10 INFO mapred.JobClient:   FileSystemCounters
13/03/09 03:57:10 INFO mapred.JobClient:     FILE_BYTES_READ=51502218000
13/03/09 03:57:10 INFO mapred.JobClient:     HDFS_BYTES_READ=50104917400
13/03/09 03:57:10 INFO mapred.JobClient:     FILE_BYTES_WRITTEN=103016409604
13/03/09 03:57:10 INFO mapred.JobClient:     HDFS_BYTES_WRITTEN=50500000000
13/03/09 03:57:10 INFO mapred.JobClient:   Map-Reduce Framework
13/03/09 03:57:10 INFO mapred.JobClient:     Map output materialized bytes=51500480000
13/03/09 03:57:10 INFO mapred.JobClient:     Map input records=500000000
13/03/09 03:57:10 INFO mapred.JobClient:     Reduce shuffle bytes=51390147144
13/03/09 03:57:10 INFO mapred.JobClient:     Spilled Records=1000000000
13/03/09 03:57:10 INFO mapred.JobClient:     Map output bytes=50500000000
13/03/09 03:57:10 INFO mapred.JobClient:     Total committed heap usage (bytes)=915395969024
13/03/09 03:57:10 INFO mapred.JobClient:     CPU time spent (ms)=14085420
13/03/09 03:57:10 INFO mapred.JobClient:     Map input bytes=50000000000
13/03/09 03:57:10 INFO mapred.JobClient:     SPLIT_RAW_BYTES=59600
13/03/09 03:57:10 INFO mapred.JobClient:     Combine input records=0
13/03/09 03:57:10 INFO mapred.JobClient:     Reduce input records=500000000
13/03/09 03:57:10 INFO mapred.JobClient:     Reduce input groups=500000000
13/03/09 03:57:10 INFO mapred.JobClient:     Combine output records=0
13/03/09 03:57:10 INFO mapred.JobClient:     Physical memory (bytes) snapshot=663579672576
13/03/09 03:57:10 INFO mapred.JobClient:     Reduce output records=500000000
13/03/09 03:57:10 INFO mapred.JobClient:     Virtual memory (bytes) snapshot=1507376762880
13/03/09 03:57:10 INFO mapred.JobClient:     Map output records=500000000
