WARNING: org.apache.hadoop.metrics.jvm.EventCounter is deprecated. Please use org.apache.hadoop.log.metrics.EventCounter in all the log4j.properties files.
Logging initialized using configuration in jar:file:/data/export/hadoop/journalpaper/systems/hive-0.10.0/lib/hive-common-0.10.0.jar!/hive-log4j.properties
Hive history file=/tmp/hadoop/hive_job_log_hadoop_201304170203_1772932027.txt
Total MapReduce jobs = 3
Launching Job 1 out of 3
Number of reduce tasks not specified. Defaulting to jobconf value of: 160
In order to change the average load for a reducer (in bytes):
  set hive.exec.reducers.bytes.per.reducer=<number>
In order to limit the maximum number of reducers:
  set hive.exec.reducers.max=<number>
In order to set a constant number of reducers:
  set mapred.reduce.tasks=<number>
Starting Job = job_201304170203_0001, Tracking URL = http://cloud-11.dima.tu-berlin.de:4507/jobdetails.jsp?jobid=job_201304170203_0001
Kill Command = /share/hadoop/journalpaper/systems/hadoop-1.0.4/bin/hadoop job  -kill job_201304170203_0001
Hadoop job information for Stage-1: number of mappers: 0; number of reducers: 160
2013-04-17 02:03:54,729 Stage-1 map = 0%,  reduce = 0%
2013-04-17 02:04:00,771 Stage-1 map = 0%,  reduce = 1%, Cumulative CPU 1.72 sec
2013-04-17 02:04:01,782 Stage-1 map = 0%,  reduce = 1%, Cumulative CPU 1.72 sec
2013-04-17 02:04:02,790 Stage-1 map = 0%,  reduce = 1%, Cumulative CPU 1.72 sec
2013-04-17 02:04:03,802 Stage-1 map = 0%,  reduce = 3%, Cumulative CPU 6.47 sec
2013-04-17 02:04:04,811 Stage-1 map = 0%,  reduce = 3%, Cumulative CPU 6.47 sec
2013-04-17 02:04:05,819 Stage-1 map = 0%,  reduce = 3%, Cumulative CPU 6.47 sec
2013-04-17 02:04:06,831 Stage-1 map = 0%,  reduce = 26%, Cumulative CPU 70.99 sec
2013-04-17 02:04:07,843 Stage-1 map = 0%,  reduce = 26%, Cumulative CPU 70.99 sec
2013-04-17 02:04:08,853 Stage-1 map = 0%,  reduce = 26%, Cumulative CPU 70.99 sec
2013-04-17 02:04:09,865 Stage-1 map = 0%,  reduce = 39%, Cumulative CPU 104.1 sec
2013-04-17 02:04:10,878 Stage-1 map = 0%,  reduce = 39%, Cumulative CPU 104.1 sec
2013-04-17 02:04:11,888 Stage-1 map = 0%,  reduce = 39%, Cumulative CPU 104.1 sec
2013-04-17 02:04:12,900 Stage-1 map = 0%,  reduce = 51%, Cumulative CPU 136.96 sec
2013-04-17 02:04:13,911 Stage-1 map = 0%,  reduce = 51%, Cumulative CPU 136.96 sec
2013-04-17 02:04:14,922 Stage-1 map = 0%,  reduce = 51%, Cumulative CPU 136.96 sec
2013-04-17 02:04:15,932 Stage-1 map = 0%,  reduce = 64%, Cumulative CPU 168.82 sec
2013-04-17 02:04:16,940 Stage-1 map = 0%,  reduce = 64%, Cumulative CPU 168.82 sec
2013-04-17 02:04:17,949 Stage-1 map = 0%,  reduce = 64%, Cumulative CPU 168.82 sec
2013-04-17 02:04:18,957 Stage-1 map = 0%,  reduce = 76%, Cumulative CPU 201.25 sec
2013-04-17 02:04:19,965 Stage-1 map = 0%,  reduce = 76%, Cumulative CPU 201.25 sec
2013-04-17 02:04:20,974 Stage-1 map = 0%,  reduce = 76%, Cumulative CPU 201.25 sec
2013-04-17 02:04:21,982 Stage-1 map = 0%,  reduce = 89%, Cumulative CPU 234.19 sec
2013-04-17 02:04:22,991 Stage-1 map = 0%,  reduce = 89%, Cumulative CPU 234.19 sec
2013-04-17 02:04:23,999 Stage-1 map = 0%,  reduce = 89%, Cumulative CPU 234.19 sec
2013-04-17 02:04:25,007 Stage-1 map = 0%,  reduce = 100%, Cumulative CPU 264.06 sec
2013-04-17 02:04:26,016 Stage-1 map = 0%,  reduce = 100%, Cumulative CPU 264.06 sec
2013-04-17 02:04:27,024 Stage-1 map = 0%,  reduce = 100%, Cumulative CPU 264.06 sec
2013-04-17 02:04:28,032 Stage-1 map = 0%,  reduce = 100%, Cumulative CPU 264.06 sec
2013-04-17 02:04:29,041 Stage-1 map = 0%,  reduce = 100%, Cumulative CPU 264.06 sec
2013-04-17 02:04:30,048 Stage-1 map = 0%,  reduce = 100%, Cumulative CPU 264.06 sec
2013-04-17 02:04:31,056 Stage-1 map = 100%,  reduce = 100%, Cumulative CPU 264.06 sec
MapReduce Total cumulative CPU time: 4 minutes 24 seconds 60 msec
Ended Job = job_201304170203_0001
Launching Job 2 out of 3
Number of reduce tasks not specified. Defaulting to jobconf value of: 160
In order to change the average load for a reducer (in bytes):
  set hive.exec.reducers.bytes.per.reducer=<number>
In order to limit the maximum number of reducers:
  set hive.exec.reducers.max=<number>
In order to set a constant number of reducers:
  set mapred.reduce.tasks=<number>
Starting Job = job_201304170203_0002, Tracking URL = http://cloud-11.dima.tu-berlin.de:4507/jobdetails.jsp?jobid=job_201304170203_0002
Kill Command = /share/hadoop/journalpaper/systems/hadoop-1.0.4/bin/hadoop job  -kill job_201304170203_0002
Hadoop job information for Stage-2: number of mappers: 15; number of reducers: 160
2013-04-17 02:04:43,360 Stage-2 map = 0%,  reduce = 0%
2013-04-17 02:04:49,390 Stage-2 map = 100%,  reduce = 0%, Cumulative CPU 28.73 sec
2013-04-17 02:04:50,396 Stage-2 map = 100%,  reduce = 0%, Cumulative CPU 28.73 sec
2013-04-17 02:04:51,403 Stage-2 map = 100%,  reduce = 0%, Cumulative CPU 28.73 sec
2013-04-17 02:04:52,486 Stage-2 map = 100%,  reduce = 0%, Cumulative CPU 28.73 sec
2013-04-17 02:04:53,493 Stage-2 map = 100%,  reduce = 0%, Cumulative CPU 28.73 sec
2013-04-17 02:04:54,499 Stage-2 map = 100%,  reduce = 0%, Cumulative CPU 28.73 sec
2013-04-17 02:04:55,506 Stage-2 map = 100%,  reduce = 0%, Cumulative CPU 28.73 sec
2013-04-17 02:04:56,513 Stage-2 map = 100%,  reduce = 0%, Cumulative CPU 28.73 sec
2013-04-17 02:04:57,519 Stage-2 map = 100%,  reduce = 1%, Cumulative CPU 28.73 sec
2013-04-17 02:04:58,526 Stage-2 map = 100%,  reduce = 4%, Cumulative CPU 28.73 sec
2013-04-17 02:04:59,532 Stage-2 map = 100%,  reduce = 4%, Cumulative CPU 28.73 sec
2013-04-17 02:05:00,540 Stage-2 map = 100%,  reduce = 8%, Cumulative CPU 66.41 sec
2013-04-17 02:05:01,547 Stage-2 map = 100%,  reduce = 15%, Cumulative CPU 113.11 sec
2013-04-17 02:05:02,556 Stage-2 map = 100%,  reduce = 15%, Cumulative CPU 113.11 sec
2013-04-17 02:05:03,567 Stage-2 map = 100%,  reduce = 24%, Cumulative CPU 183.71 sec
2013-04-17 02:05:04,574 Stage-2 map = 100%,  reduce = 28%, Cumulative CPU 201.43 sec
2013-04-17 02:05:05,580 Stage-2 map = 100%,  reduce = 28%, Cumulative CPU 201.43 sec
2013-04-17 02:05:06,587 Stage-2 map = 100%,  reduce = 38%, Cumulative CPU 274.94 sec
2013-04-17 02:05:07,595 Stage-2 map = 100%,  reduce = 40%, Cumulative CPU 288.09 sec
2013-04-17 02:05:08,601 Stage-2 map = 100%,  reduce = 40%, Cumulative CPU 288.09 sec
2013-04-17 02:05:09,610 Stage-2 map = 100%,  reduce = 51%, Cumulative CPU 366.31 sec
2013-04-17 02:05:10,617 Stage-2 map = 100%,  reduce = 53%, Cumulative CPU 375.39 sec
2013-04-17 02:05:11,624 Stage-2 map = 100%,  reduce = 53%, Cumulative CPU 375.39 sec
2013-04-17 02:05:12,630 Stage-2 map = 100%,  reduce = 65%, Cumulative CPU 460.2 sec
2013-04-17 02:05:13,636 Stage-2 map = 100%,  reduce = 65%, Cumulative CPU 460.2 sec
2013-04-17 02:05:14,642 Stage-2 map = 100%,  reduce = 65%, Cumulative CPU 460.2 sec
2013-04-17 02:05:15,648 Stage-2 map = 100%,  reduce = 78%, Cumulative CPU 547.84 sec
2013-04-17 02:05:16,655 Stage-2 map = 100%,  reduce = 78%, Cumulative CPU 547.84 sec
2013-04-17 02:05:17,661 Stage-2 map = 100%,  reduce = 78%, Cumulative CPU 547.84 sec
2013-04-17 02:05:18,667 Stage-2 map = 100%,  reduce = 90%, Cumulative CPU 634.96 sec
2013-04-17 02:05:19,674 Stage-2 map = 100%,  reduce = 90%, Cumulative CPU 634.96 sec
2013-04-17 02:05:20,681 Stage-2 map = 100%,  reduce = 90%, Cumulative CPU 634.96 sec
2013-04-17 02:05:21,687 Stage-2 map = 100%,  reduce = 99%, Cumulative CPU 719.6 sec
2013-04-17 02:05:22,694 Stage-2 map = 100%,  reduce = 99%, Cumulative CPU 719.6 sec
2013-04-17 02:05:23,700 Stage-2 map = 100%,  reduce = 99%, Cumulative CPU 719.6 sec
2013-04-17 02:05:24,706 Stage-2 map = 100%,  reduce = 100%, Cumulative CPU 723.39 sec
2013-04-17 02:05:25,713 Stage-2 map = 100%,  reduce = 100%, Cumulative CPU 723.39 sec
2013-04-17 02:05:26,720 Stage-2 map = 100%,  reduce = 100%, Cumulative CPU 723.39 sec
2013-04-17 02:05:27,726 Stage-2 map = 100%,  reduce = 100%, Cumulative CPU 723.39 sec
2013-04-17 02:05:28,733 Stage-2 map = 100%,  reduce = 100%, Cumulative CPU 723.39 sec
2013-04-17 02:05:29,739 Stage-2 map = 100%,  reduce = 100%, Cumulative CPU 723.39 sec
2013-04-17 02:05:30,745 Stage-2 map = 100%,  reduce = 100%, Cumulative CPU 723.39 sec
MapReduce Total cumulative CPU time: 12 minutes 3 seconds 390 msec
Ended Job = job_201304170203_0002
Launching Job 3 out of 3
Number of reduce tasks not specified. Defaulting to jobconf value of: 160
In order to change the average load for a reducer (in bytes):
  set hive.exec.reducers.bytes.per.reducer=<number>
In order to limit the maximum number of reducers:
  set hive.exec.reducers.max=<number>
In order to set a constant number of reducers:
  set mapred.reduce.tasks=<number>
Starting Job = job_201304170203_0003, Tracking URL = http://cloud-11.dima.tu-berlin.de:4507/jobdetails.jsp?jobid=job_201304170203_0003
Kill Command = /share/hadoop/journalpaper/systems/hadoop-1.0.4/bin/hadoop job  -kill job_201304170203_0003
Hadoop job information for Stage-3: number of mappers: 15; number of reducers: 160
2013-04-17 02:05:39,719 Stage-3 map = 0%,  reduce = 0%
2013-04-17 02:05:45,741 Stage-3 map = 100%,  reduce = 0%, Cumulative CPU 24.03 sec
2013-04-17 02:05:46,746 Stage-3 map = 100%,  reduce = 0%, Cumulative CPU 24.03 sec
2013-04-17 02:05:47,750 Stage-3 map = 100%,  reduce = 0%, Cumulative CPU 24.03 sec
2013-04-17 02:05:48,754 Stage-3 map = 100%,  reduce = 0%, Cumulative CPU 24.03 sec
2013-04-17 02:05:49,771 Stage-3 map = 100%,  reduce = 0%, Cumulative CPU 24.03 sec
2013-04-17 02:05:50,775 Stage-3 map = 100%,  reduce = 0%, Cumulative CPU 24.03 sec
2013-04-17 02:05:51,779 Stage-3 map = 100%,  reduce = 0%, Cumulative CPU 24.03 sec
2013-04-17 02:05:52,784 Stage-3 map = 100%,  reduce = 0%, Cumulative CPU 24.03 sec
2013-04-17 02:05:53,789 Stage-3 map = 100%,  reduce = 0%, Cumulative CPU 24.03 sec
2013-04-17 02:05:54,794 Stage-3 map = 100%,  reduce = 4%, Cumulative CPU 24.03 sec
2013-04-17 02:05:55,799 Stage-3 map = 100%,  reduce = 4%, Cumulative CPU 24.03 sec
2013-04-17 02:05:56,804 Stage-3 map = 100%,  reduce = 4%, Cumulative CPU 24.03 sec
2013-04-17 02:05:57,809 Stage-3 map = 100%,  reduce = 16%, Cumulative CPU 86.33 sec
2013-04-17 02:05:58,815 Stage-3 map = 100%,  reduce = 16%, Cumulative CPU 86.33 sec
2013-04-17 02:05:59,820 Stage-3 map = 100%,  reduce = 16%, Cumulative CPU 86.33 sec
2013-04-17 02:06:00,826 Stage-3 map = 100%,  reduce = 29%, Cumulative CPU 147.62 sec
2013-04-17 02:06:01,830 Stage-3 map = 100%,  reduce = 29%, Cumulative CPU 147.62 sec
2013-04-17 02:06:02,835 Stage-3 map = 100%,  reduce = 29%, Cumulative CPU 147.62 sec
2013-04-17 02:06:03,840 Stage-3 map = 100%,  reduce = 41%, Cumulative CPU 209.04 sec
2013-04-17 02:06:04,846 Stage-3 map = 100%,  reduce = 41%, Cumulative CPU 209.04 sec
2013-04-17 02:06:05,851 Stage-3 map = 100%,  reduce = 41%, Cumulative CPU 209.04 sec
2013-04-17 02:06:06,856 Stage-3 map = 100%,  reduce = 54%, Cumulative CPU 270.09 sec
2013-04-17 02:06:07,861 Stage-3 map = 100%,  reduce = 54%, Cumulative CPU 270.09 sec
2013-04-17 02:06:08,866 Stage-3 map = 100%,  reduce = 54%, Cumulative CPU 270.09 sec
2013-04-17 02:06:09,871 Stage-3 map = 100%,  reduce = 66%, Cumulative CPU 331.2 sec
2013-04-17 02:06:10,877 Stage-3 map = 100%,  reduce = 66%, Cumulative CPU 331.2 sec
2013-04-17 02:06:11,882 Stage-3 map = 100%,  reduce = 66%, Cumulative CPU 331.2 sec
2013-04-17 02:06:12,887 Stage-3 map = 100%,  reduce = 79%, Cumulative CPU 391.95 sec
2013-04-17 02:06:13,892 Stage-3 map = 100%,  reduce = 79%, Cumulative CPU 391.95 sec
2013-04-17 02:06:14,897 Stage-3 map = 100%,  reduce = 79%, Cumulative CPU 391.95 sec
2013-04-17 02:06:15,903 Stage-3 map = 100%,  reduce = 91%, Cumulative CPU 452.74 sec
2013-04-17 02:06:16,908 Stage-3 map = 100%,  reduce = 91%, Cumulative CPU 452.74 sec
2013-04-17 02:06:17,913 Stage-3 map = 100%,  reduce = 91%, Cumulative CPU 452.74 sec
2013-04-17 02:06:18,918 Stage-3 map = 100%,  reduce = 100%, Cumulative CPU 513.58 sec
2013-04-17 02:06:19,923 Stage-3 map = 100%,  reduce = 100%, Cumulative CPU 513.58 sec
2013-04-17 02:06:20,929 Stage-3 map = 100%,  reduce = 100%, Cumulative CPU 513.58 sec
2013-04-17 02:06:21,934 Stage-3 map = 100%,  reduce = 100%, Cumulative CPU 513.58 sec
2013-04-17 02:06:22,939 Stage-3 map = 100%,  reduce = 100%, Cumulative CPU 513.58 sec
2013-04-17 02:06:23,945 Stage-3 map = 100%,  reduce = 100%, Cumulative CPU 513.58 sec
2013-04-17 02:06:24,950 Stage-3 map = 100%,  reduce = 100%, Cumulative CPU 513.58 sec
MapReduce Total cumulative CPU time: 8 minutes 33 seconds 580 msec
Ended Job = job_201304170203_0003
Moving data to: /benchmarks/output
MapReduce Jobs Launched: 
Job 0: Reduce: 160   Cumulative CPU: 264.06 sec   HDFS Read: 0 HDFS Write: 15360 SUCCESS
Job 1: Map: 15  Reduce: 160   Cumulative CPU: 723.39 sec   HDFS Read: 70015 HDFS Write: 15360 SUCCESS
Job 2: Map: 15  Reduce: 160   Cumulative CPU: 513.58 sec   HDFS Read: 70015 HDFS Write: 0 SUCCESS
Total MapReduce CPU Time Spent: 25 minutes 1 seconds 30 msec
OK
Time taken: 166.796 seconds
