04:00:41,664 WARN  eu.stratosphere.nephele.configuration.GlobalConfiguration     - Cannot load configuration: unknown element plugins
04:00:41,701 INFO  eu.stratosphere.nephele.taskmanager.TaskManager               - Reading location of job manager from configuration
04:00:41,710 INFO  eu.stratosphere.nephele.taskmanager.TaskManager               - Determined address of job manager to be cloud-11.dima.tu-berlin.de/130.149.21.15:6002
04:00:41,719 INFO  eu.stratosphere.nephele.taskmanager.TaskManager               - Announcing connection information cloud-14 to job manager
04:00:41,802 INFO  eu.stratosphere.nephele.ipc.Server                            - IPC Server listener on 6122: starting
04:00:41,802 INFO  eu.stratosphere.nephele.ipc.Server                            - IPC Server Responder: starting
04:00:41,803 INFO  eu.stratosphere.nephele.ipc.Server                            - IPC Server handler 0 on 6122: starting
04:00:42,908 INFO  eu.stratosphere.nephele.taskmanager.bufferprovider.GlobalBufferPool  - Initialized global buffer pool with 32768 buffers with a size 32768 bytes each
04:00:42,927 INFO  eu.stratosphere.nephele.taskmanager.bytebuffered.ByteBufferedChannelManager  - Initialized byte buffered channel manager with sender-side spilling disabled
04:00:42,936 INFO  eu.stratosphere.nephele.instance.HardwareDescriptionFactory   - Found Tenured Gen pool (max: 24051843072, used: 0)
04:00:42,937 INFO  eu.stratosphere.nephele.taskmanager.TaskManager               - Initializing memory manager with 22528 megabytes of memory
04:01:11,946 INFO  eu.stratosphere.nephele.execution.ExecutionStateTransition    - TM: ExecutionState set from STARTING to RUNNING for task Input Edges (39/80)
04:01:11,946 INFO  eu.stratosphere.nephele.execution.ExecutionStateTransition    - TM: ExecutionState set from STARTING to RUNNING for task Input Edges (34/80)
04:01:11,946 INFO  eu.stratosphere.nephele.execution.ExecutionStateTransition    - TM: ExecutionState set from STARTING to RUNNING for task Input Edges (33/80)
04:01:11,946 INFO  eu.stratosphere.nephele.execution.ExecutionStateTransition    - TM: ExecutionState set from STARTING to RUNNING for task Input Edges (36/80)
04:01:11,946 INFO  eu.stratosphere.nephele.execution.ExecutionStateTransition    - TM: ExecutionState set from STARTING to RUNNING for task Input Edges (40/80)
04:01:11,946 INFO  eu.stratosphere.nephele.execution.ExecutionStateTransition    - TM: ExecutionState set from STARTING to RUNNING for task Input Edges (35/80)
04:01:11,946 INFO  eu.stratosphere.nephele.execution.ExecutionStateTransition    - TM: ExecutionState set from STARTING to RUNNING for task Input Edges (38/80)
04:01:11,946 INFO  eu.stratosphere.nephele.execution.ExecutionStateTransition    - TM: ExecutionState set from STARTING to RUNNING for task Input Edges (37/80)
04:01:11,952 INFO  eu.stratosphere.pact.runtime.task.DataSourceTask              - Start PACT code: Input Edges (36/80)
04:01:11,950 INFO  eu.stratosphere.pact.runtime.task.DataSourceTask              - Start PACT code: Input Edges (39/80)
04:01:11,953 INFO  eu.stratosphere.pact.runtime.task.DataSourceTask              - Start PACT code: Input Edges (35/80)
04:01:11,953 INFO  eu.stratosphere.pact.runtime.task.RegularPactTask             - Start PACT code: Project Edge (36/80)
04:01:11,954 INFO  eu.stratosphere.pact.runtime.task.RegularPactTask             - Start PACT code: Project Edge (35/80)
04:01:11,954 INFO  eu.stratosphere.pact.runtime.task.RegularPactTask             - Start PACT code: Project Edge (39/80)
04:01:11,955 INFO  eu.stratosphere.pact.runtime.task.DataSourceTask              - Start PACT code: Input Edges (40/80)
04:01:11,956 INFO  eu.stratosphere.pact.runtime.task.RegularPactTask             - Start PACT code: Project Edge (40/80)
04:01:11,957 INFO  eu.stratosphere.pact.runtime.task.DataSourceTask              - Start PACT code: Input Edges (33/80)
04:01:11,957 INFO  eu.stratosphere.pact.runtime.task.RegularPactTask             - Start PACT code: Project Edge (33/80)
04:01:11,958 INFO  eu.stratosphere.pact.runtime.task.DataSourceTask              - Start PACT code: Input Edges (34/80)
04:01:11,959 INFO  eu.stratosphere.pact.runtime.task.RegularPactTask             - Start PACT code: Project Edge (34/80)
04:01:11,960 INFO  eu.stratosphere.pact.runtime.task.DataSourceTask              - Start PACT code: Input Edges (37/80)
04:01:11,960 INFO  eu.stratosphere.pact.runtime.task.RegularPactTask             - Start PACT code: Project Edge (37/80)
04:01:11,961 INFO  eu.stratosphere.pact.runtime.task.DataSourceTask              - Start PACT code: Input Edges (38/80)
04:01:11,962 INFO  eu.stratosphere.pact.runtime.task.RegularPactTask             - Start PACT code: Project Edge (38/80)
04:01:13,039 INFO  eu.stratosphere.nephele.execution.ExecutionStateTransition    - TM: ExecutionState set from STARTING to RUNNING for task Count Edges for Vertex (35/80)
04:01:13,041 INFO  eu.stratosphere.pact.runtime.task.RegularPactTask             - Start PACT code.: Count Edges for Vertex (35/80)
04:01:13,075 INFO  eu.stratosphere.nephele.execution.ExecutionStateTransition    - TM: ExecutionState set from STARTING to RUNNING for task Count Edges for Vertex (33/80)
04:01:13,077 INFO  eu.stratosphere.pact.runtime.task.RegularPactTask             - Start PACT code.: Count Edges for Vertex (33/80)
04:01:13,102 INFO  eu.stratosphere.nephele.execution.ExecutionStateTransition    - TM: ExecutionState set from STARTING to RUNNING for task Count Edges for Vertex (40/80)
04:01:13,104 INFO  eu.stratosphere.pact.runtime.task.RegularPactTask             - Start PACT code.: Count Edges for Vertex (40/80)
04:01:13,120 INFO  eu.stratosphere.nephele.execution.ExecutionStateTransition    - TM: ExecutionState set from STARTING to RUNNING for task Count Edges for Vertex (37/80)
04:01:13,122 INFO  eu.stratosphere.pact.runtime.task.RegularPactTask             - Start PACT code.: Count Edges for Vertex (37/80)
04:01:13,140 INFO  eu.stratosphere.nephele.execution.ExecutionStateTransition    - TM: ExecutionState set from STARTING to RUNNING for task Count Edges for Vertex (39/80)
04:01:13,141 INFO  eu.stratosphere.pact.runtime.task.RegularPactTask             - Start PACT code.: Count Edges for Vertex (39/80)
04:01:13,155 INFO  eu.stratosphere.nephele.execution.ExecutionStateTransition    - TM: ExecutionState set from STARTING to RUNNING for task Count Edges for Vertex (36/80)
04:01:13,156 INFO  eu.stratosphere.pact.runtime.task.RegularPactTask             - Start PACT code.: Count Edges for Vertex (36/80)
04:01:13,186 INFO  eu.stratosphere.nephele.execution.ExecutionStateTransition    - TM: ExecutionState set from STARTING to RUNNING for task Count Edges for Vertex (38/80)
04:01:13,187 INFO  eu.stratosphere.pact.runtime.task.RegularPactTask             - Start PACT code.: Count Edges for Vertex (38/80)
04:01:13,532 INFO  eu.stratosphere.nephele.execution.ExecutionStateTransition    - TM: ExecutionState set from STARTING to RUNNING for task Count Edges for Vertex (34/80)
04:01:13,534 INFO  eu.stratosphere.pact.runtime.task.RegularPactTask             - Start PACT code.: Count Edges for Vertex (34/80)
04:01:16,840 INFO  eu.stratosphere.pact.runtime.task.RegularPactTask             - Finished PACT code: Project Edge (39/80)
04:01:16,841 INFO  eu.stratosphere.pact.runtime.task.DataSourceTask              - Finished PACT code: Input Edges (39/80)
04:01:16,841 INFO  eu.stratosphere.nephele.execution.ExecutionStateTransition    - TM: ExecutionState set from RUNNING to FINISHING for task Input Edges (39/80)
04:01:16,887 INFO  eu.stratosphere.pact.runtime.task.RegularPactTask             - Finished PACT code: Project Edge (33/80)
04:01:16,888 INFO  eu.stratosphere.pact.runtime.task.DataSourceTask              - Finished PACT code: Input Edges (33/80)
04:01:16,888 INFO  eu.stratosphere.nephele.execution.ExecutionStateTransition    - TM: ExecutionState set from RUNNING to FINISHING for task Input Edges (33/80)
04:01:16,963 INFO  eu.stratosphere.pact.runtime.task.RegularPactTask             - Finished PACT code: Project Edge (40/80)
04:01:16,963 INFO  eu.stratosphere.pact.runtime.task.DataSourceTask              - Finished PACT code: Input Edges (40/80)
04:01:16,963 INFO  eu.stratosphere.nephele.execution.ExecutionStateTransition    - TM: ExecutionState set from RUNNING to FINISHING for task Input Edges (40/80)
04:01:16,969 INFO  eu.stratosphere.pact.runtime.task.RegularPactTask             - Finished PACT code: Project Edge (35/80)
04:01:16,969 INFO  eu.stratosphere.pact.runtime.task.DataSourceTask              - Finished PACT code: Input Edges (35/80)
04:01:16,970 INFO  eu.stratosphere.nephele.execution.ExecutionStateTransition    - TM: ExecutionState set from RUNNING to FINISHING for task Input Edges (35/80)
04:01:17,005 INFO  eu.stratosphere.pact.runtime.task.RegularPactTask             - Finished PACT code: Project Edge (38/80)
04:01:17,006 INFO  eu.stratosphere.pact.runtime.task.DataSourceTask              - Finished PACT code: Input Edges (38/80)
04:01:17,006 INFO  eu.stratosphere.nephele.execution.ExecutionStateTransition    - TM: ExecutionState set from RUNNING to FINISHING for task Input Edges (38/80)
04:01:17,026 INFO  eu.stratosphere.pact.runtime.task.RegularPactTask             - Finished PACT code: Project Edge (36/80)
04:01:17,026 INFO  eu.stratosphere.pact.runtime.task.DataSourceTask              - Finished PACT code: Input Edges (36/80)
04:01:17,027 INFO  eu.stratosphere.nephele.execution.ExecutionStateTransition    - TM: ExecutionState set from RUNNING to FINISHING for task Input Edges (36/80)
04:01:17,250 INFO  eu.stratosphere.pact.runtime.task.RegularPactTask             - Finished PACT code: Project Edge (34/80)
04:01:17,250 INFO  eu.stratosphere.pact.runtime.task.DataSourceTask              - Finished PACT code: Input Edges (34/80)
04:01:17,251 INFO  eu.stratosphere.nephele.execution.ExecutionStateTransition    - TM: ExecutionState set from RUNNING to FINISHING for task Input Edges (34/80)
04:01:17,453 INFO  eu.stratosphere.pact.runtime.task.RegularPactTask             - Finished PACT code: Project Edge (37/80)
04:01:17,453 INFO  eu.stratosphere.pact.runtime.task.DataSourceTask              - Finished PACT code: Input Edges (37/80)
04:01:17,453 INFO  eu.stratosphere.nephele.execution.ExecutionStateTransition    - TM: ExecutionState set from RUNNING to FINISHING for task Input Edges (37/80)
04:01:21,471 INFO  eu.stratosphere.nephele.execution.ExecutionStateTransition    - TM: ExecutionState set from STARTING to RUNNING for task Join Counts (39/80)
04:01:21,471 INFO  eu.stratosphere.nephele.execution.ExecutionStateTransition    - TM: ExecutionState set from STARTING to RUNNING for task Project out Counts (39/80)
04:01:21,471 INFO  eu.stratosphere.nephele.execution.ExecutionStateTransition    - TM: ExecutionState set from STARTING to RUNNING for task Select lower-degree Edge (39/80)
04:01:21,473 INFO  eu.stratosphere.pact.runtime.task.RegularPactTask             - Start PACT code.: Join Counts (39/80)
04:01:21,474 INFO  eu.stratosphere.pact.runtime.task.RegularPactTask             - Start PACT code.: Project out Counts (39/80)
04:01:21,475 INFO  eu.stratosphere.pact.runtime.task.RegularPactTask             - Start PACT code.: Select lower-degree Edge (39/80)
04:01:21,501 INFO  eu.stratosphere.nephele.execution.ExecutionStateTransition    - TM: ExecutionState set from STARTING to RUNNING for task Join Counts (36/80)
04:01:21,502 INFO  eu.stratosphere.nephele.execution.ExecutionStateTransition    - TM: ExecutionState set from STARTING to RUNNING for task Project out Counts (36/80)
04:01:21,502 INFO  eu.stratosphere.nephele.execution.ExecutionStateTransition    - TM: ExecutionState set from STARTING to RUNNING for task Select lower-degree Edge (36/80)
04:01:21,504 INFO  eu.stratosphere.pact.runtime.task.RegularPactTask             - Start PACT code.: Join Counts (36/80)
04:01:21,504 INFO  eu.stratosphere.pact.runtime.task.RegularPactTask             - Start PACT code.: Project out Counts (36/80)
04:01:21,505 INFO  eu.stratosphere.pact.runtime.task.RegularPactTask             - Start PACT code.: Select lower-degree Edge (36/80)
04:01:21,776 INFO  eu.stratosphere.nephele.execution.ExecutionStateTransition    - TM: ExecutionState set from STARTING to RUNNING for task Join Counts (35/80)
04:01:21,777 INFO  eu.stratosphere.nephele.execution.ExecutionStateTransition    - TM: ExecutionState set from STARTING to RUNNING for task Project out Counts (35/80)
04:01:21,777 INFO  eu.stratosphere.pact.runtime.task.RegularPactTask             - Start PACT code.: Join Counts (35/80)
04:01:21,776 INFO  eu.stratosphere.nephele.execution.ExecutionStateTransition    - TM: ExecutionState set from STARTING to RUNNING for task Select lower-degree Edge (35/80)
04:01:21,778 INFO  eu.stratosphere.pact.runtime.task.RegularPactTask             - Start PACT code.: Project out Counts (35/80)
04:01:21,779 INFO  eu.stratosphere.pact.runtime.task.RegularPactTask             - Start PACT code.: Select lower-degree Edge (35/80)
04:01:21,807 INFO  eu.stratosphere.nephele.execution.ExecutionStateTransition    - TM: ExecutionState set from STARTING to RUNNING for task Join Counts (33/80)
04:01:21,807 INFO  eu.stratosphere.nephele.execution.ExecutionStateTransition    - TM: ExecutionState set from STARTING to RUNNING for task Project out Counts (33/80)
04:01:21,807 INFO  eu.stratosphere.nephele.execution.ExecutionStateTransition    - TM: ExecutionState set from STARTING to RUNNING for task Select lower-degree Edge (33/80)
04:01:21,809 INFO  eu.stratosphere.pact.runtime.task.RegularPactTask             - Start PACT code.: Join Counts (33/80)
04:01:21,809 INFO  eu.stratosphere.pact.runtime.task.RegularPactTask             - Start PACT code.: Project out Counts (33/80)
04:01:21,810 INFO  eu.stratosphere.pact.runtime.task.RegularPactTask             - Start PACT code.: Select lower-degree Edge (33/80)
04:01:21,833 INFO  eu.stratosphere.nephele.execution.ExecutionStateTransition    - TM: ExecutionState set from STARTING to RUNNING for task Select lower-degree Edge (34/80)
04:01:21,833 INFO  eu.stratosphere.nephele.execution.ExecutionStateTransition    - TM: ExecutionState set from STARTING to RUNNING for task Join Counts (34/80)
04:01:21,834 INFO  eu.stratosphere.pact.runtime.task.RegularPactTask             - Start PACT code.: Select lower-degree Edge (34/80)
04:01:21,833 INFO  eu.stratosphere.nephele.execution.ExecutionStateTransition    - TM: ExecutionState set from STARTING to RUNNING for task Project out Counts (34/80)
04:01:21,835 INFO  eu.stratosphere.pact.runtime.task.RegularPactTask             - Start PACT code.: Join Counts (34/80)
04:01:21,836 INFO  eu.stratosphere.pact.runtime.task.RegularPactTask             - Start PACT code.: Project out Counts (34/80)
04:01:21,862 INFO  eu.stratosphere.nephele.execution.ExecutionStateTransition    - TM: ExecutionState set from STARTING to RUNNING for task Select lower-degree Edge (40/80)
04:01:21,862 INFO  eu.stratosphere.nephele.execution.ExecutionStateTransition    - TM: ExecutionState set from STARTING to RUNNING for task Join Counts (40/80)
04:01:21,863 INFO  eu.stratosphere.pact.runtime.task.RegularPactTask             - Start PACT code.: Select lower-degree Edge (40/80)
04:01:21,862 INFO  eu.stratosphere.nephele.execution.ExecutionStateTransition    - TM: ExecutionState set from STARTING to RUNNING for task Project out Counts (40/80)
04:01:21,864 INFO  eu.stratosphere.pact.runtime.task.RegularPactTask             - Start PACT code.: Join Counts (40/80)
04:01:21,864 INFO  eu.stratosphere.pact.runtime.task.RegularPactTask             - Start PACT code.: Project out Counts (40/80)
04:01:22,314 INFO  eu.stratosphere.nephele.execution.ExecutionStateTransition    - TM: ExecutionState set from STARTING to RUNNING for task Join Counts (37/80)
04:01:22,315 INFO  eu.stratosphere.nephele.execution.ExecutionStateTransition    - TM: ExecutionState set from STARTING to RUNNING for task Project out Counts (37/80)
04:01:22,315 INFO  eu.stratosphere.nephele.execution.ExecutionStateTransition    - TM: ExecutionState set from STARTING to RUNNING for task Select lower-degree Edge (37/80)
04:01:22,317 INFO  eu.stratosphere.pact.runtime.task.RegularPactTask             - Start PACT code.: Join Counts (37/80)
04:01:22,318 INFO  eu.stratosphere.pact.runtime.task.RegularPactTask             - Start PACT code.: Project out Counts (37/80)
04:01:22,319 INFO  eu.stratosphere.pact.runtime.task.RegularPactTask             - Start PACT code.: Select lower-degree Edge (37/80)
04:01:22,345 INFO  eu.stratosphere.nephele.execution.ExecutionStateTransition    - TM: ExecutionState set from STARTING to RUNNING for task Join Counts (38/80)
04:01:22,346 INFO  eu.stratosphere.nephele.execution.ExecutionStateTransition    - TM: ExecutionState set from STARTING to RUNNING for task Select lower-degree Edge (38/80)
04:01:22,346 INFO  eu.stratosphere.nephele.execution.ExecutionStateTransition    - TM: ExecutionState set from STARTING to RUNNING for task Project out Counts (38/80)
04:01:22,347 INFO  eu.stratosphere.pact.runtime.task.RegularPactTask             - Start PACT code.: Join Counts (38/80)
04:01:22,348 INFO  eu.stratosphere.pact.runtime.task.RegularPactTask             - Start PACT code.: Select lower-degree Edge (38/80)
04:01:22,348 INFO  eu.stratosphere.pact.runtime.task.RegularPactTask             - Start PACT code.: Project out Counts (38/80)
04:01:23,208 INFO  eu.stratosphere.pact.runtime.task.RegularPactTask             - Finished PACT code.: Count Edges for Vertex (37/80)
04:01:23,209 INFO  eu.stratosphere.nephele.execution.ExecutionStateTransition    - TM: ExecutionState set from RUNNING to FINISHING for task Count Edges for Vertex (37/80)
04:01:23,257 INFO  eu.stratosphere.pact.runtime.task.RegularPactTask             - Finished PACT code.: Count Edges for Vertex (33/80)
04:01:23,257 INFO  eu.stratosphere.nephele.execution.ExecutionStateTransition    - TM: ExecutionState set from RUNNING to FINISHING for task Count Edges for Vertex (33/80)
04:01:23,281 INFO  eu.stratosphere.pact.runtime.task.RegularPactTask             - Finished PACT code.: Count Edges for Vertex (39/80)
04:01:23,281 INFO  eu.stratosphere.nephele.execution.ExecutionStateTransition    - TM: ExecutionState set from RUNNING to FINISHING for task Count Edges for Vertex (39/80)
04:01:23,294 INFO  eu.stratosphere.pact.runtime.task.RegularPactTask             - Finished PACT code.: Count Edges for Vertex (38/80)
04:01:23,295 INFO  eu.stratosphere.nephele.execution.ExecutionStateTransition    - TM: ExecutionState set from RUNNING to FINISHING for task Count Edges for Vertex (38/80)
04:01:23,304 INFO  eu.stratosphere.pact.runtime.task.RegularPactTask             - Finished PACT code.: Count Edges for Vertex (40/80)
04:01:23,304 INFO  eu.stratosphere.nephele.execution.ExecutionStateTransition    - TM: ExecutionState set from RUNNING to FINISHING for task Count Edges for Vertex (40/80)
04:01:23,696 INFO  eu.stratosphere.pact.runtime.task.RegularPactTask             - Finished PACT code.: Count Edges for Vertex (34/80)
04:01:23,696 INFO  eu.stratosphere.nephele.execution.ExecutionStateTransition    - TM: ExecutionState set from RUNNING to FINISHING for task Count Edges for Vertex (34/80)
04:01:23,736 INFO  eu.stratosphere.pact.runtime.task.RegularPactTask             - Finished PACT code.: Count Edges for Vertex (36/80)
04:01:23,736 INFO  eu.stratosphere.nephele.execution.ExecutionStateTransition    - TM: ExecutionState set from RUNNING to FINISHING for task Count Edges for Vertex (36/80)
04:01:23,799 INFO  eu.stratosphere.pact.runtime.task.RegularPactTask             - Finished PACT code.: Count Edges for Vertex (35/80)
04:01:23,799 INFO  eu.stratosphere.nephele.execution.ExecutionStateTransition    - TM: ExecutionState set from RUNNING to FINISHING for task Count Edges for Vertex (35/80)
04:01:24,624 INFO  eu.stratosphere.nephele.execution.ExecutionStateTransition    - TM: ExecutionState set from FINISHING to FINISHED for task Input Edges (33/80)
04:01:24,638 INFO  eu.stratosphere.nephele.execution.ExecutionStateTransition    - TM: ExecutionState set from FINISHING to FINISHED for task Input Edges (38/80)
04:01:24,657 INFO  eu.stratosphere.nephele.execution.ExecutionStateTransition    - TM: ExecutionState set from FINISHING to FINISHED for task Input Edges (36/80)
04:01:24,678 INFO  eu.stratosphere.nephele.execution.ExecutionStateTransition    - TM: ExecutionState set from FINISHING to FINISHED for task Input Edges (39/80)
04:01:24,681 INFO  eu.stratosphere.nephele.execution.ExecutionStateTransition    - TM: ExecutionState set from FINISHING to FINISHED for task Input Edges (34/80)
04:01:24,681 INFO  eu.stratosphere.nephele.execution.ExecutionStateTransition    - TM: ExecutionState set from FINISHING to FINISHED for task Input Edges (37/80)
04:01:24,696 INFO  eu.stratosphere.nephele.execution.ExecutionStateTransition    - TM: ExecutionState set from FINISHING to FINISHED for task Input Edges (40/80)
04:01:24,699 INFO  eu.stratosphere.nephele.execution.ExecutionStateTransition    - TM: ExecutionState set from FINISHING to FINISHED for task Input Edges (35/80)
04:01:25,918 INFO  eu.stratosphere.nephele.execution.ExecutionStateTransition    - TM: ExecutionState set from STARTING to RUNNING for task Close Triads (38/80)
04:01:25,922 INFO  eu.stratosphere.nephele.execution.ExecutionStateTransition    - TM: ExecutionState set from STARTING to RUNNING for task Triangles (38/80)
04:01:25,924 INFO  eu.stratosphere.pact.runtime.task.RegularPactTask             - Start PACT code.: Close Triads (38/80)
04:01:25,926 INFO  eu.stratosphere.pact.runtime.task.DataSinkTask                - Start PACT code: Triangles (38/80)
04:01:25,937 INFO  eu.stratosphere.nephele.execution.ExecutionStateTransition    - TM: ExecutionState set from STARTING to RUNNING for task Close Triads (34/80)
04:01:25,938 INFO  eu.stratosphere.nephele.execution.ExecutionStateTransition    - TM: ExecutionState set from STARTING to RUNNING for task Triangles (34/80)
04:01:25,938 INFO  eu.stratosphere.pact.runtime.task.RegularPactTask             - Start PACT code.: Close Triads (34/80)
04:01:25,939 INFO  eu.stratosphere.pact.runtime.task.DataSinkTask                - Start PACT code: Triangles (34/80)
04:01:25,949 INFO  eu.stratosphere.nephele.execution.ExecutionStateTransition    - TM: ExecutionState set from STARTING to RUNNING for task Close Triads (37/80)
04:01:25,950 INFO  eu.stratosphere.nephele.execution.ExecutionStateTransition    - TM: ExecutionState set from STARTING to RUNNING for task Triangles (37/80)
04:01:25,951 INFO  eu.stratosphere.pact.runtime.task.RegularPactTask             - Start PACT code.: Close Triads (37/80)
04:01:25,952 INFO  eu.stratosphere.pact.runtime.task.DataSinkTask                - Start PACT code: Triangles (37/80)
04:01:25,968 INFO  eu.stratosphere.nephele.execution.ExecutionStateTransition    - TM: ExecutionState set from STARTING to RUNNING for task Close Triads (35/80)
04:01:25,968 INFO  eu.stratosphere.nephele.execution.ExecutionStateTransition    - TM: ExecutionState set from STARTING to RUNNING for task Triangles (35/80)
04:01:25,969 INFO  eu.stratosphere.pact.runtime.task.RegularPactTask             - Start PACT code.: Close Triads (35/80)
04:01:25,970 INFO  eu.stratosphere.pact.runtime.task.DataSinkTask                - Start PACT code: Triangles (35/80)
04:01:25,985 INFO  eu.stratosphere.nephele.execution.ExecutionStateTransition    - TM: ExecutionState set from STARTING to RUNNING for task Close Triads (36/80)
04:01:25,986 INFO  eu.stratosphere.nephele.execution.ExecutionStateTransition    - TM: ExecutionState set from STARTING to RUNNING for task Triangles (36/80)
04:01:25,988 INFO  eu.stratosphere.pact.runtime.task.RegularPactTask             - Start PACT code.: Close Triads (36/80)
04:01:25,990 INFO  eu.stratosphere.pact.runtime.task.DataSinkTask                - Start PACT code: Triangles (36/80)
04:01:26,001 INFO  eu.stratosphere.nephele.execution.ExecutionStateTransition    - TM: ExecutionState set from STARTING to RUNNING for task Close Triads (33/80)
04:01:26,001 INFO  eu.stratosphere.nephele.execution.ExecutionStateTransition    - TM: ExecutionState set from STARTING to RUNNING for task Triangles (33/80)
04:01:26,002 INFO  eu.stratosphere.pact.runtime.task.RegularPactTask             - Start PACT code.: Close Triads (33/80)
04:01:26,003 INFO  eu.stratosphere.pact.runtime.task.DataSinkTask                - Start PACT code: Triangles (33/80)
04:01:26,015 INFO  eu.stratosphere.nephele.execution.ExecutionStateTransition    - TM: ExecutionState set from STARTING to RUNNING for task Triangles (40/80)
04:01:26,015 INFO  eu.stratosphere.nephele.execution.ExecutionStateTransition    - TM: ExecutionState set from STARTING to RUNNING for task Close Triads (40/80)
04:01:26,016 INFO  eu.stratosphere.pact.runtime.task.DataSinkTask                - Start PACT code: Triangles (40/80)
04:01:26,016 INFO  eu.stratosphere.pact.runtime.task.RegularPactTask             - Start PACT code.: Close Triads (40/80)
04:01:26,086 INFO  eu.stratosphere.nephele.execution.ExecutionStateTransition    - TM: ExecutionState set from STARTING to RUNNING for task Close Triads (39/80)
04:01:26,086 INFO  eu.stratosphere.nephele.execution.ExecutionStateTransition    - TM: ExecutionState set from STARTING to RUNNING for task Triangles (39/80)
04:01:26,087 INFO  eu.stratosphere.pact.runtime.task.RegularPactTask             - Start PACT code.: Close Triads (39/80)
04:01:26,088 INFO  eu.stratosphere.pact.runtime.task.DataSinkTask                - Start PACT code: Triangles (39/80)
04:01:26,664 INFO  eu.stratosphere.nephele.execution.ExecutionStateTransition    - TM: ExecutionState set from STARTING to RUNNING for task Build Triads (33/80)
04:01:26,665 INFO  eu.stratosphere.pact.runtime.task.RegularPactTask             - Start PACT code.: Build Triads (33/80)
04:01:26,691 INFO  eu.stratosphere.nephele.execution.ExecutionStateTransition    - TM: ExecutionState set from STARTING to RUNNING for task Build Triads (35/80)
04:01:26,693 INFO  eu.stratosphere.pact.runtime.task.RegularPactTask             - Start PACT code.: Build Triads (35/80)
04:01:26,733 INFO  eu.stratosphere.nephele.execution.ExecutionStateTransition    - TM: ExecutionState set from STARTING to RUNNING for task Build Triads (39/80)
04:01:26,735 INFO  eu.stratosphere.pact.runtime.task.RegularPactTask             - Start PACT code.: Build Triads (39/80)
04:01:26,744 INFO  eu.stratosphere.nephele.execution.ExecutionStateTransition    - TM: ExecutionState set from STARTING to RUNNING for task Build Triads (40/80)
04:01:26,745 INFO  eu.stratosphere.pact.runtime.task.RegularPactTask             - Start PACT code.: Build Triads (40/80)
04:01:26,791 INFO  eu.stratosphere.nephele.execution.ExecutionStateTransition    - TM: ExecutionState set from STARTING to RUNNING for task Build Triads (37/80)
04:01:26,792 INFO  eu.stratosphere.pact.runtime.task.RegularPactTask             - Start PACT code.: Build Triads (37/80)
04:01:27,164 INFO  eu.stratosphere.nephele.execution.ExecutionStateTransition    - TM: ExecutionState set from STARTING to RUNNING for task Build Triads (38/80)
04:01:27,166 INFO  eu.stratosphere.pact.runtime.task.RegularPactTask             - Start PACT code.: Build Triads (38/80)
04:01:27,179 INFO  eu.stratosphere.nephele.execution.ExecutionStateTransition    - TM: ExecutionState set from STARTING to RUNNING for task Build Triads (34/80)
04:01:27,180 INFO  eu.stratosphere.pact.runtime.task.RegularPactTask             - Start PACT code.: Build Triads (34/80)
04:01:27,195 INFO  eu.stratosphere.nephele.execution.ExecutionStateTransition    - TM: ExecutionState set from STARTING to RUNNING for task Build Triads (36/80)
04:01:27,196 INFO  eu.stratosphere.pact.runtime.task.RegularPactTask             - Start PACT code.: Build Triads (36/80)
04:01:27,743 INFO  eu.stratosphere.pact.runtime.task.RegularPactTask             - Finished PACT code.: Join Counts (38/80)
04:01:27,744 INFO  eu.stratosphere.nephele.execution.ExecutionStateTransition    - TM: ExecutionState set from RUNNING to FINISHING for task Join Counts (38/80)
04:01:27,747 INFO  eu.stratosphere.pact.runtime.task.RegularPactTask             - Finished PACT code.: Project out Counts (38/80)
04:01:27,747 INFO  eu.stratosphere.pact.runtime.task.RegularPactTask             - Finished PACT code.: Select lower-degree Edge (38/80)
04:01:27,749 INFO  eu.stratosphere.nephele.execution.ExecutionStateTransition    - TM: ExecutionState set from RUNNING to FINISHING for task Project out Counts (38/80)
04:01:27,750 INFO  eu.stratosphere.nephele.execution.ExecutionStateTransition    - TM: ExecutionState set from RUNNING to FINISHING for task Select lower-degree Edge (38/80)
04:01:27,846 INFO  eu.stratosphere.nephele.execution.ExecutionStateTransition    - TM: ExecutionState set from FINISHING to FINISHED for task Join Counts (38/80)
04:01:27,937 INFO  eu.stratosphere.pact.runtime.task.RegularPactTask             - Finished PACT code.: Join Counts (37/80)
04:01:27,938 INFO  eu.stratosphere.nephele.execution.ExecutionStateTransition    - TM: ExecutionState set from RUNNING to FINISHING for task Join Counts (37/80)
04:01:27,941 INFO  eu.stratosphere.pact.runtime.task.RegularPactTask             - Finished PACT code.: Project out Counts (37/80)
04:01:27,941 INFO  eu.stratosphere.nephele.execution.ExecutionStateTransition    - TM: ExecutionState set from RUNNING to FINISHING for task Project out Counts (37/80)
04:01:27,943 INFO  eu.stratosphere.pact.runtime.task.RegularPactTask             - Finished PACT code.: Select lower-degree Edge (37/80)
04:01:27,944 INFO  eu.stratosphere.nephele.execution.ExecutionStateTransition    - TM: ExecutionState set from RUNNING to FINISHING for task Select lower-degree Edge (37/80)
04:01:27,946 INFO  eu.stratosphere.pact.runtime.task.RegularPactTask             - Finished PACT code.: Join Counts (40/80)
04:01:27,947 INFO  eu.stratosphere.nephele.execution.ExecutionStateTransition    - TM: ExecutionState set from RUNNING to FINISHING for task Join Counts (40/80)
04:01:27,949 INFO  eu.stratosphere.pact.runtime.task.RegularPactTask             - Finished PACT code.: Select lower-degree Edge (40/80)
04:01:27,950 INFO  eu.stratosphere.nephele.execution.ExecutionStateTransition    - TM: ExecutionState set from RUNNING to FINISHING for task Select lower-degree Edge (40/80)
04:01:27,950 INFO  eu.stratosphere.pact.runtime.task.RegularPactTask             - Finished PACT code.: Project out Counts (40/80)
04:01:27,950 INFO  eu.stratosphere.nephele.execution.ExecutionStateTransition    - TM: ExecutionState set from RUNNING to FINISHING for task Project out Counts (40/80)
04:01:27,962 INFO  eu.stratosphere.pact.runtime.task.RegularPactTask             - Finished PACT code.: Join Counts (33/80)
04:01:27,963 INFO  eu.stratosphere.nephele.execution.ExecutionStateTransition    - TM: ExecutionState set from RUNNING to FINISHING for task Join Counts (33/80)
04:01:27,964 INFO  eu.stratosphere.pact.runtime.task.RegularPactTask             - Finished PACT code.: Project out Counts (33/80)
04:01:27,964 INFO  eu.stratosphere.pact.runtime.task.RegularPactTask             - Finished PACT code.: Select lower-degree Edge (33/80)
04:01:27,964 INFO  eu.stratosphere.nephele.execution.ExecutionStateTransition    - TM: ExecutionState set from RUNNING to FINISHING for task Project out Counts (33/80)
04:01:27,965 INFO  eu.stratosphere.nephele.execution.ExecutionStateTransition    - TM: ExecutionState set from RUNNING to FINISHING for task Select lower-degree Edge (33/80)
04:01:27,981 INFO  eu.stratosphere.pact.runtime.task.RegularPactTask             - Finished PACT code.: Join Counts (34/80)
04:01:27,981 INFO  eu.stratosphere.nephele.execution.ExecutionStateTransition    - TM: ExecutionState set from RUNNING to FINISHING for task Join Counts (34/80)
04:01:27,983 INFO  eu.stratosphere.pact.runtime.task.RegularPactTask             - Finished PACT code.: Project out Counts (34/80)
04:01:27,983 INFO  eu.stratosphere.nephele.execution.ExecutionStateTransition    - TM: ExecutionState set from RUNNING to FINISHING for task Project out Counts (34/80)
04:01:27,984 INFO  eu.stratosphere.pact.runtime.task.RegularPactTask             - Finished PACT code.: Select lower-degree Edge (34/80)
04:01:27,984 INFO  eu.stratosphere.nephele.execution.ExecutionStateTransition    - TM: ExecutionState set from RUNNING to FINISHING for task Select lower-degree Edge (34/80)
04:01:28,040 INFO  eu.stratosphere.nephele.execution.ExecutionStateTransition    - TM: ExecutionState set from FINISHING to FINISHED for task Join Counts (37/80)
04:01:28,048 INFO  eu.stratosphere.pact.runtime.task.RegularPactTask             - Finished PACT code.: Join Counts (35/80)
04:01:28,048 INFO  eu.stratosphere.nephele.execution.ExecutionStateTransition    - TM: ExecutionState set from FINISHING to FINISHED for task Join Counts (40/80)
04:01:28,049 INFO  eu.stratosphere.nephele.execution.ExecutionStateTransition    - TM: ExecutionState set from RUNNING to FINISHING for task Join Counts (35/80)
04:01:28,049 INFO  eu.stratosphere.pact.runtime.task.RegularPactTask             - Finished PACT code.: Join Counts (39/80)
04:01:28,050 INFO  eu.stratosphere.nephele.execution.ExecutionStateTransition    - TM: ExecutionState set from RUNNING to FINISHING for task Join Counts (39/80)
04:01:28,051 INFO  eu.stratosphere.pact.runtime.task.RegularPactTask             - Finished PACT code.: Select lower-degree Edge (35/80)
04:01:28,051 INFO  eu.stratosphere.pact.runtime.task.RegularPactTask             - Finished PACT code.: Project out Counts (35/80)
04:01:28,051 INFO  eu.stratosphere.nephele.execution.ExecutionStateTransition    - TM: ExecutionState set from RUNNING to FINISHING for task Select lower-degree Edge (35/80)
04:01:28,052 INFO  eu.stratosphere.nephele.execution.ExecutionStateTransition    - TM: ExecutionState set from RUNNING to FINISHING for task Project out Counts (35/80)
04:01:28,052 INFO  eu.stratosphere.pact.runtime.task.RegularPactTask             - Finished PACT code.: Project out Counts (39/80)
04:01:28,052 INFO  eu.stratosphere.nephele.execution.ExecutionStateTransition    - TM: ExecutionState set from RUNNING to FINISHING for task Project out Counts (39/80)
04:01:28,055 INFO  eu.stratosphere.pact.runtime.task.RegularPactTask             - Finished PACT code.: Select lower-degree Edge (39/80)
04:01:28,055 INFO  eu.stratosphere.nephele.execution.ExecutionStateTransition    - TM: ExecutionState set from RUNNING to FINISHING for task Select lower-degree Edge (39/80)
04:01:28,064 INFO  eu.stratosphere.nephele.execution.ExecutionStateTransition    - TM: ExecutionState set from FINISHING to FINISHED for task Join Counts (33/80)
04:01:28,083 INFO  eu.stratosphere.nephele.execution.ExecutionStateTransition    - TM: ExecutionState set from FINISHING to FINISHED for task Join Counts (34/80)
04:01:28,090 INFO  eu.stratosphere.pact.runtime.task.RegularPactTask             - Finished PACT code.: Join Counts (36/80)
04:01:28,090 INFO  eu.stratosphere.nephele.execution.ExecutionStateTransition    - TM: ExecutionState set from RUNNING to FINISHING for task Join Counts (36/80)
04:01:28,093 INFO  eu.stratosphere.pact.runtime.task.RegularPactTask             - Finished PACT code.: Project out Counts (36/80)
04:01:28,093 INFO  eu.stratosphere.nephele.execution.ExecutionStateTransition    - TM: ExecutionState set from RUNNING to FINISHING for task Project out Counts (36/80)
04:01:28,093 INFO  eu.stratosphere.pact.runtime.task.RegularPactTask             - Finished PACT code.: Select lower-degree Edge (36/80)
04:01:28,094 INFO  eu.stratosphere.nephele.execution.ExecutionStateTransition    - TM: ExecutionState set from RUNNING to FINISHING for task Select lower-degree Edge (36/80)
04:01:28,151 INFO  eu.stratosphere.nephele.execution.ExecutionStateTransition    - TM: ExecutionState set from FINISHING to FINISHED for task Join Counts (35/80)
04:01:28,152 INFO  eu.stratosphere.nephele.execution.ExecutionStateTransition    - TM: ExecutionState set from FINISHING to FINISHED for task Join Counts (39/80)
04:01:28,192 INFO  eu.stratosphere.nephele.execution.ExecutionStateTransition    - TM: ExecutionState set from FINISHING to FINISHED for task Join Counts (36/80)
04:01:29,401 INFO  eu.stratosphere.nephele.execution.ExecutionStateTransition    - TM: ExecutionState set from FINISHING to FINISHED for task Count Edges for Vertex (39/80)
04:01:29,418 INFO  eu.stratosphere.nephele.execution.ExecutionStateTransition    - TM: ExecutionState set from FINISHING to FINISHED for task Count Edges for Vertex (38/80)
04:01:29,419 INFO  eu.stratosphere.nephele.execution.ExecutionStateTransition    - TM: ExecutionState set from FINISHING to FINISHED for task Count Edges for Vertex (35/80)
04:01:29,419 INFO  eu.stratosphere.nephele.execution.ExecutionStateTransition    - TM: ExecutionState set from FINISHING to FINISHED for task Count Edges for Vertex (34/80)
04:01:29,427 INFO  eu.stratosphere.nephele.execution.ExecutionStateTransition    - TM: ExecutionState set from FINISHING to FINISHED for task Count Edges for Vertex (37/80)
04:01:29,428 INFO  eu.stratosphere.nephele.execution.ExecutionStateTransition    - TM: ExecutionState set from FINISHING to FINISHED for task Count Edges for Vertex (40/80)
04:01:29,451 INFO  eu.stratosphere.nephele.execution.ExecutionStateTransition    - TM: ExecutionState set from FINISHING to FINISHED for task Count Edges for Vertex (36/80)
04:01:29,474 INFO  eu.stratosphere.nephele.execution.ExecutionStateTransition    - TM: ExecutionState set from FINISHING to FINISHED for task Count Edges for Vertex (33/80)
04:01:47,712 INFO  eu.stratosphere.pact.runtime.task.RegularPactTask             - Finished PACT code.: Build Triads (37/80)
04:01:47,713 INFO  eu.stratosphere.nephele.execution.ExecutionStateTransition    - TM: ExecutionState set from RUNNING to FINISHING for task Build Triads (37/80)
04:01:49,128 INFO  eu.stratosphere.pact.runtime.task.RegularPactTask             - Finished PACT code.: Build Triads (38/80)
04:01:49,128 INFO  eu.stratosphere.nephele.execution.ExecutionStateTransition    - TM: ExecutionState set from RUNNING to FINISHING for task Build Triads (38/80)
04:01:51,082 INFO  eu.stratosphere.pact.runtime.task.RegularPactTask             - Finished PACT code.: Build Triads (33/80)
04:01:51,082 INFO  eu.stratosphere.nephele.execution.ExecutionStateTransition    - TM: ExecutionState set from RUNNING to FINISHING for task Build Triads (33/80)
04:01:52,140 INFO  eu.stratosphere.pact.runtime.task.RegularPactTask             - Finished PACT code.: Build Triads (35/80)
04:01:52,140 INFO  eu.stratosphere.nephele.execution.ExecutionStateTransition    - TM: ExecutionState set from RUNNING to FINISHING for task Build Triads (35/80)
04:01:52,356 INFO  eu.stratosphere.pact.runtime.task.RegularPactTask             - Finished PACT code.: Build Triads (39/80)
04:01:52,356 INFO  eu.stratosphere.nephele.execution.ExecutionStateTransition    - TM: ExecutionState set from RUNNING to FINISHING for task Build Triads (39/80)
04:01:53,682 INFO  eu.stratosphere.pact.runtime.task.RegularPactTask             - Finished PACT code.: Build Triads (36/80)
04:01:53,682 INFO  eu.stratosphere.nephele.execution.ExecutionStateTransition    - TM: ExecutionState set from RUNNING to FINISHING for task Build Triads (36/80)
04:01:55,641 INFO  eu.stratosphere.pact.runtime.task.RegularPactTask             - Finished PACT code.: Build Triads (40/80)
04:01:55,641 INFO  eu.stratosphere.nephele.execution.ExecutionStateTransition    - TM: ExecutionState set from RUNNING to FINISHING for task Build Triads (40/80)
04:01:56,892 INFO  eu.stratosphere.pact.runtime.task.RegularPactTask             - Finished PACT code.: Build Triads (34/80)
04:01:56,893 INFO  eu.stratosphere.nephele.execution.ExecutionStateTransition    - TM: ExecutionState set from RUNNING to FINISHING for task Build Triads (34/80)
04:03:42,611 INFO  eu.stratosphere.nephele.execution.ExecutionStateTransition    - TM: ExecutionState set from FINISHING to FINISHED for task Select lower-degree Edge (34/80)
04:03:42,620 INFO  eu.stratosphere.nephele.execution.ExecutionStateTransition    - TM: ExecutionState set from FINISHING to FINISHED for task Select lower-degree Edge (36/80)
04:03:42,637 INFO  eu.stratosphere.pact.runtime.task.RegularPactTask             - Finished PACT code.: Close Triads (38/80)
04:03:42,638 INFO  eu.stratosphere.nephele.execution.ExecutionStateTransition    - TM: ExecutionState set from RUNNING to FINISHING for task Close Triads (38/80)
04:03:42,642 INFO  eu.stratosphere.pact.runtime.task.RegularPactTask             - Finished PACT code.: Close Triads (33/80)
04:03:42,642 INFO  eu.stratosphere.nephele.execution.ExecutionStateTransition    - TM: ExecutionState set from RUNNING to FINISHING for task Close Triads (33/80)
04:03:42,646 INFO  eu.stratosphere.pact.runtime.task.RegularPactTask             - Finished PACT code.: Close Triads (35/80)
04:03:42,646 INFO  eu.stratosphere.nephele.execution.ExecutionStateTransition    - TM: ExecutionState set from RUNNING to FINISHING for task Close Triads (35/80)
04:03:42,649 INFO  eu.stratosphere.pact.runtime.task.RegularPactTask             - Finished PACT code.: Close Triads (36/80)
04:03:42,649 INFO  eu.stratosphere.nephele.execution.ExecutionStateTransition    - TM: ExecutionState set from RUNNING to FINISHING for task Close Triads (36/80)
04:03:42,650 INFO  eu.stratosphere.nephele.execution.ExecutionStateTransition    - TM: ExecutionState set from FINISHING to FINISHED for task Select lower-degree Edge (37/80)
04:03:42,652 INFO  eu.stratosphere.pact.runtime.task.RegularPactTask             - Finished PACT code.: Close Triads (37/80)
04:03:42,653 INFO  eu.stratosphere.nephele.execution.ExecutionStateTransition    - TM: ExecutionState set from RUNNING to FINISHING for task Close Triads (37/80)
04:03:42,653 INFO  eu.stratosphere.nephele.execution.ExecutionStateTransition    - TM: ExecutionState set from FINISHING to FINISHED for task Select lower-degree Edge (40/80)
04:03:42,657 INFO  eu.stratosphere.nephele.execution.ExecutionStateTransition    - TM: ExecutionState set from FINISHING to FINISHED for task Select lower-degree Edge (38/80)
04:03:42,658 INFO  eu.stratosphere.pact.runtime.task.RegularPactTask             - Finished PACT code.: Close Triads (40/80)
04:03:42,658 INFO  eu.stratosphere.nephele.execution.ExecutionStateTransition    - TM: ExecutionState set from RUNNING to FINISHING for task Close Triads (40/80)
04:03:42,667 INFO  eu.stratosphere.pact.runtime.task.DataSinkTask                - Finished PACT code: Triangles (38/80)
04:03:42,667 INFO  eu.stratosphere.nephele.execution.ExecutionStateTransition    - TM: ExecutionState set from RUNNING to FINISHING for task Triangles (38/80)
04:03:42,669 INFO  eu.stratosphere.nephele.execution.ExecutionStateTransition    - TM: ExecutionState set from FINISHING to FINISHED for task Triangles (38/80)
04:03:42,671 INFO  eu.stratosphere.nephele.execution.ExecutionStateTransition    - TM: ExecutionState set from FINISHING to FINISHED for task Select lower-degree Edge (35/80)
04:03:42,671 INFO  eu.stratosphere.pact.runtime.task.DataSinkTask                - Finished PACT code: Triangles (35/80)
04:03:42,671 INFO  eu.stratosphere.pact.runtime.task.DataSinkTask                - Finished PACT code: Triangles (33/80)
04:03:42,673 INFO  eu.stratosphere.nephele.execution.ExecutionStateTransition    - TM: ExecutionState set from RUNNING to FINISHING for task Triangles (35/80)
04:03:42,673 INFO  eu.stratosphere.nephele.execution.ExecutionStateTransition    - TM: ExecutionState set from RUNNING to FINISHING for task Triangles (33/80)
04:03:42,675 INFO  eu.stratosphere.nephele.execution.ExecutionStateTransition    - TM: ExecutionState set from FINISHING to FINISHED for task Triangles (35/80)
04:03:42,675 INFO  eu.stratosphere.nephele.execution.ExecutionStateTransition    - TM: ExecutionState set from FINISHING to FINISHED for task Select lower-degree Edge (39/80)
04:03:42,675 INFO  eu.stratosphere.nephele.execution.ExecutionStateTransition    - TM: ExecutionState set from FINISHING to FINISHED for task Triangles (33/80)
04:03:42,675 INFO  eu.stratosphere.pact.runtime.task.DataSinkTask                - Finished PACT code: Triangles (36/80)
04:03:42,676 INFO  eu.stratosphere.nephele.execution.ExecutionStateTransition    - TM: ExecutionState set from RUNNING to FINISHING for task Triangles (36/80)
04:03:42,677 INFO  eu.stratosphere.pact.runtime.task.DataSinkTask                - Finished PACT code: Triangles (37/80)
04:03:42,677 INFO  eu.stratosphere.nephele.execution.ExecutionStateTransition    - TM: ExecutionState set from FINISHING to FINISHED for task Triangles (36/80)
04:03:42,677 INFO  eu.stratosphere.nephele.execution.ExecutionStateTransition    - TM: ExecutionState set from RUNNING to FINISHING for task Triangles (37/80)
04:03:42,678 INFO  eu.stratosphere.nephele.execution.ExecutionStateTransition    - TM: ExecutionState set from FINISHING to FINISHED for task Triangles (37/80)
04:03:42,683 INFO  eu.stratosphere.nephele.execution.ExecutionStateTransition    - TM: ExecutionState set from FINISHING to FINISHED for task Select lower-degree Edge (33/80)
04:03:42,683 INFO  eu.stratosphere.pact.runtime.task.DataSinkTask                - Finished PACT code: Triangles (40/80)
04:03:42,684 INFO  eu.stratosphere.nephele.execution.ExecutionStateTransition    - TM: ExecutionState set from RUNNING to FINISHING for task Triangles (40/80)
04:03:42,686 INFO  eu.stratosphere.nephele.execution.ExecutionStateTransition    - TM: ExecutionState set from FINISHING to FINISHED for task Triangles (40/80)
04:03:42,689 INFO  eu.stratosphere.pact.runtime.task.RegularPactTask             - Finished PACT code.: Close Triads (34/80)
04:03:42,690 INFO  eu.stratosphere.nephele.execution.ExecutionStateTransition    - TM: ExecutionState set from RUNNING to FINISHING for task Close Triads (34/80)
04:03:42,710 INFO  eu.stratosphere.pact.runtime.task.DataSinkTask                - Finished PACT code: Triangles (34/80)
04:03:42,710 INFO  eu.stratosphere.nephele.execution.ExecutionStateTransition    - TM: ExecutionState set from RUNNING to FINISHING for task Triangles (34/80)
04:03:42,711 INFO  eu.stratosphere.nephele.execution.ExecutionStateTransition    - TM: ExecutionState set from FINISHING to FINISHED for task Triangles (34/80)
04:03:42,741 INFO  eu.stratosphere.nephele.execution.ExecutionStateTransition    - TM: ExecutionState set from FINISHING to FINISHED for task Close Triads (38/80)
04:03:42,746 INFO  eu.stratosphere.nephele.execution.ExecutionStateTransition    - TM: ExecutionState set from FINISHING to FINISHED for task Close Triads (33/80)
04:03:42,749 INFO  eu.stratosphere.nephele.execution.ExecutionStateTransition    - TM: ExecutionState set from FINISHING to FINISHED for task Close Triads (35/80)
04:03:42,752 INFO  eu.stratosphere.nephele.execution.ExecutionStateTransition    - TM: ExecutionState set from FINISHING to FINISHED for task Close Triads (36/80)
04:03:42,758 INFO  eu.stratosphere.nephele.execution.ExecutionStateTransition    - TM: ExecutionState set from FINISHING to FINISHED for task Close Triads (37/80)
04:03:42,761 INFO  eu.stratosphere.nephele.execution.ExecutionStateTransition    - TM: ExecutionState set from FINISHING to FINISHED for task Close Triads (40/80)
04:03:42,793 INFO  eu.stratosphere.nephele.execution.ExecutionStateTransition    - TM: ExecutionState set from FINISHING to FINISHED for task Close Triads (34/80)
