13/03/08 21:00:32 INFO input.FileInputFormat: Total input paths to process : 80
13/03/08 21:00:32 INFO util.NativeCodeLoader: Loaded the native-hadoop library
13/03/08 21:00:32 WARN snappy.LoadSnappy: Snappy native library not loaded
13/03/08 21:00:32 INFO mapred.JobClient: Running job: job_201303082051_0003
13/03/08 21:00:33 INFO mapred.JobClient:  map 0% reduce 0%
13/03/08 21:00:51 INFO mapred.JobClient:  map 5% reduce 0%
13/03/08 21:00:54 INFO mapred.JobClient:  map 6% reduce 0%
13/03/08 21:01:00 INFO mapred.JobClient:  map 7% reduce 0%
13/03/08 21:01:03 INFO mapred.JobClient:  map 10% reduce 0%
13/03/08 21:01:06 INFO mapred.JobClient:  map 12% reduce 0%
13/03/08 21:01:12 INFO mapred.JobClient:  map 13% reduce 0%
13/03/08 21:01:15 INFO mapred.JobClient:  map 15% reduce 0%
13/03/08 21:01:18 INFO mapred.JobClient:  map 17% reduce 0%
13/03/08 21:01:21 INFO mapred.JobClient:  map 18% reduce 0%
13/03/08 21:01:27 INFO mapred.JobClient:  map 21% reduce 0%
13/03/08 21:01:30 INFO mapred.JobClient:  map 23% reduce 0%
13/03/08 21:01:37 INFO mapred.JobClient:  map 25% reduce 0%
13/03/08 21:01:40 INFO mapred.JobClient:  map 28% reduce 0%
13/03/08 21:01:43 INFO mapred.JobClient:  map 29% reduce 0%
13/03/08 21:01:49 INFO mapred.JobClient:  map 32% reduce 0%
13/03/08 21:01:52 INFO mapred.JobClient:  map 34% reduce 0%
13/03/08 21:01:58 INFO mapred.JobClient:  map 36% reduce 0%
13/03/08 21:02:01 INFO mapred.JobClient:  map 38% reduce 0%
13/03/08 21:02:04 INFO mapred.JobClient:  map 40% reduce 0%
13/03/08 21:02:10 INFO mapred.JobClient:  map 43% reduce 0%
13/03/08 21:02:13 INFO mapred.JobClient:  map 44% reduce 0%
13/03/08 21:02:16 INFO mapred.JobClient:  map 45% reduce 0%
13/03/08 21:02:19 INFO mapred.JobClient:  map 47% reduce 0%
13/03/08 21:02:22 INFO mapred.JobClient:  map 48% reduce 0%
13/03/08 21:02:25 INFO mapred.JobClient:  map 49% reduce 0%
13/03/08 21:02:28 INFO mapred.JobClient:  map 50% reduce 0%
13/03/08 21:02:40 INFO mapred.JobClient:  map 52% reduce 1%
13/03/08 21:02:43 INFO mapred.JobClient:  map 55% reduce 4%
13/03/08 21:02:46 INFO mapred.JobClient:  map 57% reduce 6%
13/03/08 21:02:49 INFO mapred.JobClient:  map 58% reduce 8%
13/03/08 21:02:52 INFO mapred.JobClient:  map 59% reduce 10%
13/03/08 21:02:55 INFO mapred.JobClient:  map 61% reduce 11%
13/03/08 21:02:58 INFO mapred.JobClient:  map 62% reduce 14%
13/03/08 21:03:01 INFO mapred.JobClient:  map 63% reduce 16%
13/03/08 21:03:04 INFO mapred.JobClient:  map 65% reduce 16%
13/03/08 21:03:07 INFO mapred.JobClient:  map 67% reduce 16%
13/03/08 21:03:10 INFO mapred.JobClient:  map 68% reduce 16%
13/03/08 21:03:12 INFO mapred.JobClient:  map 70% reduce 16%
13/03/08 21:03:15 INFO mapred.JobClient:  map 72% reduce 16%
13/03/08 21:03:18 INFO mapred.JobClient:  map 73% reduce 16%
13/03/08 21:03:21 INFO mapred.JobClient:  map 75% reduce 16%
13/03/08 21:03:24 INFO mapred.JobClient:  map 77% reduce 16%
13/03/08 21:03:27 INFO mapred.JobClient:  map 78% reduce 16%
13/03/08 21:03:30 INFO mapred.JobClient:  map 80% reduce 16%
13/03/08 21:03:33 INFO mapred.JobClient:  map 81% reduce 16%
13/03/08 21:03:36 INFO mapred.JobClient:  map 83% reduce 16%
13/03/08 21:03:39 INFO mapred.JobClient:  map 85% reduce 16%
13/03/08 21:03:42 INFO mapred.JobClient:  map 86% reduce 16%
13/03/08 21:03:45 INFO mapred.JobClient:  map 88% reduce 16%
13/03/08 21:03:48 INFO mapred.JobClient:  map 90% reduce 16%
13/03/08 21:03:51 INFO mapred.JobClient:  map 91% reduce 16%
13/03/08 21:03:54 INFO mapred.JobClient:  map 93% reduce 16%
13/03/08 21:03:57 INFO mapred.JobClient:  map 95% reduce 16%
13/03/08 21:04:00 INFO mapred.JobClient:  map 96% reduce 16%
13/03/08 21:04:03 INFO mapred.JobClient:  map 97% reduce 16%
13/03/08 21:04:06 INFO mapred.JobClient:  map 98% reduce 16%
13/03/08 21:04:09 INFO mapred.JobClient:  map 99% reduce 17%
13/03/08 21:04:18 INFO mapred.JobClient:  map 99% reduce 18%
13/03/08 21:04:21 INFO mapred.JobClient:  map 99% reduce 20%
13/03/08 21:04:24 INFO mapred.JobClient:  map 100% reduce 24%
13/03/08 21:04:27 INFO mapred.JobClient:  map 100% reduce 29%
13/03/08 21:04:30 INFO mapred.JobClient:  map 100% reduce 30%
13/03/08 21:04:33 INFO mapred.JobClient:  map 100% reduce 38%
13/03/08 21:04:36 INFO mapred.JobClient:  map 100% reduce 83%
13/03/08 21:04:39 INFO mapred.JobClient:  map 100% reduce 100%
13/03/08 21:04:44 INFO mapred.JobClient: Job complete: job_201303082051_0003
13/03/08 21:04:44 INFO mapred.JobClient: Counters: 30
13/03/08 21:04:44 INFO mapred.JobClient:   Job Counters 
13/03/08 21:04:44 INFO mapred.JobClient:     Launched reduce tasks=80
13/03/08 21:04:44 INFO mapred.JobClient:     SLOTS_MILLIS_MAPS=16842440
13/03/08 21:04:44 INFO mapred.JobClient:     Total time spent by all reduces waiting after reserving slots (ms)=0
13/03/08 21:04:44 INFO mapred.JobClient:     Total time spent by all maps waiting after reserving slots (ms)=0
13/03/08 21:04:44 INFO mapred.JobClient:     Rack-local map tasks=3
13/03/08 21:04:44 INFO mapred.JobClient:     Launched map tasks=160
13/03/08 21:04:44 INFO mapred.JobClient:     Data-local map tasks=157
13/03/08 21:04:44 INFO mapred.JobClient:     SLOTS_MILLIS_REDUCES=9166638
13/03/08 21:04:44 INFO mapred.JobClient:   File Output Format Counters 
13/03/08 21:04:44 INFO mapred.JobClient:     Bytes Written=9947978
13/03/08 21:04:44 INFO mapred.JobClient:   FileSystemCounters
13/03/08 21:04:44 INFO mapred.JobClient:     FILE_BYTES_READ=54796498895
13/03/08 21:04:44 INFO mapred.JobClient:     HDFS_BYTES_READ=21231980769
13/03/08 21:04:44 INFO mapred.JobClient:     FILE_BYTES_WRITTEN=4476145652
13/03/08 21:04:44 INFO mapred.JobClient:     HDFS_BYTES_WRITTEN=9947978
13/03/08 21:04:44 INFO mapred.JobClient:   File Input Format Counters 
13/03/08 21:04:44 INFO mapred.JobClient:     Bytes Read=21231954689
13/03/08 21:04:44 INFO mapred.JobClient:   Map-Reduce Framework
13/03/08 21:04:44 INFO mapred.JobClient:     Map output materialized bytes=794749770
13/03/08 21:04:44 INFO mapred.JobClient:     Map input records=113996688
13/03/08 21:04:44 INFO mapred.JobClient:     Reduce shuffle bytes=789994992
13/03/08 21:04:44 INFO mapred.JobClient:     Spilled Records=305950761
13/03/08 21:04:44 INFO mapred.JobClient:     Map output bytes=36504571824
13/03/08 21:04:44 INFO mapred.JobClient:     Total committed heap usage (bytes)=371119816704
13/03/08 21:04:44 INFO mapred.JobClient:     CPU time spent (ms)=20982000
13/03/08 21:04:44 INFO mapred.JobClient:     Combine input records=4036649820
13/03/08 21:04:44 INFO mapred.JobClient:     SPLIT_RAW_BYTES=26080
13/03/08 21:04:44 INFO mapred.JobClient:     Reduce input records=53654452
13/03/08 21:04:44 INFO mapred.JobClient:     Reduce input groups=799094
13/03/08 21:04:44 INFO mapred.JobClient:     Combine output records=252296309
13/03/08 21:04:44 INFO mapred.JobClient:     Physical memory (bytes) snapshot=289070276608
13/03/08 21:04:44 INFO mapred.JobClient:     Reduce output records=799094
13/03/08 21:04:44 INFO mapred.JobClient:     Virtual memory (bytes) snapshot=602578948096
13/03/08 21:04:44 INFO mapred.JobClient:     Map output records=3838007963
