17:12:04,671 WARN  eu.stratosphere.nephele.configuration.GlobalConfiguration     - Cannot load configuration: unknown element plugins
17:12:04,730 INFO  eu.stratosphere.nephele.taskmanager.TaskManager               - Reading location of job manager from configuration
17:12:04,741 INFO  eu.stratosphere.nephele.taskmanager.TaskManager               - Determined address of job manager to be cloud-11.dima.tu-berlin.de/130.149.21.15:6002
17:12:04,751 INFO  eu.stratosphere.nephele.taskmanager.TaskManager               - Announcing connection information cloud-26 to job manager
17:12:04,836 INFO  eu.stratosphere.nephele.ipc.Server                            - IPC Server Responder: starting
17:12:04,837 INFO  eu.stratosphere.nephele.ipc.Server                            - IPC Server listener on 6122: starting
17:12:04,837 INFO  eu.stratosphere.nephele.ipc.Server                            - IPC Server handler 0 on 6122: starting
17:12:05,966 INFO  eu.stratosphere.nephele.taskmanager.bufferprovider.GlobalBufferPool  - Initialized global buffer pool with 32768 buffers with a size 32768 bytes each
17:12:05,987 INFO  eu.stratosphere.nephele.taskmanager.bytebuffered.ByteBufferedChannelManager  - Initialized byte buffered channel manager with sender-side spilling disabled
17:12:06,002 INFO  eu.stratosphere.nephele.instance.HardwareDescriptionFactory   - Found Tenured Gen pool (max: 27678736384, used: 0)
17:12:06,002 INFO  eu.stratosphere.nephele.taskmanager.TaskManager               - Initializing memory manager with 22528 megabytes of memory
17:12:31,810 INFO  eu.stratosphere.nephele.execution.ExecutionStateTransition    - TM: ExecutionState set from STARTING to RUNNING for task Terasort generator (72/120)
17:12:31,810 INFO  eu.stratosphere.nephele.execution.ExecutionStateTransition    - TM: ExecutionState set from STARTING to RUNNING for task Terasort generator (71/120)
17:12:31,810 INFO  eu.stratosphere.nephele.execution.ExecutionStateTransition    - TM: ExecutionState set from STARTING to RUNNING for task Terasort generator (68/120)
17:12:31,810 INFO  eu.stratosphere.nephele.execution.ExecutionStateTransition    - TM: ExecutionState set from STARTING to RUNNING for task Terasort generator (67/120)
17:12:31,810 INFO  eu.stratosphere.nephele.execution.ExecutionStateTransition    - TM: ExecutionState set from STARTING to RUNNING for task Terasort generator (66/120)
17:12:31,810 INFO  eu.stratosphere.nephele.execution.ExecutionStateTransition    - TM: ExecutionState set from STARTING to RUNNING for task Terasort generator (65/120)
17:12:31,810 INFO  eu.stratosphere.nephele.execution.ExecutionStateTransition    - TM: ExecutionState set from STARTING to RUNNING for task Terasort generator (69/120)
17:12:31,810 INFO  eu.stratosphere.nephele.execution.ExecutionStateTransition    - TM: ExecutionState set from STARTING to RUNNING for task Terasort generator (70/120)
17:12:31,816 INFO  eu.stratosphere.pact.runtime.task.DataSourceTask              - Start PACT code: Terasort generator (67/120)
17:12:31,814 INFO  eu.stratosphere.pact.runtime.task.DataSourceTask              - Start PACT code: Terasort generator (68/120)
17:12:31,813 INFO  eu.stratosphere.pact.runtime.task.DataSourceTask              - Start PACT code: Terasort generator (72/120)
17:12:31,818 INFO  eu.stratosphere.pact.runtime.task.DataSourceTask              - Start PACT code: Terasort generator (71/120)
17:12:31,819 INFO  eu.stratosphere.pact.runtime.task.DataSourceTask              - Start PACT code: Terasort generator (70/120)
17:12:31,821 INFO  eu.stratosphere.pact.runtime.task.DataSourceTask              - Start PACT code: Terasort generator (69/120)
17:12:31,823 INFO  eu.stratosphere.pact.runtime.task.DataSourceTask              - Start PACT code: Terasort generator (65/120)
17:12:31,825 INFO  eu.stratosphere.pact.runtime.task.DataSourceTask              - Start PACT code: Terasort generator (66/120)
17:12:33,857 INFO  eu.stratosphere.nephele.execution.ExecutionStateTransition    - TM: ExecutionState set from STARTING to RUNNING for task Data Sink (70/120)
17:12:33,859 INFO  eu.stratosphere.pact.runtime.task.DataSinkTask                - Start PACT code: Data Sink (70/120)
17:12:33,878 INFO  eu.stratosphere.nephele.execution.ExecutionStateTransition    - TM: ExecutionState set from STARTING to RUNNING for task Data Sink (65/120)
17:12:33,880 INFO  eu.stratosphere.pact.runtime.task.DataSinkTask                - Start PACT code: Data Sink (65/120)
17:12:35,377 INFO  eu.stratosphere.nephele.execution.ExecutionStateTransition    - TM: ExecutionState set from STARTING to RUNNING for task Data Sink (68/120)
17:12:35,384 INFO  eu.stratosphere.pact.runtime.task.DataSinkTask                - Start PACT code: Data Sink (68/120)
17:12:35,430 INFO  eu.stratosphere.nephele.execution.ExecutionStateTransition    - TM: ExecutionState set from STARTING to RUNNING for task Data Sink (67/120)
17:12:35,432 INFO  eu.stratosphere.pact.runtime.task.DataSinkTask                - Start PACT code: Data Sink (67/120)
17:12:35,477 INFO  eu.stratosphere.nephele.execution.ExecutionStateTransition    - TM: ExecutionState set from STARTING to RUNNING for task Data Sink (71/120)
17:12:35,478 INFO  eu.stratosphere.pact.runtime.task.DataSinkTask                - Start PACT code: Data Sink (71/120)
17:12:35,490 INFO  eu.stratosphere.nephele.execution.ExecutionStateTransition    - TM: ExecutionState set from STARTING to RUNNING for task Data Sink (72/120)
17:12:35,491 INFO  eu.stratosphere.pact.runtime.task.DataSinkTask                - Start PACT code: Data Sink (72/120)
17:12:35,508 INFO  eu.stratosphere.nephele.execution.ExecutionStateTransition    - TM: ExecutionState set from STARTING to RUNNING for task Data Sink (69/120)
17:12:35,510 INFO  eu.stratosphere.pact.runtime.task.DataSinkTask                - Start PACT code: Data Sink (69/120)
17:12:35,904 INFO  eu.stratosphere.nephele.execution.ExecutionStateTransition    - TM: ExecutionState set from STARTING to RUNNING for task Data Sink (66/120)
17:12:35,906 INFO  eu.stratosphere.pact.runtime.task.DataSinkTask                - Start PACT code: Data Sink (66/120)
17:12:51,222 INFO  eu.stratosphere.pact.runtime.task.DataSourceTask              - Finished PACT code: Terasort generator (69/120)
17:12:51,223 INFO  eu.stratosphere.nephele.execution.ExecutionStateTransition    - TM: ExecutionState set from RUNNING to FINISHING for task Terasort generator (69/120)
17:12:51,746 INFO  eu.stratosphere.pact.runtime.task.DataSourceTask              - Finished PACT code: Terasort generator (68/120)
17:12:51,747 INFO  eu.stratosphere.nephele.execution.ExecutionStateTransition    - TM: ExecutionState set from RUNNING to FINISHING for task Terasort generator (68/120)
17:12:51,953 INFO  eu.stratosphere.pact.runtime.task.DataSourceTask              - Finished PACT code: Terasort generator (67/120)
17:12:51,954 INFO  eu.stratosphere.nephele.execution.ExecutionStateTransition    - TM: ExecutionState set from RUNNING to FINISHING for task Terasort generator (67/120)
17:12:52,785 INFO  eu.stratosphere.pact.runtime.task.DataSourceTask              - Finished PACT code: Terasort generator (71/120)
17:12:52,786 INFO  eu.stratosphere.nephele.execution.ExecutionStateTransition    - TM: ExecutionState set from RUNNING to FINISHING for task Terasort generator (71/120)
17:12:52,834 INFO  eu.stratosphere.pact.runtime.task.DataSourceTask              - Finished PACT code: Terasort generator (70/120)
17:12:52,835 INFO  eu.stratosphere.nephele.execution.ExecutionStateTransition    - TM: ExecutionState set from RUNNING to FINISHING for task Terasort generator (70/120)
17:12:52,840 INFO  eu.stratosphere.pact.runtime.task.DataSourceTask              - Finished PACT code: Terasort generator (72/120)
17:12:52,840 INFO  eu.stratosphere.nephele.execution.ExecutionStateTransition    - TM: ExecutionState set from RUNNING to FINISHING for task Terasort generator (72/120)
17:12:53,102 INFO  eu.stratosphere.pact.runtime.task.DataSourceTask              - Finished PACT code: Terasort generator (66/120)
17:12:53,103 INFO  eu.stratosphere.nephele.execution.ExecutionStateTransition    - TM: ExecutionState set from RUNNING to FINISHING for task Terasort generator (66/120)
17:12:53,176 INFO  eu.stratosphere.pact.runtime.task.DataSourceTask              - Finished PACT code: Terasort generator (65/120)
17:12:53,176 INFO  eu.stratosphere.nephele.execution.ExecutionStateTransition    - TM: ExecutionState set from RUNNING to FINISHING for task Terasort generator (65/120)
17:13:28,897 INFO  eu.stratosphere.pact.runtime.task.DataSinkTask                - Finished PACT code: Data Sink (71/120)
17:13:28,897 INFO  eu.stratosphere.nephele.execution.ExecutionStateTransition    - TM: ExecutionState set from RUNNING to FINISHING for task Data Sink (71/120)
17:13:28,900 INFO  eu.stratosphere.nephele.execution.ExecutionStateTransition    - TM: ExecutionState set from FINISHING to FINISHED for task Data Sink (71/120)
17:13:29,117 INFO  eu.stratosphere.pact.runtime.task.DataSinkTask                - Finished PACT code: Data Sink (66/120)
17:13:29,118 INFO  eu.stratosphere.nephele.execution.ExecutionStateTransition    - TM: ExecutionState set from RUNNING to FINISHING for task Data Sink (66/120)
17:13:29,120 INFO  eu.stratosphere.nephele.execution.ExecutionStateTransition    - TM: ExecutionState set from FINISHING to FINISHED for task Data Sink (66/120)
17:13:29,879 INFO  eu.stratosphere.pact.runtime.task.DataSinkTask                - Finished PACT code: Data Sink (69/120)
17:13:29,879 INFO  eu.stratosphere.nephele.execution.ExecutionStateTransition    - TM: ExecutionState set from RUNNING to FINISHING for task Data Sink (69/120)
17:13:29,882 INFO  eu.stratosphere.nephele.execution.ExecutionStateTransition    - TM: ExecutionState set from FINISHING to FINISHED for task Data Sink (69/120)
17:13:29,921 INFO  eu.stratosphere.pact.runtime.task.DataSinkTask                - Finished PACT code: Data Sink (65/120)
17:13:29,921 INFO  eu.stratosphere.nephele.execution.ExecutionStateTransition    - TM: ExecutionState set from RUNNING to FINISHING for task Data Sink (65/120)
17:13:29,924 INFO  eu.stratosphere.nephele.execution.ExecutionStateTransition    - TM: ExecutionState set from FINISHING to FINISHED for task Data Sink (65/120)
17:13:34,048 INFO  eu.stratosphere.pact.runtime.task.DataSinkTask                - Finished PACT code: Data Sink (70/120)
17:13:34,048 INFO  eu.stratosphere.nephele.execution.ExecutionStateTransition    - TM: ExecutionState set from RUNNING to FINISHING for task Data Sink (70/120)
17:13:34,051 INFO  eu.stratosphere.nephele.execution.ExecutionStateTransition    - TM: ExecutionState set from FINISHING to FINISHED for task Data Sink (70/120)
17:13:35,160 INFO  eu.stratosphere.pact.runtime.task.DataSinkTask                - Finished PACT code: Data Sink (67/120)
17:13:35,160 INFO  eu.stratosphere.nephele.execution.ExecutionStateTransition    - TM: ExecutionState set from RUNNING to FINISHING for task Data Sink (67/120)
17:13:35,163 INFO  eu.stratosphere.nephele.execution.ExecutionStateTransition    - TM: ExecutionState set from FINISHING to FINISHED for task Data Sink (67/120)
17:13:38,899 INFO  eu.stratosphere.pact.runtime.task.DataSinkTask                - Finished PACT code: Data Sink (72/120)
17:13:38,900 INFO  eu.stratosphere.nephele.execution.ExecutionStateTransition    - TM: ExecutionState set from RUNNING to FINISHING for task Data Sink (72/120)
17:13:38,902 INFO  eu.stratosphere.nephele.execution.ExecutionStateTransition    - TM: ExecutionState set from FINISHING to FINISHED for task Data Sink (72/120)
17:13:41,707 INFO  eu.stratosphere.pact.runtime.task.DataSinkTask                - Finished PACT code: Data Sink (68/120)
17:13:41,707 INFO  eu.stratosphere.nephele.execution.ExecutionStateTransition    - TM: ExecutionState set from RUNNING to FINISHING for task Data Sink (68/120)
17:13:41,710 INFO  eu.stratosphere.nephele.execution.ExecutionStateTransition    - TM: ExecutionState set from FINISHING to FINISHED for task Data Sink (68/120)
