22:17:09,581 WARN  eu.stratosphere.nephele.configuration.GlobalConfiguration     - Cannot load configuration: unknown element plugins
22:17:09,617 INFO  eu.stratosphere.nephele.taskmanager.TaskManager               - Reading location of job manager from configuration
22:17:09,627 INFO  eu.stratosphere.nephele.taskmanager.TaskManager               - Determined address of job manager to be cloud-11.dima.tu-berlin.de/130.149.21.15:6002
22:17:09,634 INFO  eu.stratosphere.nephele.taskmanager.TaskManager               - Announcing connection information cloud-21 to job manager
22:17:09,700 INFO  eu.stratosphere.nephele.ipc.Server                            - IPC Server Responder: starting
22:17:09,700 INFO  eu.stratosphere.nephele.ipc.Server                            - IPC Server listener on 6122: starting
22:17:09,701 INFO  eu.stratosphere.nephele.ipc.Server                            - IPC Server handler 0 on 6122: starting
22:17:10,822 INFO  eu.stratosphere.nephele.taskmanager.bufferprovider.GlobalBufferPool  - Initialized global buffer pool with 32768 buffers with a size 32768 bytes each
22:17:10,841 INFO  eu.stratosphere.nephele.taskmanager.bytebuffered.ByteBufferedChannelManager  - Initialized byte buffered channel manager with sender-side spilling disabled
22:17:10,853 INFO  eu.stratosphere.nephele.instance.HardwareDescriptionFactory   - Found Tenured Gen pool (max: 24051843072, used: 0)
22:17:10,853 INFO  eu.stratosphere.nephele.taskmanager.TaskManager               - Initializing memory manager with 22528 megabytes of memory
22:17:38,042 INFO  eu.stratosphere.nephele.execution.ExecutionStateTransition    - TM: ExecutionState set from STARTING to RUNNING for task Data Source (113/120)
22:17:38,042 INFO  eu.stratosphere.nephele.execution.ExecutionStateTransition    - TM: ExecutionState set from STARTING to RUNNING for task Data Source (119/120)
22:17:38,042 INFO  eu.stratosphere.nephele.execution.ExecutionStateTransition    - TM: ExecutionState set from STARTING to RUNNING for task Data Source (118/120)
22:17:38,042 INFO  eu.stratosphere.nephele.execution.ExecutionStateTransition    - TM: ExecutionState set from STARTING to RUNNING for task Data Source (115/120)
22:17:38,042 INFO  eu.stratosphere.nephele.execution.ExecutionStateTransition    - TM: ExecutionState set from STARTING to RUNNING for task Data Source (117/120)
22:17:38,042 INFO  eu.stratosphere.nephele.execution.ExecutionStateTransition    - TM: ExecutionState set from STARTING to RUNNING for task Data Source (116/120)
22:17:38,042 INFO  eu.stratosphere.nephele.execution.ExecutionStateTransition    - TM: ExecutionState set from STARTING to RUNNING for task Data Source (114/120)
22:17:38,042 INFO  eu.stratosphere.nephele.execution.ExecutionStateTransition    - TM: ExecutionState set from STARTING to RUNNING for task Data Source (120/120)
22:17:38,048 INFO  eu.stratosphere.pact.runtime.task.DataSourceTask              - Start PACT code: Data Source (115/120)
22:17:38,046 INFO  eu.stratosphere.pact.runtime.task.DataSourceTask              - Start PACT code: Data Source (113/120)
22:17:38,049 INFO  eu.stratosphere.pact.runtime.task.DataSourceTask              - Start PACT code: Data Source (116/120)
22:17:38,050 INFO  eu.stratosphere.pact.runtime.task.DataSourceTask              - Start PACT code: Data Source (117/120)
22:17:38,052 INFO  eu.stratosphere.pact.runtime.task.DataSourceTask              - Start PACT code: Data Source (118/120)
22:17:38,053 INFO  eu.stratosphere.pact.runtime.task.DataSourceTask              - Start PACT code: Data Source (119/120)
22:17:38,056 INFO  eu.stratosphere.pact.runtime.task.DataSourceTask              - Start PACT code: Data Source (120/120)
22:17:38,058 INFO  eu.stratosphere.pact.runtime.task.DataSourceTask              - Start PACT code: Data Source (114/120)
22:17:39,236 INFO  eu.stratosphere.nephele.execution.ExecutionStateTransition    - TM: ExecutionState set from STARTING to RUNNING for task Data Sink (120/120)
22:17:39,239 INFO  eu.stratosphere.pact.runtime.task.DataSinkTask                - Start PACT code: Data Sink (120/120)
22:17:39,366 INFO  eu.stratosphere.nephele.execution.ExecutionStateTransition    - TM: ExecutionState set from STARTING to RUNNING for task Data Sink (117/120)
22:17:39,368 INFO  eu.stratosphere.pact.runtime.task.DataSinkTask                - Start PACT code: Data Sink (117/120)
22:17:39,442 INFO  eu.stratosphere.nephele.execution.ExecutionStateTransition    - TM: ExecutionState set from STARTING to RUNNING for task Data Sink (118/120)
22:17:39,444 INFO  eu.stratosphere.pact.runtime.task.DataSinkTask                - Start PACT code: Data Sink (118/120)
22:17:39,553 INFO  eu.stratosphere.nephele.execution.ExecutionStateTransition    - TM: ExecutionState set from STARTING to RUNNING for task Data Sink (116/120)
22:17:39,556 INFO  eu.stratosphere.pact.runtime.task.DataSinkTask                - Start PACT code: Data Sink (116/120)
22:17:39,623 INFO  eu.stratosphere.nephele.execution.ExecutionStateTransition    - TM: ExecutionState set from STARTING to RUNNING for task Data Sink (114/120)
22:17:39,625 INFO  eu.stratosphere.pact.runtime.task.DataSinkTask                - Start PACT code: Data Sink (114/120)
22:17:39,868 INFO  eu.stratosphere.nephele.execution.ExecutionStateTransition    - TM: ExecutionState set from STARTING to RUNNING for task Data Sink (113/120)
22:17:39,869 INFO  eu.stratosphere.pact.runtime.task.DataSinkTask                - Start PACT code: Data Sink (113/120)
22:17:39,915 INFO  eu.stratosphere.nephele.execution.ExecutionStateTransition    - TM: ExecutionState set from STARTING to RUNNING for task Data Sink (115/120)
22:17:39,916 INFO  eu.stratosphere.pact.runtime.task.DataSinkTask                - Start PACT code: Data Sink (115/120)
22:17:40,046 INFO  eu.stratosphere.nephele.execution.ExecutionStateTransition    - TM: ExecutionState set from STARTING to RUNNING for task Data Sink (119/120)
22:17:40,047 INFO  eu.stratosphere.pact.runtime.task.DataSinkTask                - Start PACT code: Data Sink (119/120)
22:17:56,074 INFO  eu.stratosphere.pact.runtime.task.DataSourceTask              - Finished PACT code: Data Source (116/120)
22:17:56,074 INFO  eu.stratosphere.nephele.execution.ExecutionStateTransition    - TM: ExecutionState set from RUNNING to FINISHING for task Data Source (116/120)
22:17:56,643 INFO  eu.stratosphere.pact.runtime.task.DataSourceTask              - Finished PACT code: Data Source (113/120)
22:17:56,644 INFO  eu.stratosphere.nephele.execution.ExecutionStateTransition    - TM: ExecutionState set from RUNNING to FINISHING for task Data Source (113/120)
22:17:56,678 INFO  eu.stratosphere.pact.runtime.task.DataSourceTask              - Finished PACT code: Data Source (117/120)
22:17:56,678 INFO  eu.stratosphere.nephele.execution.ExecutionStateTransition    - TM: ExecutionState set from RUNNING to FINISHING for task Data Source (117/120)
22:17:56,855 INFO  eu.stratosphere.pact.runtime.task.DataSourceTask              - Finished PACT code: Data Source (120/120)
22:17:56,855 INFO  eu.stratosphere.nephele.execution.ExecutionStateTransition    - TM: ExecutionState set from RUNNING to FINISHING for task Data Source (120/120)
22:17:57,250 INFO  eu.stratosphere.pact.runtime.task.DataSourceTask              - Finished PACT code: Data Source (119/120)
22:17:57,251 INFO  eu.stratosphere.nephele.execution.ExecutionStateTransition    - TM: ExecutionState set from RUNNING to FINISHING for task Data Source (119/120)
22:17:57,597 INFO  eu.stratosphere.pact.runtime.task.DataSourceTask              - Finished PACT code: Data Source (114/120)
22:17:57,598 INFO  eu.stratosphere.nephele.execution.ExecutionStateTransition    - TM: ExecutionState set from RUNNING to FINISHING for task Data Source (114/120)
22:17:58,490 INFO  eu.stratosphere.pact.runtime.task.DataSourceTask              - Finished PACT code: Data Source (115/120)
22:17:58,491 INFO  eu.stratosphere.nephele.execution.ExecutionStateTransition    - TM: ExecutionState set from RUNNING to FINISHING for task Data Source (115/120)
22:18:00,159 INFO  eu.stratosphere.pact.runtime.task.DataSourceTask              - Finished PACT code: Data Source (118/120)
22:18:00,160 INFO  eu.stratosphere.nephele.execution.ExecutionStateTransition    - TM: ExecutionState set from RUNNING to FINISHING for task Data Source (118/120)
22:19:16,129 INFO  eu.stratosphere.pact.runtime.task.DataSinkTask                - Finished PACT code: Data Sink (118/120)
22:19:16,129 INFO  eu.stratosphere.nephele.execution.ExecutionStateTransition    - TM: ExecutionState set from RUNNING to FINISHING for task Data Sink (118/120)
22:19:16,135 INFO  eu.stratosphere.nephele.execution.ExecutionStateTransition    - TM: ExecutionState set from FINISHING to FINISHED for task Data Sink (118/120)
22:19:19,107 INFO  eu.stratosphere.pact.runtime.task.DataSinkTask                - Finished PACT code: Data Sink (114/120)
22:19:19,107 INFO  eu.stratosphere.nephele.execution.ExecutionStateTransition    - TM: ExecutionState set from RUNNING to FINISHING for task Data Sink (114/120)
22:19:19,114 INFO  eu.stratosphere.nephele.execution.ExecutionStateTransition    - TM: ExecutionState set from FINISHING to FINISHED for task Data Sink (114/120)
22:19:20,623 INFO  eu.stratosphere.pact.runtime.task.DataSinkTask                - Finished PACT code: Data Sink (119/120)
22:19:20,623 INFO  eu.stratosphere.nephele.execution.ExecutionStateTransition    - TM: ExecutionState set from RUNNING to FINISHING for task Data Sink (119/120)
22:19:20,629 INFO  eu.stratosphere.nephele.execution.ExecutionStateTransition    - TM: ExecutionState set from FINISHING to FINISHED for task Data Sink (119/120)
22:19:22,285 INFO  eu.stratosphere.pact.runtime.task.DataSinkTask                - Finished PACT code: Data Sink (115/120)
22:19:22,286 INFO  eu.stratosphere.nephele.execution.ExecutionStateTransition    - TM: ExecutionState set from RUNNING to FINISHING for task Data Sink (115/120)
22:19:22,291 INFO  eu.stratosphere.nephele.execution.ExecutionStateTransition    - TM: ExecutionState set from FINISHING to FINISHED for task Data Sink (115/120)
22:19:23,290 INFO  eu.stratosphere.pact.runtime.task.DataSinkTask                - Finished PACT code: Data Sink (116/120)
22:19:23,291 INFO  eu.stratosphere.nephele.execution.ExecutionStateTransition    - TM: ExecutionState set from RUNNING to FINISHING for task Data Sink (116/120)
22:19:23,296 INFO  eu.stratosphere.nephele.execution.ExecutionStateTransition    - TM: ExecutionState set from FINISHING to FINISHED for task Data Sink (116/120)
22:19:25,417 INFO  eu.stratosphere.pact.runtime.task.DataSinkTask                - Finished PACT code: Data Sink (113/120)
22:19:25,418 INFO  eu.stratosphere.nephele.execution.ExecutionStateTransition    - TM: ExecutionState set from RUNNING to FINISHING for task Data Sink (113/120)
22:19:25,423 INFO  eu.stratosphere.nephele.execution.ExecutionStateTransition    - TM: ExecutionState set from FINISHING to FINISHED for task Data Sink (113/120)
22:19:26,070 INFO  eu.stratosphere.pact.runtime.task.DataSinkTask                - Finished PACT code: Data Sink (117/120)
22:19:26,070 INFO  eu.stratosphere.nephele.execution.ExecutionStateTransition    - TM: ExecutionState set from RUNNING to FINISHING for task Data Sink (117/120)
22:19:26,074 INFO  eu.stratosphere.nephele.execution.ExecutionStateTransition    - TM: ExecutionState set from FINISHING to FINISHED for task Data Sink (117/120)
