17:47:55,554 WARN  eu.stratosphere.nephele.configuration.GlobalConfiguration     - Cannot load configuration: unknown element plugins
17:47:55,590 INFO  eu.stratosphere.nephele.taskmanager.TaskManager               - Reading location of job manager from configuration
17:47:55,600 INFO  eu.stratosphere.nephele.taskmanager.TaskManager               - Determined address of job manager to be cloud-11.dima.tu-berlin.de/130.149.21.15:6002
17:47:55,609 INFO  eu.stratosphere.nephele.taskmanager.TaskManager               - Announcing connection information cloud-35 to job manager
17:47:55,675 INFO  eu.stratosphere.nephele.ipc.Server                            - IPC Server Responder: starting
17:47:55,675 INFO  eu.stratosphere.nephele.ipc.Server                            - IPC Server listener on 6122: starting
17:47:55,676 INFO  eu.stratosphere.nephele.ipc.Server                            - IPC Server handler 0 on 6122: starting
17:47:56,802 INFO  eu.stratosphere.nephele.taskmanager.bufferprovider.GlobalBufferPool  - Initialized global buffer pool with 32768 buffers with a size 32768 bytes each
17:47:56,821 INFO  eu.stratosphere.nephele.taskmanager.bytebuffered.ByteBufferedChannelManager  - Initialized byte buffered channel manager with sender-side spilling disabled
17:47:56,831 INFO  eu.stratosphere.nephele.instance.HardwareDescriptionFactory   - Found Tenured Gen pool (max: 27678736384, used: 0)
17:47:56,831 INFO  eu.stratosphere.nephele.taskmanager.TaskManager               - Initializing memory manager with 22528 megabytes of memory
17:48:18,097 INFO  eu.stratosphere.nephele.execution.ExecutionStateTransition    - TM: ExecutionState set from STARTING to RUNNING for task Terasort generator (153/200)
17:48:18,097 INFO  eu.stratosphere.nephele.execution.ExecutionStateTransition    - TM: ExecutionState set from STARTING to RUNNING for task Terasort generator (157/200)
17:48:18,097 INFO  eu.stratosphere.nephele.execution.ExecutionStateTransition    - TM: ExecutionState set from STARTING to RUNNING for task Terasort generator (156/200)
17:48:18,097 INFO  eu.stratosphere.nephele.execution.ExecutionStateTransition    - TM: ExecutionState set from STARTING to RUNNING for task Terasort generator (159/200)
17:48:18,097 INFO  eu.stratosphere.nephele.execution.ExecutionStateTransition    - TM: ExecutionState set from STARTING to RUNNING for task Terasort generator (154/200)
17:48:18,097 INFO  eu.stratosphere.nephele.execution.ExecutionStateTransition    - TM: ExecutionState set from STARTING to RUNNING for task Terasort generator (160/200)
17:48:18,097 INFO  eu.stratosphere.nephele.execution.ExecutionStateTransition    - TM: ExecutionState set from STARTING to RUNNING for task Terasort generator (158/200)
17:48:18,097 INFO  eu.stratosphere.nephele.execution.ExecutionStateTransition    - TM: ExecutionState set from STARTING to RUNNING for task Terasort generator (155/200)
17:48:18,103 INFO  eu.stratosphere.pact.runtime.task.DataSourceTask              - Start PACT code: Terasort generator (153/200)
17:48:18,106 INFO  eu.stratosphere.pact.runtime.task.DataSourceTask              - Start PACT code: Terasort generator (154/200)
17:48:18,108 INFO  eu.stratosphere.pact.runtime.task.DataSourceTask              - Start PACT code: Terasort generator (159/200)
17:48:18,110 INFO  eu.stratosphere.pact.runtime.task.DataSourceTask              - Start PACT code: Terasort generator (156/200)
17:48:18,114 INFO  eu.stratosphere.pact.runtime.task.DataSourceTask              - Start PACT code: Terasort generator (157/200)
17:48:18,116 INFO  eu.stratosphere.pact.runtime.task.DataSourceTask              - Start PACT code: Terasort generator (155/200)
17:48:18,118 INFO  eu.stratosphere.pact.runtime.task.DataSourceTask              - Start PACT code: Terasort generator (158/200)
17:48:18,120 INFO  eu.stratosphere.pact.runtime.task.DataSourceTask              - Start PACT code: Terasort generator (160/200)
17:48:20,346 INFO  eu.stratosphere.nephele.execution.ExecutionStateTransition    - TM: ExecutionState set from STARTING to RUNNING for task Data Sink (160/200)
17:48:20,348 INFO  eu.stratosphere.pact.runtime.task.DataSinkTask                - Start PACT code: Data Sink (160/200)
17:48:20,365 INFO  eu.stratosphere.nephele.execution.ExecutionStateTransition    - TM: ExecutionState set from STARTING to RUNNING for task Data Sink (158/200)
17:48:20,367 INFO  eu.stratosphere.pact.runtime.task.DataSinkTask                - Start PACT code: Data Sink (158/200)
17:48:22,000 INFO  eu.stratosphere.nephele.execution.ExecutionStateTransition    - TM: ExecutionState set from STARTING to RUNNING for task Data Sink (156/200)
17:48:22,004 INFO  eu.stratosphere.pact.runtime.task.DataSinkTask                - Start PACT code: Data Sink (156/200)
17:48:22,047 INFO  eu.stratosphere.nephele.execution.ExecutionStateTransition    - TM: ExecutionState set from STARTING to RUNNING for task Data Sink (157/200)
17:48:22,049 INFO  eu.stratosphere.pact.runtime.task.DataSinkTask                - Start PACT code: Data Sink (157/200)
17:48:22,077 INFO  eu.stratosphere.nephele.execution.ExecutionStateTransition    - TM: ExecutionState set from STARTING to RUNNING for task Data Sink (154/200)
17:48:22,079 INFO  eu.stratosphere.pact.runtime.task.DataSinkTask                - Start PACT code: Data Sink (154/200)
17:48:22,104 INFO  eu.stratosphere.nephele.execution.ExecutionStateTransition    - TM: ExecutionState set from STARTING to RUNNING for task Data Sink (159/200)
17:48:22,106 INFO  eu.stratosphere.pact.runtime.task.DataSinkTask                - Start PACT code: Data Sink (159/200)
17:48:22,224 INFO  eu.stratosphere.nephele.execution.ExecutionStateTransition    - TM: ExecutionState set from STARTING to RUNNING for task Data Sink (153/200)
17:48:22,225 INFO  eu.stratosphere.pact.runtime.task.DataSinkTask                - Start PACT code: Data Sink (153/200)
17:48:22,305 INFO  eu.stratosphere.nephele.execution.ExecutionStateTransition    - TM: ExecutionState set from STARTING to RUNNING for task Data Sink (155/200)
17:48:22,307 INFO  eu.stratosphere.pact.runtime.task.DataSinkTask                - Start PACT code: Data Sink (155/200)
17:48:41,495 INFO  eu.stratosphere.pact.runtime.task.DataSourceTask              - Finished PACT code: Terasort generator (160/200)
17:48:41,496 INFO  eu.stratosphere.nephele.execution.ExecutionStateTransition    - TM: ExecutionState set from RUNNING to FINISHING for task Terasort generator (160/200)
17:48:41,574 INFO  eu.stratosphere.pact.runtime.task.DataSourceTask              - Finished PACT code: Terasort generator (159/200)
17:48:41,575 INFO  eu.stratosphere.nephele.execution.ExecutionStateTransition    - TM: ExecutionState set from RUNNING to FINISHING for task Terasort generator (159/200)
17:48:41,784 INFO  eu.stratosphere.pact.runtime.task.DataSourceTask              - Finished PACT code: Terasort generator (154/200)
17:48:41,784 INFO  eu.stratosphere.nephele.execution.ExecutionStateTransition    - TM: ExecutionState set from RUNNING to FINISHING for task Terasort generator (154/200)
17:48:42,142 INFO  eu.stratosphere.pact.runtime.task.DataSourceTask              - Finished PACT code: Terasort generator (158/200)
17:48:42,143 INFO  eu.stratosphere.nephele.execution.ExecutionStateTransition    - TM: ExecutionState set from RUNNING to FINISHING for task Terasort generator (158/200)
17:48:42,438 INFO  eu.stratosphere.pact.runtime.task.DataSourceTask              - Finished PACT code: Terasort generator (155/200)
17:48:42,438 INFO  eu.stratosphere.nephele.execution.ExecutionStateTransition    - TM: ExecutionState set from RUNNING to FINISHING for task Terasort generator (155/200)
17:48:42,790 INFO  eu.stratosphere.pact.runtime.task.DataSourceTask              - Finished PACT code: Terasort generator (153/200)
17:48:42,791 INFO  eu.stratosphere.nephele.execution.ExecutionStateTransition    - TM: ExecutionState set from RUNNING to FINISHING for task Terasort generator (153/200)
17:48:42,891 INFO  eu.stratosphere.pact.runtime.task.DataSourceTask              - Finished PACT code: Terasort generator (157/200)
17:48:42,891 INFO  eu.stratosphere.nephele.execution.ExecutionStateTransition    - TM: ExecutionState set from RUNNING to FINISHING for task Terasort generator (157/200)
17:48:43,114 INFO  eu.stratosphere.pact.runtime.task.DataSourceTask              - Finished PACT code: Terasort generator (156/200)
17:48:43,115 INFO  eu.stratosphere.nephele.execution.ExecutionStateTransition    - TM: ExecutionState set from RUNNING to FINISHING for task Terasort generator (156/200)
17:49:19,713 INFO  eu.stratosphere.pact.runtime.task.DataSinkTask                - Finished PACT code: Data Sink (158/200)
17:49:19,713 INFO  eu.stratosphere.nephele.execution.ExecutionStateTransition    - TM: ExecutionState set from RUNNING to FINISHING for task Data Sink (158/200)
17:49:19,716 INFO  eu.stratosphere.nephele.execution.ExecutionStateTransition    - TM: ExecutionState set from FINISHING to FINISHED for task Data Sink (158/200)
17:49:22,602 INFO  eu.stratosphere.pact.runtime.task.DataSinkTask                - Finished PACT code: Data Sink (153/200)
17:49:22,602 INFO  eu.stratosphere.nephele.execution.ExecutionStateTransition    - TM: ExecutionState set from RUNNING to FINISHING for task Data Sink (153/200)
17:49:22,605 INFO  eu.stratosphere.nephele.execution.ExecutionStateTransition    - TM: ExecutionState set from FINISHING to FINISHED for task Data Sink (153/200)
17:49:22,818 INFO  eu.stratosphere.pact.runtime.task.DataSinkTask                - Finished PACT code: Data Sink (156/200)
17:49:22,818 INFO  eu.stratosphere.nephele.execution.ExecutionStateTransition    - TM: ExecutionState set from RUNNING to FINISHING for task Data Sink (156/200)
17:49:22,822 INFO  eu.stratosphere.nephele.execution.ExecutionStateTransition    - TM: ExecutionState set from FINISHING to FINISHED for task Data Sink (156/200)
17:49:22,971 INFO  eu.stratosphere.pact.runtime.task.DataSinkTask                - Finished PACT code: Data Sink (154/200)
17:49:22,971 INFO  eu.stratosphere.nephele.execution.ExecutionStateTransition    - TM: ExecutionState set from RUNNING to FINISHING for task Data Sink (154/200)
17:49:22,974 INFO  eu.stratosphere.nephele.execution.ExecutionStateTransition    - TM: ExecutionState set from FINISHING to FINISHED for task Data Sink (154/200)
17:49:23,058 INFO  eu.stratosphere.pact.runtime.task.DataSinkTask                - Finished PACT code: Data Sink (160/200)
17:49:23,058 INFO  eu.stratosphere.nephele.execution.ExecutionStateTransition    - TM: ExecutionState set from RUNNING to FINISHING for task Data Sink (160/200)
17:49:23,061 INFO  eu.stratosphere.nephele.execution.ExecutionStateTransition    - TM: ExecutionState set from FINISHING to FINISHED for task Data Sink (160/200)
17:49:23,495 INFO  eu.stratosphere.pact.runtime.task.DataSinkTask                - Finished PACT code: Data Sink (159/200)
17:49:23,495 INFO  eu.stratosphere.nephele.execution.ExecutionStateTransition    - TM: ExecutionState set from RUNNING to FINISHING for task Data Sink (159/200)
17:49:23,498 INFO  eu.stratosphere.nephele.execution.ExecutionStateTransition    - TM: ExecutionState set from FINISHING to FINISHED for task Data Sink (159/200)
17:49:24,496 INFO  eu.stratosphere.pact.runtime.task.DataSinkTask                - Finished PACT code: Data Sink (157/200)
17:49:24,497 INFO  eu.stratosphere.nephele.execution.ExecutionStateTransition    - TM: ExecutionState set from RUNNING to FINISHING for task Data Sink (157/200)
17:49:24,500 INFO  eu.stratosphere.nephele.execution.ExecutionStateTransition    - TM: ExecutionState set from FINISHING to FINISHED for task Data Sink (157/200)
17:49:26,026 INFO  eu.stratosphere.pact.runtime.task.DataSinkTask                - Finished PACT code: Data Sink (155/200)
17:49:26,026 INFO  eu.stratosphere.nephele.execution.ExecutionStateTransition    - TM: ExecutionState set from RUNNING to FINISHING for task Data Sink (155/200)
17:49:26,029 INFO  eu.stratosphere.nephele.execution.ExecutionStateTransition    - TM: ExecutionState set from FINISHING to FINISHED for task Data Sink (155/200)
