10:27:12,104 WARN  eu.stratosphere.nephele.configuration.GlobalConfiguration     - Cannot load configuration: unknown element plugins
10:27:12,121 INFO  eu.stratosphere.nephele.taskmanager.TaskManager               - Reading location of job manager from configuration
10:27:12,129 INFO  eu.stratosphere.nephele.taskmanager.TaskManager               - Determined address of job manager to be cloud-7.dima.tu-berlin.de/130.149.21.11:6002
10:27:12,138 INFO  eu.stratosphere.nephele.taskmanager.TaskManager               - Announcing connection information cloud-8 to job manager
10:27:12,185 INFO  eu.stratosphere.nephele.ipc.Server                            - IPC Server Responder: starting
10:27:12,185 INFO  eu.stratosphere.nephele.ipc.Server                            - IPC Server listener on 6122: starting
10:27:12,186 INFO  eu.stratosphere.nephele.ipc.Server                            - IPC Server handler 0 on 6122: starting
10:27:12,893 INFO  eu.stratosphere.nephele.taskmanager.bufferprovider.GlobalBufferPool  - Initialized global buffer pool with 32768 buffers with a size 32768 bytes each
10:27:12,903 INFO  eu.stratosphere.nephele.taskmanager.bytebuffered.ByteBufferedChannelManager  - Initialized byte buffered channel manager with sender-side spilling disabled
10:27:12,909 INFO  eu.stratosphere.nephele.instance.HardwareDescriptionFactory   - Found Tenured Gen pool (max: 34404499456, used: 0)
10:27:12,909 INFO  eu.stratosphere.nephele.taskmanager.TaskManager               - Initializing memory manager with 22528 megabytes of memory
10:27:29,352 INFO  eu.stratosphere.nephele.execution.ExecutionStateTransition    - TM: ExecutionState set from STARTING to RUNNING for task Data Source (17/32)
10:27:29,352 INFO  eu.stratosphere.nephele.execution.ExecutionStateTransition    - TM: ExecutionState set from STARTING to RUNNING for task Data Source (18/32)
10:27:29,352 INFO  eu.stratosphere.nephele.execution.ExecutionStateTransition    - TM: ExecutionState set from STARTING to RUNNING for task Data Source (21/32)
10:27:29,352 INFO  eu.stratosphere.nephele.execution.ExecutionStateTransition    - TM: ExecutionState set from STARTING to RUNNING for task Data Source (20/32)
10:27:29,352 INFO  eu.stratosphere.nephele.execution.ExecutionStateTransition    - TM: ExecutionState set from STARTING to RUNNING for task Data Source (19/32)
10:27:29,352 INFO  eu.stratosphere.nephele.execution.ExecutionStateTransition    - TM: ExecutionState set from STARTING to RUNNING for task Data Source (24/32)
10:27:29,352 INFO  eu.stratosphere.nephele.execution.ExecutionStateTransition    - TM: ExecutionState set from STARTING to RUNNING for task Data Source (23/32)
10:27:29,354 INFO  eu.stratosphere.pact.runtime.task.DataSourceTask              - Start PACT code: Data Source (17/32)
10:27:29,352 INFO  eu.stratosphere.nephele.execution.ExecutionStateTransition    - TM: ExecutionState set from STARTING to RUNNING for task Data Source (22/32)
10:27:29,355 INFO  eu.stratosphere.pact.runtime.task.DataSourceTask              - Start PACT code: Data Source (24/32)
10:27:29,356 INFO  eu.stratosphere.pact.runtime.task.DataSourceTask              - Start PACT code: Data Source (22/32)
10:27:29,357 INFO  eu.stratosphere.pact.runtime.task.DataSourceTask              - Start PACT code: Data Source (23/32)
10:27:29,358 INFO  eu.stratosphere.pact.runtime.task.DataSourceTask              - Start PACT code: Data Source (19/32)
10:27:29,359 INFO  eu.stratosphere.pact.runtime.task.DataSourceTask              - Start PACT code: Data Source (20/32)
10:27:29,360 INFO  eu.stratosphere.pact.runtime.task.DataSourceTask              - Start PACT code: Data Source (21/32)
10:27:29,361 INFO  eu.stratosphere.pact.runtime.task.DataSourceTask              - Start PACT code: Data Source (18/32)
10:27:29,958 INFO  eu.stratosphere.nephele.execution.ExecutionStateTransition    - TM: ExecutionState set from STARTING to RUNNING for task Data Sink (23/32)
10:27:29,959 INFO  eu.stratosphere.pact.runtime.task.DataSinkTask                - Start PACT code: Data Sink (23/32)
10:27:30,046 INFO  eu.stratosphere.nephele.execution.ExecutionStateTransition    - TM: ExecutionState set from STARTING to RUNNING for task Data Sink (21/32)
10:27:30,047 INFO  eu.stratosphere.pact.runtime.task.DataSinkTask                - Start PACT code: Data Sink (21/32)
10:27:30,400 INFO  eu.stratosphere.nephele.execution.ExecutionStateTransition    - TM: ExecutionState set from STARTING to RUNNING for task Data Sink (24/32)
10:27:30,402 INFO  eu.stratosphere.pact.runtime.task.DataSinkTask                - Start PACT code: Data Sink (24/32)
10:27:30,410 INFO  eu.stratosphere.nephele.execution.ExecutionStateTransition    - TM: ExecutionState set from STARTING to RUNNING for task Data Sink (17/32)
10:27:30,411 INFO  eu.stratosphere.pact.runtime.task.DataSinkTask                - Start PACT code: Data Sink (17/32)
10:27:30,419 INFO  eu.stratosphere.nephele.execution.ExecutionStateTransition    - TM: ExecutionState set from STARTING to RUNNING for task Data Sink (18/32)
10:27:30,420 INFO  eu.stratosphere.pact.runtime.task.DataSinkTask                - Start PACT code: Data Sink (18/32)
10:27:30,424 INFO  eu.stratosphere.nephele.execution.ExecutionStateTransition    - TM: ExecutionState set from STARTING to RUNNING for task Data Sink (19/32)
10:27:30,425 INFO  eu.stratosphere.pact.runtime.task.DataSinkTask                - Start PACT code: Data Sink (19/32)
10:27:30,430 INFO  eu.stratosphere.nephele.execution.ExecutionStateTransition    - TM: ExecutionState set from STARTING to RUNNING for task Data Sink (22/32)
10:27:30,432 INFO  eu.stratosphere.pact.runtime.task.DataSinkTask                - Start PACT code: Data Sink (22/32)
10:27:30,437 INFO  eu.stratosphere.nephele.execution.ExecutionStateTransition    - TM: ExecutionState set from STARTING to RUNNING for task Data Sink (20/32)
10:27:30,438 INFO  eu.stratosphere.pact.runtime.task.DataSinkTask                - Start PACT code: Data Sink (20/32)
10:27:39,500 INFO  eu.stratosphere.pact.runtime.task.DataSourceTask              - Finished PACT code: Data Source (17/32)
10:27:39,500 INFO  eu.stratosphere.nephele.execution.ExecutionStateTransition    - TM: ExecutionState set from RUNNING to FINISHING for task Data Source (17/32)
10:27:40,258 INFO  eu.stratosphere.pact.runtime.task.DataSourceTask              - Finished PACT code: Data Source (23/32)
10:27:40,258 INFO  eu.stratosphere.nephele.execution.ExecutionStateTransition    - TM: ExecutionState set from RUNNING to FINISHING for task Data Source (23/32)
10:27:41,197 INFO  eu.stratosphere.pact.runtime.task.DataSourceTask              - Finished PACT code: Data Source (24/32)
10:27:41,197 INFO  eu.stratosphere.nephele.execution.ExecutionStateTransition    - TM: ExecutionState set from RUNNING to FINISHING for task Data Source (24/32)
10:27:41,331 INFO  eu.stratosphere.pact.runtime.task.DataSourceTask              - Finished PACT code: Data Source (19/32)
10:27:41,331 INFO  eu.stratosphere.nephele.execution.ExecutionStateTransition    - TM: ExecutionState set from RUNNING to FINISHING for task Data Source (19/32)
10:27:41,801 INFO  eu.stratosphere.pact.runtime.task.DataSourceTask              - Finished PACT code: Data Source (18/32)
10:27:41,801 INFO  eu.stratosphere.nephele.execution.ExecutionStateTransition    - TM: ExecutionState set from RUNNING to FINISHING for task Data Source (18/32)
10:27:43,058 INFO  eu.stratosphere.pact.runtime.task.DataSourceTask              - Finished PACT code: Data Source (21/32)
10:27:43,058 INFO  eu.stratosphere.nephele.execution.ExecutionStateTransition    - TM: ExecutionState set from RUNNING to FINISHING for task Data Source (21/32)
10:27:43,073 INFO  eu.stratosphere.pact.runtime.task.DataSourceTask              - Finished PACT code: Data Source (20/32)
10:27:43,074 INFO  eu.stratosphere.nephele.execution.ExecutionStateTransition    - TM: ExecutionState set from RUNNING to FINISHING for task Data Source (20/32)
10:27:44,396 INFO  eu.stratosphere.pact.runtime.task.DataSourceTask              - Finished PACT code: Data Source (22/32)
10:27:44,396 INFO  eu.stratosphere.nephele.execution.ExecutionStateTransition    - TM: ExecutionState set from RUNNING to FINISHING for task Data Source (22/32)
10:28:15,582 INFO  eu.stratosphere.pact.runtime.task.DataSinkTask                - Finished PACT code: Data Sink (17/32)
10:28:15,582 INFO  eu.stratosphere.nephele.execution.ExecutionStateTransition    - TM: ExecutionState set from RUNNING to FINISHING for task Data Sink (17/32)
10:28:15,585 INFO  eu.stratosphere.nephele.execution.ExecutionStateTransition    - TM: ExecutionState set from FINISHING to FINISHED for task Data Sink (17/32)
