18:34:49,630 WARN  eu.stratosphere.nephele.configuration.GlobalConfiguration     - Cannot load configuration: unknown element plugins
18:34:49,671 INFO  eu.stratosphere.nephele.taskmanager.TaskManager               - Reading location of job manager from configuration
18:34:49,682 INFO  eu.stratosphere.nephele.taskmanager.TaskManager               - Determined address of job manager to be cloud-11.dima.tu-berlin.de/130.149.21.15:6002
18:34:49,691 INFO  eu.stratosphere.nephele.taskmanager.TaskManager               - Announcing connection information cloud-15 to job manager
18:34:49,757 INFO  eu.stratosphere.nephele.ipc.Server                            - IPC Server listener on 6122: starting
18:34:49,757 INFO  eu.stratosphere.nephele.ipc.Server                            - IPC Server Responder: starting
18:34:49,758 INFO  eu.stratosphere.nephele.ipc.Server                            - IPC Server handler 0 on 6122: starting
18:34:51,010 INFO  eu.stratosphere.nephele.taskmanager.bufferprovider.GlobalBufferPool  - Initialized global buffer pool with 32768 buffers with a size 32768 bytes each
18:34:51,030 INFO  eu.stratosphere.nephele.taskmanager.bytebuffered.ByteBufferedChannelManager  - Initialized byte buffered channel manager with sender-side spilling disabled
18:34:51,040 INFO  eu.stratosphere.nephele.instance.HardwareDescriptionFactory   - Found Tenured Gen pool (max: 27678736384, used: 0)
18:34:51,040 INFO  eu.stratosphere.nephele.taskmanager.TaskManager               - Initializing memory manager with 22528 megabytes of memory
18:35:20,890 INFO  eu.stratosphere.nephele.execution.ExecutionStateTransition    - TM: ExecutionState set from STARTING to RUNNING for task Input Edges (41/120)
18:35:20,890 INFO  eu.stratosphere.nephele.execution.ExecutionStateTransition    - TM: ExecutionState set from STARTING to RUNNING for task Input Edges (43/120)
18:35:20,890 INFO  eu.stratosphere.nephele.execution.ExecutionStateTransition    - TM: ExecutionState set from STARTING to RUNNING for task Input Edges (46/120)
18:35:20,890 INFO  eu.stratosphere.nephele.execution.ExecutionStateTransition    - TM: ExecutionState set from STARTING to RUNNING for task Input Edges (42/120)
18:35:20,890 INFO  eu.stratosphere.nephele.execution.ExecutionStateTransition    - TM: ExecutionState set from STARTING to RUNNING for task Input Edges (45/120)
18:35:20,891 INFO  eu.stratosphere.nephele.execution.ExecutionStateTransition    - TM: ExecutionState set from STARTING to RUNNING for task Input Edges (44/120)
18:35:20,890 INFO  eu.stratosphere.nephele.execution.ExecutionStateTransition    - TM: ExecutionState set from STARTING to RUNNING for task Input Edges (48/120)
18:35:20,890 INFO  eu.stratosphere.nephele.execution.ExecutionStateTransition    - TM: ExecutionState set from STARTING to RUNNING for task Input Edges (47/120)
18:35:20,899 INFO  eu.stratosphere.pact.runtime.task.DataSourceTask              - Start PACT code: Input Edges (41/120)
18:35:20,900 INFO  eu.stratosphere.pact.runtime.task.RegularPactTask             - Start PACT code: Canonize edges (41/120)
18:35:20,901 INFO  eu.stratosphere.pact.runtime.task.DataSourceTask              - Start PACT code: Input Edges (47/120)
18:35:20,902 INFO  eu.stratosphere.pact.runtime.task.RegularPactTask             - Start PACT code: Canonize edges (47/120)
18:35:20,905 INFO  eu.stratosphere.pact.runtime.task.DataSourceTask              - Start PACT code: Input Edges (48/120)
18:35:20,906 INFO  eu.stratosphere.pact.runtime.task.RegularPactTask             - Start PACT code: Canonize edges (48/120)
18:35:20,908 INFO  eu.stratosphere.pact.runtime.task.DataSourceTask              - Start PACT code: Input Edges (44/120)
18:35:20,909 INFO  eu.stratosphere.pact.runtime.task.RegularPactTask             - Start PACT code: Canonize edges (44/120)
18:35:20,910 INFO  eu.stratosphere.pact.runtime.task.DataSourceTask              - Start PACT code: Input Edges (45/120)
18:35:20,910 INFO  eu.stratosphere.pact.runtime.task.RegularPactTask             - Start PACT code: Canonize edges (45/120)
18:35:20,911 INFO  eu.stratosphere.pact.runtime.task.DataSourceTask              - Start PACT code: Input Edges (42/120)
18:35:20,912 INFO  eu.stratosphere.pact.runtime.task.RegularPactTask             - Start PACT code: Canonize edges (42/120)
18:35:20,913 INFO  eu.stratosphere.pact.runtime.task.DataSourceTask              - Start PACT code: Input Edges (46/120)
18:35:20,913 INFO  eu.stratosphere.pact.runtime.task.RegularPactTask             - Start PACT code: Canonize edges (46/120)
18:35:20,914 INFO  eu.stratosphere.pact.runtime.task.DataSourceTask              - Start PACT code: Input Edges (43/120)
18:35:20,914 INFO  eu.stratosphere.pact.runtime.task.RegularPactTask             - Start PACT code: Canonize edges (43/120)
18:35:23,383 INFO  eu.stratosphere.nephele.execution.ExecutionStateTransition    - TM: ExecutionState set from STARTING to RUNNING for task Build Triads (41/120)
18:35:23,386 INFO  eu.stratosphere.pact.runtime.task.RegularPactTask             - Start PACT code.: Build Triads (41/120)
18:35:23,553 INFO  eu.stratosphere.nephele.execution.ExecutionStateTransition    - TM: ExecutionState set from STARTING to RUNNING for task Build Triads (44/120)
18:35:23,556 INFO  eu.stratosphere.pact.runtime.task.RegularPactTask             - Start PACT code.: Build Triads (44/120)
18:35:23,573 INFO  eu.stratosphere.nephele.execution.ExecutionStateTransition    - TM: ExecutionState set from STARTING to RUNNING for task Build Triads (46/120)
18:35:23,577 INFO  eu.stratosphere.pact.runtime.task.RegularPactTask             - Start PACT code.: Build Triads (46/120)
18:35:23,598 INFO  eu.stratosphere.nephele.execution.ExecutionStateTransition    - TM: ExecutionState set from STARTING to RUNNING for task Build Triads (42/120)
18:35:23,601 INFO  eu.stratosphere.pact.runtime.task.RegularPactTask             - Start PACT code.: Build Triads (42/120)
18:35:23,645 INFO  eu.stratosphere.nephele.execution.ExecutionStateTransition    - TM: ExecutionState set from STARTING to RUNNING for task Build Triads (43/120)
18:35:23,649 INFO  eu.stratosphere.pact.runtime.task.RegularPactTask             - Start PACT code.: Build Triads (43/120)
18:35:23,742 INFO  eu.stratosphere.nephele.execution.ExecutionStateTransition    - TM: ExecutionState set from STARTING to RUNNING for task Build Triads (47/120)
18:35:23,743 INFO  eu.stratosphere.pact.runtime.task.RegularPactTask             - Start PACT code.: Build Triads (47/120)
18:35:23,781 INFO  eu.stratosphere.pact.runtime.task.RegularPactTask             - Finished PACT code: Canonize edges (43/120)
18:35:23,781 INFO  eu.stratosphere.pact.runtime.task.DataSourceTask              - Finished PACT code: Input Edges (43/120)
18:35:23,781 INFO  eu.stratosphere.nephele.execution.ExecutionStateTransition    - TM: ExecutionState set from RUNNING to FINISHING for task Input Edges (43/120)
18:35:24,019 INFO  eu.stratosphere.nephele.execution.ExecutionStateTransition    - TM: ExecutionState set from STARTING to RUNNING for task Build Triads (48/120)
18:35:24,022 INFO  eu.stratosphere.pact.runtime.task.RegularPactTask             - Start PACT code.: Build Triads (48/120)
18:35:24,065 INFO  eu.stratosphere.nephele.execution.ExecutionStateTransition    - TM: ExecutionState set from STARTING to RUNNING for task Build Triads (45/120)
18:35:24,067 INFO  eu.stratosphere.pact.runtime.task.RegularPactTask             - Start PACT code.: Build Triads (45/120)
18:35:24,274 INFO  eu.stratosphere.pact.runtime.task.RegularPactTask             - Finished PACT code: Canonize edges (48/120)
18:35:24,274 INFO  eu.stratosphere.pact.runtime.task.DataSourceTask              - Finished PACT code: Input Edges (48/120)
18:35:24,274 INFO  eu.stratosphere.nephele.execution.ExecutionStateTransition    - TM: ExecutionState set from RUNNING to FINISHING for task Input Edges (48/120)
18:35:24,287 INFO  eu.stratosphere.pact.runtime.task.RegularPactTask             - Finished PACT code: Canonize edges (42/120)
18:35:24,287 INFO  eu.stratosphere.pact.runtime.task.DataSourceTask              - Finished PACT code: Input Edges (42/120)
18:35:24,287 INFO  eu.stratosphere.nephele.execution.ExecutionStateTransition    - TM: ExecutionState set from RUNNING to FINISHING for task Input Edges (42/120)
18:35:24,309 INFO  eu.stratosphere.pact.runtime.task.RegularPactTask             - Finished PACT code: Canonize edges (44/120)
18:35:24,309 INFO  eu.stratosphere.pact.runtime.task.DataSourceTask              - Finished PACT code: Input Edges (44/120)
18:35:24,309 INFO  eu.stratosphere.nephele.execution.ExecutionStateTransition    - TM: ExecutionState set from RUNNING to FINISHING for task Input Edges (44/120)
18:35:24,311 INFO  eu.stratosphere.pact.runtime.task.RegularPactTask             - Finished PACT code: Canonize edges (41/120)
18:35:24,311 INFO  eu.stratosphere.pact.runtime.task.DataSourceTask              - Finished PACT code: Input Edges (41/120)
18:35:24,311 INFO  eu.stratosphere.nephele.execution.ExecutionStateTransition    - TM: ExecutionState set from RUNNING to FINISHING for task Input Edges (41/120)
18:35:24,318 INFO  eu.stratosphere.pact.runtime.task.RegularPactTask             - Finished PACT code: Canonize edges (45/120)
18:35:24,319 INFO  eu.stratosphere.pact.runtime.task.DataSourceTask              - Finished PACT code: Input Edges (45/120)
18:35:24,319 INFO  eu.stratosphere.nephele.execution.ExecutionStateTransition    - TM: ExecutionState set from RUNNING to FINISHING for task Input Edges (45/120)
18:35:24,359 INFO  eu.stratosphere.pact.runtime.task.RegularPactTask             - Finished PACT code: Canonize edges (46/120)
18:35:24,360 INFO  eu.stratosphere.pact.runtime.task.DataSourceTask              - Finished PACT code: Input Edges (46/120)
18:35:24,360 INFO  eu.stratosphere.nephele.execution.ExecutionStateTransition    - TM: ExecutionState set from RUNNING to FINISHING for task Input Edges (46/120)
18:35:24,379 INFO  eu.stratosphere.pact.runtime.task.RegularPactTask             - Finished PACT code: Canonize edges (47/120)
18:35:24,379 INFO  eu.stratosphere.pact.runtime.task.DataSourceTask              - Finished PACT code: Input Edges (47/120)
18:35:24,379 INFO  eu.stratosphere.nephele.execution.ExecutionStateTransition    - TM: ExecutionState set from RUNNING to FINISHING for task Input Edges (47/120)
18:35:26,620 INFO  eu.stratosphere.nephele.execution.ExecutionStateTransition    - TM: ExecutionState set from STARTING to RUNNING for task Close Triads (41/120)
18:35:26,622 INFO  eu.stratosphere.pact.runtime.task.RegularPactTask             - Start PACT code.: Close Triads (41/120)
18:35:26,648 INFO  eu.stratosphere.nephele.execution.ExecutionStateTransition    - TM: ExecutionState set from STARTING to RUNNING for task Close Triads (42/120)
18:35:26,651 INFO  eu.stratosphere.pact.runtime.task.RegularPactTask             - Start PACT code.: Close Triads (42/120)
18:35:26,680 INFO  eu.stratosphere.nephele.execution.ExecutionStateTransition    - TM: ExecutionState set from STARTING to RUNNING for task Close Triads (43/120)
18:35:26,682 INFO  eu.stratosphere.pact.runtime.task.RegularPactTask             - Start PACT code.: Close Triads (43/120)
18:35:26,711 INFO  eu.stratosphere.nephele.execution.ExecutionStateTransition    - TM: ExecutionState set from STARTING to RUNNING for task Close Triads (44/120)
18:35:26,714 INFO  eu.stratosphere.pact.runtime.task.RegularPactTask             - Start PACT code.: Close Triads (44/120)
18:35:26,745 INFO  eu.stratosphere.nephele.execution.ExecutionStateTransition    - TM: ExecutionState set from STARTING to RUNNING for task Close Triads (45/120)
18:35:26,747 INFO  eu.stratosphere.pact.runtime.task.RegularPactTask             - Start PACT code.: Close Triads (45/120)
18:35:26,774 INFO  eu.stratosphere.nephele.execution.ExecutionStateTransition    - TM: ExecutionState set from STARTING to RUNNING for task Close Triads (46/120)
18:35:26,776 INFO  eu.stratosphere.pact.runtime.task.RegularPactTask             - Start PACT code.: Close Triads (46/120)
18:35:26,804 INFO  eu.stratosphere.nephele.execution.ExecutionStateTransition    - TM: ExecutionState set from STARTING to RUNNING for task Close Triads (47/120)
18:35:26,806 INFO  eu.stratosphere.pact.runtime.task.RegularPactTask             - Start PACT code.: Close Triads (47/120)
18:35:26,834 INFO  eu.stratosphere.nephele.execution.ExecutionStateTransition    - TM: ExecutionState set from STARTING to RUNNING for task Close Triads (48/120)
18:35:26,836 INFO  eu.stratosphere.pact.runtime.task.RegularPactTask             - Start PACT code.: Close Triads (48/120)
18:35:31,251 INFO  eu.stratosphere.nephele.execution.ExecutionStateTransition    - TM: ExecutionState set from STARTING to RUNNING for task Triangles (44/120)
18:35:31,253 INFO  eu.stratosphere.pact.runtime.task.DataSinkTask                - Start PACT code: Triangles (44/120)
18:35:31,428 INFO  eu.stratosphere.nephele.execution.ExecutionStateTransition    - TM: ExecutionState set from STARTING to RUNNING for task Triangles (47/120)
18:35:31,430 INFO  eu.stratosphere.pact.runtime.task.DataSinkTask                - Start PACT code: Triangles (47/120)
18:35:31,443 INFO  eu.stratosphere.nephele.execution.ExecutionStateTransition    - TM: ExecutionState set from STARTING to RUNNING for task Triangles (45/120)
18:35:31,444 INFO  eu.stratosphere.pact.runtime.task.DataSinkTask                - Start PACT code: Triangles (45/120)
18:35:31,479 INFO  eu.stratosphere.nephele.execution.ExecutionStateTransition    - TM: ExecutionState set from STARTING to RUNNING for task Triangles (41/120)
18:35:31,482 INFO  eu.stratosphere.pact.runtime.task.DataSinkTask                - Start PACT code: Triangles (41/120)
18:35:31,504 INFO  eu.stratosphere.nephele.execution.ExecutionStateTransition    - TM: ExecutionState set from STARTING to RUNNING for task Triangles (42/120)
18:35:31,506 INFO  eu.stratosphere.pact.runtime.task.DataSinkTask                - Start PACT code: Triangles (42/120)
18:35:31,520 INFO  eu.stratosphere.nephele.execution.ExecutionStateTransition    - TM: ExecutionState set from STARTING to RUNNING for task Triangles (43/120)
18:35:31,523 INFO  eu.stratosphere.pact.runtime.task.DataSinkTask                - Start PACT code: Triangles (43/120)
18:35:31,531 INFO  eu.stratosphere.nephele.execution.ExecutionStateTransition    - TM: ExecutionState set from STARTING to RUNNING for task Triangles (48/120)
18:35:31,533 INFO  eu.stratosphere.pact.runtime.task.DataSinkTask                - Start PACT code: Triangles (48/120)
18:35:31,544 INFO  eu.stratosphere.nephele.execution.ExecutionStateTransition    - TM: ExecutionState set from STARTING to RUNNING for task Triangles (46/120)
18:35:31,546 INFO  eu.stratosphere.pact.runtime.task.DataSinkTask                - Start PACT code: Triangles (46/120)
18:35:32,144 INFO  org.apache.hadoop.hdfs.DFSClient                              - Exception in createBlockOutputStream java.io.IOException: Bad connect ack with firstBadLink as 130.149.21.23:45020
18:35:32,145 INFO  org.apache.hadoop.hdfs.DFSClient                              - Abandoning block blk_4786253891702003744_1121
18:35:55,837 INFO  eu.stratosphere.nephele.taskmanager.runtime.RuntimeTask       - Canceling Close Triads (41/120)
18:35:55,839 INFO  eu.stratosphere.nephele.execution.ExecutionStateTransition    - TM: ExecutionState set from RUNNING to CANCELING for task Close Triads (41/120)
18:35:55,839 INFO  eu.stratosphere.nephele.taskmanager.runtime.RuntimeTask       - Canceling Triangles (41/120)
18:35:55,840 WARN  eu.stratosphere.pact.runtime.task.RegularPactTask             - Cancelling PACT code: Close Triads (41/120)
18:35:55,841 INFO  eu.stratosphere.nephele.execution.ExecutionStateTransition    - TM: ExecutionState set from RUNNING to CANCELING for task Triangles (41/120)
18:35:55,842 INFO  eu.stratosphere.nephele.taskmanager.runtime.RuntimeTask       - Canceling Close Triads (42/120)
18:35:55,844 INFO  eu.stratosphere.nephele.execution.ExecutionStateTransition    - TM: ExecutionState set from RUNNING to CANCELING for task Close Triads (42/120)
18:35:55,845 WARN  eu.stratosphere.pact.runtime.task.RegularPactTask             - Cancelling PACT code: Close Triads (42/120)
18:35:55,844 INFO  eu.stratosphere.nephele.execution.ExecutionStateTransition    - TM: ExecutionState set from CANCELING to CANCELED for task Close Triads (41/120)
18:35:55,846 INFO  eu.stratosphere.nephele.execution.ExecutionStateTransition    - TM: ExecutionState set from CANCELING to CANCELED for task Close Triads (42/120)
18:35:55,849 INFO  eu.stratosphere.nephele.taskmanager.runtime.RuntimeTask       - Canceling Close Triads (43/120)
18:35:55,850 INFO  eu.stratosphere.nephele.taskmanager.runtime.RuntimeTask       - Canceling Triangles (42/120)
18:35:55,849 INFO  eu.stratosphere.nephele.taskmanager.runtime.RuntimeTask       - Canceling Triangles (43/120)
18:35:55,850 INFO  eu.stratosphere.nephele.execution.ExecutionStateTransition    - TM: ExecutionState set from RUNNING to CANCELING for task Close Triads (43/120)
18:35:55,854 INFO  eu.stratosphere.nephele.taskmanager.runtime.RuntimeTask       - Canceling Close Triads (44/120)
18:35:55,853 INFO  eu.stratosphere.nephele.execution.ExecutionStateTransition    - TM: ExecutionState set from RUNNING to CANCELING for task Triangles (43/120)
18:35:55,851 INFO  eu.stratosphere.nephele.execution.ExecutionStateTransition    - TM: ExecutionState set from RUNNING to CANCELING for task Triangles (42/120)
18:35:55,860 INFO  eu.stratosphere.nephele.execution.ExecutionStateTransition    - TM: ExecutionState set from RUNNING to CANCELING for task Close Triads (44/120)
18:35:55,859 INFO  eu.stratosphere.nephele.taskmanager.runtime.RuntimeTask       - Canceling Close Triads (46/120)
18:35:55,857 INFO  eu.stratosphere.nephele.taskmanager.runtime.RuntimeTask       - Canceling Triangles (45/120)
18:35:55,856 INFO  eu.stratosphere.nephele.taskmanager.runtime.RuntimeTask       - Canceling Close Triads (45/120)
18:35:55,855 INFO  eu.stratosphere.nephele.taskmanager.runtime.RuntimeTask       - Canceling Triangles (44/120)
18:35:55,854 WARN  eu.stratosphere.pact.runtime.task.RegularPactTask             - Cancelling PACT code: Close Triads (43/120)
18:35:55,868 INFO  eu.stratosphere.nephele.execution.ExecutionStateTransition    - TM: ExecutionState set from RUNNING to CANCELING for task Close Triads (45/120)
18:35:55,872 WARN  eu.stratosphere.pact.runtime.task.RegularPactTask             - Cancelling PACT code: Close Triads (45/120)
18:35:55,867 INFO  eu.stratosphere.nephele.taskmanager.runtime.RuntimeTask       - Canceling Close Triads (47/120)
18:35:55,883 WARN  eu.stratosphere.pact.runtime.task.DataSinkTask                - Cancelling PACT code: Triangles (41/120)
18:35:55,867 INFO  eu.stratosphere.nephele.execution.ExecutionStateTransition    - TM: ExecutionState set from RUNNING to CANCELING for task Triangles (45/120)
18:35:55,864 INFO  eu.stratosphere.nephele.taskmanager.runtime.RuntimeTask       - Canceling Triangles (46/120)
18:35:55,889 INFO  eu.stratosphere.nephele.execution.ExecutionStateTransition    - TM: ExecutionState set from RUNNING to CANCELING for task Triangles (46/120)
18:35:55,864 INFO  eu.stratosphere.nephele.execution.ExecutionStateTransition    - TM: ExecutionState set from RUNNING to CANCELING for task Close Triads (46/120)
18:35:55,889 WARN  eu.stratosphere.pact.runtime.task.RegularPactTask             - Cancelling PACT code: Close Triads (46/120)
18:35:55,862 WARN  eu.stratosphere.pact.runtime.task.RegularPactTask             - Cancelling PACT code: Close Triads (44/120)
18:35:55,885 WARN  eu.stratosphere.pact.runtime.task.DataSinkTask                - PACT code cancelled: Triangles (41/120)
18:35:55,883 INFO  eu.stratosphere.nephele.execution.ExecutionStateTransition    - TM: ExecutionState set from RUNNING to CANCELING for task Close Triads (47/120)
18:35:55,894 WARN  eu.stratosphere.pact.runtime.task.RegularPactTask             - Cancelling PACT code: Close Triads (47/120)
18:35:55,882 INFO  eu.stratosphere.nephele.taskmanager.runtime.RuntimeTask       - Canceling Close Triads (48/120)
18:35:55,895 INFO  eu.stratosphere.nephele.execution.ExecutionStateTransition    - TM: ExecutionState set from RUNNING to CANCELING for task Close Triads (48/120)
18:35:55,896 WARN  eu.stratosphere.pact.runtime.task.DataSinkTask                - Cancelling PACT code: Triangles (43/120)
18:35:55,873 INFO  eu.stratosphere.nephele.execution.ExecutionStateTransition    - TM: ExecutionState set from RUNNING to CANCELING for task Triangles (44/120)
18:35:55,872 INFO  eu.stratosphere.nephele.taskmanager.runtime.RuntimeTask       - Canceling Triangles (47/120)
18:35:55,897 WARN  eu.stratosphere.pact.runtime.task.DataSinkTask                - PACT code cancelled: Triangles (43/120)
18:35:55,896 WARN  eu.stratosphere.pact.runtime.task.RegularPactTask             - Cancelling PACT code: Close Triads (48/120)
18:35:55,894 WARN  eu.stratosphere.pact.runtime.task.DataSinkTask                - Cancelling PACT code: Triangles (42/120)
18:35:55,894 INFO  eu.stratosphere.nephele.execution.ExecutionStateTransition    - TM: ExecutionState set from CANCELING to CANCELED for task Triangles (41/120)
18:35:55,894 INFO  eu.stratosphere.nephele.taskmanager.runtime.RuntimeTask       - Canceling Triangles (48/120)
18:35:55,901 WARN  eu.stratosphere.pact.runtime.task.DataSinkTask                - PACT code cancelled: Triangles (42/120)
18:35:55,900 INFO  eu.stratosphere.nephele.execution.ExecutionStateTransition    - TM: ExecutionState set from RUNNING to CANCELING for task Triangles (47/120)
18:35:55,900 INFO  eu.stratosphere.nephele.execution.ExecutionStateTransition    - TM: ExecutionState set from CANCELING to CANCELED for task Triangles (43/120)
18:35:55,903 INFO  eu.stratosphere.nephele.execution.ExecutionStateTransition    - TM: ExecutionState set from CANCELING to CANCELED for task Triangles (42/120)
18:35:55,902 INFO  eu.stratosphere.nephele.execution.ExecutionStateTransition    - TM: ExecutionState set from RUNNING to CANCELING for task Triangles (48/120)
18:35:55,916 WARN  eu.stratosphere.pact.runtime.task.DataSinkTask                - Cancelling PACT code: Triangles (45/120)
18:35:55,917 WARN  eu.stratosphere.pact.runtime.task.DataSinkTask                - PACT code cancelled: Triangles (45/120)
18:35:55,918 WARN  eu.stratosphere.pact.runtime.task.DataSinkTask                - Cancelling PACT code: Triangles (46/120)
18:35:55,918 INFO  eu.stratosphere.nephele.execution.ExecutionStateTransition    - TM: ExecutionState set from CANCELING to CANCELED for task Triangles (45/120)
18:35:55,919 WARN  eu.stratosphere.pact.runtime.task.DataSinkTask                - PACT code cancelled: Triangles (46/120)
18:35:55,921 INFO  eu.stratosphere.nephele.execution.ExecutionStateTransition    - TM: ExecutionState set from CANCELING to CANCELED for task Triangles (46/120)
18:35:55,929 WARN  eu.stratosphere.pact.runtime.task.DataSinkTask                - Cancelling PACT code: Triangles (44/120)
18:35:55,929 WARN  eu.stratosphere.pact.runtime.task.DataSinkTask                - PACT code cancelled: Triangles (44/120)
18:35:55,930 INFO  eu.stratosphere.nephele.execution.ExecutionStateTransition    - TM: ExecutionState set from CANCELING to CANCELED for task Triangles (44/120)
18:35:55,931 WARN  eu.stratosphere.pact.runtime.task.DataSinkTask                - Cancelling PACT code: Triangles (47/120)
18:35:55,932 WARN  eu.stratosphere.pact.runtime.task.DataSinkTask                - PACT code cancelled: Triangles (47/120)
18:35:55,933 INFO  eu.stratosphere.nephele.execution.ExecutionStateTransition    - TM: ExecutionState set from CANCELING to CANCELED for task Triangles (47/120)
18:35:55,939 WARN  eu.stratosphere.pact.runtime.task.DataSinkTask                - Cancelling PACT code: Triangles (48/120)
18:35:55,940 WARN  eu.stratosphere.pact.runtime.task.DataSinkTask                - PACT code cancelled: Triangles (48/120)
18:35:55,940 INFO  eu.stratosphere.nephele.execution.ExecutionStateTransition    - TM: ExecutionState set from CANCELING to CANCELED for task Triangles (48/120)
18:35:55,959 INFO  eu.stratosphere.nephele.execution.ExecutionStateTransition    - TM: ExecutionState set from CANCELING to CANCELED for task Close Triads (47/120)
18:35:55,975 INFO  eu.stratosphere.nephele.execution.ExecutionStateTransition    - TM: ExecutionState set from CANCELING to CANCELED for task Close Triads (44/120)
18:35:55,976 INFO  eu.stratosphere.nephele.execution.ExecutionStateTransition    - TM: ExecutionState set from CANCELING to CANCELED for task Close Triads (48/120)
18:35:55,995 INFO  eu.stratosphere.nephele.execution.ExecutionStateTransition    - TM: ExecutionState set from CANCELING to CANCELED for task Close Triads (46/120)
18:35:56,022 INFO  eu.stratosphere.nephele.execution.ExecutionStateTransition    - TM: ExecutionState set from CANCELING to CANCELED for task Close Triads (43/120)
18:35:56,023 INFO  eu.stratosphere.nephele.execution.ExecutionStateTransition    - TM: ExecutionState set from CANCELING to CANCELED for task Close Triads (45/120)
18:35:56,597 INFO  eu.stratosphere.pact.runtime.task.RegularPactTask             - Finished PACT code.: Build Triads (42/120)
18:35:56,597 INFO  eu.stratosphere.nephele.execution.ExecutionStateTransition    - TM: ExecutionState set from RUNNING to FINISHING for task Build Triads (42/120)
18:35:56,829 INFO  eu.stratosphere.nephele.taskmanager.runtime.RuntimeTask       - Canceling Build Triads (41/120)
18:35:56,829 INFO  eu.stratosphere.nephele.execution.ExecutionStateTransition    - TM: ExecutionState set from RUNNING to CANCELING for task Build Triads (41/120)
18:35:56,830 WARN  eu.stratosphere.pact.runtime.task.RegularPactTask             - Cancelling PACT code: Build Triads (41/120)
18:35:56,830 INFO  eu.stratosphere.nephele.taskmanager.runtime.RuntimeTask       - Canceling Build Triads (42/120)
18:35:56,831 INFO  eu.stratosphere.nephele.execution.ExecutionStateTransition    - TM: ExecutionState set from FINISHING to CANCELING for task Build Triads (42/120)
18:35:56,831 WARN  eu.stratosphere.pact.runtime.task.RegularPactTask             - Cancelling PACT code: Build Triads (42/120)
18:35:56,833 INFO  eu.stratosphere.nephele.taskmanager.runtime.RuntimeTask       - Canceling Build Triads (43/120)
18:35:56,833 INFO  eu.stratosphere.nephele.execution.ExecutionStateTransition    - TM: ExecutionState set from CANCELING to CANCELED for task Build Triads (42/120)
18:35:56,833 INFO  eu.stratosphere.nephele.execution.ExecutionStateTransition    - TM: ExecutionState set from RUNNING to CANCELING for task Build Triads (43/120)
18:35:56,834 INFO  eu.stratosphere.nephele.taskmanager.runtime.RuntimeTask       - Canceling Build Triads (44/120)
18:35:56,834 WARN  eu.stratosphere.pact.runtime.task.RegularPactTask             - Cancelling PACT code: Build Triads (43/120)
18:35:56,835 WARN  eu.stratosphere.pact.runtime.task.RegularPactTask             - PACT code cancelled.: Build Triads (41/120)
18:35:56,834 INFO  eu.stratosphere.nephele.execution.ExecutionStateTransition    - TM: ExecutionState set from RUNNING to CANCELING for task Build Triads (44/120)
18:35:56,835 INFO  eu.stratosphere.nephele.taskmanager.runtime.RuntimeTask       - Canceling Build Triads (45/120)
18:35:56,836 INFO  eu.stratosphere.nephele.execution.ExecutionStateTransition    - TM: ExecutionState set from CANCELING to CANCELED for task Build Triads (41/120)
18:35:56,836 WARN  eu.stratosphere.pact.runtime.task.RegularPactTask             - Cancelling PACT code: Build Triads (44/120)
18:35:56,836 INFO  eu.stratosphere.nephele.taskmanager.runtime.RuntimeTask       - Canceling Build Triads (46/120)
18:35:56,836 INFO  eu.stratosphere.nephele.execution.ExecutionStateTransition    - TM: ExecutionState set from RUNNING to CANCELING for task Build Triads (45/120)
18:35:56,837 INFO  eu.stratosphere.nephele.execution.ExecutionStateTransition    - TM: ExecutionState set from RUNNING to CANCELING for task Build Triads (46/120)
18:35:56,838 WARN  eu.stratosphere.pact.runtime.task.RegularPactTask             - Cancelling PACT code: Build Triads (45/120)
18:35:56,838 INFO  eu.stratosphere.nephele.taskmanager.runtime.RuntimeTask       - Canceling Build Triads (47/120)
18:35:56,838 WARN  eu.stratosphere.pact.runtime.task.RegularPactTask             - Cancelling PACT code: Build Triads (46/120)
18:35:56,839 INFO  eu.stratosphere.nephele.execution.ExecutionStateTransition    - TM: ExecutionState set from RUNNING to CANCELING for task Build Triads (47/120)
18:35:56,839 INFO  eu.stratosphere.nephele.taskmanager.runtime.RuntimeTask       - Canceling Build Triads (48/120)
18:35:56,839 WARN  eu.stratosphere.pact.runtime.task.RegularPactTask             - Cancelling PACT code: Build Triads (47/120)
18:35:56,840 INFO  eu.stratosphere.nephele.execution.ExecutionStateTransition    - TM: ExecutionState set from RUNNING to CANCELING for task Build Triads (48/120)
18:35:56,840 WARN  eu.stratosphere.pact.runtime.task.RegularPactTask             - Cancelling PACT code: Build Triads (48/120)
18:35:56,866 WARN  eu.stratosphere.pact.runtime.task.RegularPactTask             - PACT code cancelled.: Build Triads (48/120)
18:35:56,867 INFO  eu.stratosphere.nephele.execution.ExecutionStateTransition    - TM: ExecutionState set from CANCELING to CANCELED for task Build Triads (48/120)
18:35:56,878 WARN  eu.stratosphere.pact.runtime.task.RegularPactTask             - PACT code cancelled.: Build Triads (47/120)
18:35:56,879 INFO  eu.stratosphere.nephele.execution.ExecutionStateTransition    - TM: ExecutionState set from CANCELING to CANCELED for task Build Triads (47/120)
18:35:56,884 WARN  eu.stratosphere.pact.runtime.task.RegularPactTask             - PACT code cancelled.: Build Triads (45/120)
18:35:56,884 INFO  eu.stratosphere.nephele.execution.ExecutionStateTransition    - TM: ExecutionState set from CANCELING to CANCELED for task Build Triads (45/120)
18:35:56,890 WARN  eu.stratosphere.pact.runtime.task.RegularPactTask             - PACT code cancelled.: Build Triads (43/120)
18:35:56,890 INFO  eu.stratosphere.nephele.execution.ExecutionStateTransition    - TM: ExecutionState set from CANCELING to CANCELED for task Build Triads (43/120)
18:35:56,896 WARN  eu.stratosphere.pact.runtime.task.RegularPactTask             - PACT code cancelled.: Build Triads (44/120)
18:35:56,897 INFO  eu.stratosphere.nephele.execution.ExecutionStateTransition    - TM: ExecutionState set from CANCELING to CANCELED for task Build Triads (44/120)
18:35:56,901 WARN  eu.stratosphere.pact.runtime.task.RegularPactTask             - PACT code cancelled.: Build Triads (46/120)
18:35:56,902 INFO  eu.stratosphere.nephele.execution.ExecutionStateTransition    - TM: ExecutionState set from CANCELING to CANCELED for task Build Triads (46/120)
18:35:56,987 INFO  eu.stratosphere.nephele.taskmanager.runtime.RuntimeTask       - Canceling Input Edges (41/120)
18:35:56,987 INFO  eu.stratosphere.nephele.execution.ExecutionStateTransition    - TM: ExecutionState set from FINISHING to CANCELING for task Input Edges (41/120)
18:35:56,987 WARN  eu.stratosphere.pact.runtime.task.DataSourceTask              - Cancelling PACT code: Input Edges (41/120)
18:35:56,988 INFO  eu.stratosphere.nephele.execution.ExecutionStateTransition    - TM: ExecutionState set from CANCELING to CANCELED for task Input Edges (41/120)
18:35:56,988 INFO  eu.stratosphere.nephele.taskmanager.runtime.RuntimeTask       - Canceling Input Edges (42/120)
18:35:56,989 INFO  eu.stratosphere.nephele.execution.ExecutionStateTransition    - TM: ExecutionState set from FINISHING to CANCELING for task Input Edges (42/120)
18:35:56,989 WARN  eu.stratosphere.pact.runtime.task.DataSourceTask              - Cancelling PACT code: Input Edges (42/120)
18:35:56,989 INFO  eu.stratosphere.nephele.taskmanager.runtime.RuntimeTask       - Canceling Input Edges (43/120)
18:35:56,989 INFO  eu.stratosphere.nephele.execution.ExecutionStateTransition    - TM: ExecutionState set from FINISHING to CANCELING for task Input Edges (43/120)
18:35:56,990 WARN  eu.stratosphere.pact.runtime.task.DataSourceTask              - Cancelling PACT code: Input Edges (43/120)
18:35:56,990 INFO  eu.stratosphere.nephele.execution.ExecutionStateTransition    - TM: ExecutionState set from CANCELING to CANCELED for task Input Edges (42/120)
18:35:56,990 INFO  eu.stratosphere.nephele.taskmanager.runtime.RuntimeTask       - Canceling Input Edges (44/120)
18:35:56,991 INFO  eu.stratosphere.nephele.execution.ExecutionStateTransition    - TM: ExecutionState set from CANCELING to CANCELED for task Input Edges (43/120)
18:35:56,991 INFO  eu.stratosphere.nephele.execution.ExecutionStateTransition    - TM: ExecutionState set from FINISHING to CANCELING for task Input Edges (44/120)
18:35:56,991 WARN  eu.stratosphere.pact.runtime.task.DataSourceTask              - Cancelling PACT code: Input Edges (44/120)
18:35:56,991 INFO  eu.stratosphere.nephele.taskmanager.runtime.RuntimeTask       - Canceling Input Edges (45/120)
18:35:56,992 INFO  eu.stratosphere.nephele.execution.ExecutionStateTransition    - TM: ExecutionState set from FINISHING to CANCELING for task Input Edges (45/120)
18:35:56,992 INFO  eu.stratosphere.nephele.execution.ExecutionStateTransition    - TM: ExecutionState set from CANCELING to CANCELED for task Input Edges (44/120)
18:35:56,992 WARN  eu.stratosphere.pact.runtime.task.DataSourceTask              - Cancelling PACT code: Input Edges (45/120)
18:35:56,993 INFO  eu.stratosphere.nephele.taskmanager.runtime.RuntimeTask       - Canceling Input Edges (46/120)
18:35:56,993 INFO  eu.stratosphere.nephele.execution.ExecutionStateTransition    - TM: ExecutionState set from FINISHING to CANCELING for task Input Edges (46/120)
18:35:56,993 INFO  eu.stratosphere.nephele.execution.ExecutionStateTransition    - TM: ExecutionState set from CANCELING to CANCELED for task Input Edges (45/120)
18:35:56,993 WARN  eu.stratosphere.pact.runtime.task.DataSourceTask              - Cancelling PACT code: Input Edges (46/120)
18:35:56,994 INFO  eu.stratosphere.nephele.taskmanager.runtime.RuntimeTask       - Canceling Input Edges (47/120)
18:35:56,994 INFO  eu.stratosphere.nephele.execution.ExecutionStateTransition    - TM: ExecutionState set from FINISHING to CANCELING for task Input Edges (47/120)
18:35:56,995 WARN  eu.stratosphere.pact.runtime.task.DataSourceTask              - Cancelling PACT code: Input Edges (47/120)
18:35:56,995 INFO  eu.stratosphere.nephele.execution.ExecutionStateTransition    - TM: ExecutionState set from CANCELING to CANCELED for task Input Edges (46/120)
18:35:56,995 INFO  eu.stratosphere.nephele.taskmanager.runtime.RuntimeTask       - Canceling Input Edges (48/120)
18:35:56,996 INFO  eu.stratosphere.nephele.execution.ExecutionStateTransition    - TM: ExecutionState set from CANCELING to CANCELED for task Input Edges (47/120)
18:35:56,996 INFO  eu.stratosphere.nephele.execution.ExecutionStateTransition    - TM: ExecutionState set from FINISHING to CANCELING for task Input Edges (48/120)
18:35:56,996 WARN  eu.stratosphere.pact.runtime.task.DataSourceTask              - Cancelling PACT code: Input Edges (48/120)
18:35:56,997 INFO  eu.stratosphere.nephele.execution.ExecutionStateTransition    - TM: ExecutionState set from CANCELING to CANCELED for task Input Edges (48/120)
