23:21:25,943 WARN  eu.stratosphere.nephele.configuration.GlobalConfiguration     - Cannot load configuration: unknown element plugins
23:21:25,981 INFO  eu.stratosphere.nephele.taskmanager.TaskManager               - Reading location of job manager from configuration
23:21:25,991 INFO  eu.stratosphere.nephele.taskmanager.TaskManager               - Determined address of job manager to be cloud-11.dima.tu-berlin.de/130.149.21.15:6002
23:21:26,003 INFO  eu.stratosphere.nephele.taskmanager.TaskManager               - Announcing connection information cloud-16 to job manager
23:21:26,099 INFO  eu.stratosphere.nephele.ipc.Server                            - IPC Server Responder: starting
23:21:26,099 INFO  eu.stratosphere.nephele.ipc.Server                            - IPC Server listener on 6122: starting
23:21:26,100 INFO  eu.stratosphere.nephele.ipc.Server                            - IPC Server handler 0 on 6122: starting
23:21:27,204 INFO  eu.stratosphere.nephele.taskmanager.bufferprovider.GlobalBufferPool  - Initialized global buffer pool with 32768 buffers with a size 32768 bytes each
23:21:27,225 INFO  eu.stratosphere.nephele.taskmanager.bytebuffered.ByteBufferedChannelManager  - Initialized byte buffered channel manager with sender-side spilling disabled
23:21:27,235 INFO  eu.stratosphere.nephele.instance.HardwareDescriptionFactory   - Found Tenured Gen pool (max: 24051843072, used: 0)
23:21:27,236 INFO  eu.stratosphere.nephele.taskmanager.TaskManager               - Initializing memory manager with 22528 megabytes of memory
23:21:55,138 INFO  eu.stratosphere.nephele.execution.ExecutionStateTransition    - TM: ExecutionState set from STARTING to RUNNING for task Orders (1/40)
23:21:55,140 INFO  eu.stratosphere.nephele.execution.ExecutionStateTransition    - TM: ExecutionState set from STARTING to RUNNING for task LineItems (2/40)
23:21:55,142 INFO  eu.stratosphere.nephele.execution.ExecutionStateTransition    - TM: ExecutionState set from STARTING to RUNNING for task LineItems (4/40)
23:21:55,140 INFO  eu.stratosphere.nephele.execution.ExecutionStateTransition    - TM: ExecutionState set from STARTING to RUNNING for task LineItems (1/40)
23:21:55,140 INFO  eu.stratosphere.nephele.execution.ExecutionStateTransition    - TM: ExecutionState set from STARTING to RUNNING for task Orders (8/40)
23:21:55,139 INFO  eu.stratosphere.nephele.execution.ExecutionStateTransition    - TM: ExecutionState set from STARTING to RUNNING for task Orders (4/40)
23:21:55,140 INFO  eu.stratosphere.nephele.execution.ExecutionStateTransition    - TM: ExecutionState set from STARTING to RUNNING for task Customers (6/40)
23:21:55,139 INFO  eu.stratosphere.nephele.execution.ExecutionStateTransition    - TM: ExecutionState set from STARTING to RUNNING for task Customers (5/40)
23:21:55,139 INFO  eu.stratosphere.nephele.execution.ExecutionStateTransition    - TM: ExecutionState set from STARTING to RUNNING for task Customers (1/40)
23:21:55,138 INFO  eu.stratosphere.nephele.execution.ExecutionStateTransition    - TM: ExecutionState set from STARTING to RUNNING for task Orders (7/40)
23:21:55,139 INFO  eu.stratosphere.nephele.execution.ExecutionStateTransition    - TM: ExecutionState set from STARTING to RUNNING for task Orders (2/40)
23:21:55,139 INFO  eu.stratosphere.nephele.execution.ExecutionStateTransition    - TM: ExecutionState set from STARTING to RUNNING for task Customers (3/40)
23:21:55,138 INFO  eu.stratosphere.nephele.execution.ExecutionStateTransition    - TM: ExecutionState set from STARTING to RUNNING for task Customers (2/40)
23:21:55,138 INFO  eu.stratosphere.nephele.execution.ExecutionStateTransition    - TM: ExecutionState set from STARTING to RUNNING for task Orders (6/40)
23:21:55,138 INFO  eu.stratosphere.nephele.execution.ExecutionStateTransition    - TM: ExecutionState set from STARTING to RUNNING for task Customers (7/40)
23:21:55,138 INFO  eu.stratosphere.nephele.execution.ExecutionStateTransition    - TM: ExecutionState set from STARTING to RUNNING for task Orders (5/40)
23:21:55,138 INFO  eu.stratosphere.nephele.execution.ExecutionStateTransition    - TM: ExecutionState set from STARTING to RUNNING for task Customers (8/40)
23:21:55,139 INFO  eu.stratosphere.nephele.execution.ExecutionStateTransition    - TM: ExecutionState set from STARTING to RUNNING for task Orders (3/40)
23:21:55,138 INFO  eu.stratosphere.nephele.execution.ExecutionStateTransition    - TM: ExecutionState set from STARTING to RUNNING for task Customers (4/40)
23:21:55,154 INFO  eu.stratosphere.pact.runtime.task.DataSourceTask              - Start PACT code: LineItems (4/40)
23:21:55,152 INFO  eu.stratosphere.pact.runtime.task.DataSourceTask              - Start PACT code: Orders (8/40)
23:21:55,151 INFO  eu.stratosphere.pact.runtime.task.DataSourceTask              - Start PACT code: Orders (4/40)
23:21:55,149 INFO  eu.stratosphere.pact.runtime.task.DataSourceTask              - Start PACT code: Customers (6/40)
23:21:55,157 INFO  eu.stratosphere.pact.runtime.task.DataSourceTask              - Start PACT code: Customers (4/40)
23:21:55,147 INFO  eu.stratosphere.pact.runtime.task.DataSourceTask              - Start PACT code: LineItems (1/40)
23:21:55,145 INFO  eu.stratosphere.pact.runtime.task.DataSourceTask              - Start PACT code: Orders (1/40)
23:21:55,144 INFO  eu.stratosphere.nephele.execution.ExecutionStateTransition    - TM: ExecutionState set from STARTING to RUNNING for task LineItems (8/40)
23:21:55,143 INFO  eu.stratosphere.nephele.execution.ExecutionStateTransition    - TM: ExecutionState set from STARTING to RUNNING for task LineItems (7/40)
23:21:55,143 INFO  eu.stratosphere.nephele.execution.ExecutionStateTransition    - TM: ExecutionState set from STARTING to RUNNING for task LineItems (6/40)
23:21:55,142 INFO  eu.stratosphere.nephele.execution.ExecutionStateTransition    - TM: ExecutionState set from STARTING to RUNNING for task LineItems (5/40)
23:21:55,141 INFO  eu.stratosphere.nephele.execution.ExecutionStateTransition    - TM: ExecutionState set from STARTING to RUNNING for task LineItems (3/40)
23:21:55,161 INFO  eu.stratosphere.pact.runtime.task.DataSourceTask              - Start PACT code: LineItems (7/40)
23:21:55,160 INFO  eu.stratosphere.pact.runtime.task.DataSourceTask              - Start PACT code: Customers (8/40)
23:21:55,158 INFO  eu.stratosphere.pact.runtime.task.DataSourceTask              - Start PACT code: Orders (3/40)
23:21:55,158 INFO  eu.stratosphere.pact.runtime.task.RegularPactTask             - Start PACT code: FilterO (1/40)
23:21:55,158 INFO  eu.stratosphere.pact.runtime.task.RegularPactTask             - Start PACT code: FilterL (1/40)
23:21:55,157 INFO  eu.stratosphere.pact.runtime.task.RegularPactTask             - Start PACT code: FilterC (4/40)
23:21:55,157 INFO  eu.stratosphere.pact.runtime.task.RegularPactTask             - Start PACT code: FilterC (6/40)
23:21:55,156 INFO  eu.stratosphere.pact.runtime.task.RegularPactTask             - Start PACT code: FilterO (4/40)
23:21:55,156 INFO  eu.stratosphere.pact.runtime.task.RegularPactTask             - Start PACT code: FilterO (8/40)
23:21:55,155 INFO  eu.stratosphere.pact.runtime.task.RegularPactTask             - Start PACT code: FilterL (4/40)
23:21:55,155 INFO  eu.stratosphere.pact.runtime.task.DataSourceTask              - Start PACT code: LineItems (2/40)
23:21:55,166 INFO  eu.stratosphere.pact.runtime.task.DataSourceTask              - Start PACT code: Orders (6/40)
23:21:55,164 INFO  eu.stratosphere.pact.runtime.task.DataSourceTask              - Start PACT code: Customers (7/40)
23:21:55,163 INFO  eu.stratosphere.pact.runtime.task.DataSourceTask              - Start PACT code: Orders (5/40)
23:21:55,163 INFO  eu.stratosphere.pact.runtime.task.RegularPactTask             - Start PACT code: FilterO (3/40)
23:21:55,170 INFO  eu.stratosphere.pact.runtime.task.DataSourceTask              - Start PACT code: Customers (3/40)
23:21:55,162 INFO  eu.stratosphere.pact.runtime.task.RegularPactTask             - Start PACT code: FilterC (8/40)
23:21:55,162 INFO  eu.stratosphere.pact.runtime.task.RegularPactTask             - Start PACT code: FilterL (7/40)
23:21:55,171 INFO  eu.stratosphere.pact.runtime.task.RegularPactTask             - Start PACT code: FilterC (3/40)
23:21:55,169 INFO  eu.stratosphere.pact.runtime.task.RegularPactTask             - Start PACT code: FilterO (5/40)
23:21:55,168 INFO  eu.stratosphere.pact.runtime.task.RegularPactTask             - Start PACT code: FilterC (7/40)
23:21:55,168 INFO  eu.stratosphere.pact.runtime.task.DataSourceTask              - Start PACT code: Customers (2/40)
23:21:55,167 INFO  eu.stratosphere.pact.runtime.task.RegularPactTask             - Start PACT code: FilterO (6/40)
23:21:55,167 INFO  eu.stratosphere.pact.runtime.task.RegularPactTask             - Start PACT code: FilterL (2/40)
23:21:55,173 INFO  eu.stratosphere.pact.runtime.task.RegularPactTask             - Start PACT code: FilterC (2/40)
23:21:55,173 INFO  eu.stratosphere.pact.runtime.task.DataSourceTask              - Start PACT code: Orders (7/40)
23:21:55,171 INFO  eu.stratosphere.pact.runtime.task.DataSourceTask              - Start PACT code: Orders (2/40)
23:21:55,176 INFO  eu.stratosphere.pact.runtime.task.RegularPactTask             - Start PACT code: FilterO (7/40)
23:21:55,175 INFO  eu.stratosphere.pact.runtime.task.DataSourceTask              - Start PACT code: Customers (1/40)
23:21:55,176 INFO  eu.stratosphere.pact.runtime.task.DataSourceTask              - Start PACT code: Customers (5/40)
23:21:55,176 INFO  eu.stratosphere.pact.runtime.task.RegularPactTask             - Start PACT code: FilterO (2/40)
23:21:55,178 INFO  eu.stratosphere.pact.runtime.task.DataSourceTask              - Start PACT code: LineItems (3/40)
23:21:55,178 INFO  eu.stratosphere.pact.runtime.task.RegularPactTask             - Start PACT code: FilterC (5/40)
23:21:55,177 INFO  eu.stratosphere.pact.runtime.task.RegularPactTask             - Start PACT code: FilterC (1/40)
23:21:55,180 INFO  eu.stratosphere.pact.runtime.task.DataSourceTask              - Start PACT code: LineItems (5/40)
23:21:55,179 INFO  eu.stratosphere.pact.runtime.task.RegularPactTask             - Start PACT code: FilterL (3/40)
23:21:55,180 INFO  eu.stratosphere.pact.runtime.task.RegularPactTask             - Start PACT code: FilterL (5/40)
23:21:55,182 INFO  eu.stratosphere.pact.runtime.task.DataSourceTask              - Start PACT code: LineItems (6/40)
23:21:55,182 INFO  eu.stratosphere.pact.runtime.task.RegularPactTask             - Start PACT code: FilterL (6/40)
23:21:55,183 INFO  eu.stratosphere.pact.runtime.task.DataSourceTask              - Start PACT code: LineItems (8/40)
23:21:55,183 INFO  eu.stratosphere.pact.runtime.task.RegularPactTask             - Start PACT code: FilterL (8/40)
