23:21:25,216 WARN  eu.stratosphere.nephele.configuration.GlobalConfiguration     - Cannot load configuration: unknown element plugins
23:21:25,254 INFO  eu.stratosphere.nephele.taskmanager.TaskManager               - Reading location of job manager from configuration
23:21:25,265 INFO  eu.stratosphere.nephele.taskmanager.TaskManager               - Determined address of job manager to be cloud-11.dima.tu-berlin.de/130.149.21.15:6002
23:21:25,279 INFO  eu.stratosphere.nephele.taskmanager.TaskManager               - Announcing connection information cloud-13 to job manager
23:21:25,374 INFO  eu.stratosphere.nephele.ipc.Server                            - IPC Server Responder: starting
23:21:25,374 INFO  eu.stratosphere.nephele.ipc.Server                            - IPC Server listener on 6122: starting
23:21:25,375 INFO  eu.stratosphere.nephele.ipc.Server                            - IPC Server handler 0 on 6122: starting
23:21:26,462 INFO  eu.stratosphere.nephele.taskmanager.bufferprovider.GlobalBufferPool  - Initialized global buffer pool with 32768 buffers with a size 32768 bytes each
23:21:26,482 INFO  eu.stratosphere.nephele.taskmanager.bytebuffered.ByteBufferedChannelManager  - Initialized byte buffered channel manager with sender-side spilling disabled
23:21:26,492 INFO  eu.stratosphere.nephele.instance.HardwareDescriptionFactory   - Found Tenured Gen pool (max: 24051843072, used: 0)
23:21:26,493 INFO  eu.stratosphere.nephele.taskmanager.TaskManager               - Initializing memory manager with 22528 megabytes of memory
23:21:55,129 INFO  eu.stratosphere.nephele.execution.ExecutionStateTransition    - TM: ExecutionState set from STARTING to RUNNING for task Orders (33/40)
23:21:55,131 INFO  eu.stratosphere.nephele.execution.ExecutionStateTransition    - TM: ExecutionState set from STARTING to RUNNING for task Customers (34/40)
23:21:55,131 INFO  eu.stratosphere.nephele.execution.ExecutionStateTransition    - TM: ExecutionState set from STARTING to RUNNING for task Orders (34/40)
23:21:55,129 INFO  eu.stratosphere.nephele.execution.ExecutionStateTransition    - TM: ExecutionState set from STARTING to RUNNING for task Customers (35/40)
23:21:55,130 INFO  eu.stratosphere.nephele.execution.ExecutionStateTransition    - TM: ExecutionState set from STARTING to RUNNING for task Customers (37/40)
23:21:55,137 INFO  eu.stratosphere.nephele.execution.ExecutionStateTransition    - TM: ExecutionState set from STARTING to RUNNING for task LineItems (33/40)
23:21:55,129 INFO  eu.stratosphere.nephele.execution.ExecutionStateTransition    - TM: ExecutionState set from STARTING to RUNNING for task Customers (39/40)
23:21:55,131 INFO  eu.stratosphere.nephele.execution.ExecutionStateTransition    - TM: ExecutionState set from STARTING to RUNNING for task Customers (36/40)
23:21:55,141 INFO  eu.stratosphere.pact.runtime.task.DataSourceTask              - Start PACT code: LineItems (33/40)
23:21:55,130 INFO  eu.stratosphere.nephele.execution.ExecutionStateTransition    - TM: ExecutionState set from STARTING to RUNNING for task Customers (38/40)
23:21:55,129 INFO  eu.stratosphere.nephele.execution.ExecutionStateTransition    - TM: ExecutionState set from STARTING to RUNNING for task Customers (33/40)
23:21:55,129 INFO  eu.stratosphere.nephele.execution.ExecutionStateTransition    - TM: ExecutionState set from STARTING to RUNNING for task Customers (40/40)
23:21:55,143 INFO  eu.stratosphere.nephele.execution.ExecutionStateTransition    - TM: ExecutionState set from STARTING to RUNNING for task LineItems (40/40)
23:21:55,143 INFO  eu.stratosphere.nephele.execution.ExecutionStateTransition    - TM: ExecutionState set from STARTING to RUNNING for task LineItems (39/40)
23:21:55,143 INFO  eu.stratosphere.pact.runtime.task.DataSourceTask              - Start PACT code: Customers (37/40)
23:21:55,142 INFO  eu.stratosphere.nephele.execution.ExecutionStateTransition    - TM: ExecutionState set from STARTING to RUNNING for task LineItems (38/40)
23:21:55,142 INFO  eu.stratosphere.pact.runtime.task.RegularPactTask             - Start PACT code: FilterL (33/40)
23:21:55,141 INFO  eu.stratosphere.nephele.execution.ExecutionStateTransition    - TM: ExecutionState set from STARTING to RUNNING for task LineItems (37/40)
23:21:55,141 INFO  eu.stratosphere.nephele.execution.ExecutionStateTransition    - TM: ExecutionState set from STARTING to RUNNING for task LineItems (36/40)
23:21:55,140 INFO  eu.stratosphere.nephele.execution.ExecutionStateTransition    - TM: ExecutionState set from STARTING to RUNNING for task LineItems (35/40)
23:21:55,139 INFO  eu.stratosphere.pact.runtime.task.DataSourceTask              - Start PACT code: Customers (34/40)
23:21:55,139 INFO  eu.stratosphere.nephele.execution.ExecutionStateTransition    - TM: ExecutionState set from STARTING to RUNNING for task LineItems (34/40)
23:21:55,137 INFO  eu.stratosphere.pact.runtime.task.DataSourceTask              - Start PACT code: Orders (34/40)
23:21:55,136 INFO  eu.stratosphere.nephele.execution.ExecutionStateTransition    - TM: ExecutionState set from STARTING to RUNNING for task Orders (40/40)
23:21:55,136 INFO  eu.stratosphere.nephele.execution.ExecutionStateTransition    - TM: ExecutionState set from STARTING to RUNNING for task Orders (39/40)
23:21:55,136 INFO  eu.stratosphere.nephele.execution.ExecutionStateTransition    - TM: ExecutionState set from STARTING to RUNNING for task Orders (37/40)
23:21:55,135 INFO  eu.stratosphere.nephele.execution.ExecutionStateTransition    - TM: ExecutionState set from STARTING to RUNNING for task Orders (38/40)
23:21:55,135 INFO  eu.stratosphere.pact.runtime.task.DataSourceTask              - Start PACT code: Orders (33/40)
23:21:55,133 INFO  eu.stratosphere.nephele.execution.ExecutionStateTransition    - TM: ExecutionState set from STARTING to RUNNING for task Orders (36/40)
23:21:55,132 INFO  eu.stratosphere.nephele.execution.ExecutionStateTransition    - TM: ExecutionState set from STARTING to RUNNING for task Orders (35/40)
23:21:55,158 INFO  eu.stratosphere.pact.runtime.task.DataSourceTask              - Start PACT code: LineItems (35/40)
23:21:55,157 INFO  eu.stratosphere.pact.runtime.task.RegularPactTask             - Start PACT code: FilterO (33/40)
23:21:55,156 INFO  eu.stratosphere.pact.runtime.task.DataSourceTask              - Start PACT code: LineItems (34/40)
23:21:55,154 INFO  eu.stratosphere.pact.runtime.task.DataSourceTask              - Start PACT code: Customers (39/40)
23:21:55,153 INFO  eu.stratosphere.pact.runtime.task.RegularPactTask             - Start PACT code: FilterO (34/40)
23:21:55,152 INFO  eu.stratosphere.pact.runtime.task.DataSourceTask              - Start PACT code: Customers (36/40)
23:21:55,152 INFO  eu.stratosphere.pact.runtime.task.RegularPactTask             - Start PACT code: FilterC (34/40)
23:21:55,149 INFO  eu.stratosphere.pact.runtime.task.DataSourceTask              - Start PACT code: Customers (38/40)
23:21:55,147 INFO  eu.stratosphere.pact.runtime.task.RegularPactTask             - Start PACT code: FilterC (37/40)
23:21:55,146 INFO  eu.stratosphere.pact.runtime.task.DataSourceTask              - Start PACT code: Customers (33/40)
23:21:55,164 INFO  eu.stratosphere.pact.runtime.task.DataSourceTask              - Start PACT code: LineItems (39/40)
23:21:55,145 INFO  eu.stratosphere.pact.runtime.task.DataSourceTask              - Start PACT code: Customers (35/40)
23:21:55,164 INFO  eu.stratosphere.pact.runtime.task.RegularPactTask             - Start PACT code: FilterL (39/40)
23:21:55,164 INFO  eu.stratosphere.pact.runtime.task.RegularPactTask             - Start PACT code: FilterC (33/40)
23:21:55,163 INFO  eu.stratosphere.pact.runtime.task.RegularPactTask             - Start PACT code: FilterC (38/40)
23:21:55,163 INFO  eu.stratosphere.pact.runtime.task.DataSourceTask              - Start PACT code: LineItems (38/40)
23:21:55,161 INFO  eu.stratosphere.pact.runtime.task.RegularPactTask             - Start PACT code: FilterC (36/40)
23:21:55,161 INFO  eu.stratosphere.pact.runtime.task.DataSourceTask              - Start PACT code: LineItems (37/40)
23:21:55,161 INFO  eu.stratosphere.pact.runtime.task.RegularPactTask             - Start PACT code: FilterC (39/40)
23:21:55,160 INFO  eu.stratosphere.pact.runtime.task.RegularPactTask             - Start PACT code: FilterL (34/40)
23:21:55,160 INFO  eu.stratosphere.pact.runtime.task.DataSourceTask              - Start PACT code: LineItems (36/40)
23:21:55,159 INFO  eu.stratosphere.pact.runtime.task.RegularPactTask             - Start PACT code: FilterL (35/40)
23:21:55,171 INFO  eu.stratosphere.pact.runtime.task.DataSourceTask              - Start PACT code: Orders (35/40)
23:21:55,171 INFO  eu.stratosphere.pact.runtime.task.RegularPactTask             - Start PACT code: FilterL (36/40)
23:21:55,169 INFO  eu.stratosphere.pact.runtime.task.RegularPactTask             - Start PACT code: FilterL (37/40)
23:21:55,168 INFO  eu.stratosphere.pact.runtime.task.DataSourceTask              - Start PACT code: Customers (40/40)
23:21:55,168 INFO  eu.stratosphere.pact.runtime.task.RegularPactTask             - Start PACT code: FilterL (38/40)
23:21:55,166 INFO  eu.stratosphere.pact.runtime.task.DataSourceTask              - Start PACT code: LineItems (40/40)
23:21:55,176 INFO  eu.stratosphere.pact.runtime.task.DataSourceTask              - Start PACT code: Orders (38/40)
23:21:55,165 INFO  eu.stratosphere.pact.runtime.task.RegularPactTask             - Start PACT code: FilterC (35/40)
23:21:55,176 INFO  eu.stratosphere.pact.runtime.task.RegularPactTask             - Start PACT code: FilterO (38/40)
23:21:55,176 INFO  eu.stratosphere.pact.runtime.task.RegularPactTask             - Start PACT code: FilterL (40/40)
23:21:55,174 INFO  eu.stratosphere.pact.runtime.task.RegularPactTask             - Start PACT code: FilterC (40/40)
23:21:55,173 INFO  eu.stratosphere.pact.runtime.task.DataSourceTask              - Start PACT code: Orders (36/40)
23:21:55,172 INFO  eu.stratosphere.pact.runtime.task.RegularPactTask             - Start PACT code: FilterO (35/40)
23:21:55,179 INFO  eu.stratosphere.pact.runtime.task.RegularPactTask             - Start PACT code: FilterO (36/40)
23:21:55,178 INFO  eu.stratosphere.pact.runtime.task.DataSourceTask              - Start PACT code: Orders (37/40)
23:21:55,180 INFO  eu.stratosphere.pact.runtime.task.DataSourceTask              - Start PACT code: Orders (39/40)
23:21:55,181 INFO  eu.stratosphere.pact.runtime.task.RegularPactTask             - Start PACT code: FilterO (37/40)
23:21:55,181 INFO  eu.stratosphere.pact.runtime.task.RegularPactTask             - Start PACT code: FilterO (39/40)
23:21:55,182 INFO  eu.stratosphere.pact.runtime.task.DataSourceTask              - Start PACT code: Orders (40/40)
23:21:55,182 INFO  eu.stratosphere.pact.runtime.task.RegularPactTask             - Start PACT code: FilterO (40/40)
23:21:58,371 INFO  eu.stratosphere.pact.runtime.task.RegularPactTask             - Finished PACT code: FilterC (40/40)
23:21:58,371 INFO  eu.stratosphere.pact.runtime.task.DataSourceTask              - Finished PACT code: Customers (40/40)
23:21:58,371 INFO  eu.stratosphere.nephele.execution.ExecutionStateTransition    - TM: ExecutionState set from RUNNING to FINISHING for task Customers (40/40)
23:21:58,374 INFO  eu.stratosphere.pact.runtime.task.RegularPactTask             - Finished PACT code: FilterC (34/40)
23:21:58,374 INFO  eu.stratosphere.pact.runtime.task.DataSourceTask              - Finished PACT code: Customers (34/40)
23:21:58,374 INFO  eu.stratosphere.nephele.execution.ExecutionStateTransition    - TM: ExecutionState set from RUNNING to FINISHING for task Customers (34/40)
23:21:58,377 INFO  eu.stratosphere.pact.runtime.task.RegularPactTask             - Finished PACT code: FilterC (37/40)
23:21:58,377 INFO  eu.stratosphere.pact.runtime.task.DataSourceTask              - Finished PACT code: Customers (37/40)
23:21:58,377 INFO  eu.stratosphere.nephele.execution.ExecutionStateTransition    - TM: ExecutionState set from RUNNING to FINISHING for task Customers (37/40)
23:21:58,417 INFO  eu.stratosphere.pact.runtime.task.RegularPactTask             - Finished PACT code: FilterC (33/40)
23:21:58,417 INFO  eu.stratosphere.pact.runtime.task.DataSourceTask              - Finished PACT code: Customers (33/40)
23:21:58,417 INFO  eu.stratosphere.nephele.execution.ExecutionStateTransition    - TM: ExecutionState set from RUNNING to FINISHING for task Customers (33/40)
23:21:58,431 INFO  eu.stratosphere.pact.runtime.task.RegularPactTask             - Finished PACT code: FilterC (38/40)
23:21:58,431 INFO  eu.stratosphere.pact.runtime.task.DataSourceTask              - Finished PACT code: Customers (38/40)
23:21:58,431 INFO  eu.stratosphere.nephele.execution.ExecutionStateTransition    - TM: ExecutionState set from RUNNING to FINISHING for task Customers (38/40)
23:21:58,561 INFO  eu.stratosphere.nephele.execution.ExecutionStateTransition    - TM: ExecutionState set from STARTING to RUNNING for task JoinOC (40/40)
23:21:58,566 INFO  eu.stratosphere.pact.runtime.task.RegularPactTask             - Start PACT code.: JoinOC (40/40)
23:21:58,582 INFO  eu.stratosphere.nephele.execution.ExecutionStateTransition    - TM: ExecutionState set from STARTING to RUNNING for task JoinOC (39/40)
23:21:58,584 INFO  eu.stratosphere.pact.runtime.task.RegularPactTask             - Start PACT code.: JoinOC (39/40)
23:21:58,620 INFO  eu.stratosphere.nephele.execution.ExecutionStateTransition    - TM: ExecutionState set from STARTING to RUNNING for task JoinOC (38/40)
23:21:58,623 INFO  eu.stratosphere.pact.runtime.task.RegularPactTask             - Start PACT code.: JoinOC (38/40)
23:21:58,672 INFO  eu.stratosphere.pact.runtime.task.RegularPactTask             - Finished PACT code: FilterC (39/40)
23:21:58,672 INFO  eu.stratosphere.pact.runtime.task.DataSourceTask              - Finished PACT code: Customers (39/40)
23:21:58,672 INFO  eu.stratosphere.nephele.execution.ExecutionStateTransition    - TM: ExecutionState set from RUNNING to FINISHING for task Customers (39/40)
23:21:58,681 INFO  eu.stratosphere.nephele.execution.ExecutionStateTransition    - TM: ExecutionState set from STARTING to RUNNING for task JoinOC (37/40)
23:21:58,683 INFO  eu.stratosphere.pact.runtime.task.RegularPactTask             - Start PACT code.: JoinOC (37/40)
23:21:58,788 INFO  eu.stratosphere.pact.runtime.task.RegularPactTask             - Finished PACT code: FilterC (36/40)
23:21:58,788 INFO  eu.stratosphere.pact.runtime.task.DataSourceTask              - Finished PACT code: Customers (36/40)
23:21:58,788 INFO  eu.stratosphere.nephele.execution.ExecutionStateTransition    - TM: ExecutionState set from RUNNING to FINISHING for task Customers (36/40)
23:21:58,808 INFO  eu.stratosphere.nephele.execution.ExecutionStateTransition    - TM: ExecutionState set from STARTING to RUNNING for task JoinOLi (35/40)
23:21:58,810 INFO  eu.stratosphere.nephele.execution.ExecutionStateTransition    - TM: ExecutionState set from STARTING to RUNNING for task Output (35/40)
23:21:58,808 INFO  eu.stratosphere.nephele.execution.ExecutionStateTransition    - TM: ExecutionState set from STARTING to RUNNING for task AggLio (35/40)
23:21:58,812 INFO  eu.stratosphere.pact.runtime.task.RegularPactTask             - Start PACT code.: JoinOLi (35/40)
23:21:58,814 INFO  eu.stratosphere.pact.runtime.task.RegularPactTask             - Start PACT code.: AggLio (35/40)
23:21:58,815 INFO  eu.stratosphere.pact.runtime.task.DataSinkTask                - Start PACT code: Output (35/40)
