13/04/26 23:02:13 INFO util.NativeCodeLoader: Loaded the native-hadoop library
13/04/26 23:02:13 WARN snappy.LoadSnappy: Snappy native library not loaded
13/04/26 23:02:13 INFO mapred.FileInputFormat: Total input paths to process : 1
13/04/26 23:02:14 INFO mapred.JobClient: Running job: job_201304262252_0003
13/04/26 23:02:15 INFO mapred.JobClient:  map 0% reduce 0%
13/04/26 23:02:32 INFO mapred.JobClient:  map 49% reduce 0%
13/04/26 23:02:35 INFO mapred.JobClient:  map 55% reduce 0%
13/04/26 23:02:41 INFO mapred.JobClient:  map 62% reduce 0%
13/04/26 23:02:44 INFO mapred.JobClient:  map 72% reduce 0%
13/04/26 23:02:47 INFO mapred.JobClient:  map 73% reduce 0%
13/04/26 23:02:50 INFO mapred.JobClient:  map 75% reduce 0%
13/04/26 23:02:53 INFO mapred.JobClient:  map 86% reduce 1%
13/04/26 23:02:56 INFO mapred.JobClient:  map 92% reduce 2%
13/04/26 23:02:59 INFO mapred.JobClient:  map 92% reduce 3%
13/04/26 23:03:02 INFO mapred.JobClient:  map 99% reduce 5%
13/04/26 23:03:05 INFO mapred.JobClient:  map 99% reduce 6%
13/04/26 23:03:08 INFO mapred.JobClient:  map 99% reduce 8%
13/04/26 23:03:11 INFO mapred.JobClient:  map 99% reduce 9%
13/04/26 23:03:14 INFO mapred.JobClient:  map 99% reduce 10%
13/04/26 23:03:17 INFO mapred.JobClient:  map 99% reduce 11%
13/04/26 23:03:20 INFO mapred.JobClient:  map 100% reduce 11%
13/04/26 23:03:23 INFO mapred.JobClient:  map 100% reduce 15%
13/04/26 23:03:26 INFO mapred.JobClient:  map 100% reduce 31%
13/04/26 23:03:29 INFO mapred.JobClient:  map 100% reduce 71%
13/04/26 23:03:32 INFO mapred.JobClient:  map 100% reduce 85%
13/04/26 23:03:35 INFO mapred.JobClient:  map 100% reduce 89%
13/04/26 23:03:38 INFO mapred.JobClient:  map 100% reduce 94%
13/04/26 23:03:41 INFO mapred.JobClient:  map 100% reduce 97%
13/04/26 23:03:44 INFO mapred.JobClient:  map 100% reduce 98%
13/04/26 23:03:47 INFO mapred.JobClient:  map 100% reduce 99%
13/04/26 23:05:35 INFO mapred.JobClient:  map 100% reduce 100%
13/04/26 23:05:40 INFO mapred.JobClient: Job complete: job_201304262252_0003
13/04/26 23:05:40 INFO mapred.JobClient: Counters: 30
13/04/26 23:05:40 INFO mapred.JobClient:   Job Counters 
13/04/26 23:05:40 INFO mapred.JobClient:     Launched reduce tasks=200
13/04/26 23:05:40 INFO mapred.JobClient:     SLOTS_MILLIS_MAPS=143315
13/04/26 23:05:40 INFO mapred.JobClient:     Total time spent by all reduces waiting after reserving slots (ms)=0
13/04/26 23:05:40 INFO mapred.JobClient:     Total time spent by all maps waiting after reserving slots (ms)=0
13/04/26 23:05:40 INFO mapred.JobClient:     Rack-local map tasks=3
13/04/26 23:05:40 INFO mapred.JobClient:     Launched map tasks=3
13/04/26 23:05:40 INFO mapred.JobClient:     SLOTS_MILLIS_REDUCES=9586466
13/04/26 23:05:40 INFO mapred.JobClient:   File Input Format Counters 
13/04/26 23:05:40 INFO mapred.JobClient:     Bytes Read=310108633
13/04/26 23:05:40 INFO mapred.JobClient:   File Output Format Counters 
13/04/26 23:05:40 INFO mapred.JobClient:     Bytes Written=21493709660
13/04/26 23:05:40 INFO mapred.JobClient:   FileSystemCounters
13/04/26 23:05:40 INFO mapred.JobClient:     FILE_BYTES_READ=1208363076
13/04/26 23:05:40 INFO mapred.JobClient:     HDFS_BYTES_READ=310109068
13/04/26 23:05:40 INFO mapred.JobClient:     FILE_BYTES_WRITTEN=673753154
13/04/26 23:05:40 INFO mapred.JobClient:     HDFS_BYTES_WRITTEN=21493709660
13/04/26 23:05:40 INFO mapred.JobClient:   Map-Reduce Framework
13/04/26 23:05:40 INFO mapred.JobClient:     Map output materialized bytes=223023240
13/04/26 23:05:40 INFO mapred.JobClient:     Map input records=22301964
13/04/26 23:05:40 INFO mapred.JobClient:     Reduce shuffle bytes=143599670
13/04/26 23:05:40 INFO mapred.JobClient:     Spilled Records=66905892
13/04/26 23:05:40 INFO mapred.JobClient:     Map output bytes=178415712
13/04/26 23:05:40 INFO mapred.JobClient:     Total committed heap usage (bytes)=313386598400
13/04/26 23:05:40 INFO mapred.JobClient:     CPU time spent (ms)=2983070
13/04/26 23:05:40 INFO mapred.JobClient:     Map input bytes=309060055
13/04/26 23:05:40 INFO mapred.JobClient:     SPLIT_RAW_BYTES=435
13/04/26 23:05:40 INFO mapred.JobClient:     Combine input records=0
13/04/26 23:05:40 INFO mapred.JobClient:     Reduce input records=22301964
13/04/26 23:05:40 INFO mapred.JobClient:     Reduce input groups=1151281
13/04/26 23:05:40 INFO mapred.JobClient:     Combine output records=0
13/04/26 23:05:40 INFO mapred.JobClient:     Physical memory (bytes) snapshot=57639731200
13/04/26 23:05:40 INFO mapred.JobClient:     Reduce output records=1064043912
13/04/26 23:05:40 INFO mapred.JobClient:     Virtual memory (bytes) snapshot=513373188096
13/04/26 23:05:40 INFO mapred.JobClient:     Map output records=22301964
13/04/26 23:05:40 INFO mapred.FileInputFormat: Total input paths to process : 1
13/04/26 23:05:40 INFO mapred.FileInputFormat: Total input paths to process : 200
13/04/26 23:05:41 INFO mapred.JobClient: Running job: job_201304262252_0004
13/04/26 23:05:42 INFO mapred.JobClient:  map 0% reduce 0%
13/04/26 23:05:59 INFO mapred.JobClient:  map 14% reduce 0%
13/04/26 23:06:02 INFO mapred.JobClient:  map 26% reduce 0%
13/04/26 23:06:05 INFO mapred.JobClient:  map 38% reduce 0%
13/04/26 23:06:08 INFO mapred.JobClient:  map 49% reduce 0%
13/04/26 23:06:11 INFO mapred.JobClient:  map 57% reduce 0%
13/04/26 23:06:14 INFO mapred.JobClient:  map 61% reduce 0%
13/04/26 23:06:17 INFO mapred.JobClient:  map 62% reduce 0%
13/04/26 23:06:56 INFO mapred.JobClient:  map 63% reduce 0%
13/04/26 23:06:59 INFO mapred.JobClient:  map 65% reduce 0%
13/04/26 23:07:02 INFO mapred.JobClient:  map 66% reduce 0%
13/04/26 23:07:05 INFO mapred.JobClient:  map 70% reduce 0%
13/04/26 23:07:08 INFO mapred.JobClient:  map 76% reduce 0%
13/04/26 23:07:11 INFO mapred.JobClient:  map 79% reduce 0%
13/04/26 23:07:14 INFO mapred.JobClient:  map 80% reduce 0%
13/04/26 23:07:17 INFO mapred.JobClient:  map 81% reduce 0%
13/04/26 23:07:23 INFO mapred.JobClient:  map 82% reduce 0%
13/04/26 23:07:26 INFO mapred.JobClient:  map 84% reduce 0%
13/04/26 23:07:29 INFO mapred.JobClient:  map 86% reduce 0%
13/04/26 23:07:32 INFO mapred.JobClient:  map 88% reduce 0%
13/04/26 23:07:35 INFO mapred.JobClient:  map 93% reduce 1%
13/04/26 23:07:38 INFO mapred.JobClient:  map 96% reduce 3%
13/04/26 23:07:41 INFO mapred.JobClient:  map 96% reduce 5%
13/04/26 23:07:44 INFO mapred.JobClient:  map 97% reduce 7%
13/04/26 23:07:47 INFO mapred.JobClient:  map 97% reduce 10%
13/04/26 23:07:50 INFO mapred.JobClient:  map 97% reduce 13%
13/04/26 23:07:53 INFO mapred.JobClient:  map 97% reduce 16%
13/04/26 23:07:56 INFO mapred.JobClient:  map 97% reduce 18%
13/04/26 23:07:59 INFO mapred.JobClient:  map 97% reduce 19%
13/04/26 23:08:02 INFO mapred.JobClient:  map 97% reduce 20%
13/04/26 23:08:05 INFO mapred.JobClient:  map 98% reduce 20%
13/04/26 23:08:08 INFO mapred.JobClient:  map 99% reduce 20%
13/04/26 23:08:14 INFO mapred.JobClient:  map 99% reduce 21%
13/04/26 23:08:23 INFO mapred.JobClient:  map 99% reduce 22%
13/04/26 23:08:26 INFO mapred.JobClient:  map 99% reduce 23%
13/04/26 23:08:29 INFO mapred.JobClient:  map 99% reduce 24%
13/04/26 23:08:32 INFO mapred.JobClient:  map 99% reduce 25%
13/04/26 23:08:35 INFO mapred.JobClient:  map 99% reduce 26%
13/04/26 23:08:38 INFO mapred.JobClient:  map 99% reduce 27%
13/04/26 23:08:44 INFO mapred.JobClient:  map 99% reduce 28%
13/04/26 23:08:47 INFO mapred.JobClient:  map 99% reduce 29%
13/04/26 23:08:50 INFO mapred.JobClient:  map 99% reduce 31%
13/04/26 23:08:53 INFO mapred.JobClient:  map 99% reduce 32%
13/04/26 23:09:08 INFO mapred.JobClient:  map 99% reduce 33%
13/04/26 23:09:35 INFO mapred.JobClient:  map 100% reduce 33%
13/04/26 23:09:59 INFO mapred.JobClient:  map 100% reduce 36%
13/04/26 23:10:02 INFO mapred.JobClient:  map 100% reduce 40%
13/04/26 23:10:05 INFO mapred.JobClient:  map 100% reduce 50%
13/04/26 23:10:08 INFO mapred.JobClient:  map 100% reduce 84%
13/04/26 23:10:11 INFO mapred.JobClient:  map 100% reduce 99%
13/04/26 23:10:14 INFO mapred.JobClient:  map 100% reduce 100%
13/04/26 23:10:19 INFO mapred.JobClient: Job complete: job_201304262252_0004
13/04/26 23:10:19 INFO mapred.JobClient: Counters: 31
13/04/26 23:10:19 INFO mapred.JobClient:   Job Counters 
13/04/26 23:10:19 INFO mapred.JobClient:     Launched reduce tasks=200
13/04/26 23:10:19 INFO mapred.JobClient:     SLOTS_MILLIS_MAPS=26304153
13/04/26 23:10:19 INFO mapred.JobClient:     Total time spent by all reduces waiting after reserving slots (ms)=0
13/04/26 23:10:19 INFO mapred.JobClient:     Total time spent by all maps waiting after reserving slots (ms)=0
13/04/26 23:10:19 INFO mapred.JobClient:     Rack-local map tasks=28
13/04/26 23:10:19 INFO mapred.JobClient:     Launched map tasks=239
13/04/26 23:10:19 INFO mapred.JobClient:     Data-local map tasks=211
13/04/26 23:10:19 INFO mapred.JobClient:     SLOTS_MILLIS_REDUCES=30538763
13/04/26 23:10:19 INFO mapred.JobClient:   File Input Format Counters 
13/04/26 23:10:19 INFO mapred.JobClient:     Bytes Read=0
13/04/26 23:10:19 INFO mapred.JobClient:   File Output Format Counters 
13/04/26 23:10:19 INFO mapred.JobClient:     Bytes Written=669859806
13/04/26 23:10:19 INFO mapred.JobClient:   FileSystemCounters
13/04/26 23:10:19 INFO mapred.JobClient:     FILE_BYTES_READ=74329573312
13/04/26 23:10:19 INFO mapred.JobClient:     HDFS_BYTES_READ=21803929484
13/04/26 23:10:19 INFO mapred.JobClient:     FILE_BYTES_WRITTEN=58675207038
13/04/26 23:10:19 INFO mapred.JobClient:     HDFS_BYTES_WRITTEN=669859806
13/04/26 23:10:19 INFO mapred.JobClient:   Map-Reduce Framework
13/04/26 23:10:19 INFO mapred.JobClient:     Map output materialized bytes=19554512568
13/04/26 23:10:19 INFO mapred.JobClient:     Map input records=1086345876
13/04/26 23:10:19 INFO mapred.JobClient:     Reduce shuffle bytes=19378250886
13/04/26 23:10:19 INFO mapred.JobClient:     Spilled Records=3259037628
13/04/26 23:10:19 INFO mapred.JobClient:     Map output bytes=17381534016
13/04/26 23:10:19 INFO mapred.JobClient:     Total committed heap usage (bytes)=676770873344
13/04/26 23:10:19 INFO mapred.JobClient:     CPU time spent (ms)=36310010
13/04/26 23:10:19 INFO mapred.JobClient:     Map input bytes=21802745315
13/04/26 23:10:19 INFO mapred.JobClient:     SPLIT_RAW_BYTES=69639
13/04/26 23:10:19 INFO mapred.JobClient:     Combine input records=0
13/04/26 23:10:19 INFO mapred.JobClient:     Reduce input records=947438041
13/04/26 23:10:19 INFO mapred.JobClient:     Reduce input groups=914880583
13/04/26 23:10:19 INFO mapred.JobClient:     Combine output records=0
13/04/26 23:10:19 INFO mapred.JobClient:     Physical memory (bytes) snapshot=515739054080
13/04/26 23:10:19 INFO mapred.JobClient:     Reduce output records=32557458
13/04/26 23:10:19 INFO mapred.JobClient:     Virtual memory (bytes) snapshot=1103711965184
13/04/26 23:10:19 INFO mapred.JobClient:     Map output records=1086345876
