13/06/12 18:42:43 INFO util.NativeCodeLoader: Loaded the native-hadoop library
13/06/12 18:42:43 WARN snappy.LoadSnappy: Snappy native library not loaded
13/06/12 18:42:43 INFO mapred.FileInputFormat: Total input paths to process : 1
13/06/12 18:42:43 INFO hdfs.DFSClient: Exception in createBlockOutputStream 130.149.21.26:45020 java.io.IOException: Bad connect ack with firstBadLink as 130.149.21.22:45020
13/06/12 18:42:43 INFO hdfs.DFSClient: Abandoning block blk_5800114877521953528_1364
13/06/12 18:42:43 INFO hdfs.DFSClient: Excluding datanode 130.149.21.22:45020
13/06/12 18:42:43 INFO hdfs.DFSClient: Exception in createBlockOutputStream 130.149.21.21:45020 java.io.IOException: Bad connect ack with firstBadLink as 130.149.21.23:45020
13/06/12 18:42:43 INFO hdfs.DFSClient: Abandoning block blk_-5320947234173858159_1364
13/06/12 18:42:43 INFO hdfs.DFSClient: Excluding datanode 130.149.21.23:45020
13/06/12 18:42:43 INFO hdfs.DFSClient: Exception in createBlockOutputStream 130.149.21.23:45020 java.net.ConnectException: Connection refused
13/06/12 18:42:43 INFO hdfs.DFSClient: Abandoning block blk_-1466430193326211584_1366
13/06/12 18:42:43 INFO hdfs.DFSClient: Excluding datanode 130.149.21.23:45020
13/06/12 18:42:44 INFO mapred.JobClient: Running job: job_201306121842_0001
13/06/12 18:42:45 INFO mapred.JobClient:  map 0% reduce 0%
13/06/12 18:43:02 INFO mapred.JobClient:  map 50% reduce 0%
13/06/12 18:43:05 INFO mapred.JobClient:  map 55% reduce 0%
13/06/12 18:43:11 INFO mapred.JobClient:  map 64% reduce 0%
13/06/12 18:43:14 INFO mapred.JobClient:  map 73% reduce 0%
13/06/12 18:43:20 INFO mapred.JobClient:  map 79% reduce 0%
13/06/12 18:43:23 INFO mapred.JobClient:  map 89% reduce 0%
13/06/12 18:43:26 INFO mapred.JobClient:  map 92% reduce 1%
13/06/12 18:43:29 INFO mapred.JobClient:  map 96% reduce 3%
13/06/12 18:43:32 INFO mapred.JobClient:  map 99% reduce 4%
13/06/12 18:43:35 INFO mapred.JobClient:  map 99% reduce 6%
13/06/12 18:43:38 INFO mapred.JobClient:  map 99% reduce 7%
13/06/12 18:43:41 INFO mapred.JobClient:  map 99% reduce 8%
13/06/12 18:43:44 INFO mapred.JobClient:  map 99% reduce 10%
13/06/12 18:43:47 INFO mapred.JobClient:  map 99% reduce 11%
13/06/12 18:43:50 INFO mapred.JobClient:  map 100% reduce 12%
13/06/12 18:43:53 INFO mapred.JobClient:  map 100% reduce 15%
13/06/12 18:43:56 INFO mapred.JobClient:  map 100% reduce 29%
13/06/12 18:43:59 INFO mapred.JobClient:  map 100% reduce 63%
13/06/12 18:44:02 INFO mapred.JobClient:  map 100% reduce 76%
13/06/12 18:44:05 INFO mapred.JobClient:  map 100% reduce 77%
13/06/12 18:44:08 INFO mapred.JobClient:  map 100% reduce 80%
13/06/12 18:44:11 INFO mapred.JobClient:  map 100% reduce 82%
13/06/12 18:44:14 INFO mapred.JobClient:  map 100% reduce 85%
13/06/12 18:44:17 INFO mapred.JobClient:  map 100% reduce 88%
13/06/12 18:44:20 INFO mapred.JobClient:  map 100% reduce 90%
13/06/12 18:44:23 INFO mapred.JobClient:  map 100% reduce 92%
13/06/12 18:44:26 INFO mapred.JobClient:  map 100% reduce 94%
13/06/12 18:44:29 INFO mapred.JobClient:  map 100% reduce 96%
13/06/12 18:44:32 INFO mapred.JobClient:  map 100% reduce 97%
13/06/12 18:44:38 INFO mapred.JobClient:  map 100% reduce 98%
13/06/12 18:44:44 INFO mapred.JobClient:  map 100% reduce 99%
13/06/12 18:46:23 INFO mapred.JobClient:  map 100% reduce 100%
13/06/12 18:46:28 INFO mapred.JobClient: Job complete: job_201306121842_0001
13/06/12 18:46:28 INFO mapred.JobClient: Counters: 30
13/06/12 18:46:28 INFO mapred.JobClient:   Job Counters 
13/06/12 18:46:28 INFO mapred.JobClient:     Launched reduce tasks=120
13/06/12 18:46:28 INFO mapred.JobClient:     SLOTS_MILLIS_MAPS=137490
13/06/12 18:46:28 INFO mapred.JobClient:     Total time spent by all reduces waiting after reserving slots (ms)=0
13/06/12 18:46:28 INFO mapred.JobClient:     Total time spent by all maps waiting after reserving slots (ms)=0
13/06/12 18:46:28 INFO mapred.JobClient:     Rack-local map tasks=3
13/06/12 18:46:28 INFO mapred.JobClient:     Launched map tasks=3
13/06/12 18:46:28 INFO mapred.JobClient:     SLOTS_MILLIS_REDUCES=7611391
13/06/12 18:46:28 INFO mapred.JobClient:   File Input Format Counters 
13/06/12 18:46:28 INFO mapred.JobClient:     Bytes Read=310108633
13/06/12 18:46:28 INFO mapred.JobClient:   File Output Format Counters 
13/06/12 18:46:28 INFO mapred.JobClient:     Bytes Written=21493700680
13/06/12 18:46:28 INFO mapred.JobClient:   FileSystemCounters
13/06/12 18:46:28 INFO mapred.JobClient:     FILE_BYTES_READ=815240104
13/06/12 18:46:28 INFO mapred.JobClient:     HDFS_BYTES_READ=310109068
13/06/12 18:46:28 INFO mapred.JobClient:     FILE_BYTES_WRITTEN=671903134
13/06/12 18:46:28 INFO mapred.JobClient:     HDFS_BYTES_WRITTEN=21493700680
13/06/12 18:46:28 INFO mapred.JobClient:   Map-Reduce Framework
13/06/12 18:46:28 INFO mapred.JobClient:     Map output materialized bytes=223021800
13/06/12 18:46:28 INFO mapred.JobClient:     Map input records=22301964
13/06/12 18:46:28 INFO mapred.JobClient:     Reduce shuffle bytes=138327534
13/06/12 18:46:28 INFO mapred.JobClient:     Spilled Records=66905892
13/06/12 18:46:28 INFO mapred.JobClient:     Map output bytes=178415712
13/06/12 18:46:28 INFO mapred.JobClient:     Total committed heap usage (bytes)=189897900032
13/06/12 18:46:28 INFO mapred.JobClient:     CPU time spent (ms)=2564900
13/06/12 18:46:28 INFO mapred.JobClient:     Map input bytes=309060055
13/06/12 18:46:28 INFO mapred.JobClient:     SPLIT_RAW_BYTES=435
13/06/12 18:46:28 INFO mapred.JobClient:     Combine input records=0
13/06/12 18:46:28 INFO mapred.JobClient:     Reduce input records=22301964
13/06/12 18:46:28 INFO mapred.JobClient:     Reduce input groups=1151281
13/06/12 18:46:28 INFO mapred.JobClient:     Combine output records=0
13/06/12 18:46:28 INFO mapred.JobClient:     Physical memory (bytes) snapshot=43343720448
13/06/12 18:46:28 INFO mapred.JobClient:     Reduce output records=1064043912
13/06/12 18:46:28 INFO mapred.JobClient:     Virtual memory (bytes) snapshot=310917853184
13/06/12 18:46:28 INFO mapred.JobClient:     Map output records=22301964
13/06/12 18:46:28 INFO mapred.FileInputFormat: Total input paths to process : 1
13/06/12 18:46:28 INFO mapred.FileInputFormat: Total input paths to process : 120
13/06/12 18:46:29 INFO mapred.JobClient: Running job: job_201306121842_0002
13/06/12 18:46:30 INFO mapred.JobClient:  map 0% reduce 0%
13/06/12 18:46:47 INFO mapred.JobClient:  map 7% reduce 0%
13/06/12 18:46:50 INFO mapred.JobClient:  map 13% reduce 0%
13/06/12 18:46:53 INFO mapred.JobClient:  map 20% reduce 0%
13/06/12 18:46:56 INFO mapred.JobClient:  map 25% reduce 0%
13/06/12 18:46:59 INFO mapred.JobClient:  map 28% reduce 0%
13/06/12 18:47:02 INFO mapred.JobClient:  map 31% reduce 0%
13/06/12 18:47:05 INFO mapred.JobClient:  map 33% reduce 0%
13/06/12 18:47:47 INFO mapred.JobClient:  map 35% reduce 0%
13/06/12 18:47:50 INFO mapred.JobClient:  map 38% reduce 0%
13/06/12 18:47:53 INFO mapred.JobClient:  map 41% reduce 0%
13/06/12 18:47:56 INFO mapred.JobClient:  map 45% reduce 0%
13/06/12 18:47:59 INFO mapred.JobClient:  map 50% reduce 0%
13/06/12 18:48:02 INFO mapred.JobClient:  map 53% reduce 0%
13/06/12 18:48:05 INFO mapred.JobClient:  map 57% reduce 0%
13/06/12 18:48:08 INFO mapred.JobClient:  map 59% reduce 0%
13/06/12 18:48:41 INFO mapred.JobClient:  map 60% reduce 0%
13/06/12 18:48:44 INFO mapred.JobClient:  map 61% reduce 0%
13/06/12 18:48:47 INFO mapred.JobClient:  map 62% reduce 0%
13/06/12 18:48:56 INFO mapred.JobClient:  map 63% reduce 0%
13/06/12 18:48:59 INFO mapred.JobClient:  map 64% reduce 0%
13/06/12 18:49:02 INFO mapred.JobClient:  map 66% reduce 0%
13/06/12 18:49:23 INFO mapred.JobClient:  map 67% reduce 0%
13/06/12 18:49:26 INFO mapred.JobClient:  map 69% reduce 0%
13/06/12 18:49:29 INFO mapred.JobClient:  map 74% reduce 1%
13/06/12 18:49:32 INFO mapred.JobClient:  map 81% reduce 2%
13/06/12 18:49:35 INFO mapred.JobClient:  map 84% reduce 3%
13/06/12 18:49:38 INFO mapred.JobClient:  map 86% reduce 5%
13/06/12 18:49:41 INFO mapred.JobClient:  map 88% reduce 6%
13/06/12 18:49:44 INFO mapred.JobClient:  map 89% reduce 10%
13/06/12 18:49:47 INFO mapred.JobClient:  map 90% reduce 14%
13/06/12 18:49:50 INFO mapred.JobClient:  map 90% reduce 18%
13/06/12 18:49:53 INFO mapred.JobClient:  map 90% reduce 20%
13/06/12 18:49:56 INFO mapred.JobClient:  map 90% reduce 21%
13/06/12 18:49:59 INFO mapred.JobClient:  map 91% reduce 23%
13/06/12 18:50:02 INFO mapred.JobClient:  map 93% reduce 24%
13/06/12 18:50:05 INFO mapred.JobClient:  map 96% reduce 24%
13/06/12 18:50:08 INFO mapred.JobClient:  map 97% reduce 25%
13/06/12 18:50:14 INFO mapred.JobClient:  map 98% reduce 25%
13/06/12 18:50:20 INFO mapred.JobClient:  map 98% reduce 26%
13/06/12 18:50:21 INFO mapred.JobClient:  map 99% reduce 26%
13/06/12 18:50:48 INFO mapred.JobClient:  map 100% reduce 26%
13/06/12 18:51:02 INFO mapred.JobClient:  map 100% reduce 27%
13/06/12 18:51:05 INFO mapred.JobClient:  map 100% reduce 28%
13/06/12 18:51:08 INFO mapred.JobClient:  map 100% reduce 29%
13/06/12 18:51:11 INFO mapred.JobClient:  map 100% reduce 30%
13/06/12 18:51:12 INFO mapred.JobClient:  map 100% reduce 31%
13/06/12 18:51:14 INFO mapred.JobClient:  map 100% reduce 32%
13/06/12 18:51:23 INFO mapred.JobClient:  map 100% reduce 33%
13/06/12 18:51:50 INFO mapred.JobClient:  map 100% reduce 34%
13/06/12 18:51:53 INFO mapred.JobClient:  map 100% reduce 49%
13/06/12 18:51:54 INFO mapred.JobClient:  map 100% reduce 51%
13/06/12 18:51:56 INFO mapred.JobClient:  map 100% reduce 62%
13/06/12 18:51:57 INFO mapred.JobClient:  map 100% reduce 64%
13/06/12 18:51:59 INFO mapred.JobClient:  map 100% reduce 71%
13/06/12 18:52:00 INFO mapred.JobClient:  map 100% reduce 73%
13/06/12 18:52:02 INFO mapred.JobClient:  map 100% reduce 91%
13/06/12 18:52:03 INFO mapred.JobClient:  map 100% reduce 94%
13/06/12 18:52:05 INFO mapred.JobClient:  map 100% reduce 99%
13/06/12 18:52:06 INFO mapred.JobClient:  map 100% reduce 100%
13/06/12 18:52:11 INFO mapred.JobClient: Job complete: job_201306121842_0002
13/06/12 18:52:11 INFO mapred.JobClient: Counters: 31
13/06/12 18:52:11 INFO mapred.JobClient:   Job Counters 
13/06/12 18:52:11 INFO mapred.JobClient:     Launched reduce tasks=120
13/06/12 18:52:11 INFO mapred.JobClient:     SLOTS_MILLIS_MAPS=25210151
13/06/12 18:52:11 INFO mapred.JobClient:     Total time spent by all reduces waiting after reserving slots (ms)=0
13/06/12 18:52:11 INFO mapred.JobClient:     Total time spent by all maps waiting after reserving slots (ms)=0
13/06/12 18:52:11 INFO mapred.JobClient:     Rack-local map tasks=24
13/06/12 18:52:11 INFO mapred.JobClient:     Launched map tasks=180
13/06/12 18:52:11 INFO mapred.JobClient:     Data-local map tasks=156
13/06/12 18:52:11 INFO mapred.JobClient:     SLOTS_MILLIS_REDUCES=18056405
13/06/12 18:52:11 INFO mapred.JobClient:   File Input Format Counters 
13/06/12 18:52:11 INFO mapred.JobClient:     Bytes Read=0
13/06/12 18:52:11 INFO mapred.JobClient:   File Output Format Counters 
13/06/12 18:52:11 INFO mapred.JobClient:     Bytes Written=669859806
13/06/12 18:52:11 INFO mapred.JobClient:   FileSystemCounters
13/06/12 18:52:11 INFO mapred.JobClient:     FILE_BYTES_READ=49717322462
13/06/12 18:52:11 INFO mapred.JobClient:     HDFS_BYTES_READ=21803930831
13/06/12 18:52:11 INFO mapred.JobClient:     FILE_BYTES_WRITTEN=58178409440
13/06/12 18:52:11 INFO mapred.JobClient:     HDFS_BYTES_WRITTEN=669859806
13/06/12 18:52:11 INFO mapred.JobClient:   Map-Reduce Framework
13/06/12 18:52:11 INFO mapred.JobClient:     Map output materialized bytes=19554355368
13/06/12 18:52:11 INFO mapred.JobClient:     Map input records=1086345876
13/06/12 18:52:11 INFO mapred.JobClient:     Reduce shuffle bytes=19438888362
13/06/12 18:52:11 INFO mapred.JobClient:     Spilled Records=3231681279
13/06/12 18:52:11 INFO mapred.JobClient:     Map output bytes=17381534016
13/06/12 18:52:11 INFO mapred.JobClient:     Total committed heap usage (bytes)=459403624448
13/06/12 18:52:11 INFO mapred.JobClient:     CPU time spent (ms)=33572830
13/06/12 18:52:11 INFO mapred.JobClient:     Map input bytes=21802746095
13/06/12 18:52:11 INFO mapred.JobClient:     SPLIT_RAW_BYTES=52470
13/06/12 18:52:11 INFO mapred.JobClient:     Combine input records=0
13/06/12 18:52:11 INFO mapred.JobClient:     Reduce input records=947438041
13/06/12 18:52:11 INFO mapred.JobClient:     Reduce input groups=914880583
13/06/12 18:52:11 INFO mapred.JobClient:     Combine output records=0
13/06/12 18:52:11 INFO mapred.JobClient:     Physical memory (bytes) snapshot=379657863168
13/06/12 18:52:11 INFO mapred.JobClient:     Reduce output records=32557458
13/06/12 18:52:11 INFO mapred.JobClient:     Virtual memory (bytes) snapshot=753763328000
13/06/12 18:52:11 INFO mapred.JobClient:     Map output records=1086345876
