07:16:14,857 WARN  eu.stratosphere.nephele.configuration.GlobalConfiguration     - Cannot load configuration: unknown element plugins
07:16:14,894 INFO  eu.stratosphere.nephele.taskmanager.TaskManager               - Reading location of job manager from configuration
07:16:14,904 INFO  eu.stratosphere.nephele.taskmanager.TaskManager               - Determined address of job manager to be cloud-11.dima.tu-berlin.de/130.149.21.15:6002
07:16:14,912 INFO  eu.stratosphere.nephele.taskmanager.TaskManager               - Announcing connection information cloud-36 to job manager
07:16:14,977 INFO  eu.stratosphere.nephele.ipc.Server                            - IPC Server Responder: starting
07:16:14,978 INFO  eu.stratosphere.nephele.ipc.Server                            - IPC Server listener on 6122: starting
07:16:14,979 INFO  eu.stratosphere.nephele.ipc.Server                            - IPC Server handler 0 on 6122: starting
07:16:16,101 INFO  eu.stratosphere.nephele.taskmanager.bufferprovider.GlobalBufferPool  - Initialized global buffer pool with 32768 buffers with a size 32768 bytes each
07:16:16,120 INFO  eu.stratosphere.nephele.taskmanager.bytebuffered.ByteBufferedChannelManager  - Initialized byte buffered channel manager with sender-side spilling disabled
07:16:16,129 INFO  eu.stratosphere.nephele.instance.HardwareDescriptionFactory   - Found Tenured Gen pool (max: 24051843072, used: 0)
07:16:16,130 INFO  eu.stratosphere.nephele.taskmanager.TaskManager               - Initializing memory manager with 22528 megabytes of memory
07:16:46,263 INFO  eu.stratosphere.nephele.execution.ExecutionStateTransition    - TM: ExecutionState set from STARTING to RUNNING for task LineItems (123/200)
07:16:46,265 INFO  eu.stratosphere.nephele.execution.ExecutionStateTransition    - TM: ExecutionState set from STARTING to RUNNING for task Orders (127/200)
07:16:46,264 INFO  eu.stratosphere.nephele.execution.ExecutionStateTransition    - TM: ExecutionState set from STARTING to RUNNING for task Orders (126/200)
07:16:46,268 INFO  eu.stratosphere.nephele.execution.ExecutionStateTransition    - TM: ExecutionState set from STARTING to RUNNING for task Customers (125/200)
07:16:46,263 INFO  eu.stratosphere.nephele.execution.ExecutionStateTransition    - TM: ExecutionState set from STARTING to RUNNING for task LineItems (121/200)
07:16:46,264 INFO  eu.stratosphere.nephele.execution.ExecutionStateTransition    - TM: ExecutionState set from STARTING to RUNNING for task LineItems (126/200)
07:16:46,263 INFO  eu.stratosphere.nephele.execution.ExecutionStateTransition    - TM: ExecutionState set from STARTING to RUNNING for task LineItems (125/200)
07:16:46,263 INFO  eu.stratosphere.nephele.execution.ExecutionStateTransition    - TM: ExecutionState set from STARTING to RUNNING for task LineItems (127/200)
07:16:46,264 INFO  eu.stratosphere.nephele.execution.ExecutionStateTransition    - TM: ExecutionState set from STARTING to RUNNING for task LineItems (128/200)
07:16:46,273 INFO  eu.stratosphere.pact.runtime.task.DataSourceTask              - Start PACT code: LineItems (126/200)
07:16:46,263 INFO  eu.stratosphere.nephele.execution.ExecutionStateTransition    - TM: ExecutionState set from STARTING to RUNNING for task LineItems (124/200)
07:16:46,264 INFO  eu.stratosphere.nephele.execution.ExecutionStateTransition    - TM: ExecutionState set from STARTING to RUNNING for task Orders (125/200)
07:16:46,263 INFO  eu.stratosphere.nephele.execution.ExecutionStateTransition    - TM: ExecutionState set from STARTING to RUNNING for task Orders (123/200)
07:16:46,263 INFO  eu.stratosphere.nephele.execution.ExecutionStateTransition    - TM: ExecutionState set from STARTING to RUNNING for task LineItems (122/200)
07:16:46,263 INFO  eu.stratosphere.nephele.execution.ExecutionStateTransition    - TM: ExecutionState set from STARTING to RUNNING for task Orders (122/200)
07:16:46,264 INFO  eu.stratosphere.nephele.execution.ExecutionStateTransition    - TM: ExecutionState set from STARTING to RUNNING for task Orders (121/200)
07:16:46,263 INFO  eu.stratosphere.nephele.execution.ExecutionStateTransition    - TM: ExecutionState set from STARTING to RUNNING for task Orders (124/200)
07:16:46,278 INFO  eu.stratosphere.pact.runtime.task.DataSourceTask              - Start PACT code: Orders (127/200)
07:16:46,276 INFO  eu.stratosphere.pact.runtime.task.DataSourceTask              - Start PACT code: Orders (126/200)
07:16:46,275 INFO  eu.stratosphere.pact.runtime.task.DataSourceTask              - Start PACT code: LineItems (121/200)
07:16:46,273 INFO  eu.stratosphere.pact.runtime.task.RegularPactTask             - Start PACT code: FilterL (126/200)
07:16:46,271 INFO  eu.stratosphere.pact.runtime.task.DataSourceTask              - Start PACT code: Customers (125/200)
07:16:46,270 INFO  eu.stratosphere.pact.runtime.task.DataSourceTask              - Start PACT code: LineItems (123/200)
07:16:46,268 INFO  eu.stratosphere.nephele.execution.ExecutionStateTransition    - TM: ExecutionState set from STARTING to RUNNING for task Customers (128/200)
07:16:46,268 INFO  eu.stratosphere.nephele.execution.ExecutionStateTransition    - TM: ExecutionState set from STARTING to RUNNING for task Customers (127/200)
07:16:46,267 INFO  eu.stratosphere.nephele.execution.ExecutionStateTransition    - TM: ExecutionState set from STARTING to RUNNING for task Customers (126/200)
07:16:46,267 INFO  eu.stratosphere.nephele.execution.ExecutionStateTransition    - TM: ExecutionState set from STARTING to RUNNING for task Customers (124/200)
07:16:46,285 INFO  eu.stratosphere.pact.runtime.task.DataSourceTask              - Start PACT code: Orders (123/200)
07:16:46,266 INFO  eu.stratosphere.nephele.execution.ExecutionStateTransition    - TM: ExecutionState set from STARTING to RUNNING for task Customers (123/200)
07:16:46,266 INFO  eu.stratosphere.nephele.execution.ExecutionStateTransition    - TM: ExecutionState set from STARTING to RUNNING for task Customers (121/200)
07:16:46,265 INFO  eu.stratosphere.nephele.execution.ExecutionStateTransition    - TM: ExecutionState set from STARTING to RUNNING for task Customers (122/200)
07:16:46,265 INFO  eu.stratosphere.nephele.execution.ExecutionStateTransition    - TM: ExecutionState set from STARTING to RUNNING for task Orders (128/200)
07:16:46,287 INFO  eu.stratosphere.pact.runtime.task.DataSourceTask              - Start PACT code: Orders (125/200)
07:16:46,285 INFO  eu.stratosphere.pact.runtime.task.RegularPactTask             - Start PACT code: FilterO (123/200)
07:16:46,282 INFO  eu.stratosphere.pact.runtime.task.DataSourceTask              - Start PACT code: LineItems (122/200)
07:16:46,282 INFO  eu.stratosphere.pact.runtime.task.RegularPactTask             - Start PACT code: FilterL (123/200)
07:16:46,281 INFO  eu.stratosphere.pact.runtime.task.DataSourceTask              - Start PACT code: Orders (122/200)
07:16:46,281 INFO  eu.stratosphere.pact.runtime.task.RegularPactTask             - Start PACT code: FilterC (125/200)
07:16:46,280 INFO  eu.stratosphere.pact.runtime.task.RegularPactTask             - Start PACT code: FilterL (121/200)
07:16:46,292 INFO  eu.stratosphere.pact.runtime.task.DataSourceTask              - Start PACT code: LineItems (127/200)
07:16:46,279 INFO  eu.stratosphere.pact.runtime.task.DataSourceTask              - Start PACT code: Orders (121/200)
07:16:46,279 INFO  eu.stratosphere.pact.runtime.task.RegularPactTask             - Start PACT code: FilterO (126/200)
07:16:46,279 INFO  eu.stratosphere.pact.runtime.task.RegularPactTask             - Start PACT code: FilterO (127/200)
07:16:46,293 INFO  eu.stratosphere.pact.runtime.task.DataSourceTask              - Start PACT code: LineItems (125/200)
07:16:46,293 INFO  eu.stratosphere.pact.runtime.task.RegularPactTask             - Start PACT code: FilterO (121/200)
07:16:46,292 INFO  eu.stratosphere.pact.runtime.task.RegularPactTask             - Start PACT code: FilterL (127/200)
07:16:46,291 INFO  eu.stratosphere.pact.runtime.task.RegularPactTask             - Start PACT code: FilterO (122/200)
07:16:46,291 INFO  eu.stratosphere.pact.runtime.task.DataSourceTask              - Start PACT code: LineItems (128/200)
07:16:46,289 INFO  eu.stratosphere.pact.runtime.task.RegularPactTask             - Start PACT code: FilterL (122/200)
07:16:46,289 INFO  eu.stratosphere.pact.runtime.task.DataSourceTask              - Start PACT code: LineItems (124/200)
07:16:46,296 INFO  eu.stratosphere.pact.runtime.task.DataSourceTask              - Start PACT code: Customers (122/200)
07:16:46,288 INFO  eu.stratosphere.pact.runtime.task.RegularPactTask             - Start PACT code: FilterO (125/200)
07:16:46,297 INFO  eu.stratosphere.pact.runtime.task.RegularPactTask             - Start PACT code: FilterC (122/200)
07:16:46,296 INFO  eu.stratosphere.pact.runtime.task.RegularPactTask             - Start PACT code: FilterL (124/200)
07:16:46,296 INFO  eu.stratosphere.pact.runtime.task.RegularPactTask             - Start PACT code: FilterL (128/200)
07:16:46,295 INFO  eu.stratosphere.pact.runtime.task.DataSourceTask              - Start PACT code: Orders (128/200)
07:16:46,294 INFO  eu.stratosphere.pact.runtime.task.RegularPactTask             - Start PACT code: FilterL (125/200)
07:16:46,299 INFO  eu.stratosphere.pact.runtime.task.RegularPactTask             - Start PACT code: FilterO (128/200)
07:16:46,298 INFO  eu.stratosphere.pact.runtime.task.DataSourceTask              - Start PACT code: Customers (121/200)
07:16:46,300 INFO  eu.stratosphere.pact.runtime.task.DataSourceTask              - Start PACT code: Customers (123/200)
07:16:46,301 INFO  eu.stratosphere.pact.runtime.task.RegularPactTask             - Start PACT code: FilterC (121/200)
07:16:46,302 INFO  eu.stratosphere.pact.runtime.task.DataSourceTask              - Start PACT code: Customers (124/200)
07:16:46,302 INFO  eu.stratosphere.pact.runtime.task.RegularPactTask             - Start PACT code: FilterC (123/200)
07:16:46,303 INFO  eu.stratosphere.pact.runtime.task.RegularPactTask             - Start PACT code: FilterC (124/200)
07:16:46,304 INFO  eu.stratosphere.pact.runtime.task.DataSourceTask              - Start PACT code: Customers (126/200)
07:16:46,305 INFO  eu.stratosphere.pact.runtime.task.RegularPactTask             - Start PACT code: FilterC (126/200)
07:16:46,307 INFO  eu.stratosphere.pact.runtime.task.DataSourceTask              - Start PACT code: Customers (127/200)
07:16:46,307 INFO  eu.stratosphere.pact.runtime.task.RegularPactTask             - Start PACT code: FilterC (127/200)
07:16:46,310 INFO  eu.stratosphere.pact.runtime.task.DataSourceTask              - Start PACT code: Customers (128/200)
07:16:46,311 INFO  eu.stratosphere.pact.runtime.task.RegularPactTask             - Start PACT code: FilterC (128/200)
07:16:46,312 INFO  eu.stratosphere.pact.runtime.task.DataSourceTask              - Start PACT code: Orders (124/200)
07:16:46,312 INFO  eu.stratosphere.pact.runtime.task.RegularPactTask             - Start PACT code: FilterO (124/200)
