07:16:12,858 WARN  eu.stratosphere.nephele.configuration.GlobalConfiguration     - Cannot load configuration: unknown element plugins
07:16:12,895 INFO  eu.stratosphere.nephele.taskmanager.TaskManager               - Reading location of job manager from configuration
07:16:12,905 INFO  eu.stratosphere.nephele.taskmanager.TaskManager               - Determined address of job manager to be cloud-11.dima.tu-berlin.de/130.149.21.15:6002
07:16:12,912 INFO  eu.stratosphere.nephele.taskmanager.TaskManager               - Announcing connection information cloud-27 to job manager
07:16:12,977 INFO  eu.stratosphere.nephele.ipc.Server                            - IPC Server Responder: starting
07:16:12,978 INFO  eu.stratosphere.nephele.ipc.Server                            - IPC Server listener on 6122: starting
07:16:12,978 INFO  eu.stratosphere.nephele.ipc.Server                            - IPC Server handler 0 on 6122: starting
07:16:14,098 INFO  eu.stratosphere.nephele.taskmanager.bufferprovider.GlobalBufferPool  - Initialized global buffer pool with 32768 buffers with a size 32768 bytes each
07:16:14,117 INFO  eu.stratosphere.nephele.taskmanager.bytebuffered.ByteBufferedChannelManager  - Initialized byte buffered channel manager with sender-side spilling disabled
07:16:14,126 INFO  eu.stratosphere.nephele.instance.HardwareDescriptionFactory   - Found Tenured Gen pool (max: 24051843072, used: 0)
07:16:14,126 INFO  eu.stratosphere.nephele.taskmanager.TaskManager               - Initializing memory manager with 22528 megabytes of memory
07:16:46,349 INFO  eu.stratosphere.nephele.execution.ExecutionStateTransition    - TM: ExecutionState set from STARTING to RUNNING for task LineItems (161/200)
07:16:46,349 INFO  eu.stratosphere.nephele.execution.ExecutionStateTransition    - TM: ExecutionState set from STARTING to RUNNING for task LineItems (168/200)
07:16:46,351 INFO  eu.stratosphere.nephele.execution.ExecutionStateTransition    - TM: ExecutionState set from STARTING to RUNNING for task Orders (164/200)
07:16:46,354 INFO  eu.stratosphere.nephele.execution.ExecutionStateTransition    - TM: ExecutionState set from STARTING to RUNNING for task Customers (161/200)
07:16:46,350 INFO  eu.stratosphere.nephele.execution.ExecutionStateTransition    - TM: ExecutionState set from STARTING to RUNNING for task Orders (163/200)
07:16:46,349 INFO  eu.stratosphere.nephele.execution.ExecutionStateTransition    - TM: ExecutionState set from STARTING to RUNNING for task LineItems (165/200)
07:16:46,357 INFO  eu.stratosphere.nephele.execution.ExecutionStateTransition    - TM: ExecutionState set from STARTING to RUNNING for task Customers (166/200)
07:16:46,350 INFO  eu.stratosphere.nephele.execution.ExecutionStateTransition    - TM: ExecutionState set from STARTING to RUNNING for task Orders (162/200)
07:16:46,349 INFO  eu.stratosphere.nephele.execution.ExecutionStateTransition    - TM: ExecutionState set from STARTING to RUNNING for task LineItems (164/200)
07:16:46,349 INFO  eu.stratosphere.nephele.execution.ExecutionStateTransition    - TM: ExecutionState set from STARTING to RUNNING for task Orders (161/200)
07:16:46,349 INFO  eu.stratosphere.nephele.execution.ExecutionStateTransition    - TM: ExecutionState set from STARTING to RUNNING for task LineItems (167/200)
07:16:46,349 INFO  eu.stratosphere.nephele.execution.ExecutionStateTransition    - TM: ExecutionState set from STARTING to RUNNING for task LineItems (162/200)
07:16:46,349 INFO  eu.stratosphere.nephele.execution.ExecutionStateTransition    - TM: ExecutionState set from STARTING to RUNNING for task LineItems (163/200)
07:16:46,349 INFO  eu.stratosphere.nephele.execution.ExecutionStateTransition    - TM: ExecutionState set from STARTING to RUNNING for task LineItems (166/200)
07:16:46,361 INFO  eu.stratosphere.pact.runtime.task.DataSourceTask              - Start PACT code: Orders (164/200)
07:16:46,358 INFO  eu.stratosphere.pact.runtime.task.DataSourceTask              - Start PACT code: Customers (161/200)
07:16:46,358 INFO  eu.stratosphere.nephele.execution.ExecutionStateTransition    - TM: ExecutionState set from STARTING to RUNNING for task Customers (167/200)
07:16:46,358 INFO  eu.stratosphere.nephele.execution.ExecutionStateTransition    - TM: ExecutionState set from STARTING to RUNNING for task Customers (168/200)
07:16:46,357 INFO  eu.stratosphere.nephele.execution.ExecutionStateTransition    - TM: ExecutionState set from STARTING to RUNNING for task Customers (165/200)
07:16:46,357 INFO  eu.stratosphere.nephele.execution.ExecutionStateTransition    - TM: ExecutionState set from STARTING to RUNNING for task Customers (163/200)
07:16:46,357 INFO  eu.stratosphere.nephele.execution.ExecutionStateTransition    - TM: ExecutionState set from STARTING to RUNNING for task Customers (164/200)
07:16:46,356 INFO  eu.stratosphere.pact.runtime.task.DataSourceTask              - Start PACT code: LineItems (168/200)
07:16:46,355 INFO  eu.stratosphere.nephele.execution.ExecutionStateTransition    - TM: ExecutionState set from STARTING to RUNNING for task Customers (162/200)
07:16:46,354 INFO  eu.stratosphere.nephele.execution.ExecutionStateTransition    - TM: ExecutionState set from STARTING to RUNNING for task Orders (168/200)
07:16:46,354 INFO  eu.stratosphere.nephele.execution.ExecutionStateTransition    - TM: ExecutionState set from STARTING to RUNNING for task Orders (167/200)
07:16:46,352 INFO  eu.stratosphere.nephele.execution.ExecutionStateTransition    - TM: ExecutionState set from STARTING to RUNNING for task Orders (165/200)
07:16:46,352 INFO  eu.stratosphere.nephele.execution.ExecutionStateTransition    - TM: ExecutionState set from STARTING to RUNNING for task Orders (166/200)
07:16:46,367 INFO  eu.stratosphere.pact.runtime.task.RegularPactTask             - Start PACT code: FilterL (168/200)
07:16:46,366 INFO  eu.stratosphere.pact.runtime.task.DataSourceTask              - Start PACT code: LineItems (161/200)
07:16:46,363 INFO  eu.stratosphere.pact.runtime.task.RegularPactTask             - Start PACT code: FilterC (161/200)
07:16:46,363 INFO  eu.stratosphere.pact.runtime.task.RegularPactTask             - Start PACT code: FilterO (164/200)
07:16:46,371 INFO  eu.stratosphere.pact.runtime.task.RegularPactTask             - Start PACT code: FilterL (161/200)
07:16:46,370 INFO  eu.stratosphere.pact.runtime.task.DataSourceTask              - Start PACT code: Customers (165/200)
07:16:46,372 INFO  eu.stratosphere.pact.runtime.task.DataSourceTask              - Start PACT code: Customers (168/200)
07:16:46,372 INFO  eu.stratosphere.pact.runtime.task.RegularPactTask             - Start PACT code: FilterC (165/200)
07:16:46,372 INFO  eu.stratosphere.pact.runtime.task.RegularPactTask             - Start PACT code: FilterC (168/200)
07:16:46,375 INFO  eu.stratosphere.pact.runtime.task.DataSourceTask              - Start PACT code: Customers (167/200)
07:16:46,376 INFO  eu.stratosphere.pact.runtime.task.RegularPactTask             - Start PACT code: FilterC (167/200)
07:16:46,378 INFO  eu.stratosphere.pact.runtime.task.DataSourceTask              - Start PACT code: LineItems (166/200)
07:16:46,379 INFO  eu.stratosphere.pact.runtime.task.RegularPactTask             - Start PACT code: FilterL (166/200)
07:16:46,382 INFO  eu.stratosphere.pact.runtime.task.DataSourceTask              - Start PACT code: LineItems (163/200)
07:16:46,382 INFO  eu.stratosphere.pact.runtime.task.RegularPactTask             - Start PACT code: FilterL (163/200)
07:16:46,385 INFO  eu.stratosphere.pact.runtime.task.DataSourceTask              - Start PACT code: LineItems (162/200)
07:16:46,386 INFO  eu.stratosphere.pact.runtime.task.RegularPactTask             - Start PACT code: FilterL (162/200)
07:16:46,388 INFO  eu.stratosphere.pact.runtime.task.DataSourceTask              - Start PACT code: LineItems (167/200)
07:16:46,389 INFO  eu.stratosphere.pact.runtime.task.RegularPactTask             - Start PACT code: FilterL (167/200)
07:16:46,391 INFO  eu.stratosphere.pact.runtime.task.DataSourceTask              - Start PACT code: Orders (161/200)
07:16:46,392 INFO  eu.stratosphere.pact.runtime.task.RegularPactTask             - Start PACT code: FilterO (161/200)
07:16:46,394 INFO  eu.stratosphere.pact.runtime.task.DataSourceTask              - Start PACT code: LineItems (164/200)
07:16:46,395 INFO  eu.stratosphere.pact.runtime.task.RegularPactTask             - Start PACT code: FilterL (164/200)
07:16:46,397 INFO  eu.stratosphere.pact.runtime.task.DataSourceTask              - Start PACT code: Orders (162/200)
07:16:46,397 INFO  eu.stratosphere.pact.runtime.task.RegularPactTask             - Start PACT code: FilterO (162/200)
07:16:46,399 INFO  eu.stratosphere.pact.runtime.task.DataSourceTask              - Start PACT code: Customers (166/200)
07:16:46,399 INFO  eu.stratosphere.pact.runtime.task.RegularPactTask             - Start PACT code: FilterC (166/200)
07:16:46,402 INFO  eu.stratosphere.pact.runtime.task.DataSourceTask              - Start PACT code: LineItems (165/200)
07:16:46,403 INFO  eu.stratosphere.pact.runtime.task.RegularPactTask             - Start PACT code: FilterL (165/200)
07:16:46,404 INFO  eu.stratosphere.pact.runtime.task.DataSourceTask              - Start PACT code: Orders (163/200)
07:16:46,404 INFO  eu.stratosphere.pact.runtime.task.RegularPactTask             - Start PACT code: FilterO (163/200)
07:16:46,406 INFO  eu.stratosphere.pact.runtime.task.DataSourceTask              - Start PACT code: Orders (166/200)
07:16:46,407 INFO  eu.stratosphere.pact.runtime.task.RegularPactTask             - Start PACT code: FilterO (166/200)
07:16:46,409 INFO  eu.stratosphere.pact.runtime.task.DataSourceTask              - Start PACT code: Orders (165/200)
07:16:46,409 INFO  eu.stratosphere.pact.runtime.task.RegularPactTask             - Start PACT code: FilterO (165/200)
07:16:46,411 INFO  eu.stratosphere.pact.runtime.task.DataSourceTask              - Start PACT code: Orders (167/200)
07:16:46,411 INFO  eu.stratosphere.pact.runtime.task.RegularPactTask             - Start PACT code: FilterO (167/200)
07:16:46,413 INFO  eu.stratosphere.pact.runtime.task.DataSourceTask              - Start PACT code: Orders (168/200)
07:16:46,413 INFO  eu.stratosphere.pact.runtime.task.RegularPactTask             - Start PACT code: FilterO (168/200)
07:16:46,414 INFO  eu.stratosphere.pact.runtime.task.DataSourceTask              - Start PACT code: Customers (162/200)
07:16:46,415 INFO  eu.stratosphere.pact.runtime.task.RegularPactTask             - Start PACT code: FilterC (162/200)
07:16:46,416 INFO  eu.stratosphere.pact.runtime.task.DataSourceTask              - Start PACT code: Customers (164/200)
07:16:46,416 INFO  eu.stratosphere.pact.runtime.task.RegularPactTask             - Start PACT code: FilterC (164/200)
07:16:46,417 INFO  eu.stratosphere.pact.runtime.task.DataSourceTask              - Start PACT code: Customers (163/200)
07:16:46,417 INFO  eu.stratosphere.pact.runtime.task.RegularPactTask             - Start PACT code: FilterC (163/200)
