13/03/07 09:15:31 INFO mapred.FileInputFormat: Total input paths to process : 32
13/03/07 09:15:31 INFO util.NativeCodeLoader: Loaded the native-hadoop library
13/03/07 09:15:31 WARN snappy.LoadSnappy: Snappy native library not loaded
13/03/07 09:15:32 INFO zlib.ZlibFactory: Successfully loaded & initialized native-zlib library
13/03/07 09:15:32 INFO compress.CodecPool: Got brand-new compressor
13/03/07 09:15:32 INFO mapred.FileInputFormat: Total input paths to process : 32
13/03/07 09:15:32 INFO mapred.JobClient: Running job: job_201303070915_0001
13/03/07 09:15:33 INFO mapred.JobClient:  map 0% reduce 0%
13/03/07 09:15:51 INFO mapred.JobClient:  map 25% reduce 0%
13/03/07 09:15:54 INFO mapred.JobClient:  map 50% reduce 0%
13/03/07 09:16:03 INFO mapred.JobClient:  map 62% reduce 0%
13/03/07 09:16:04 INFO mapred.JobClient:  map 71% reduce 0%
13/03/07 09:16:06 INFO mapred.JobClient:  map 95% reduce 2%
13/03/07 09:16:07 INFO mapred.JobClient:  map 98% reduce 3%
13/03/07 09:16:09 INFO mapred.JobClient:  map 99% reduce 6%
13/03/07 09:16:10 INFO mapred.JobClient:  map 100% reduce 8%
13/03/07 09:16:12 INFO mapred.JobClient:  map 100% reduce 9%
13/03/07 09:16:13 INFO mapred.JobClient:  map 100% reduce 14%
13/03/07 09:16:15 INFO mapred.JobClient:  map 100% reduce 15%
13/03/07 09:16:16 INFO mapred.JobClient:  map 100% reduce 18%
13/03/07 09:16:18 INFO mapred.JobClient:  map 100% reduce 19%
13/03/07 09:16:19 INFO mapred.JobClient:  map 100% reduce 21%
13/03/07 09:16:21 INFO mapred.JobClient:  map 100% reduce 22%
13/03/07 09:16:22 INFO mapred.JobClient:  map 100% reduce 25%
13/03/07 09:16:24 INFO mapred.JobClient:  map 100% reduce 26%
13/03/07 09:16:25 INFO mapred.JobClient:  map 100% reduce 28%
13/03/07 09:16:27 INFO mapred.JobClient:  map 100% reduce 29%
13/03/07 09:16:28 INFO mapred.JobClient:  map 100% reduce 31%
13/03/07 09:16:30 INFO mapred.JobClient:  map 100% reduce 36%
13/03/07 09:16:31 INFO mapred.JobClient:  map 100% reduce 42%
13/03/07 09:16:33 INFO mapred.JobClient:  map 100% reduce 47%
13/03/07 09:16:34 INFO mapred.JobClient:  map 100% reduce 57%
13/03/07 09:16:36 INFO mapred.JobClient:  map 100% reduce 58%
13/03/07 09:16:37 INFO mapred.JobClient:  map 100% reduce 70%
13/03/07 09:16:39 INFO mapred.JobClient:  map 100% reduce 71%
13/03/07 09:16:40 INFO mapred.JobClient:  map 100% reduce 79%
13/03/07 09:16:42 INFO mapred.JobClient:  map 100% reduce 81%
13/03/07 09:16:43 INFO mapred.JobClient:  map 100% reduce 86%
13/03/07 09:16:46 INFO mapred.JobClient:  map 100% reduce 90%
13/03/07 09:16:49 INFO mapred.JobClient:  map 100% reduce 94%
13/03/07 09:16:51 INFO mapred.JobClient:  map 100% reduce 95%
13/03/07 09:16:52 INFO mapred.JobClient:  map 100% reduce 97%
13/03/07 09:16:55 INFO mapred.JobClient:  map 100% reduce 98%
13/03/07 09:16:58 INFO mapred.JobClient:  map 100% reduce 99%
13/03/07 09:17:01 INFO mapred.JobClient:  map 100% reduce 100%
13/03/07 09:17:06 INFO mapred.JobClient: Job complete: job_201303070915_0001
13/03/07 09:17:06 INFO mapred.JobClient: Counters: 31
13/03/07 09:17:06 INFO mapred.JobClient:   Job Counters 
13/03/07 09:17:06 INFO mapred.JobClient:     Launched reduce tasks=8
13/03/07 09:17:06 INFO mapred.JobClient:     SLOTS_MILLIS_MAPS=637349
13/03/07 09:17:06 INFO mapred.JobClient:     Total time spent by all reduces waiting after reserving slots (ms)=0
13/03/07 09:17:06 INFO mapred.JobClient:     Total time spent by all maps waiting after reserving slots (ms)=0
13/03/07 09:17:06 INFO mapred.JobClient:     Rack-local map tasks=4
13/03/07 09:17:06 INFO mapred.JobClient:     Launched map tasks=64
13/03/07 09:17:06 INFO mapred.JobClient:     Data-local map tasks=60
13/03/07 09:17:06 INFO mapred.JobClient:     SLOTS_MILLIS_REDUCES=438276
13/03/07 09:17:06 INFO mapred.JobClient:   File Input Format Counters 
13/03/07 09:17:06 INFO mapred.JobClient:     Bytes Read=8016777248
13/03/07 09:17:06 INFO mapred.JobClient:   File Output Format Counters 
13/03/07 09:17:06 INFO mapred.JobClient:     Bytes Written=8080000000
13/03/07 09:17:06 INFO mapred.JobClient:   FileSystemCounters
13/03/07 09:17:06 INFO mapred.JobClient:     FILE_BYTES_READ=8240020448
13/03/07 09:17:06 INFO mapred.JobClient:     HDFS_BYTES_READ=8016785568
13/03/07 09:17:06 INFO mapred.JobClient:     FILE_BYTES_WRITTEN=16481635202
13/03/07 09:17:06 INFO mapred.JobClient:     HDFS_BYTES_WRITTEN=8080000000
13/03/07 09:17:06 INFO mapred.JobClient:   Map-Reduce Framework
13/03/07 09:17:06 INFO mapred.JobClient:     Map output materialized bytes=8240003072
13/03/07 09:17:06 INFO mapred.JobClient:     Map input records=80000000
13/03/07 09:17:06 INFO mapred.JobClient:     Reduce shuffle bytes=8120696167
13/03/07 09:17:06 INFO mapred.JobClient:     Spilled Records=160000000
13/03/07 09:17:06 INFO mapred.JobClient:     Map output bytes=8080000000
13/03/07 09:17:06 INFO mapred.JobClient:     Total committed heap usage (bytes)=110836121600
13/03/07 09:17:06 INFO mapred.JobClient:     CPU time spent (ms)=1205570
13/03/07 09:17:06 INFO mapred.JobClient:     Map input bytes=8000000000
13/03/07 09:17:06 INFO mapred.JobClient:     SPLIT_RAW_BYTES=8320
13/03/07 09:17:06 INFO mapred.JobClient:     Combine input records=0
13/03/07 09:17:06 INFO mapred.JobClient:     Reduce input records=80000000
13/03/07 09:17:06 INFO mapred.JobClient:     Reduce input groups=80000000
13/03/07 09:17:06 INFO mapred.JobClient:     Combine output records=0
13/03/07 09:17:06 INFO mapred.JobClient:     Physical memory (bytes) snapshot=92332064768
13/03/07 09:17:06 INFO mapred.JobClient:     Reduce output records=80000000
13/03/07 09:17:06 INFO mapred.JobClient:     Virtual memory (bytes) snapshot=142617587712
13/03/07 09:17:06 INFO mapred.JobClient:     Map output records=80000000
