13/03/07 11:33:45 INFO input.FileInputFormat: Total input paths to process : 32
13/03/07 11:33:45 INFO util.NativeCodeLoader: Loaded the native-hadoop library
13/03/07 11:33:45 WARN snappy.LoadSnappy: Snappy native library not loaded
13/03/07 11:33:46 INFO mapred.JobClient: Running job: job_201303071127_0003
13/03/07 11:33:47 INFO mapred.JobClient:  map 0% reduce 0%
13/03/07 11:34:05 INFO mapred.JobClient:  map 6% reduce 0%
13/03/07 11:34:11 INFO mapred.JobClient:  map 9% reduce 0%
13/03/07 11:34:14 INFO mapred.JobClient:  map 12% reduce 0%
13/03/07 11:34:17 INFO mapred.JobClient:  map 13% reduce 0%
13/03/07 11:34:20 INFO mapred.JobClient:  map 16% reduce 0%
13/03/07 11:34:23 INFO mapred.JobClient:  map 18% reduce 0%
13/03/07 11:34:26 INFO mapred.JobClient:  map 20% reduce 0%
13/03/07 11:34:29 INFO mapred.JobClient:  map 22% reduce 0%
13/03/07 11:34:32 INFO mapred.JobClient:  map 24% reduce 0%
13/03/07 11:34:35 INFO mapred.JobClient:  map 26% reduce 0%
13/03/07 11:34:38 INFO mapred.JobClient:  map 29% reduce 0%
13/03/07 11:34:41 INFO mapred.JobClient:  map 31% reduce 0%
13/03/07 11:34:44 INFO mapred.JobClient:  map 32% reduce 0%
13/03/07 11:34:47 INFO mapred.JobClient:  map 35% reduce 0%
13/03/07 11:34:50 INFO mapred.JobClient:  map 37% reduce 0%
13/03/07 11:34:53 INFO mapred.JobClient:  map 39% reduce 0%
13/03/07 11:34:56 INFO mapred.JobClient:  map 41% reduce 0%
13/03/07 11:34:59 INFO mapred.JobClient:  map 43% reduce 0%
13/03/07 11:35:02 INFO mapred.JobClient:  map 45% reduce 0%
13/03/07 11:35:05 INFO mapred.JobClient:  map 46% reduce 0%
13/03/07 11:35:08 INFO mapred.JobClient:  map 47% reduce 0%
13/03/07 11:35:11 INFO mapred.JobClient:  map 48% reduce 0%
13/03/07 11:35:14 INFO mapred.JobClient:  map 50% reduce 0%
13/03/07 11:35:17 INFO mapred.JobClient:  map 51% reduce 3%
13/03/07 11:35:20 INFO mapred.JobClient:  map 53% reduce 8%
13/03/07 11:35:23 INFO mapred.JobClient:  map 54% reduce 8%
13/03/07 11:35:26 INFO mapred.JobClient:  map 57% reduce 9%
13/03/07 11:35:29 INFO mapred.JobClient:  map 59% reduce 11%
13/03/07 11:35:32 INFO mapred.JobClient:  map 62% reduce 14%
13/03/07 11:35:35 INFO mapred.JobClient:  map 64% reduce 16%
13/03/07 11:35:38 INFO mapred.JobClient:  map 67% reduce 16%
13/03/07 11:35:41 INFO mapred.JobClient:  map 69% reduce 16%
13/03/07 11:35:44 INFO mapred.JobClient:  map 71% reduce 16%
13/03/07 11:35:47 INFO mapred.JobClient:  map 74% reduce 16%
13/03/07 11:35:50 INFO mapred.JobClient:  map 76% reduce 16%
13/03/07 11:35:53 INFO mapred.JobClient:  map 78% reduce 16%
13/03/07 11:35:56 INFO mapred.JobClient:  map 81% reduce 16%
13/03/07 11:35:59 INFO mapred.JobClient:  map 83% reduce 16%
13/03/07 11:36:02 INFO mapred.JobClient:  map 86% reduce 16%
13/03/07 11:36:05 INFO mapred.JobClient:  map 88% reduce 16%
13/03/07 11:36:08 INFO mapred.JobClient:  map 90% reduce 16%
13/03/07 11:36:11 INFO mapred.JobClient:  map 92% reduce 16%
13/03/07 11:36:14 INFO mapred.JobClient:  map 94% reduce 17%
13/03/07 11:36:17 INFO mapred.JobClient:  map 96% reduce 17%
13/03/07 11:36:20 INFO mapred.JobClient:  map 97% reduce 18%
13/03/07 11:36:23 INFO mapred.JobClient:  map 98% reduce 18%
13/03/07 11:36:26 INFO mapred.JobClient:  map 99% reduce 21%
13/03/07 11:36:29 INFO mapred.JobClient:  map 99% reduce 25%
13/03/07 11:36:32 INFO mapred.JobClient:  map 99% reduce 26%
13/03/07 11:36:35 INFO mapred.JobClient:  map 99% reduce 27%
13/03/07 11:36:38 INFO mapred.JobClient:  map 100% reduce 29%
13/03/07 11:36:41 INFO mapred.JobClient:  map 100% reduce 32%
13/03/07 11:36:44 INFO mapred.JobClient:  map 100% reduce 41%
13/03/07 11:36:47 INFO mapred.JobClient:  map 100% reduce 63%
13/03/07 11:36:50 INFO mapred.JobClient:  map 100% reduce 79%
13/03/07 11:36:53 INFO mapred.JobClient:  map 100% reduce 100%
13/03/07 11:36:58 INFO mapred.JobClient: Job complete: job_201303071127_0003
13/03/07 11:36:58 INFO mapred.JobClient: Counters: 29
13/03/07 11:36:58 INFO mapred.JobClient:   Job Counters 
13/03/07 11:36:58 INFO mapred.JobClient:     Launched reduce tasks=8
13/03/07 11:36:58 INFO mapred.JobClient:     SLOTS_MILLIS_MAPS=4659087
13/03/07 11:36:58 INFO mapred.JobClient:     Total time spent by all reduces waiting after reserving slots (ms)=0
13/03/07 11:36:58 INFO mapred.JobClient:     Total time spent by all maps waiting after reserving slots (ms)=0
13/03/07 11:36:58 INFO mapred.JobClient:     Launched map tasks=64
13/03/07 11:36:58 INFO mapred.JobClient:     Data-local map tasks=64
13/03/07 11:36:58 INFO mapred.JobClient:     SLOTS_MILLIS_REDUCES=808031
13/03/07 11:36:58 INFO mapred.JobClient:   File Output Format Counters 
13/03/07 11:36:58 INFO mapred.JobClient:     Bytes Written=9488706
13/03/07 11:36:58 INFO mapred.JobClient:   FileSystemCounters
13/03/07 11:36:58 INFO mapred.JobClient:     FILE_BYTES_READ=2611514024
13/03/07 11:36:58 INFO mapred.JobClient:     HDFS_BYTES_READ=8493158028
13/03/07 11:36:58 INFO mapred.JobClient:     FILE_BYTES_WRITTEN=1789517565
13/03/07 11:36:58 INFO mapred.JobClient:     HDFS_BYTES_WRITTEN=9488706
13/03/07 11:36:58 INFO mapred.JobClient:   File Input Format Counters 
13/03/07 11:36:58 INFO mapred.JobClient:     Bytes Read=8493148812
13/03/07 11:36:58 INFO mapred.JobClient:   Map-Reduce Framework
13/03/07 11:36:58 INFO mapred.JobClient:     Map output materialized bytes=317892548
13/03/07 11:36:58 INFO mapred.JobClient:     Map input records=45598876
13/03/07 11:36:58 INFO mapred.JobClient:     Reduce shuffle bytes=312944268
13/03/07 11:36:58 INFO mapred.JobClient:     Spilled Records=122383254
13/03/07 11:36:58 INFO mapred.JobClient:     Map output bytes=14601976422
13/03/07 11:36:58 INFO mapred.JobClient:     CPU time spent (ms)=5234740
13/03/07 11:36:58 INFO mapred.JobClient:     Total committed heap usage (bytes)=111132278784
13/03/07 11:36:58 INFO mapred.JobClient:     Combine input records=1614658240
13/03/07 11:36:58 INFO mapred.JobClient:     SPLIT_RAW_BYTES=9216
13/03/07 11:36:58 INFO mapred.JobClient:     Reduce input records=21462977
13/03/07 11:36:58 INFO mapred.JobClient:     Reduce input groups=784154
13/03/07 11:36:58 INFO mapred.JobClient:     Combine output records=100920277
13/03/07 11:36:58 INFO mapred.JobClient:     Physical memory (bytes) snapshot=104390066176
13/03/07 11:36:58 INFO mapred.JobClient:     Reduce output records=784154
13/03/07 11:36:58 INFO mapred.JobClient:     Virtual memory (bytes) snapshot=143334621184
13/03/07 11:36:58 INFO mapred.JobClient:     Map output records=1535200940
