13/03/07 19:06:03 INFO input.FileInputFormat: Total input paths to process : 32
13/03/07 19:06:03 INFO util.NativeCodeLoader: Loaded the native-hadoop library
13/03/07 19:06:03 WARN snappy.LoadSnappy: Snappy native library not loaded
13/03/07 19:06:03 INFO mapred.JobClient: Running job: job_201303071905_0001
13/03/07 19:06:04 INFO mapred.JobClient:  map 0% reduce 0%
13/03/07 19:06:20 INFO mapred.JobClient:  map 3% reduce 0%
13/03/07 19:06:23 INFO mapred.JobClient:  map 6% reduce 0%
13/03/07 19:06:26 INFO mapred.JobClient:  map 8% reduce 0%
13/03/07 19:06:29 INFO mapred.JobClient:  map 11% reduce 0%
13/03/07 19:06:32 INFO mapred.JobClient:  map 13% reduce 0%
13/03/07 19:06:35 INFO mapred.JobClient:  map 15% reduce 0%
13/03/07 19:06:38 INFO mapred.JobClient:  map 18% reduce 0%
13/03/07 19:06:41 INFO mapred.JobClient:  map 20% reduce 0%
13/03/07 19:06:44 INFO mapred.JobClient:  map 23% reduce 0%
13/03/07 19:06:47 INFO mapred.JobClient:  map 25% reduce 0%
13/03/07 19:06:50 INFO mapred.JobClient:  map 27% reduce 0%
13/03/07 19:06:53 INFO mapred.JobClient:  map 29% reduce 0%
13/03/07 19:06:56 INFO mapred.JobClient:  map 32% reduce 0%
13/03/07 19:06:59 INFO mapred.JobClient:  map 34% reduce 0%
13/03/07 19:07:02 INFO mapred.JobClient:  map 36% reduce 0%
13/03/07 19:07:05 INFO mapred.JobClient:  map 38% reduce 0%
13/03/07 19:07:08 INFO mapred.JobClient:  map 40% reduce 0%
13/03/07 19:07:11 INFO mapred.JobClient:  map 43% reduce 0%
13/03/07 19:07:14 INFO mapred.JobClient:  map 45% reduce 0%
13/03/07 19:07:17 INFO mapred.JobClient:  map 47% reduce 0%
13/03/07 19:07:20 INFO mapred.JobClient:  map 48% reduce 0%
13/03/07 19:07:23 INFO mapred.JobClient:  map 49% reduce 0%
13/03/07 19:07:26 INFO mapred.JobClient:  map 50% reduce 0%
13/03/07 19:07:29 INFO mapred.JobClient:  map 51% reduce 0%
13/03/07 19:07:32 INFO mapred.JobClient:  map 53% reduce 1%
13/03/07 19:07:35 INFO mapred.JobClient:  map 56% reduce 3%
13/03/07 19:07:38 INFO mapred.JobClient:  map 58% reduce 6%
13/03/07 19:07:41 INFO mapred.JobClient:  map 61% reduce 8%
13/03/07 19:07:44 INFO mapred.JobClient:  map 64% reduce 11%
13/03/07 19:07:47 INFO mapred.JobClient:  map 66% reduce 13%
13/03/07 19:07:50 INFO mapred.JobClient:  map 69% reduce 15%
13/03/07 19:07:53 INFO mapred.JobClient:  map 71% reduce 16%
13/03/07 19:07:56 INFO mapred.JobClient:  map 74% reduce 16%
13/03/07 19:07:59 INFO mapred.JobClient:  map 76% reduce 16%
13/03/07 19:08:02 INFO mapred.JobClient:  map 79% reduce 16%
13/03/07 19:08:05 INFO mapred.JobClient:  map 81% reduce 16%
13/03/07 19:08:08 INFO mapred.JobClient:  map 84% reduce 16%
13/03/07 19:08:11 INFO mapred.JobClient:  map 87% reduce 16%
13/03/07 19:08:14 INFO mapred.JobClient:  map 89% reduce 16%
13/03/07 19:08:17 INFO mapred.JobClient:  map 92% reduce 16%
13/03/07 19:08:20 INFO mapred.JobClient:  map 94% reduce 16%
13/03/07 19:08:23 INFO mapred.JobClient:  map 96% reduce 16%
13/03/07 19:08:26 INFO mapred.JobClient:  map 98% reduce 16%
13/03/07 19:08:29 INFO mapred.JobClient:  map 99% reduce 17%
13/03/07 19:08:32 INFO mapred.JobClient:  map 99% reduce 19%
13/03/07 19:08:35 INFO mapred.JobClient:  map 99% reduce 22%
13/03/07 19:08:38 INFO mapred.JobClient:  map 100% reduce 26%
13/03/07 19:08:41 INFO mapred.JobClient:  map 100% reduce 29%
13/03/07 19:08:44 INFO mapred.JobClient:  map 100% reduce 31%
13/03/07 19:08:47 INFO mapred.JobClient:  map 100% reduce 32%
13/03/07 19:08:50 INFO mapred.JobClient:  map 100% reduce 38%
13/03/07 19:08:53 INFO mapred.JobClient:  map 100% reduce 78%
13/03/07 19:08:56 INFO mapred.JobClient:  map 100% reduce 100%
13/03/07 19:09:01 INFO mapred.JobClient: Job complete: job_201303071905_0001
13/03/07 19:09:01 INFO mapred.JobClient: Counters: 30
13/03/07 19:09:01 INFO mapred.JobClient:   Job Counters 
13/03/07 19:09:01 INFO mapred.JobClient:     Launched reduce tasks=32
13/03/07 19:09:01 INFO mapred.JobClient:     SLOTS_MILLIS_MAPS=4357607
13/03/07 19:09:01 INFO mapred.JobClient:     Total time spent by all reduces waiting after reserving slots (ms)=0
13/03/07 19:09:01 INFO mapred.JobClient:     Total time spent by all maps waiting after reserving slots (ms)=0
13/03/07 19:09:01 INFO mapred.JobClient:     Rack-local map tasks=1
13/03/07 19:09:01 INFO mapred.JobClient:     Launched map tasks=64
13/03/07 19:09:01 INFO mapred.JobClient:     Data-local map tasks=63
13/03/07 19:09:01 INFO mapred.JobClient:     SLOTS_MILLIS_REDUCES=2596473
13/03/07 19:09:01 INFO mapred.JobClient:   File Output Format Counters 
13/03/07 19:09:01 INFO mapred.JobClient:     Bytes Written=9488706
13/03/07 19:09:01 INFO mapred.JobClient:   FileSystemCounters
13/03/07 19:09:01 INFO mapred.JobClient:     FILE_BYTES_READ=9039866472
13/03/07 19:09:01 INFO mapred.JobClient:     HDFS_BYTES_READ=8493158028
13/03/07 19:09:01 INFO mapred.JobClient:     FILE_BYTES_WRITTEN=1790179795
13/03/07 19:09:01 INFO mapred.JobClient:     HDFS_BYTES_WRITTEN=9488706
13/03/07 19:09:01 INFO mapred.JobClient:   File Input Format Counters 
13/03/07 19:09:01 INFO mapred.JobClient:     Bytes Read=8493148812
13/03/07 19:09:01 INFO mapred.JobClient:   Map-Reduce Framework
13/03/07 19:09:01 INFO mapred.JobClient:     Map output materialized bytes=317901764
13/03/07 19:09:01 INFO mapred.JobClient:     Map input records=45598876
13/03/07 19:09:01 INFO mapred.JobClient:     Reduce shuffle bytes=313265387
13/03/07 19:09:01 INFO mapred.JobClient:     Spilled Records=122383254
13/03/07 19:09:01 INFO mapred.JobClient:     Map output bytes=14601976422
13/03/07 19:09:01 INFO mapred.JobClient:     CPU time spent (ms)=5088770
13/03/07 19:09:01 INFO mapred.JobClient:     Total committed heap usage (bytes)=148176371712
13/03/07 19:09:01 INFO mapred.JobClient:     Combine input records=1614658240
13/03/07 19:09:01 INFO mapred.JobClient:     SPLIT_RAW_BYTES=9216
13/03/07 19:09:01 INFO mapred.JobClient:     Reduce input records=21462977
13/03/07 19:09:01 INFO mapred.JobClient:     Reduce input groups=784154
13/03/07 19:09:01 INFO mapred.JobClient:     Combine output records=100920277
13/03/07 19:09:01 INFO mapred.JobClient:     Physical memory (bytes) snapshot=113215574016
13/03/07 19:09:01 INFO mapred.JobClient:     Reduce output records=784154
13/03/07 19:09:01 INFO mapred.JobClient:     Virtual memory (bytes) snapshot=191081480192
13/03/07 19:09:01 INFO mapred.JobClient:     Map output records=1535200940
