00:18:59,628 WARN  eu.stratosphere.nephele.configuration.GlobalConfiguration     - Cannot load configuration: unknown element plugins
00:18:59,666 INFO  eu.stratosphere.nephele.taskmanager.TaskManager               - Reading location of job manager from configuration
00:18:59,676 INFO  eu.stratosphere.nephele.taskmanager.TaskManager               - Determined address of job manager to be cloud-11.dima.tu-berlin.de/130.149.21.15:6002
00:18:59,683 INFO  eu.stratosphere.nephele.taskmanager.TaskManager               - Announcing connection information cloud-19 to job manager
00:18:59,748 INFO  eu.stratosphere.nephele.ipc.Server                            - IPC Server Responder: starting
00:18:59,749 INFO  eu.stratosphere.nephele.ipc.Server                            - IPC Server listener on 6122: starting
00:18:59,750 INFO  eu.stratosphere.nephele.ipc.Server                            - IPC Server handler 0 on 6122: starting
00:19:00,867 INFO  eu.stratosphere.nephele.taskmanager.bufferprovider.GlobalBufferPool  - Initialized global buffer pool with 32768 buffers with a size 32768 bytes each
00:19:00,886 INFO  eu.stratosphere.nephele.taskmanager.bytebuffered.ByteBufferedChannelManager  - Initialized byte buffered channel manager with sender-side spilling disabled
00:19:00,895 INFO  eu.stratosphere.nephele.instance.HardwareDescriptionFactory   - Found Tenured Gen pool (max: 24051843072, used: 0)
00:19:00,896 INFO  eu.stratosphere.nephele.taskmanager.TaskManager               - Initializing memory manager with 22528 megabytes of memory
00:19:31,455 INFO  eu.stratosphere.nephele.execution.ExecutionStateTransition    - TM: ExecutionState set from STARTING to RUNNING for task Customers (9/120)
00:19:31,455 INFO  eu.stratosphere.nephele.execution.ExecutionStateTransition    - TM: ExecutionState set from STARTING to RUNNING for task Customers (11/120)
00:19:31,457 INFO  eu.stratosphere.nephele.execution.ExecutionStateTransition    - TM: ExecutionState set from STARTING to RUNNING for task Customers (16/120)
00:19:31,456 INFO  eu.stratosphere.nephele.execution.ExecutionStateTransition    - TM: ExecutionState set from STARTING to RUNNING for task Customers (15/120)
00:19:31,459 INFO  eu.stratosphere.nephele.execution.ExecutionStateTransition    - TM: ExecutionState set from STARTING to RUNNING for task Orders (14/120)
00:19:31,455 INFO  eu.stratosphere.nephele.execution.ExecutionStateTransition    - TM: ExecutionState set from STARTING to RUNNING for task Customers (10/120)
00:19:31,455 INFO  eu.stratosphere.nephele.execution.ExecutionStateTransition    - TM: ExecutionState set from STARTING to RUNNING for task Customers (13/120)
00:19:31,455 INFO  eu.stratosphere.nephele.execution.ExecutionStateTransition    - TM: ExecutionState set from STARTING to RUNNING for task Customers (14/120)
00:19:31,455 INFO  eu.stratosphere.nephele.execution.ExecutionStateTransition    - TM: ExecutionState set from STARTING to RUNNING for task Customers (12/120)
00:19:31,463 INFO  eu.stratosphere.nephele.execution.ExecutionStateTransition    - TM: ExecutionState set from STARTING to RUNNING for task LineItems (16/120)
00:19:31,462 INFO  eu.stratosphere.nephele.execution.ExecutionStateTransition    - TM: ExecutionState set from STARTING to RUNNING for task LineItems (15/120)
00:19:31,462 INFO  eu.stratosphere.pact.runtime.task.DataSourceTask              - Start PACT code: Customers (16/120)
00:19:31,462 INFO  eu.stratosphere.nephele.execution.ExecutionStateTransition    - TM: ExecutionState set from STARTING to RUNNING for task LineItems (14/120)
00:19:31,465 INFO  eu.stratosphere.pact.runtime.task.DataSourceTask              - Start PACT code: LineItems (16/120)
00:19:31,462 INFO  eu.stratosphere.nephele.execution.ExecutionStateTransition    - TM: ExecutionState set from STARTING to RUNNING for task LineItems (13/120)
00:19:31,461 INFO  eu.stratosphere.pact.runtime.task.DataSourceTask              - Start PACT code: Customers (15/120)
00:19:31,466 INFO  eu.stratosphere.pact.runtime.task.RegularPactTask             - Start PACT code: FilterC (15/120)
00:19:31,461 INFO  eu.stratosphere.nephele.execution.ExecutionStateTransition    - TM: ExecutionState set from STARTING to RUNNING for task LineItems (12/120)
00:19:31,461 INFO  eu.stratosphere.nephele.execution.ExecutionStateTransition    - TM: ExecutionState set from STARTING to RUNNING for task LineItems (11/120)
00:19:31,460 INFO  eu.stratosphere.nephele.execution.ExecutionStateTransition    - TM: ExecutionState set from STARTING to RUNNING for task LineItems (10/120)
00:19:31,460 INFO  eu.stratosphere.nephele.execution.ExecutionStateTransition    - TM: ExecutionState set from STARTING to RUNNING for task LineItems (9/120)
00:19:31,460 INFO  eu.stratosphere.nephele.execution.ExecutionStateTransition    - TM: ExecutionState set from STARTING to RUNNING for task Orders (16/120)
00:19:31,460 INFO  eu.stratosphere.pact.runtime.task.DataSourceTask              - Start PACT code: Customers (9/120)
00:19:31,459 INFO  eu.stratosphere.nephele.execution.ExecutionStateTransition    - TM: ExecutionState set from STARTING to RUNNING for task Orders (15/120)
00:19:31,459 INFO  eu.stratosphere.nephele.execution.ExecutionStateTransition    - TM: ExecutionState set from STARTING to RUNNING for task Orders (13/120)
00:19:31,458 INFO  eu.stratosphere.nephele.execution.ExecutionStateTransition    - TM: ExecutionState set from STARTING to RUNNING for task Orders (12/120)
00:19:31,458 INFO  eu.stratosphere.nephele.execution.ExecutionStateTransition    - TM: ExecutionState set from STARTING to RUNNING for task Orders (10/120)
00:19:31,458 INFO  eu.stratosphere.nephele.execution.ExecutionStateTransition    - TM: ExecutionState set from STARTING to RUNNING for task Orders (11/120)
00:19:31,457 INFO  eu.stratosphere.nephele.execution.ExecutionStateTransition    - TM: ExecutionState set from STARTING to RUNNING for task Orders (9/120)
00:19:31,473 INFO  eu.stratosphere.pact.runtime.task.DataSourceTask              - Start PACT code: Orders (14/120)
00:19:31,472 INFO  eu.stratosphere.pact.runtime.task.DataSourceTask              - Start PACT code: Customers (10/120)
00:19:31,470 INFO  eu.stratosphere.pact.runtime.task.RegularPactTask             - Start PACT code: FilterC (9/120)
00:19:31,469 INFO  eu.stratosphere.pact.runtime.task.DataSourceTask              - Start PACT code: Customers (13/120)
00:19:31,468 INFO  eu.stratosphere.pact.runtime.task.DataSourceTask              - Start PACT code: Customers (14/120)
00:19:31,466 INFO  eu.stratosphere.pact.runtime.task.DataSourceTask              - Start PACT code: Customers (12/120)
00:19:31,465 INFO  eu.stratosphere.pact.runtime.task.RegularPactTask             - Start PACT code: FilterL (16/120)
00:19:31,478 INFO  eu.stratosphere.pact.runtime.task.DataSourceTask              - Start PACT code: Orders (15/120)
00:19:31,478 INFO  eu.stratosphere.pact.runtime.task.RegularPactTask             - Start PACT code: FilterO (15/120)
00:19:31,464 INFO  eu.stratosphere.pact.runtime.task.RegularPactTask             - Start PACT code: FilterC (16/120)
00:19:31,464 INFO  eu.stratosphere.pact.runtime.task.DataSourceTask              - Start PACT code: Customers (11/120)
00:19:31,479 INFO  eu.stratosphere.pact.runtime.task.DataSourceTask              - Start PACT code: Orders (16/120)
00:19:31,477 INFO  eu.stratosphere.pact.runtime.task.RegularPactTask             - Start PACT code: FilterC (12/120)
00:19:31,477 INFO  eu.stratosphere.pact.runtime.task.RegularPactTask             - Start PACT code: FilterC (14/120)
00:19:31,476 INFO  eu.stratosphere.pact.runtime.task.RegularPactTask             - Start PACT code: FilterC (13/120)
00:19:31,476 INFO  eu.stratosphere.pact.runtime.task.DataSourceTask              - Start PACT code: Orders (13/120)
00:19:31,482 INFO  eu.stratosphere.pact.runtime.task.RegularPactTask             - Start PACT code: FilterO (13/120)
00:19:31,475 INFO  eu.stratosphere.pact.runtime.task.RegularPactTask             - Start PACT code: FilterC (10/120)
00:19:31,475 INFO  eu.stratosphere.pact.runtime.task.RegularPactTask             - Start PACT code: FilterO (14/120)
00:19:31,475 INFO  eu.stratosphere.pact.runtime.task.DataSourceTask              - Start PACT code: Orders (12/120)
00:19:31,482 INFO  eu.stratosphere.pact.runtime.task.DataSourceTask              - Start PACT code: LineItems (10/120)
00:19:31,481 INFO  eu.stratosphere.pact.runtime.task.DataSourceTask              - Start PACT code: LineItems (9/120)
00:19:31,480 INFO  eu.stratosphere.pact.runtime.task.RegularPactTask             - Start PACT code: FilterO (16/120)
00:19:31,480 INFO  eu.stratosphere.pact.runtime.task.RegularPactTask             - Start PACT code: FilterC (11/120)
00:19:31,485 INFO  eu.stratosphere.pact.runtime.task.DataSourceTask              - Start PACT code: LineItems (12/120)
00:19:31,484 INFO  eu.stratosphere.pact.runtime.task.RegularPactTask             - Start PACT code: FilterL (9/120)
00:19:31,484 INFO  eu.stratosphere.pact.runtime.task.RegularPactTask             - Start PACT code: FilterL (10/120)
00:19:31,484 INFO  eu.stratosphere.pact.runtime.task.DataSourceTask              - Start PACT code: LineItems (11/120)
00:19:31,484 INFO  eu.stratosphere.pact.runtime.task.RegularPactTask             - Start PACT code: FilterO (12/120)
00:19:31,487 INFO  eu.stratosphere.pact.runtime.task.RegularPactTask             - Start PACT code: FilterL (11/120)
00:19:31,487 INFO  eu.stratosphere.pact.runtime.task.DataSourceTask              - Start PACT code: LineItems (13/120)
00:19:31,486 INFO  eu.stratosphere.pact.runtime.task.RegularPactTask             - Start PACT code: FilterL (12/120)
00:19:31,489 INFO  eu.stratosphere.pact.runtime.task.DataSourceTask              - Start PACT code: LineItems (14/120)
00:19:31,489 INFO  eu.stratosphere.pact.runtime.task.RegularPactTask             - Start PACT code: FilterL (13/120)
00:19:31,490 INFO  eu.stratosphere.pact.runtime.task.RegularPactTask             - Start PACT code: FilterL (14/120)
00:19:31,491 INFO  eu.stratosphere.pact.runtime.task.DataSourceTask              - Start PACT code: LineItems (15/120)
00:19:31,492 INFO  eu.stratosphere.pact.runtime.task.RegularPactTask             - Start PACT code: FilterL (15/120)
00:19:31,494 INFO  eu.stratosphere.pact.runtime.task.DataSourceTask              - Start PACT code: Orders (9/120)
00:19:31,494 INFO  eu.stratosphere.pact.runtime.task.RegularPactTask             - Start PACT code: FilterO (9/120)
00:19:31,496 INFO  eu.stratosphere.pact.runtime.task.DataSourceTask              - Start PACT code: Orders (11/120)
00:19:31,497 INFO  eu.stratosphere.pact.runtime.task.RegularPactTask             - Start PACT code: FilterO (11/120)
00:19:31,499 INFO  eu.stratosphere.pact.runtime.task.DataSourceTask              - Start PACT code: Orders (10/120)
00:19:31,499 INFO  eu.stratosphere.pact.runtime.task.RegularPactTask             - Start PACT code: FilterO (10/120)
