00:43:20,315 WARN  eu.stratosphere.nephele.configuration.GlobalConfiguration     - Cannot load configuration: unknown element plugins
00:43:20,352 INFO  eu.stratosphere.nephele.taskmanager.TaskManager               - Reading location of job manager from configuration
00:43:20,362 INFO  eu.stratosphere.nephele.taskmanager.TaskManager               - Determined address of job manager to be cloud-11.dima.tu-berlin.de/130.149.21.15:6002
00:43:20,370 INFO  eu.stratosphere.nephele.taskmanager.TaskManager               - Announcing connection information cloud-16 to job manager
00:43:20,435 INFO  eu.stratosphere.nephele.ipc.Server                            - IPC Server Responder: starting
00:43:20,436 INFO  eu.stratosphere.nephele.ipc.Server                            - IPC Server listener on 6122: starting
00:43:20,436 INFO  eu.stratosphere.nephele.ipc.Server                            - IPC Server handler 0 on 6122: starting
00:43:21,547 INFO  eu.stratosphere.nephele.taskmanager.bufferprovider.GlobalBufferPool  - Initialized global buffer pool with 32768 buffers with a size 32768 bytes each
00:43:21,566 INFO  eu.stratosphere.nephele.taskmanager.bytebuffered.ByteBufferedChannelManager  - Initialized byte buffered channel manager with sender-side spilling disabled
00:43:21,575 INFO  eu.stratosphere.nephele.instance.HardwareDescriptionFactory   - Found Tenured Gen pool (max: 24051843072, used: 0)
00:43:21,576 INFO  eu.stratosphere.nephele.taskmanager.TaskManager               - Initializing memory manager with 22528 megabytes of memory
00:43:54,565 INFO  eu.stratosphere.nephele.execution.ExecutionStateTransition    - TM: ExecutionState set from STARTING to RUNNING for task LineItems (21/160)
00:43:54,567 INFO  eu.stratosphere.nephele.execution.ExecutionStateTransition    - TM: ExecutionState set from STARTING to RUNNING for task LineItems (24/160)
00:43:54,566 INFO  eu.stratosphere.nephele.execution.ExecutionStateTransition    - TM: ExecutionState set from STARTING to RUNNING for task Orders (17/160)
00:43:54,566 INFO  eu.stratosphere.nephele.execution.ExecutionStateTransition    - TM: ExecutionState set from STARTING to RUNNING for task LineItems (22/160)
00:43:54,565 INFO  eu.stratosphere.nephele.execution.ExecutionStateTransition    - TM: ExecutionState set from STARTING to RUNNING for task Customers (22/160)
00:43:54,565 INFO  eu.stratosphere.nephele.execution.ExecutionStateTransition    - TM: ExecutionState set from STARTING to RUNNING for task LineItems (17/160)
00:43:54,565 INFO  eu.stratosphere.nephele.execution.ExecutionStateTransition    - TM: ExecutionState set from STARTING to RUNNING for task Customers (19/160)
00:43:54,566 INFO  eu.stratosphere.nephele.execution.ExecutionStateTransition    - TM: ExecutionState set from STARTING to RUNNING for task LineItems (23/160)
00:43:54,565 INFO  eu.stratosphere.nephele.execution.ExecutionStateTransition    - TM: ExecutionState set from STARTING to RUNNING for task Customers (24/160)
00:43:54,565 INFO  eu.stratosphere.nephele.execution.ExecutionStateTransition    - TM: ExecutionState set from STARTING to RUNNING for task LineItems (19/160)
00:43:54,565 INFO  eu.stratosphere.nephele.execution.ExecutionStateTransition    - TM: ExecutionState set from STARTING to RUNNING for task Customers (17/160)
00:43:54,565 INFO  eu.stratosphere.nephele.execution.ExecutionStateTransition    - TM: ExecutionState set from STARTING to RUNNING for task LineItems (20/160)
00:43:54,574 INFO  eu.stratosphere.pact.runtime.task.DataSourceTask              - Start PACT code: LineItems (22/160)
00:43:54,571 INFO  eu.stratosphere.pact.runtime.task.DataSourceTask              - Start PACT code: LineItems (21/160)
00:43:54,570 INFO  eu.stratosphere.nephele.execution.ExecutionStateTransition    - TM: ExecutionState set from STARTING to RUNNING for task Orders (24/160)
00:43:54,570 INFO  eu.stratosphere.nephele.execution.ExecutionStateTransition    - TM: ExecutionState set from STARTING to RUNNING for task Orders (23/160)
00:43:54,569 INFO  eu.stratosphere.nephele.execution.ExecutionStateTransition    - TM: ExecutionState set from STARTING to RUNNING for task Orders (22/160)
00:43:54,568 INFO  eu.stratosphere.nephele.execution.ExecutionStateTransition    - TM: ExecutionState set from STARTING to RUNNING for task Orders (21/160)
00:43:54,568 INFO  eu.stratosphere.nephele.execution.ExecutionStateTransition    - TM: ExecutionState set from STARTING to RUNNING for task Orders (20/160)
00:43:54,567 INFO  eu.stratosphere.nephele.execution.ExecutionStateTransition    - TM: ExecutionState set from STARTING to RUNNING for task Customers (21/160)
00:43:54,567 INFO  eu.stratosphere.nephele.execution.ExecutionStateTransition    - TM: ExecutionState set from STARTING to RUNNING for task LineItems (18/160)
00:43:54,567 INFO  eu.stratosphere.nephele.execution.ExecutionStateTransition    - TM: ExecutionState set from STARTING to RUNNING for task Customers (20/160)
00:43:54,567 INFO  eu.stratosphere.nephele.execution.ExecutionStateTransition    - TM: ExecutionState set from STARTING to RUNNING for task Orders (19/160)
00:43:54,567 INFO  eu.stratosphere.nephele.execution.ExecutionStateTransition    - TM: ExecutionState set from STARTING to RUNNING for task Customers (18/160)
00:43:54,567 INFO  eu.stratosphere.nephele.execution.ExecutionStateTransition    - TM: ExecutionState set from STARTING to RUNNING for task Customers (23/160)
00:43:54,566 INFO  eu.stratosphere.nephele.execution.ExecutionStateTransition    - TM: ExecutionState set from STARTING to RUNNING for task Orders (18/160)
00:43:54,580 INFO  eu.stratosphere.pact.runtime.task.DataSourceTask              - Start PACT code: LineItems (24/160)
00:43:54,578 INFO  eu.stratosphere.pact.runtime.task.DataSourceTask              - Start PACT code: Orders (17/160)
00:43:54,576 INFO  eu.stratosphere.pact.runtime.task.RegularPactTask             - Start PACT code: FilterL (21/160)
00:43:54,576 INFO  eu.stratosphere.pact.runtime.task.RegularPactTask             - Start PACT code: FilterL (22/160)
00:43:54,584 INFO  eu.stratosphere.pact.runtime.task.RegularPactTask             - Start PACT code: FilterO (17/160)
00:43:54,584 INFO  eu.stratosphere.pact.runtime.task.DataSourceTask              - Start PACT code: Customers (21/160)
00:43:54,583 INFO  eu.stratosphere.pact.runtime.task.RegularPactTask             - Start PACT code: FilterL (24/160)
00:43:54,586 INFO  eu.stratosphere.pact.runtime.task.DataSourceTask              - Start PACT code: Orders (20/160)
00:43:54,586 INFO  eu.stratosphere.pact.runtime.task.RegularPactTask             - Start PACT code: FilterC (21/160)
00:43:54,587 INFO  eu.stratosphere.pact.runtime.task.RegularPactTask             - Start PACT code: FilterO (20/160)
00:43:54,589 INFO  eu.stratosphere.pact.runtime.task.DataSourceTask              - Start PACT code: Orders (21/160)
00:43:54,590 INFO  eu.stratosphere.pact.runtime.task.RegularPactTask             - Start PACT code: FilterO (21/160)
00:43:54,593 INFO  eu.stratosphere.pact.runtime.task.DataSourceTask              - Start PACT code: Orders (22/160)
00:43:54,593 INFO  eu.stratosphere.pact.runtime.task.RegularPactTask             - Start PACT code: FilterO (22/160)
00:43:54,595 INFO  eu.stratosphere.pact.runtime.task.DataSourceTask              - Start PACT code: Orders (23/160)
00:43:54,596 INFO  eu.stratosphere.pact.runtime.task.RegularPactTask             - Start PACT code: FilterO (23/160)
00:43:54,596 INFO  eu.stratosphere.pact.runtime.task.DataSourceTask              - Start PACT code: Orders (24/160)
00:43:54,597 INFO  eu.stratosphere.pact.runtime.task.RegularPactTask             - Start PACT code: FilterO (24/160)
00:43:54,599 INFO  eu.stratosphere.pact.runtime.task.DataSourceTask              - Start PACT code: LineItems (20/160)
00:43:54,600 INFO  eu.stratosphere.pact.runtime.task.RegularPactTask             - Start PACT code: FilterL (20/160)
00:43:54,601 INFO  eu.stratosphere.pact.runtime.task.DataSourceTask              - Start PACT code: Customers (17/160)
00:43:54,602 INFO  eu.stratosphere.pact.runtime.task.RegularPactTask             - Start PACT code: FilterC (17/160)
00:43:54,604 INFO  eu.stratosphere.pact.runtime.task.DataSourceTask              - Start PACT code: LineItems (19/160)
00:43:54,604 INFO  eu.stratosphere.pact.runtime.task.RegularPactTask             - Start PACT code: FilterL (19/160)
00:43:54,606 INFO  eu.stratosphere.pact.runtime.task.DataSourceTask              - Start PACT code: Customers (24/160)
00:43:54,607 INFO  eu.stratosphere.pact.runtime.task.RegularPactTask             - Start PACT code: FilterC (24/160)
00:43:54,609 INFO  eu.stratosphere.pact.runtime.task.DataSourceTask              - Start PACT code: LineItems (23/160)
00:43:54,609 INFO  eu.stratosphere.pact.runtime.task.RegularPactTask             - Start PACT code: FilterL (23/160)
00:43:54,612 INFO  eu.stratosphere.pact.runtime.task.DataSourceTask              - Start PACT code: Customers (19/160)
00:43:54,612 INFO  eu.stratosphere.pact.runtime.task.RegularPactTask             - Start PACT code: FilterC (19/160)
00:43:54,613 INFO  eu.stratosphere.pact.runtime.task.DataSourceTask              - Start PACT code: LineItems (17/160)
00:43:54,614 INFO  eu.stratosphere.pact.runtime.task.RegularPactTask             - Start PACT code: FilterL (17/160)
00:43:54,615 INFO  eu.stratosphere.pact.runtime.task.DataSourceTask              - Start PACT code: Customers (22/160)
00:43:54,616 INFO  eu.stratosphere.pact.runtime.task.RegularPactTask             - Start PACT code: FilterC (22/160)
00:43:54,617 INFO  eu.stratosphere.pact.runtime.task.DataSourceTask              - Start PACT code: Orders (18/160)
00:43:54,617 INFO  eu.stratosphere.pact.runtime.task.RegularPactTask             - Start PACT code: FilterO (18/160)
00:43:54,618 INFO  eu.stratosphere.pact.runtime.task.DataSourceTask              - Start PACT code: Customers (23/160)
00:43:54,618 INFO  eu.stratosphere.pact.runtime.task.RegularPactTask             - Start PACT code: FilterC (23/160)
00:43:54,620 INFO  eu.stratosphere.pact.runtime.task.DataSourceTask              - Start PACT code: Customers (18/160)
00:43:54,620 INFO  eu.stratosphere.pact.runtime.task.RegularPactTask             - Start PACT code: FilterC (18/160)
00:43:54,622 INFO  eu.stratosphere.pact.runtime.task.DataSourceTask              - Start PACT code: Orders (19/160)
00:43:54,622 INFO  eu.stratosphere.pact.runtime.task.RegularPactTask             - Start PACT code: FilterO (19/160)
00:43:54,625 INFO  eu.stratosphere.pact.runtime.task.DataSourceTask              - Start PACT code: Customers (20/160)
00:43:54,625 INFO  eu.stratosphere.pact.runtime.task.RegularPactTask             - Start PACT code: FilterC (20/160)
00:43:54,626 INFO  eu.stratosphere.pact.runtime.task.DataSourceTask              - Start PACT code: LineItems (18/160)
00:43:54,627 INFO  eu.stratosphere.pact.runtime.task.RegularPactTask             - Start PACT code: FilterL (18/160)
