00:43:21,613 WARN  eu.stratosphere.nephele.configuration.GlobalConfiguration     - Cannot load configuration: unknown element plugins
00:43:21,652 INFO  eu.stratosphere.nephele.taskmanager.TaskManager               - Reading location of job manager from configuration
00:43:21,662 INFO  eu.stratosphere.nephele.taskmanager.TaskManager               - Determined address of job manager to be cloud-11.dima.tu-berlin.de/130.149.21.15:6002
00:43:21,669 INFO  eu.stratosphere.nephele.taskmanager.TaskManager               - Announcing connection information cloud-22 to job manager
00:43:21,735 INFO  eu.stratosphere.nephele.ipc.Server                            - IPC Server Responder: starting
00:43:21,735 INFO  eu.stratosphere.nephele.ipc.Server                            - IPC Server listener on 6122: starting
00:43:21,736 INFO  eu.stratosphere.nephele.ipc.Server                            - IPC Server handler 0 on 6122: starting
00:43:22,867 INFO  eu.stratosphere.nephele.taskmanager.bufferprovider.GlobalBufferPool  - Initialized global buffer pool with 32768 buffers with a size 32768 bytes each
00:43:22,887 INFO  eu.stratosphere.nephele.taskmanager.bytebuffered.ByteBufferedChannelManager  - Initialized byte buffered channel manager with sender-side spilling disabled
00:43:22,896 INFO  eu.stratosphere.nephele.instance.HardwareDescriptionFactory   - Found Tenured Gen pool (max: 24051843072, used: 0)
00:43:22,897 INFO  eu.stratosphere.nephele.taskmanager.TaskManager               - Initializing memory manager with 22528 megabytes of memory
00:43:54,638 INFO  eu.stratosphere.nephele.execution.ExecutionStateTransition    - TM: ExecutionState set from STARTING to RUNNING for task LineItems (106/160)
00:43:54,641 INFO  eu.stratosphere.nephele.execution.ExecutionStateTransition    - TM: ExecutionState set from STARTING to RUNNING for task LineItems (111/160)
00:43:54,641 INFO  eu.stratosphere.nephele.execution.ExecutionStateTransition    - TM: ExecutionState set from STARTING to RUNNING for task LineItems (112/160)
00:43:54,638 INFO  eu.stratosphere.nephele.execution.ExecutionStateTransition    - TM: ExecutionState set from STARTING to RUNNING for task Customers (107/160)
00:43:54,640 INFO  eu.stratosphere.nephele.execution.ExecutionStateTransition    - TM: ExecutionState set from STARTING to RUNNING for task LineItems (110/160)
00:43:54,638 INFO  eu.stratosphere.nephele.execution.ExecutionStateTransition    - TM: ExecutionState set from STARTING to RUNNING for task LineItems (107/160)
00:43:54,638 INFO  eu.stratosphere.nephele.execution.ExecutionStateTransition    - TM: ExecutionState set from STARTING to RUNNING for task Customers (109/160)
00:43:54,638 INFO  eu.stratosphere.nephele.execution.ExecutionStateTransition    - TM: ExecutionState set from STARTING to RUNNING for task Customers (108/160)
00:43:54,638 INFO  eu.stratosphere.nephele.execution.ExecutionStateTransition    - TM: ExecutionState set from STARTING to RUNNING for task Customers (110/160)
00:43:54,638 INFO  eu.stratosphere.nephele.execution.ExecutionStateTransition    - TM: ExecutionState set from STARTING to RUNNING for task Customers (112/160)
00:43:54,640 INFO  eu.stratosphere.nephele.execution.ExecutionStateTransition    - TM: ExecutionState set from STARTING to RUNNING for task LineItems (109/160)
00:43:54,638 INFO  eu.stratosphere.nephele.execution.ExecutionStateTransition    - TM: ExecutionState set from STARTING to RUNNING for task LineItems (105/160)
00:43:54,638 INFO  eu.stratosphere.nephele.execution.ExecutionStateTransition    - TM: ExecutionState set from STARTING to RUNNING for task Customers (105/160)
00:43:54,638 INFO  eu.stratosphere.nephele.execution.ExecutionStateTransition    - TM: ExecutionState set from STARTING to RUNNING for task Customers (106/160)
00:43:54,638 INFO  eu.stratosphere.nephele.execution.ExecutionStateTransition    - TM: ExecutionState set from STARTING to RUNNING for task Customers (111/160)
00:43:54,639 INFO  eu.stratosphere.nephele.execution.ExecutionStateTransition    - TM: ExecutionState set from STARTING to RUNNING for task LineItems (108/160)
00:43:54,652 INFO  eu.stratosphere.pact.runtime.task.DataSourceTask              - Start PACT code: LineItems (110/160)
00:43:54,651 INFO  eu.stratosphere.pact.runtime.task.DataSourceTask              - Start PACT code: LineItems (107/160)
00:43:54,649 INFO  eu.stratosphere.pact.runtime.task.DataSourceTask              - Start PACT code: Customers (109/160)
00:43:54,647 INFO  eu.stratosphere.pact.runtime.task.DataSourceTask              - Start PACT code: Customers (107/160)
00:43:54,645 INFO  eu.stratosphere.pact.runtime.task.DataSourceTask              - Start PACT code: LineItems (106/160)
00:43:54,644 INFO  eu.stratosphere.nephele.execution.ExecutionStateTransition    - TM: ExecutionState set from STARTING to RUNNING for task Orders (112/160)
00:43:54,643 INFO  eu.stratosphere.nephele.execution.ExecutionStateTransition    - TM: ExecutionState set from STARTING to RUNNING for task Orders (111/160)
00:43:54,643 INFO  eu.stratosphere.nephele.execution.ExecutionStateTransition    - TM: ExecutionState set from STARTING to RUNNING for task Orders (110/160)
00:43:54,643 INFO  eu.stratosphere.nephele.execution.ExecutionStateTransition    - TM: ExecutionState set from STARTING to RUNNING for task Orders (109/160)
00:43:54,642 INFO  eu.stratosphere.nephele.execution.ExecutionStateTransition    - TM: ExecutionState set from STARTING to RUNNING for task Orders (108/160)
00:43:54,642 INFO  eu.stratosphere.nephele.execution.ExecutionStateTransition    - TM: ExecutionState set from STARTING to RUNNING for task Orders (107/160)
00:43:54,641 INFO  eu.stratosphere.nephele.execution.ExecutionStateTransition    - TM: ExecutionState set from STARTING to RUNNING for task Orders (106/160)
00:43:54,641 INFO  eu.stratosphere.nephele.execution.ExecutionStateTransition    - TM: ExecutionState set from STARTING to RUNNING for task Orders (105/160)
00:43:54,659 INFO  eu.stratosphere.pact.runtime.task.DataSourceTask              - Start PACT code: Customers (111/160)
00:43:54,657 INFO  eu.stratosphere.pact.runtime.task.DataSourceTask              - Start PACT code: LineItems (108/160)
00:43:54,656 INFO  eu.stratosphere.pact.runtime.task.RegularPactTask             - Start PACT code: FilterL (106/160)
00:43:54,656 INFO  eu.stratosphere.pact.runtime.task.DataSourceTask              - Start PACT code: LineItems (111/160)
00:43:54,656 INFO  eu.stratosphere.pact.runtime.task.RegularPactTask             - Start PACT code: FilterC (107/160)
00:43:54,655 INFO  eu.stratosphere.pact.runtime.task.RegularPactTask             - Start PACT code: FilterC (109/160)
00:43:54,655 INFO  eu.stratosphere.pact.runtime.task.RegularPactTask             - Start PACT code: FilterL (107/160)
00:43:54,654 INFO  eu.stratosphere.pact.runtime.task.RegularPactTask             - Start PACT code: FilterL (110/160)
00:43:54,654 INFO  eu.stratosphere.pact.runtime.task.DataSourceTask              - Start PACT code: LineItems (112/160)
00:43:54,664 INFO  eu.stratosphere.pact.runtime.task.DataSourceTask              - Start PACT code: LineItems (105/160)
00:43:54,663 INFO  eu.stratosphere.pact.runtime.task.RegularPactTask             - Start PACT code: FilterL (111/160)
00:43:54,663 INFO  eu.stratosphere.pact.runtime.task.DataSourceTask              - Start PACT code: Customers (105/160)
00:43:54,668 INFO  eu.stratosphere.pact.runtime.task.DataSourceTask              - Start PACT code: Customers (112/160)
00:43:54,662 INFO  eu.stratosphere.pact.runtime.task.RegularPactTask             - Start PACT code: FilterL (108/160)
00:43:54,661 INFO  eu.stratosphere.pact.runtime.task.RegularPactTask             - Start PACT code: FilterC (111/160)
00:43:54,661 INFO  eu.stratosphere.pact.runtime.task.DataSourceTask              - Start PACT code: Customers (106/160)
00:43:54,670 INFO  eu.stratosphere.pact.runtime.task.DataSourceTask              - Start PACT code: Customers (110/160)
00:43:54,668 INFO  eu.stratosphere.pact.runtime.task.RegularPactTask             - Start PACT code: FilterC (112/160)
00:43:54,668 INFO  eu.stratosphere.pact.runtime.task.RegularPactTask             - Start PACT code: FilterC (105/160)
00:43:54,666 INFO  eu.stratosphere.pact.runtime.task.RegularPactTask             - Start PACT code: FilterL (105/160)
00:43:54,666 INFO  eu.stratosphere.pact.runtime.task.DataSourceTask              - Start PACT code: LineItems (109/160)
00:43:54,665 INFO  eu.stratosphere.pact.runtime.task.RegularPactTask             - Start PACT code: FilterL (112/160)
00:43:54,672 INFO  eu.stratosphere.pact.runtime.task.DataSourceTask              - Start PACT code: Orders (105/160)
00:43:54,672 INFO  eu.stratosphere.pact.runtime.task.RegularPactTask             - Start PACT code: FilterL (109/160)
00:43:54,671 INFO  eu.stratosphere.pact.runtime.task.DataSourceTask              - Start PACT code: Customers (108/160)
00:43:54,671 INFO  eu.stratosphere.pact.runtime.task.RegularPactTask             - Start PACT code: FilterC (110/160)
00:43:54,670 INFO  eu.stratosphere.pact.runtime.task.RegularPactTask             - Start PACT code: FilterC (106/160)
00:43:54,675 INFO  eu.stratosphere.pact.runtime.task.RegularPactTask             - Start PACT code: FilterC (108/160)
00:43:54,675 INFO  eu.stratosphere.pact.runtime.task.DataSourceTask              - Start PACT code: Orders (106/160)
00:43:54,673 INFO  eu.stratosphere.pact.runtime.task.RegularPactTask             - Start PACT code: FilterO (105/160)
00:43:54,677 INFO  eu.stratosphere.pact.runtime.task.RegularPactTask             - Start PACT code: FilterO (106/160)
00:43:54,676 INFO  eu.stratosphere.pact.runtime.task.DataSourceTask              - Start PACT code: Orders (107/160)
00:43:54,681 INFO  eu.stratosphere.pact.runtime.task.DataSourceTask              - Start PACT code: Orders (108/160)
00:43:54,684 INFO  eu.stratosphere.pact.runtime.task.DataSourceTask              - Start PACT code: Orders (109/160)
00:43:54,683 INFO  eu.stratosphere.pact.runtime.task.RegularPactTask             - Start PACT code: FilterO (107/160)
00:43:54,684 INFO  eu.stratosphere.pact.runtime.task.RegularPactTask             - Start PACT code: FilterO (109/160)
00:43:54,684 INFO  eu.stratosphere.pact.runtime.task.RegularPactTask             - Start PACT code: FilterO (108/160)
00:43:54,686 INFO  eu.stratosphere.pact.runtime.task.DataSourceTask              - Start PACT code: Orders (110/160)
00:43:54,686 INFO  eu.stratosphere.pact.runtime.task.RegularPactTask             - Start PACT code: FilterO (110/160)
00:43:54,688 INFO  eu.stratosphere.pact.runtime.task.DataSourceTask              - Start PACT code: Orders (111/160)
00:43:54,688 INFO  eu.stratosphere.pact.runtime.task.RegularPactTask             - Start PACT code: FilterO (111/160)
00:43:54,689 INFO  eu.stratosphere.pact.runtime.task.DataSourceTask              - Start PACT code: Orders (112/160)
00:43:54,690 INFO  eu.stratosphere.pact.runtime.task.RegularPactTask             - Start PACT code: FilterO (112/160)
